ChangeLogFile: FirstWrite=1, CurrentLine=0/65536 LastTime=1900-1-0 0:0:0
20200211-170657<INFO :0xf7447700>: [KG_Goddess] Loading KG_Goddess.ini
20200211-170657<INFO :0xf7447700>: [verify_up2date]...
20200211-170657<INFO :0xf7447700>: >Current lang is [gb18030]
20200211-170657<INFO :0xf7447700>: >Welcome to use [verify_up2date](version: 2.3.4 [2018-02-25]) tool. 
20200211-170657<INFO :0xf7447700>: >Time duration: 6.899046ms 
20200211-170657<INFO :0xf7447700>: >
20200211-170657<INFO :0xf7447700>: >Finish, my exit code is: 0
20200211-170657<INFO :0xf7447700>: |shell cmd result is 0
20200211-170657<INFO :0xf7447700>: ExecShellCmd [./verify_up2date -op=vef -d="." ] ret=0
20200211-170657<INFO :0xf7447700>: [verify_up2date] ok
20200211-170657<INFO :0xf7447700>: [Goddess][Version:Aug 22 2014 15:43:09] Begin to start ... ...
20200211-170657<INFO :0xf7447700>: [KG_Goddess] Set log level ... ... KGLOG_UPTO(KGLOG_DEBUG)
20200211-170657<INFO :0xf7447700>: [KG_Goddess] Loaded KG_Angel, version 2.5
20200211-170657<INFO :0xf7447700>: [KG_Goddess] Initializing role database ...
20200211-170657<INFO :0xf7447700>: [KGD] Mysql info: client[5.1.69] host[Localhost via UNIX socket] server[5.5.64-MariaDB]
20200211-170657<DEBUG:0xf7447700>: [KGD] Success connect to localhost:3306, character set switch to latin1
20200211-170657<DEBUG:0xf7447700>: [KGD] KGD_PROCESS_ERROR(nRetCode, KGD_ERROR_NOT_SUPPORT), at line 1467 in (0x0x847cff0)->_LoadTable()
20200211-170657<DEBUG:0xf7447700>: [KGD] (0x0x847cff0)->_LoadTable("fightteam")
20200211-170657<DEBUG:0xf7447700>: [KGD] KGD_PROCESS_ERROR(nRetCode, KGD_ERROR_NOT_SUPPORT), at line 1467 in (0x0x847cff0)->_LoadTable()
20200211-170657<DEBUG:0xf7447700>: [KGD] (0x0x847cff0)->_LoadTable("playerfightteam")
20200211-170657<INFO :0xf7447700>: [KG_Goddess] Initializing role statistic ...
20200211-170657<INFO :0xf7447700>: [RoleStatistic] listen 127.0.0.1 : 6001 result=1
20200211-170657<INFO :0xf7447700>: [RoleStatistic] Listening at 127.0.0.1:6001
20200211-170657<INFO :0xf7447700>: [KG_Goddess] Initializing server manager ...
20200211-170657<INFO :0xf7447700>: [ServerManager] Listening at 127.0.0.1:5001
20200211-170657<INFO :0xf7447700>: [KG_Goddess] Started successful
20200211-170701<INFO :0xf67bbb40>: [ServerManager] RemoteServer from (127.0.0.1:38517) connect ok
20200211-170701<INFO :0xf67bbb40>: [ServerManager] Accept from (127.0.0.1:38517) SocketStream = 0xf5e00528
20200211-170701<INFO :0xf67bbb40>: [[Group 1 Server 00]] Server 0 created ok!
20200211-170701<INFO :0xf5dffb40>: [Group 1 Server 00] Started, service for 127.0.0.1:38517
20200211-170701<INFO :0xf5dffb40>: [KGD] Mysql info: client[5.1.69] host[Localhost via UNIX socket] server[5.5.64-MariaDB]
20200211-170701<DEBUG:0xf5dffb40>: [KGD] KGD_PROCESS_ERROR(nRetCode, KGD_ERROR_NOT_SUPPORT), at line 1467 in (0x0xf5400470)->_LoadTable()
20200211-170701<DEBUG:0xf5dffb40>: [KGD] (0x0xf5400470)->_LoadTable("fightteam")
20200211-170701<DEBUG:0xf5dffb40>: [KGD] KGD_PROCESS_ERROR(nRetCode, KGD_ERROR_NOT_SUPPORT), at line 1467 in (0x0xf5400470)->_LoadTable()
20200211-170701<DEBUG:0xf5dffb40>: [KGD] (0x0xf5400470)->_LoadTable("playerfightteam")
20200211-170701<DEBUG:0xf5dffb40>: [KGD] Success connect to localhost:3306, character set switch to latin1
20200211-170721<DEBUG:0xf5dffb40>: [Group 1 Server 00] Enter _ping(time=172230)
20200211-170737<INFO :0xf67bbb40>: [ServerManager] RemoteServer from (127.0.0.1:52815) connect ok
20200211-170737<INFO :0xf67bbb40>: [ServerManager] Accept from (127.0.0.1:52815) SocketStream = 0xf5e00a30
20200211-170737<INFO :0xf67bbb40>: [[Group 1 Server 01]] Server 1 created ok!
20200211-170737<INFO :0xf53ffb40>: [Group 1 Server 01] Started, service for 127.0.0.1:52815
20200211-170737<INFO :0xf53ffb40>: [KGD] Mysql info: client[5.1.69] host[Localhost via UNIX socket] server[5.5.64-MariaDB]
20200211-170737<DEBUG:0xf53ffb40>: [KGD] KGD_PROCESS_ERROR(nRetCode, KGD_ERROR_NOT_SUPPORT), at line 1467 in (0x0xf4a00470)->_LoadTable()
20200211-170737<DEBUG:0xf53ffb40>: [KGD] (0x0xf4a00470)->_LoadTable("fightteam")
20200211-170737<DEBUG:0xf53ffb40>: [KGD] KGD_PROCESS_ERROR(nRetCode, KGD_ERROR_NOT_SUPPORT), at line 1467 in (0x0xf4a00470)->_LoadTable()
20200211-170737<DEBUG:0xf53ffb40>: [KGD] (0x0xf4a00470)->_LoadTable("playerfightteam")
20200211-170737<DEBUG:0xf53ffb40>: [KGD] Success connect to localhost:3306, character set switch to latin1
20200211-170737<INFO :0xf53ffb40>: [verify_up2date] GetUp2dateVersion: code=8DA68FCD
20200211-170737<DEBUG:0xf53ffb40>: [Group 1 Server 01] Enter _query_statistic_info()
20200211-170737<DEBUG:0xf53ffb40>: KGLOG_PROCESS_ERROR(piStatistic) at line 2088 in _query_statistic_info
20200211-170737<DEBUG:0xf53ffb40>: [Group 1 Server 01] Leave _query_statistic_info() size =0 ret=0
20200211-170740<DEBUG:0xf5dffb40>: [Group 1 Server 00] Enter _ping(time=192276)
20200211-170800<DEBUG:0xf5dffb40>: [Group 1 Server 00] Enter _ping(time=212277)
20200211-170807<DEBUG:0xf53ffb40>: [Group 1 Server 01] Enter _ping(time=219088)
20200211-170821<DEBUG:0xf5dffb40>: [Group 1 Server 00] Enter _ping(time=232309)
20200211-170837<DEBUG:0xf53ffb40>: [Group 1 Server 01] Enter _ping(time=249003)
20200211-170841<DEBUG:0xf5dffb40>: [Group 1 Server 00] Enter _ping(time=252330)
20200211-170901<DEBUG:0xf5dffb40>: [Group 1 Server 00] Enter _ping(time=272341)
20200211-170907<DEBUG:0xf53ffb40>: [Group 1 Server 01] Enter _ping(time=279056)
20200211-170921<DEBUG:0xf5dffb40>: [Group 1 Server 00] Enter _ping(time=292393)
20200211-170937<DEBUG:0xf53ffb40>: [Group 1 Server 01] Enter _ping(time=309104)
20200211-170941<DEBUG:0xf5dffb40>: [Group 1 Server 00] Enter _ping(time=312390)
20200211-171001<DEBUG:0xf5dffb40>: [Group 1 Server 00] Enter _ping(time=332422)
20200211-171008<DEBUG:0xf53ffb40>: [Group 1 Server 01] Enter _ping(time=339120)
20200211-171021<DEBUG:0xf5dffb40>: [Group 1 Server 00] Enter _ping(time=352444)
20200211-171038<DEBUG:0xf53ffb40>: [Group 1 Server 01] Enter _ping(time=369074)
20200211-171041<DEBUG:0xf5dffb40>: [Group 1 Server 00] Enter _ping(time=372443)
20200211-171101<DEBUG:0xf5dffb40>: [Group 1 Server 00] Enter _ping(time=392496)
20200211-171108<DEBUG:0xf53ffb40>: [Group 1 Server 01] Enter _ping(time=399057)
20200211-171121<DEBUG:0xf5dffb40>: [Group 1 Server 00] Enter _ping(time=412508)
20200211-171138<DEBUG:0xf53ffb40>: [Group 1 Server 01] Enter _ping(time=429089)
20200211-171141<DEBUG:0xf5dffb40>: [Group 1 Server 00] Enter _ping(time=432534)
20200211-171201<DEBUG:0xf5dffb40>: [Group 1 Server 00] Enter _ping(time=452553)
20200211-171208<DEBUG:0xf53ffb40>: [Group 1 Server 01] Enter _ping(time=459105)
20200211-171221<DEBUG:0xf5dffb40>: [Group 1 Server 00] Enter _ping(time=472566)
20200211-171238<DEBUG:0xf53ffb40>: [Group 1 Server 01] Enter _ping(time=489116)
20200211-171241<DEBUG:0xf5dffb40>: [Group 1 Server 00] Enter _ping(time=492575)
20200211-171301<DEBUG:0xf5dffb40>: [Group 1 Server 00] Enter _ping(time=512581)
20200211-171308<DEBUG:0xf53ffb40>: [Group 1 Server 01] Enter _ping(time=519136)
20200211-171321<DEBUG:0xf5dffb40>: [Group 1 Server 00] Enter _ping(time=532615)
20200211-171338<DEBUG:0xf53ffb40>: [Group 1 Server 01] Enter _ping(time=549187)
20200211-171341<DEBUG:0xf5dffb40>: [Group 1 Server 00] Enter _ping(time=552657)
20200211-171401<DEBUG:0xf5dffb40>: [Group 1 Server 00] Enter _ping(time=572699)
20200211-171408<DEBUG:0xf53ffb40>: [Group 1 Server 01] Enter _ping(time=579235)
20200211-171421<DEBUG:0xf5dffb40>: [Group 1 Server 00] Enter _ping(time=592713)
20200211-171438<DEBUG:0xf53ffb40>: [Group 1 Server 01] Enter _ping(time=609416)
20200211-171441<DEBUG:0xf5dffb40>: [Group 1 Server 00] Enter _ping(time=612756)
20200211-171501<DEBUG:0xf5dffb40>: [Group 1 Server 00] Enter _ping(time=632807)
20200211-171508<DEBUG:0xf53ffb40>: [Group 1 Server 01] Enter _ping(time=639462)
