ChangeLogFile: FirstWrite=1, CurrentLine=0/65536 LastTime=1900-1-0 0:0:0
20200209-004951<INFO :0xf73be700>: [KG_Angel][Version:Oct 31 2014 15:04:45] begin initial...
20200209-004951<INFO :0xf73be700>: Data OK! Current max Service ID is: 2318756
20200209-005157<INFO :0xf53ffb40>: [CheckCRC] CheckRoleData an1.zzzzzzzz dwCRC=DDD1C75E/DDD1C75E nResult=1
20200209-005213<INFO :0xf5dffb40>: [PlayerCreator] Created role aNgaMi, ServerID=2318756
20200209-005234<INFO :0xf5dffb40>: [PlayerCreator] Created role Trangaaa, ServerID=2318757
20200209-005253<INFO :0xf53ffb40>: [CheckCRC] CheckRoleData an1.aNgaMi dwCRC=9E56D01E/9E56D01E nResult=1
20200209-005329<INFO :0xf53ffb40>: [CheckCRC] CheckRoleData an3.Trangaaa dwCRC=66D5ECA9/66D5ECA9 nResult=1
20200209-005345<INFO :0xf53ffb40>: [CheckCRC] CheckRoleData an3.Trangaaa dwCRC=936319E8/936319E8 nResult=1
20200209-005419<INFO :0xf53ffb40>: [CheckCRC] CheckRoleData an3.Trangaaa dwCRC=40980B54/40980B54 nResult=1
20200209-010023<INFO :0xf53ffb40>: [CheckCRC] CheckRoleData an3.Trangaaa dwCRC=ECCCCC2E/ECCCCC2E nResult=1
20200209-010023<INFO :0xf53ffb40>: [CheckCRC] CheckRoleData an3.Trangaaa dwCRC=70F5B318/70F5B318 nResult=1
20200209-010024<INFO :0xf53ffb40>: [CheckCRC] CheckRoleData an3.Trangaaa dwCRC=29A1A850/29A1A850 nResult=1
20200209-010024<INFO :0xf53ffb40>: [CheckCRC] CheckRoleData an3.Trangaaa dwCRC=421BABA4/421BABA4 nResult=1
20200209-010024<INFO :0xf53ffb40>: [CheckCRC] CheckRoleData an3.Trangaaa dwCRC=1D969C14/1D969C14 nResult=1
20200209-010025<INFO :0xf53ffb40>: [CheckCRC] CheckRoleData an3.Trangaaa dwCRC=1DF289E5/1DF289E5 nResult=1
20200209-010025<INFO :0xf53ffb40>: [CheckCRC] CheckRoleData an3.Trangaaa dwCRC=B010B435/B010B435 nResult=1
20200209-010026<INFO :0xf53ffb40>: [CheckCRC] CheckRoleData an3.Trangaaa dwCRC=1C6A1656/1C6A1656 nResult=1
20200209-010026<INFO :0xf53ffb40>: [CheckCRC] CheckRoleData an3.Trangaaa dwCRC=C32F91F1/C32F91F1 nResult=1
20200209-010026<INFO :0xf53ffb40>: [CheckCRC] CheckRoleData an3.Trangaaa dwCRC=4114D73B/4114D73B nResult=1
20200209-010027<INFO :0xf53ffb40>: [CheckCRC] CheckRoleData an3.Trangaaa dwCRC=631E3B7E/631E3B7E nResult=1
20200209-010027<INFO :0xf53ffb40>: [CheckCRC] CheckRoleData an3.Trangaaa dwCRC=14FB728C/14FB728C nResult=1
20200209-010028<INFO :0xf53ffb40>: [CheckCRC] CheckRoleData an3.Trangaaa dwCRC=3B939BE1/3B939BE1 nResult=1
20200209-010028<INFO :0xf53ffb40>: [CheckCRC] CheckRoleData an3.Trangaaa dwCRC=FF87848D/FF87848D nResult=1
20200209-010029<INFO :0xf53ffb40>: [CheckCRC] CheckRoleData an3.Trangaaa dwCRC=ED3A929B/ED3A929B nResult=1
20200209-010029<INFO :0xf53ffb40>: [CheckCRC] CheckRoleData an3.Trangaaa dwCRC=94A31F32/94A31F32 nResult=1
20200209-010603<INFO :0xf53ffb40>: [CheckCRC] CheckRoleData an.ioNaruto dwCRC=0F7800A6/0F7800A6 nResult=1
20200209-010834<INFO :0xf53ffb40>: [CheckCRC] CheckRoleData an1.aNgaMi dwCRC=232154AD/232154AD nResult=1
20200209-011529<INFO :0xf53ffb40>: [CheckCRC] CheckRoleData an3.Trangaaa dwCRC=CBC6E389/CBC6E389 nResult=1
20200209-012103<INFO :0xf53ffb40>: [CheckCRC] CheckRoleData an.ioNaruto dwCRC=9C536996/9C536996 nResult=1
20200209-012334<INFO :0xf53ffb40>: [CheckCRC] CheckRoleData an1.aNgaMi dwCRC=42C885AE/42C885AE nResult=1
20200209-013029<INFO :0xf53ffb40>: [CheckCRC] CheckRoleData an3.Trangaaa dwCRC=9D1575D1/9D1575D1 nResult=1
20200209-013603<INFO :0xf53ffb40>: [CheckCRC] CheckRoleData an.ioNaruto dwCRC=D3E8110E/D3E8110E nResult=1
20200209-013834<INFO :0xf53ffb40>: [CheckCRC] CheckRoleData an1.aNgaMi dwCRC=5FD592F4/5FD592F4 nResult=1
20200209-014529<INFO :0xf53ffb40>: [CheckCRC] CheckRoleData an3.Trangaaa dwCRC=9B6DDA02/9B6DDA02 nResult=1
20200209-014538<INFO :0xf53ffb40>: [CheckCRC] CheckRoleData an1.aNgaMi dwCRC=C73428A0/C73428A0 nResult=1
20200209-014629<INFO :0xf5dffb40>: [PlayerCreator] Created role DGCnee, ServerID=2318758
20200209-014653<INFO :0xf53ffb40>: [CheckCRC] CheckRoleData an4.DGCnee dwCRC=E7952C59/E7952C59 nResult=1
20200209-015102<INFO :0xf53ffb40>: [CheckCRC] CheckRoleData an.ioNaruto dwCRC=FEC25B95/FEC25B95 nResult=1
20200209-015751<INFO :0xf53ffb40>: [CheckCRC] CheckRoleData an4.DGCnee dwCRC=7CA2440A/7CA2440A nResult=1
20200209-015752<INFO :0xf53ffb40>: [CheckCRC] CheckRoleData an4.DGCnee dwCRC=2710EA33/2710EA33 nResult=1
20200209-020028<INFO :0xf53ffb40>: [CheckCRC] CheckRoleData an3.Trangaaa dwCRC=A9CBDB10/A9CBDB10 nResult=1
20200209-020118<INFO :0xf53ffb40>: [CheckCRC] CheckRoleData an4.DGCnee dwCRC=07A055C1/07A055C1 nResult=1
20200209-020118<INFO :0xf53ffb40>: [CheckCRC] CheckRoleData an3.Trangaaa dwCRC=A601640A/A601640A nResult=1
20200209-020118<INFO :0xf53ffb40>: [CheckCRC] CheckRoleData an.ioNaruto dwCRC=F5595390/F5595390 nResult=1
