ChangeLogFile: FirstWrite=1, CurrentLine=0/65536 LastTime=1900-1-0 0:0:0
20200104-130333<INFO :0xf7448700>: [verify_up2date]...
20200104-130333<INFO :0xf7448700>: >Current lang is [gb18030]
20200104-130333<INFO :0xf7448700>: >Welcome to use [verify_up2date](version: 2.3.4 [2018-02-25]) tool. 
20200104-130333<INFO :0xf7448700>: >Time duration: 9.596717ms 
20200104-130333<INFO :0xf7448700>: >
20200104-130333<INFO :0xf7448700>: >Finish, my exit code is: 0
20200104-130333<INFO :0xf7448700>: |shell cmd result is 0
20200104-130333<INFO :0xf7448700>: ExecShellCmd [./verify_up2date -op=vef -d="/home/server/gw/Relay" ] ret=0
20200104-130333<INFO :0xf7448700>: [verify_up2date] ok
20200104-130333<INFO :0xf7448700>: [Relay][Version:Nov 14 2014 15:55:12] Begin to start ... ...
20200104-130333<INFO :0xf7448700>: [KG_Relay] Set log level ... ... KGLOG_UPTO(KGLOG_DEBUG)
20200104-130333<INFO :0xf7448700>: [KG_Relay] Loading relay.ini
20200104-130333<INFO :0xf7448700>: Run without GMC!
20200104-130333<INFO :0xf7448700>: [KGD] Mysql info: client[5.1.69] host[Localhost via UNIX socket] server[5.5.64-MariaDB]
20200104-130333<DEBUG:0xf7448700>: [KGD] Success connect to localhost:3306, character set switch to latin1
20200104-130333<INFO :0xf7448700>: [KGD] Mysql info: client[5.1.69] host[Localhost via UNIX socket] server[5.5.64-MariaDB]
20200104-130333<DEBUG:0xf7448700>: [KGD] KGD_PROCESS_ERROR(nRetCode, KGD_ERROR_NOT_SUPPORT), at line 1467 in (0x0x96dcb18)->_LoadTable()
20200104-130333<DEBUG:0xf7448700>: [KGD] (0x0x96dcb18)->_LoadTable("fightteam")
20200104-130333<DEBUG:0xf7448700>: [KGD] KGD_PROCESS_ERROR(nRetCode, KGD_ERROR_NOT_SUPPORT), at line 1467 in (0x0x96dcb18)->_LoadTable()
20200104-130333<DEBUG:0xf7448700>: [KGD] (0x0x96dcb18)->_LoadTable("playerfightteam")
20200104-130333<DEBUG:0xf7448700>: [KGD] Success connect to localhost:3306, character set switch to latin1
20200104-130333<INFO :0xf7448700>: [KGD] Mysql info: client[5.1.69] host[Localhost via UNIX socket] server[5.5.64-MariaDB]
20200104-130333<INFO :0xf7116b40>: [KGD] Mysql info: client[5.1.69] host[Localhost via UNIX socket] server[5.5.64-MariaDB]
20200104-130333<DEBUG:0xf7448700>: [KGD] KGD_PROCESS_ERROR(nRetCode, KGD_ERROR_NOT_SUPPORT), at line 1467 in (0x0x970b550)->_LoadTable()
20200104-130333<DEBUG:0xf7448700>: [KGD] (0x0x970b550)->_LoadTable("fightteam")
20200104-130333<DEBUG:0xf7116b40>: [KGD] KGD_PROCESS_ERROR(nRetCode, KGD_ERROR_NOT_SUPPORT), at line 1467 in (0x0xf6800470)->_LoadTable()
20200104-130333<DEBUG:0xf7116b40>: [KGD] (0x0xf6800470)->_LoadTable("fightteam")
20200104-130333<DEBUG:0xf7448700>: [KGD] KGD_PROCESS_ERROR(nRetCode, KGD_ERROR_NOT_SUPPORT), at line 1467 in (0x0x970b550)->_LoadTable()
20200104-130333<DEBUG:0xf7448700>: [KGD] (0x0x970b550)->_LoadTable("playerfightteam")
20200104-130333<DEBUG:0xf7116b40>: [KGD] KGD_PROCESS_ERROR(nRetCode, KGD_ERROR_NOT_SUPPORT), at line 1467 in (0x0xf6800470)->_LoadTable()
20200104-130333<DEBUG:0xf7116b40>: [KGD] (0x0xf6800470)->_LoadTable("playerfightteam")
20200104-130333<DEBUG:0xf7448700>: [KGD] Success connect to localhost:3306, character set switch to latin1
20200104-130333<DEBUG:0xf7116b40>: [KGD] Success connect to localhost:3306, character set switch to latin1
20200104-130333<INFO :0xf67ffb40>: [KGD] Mysql info: client[5.1.69] host[Localhost via UNIX socket] server[5.5.64-MariaDB]
20200104-130333<INFO :0xf7448700>: [KGD] Mysql info: client[5.1.69] host[Localhost via UNIX socket] server[5.5.64-MariaDB]
20200104-130333<DEBUG:0xf7448700>: [KGD] KGD_PROCESS_ERROR(nRetCode, KGD_ERROR_NOT_SUPPORT), at line 1467 in (0x0x970a140)->_LoadTable()
20200104-130333<DEBUG:0xf7448700>: [KGD] (0x0x970a140)->_LoadTable("fightteam")
20200104-130333<DEBUG:0xf7448700>: [KGD] KGD_PROCESS_ERROR(nRetCode, KGD_ERROR_NOT_SUPPORT), at line 1467 in (0x0x970a140)->_LoadTable()
20200104-130333<DEBUG:0xf7448700>: [KGD] (0x0x970a140)->_LoadTable("playerfightteam")
20200104-130333<DEBUG:0xf7448700>: [KGD] Success connect to localhost:3306, character set switch to latin1
20200104-130333<DEBUG:0xf67ffb40>: [KGD] KGD_PROCESS_ERROR(nRetCode, KGD_ERROR_NOT_SUPPORT), at line 1467 in (0x0xf5e00470)->_LoadTable()
20200104-130333<DEBUG:0xf67ffb40>: [KGD] (0x0xf5e00470)->_LoadTable("fightteam")
20200104-130333<DEBUG:0xf67ffb40>: [KGD] KGD_PROCESS_ERROR(nRetCode, KGD_ERROR_NOT_SUPPORT), at line 1467 in (0x0xf5e00470)->_LoadTable()
20200104-130333<DEBUG:0xf67ffb40>: [KGD] (0x0xf5e00470)->_LoadTable("playerfightteam")
20200104-130333<DEBUG:0xf67ffb40>: [KGD] Success connect to localhost:3306, character set switch to latin1
20200104-130333<INFO :0xf7448700>: [KGD] Mysql info: client[5.1.69] host[Localhost via UNIX socket] server[5.5.64-MariaDB]
20200104-130333<INFO :0xf5dffb40>: [KGD] Mysql info: client[5.1.69] host[Localhost via UNIX socket] server[5.5.64-MariaDB]
20200104-130333<DEBUG:0xf7448700>: [KGD] KGD_PROCESS_ERROR(nRetCode, KGD_ERROR_NOT_SUPPORT), at line 1467 in (0x0x971e700)->_LoadTable()
20200104-130333<DEBUG:0xf7448700>: [KGD] (0x0x971e700)->_LoadTable("fightteam")
20200104-130333<DEBUG:0xf5dffb40>: [KGD] KGD_PROCESS_ERROR(nRetCode, KGD_ERROR_NOT_SUPPORT), at line 1467 in (0x0xf5400470)->_LoadTable()
20200104-130333<DEBUG:0xf5dffb40>: [KGD] (0x0xf5400470)->_LoadTable("fightteam")
20200104-130333<DEBUG:0xf7448700>: [KGD] KGD_PROCESS_ERROR(nRetCode, KGD_ERROR_NOT_SUPPORT), at line 1467 in (0x0x971e700)->_LoadTable()
20200104-130333<DEBUG:0xf7448700>: [KGD] (0x0x971e700)->_LoadTable("playerfightteam")
20200104-130333<DEBUG:0xf5dffb40>: [KGD] KGD_PROCESS_ERROR(nRetCode, KGD_ERROR_NOT_SUPPORT), at line 1467 in (0x0xf5400470)->_LoadTable()
20200104-130333<DEBUG:0xf5dffb40>: [KGD] (0x0xf5400470)->_LoadTable("playerfightteam")
20200104-130333<DEBUG:0xf7448700>: [KGD] Success connect to localhost:3306, character set switch to latin1
20200104-130333<DEBUG:0xf5dffb40>: [KGD] Success connect to localhost:3306, character set switch to latin1
20200104-130333<INFO :0xf53ffb40>: [KGD] Mysql info: client[5.1.69] host[Localhost via UNIX socket] server[5.5.64-MariaDB]
20200104-130333<DEBUG:0xf53ffb40>: [KGD] KGD_PROCESS_ERROR(nRetCode, KGD_ERROR_NOT_SUPPORT), at line 1467 in (0x0x9729e28)->_LoadTable()
20200104-130333<DEBUG:0xf53ffb40>: [KGD] (0x0x9729e28)->_LoadTable("fightteam")
20200104-130333<DEBUG:0xf53ffb40>: [KGD] KGD_PROCESS_ERROR(nRetCode, KGD_ERROR_NOT_SUPPORT), at line 1467 in (0x0x9729e28)->_LoadTable()
20200104-130333<DEBUG:0xf53ffb40>: [KGD] (0x0x9729e28)->_LoadTable("playerfightteam")
20200104-130333<DEBUG:0xf53ffb40>: [KGD] Success connect to localhost:3306, character set switch to latin1
20200104-130333<INFO :0xf7448700>: [KGD] Mysql info: client[5.1.69] host[Localhost via UNIX socket] server[5.5.64-MariaDB]
20200104-130333<DEBUG:0xf7448700>: [KGD] KGD_PROCESS_ERROR(nRetCode, KGD_ERROR_NOT_SUPPORT), at line 1467 in (0x0x9747d90)->_LoadTable()
20200104-130333<DEBUG:0xf7448700>: [KGD] (0x0x9747d90)->_LoadTable("fightteam")
20200104-130333<DEBUG:0xf7448700>: [KGD] KGD_PROCESS_ERROR(nRetCode, KGD_ERROR_NOT_SUPPORT), at line 1467 in (0x0x9747d90)->_LoadTable()
20200104-130333<DEBUG:0xf7448700>: [KGD] (0x0x9747d90)->_LoadTable("playerfightteam")
20200104-130333<DEBUG:0xf7448700>: [KGD] Success connect to localhost:3306, character set switch to latin1
20200104-130333<INFO :0xf7448700>: [KGD] Mysql info: client[5.1.69] host[Localhost via UNIX socket] server[5.5.64-MariaDB]
20200104-130333<DEBUG:0xf7448700>: [KGD] KGD_PROCESS_ERROR(nRetCode, KGD_ERROR_NOT_SUPPORT), at line 1467 in (0x0x976ee10)->_LoadTable()
20200104-130333<DEBUG:0xf7448700>: [KGD] (0x0x976ee10)->_LoadTable("fightteam")
20200104-130333<DEBUG:0xf7448700>: [KGD] KGD_PROCESS_ERROR(nRetCode, KGD_ERROR_NOT_SUPPORT), at line 1467 in (0x0x976ee10)->_LoadTable()
20200104-130333<DEBUG:0xf7448700>: [KGD] (0x0x976ee10)->_LoadTable("playerfightteam")
20200104-130333<DEBUG:0xf7448700>: [KGD] Success connect to localhost:3306, character set switch to latin1
20200104-130333<INFO :0xf4bfeb40>: [KGD] Mysql info: client[5.1.69] host[Localhost via UNIX socket] server[5.5.64-MariaDB]
20200104-130333<DEBUG:0xf4bfeb40>: [KGD] KGD_PROCESS_ERROR(nRetCode, KGD_ERROR_NOT_SUPPORT), at line 1467 in (0x0xf5407ac0)->_LoadTable()
20200104-130333<DEBUG:0xf4bfeb40>: [KGD] (0x0xf5407ac0)->_LoadTable("fightteam")
20200104-130333<DEBUG:0xf4bfeb40>: [KGD] KGD_PROCESS_ERROR(nRetCode, KGD_ERROR_NOT_SUPPORT), at line 1467 in (0x0xf5407ac0)->_LoadTable()
20200104-130333<DEBUG:0xf4bfeb40>: [KGD] (0x0xf5407ac0)->_LoadTable("playerfightteam")
20200104-130333<DEBUG:0xf4bfeb40>: [KGD] Success connect to localhost:3306, character set switch to latin1
20200104-130333<INFO :0xf7448700>: [KGD] Mysql info: client[5.1.69] host[Localhost via UNIX socket] server[5.5.64-MariaDB]
20200104-130333<DEBUG:0xf7448700>: [KGD] KGD_PROCESS_ERROR(nRetCode, KGD_ERROR_NOT_SUPPORT), at line 1467 in (0x0x992e058)->_LoadTable()
20200104-130333<DEBUG:0xf7448700>: [KGD] (0x0x992e058)->_LoadTable("fightteam")
20200104-130333<DEBUG:0xf7448700>: [KGD] KGD_PROCESS_ERROR(nRetCode, KGD_ERROR_NOT_SUPPORT), at line 1467 in (0x0x992e058)->_LoadTable()
20200104-130333<DEBUG:0xf7448700>: [KGD] (0x0x992e058)->_LoadTable("playerfightteam")
20200104-130333<DEBUG:0xf7448700>: [KGD] Success connect to localhost:3306, character set switch to latin1
20200104-130333<INFO :0xf7448700>: [MySQLDatabase] Connecting to `127.0.0.1`, database `jx2ib_database`...
20200104-130333<INFO :0xf7448700>: [MySQLDatabase] Connecting to `127.0.0.1`, database `jx2ib_database`...
20200104-130333<INFO :0xf7448700>: [RuntimeStat] ServerName=SONGLONG_GW FlushIntervalSec=300
20200104-130333<INFO :0xf7448700>: set runtime statistic result path is [runtime_stat_result/2020_01_04/stat_result_ksg_2020_01_04_@SONGLONG_GW.txt]
20200104-130333<DEBUG:0xf7448700>: [Tong_Operation] Update Tong Competition List Start...
20200104-130333<DEBUG:0xf7448700>: [Tong_Operation] Update Tong Competition List Step1.
20200104-130333<DEBUG:0xf7448700>: [Tong_Operation] Update Tong Competition List Step2.
20200104-130333<DEBUG:0xf7448700>: [Tong_Operation] Update Tong Competition List Step3.
20200104-130333<DEBUG:0xf7448700>: [Tong_Operation] Update Tong Competition List Finished.
20200104-130333<WARN :0xf7448700>: [RuntimeDataStatRelay] FlushStat: File=runtime_stat_result/2020_01_04/stat_result_ksg_2020_01_04_@SONGLONG_GW.txt Count=363
20200104-130333<WARN :0xf7448700>: [RuntimeDataStatRelay] FlushStat: File=runtime_stat_result/2020_01_04/stat_result_vng_2020-01-04_@SONGLONG_GW.txt Count=1
20200104-130415<INFO :0xf7448700>: New connection from 127.0.0.1:7857, index = 0
20200104-130415<DEBUG:0xf7448700>: Send log info to gs(100007f) when connect ret=1
20200104-130415<INFO :0xf7448700>: New connection from 127.0.0.1:23948, index = 0
20200104-130415<INFO :0xf7448700>: New connection from 127.0.0.1:15004, index = 0
20200104-130415<INFO :0xf7448700>: [verify_up2date] GetUp2dateVersion: code=8DA68FCD
20200104-130415<ERROR:0xf7448700>: [KG_RelayTongGameSvr] [Error Protocol] [Protocol=52]
20200104-130415<DEBUG:0xf7448700>: KGLOG_PROCESS_ERROR(false) at line 83 in ProcessMessage
20200104-130415<ERROR:0xf7448700>: [KG_RelayTongGameSvr] [Error Protocol] [Protocol=52]
20200104-130415<DEBUG:0xf7448700>: KGLOG_PROCESS_ERROR(false) at line 83 in ProcessMessage
20200104-130415<ERROR:0xf7448700>: [KG_RelayTongGameSvr] [Error Protocol] [Protocol=52]
20200104-130415<DEBUG:0xf7448700>: KGLOG_PROCESS_ERROR(false) at line 83 in ProcessMessage
20200104-130415<INFO :0xf7448700>: Proc0_GameSvrLogin
20200104-130415<INFO :0xf7448700>: [MAP_INDEX_INFO] Notify map count 279 for gs: 0100007F
20200104-130416<WARN :0xf7448700>: Router NOT connected
20200104-130505<DEBUG:0xf7448700>: [RelationMgr] SomeoneLogin("EopiThuong")
20200104-130505<DEBUG:0xf7448700>: [RelationMgr] SomeoneLoad("EopiThuong")
20200104-130505<DEBUG:0xf7448700>: [Relation Database] Load "EopiThuong"
20200104-130505<WARN :0xf7448700>: Router NOT connected
20200104-130628<DEBUG:0xf7448700>: [RelationMgr] SomeoneLogin("Demo123")
20200104-130628<DEBUG:0xf7448700>: [RelationMgr] SomeoneLoad("Demo123")
20200104-130628<DEBUG:0xf7448700>: [Relation Database] Load "Demo123"
20200104-130628<WARN :0xf7448700>: Router NOT connected
20200104-130751<INFO :0xf7448700>: Connection lost: 1(127.0.0.1, 1)
20200104-130751<DEBUG:0xf7448700>: gs(100007f) crashed
20200104-130751<INFO :0xf7448700>: Connection lost: 1(127.0.0.1, 1)
20200104-130751<INFO :0xf7448700>: Connection lost: 1(127.0.0.1, 1)
20200104-131310<INFO :0xf7448700>: New connection from 127.0.0.1:48364, index = 1
20200104-131310<DEBUG:0xf7448700>: Send log info to gs(100007f) when connect ret=1
20200104-131310<INFO :0xf7448700>: New connection from 127.0.0.1:1939, index = 1
20200104-131310<INFO :0xf7448700>: New connection from 127.0.0.1:56782, index = 1
20200104-131310<INFO :0xf7448700>: [verify_up2date] GetUp2dateVersion: code=8DA68FCD
20200104-131310<ERROR:0xf7448700>: [KG_RelayTongGameSvr] [Error Protocol] [Protocol=52]
20200104-131310<DEBUG:0xf7448700>: KGLOG_PROCESS_ERROR(false) at line 83 in ProcessMessage
20200104-131310<ERROR:0xf7448700>: [KG_RelayTongGameSvr] [Error Protocol] [Protocol=52]
20200104-131310<DEBUG:0xf7448700>: KGLOG_PROCESS_ERROR(false) at line 83 in ProcessMessage
20200104-131310<ERROR:0xf7448700>: [KG_RelayTongGameSvr] [Error Protocol] [Protocol=52]
20200104-131310<DEBUG:0xf7448700>: KGLOG_PROCESS_ERROR(false) at line 83 in ProcessMessage
20200104-131310<INFO :0xf7448700>: Proc0_GameSvrLogin
20200104-131310<INFO :0xf7448700>: [MAP_INDEX_INFO] Notify map count 279 for gs: 0100007F
20200104-131312<WARN :0xf7448700>: Router NOT connected
20200104-131353<DEBUG:0xf7448700>: [RelationMgr] SomeoneLogin("EopiThuong")
20200104-131354<WARN :0xf7448700>: Router NOT connected
20200104-131359<DEBUG:0xf7448700>: [RelationMgr] SomeoneLogin("Demo123")
20200104-131359<WARN :0xf7448700>: Router NOT connected
20200104-131513<DEBUG:0xf7448700>: [RelationMgr] SomeoneLogout("EopiThuong")
20200104-131551<DEBUG:0xf7448700>: [RelationMgr] SomeoneLogin("EopiThuong")
20200104-131551<WARN :0xf7448700>: Router NOT connected
20200104-131626<INFO :0xf7448700>: Connection lost: 2(127.0.0.1, 1)
20200104-131626<DEBUG:0xf7448700>: gs(100007f) crashed
20200104-131626<INFO :0xf7448700>: Connection lost: 2(127.0.0.1, 1)
20200104-131626<INFO :0xf7448700>: Connection lost: 2(127.0.0.1, 1)
20200104-131742<INFO :0xf7448700>: New connection from 127.0.0.1:65171, index = 2
20200104-131742<DEBUG:0xf7448700>: Send log info to gs(100007f) when connect ret=1
20200104-131742<INFO :0xf7448700>: New connection from 127.0.0.1:5047, index = 2
20200104-131743<INFO :0xf7448700>: New connection from 127.0.0.1:16822, index = 2
20200104-131743<INFO :0xf7448700>: [verify_up2date] GetUp2dateVersion: code=8DA68FCD
20200104-131743<ERROR:0xf7448700>: [KG_RelayTongGameSvr] [Error Protocol] [Protocol=52]
20200104-131743<DEBUG:0xf7448700>: KGLOG_PROCESS_ERROR(false) at line 83 in ProcessMessage
20200104-131743<ERROR:0xf7448700>: [KG_RelayTongGameSvr] [Error Protocol] [Protocol=52]
20200104-131743<DEBUG:0xf7448700>: KGLOG_PROCESS_ERROR(false) at line 83 in ProcessMessage
20200104-131743<ERROR:0xf7448700>: [KG_RelayTongGameSvr] [Error Protocol] [Protocol=52]
20200104-131743<DEBUG:0xf7448700>: KGLOG_PROCESS_ERROR(false) at line 83 in ProcessMessage
20200104-131743<INFO :0xf7448700>: Proc0_GameSvrLogin
20200104-131743<INFO :0xf7448700>: [MAP_INDEX_INFO] Notify map count 293 for gs: 0100007F
20200104-131745<WARN :0xf7448700>: Router NOT connected
20200104-131824<DEBUG:0xf7448700>: [RelationMgr] SomeoneLogin("EopiThuong")
20200104-131824<WARN :0xf7448700>: Router NOT connected
20200104-131833<WARN :0xf7448700>: [RuntimeDataStatRelay] FlushStat: File=runtime_stat_result/2020_01_04/stat_result_ksg_2020_01_04_@SONGLONG_GW.txt Count=367
20200104-131833<WARN :0xf7448700>: [RuntimeDataStatRelay] FlushStat: File=runtime_stat_result/2020_01_04/stat_result_vng_2020-01-04_@SONGLONG_GW.txt Count=1
20200104-131841<DEBUG:0xf7448700>: [RelationMgr] SomeoneLogin("Demo123")
20200104-131841<WARN :0xf7448700>: Router NOT connected
20200104-132333<WARN :0xf7448700>: [RuntimeDataStatRelay] FlushStat: File=runtime_stat_result/2020_01_04/stat_result_ksg_2020_01_04_@SONGLONG_GW.txt Count=367
20200104-132333<WARN :0xf7448700>: [RuntimeDataStatRelay] FlushStat: File=runtime_stat_result/2020_01_04/stat_result_vng_2020-01-04_@SONGLONG_GW.txt Count=1
20200104-132716<DEBUG:0xf7448700>: [RelationMgr] SomeoneLogout("EopiThuong")
20200104-132719<DEBUG:0xf7448700>: [RelationMgr] SomeoneLogout("Demo123")
20200104-132722<INFO :0xf7448700>: Connection lost: 3(127.0.0.1, 1)
20200104-132722<DEBUG:0xf7448700>: gs(100007f) crashed
20200104-132722<INFO :0xf7448700>: Connection lost: 3(127.0.0.1, 1)
20200104-132722<INFO :0xf7448700>: Connection lost: 3(127.0.0.1, 1)
20200104-132742<INFO :0xf7448700>: [Relay] Get quit signal!
20200104-132742<INFO :0xf7448700>: Relay stopping!
20200104-132742<WARN :0xf7448700>: [RuntimeDataStatRelay] FlushStat: File=runtime_stat_result/2020_01_04/stat_result_ksg_2020_01_04_@SONGLONG_GW.txt Count=369
20200104-132742<WARN :0xf7448700>: [RuntimeDataStatRelay] FlushStat: File=runtime_stat_result/2020_01_04/stat_result_vng_2020-01-04_@SONGLONG_GW.txt Count=1
