20190603-140108	INFO	[vËt phÈm lªn tay ng­êi ch¬i] [Tµi kho¶n : test004] [Nh©n vËt: 342342][Tªn vËt phÈm:S­ §å ThiÕp]
20190603-140108	INFO	[vËt phÈm lªn tay ng­êi ch¬i] [Tµi kho¶n : test004] [Nh©n vËt: 342342][Tªn vËt phÈm:CÈm Nang §¹i Sù KiÖn]
20190603-140108	INFO	[vËt phÈm lªn tay ng­êi ch¬i] [Tµi kho¶n : test004] [Nh©n vËt: 342342][Tªn vËt phÈm:NguyÖt L­îng Thè luy]
20190603-140108	INFO	[vËt phÈm lªn tay ng­êi ch¬i] [Tµi kho¶n : test004] [Nh©n vËt: 342342][Tªn vËt phÈm:TiÕu ng¹o giang hå l]
20190603-140108	INFO	[vËt phÈm lªn tay ng­êi ch¬i] [Tµi kho¶n : test004] [Nh©n vËt: 342342][Tªn vËt phÈm:GM Item]
20190603-140109	INFO	[vËt phÈm lªn tay ng­êi ch¬i] [Tµi kho¶n : test009] [Nh©n vËt: jx2kggjj][Tªn vËt phÈm:S­ §å ThiÕp]
20190603-140109	INFO	[vËt phÈm lªn tay ng­êi ch¬i] [Tµi kho¶n : test009] [Nh©n vËt: jx2kggjj][Tªn vËt phÈm:CÈm Nang §¹i Sù KiÖn]
20190603-140109	INFO	[vËt phÈm lªn tay ng­êi ch¬i] [Tµi kho¶n : test009] [Nh©n vËt: jx2kggjj][Tªn vËt phÈm:NguyÖt L­îng Thè luy]
20190603-140109	INFO	[vËt phÈm lªn tay ng­êi ch¬i] [Tµi kho¶n : test009] [Nh©n vËt: jx2kggjj][Tªn vËt phÈm:TiÕu ng¹o giang hå l]
20190603-140109	INFO	[vËt phÈm lªn tay ng­êi ch¬i] [Tµi kho¶n : test009] [Nh©n vËt: jx2kggjj][Tªn vËt phÈm:GM Item]
20190603-140113	INFO	[vËt phÈm lªn tay ng­êi ch¬i] [Tµi kho¶n : test009] [Nh©n vËt: jx2kggjj][Tªn vËt phÈm:Tñ ¸o Thiªn BiÕn TiÕ]
20190603-140118	INFO	[vËt phÈm lªn tay ng­êi ch¬i] [Tµi kho¶n : test009] [Nh©n vËt: jx2kggjj][Tªn vËt phÈm:B¸nh Ng«]
20190603-140137	INFO	[vËt phÈm lªn tay ng­êi ch¬i] [Tµi kho¶n : test009] [Nh©n vËt: jx2kggjj][Tªn vËt phÈm:B¸nh Ng«]
20190603-140150	INFO	[vËt phÈm lªn tay ng­êi ch¬i] [Tµi kho¶n : test009] [Nh©n vËt: jx2kggjj][Tªn vËt phÈm:B¸nh Ng«]
20190603-140150	INFO	[vËt phÈm lªn tay ng­êi ch¬i] [Tµi kho¶n : test009] [Nh©n vËt: jx2kggjj][Tªn vËt phÈm:B¸nh Ng«]
20190603-140151	INFO	[vËt phÈm lªn tay ng­êi ch¬i] [Tµi kho¶n : test009] [Nh©n vËt: jx2kggjj][Tªn vËt phÈm:B¸nh Ng«]
20190603-140152	INFO	[vËt phÈm lªn tay ng­êi ch¬i] [Tµi kho¶n : test009] [Nh©n vËt: jx2kggjj][Tªn vËt phÈm:B¸nh Ng«]
20190603-140152	INFO	[vËt phÈm lªn tay ng­êi ch¬i] [Tµi kho¶n : test009] [Nh©n vËt: jx2kggjj][Tªn vËt phÈm:B¸nh Ng«]
20190603-140153	INFO	[vËt phÈm lªn tay ng­êi ch¬i] [Tµi kho¶n : test009] [Nh©n vËt: jx2kggjj][Tªn vËt phÈm:B¸nh Ng«]
20190603-140153	INFO	[vËt phÈm lªn tay ng­êi ch¬i] [Tµi kho¶n : test009] [Nh©n vËt: jx2kggjj][Tªn vËt phÈm:B¸nh Ng«]
20190603-140154	INFO	[vËt phÈm lªn tay ng­êi ch¬i] [Tµi kho¶n : test009] [Nh©n vËt: jx2kggjj][Tªn vËt phÈm:B¸nh Ng«]
20190603-140156	INFO	[vËt phÈm lªn tay ng­êi ch¬i] [Tµi kho¶n : test009] [Nh©n vËt: jx2kggjj][Tªn vËt phÈm:B¸nh Ng«]
20190603-140226	INFO	[vËt phÈm lªn tay ng­êi ch¬i] [Tµi kho¶n : test009] [Nh©n vËt: jx2kggjj][Tªn vËt phÈm:C¬m n¾m]
20190603-140238	INFO	[vËt phÈm lªn tay ng­êi ch¬i] [Tµi kho¶n : test009] [Nh©n vËt: jx2kggjj][Tªn vËt phÈm:Mµn thÇu]
20190603-140246	INFO	[vËt phÈm lªn tay ng­êi ch¬i] [Tµi kho¶n : test009] [Nh©n vËt: jx2kggjj][Tªn vËt phÈm:B¸nh xÕp]
20190603-140341	INFO	[vËt phÈm lªn tay ng­êi ch¬i] [Tµi kho¶n : test004] [Nh©n vËt: 342342][Tªn vËt phÈm:Tñ ¸o Thiªn BiÕn TiÕ]
20190603-140610	INFO	[vËt phÈm lªn tay ng­êi ch¬i] [Tµi kho¶n : test005] [Nh©n vËt: fnsdnkfjdkf][Tªn vËt phÈm:S­ §å ThiÕp]
20190603-140610	INFO	[vËt phÈm lªn tay ng­êi ch¬i] [Tµi kho¶n : test005] [Nh©n vËt: fnsdnkfjdkf][Tªn vËt phÈm:CÈm Nang §¹i Sù KiÖn]
20190603-140610	INFO	[vËt phÈm lªn tay ng­êi ch¬i] [Tµi kho¶n : test005] [Nh©n vËt: fnsdnkfjdkf][Tªn vËt phÈm:NguyÖt L­îng Thè luy]
20190603-140610	INFO	[vËt phÈm lªn tay ng­êi ch¬i] [Tµi kho¶n : test005] [Nh©n vËt: fnsdnkfjdkf][Tªn vËt phÈm:TiÕu ng¹o giang hå l]
20190603-140610	INFO	[vËt phÈm lªn tay ng­êi ch¬i] [Tµi kho¶n : test005] [Nh©n vËt: fnsdnkfjdkf][Tªn vËt phÈm:GM Item]
20190603-140612	INFO	[vËt phÈm lªn tay ng­êi ch¬i] [Tµi kho¶n : test005] [Nh©n vËt: fnsdnkfjdkf][Tªn vËt phÈm:Tñ ¸o Thiªn BiÕn TiÕ]
20190603-140839	INFO	[vËt phÈm lªn tay ng­êi ch¬i] [Tµi kho¶n : test009] [Nh©n vËt: jx2kggjj][Tªn vËt phÈm:B¸nh xÕp]
20190603-141208	INFO	[vËt phÈm lªn tay ng­êi ch¬i] [Tµi kho¶n : test009] [Nh©n vËt: jx2kggjj][Tªn vËt phÈm:GM Item]
20190603-141237	INFO	[vËt phÈm lªn tay ng­êi ch¬i] [Tµi kho¶n : test004] [Nh©n vËt: 342342][Tªn vËt phÈm:Giang hå chØ nam]
20190603-141238	INFO	[vËt phÈm lªn tay ng­êi ch¬i] [Tµi kho¶n : test009] [Nh©n vËt: jx2kggjj][Tªn vËt phÈm:X¹ h­¬ng]
20190603-141242	INFO	[vËt phÈm lªn tay ng­êi ch¬i] [Tµi kho¶n : test004] [Nh©n vËt: 342342][Tªn vËt phÈm:Giang hå chØ nam]
20190603-141244	INFO	[vËt phÈm lªn tay ng­êi ch¬i] [Tµi kho¶n : test004] [Nh©n vËt: 342342][Tªn vËt phÈm:Giang hå chØ nam]
20190603-141245	INFO	[vËt phÈm lªn tay ng­êi ch¬i] [Tµi kho¶n : test009] [Nh©n vËt: jx2kggjj][Tªn vËt phÈm:Tay GÊu]
20190603-141251	INFO	[vËt phÈm lªn tay ng­êi ch¬i] [Tµi kho¶n : test009] [Nh©n vËt: jx2kggjj][Tªn vËt phÈm:]
20190603-141258	INFO	[vËt phÈm lªn tay ng­êi ch¬i] [Tµi kho¶n : test009] [Nh©n vËt: jx2kggjj][Tªn vËt phÈm:¢m Hµo Th¹ch cÊp 4]
20190603-141656	INFO	[Tö vong mÊt kinh nghiÖm] [Tµi kho¶n : test004] [Nh©n vËt: 342342][Tæn thÊt kinh nghiÖm: 0][Kinh nghiÖm cßn : 0]
