ChangeLogFile: FirstWrite=1, CurrentLine=0/65536 LastTime=1900-1-0 0:0:0
20240716-210149<INFO :0xf73cd700>: [KG_Goddess] Loading KG_Goddess.ini
20240716-210149<INFO :0xf73cd700>: [verify_up2date]...
20240716-210149<INFO :0xf73cd700>: >Current lang is [gb18030]
20240716-210149<INFO :0xf73cd700>: >Welcome to use [verify_up2date](version: 2.3.4 [2018-02-25]) tool. 
20240716-210149<INFO :0xf73cd700>: >Time duration: 6.541165ms 
20240716-210149<INFO :0xf73cd700>: >
20240716-210149<INFO :0xf73cd700>: >Finish, my exit code is: 0
20240716-210149<INFO :0xf73cd700>: |shell cmd result is 0
20240716-210149<INFO :0xf73cd700>: ExecShellCmd [./verify_up2date -op=vef -d="." ] ret=0
20240716-210149<INFO :0xf73cd700>: [verify_up2date] ok
20240716-210149<INFO :0xf73cd700>: [Goddess][Version:Aug 22 2014 15:43:09] Begin to start ... ...
20240716-210149<INFO :0xf73cd700>: [KG_Goddess] Set log level ... ... KGLOG_UPTO(KGLOG_DEBUG)
20240716-210149<INFO :0xf73cd700>: [KG_Goddess] Loaded KG_Angel, version 2.5
20240716-210149<INFO :0xf73cd700>: [KG_Goddess] Initializing role database ...
20240716-210149<INFO :0xf73cd700>: [KGD] Mysql info: client[5.1.69] host[Localhost via UNIX socket] server[5.5.65-MariaDB]
20240716-210149<DEBUG:0xf73cd700>: [KGD] Success connect to localhost:3306, character set switch to latin1
20240716-210149<DEBUG:0xf73cd700>: [KGD] KGD_PROCESS_ERROR(nRetCode, KGD_ERROR_NOT_SUPPORT), at line 1467 in (0x0x9ac2050)->_LoadTable()
20240716-210149<DEBUG:0xf73cd700>: [KGD] (0x0x9ac2050)->_LoadTable("fightteam")
20240716-210149<DEBUG:0xf73cd700>: [KGD] KGD_PROCESS_ERROR(nRetCode, KGD_ERROR_NOT_SUPPORT), at line 1467 in (0x0x9ac2050)->_LoadTable()
20240716-210149<DEBUG:0xf73cd700>: [KGD] (0x0x9ac2050)->_LoadTable("playerfightteam")
20240716-210149<INFO :0xf73cd700>: [KG_Goddess] Initializing role statistic ...
20240716-210149<INFO :0xf73cd700>: load Top10_KG_RoleStatistic.dat when init: size=10792
20240716-210149<INFO :0xf73cd700>: [RoleStatistic] listen 127.0.0.1 : 6001 result=0
20240716-210149<DEBUG:0xf73cd700>: KGLOG_PROCESS_ERROR(nRetCode) at line 80 in Init
20240716-210149<DEBUG:0xf73cd700>: KGLOG_PROCESS_ERROR(nRetCode) at line 94 in StartService
20240716-210149<DEBUG:0xf73cd700>: KGLOG_PROCESS_ERROR(nRetCode) at line 78 in main
