ChangeLogFile: FirstWrite=1, CurrentLine=0/65536 LastTime=1900-1-0 0:0:0
20200207-235819<INFO :0xf7386700>: [KG_Goddess] Loading KG_Goddess.ini
20200207-235819<INFO :0xf7386700>: [verify_up2date]...
20200207-235819<INFO :0xf7386700>: >Current lang is [gb18030]
20200207-235819<INFO :0xf7386700>: >Welcome to use [verify_up2date](version: 2.3.4 [2018-02-25]) tool. 
20200207-235819<INFO :0xf7386700>: >Time duration: 6.393582ms 
20200207-235819<INFO :0xf7386700>: >
20200207-235819<INFO :0xf7386700>: >Finish, my exit code is: 0
20200207-235819<INFO :0xf7386700>: |shell cmd result is 0
20200207-235819<INFO :0xf7386700>: ExecShellCmd [./verify_up2date -op=vef -d="." ] ret=0
20200207-235819<INFO :0xf7386700>: [verify_up2date] ok
20200207-235819<INFO :0xf7386700>: [Goddess][Version:Aug 22 2014 15:43:09] Begin to start ... ...
20200207-235819<INFO :0xf7386700>: [KG_Goddess] Set log level ... ... KGLOG_UPTO(KGLOG_DEBUG)
20200207-235819<INFO :0xf7386700>: [KG_Goddess] Loaded KG_Angel, version 2.5
20200207-235819<INFO :0xf7386700>: [KG_Goddess] Initializing role database ...
20200207-235819<INFO :0xf7386700>: [KGD] Mysql info: client[5.1.69] host[Localhost via UNIX socket] server[5.5.64-MariaDB]
20200207-235819<DEBUG:0xf7386700>: [KGD] Success connect to localhost:3306, character set switch to latin1
20200207-235819<DEBUG:0xf7386700>: [KGD] KGD_PROCESS_ERROR(nRetCode, KGD_ERROR_NOT_SUPPORT), at line 1467 in (0x0x89e0ff0)->_LoadTable()
20200207-235819<DEBUG:0xf7386700>: [KGD] (0x0x89e0ff0)->_LoadTable("fightteam")
20200207-235819<DEBUG:0xf7386700>: [KGD] KGD_PROCESS_ERROR(nRetCode, KGD_ERROR_NOT_SUPPORT), at line 1467 in (0x0x89e0ff0)->_LoadTable()
20200207-235819<DEBUG:0xf7386700>: [KGD] (0x0x89e0ff0)->_LoadTable("playerfightteam")
20200207-235819<INFO :0xf7386700>: [KG_Goddess] Initializing role statistic ...
20200207-235819<INFO :0xf7386700>: [RoleStatistic] listen 127.0.0.1 : 6001 result=1
20200207-235819<INFO :0xf7386700>: [RoleStatistic] Listening at 127.0.0.1:6001
20200207-235819<INFO :0xf7386700>: [KG_Goddess] Initializing server manager ...
20200207-235819<INFO :0xf7386700>: [ServerManager] Listening at 127.0.0.1:5001
20200207-235819<INFO :0xf7386700>: [KG_Goddess] Started successful
20200207-235825<INFO :0xf66fab40>: [ServerManager] RemoteServer from (127.0.0.1:38192) connect ok
20200207-235825<INFO :0xf66fab40>: [ServerManager] Accept from (127.0.0.1:38192) SocketStream = 0xf5d00528
20200207-235825<INFO :0xf66fab40>: [[Group 1 Server 00]] Server 0 created ok!
20200207-235825<INFO :0xf5cffb40>: [Group 1 Server 00] Started, service for 127.0.0.1:38192
20200207-235825<INFO :0xf5cffb40>: [KGD] Mysql info: client[5.1.69] host[Localhost via UNIX socket] server[5.5.64-MariaDB]
20200207-235825<DEBUG:0xf5cffb40>: [KGD] KGD_PROCESS_ERROR(nRetCode, KGD_ERROR_NOT_SUPPORT), at line 1467 in (0x0xf5300470)->_LoadTable()
20200207-235825<DEBUG:0xf5cffb40>: [KGD] (0x0xf5300470)->_LoadTable("fightteam")
20200207-235825<DEBUG:0xf5cffb40>: [KGD] KGD_PROCESS_ERROR(nRetCode, KGD_ERROR_NOT_SUPPORT), at line 1467 in (0x0xf5300470)->_LoadTable()
20200207-235825<DEBUG:0xf5cffb40>: [KGD] (0x0xf5300470)->_LoadTable("playerfightteam")
20200207-235825<DEBUG:0xf5cffb40>: [KGD] Success connect to localhost:3306, character set switch to latin1
20200207-235844<INFO :0xf66fab40>: [ServerManager] RemoteServer from (127.0.0.1:58857) connect ok
20200207-235844<INFO :0xf66fab40>: [ServerManager] Accept from (127.0.0.1:58857) SocketStream = 0xf5d00a30
20200207-235844<INFO :0xf66fab40>: [[Group 1 Server 01]] Server 1 created ok!
20200207-235844<INFO :0xf52ffb40>: [Group 1 Server 01] Started, service for 127.0.0.1:58857
20200207-235844<INFO :0xf52ffb40>: [KGD] Mysql info: client[5.1.69] host[Localhost via UNIX socket] server[5.5.64-MariaDB]
20200207-235844<DEBUG:0xf52ffb40>: [KGD] KGD_PROCESS_ERROR(nRetCode, KGD_ERROR_NOT_SUPPORT), at line 1467 in (0x0xf4900470)->_LoadTable()
20200207-235844<DEBUG:0xf52ffb40>: [KGD] (0x0xf4900470)->_LoadTable("fightteam")
20200207-235844<DEBUG:0xf52ffb40>: [KGD] KGD_PROCESS_ERROR(nRetCode, KGD_ERROR_NOT_SUPPORT), at line 1467 in (0x0xf4900470)->_LoadTable()
20200207-235844<DEBUG:0xf52ffb40>: [KGD] (0x0xf4900470)->_LoadTable("playerfightteam")
20200207-235844<DEBUG:0xf52ffb40>: [KGD] Success connect to localhost:3306, character set switch to latin1
20200207-235844<INFO :0xf52ffb40>: [verify_up2date] GetUp2dateVersion: code=8DA68FCD
20200207-235844<DEBUG:0xf5cffb40>: [Group 1 Server 00] Enter _ping(time=4372823)
20200207-235844<DEBUG:0xf52ffb40>: [Group 1 Server 01] Enter _query_statistic_info()
20200207-235844<DEBUG:0xf52ffb40>: KGLOG_PROCESS_ERROR(piStatistic) at line 2088 in _query_statistic_info
20200207-235844<DEBUG:0xf52ffb40>: [Group 1 Server 01] Leave _query_statistic_info() size =0 ret=0
20200207-235904<DEBUG:0xf5cffb40>: [Group 1 Server 00] Enter _ping(time=4392857)
20200207-235906<INFO :0xf5cffb40>: [Group 1 Server 00] Query roles list of account "an"
20200207-235906<DEBUG:0xf5cffb40>: [Group 1 Server 00] Leave _query_role_list(an) uRoleCount=1 nResult=1
20200207-235908<INFO :0xf5cffb40>: [Group 1 Server 00] Get role "ioNaruto" nResult=1
20200207-235912<DEBUG:0xf52ffb40>: [ServerManager] Role "ioNaruto" locked by Server 01
20200207-235912<DEBUG:0xf52ffb40>: [Group 1 Server 01] Leave _lock_or_unlock_role(Role=ioNaruto, Lock=1) nResult=1
20200207-235928<DEBUG:0xf5cffb40>: [Group 1 Server 00] Enter _ping(time=4417442)
20200207-235942<DEBUG:0xf52ffb40>: [Group 1 Server 01] Enter _ping(time=4431052)
20200207-235948<DEBUG:0xf5cffb40>: [Group 1 Server 00] Enter _ping(time=4437488)
