ChangeLogFile: FirstWrite=1, CurrentLine=0/65536 LastTime=1900-1-0 0:0:0
20200207-232526<INFO :0xf7458700>: [KG_Goddess] Loading KG_Goddess.ini
20200207-232526<INFO :0xf7458700>: [verify_up2date]...
20200207-232526<INFO :0xf7458700>: >Current lang is [gb18030]
20200207-232526<INFO :0xf7458700>: >Welcome to use [verify_up2date](version: 2.3.4 [2018-02-25]) tool. 
20200207-232526<INFO :0xf7458700>: >Time duration: 7.522668ms 
20200207-232526<INFO :0xf7458700>: >
20200207-232526<INFO :0xf7458700>: >Finish, my exit code is: 0
20200207-232526<INFO :0xf7458700>: |shell cmd result is 0
20200207-232526<INFO :0xf7458700>: ExecShellCmd [./verify_up2date -op=vef -d="." ] ret=0
20200207-232526<INFO :0xf7458700>: [verify_up2date] ok
20200207-232526<INFO :0xf7458700>: [Goddess][Version:Aug 22 2014 15:43:09] Begin to start ... ...
20200207-232526<INFO :0xf7458700>: [KG_Goddess] Set log level ... ... KGLOG_UPTO(KGLOG_DEBUG)
20200207-232526<INFO :0xf7458700>: [KG_Goddess] Loaded KG_Angel, version 2.5
20200207-232526<INFO :0xf7458700>: [KG_Goddess] Initializing role database ...
20200207-232526<INFO :0xf7458700>: [KGD] Mysql info: client[5.1.69] host[Localhost via UNIX socket] server[5.5.64-MariaDB]
20200207-232526<DEBUG:0xf7458700>: [KGD] Success connect to localhost:3306, character set switch to latin1
20200207-232526<DEBUG:0xf7458700>: [KGD] KGD_PROCESS_ERROR(nRetCode, KGD_ERROR_NOT_SUPPORT), at line 1467 in (0x0x8ac5ff0)->_LoadTable()
20200207-232526<DEBUG:0xf7458700>: [KGD] (0x0x8ac5ff0)->_LoadTable("fightteam")
20200207-232526<DEBUG:0xf7458700>: [KGD] KGD_PROCESS_ERROR(nRetCode, KGD_ERROR_NOT_SUPPORT), at line 1467 in (0x0x8ac5ff0)->_LoadTable()
20200207-232526<DEBUG:0xf7458700>: [KGD] (0x0x8ac5ff0)->_LoadTable("playerfightteam")
20200207-232526<INFO :0xf7458700>: [KG_Goddess] Initializing role statistic ...
20200207-232526<INFO :0xf7458700>: [RoleStatistic] listen 127.0.0.1 : 6001 result=1
20200207-232526<INFO :0xf7458700>: [RoleStatistic] Listening at 127.0.0.1:6001
20200207-232526<INFO :0xf7458700>: [KG_Goddess] Initializing server manager ...
20200207-232526<INFO :0xf7458700>: [ServerManager] Listening at 127.0.0.1:5001
20200207-232526<INFO :0xf7458700>: [KG_Goddess] Started successful
20200207-232602<INFO :0xf67ccb40>: [ServerManager] RemoteServer from (127.0.0.1:43343) connect ok
20200207-232602<INFO :0xf67ccb40>: [ServerManager] Accept from (127.0.0.1:43343) SocketStream = 0xf5e00528
20200207-232602<INFO :0xf67ccb40>: [[Group 1 Server 00]] Server 0 created ok!
20200207-232602<INFO :0xf5dffb40>: [Group 1 Server 00] Started, service for 127.0.0.1:43343
20200207-232602<INFO :0xf5dffb40>: [KGD] Mysql info: client[5.1.69] host[Localhost via UNIX socket] server[5.5.64-MariaDB]
20200207-232602<DEBUG:0xf5dffb40>: [KGD] KGD_PROCESS_ERROR(nRetCode, KGD_ERROR_NOT_SUPPORT), at line 1467 in (0x0xf5400470)->_LoadTable()
20200207-232602<DEBUG:0xf5dffb40>: [KGD] (0x0xf5400470)->_LoadTable("fightteam")
20200207-232602<DEBUG:0xf5dffb40>: [KGD] KGD_PROCESS_ERROR(nRetCode, KGD_ERROR_NOT_SUPPORT), at line 1467 in (0x0xf5400470)->_LoadTable()
20200207-232602<DEBUG:0xf5dffb40>: [KGD] (0x0xf5400470)->_LoadTable("playerfightteam")
20200207-232602<DEBUG:0xf5dffb40>: [KGD] Success connect to localhost:3306, character set switch to latin1
20200207-232606<DEBUG:0xf5dffb40>: KGLOG_PROCESS_ERROR(nRetCode && "Receive packet failed") at line 978 in ProcessRequest
20200207-232606<ERROR:0xf5dffb40>: [Group 1 Server 00] Connection with 127.0.0.1 have been disconnected, wait for being reconnectted!
20200207-232606<WARN :0xf5dffb40>: [[Group 1 Server 00]] RemoteServer 127.0.0.1:43343 crashed
20200207-232606<INFO :0xf5dffb40>: [ServerManager] Server 0 will stop, unlock all role [count=0] 
20200207-232802<ERROR:0xf5dffb40>: [Group 1 Server 00] There are no data arrive during 120/120 second, auto disconnect!
20200207-232802<INFO :0xf5dffb40>: [ServerManager] Server 0 will stop, unlock all role [count=0] 
20200207-232802<INFO :0xf5dffb40>: [Group 1 Server 00] Stopped
