ChangeLogFile: FirstWrite=1, CurrentLine=0/65535 LastTime=1900-1-0 0:0:0
20180504-172931<INFO :0xf7ca6700>: [GameSvr][Version:Nov 14 2014 15:55:00] begin start up...
20180504-172931<INFO :0xf7ca6700>: Succeeded in loading version.ini. Lower Version:341 Upper Version:345
20180504-172931<INFO :0xf7ca6700>: [verify_up2date]...
20180504-172931<INFO :0xf7ca6700>: >Current lang is [gb18030]
20180504-172931<INFO :0xf7ca6700>: >Welcome to use [verify_up2date](version: 2.3.4 [2018-02-25]) tool. 
20180504-172932<INFO :0xf7ca6700>: >Time duration: 1.556394882s 
20180504-172932<INFO :0xf7ca6700>: >
20180504-172932<INFO :0xf7ca6700>: >Finish, my exit code is: 0
20180504-172932<INFO :0xf7ca6700>: |shell cmd result is 0
20180504-172932<INFO :0xf7ca6700>: ExecShellCmd [./verify_up2date -op=vef -d="/home/xmission/gs" ] ret=0
20180504-172932<INFO :0xf7ca6700>: [verify_up2date] ok
20180504-172932<INFO :0xf7ca6700>: This ServerIP : 192.168.219.150 : 103.206.219.150
20180504-172932<INFO :0xf7ca6700>: [GameServer Type] RealmType=0, IsMatchRealm=0
20180504-172932<INFO :0xf7ca6700>: IS_KINGSOFT_INNER_VERSION=0|0
20180504-172932<INFO :0xf7ca6700>: IS_EXP_SVR=0|0
20180504-172932<ERROR:0xf7ca6700>: SetSpecialSwitch(Index=3,bOpen=0,AccessCode=1024232298) ok, result=0
20180504-172932<INFO :0xf7ca6700>: [GameServer] ServerCount=1, ServerIndex=1
20180504-172932<INFO :0xf7ca6700>: [GlovalVariable] gblvarDefaultCriticalHitRate=5
20180504-172932<INFO :0xf7ca6700>: [GlovalVariable] gblvarMinCriticalHitRate=0
20180504-172932<INFO :0xf7ca6700>: [GlovalVariable] gblvarMaxCriticalHitRate=50
20180504-172932<INFO :0xf7ca6700>: [GlovalVariable] gblvarDefaultCriticalHitDamageAddPct=10
20180504-172932<INFO :0xf7ca6700>: [GlovalVariable] gblvarMinCriticalHitDamageAddPct=0
20180504-172932<INFO :0xf7ca6700>: [GlovalVariable] gblvarMaxCriticalHitDamageAddPct=300
20180504-172932<INFO :0xf7ca6700>: [GlovalVariable] gblvarPlayerDogeParaA=5
20180504-172932<INFO :0xf7ca6700>: [GlovalVariable] gblvarPlayerDogeParaB=5
20180504-172932<INFO :0xf7ca6700>: [GlovalVariable] gblvarMinHitRatePlayer=75
20180504-172932<INFO :0xf7ca6700>: [GlovalVariable] gblvarMaxHitRatePlayer=100
20180504-172932<INFO :0xf7ca6700>: [GlovalVariable] gblvarNpcDogeParaA=10
20180504-172932<INFO :0xf7ca6700>: [GlovalVariable] gblvarNpcDogeParaB=10
20180504-172932<INFO :0xf7ca6700>: [GlovalVariable] gblvarMinHitRateNpc=50
20180504-172932<INFO :0xf7ca6700>: [GlovalVariable] gblvarMaxHitRateNpc=100
20180504-172932<INFO :0xf7ca6700>: [GlovalVariable] gblvarTransLife2DogePara=10000
20180504-172932<INFO :0xf7ca6700>: [GlovalVariable] gblvarLevel2DogePara=1000
20180504-172932<INFO :0xf7ca6700>: [GlovalVariable] gblvarStrength2DogePara=100
20180504-172932<INFO :0xf7ca6700>: [GlovalVariable] gblvarDesterity2DogePara=100
20180504-172932<INFO :0xf7ca6700>: [GlovalVariable] gblvarEnergy2DogePara=100
20180504-172932<INFO :0xf7ca6700>: [GlovalVariable] gblvarVitality2DogePara=100
20180504-172932<INFO :0xf7ca6700>: [GlovalVariable] gblvarObserve2DogePara=100
20180504-172932<INFO :0xf7ca6700>: [GlovalVariable] gblvarTransLife2HitPara=8500
20180504-172932<INFO :0xf7ca6700>: [GlovalVariable] gblvarLevel2HitPara=850
20180504-172932<INFO :0xf7ca6700>: [GlovalVariable] gblvarStrength2HitPara=85
20180504-172932<INFO :0xf7ca6700>: [GlovalVariable] gblvarDesterity2HitPara=85
20180504-172932<INFO :0xf7ca6700>: [GlovalVariable] gblvarEnergy2HitPara=85
20180504-172932<INFO :0xf7ca6700>: [GlovalVariable] gblvarVitality2HitPara=85
20180504-172932<INFO :0xf7ca6700>: [GlovalVariable] gblvarObserve2HitPara=85
20180504-172932<INFO :0xf7ca6700>: [CustomAward] 45 lines loaded from [\settings\item\custom_award\custom_award_group.txt]
20180504-172932<INFO :0xf7ca6700>: [CustomAward] 469 lines loaded from \settings\item\custom_award\custom_award_list.txt
20180504-172932<INFO :0xf7ca6700>: [CustomAward] 5 lines loaded from \settings\item\custom_award\custom_consume_list.txt
20180504-172932<INFO :0xf7ca6700>: [CustomAward] total AwardId=469/474/65534
20180504-172932<INFO :0xf7ca6700>: [CustomAward] RandSeed = 4216256321
20180504-172934<ERROR:0xf7ca6700>: Skill	Unexpected Skill ID 1261 at row SkillSet22, section SkillStateMutex of file \settings\skill\skill_mutex.ini!
20180504-172934<ERROR:0xf7ca6700>: Skill	Unexpected Skill ID 1202 at row SkillSet20, section SkillCDShare of file \settings\skill\skill_mutex.ini!
20180504-172934<INFO :0xf7ca6700>: Loading All Scripts....................
20180504-172935<INFO :0xf7ca6700>: All Scripts Have Been Loaded! ScriptCount = 5614
20180504-172937<ERROR:0xf7ca6700>: [LoadRandomNpc] [\maps\ÊÀ½çµØÍ¼\ÀÅçð¶´¸®.ini] open failed!!!
20180504-172938<INFO :0xf7ca6700>: 192/400 map(s) has been loaded.
20180504-172938<ERROR:0xf7ca6700>: SetSpecialSwitch(Index=1,bOpen=0,AccessCode=1157247768) ok, result=0
20180504-172938<ERROR:0xf7ca6700>: SetSpecialSwitch(Index=2,bOpen=0,AccessCode=3238223681) ok, result=0
20180504-172938<WARN :0xf7ca6700>: [Load] Invalid template: template ID=472328933l,
20180504-172938<WARN :0xf7ca6700>: load  npc template [0] fail
20180504-172938<INFO :0xf7ca6700>: [SystimeTask] load 96/96 systemtimetasks from {\settings\systemtimetask.txt}
20180504-172939<INFO :0xf7ca6700>: start to connect Database, IP: 192.168.219.150 - Port: 5001 ... ok!
20180504-172939<INFO :0xf7ca6700>: start to connect RelayHost, IP: 192.168.219.150 - Port: 5003 ... ok!
20180504-172939<INFO :0xf7ca6700>: start to connect RelayChat, IP: 192.168.219.150 - Port: 5004 ... ok!
20180504-172939<INFO :0xf7ca6700>: start to connect RelayTong, IP: 192.168.219.150 - Port: 5005 ... ok!
20180504-172939<INFO :0xf7ca6700>: start to connect Gateway, IP: 192.168.219.150 - Port: 5633 ... ok!
20180504-172939<INFO :0xf7ca6700>: [verify_up2date] send Goddess|Relay|Router version request...
20180504-172939<INFO :0xf7ca6700>: [GameSvr] start up OK----------.
20180504-172939<DEBUG:0xf7ca6700>: [net dbg] [SendNetMsgToTransfer] frame=0 send=1/39|1 avg=0 
20180504-172939<DEBUG:0xf7ca6700>: [net dbg] [TransferMessageProcess] [frame -1] total process 0/0=0 trans message
20180504-172939<INFO :0xf7ca6700>: Start init log database.
20180504-172939<INFO :0xf7ca6700>: Init log database end.
20180504-172940<INFO :0xf7ca6700>: Recv Bishop time sync(2018-5-4 17:29:39)
20180504-172939<INFO :0xf7ca6700>: [verify_up2date] send Bishop version request...
20180504-172939<INFO :0xf7ca6700>: [verify_up2date] VerifyUp2dateVersion: Server=Goddess code=FD604DD9 need=FD604DD9 result=1
20180504-172939<DEBUG:0xf7ca6700>: [net dbg] [SendNetMsgToTransfer] frame=1 send=1/38|2 avg=0 
20180504-172939<DEBUG:0xf7ca6700>: [net dbg] [TransferMessageProcess] [frame 0] total process 298/2=298 trans message
20180504-172939<INFO :0xf7ca6700>: [verify_up2date] VerifyUp2dateVersion: Server=Relay code=C0CBCBAF need=C0CBCBAF result=1
20180504-172939<INFO :0xf7ca6700>: [SOSever::Breathe] MsgLoop:-1041 ,MainLoop:2, TotalMsgLoop:-1022, Elapse:5 CurBreathCost:4294966257 BreathCount:2
20180504-172939<DEBUG:0xf7ca6700>: [net dbg] [SendNetMsgToTransfer] frame=2 send=1/37|3 avg=0 
20180504-172939<DEBUG:0xf7ca6700>: [net dbg] [TransferMessageProcess] [frame 1] total process 365/4=182 trans message
20180504-172939<DEBUG:0xf7ca6700>: [net dbg] [SendNetMsgToTransfer] frame=3 send=1/36|4 avg=0 
20180504-172939<INFO :0xf7ca6700>: [verify_up2date] VerifyUp2dateVersion: Server=Bishop code=41F5AB40 need=41F5AB40 result=1
20180504-172939<DEBUG:0xf7ca6700>: [net dbg] [SendNetMsgToTransfer] frame=4 send=1/35|5 avg=0 
20180504-172939<DEBUG:0xf7ca6700>: [net dbg] [TransferMessageProcess] [frame 2] total process 485/6=121 trans message
20180504-172939<DEBUG:0xf7ca6700>: [net dbg] [SendNetMsgToTransfer] frame=5 send=1/34|6 avg=0 
20180504-172939<DEBUG:0xf7ca6700>: [net dbg] [TransferMessageProcess] [frame 4] total process 545/7=109 trans message
20180504-172939<DEBUG:0xf7ca6700>: [NormalSmallPackPorcess] Received packet MAP_INDEX_INFO from relay
20180504-172939<INFO :0xf7ca6700>: Received map index notification from relay (192 maps)
20180504-172939<DEBUG:0xf7ca6700>: [net dbg] [SendNetMsgToTransfer] frame=6 send=1/33|7 avg=0 
20180504-172939<DEBUG:0xf7ca6700>: [net dbg] [TransferMessageProcess] [frame 5] total process 1763/9=293 trans message
20180504-172939<DEBUG:0xf7ca6700>: [net dbg] [SendNetMsgToTransfer] frame=7 send=1/32|8 avg=0 
20180504-172939<DEBUG:0xf7ca6700>: [net dbg] [TransferMessageProcess] [frame 6] total process 1823/10=260 trans message
20180504-172939<DEBUG:0xf7ca6700>: [net dbg] [SendNetMsgToTransfer] frame=8 send=1/31|9 avg=0 
20180504-172939<DEBUG:0xf7ca6700>: [net dbg] [TransferMessageProcess] [frame 7] total process 1883/11=235 trans message
20180504-172939<DEBUG:0xf7ca6700>: [net dbg] [SendNetMsgToTransfer] frame=9 send=1/30|10 avg=0 
20180504-172939<DEBUG:0xf7ca6700>: [net dbg] [SendNetMsgToTransfer] frame=10 send=1/29|11 avg=0 
20180504-172939<DEBUG:0xf7ca6700>: [net dbg] [TransferMessageProcess] [frame 8] total process 2003/13=200 trans message
20180504-172939<DEBUG:0xf7ca6700>: [net dbg] [SendNetMsgToTransfer] frame=11 send=1/28|12 avg=0 
20180504-172939<DEBUG:0xf7ca6700>: [net dbg] [TransferMessageProcess] [frame 10] total process 2123/15=193 trans message
20180504-172939<DEBUG:0xf7ca6700>: [net dbg] [SendNetMsgToTransfer] frame=12 send=1/27|13 avg=0 
20180504-172939<DEBUG:0xf7ca6700>: [net dbg] [SendNetMsgToTransfer] frame=13 send=1/26|14 avg=0 
20180504-172939<DEBUG:0xf7ca6700>: [net dbg] [TransferMessageProcess] [frame 11] total process 2183/16=167 trans message
20180504-172939<DEBUG:0xf7ca6700>: [net dbg] [SendNetMsgToTransfer] frame=14 send=1/25|15 avg=0 
20180504-172939<DEBUG:0xf7ca6700>: [net dbg] [TransferMessageProcess] [frame 13] total process 2243/17=160 trans message
20180504-172939<DEBUG:0xf7ca6700>: [net dbg] [SendNetMsgToTransfer] frame=15 send=1/24|16 avg=0 
20180504-172939<DEBUG:0xf7ca6700>: [net dbg] [TransferMessageProcess] [frame 14] total process 2303/18=153 trans message
20180504-172939<DEBUG:0xf7ca6700>: [net dbg] [SendNetMsgToTransfer] frame=16 send=1/23|17 avg=0 
20180504-172939<DEBUG:0xf7ca6700>: [net dbg] [SendNetMsgToTransfer] frame=17 send=1/22|18 avg=0 
20180504-172939<DEBUG:0xf7ca6700>: [net dbg] [TransferMessageProcess] [frame 15] total process 2423/20=142 trans message
20180504-172939<DEBUG:0xf7ca6700>: [net dbg] [SendNetMsgToTransfer] frame=18 send=1/21|19 avg=0 
20180504-172939<DEBUG:0xf7ca6700>: [net dbg] [TransferMessageProcess] [frame 17] total process 2483/21=137 trans message
20180504-172939<DEBUG:0xf7ca6700>: [net dbg] [SendNetMsgToTransfer] frame=19 send=1/20|20 avg=0 
20180504-172939<DEBUG:0xf7ca6700>: [net dbg] [TransferMessageProcess] [frame 18] total process 2543/22=133 trans message
20180504-172940<DEBUG:0xf7ca6700>: [net dbg] [SendNetMsgToTransfer] frame=20 send=1/19|21 avg=0 
20180504-172940<DEBUG:0xf7ca6700>: [net dbg] [TransferMessageProcess] [frame 19] total process 2793/25=139 trans message
20180504-172940<DEBUG:0xf7ca6700>: [net dbg] [SendNetMsgToTransfer] frame=21 send=1/18|22 avg=0 
20180504-172940<DEBUG:0xf7ca6700>: [net dbg] [SendNetMsgToTransfer] frame=22 send=1/17|23 avg=0 
20180504-172940<DEBUG:0xf7ca6700>: [net dbg] [TransferMessageProcess] [frame 20] total process 2853/26=129 trans message
20180504-172940<DEBUG:0xf7ca6700>: [net dbg] [SendNetMsgToTransfer] frame=23 send=1/16|24 avg=0 
20180504-172940<DEBUG:0xf7ca6700>: [net dbg] [TransferMessageProcess] [frame 22] total process 2913/27=126 trans message
20180504-172940<DEBUG:0xf7ca6700>: [net dbg] [SendNetMsgToTransfer] frame=24 send=1/15|25 avg=0 
20180504-172940<DEBUG:0xf7ca6700>: [net dbg] [TransferMessageProcess] [frame 23] total process 2973/28=123 trans message
20180504-172940<DEBUG:0xf7ca6700>: [net dbg] [SendNetMsgToTransfer] frame=25 send=1/14|26 avg=0 
20180504-172940<DEBUG:0xf7ca6700>: [net dbg] [SendNetMsgToTransfer] frame=26 send=1/13|27 avg=0 
20180504-172940<DEBUG:0xf7ca6700>: [net dbg] [TransferMessageProcess] [frame 24] total process 3093/30=118 trans message
20180504-172940<DEBUG:0xf7ca6700>: [net dbg] [SendNetMsgToTransfer] frame=27 send=1/12|28 avg=0 
20180504-172940<DEBUG:0xf7ca6700>: [net dbg] [TransferMessageProcess] [frame 26] total process 3153/31=116 trans message
20180504-172940<DEBUG:0xf7ca6700>: [net dbg] [SendNetMsgToTransfer] frame=28 send=1/11|29 avg=0 
20180504-172940<DEBUG:0xf7ca6700>: [net dbg] [TransferMessageProcess] [frame 27] total process 3213/32=114 trans message
20180504-172940<DEBUG:0xf7ca6700>: [net dbg] [SendNetMsgToTransfer] frame=29 send=1/10|30 avg=0 
20180504-172940<DEBUG:0xf7ca6700>: [net dbg] [SendNetMsgToTransfer] frame=30 send=1/9|31 avg=0 
20180504-172940<DEBUG:0xf7ca6700>: [net dbg] [TransferMessageProcess] [frame 28] total process 3333/34=111 trans message
20180504-172940<DEBUG:0xf7ca6700>: [net dbg] [SendNetMsgToTransfer] frame=31 send=1/8|32 avg=0 
20180504-172940<DEBUG:0xf7ca6700>: [net dbg] [TransferMessageProcess] [frame 30] total process 3453/36=111 trans message
20180504-172940<DEBUG:0xf7ca6700>: [net dbg] [SendNetMsgToTransfer] frame=32 send=1/7|33 avg=0 
20180504-172940<DEBUG:0xf7ca6700>: [net dbg] [SendNetMsgToTransfer] frame=33 send=1/6|34 avg=0 
20180504-172940<DEBUG:0xf7ca6700>: [net dbg] [SendNetMsgToTransfer] frame=34 send=1/5|35 avg=0 
20180504-172940<DEBUG:0xf7ca6700>: [net dbg] [SendNetMsgToTransfer] frame=35 send=1/4|36 avg=0 
20180504-172940<DEBUG:0xf7ca6700>: [net dbg] [TransferMessageProcess] [frame 31] total process 3577/38=102 trans message
20180504-172940<DEBUG:0xf7ca6700>: [net dbg] [SendNetMsgToTransfer] frame=36 send=1/3|37 avg=0 
20180504-172940<DEBUG:0xf7ca6700>: [net dbg] [SendNetMsgToTransfer] frame=37 send=1/2|38 avg=0 
20180504-172940<DEBUG:0xf7ca6700>: [net dbg] [TransferMessageProcess] [frame 35] total process 3866/42=104 trans message
20180504-172941<DEBUG:0xf7ca6700>: [net dbg] [SendNetMsgToTransfer] frame=38 send=1/1|39 avg=0 
20180504-172941<DEBUG:0xf7ca6700>: [net dbg] [TransferMessageProcess] [frame 37] total process 3996/43=105 trans message
20180504-172941<DEBUG:0xf7ca6700>: [net dbg] [SendNetMsgToTransfer] frame=39 send=1/0|40 avg=0 
20180504-172941<DEBUG:0xf7ca6700>: [net dbg] [TransferMessageProcess] [frame 38] total process 4163/45=106 trans message
20180504-172941<DEBUG:0xf7ca6700>: [net dbg] [TransferMessageProcess] [frame 39] total process 4224/46=76 trans message
20180504-172942<DEBUG:0xf7ca6700>: [net dbg] [SendNetMsgToTransfer] frame=64 send=1/1|1 avg=0 
20180504-172942<DEBUG:0xf7ca6700>: [net dbg] [TransferMessageProcess] [frame 55] total process 4354/47=68 trans message
20180504-172942<DEBUG:0xf7ca6700>: [net dbg] [SendNetMsgToTransfer] frame=65 send=1/0|2 avg=0 
20180504-172942<DEBUG:0xf7ca6700>: [net dbg] [TransferMessageProcess] [frame 64] total process 4415/48=60 trans message
20180504-172943<DEBUG:0xf7ca6700>: [net dbg] [TransferMessageProcess] [frame 73] total process 4545/49=49 trans message
20180504-172944<DEBUG:0xf7ca6700>: [net dbg] [SendNetMsgToTransfer] frame=96 send=1/1|1 avg=0 
20180504-172944<DEBUG:0xf7ca6700>: [net dbg] [TransferMessageProcess] [frame 91] total process 4675/50=48 trans message
20180504-172944<DEBUG:0xf7ca6700>: [net dbg] [SendNetMsgToTransfer] frame=97 send=1/0|2 avg=0 
20180504-172944<DEBUG:0xf7ca6700>: [net dbg] [TransferMessageProcess] [frame 96] total process 4736/51=48 trans message
20180504-172944<DEBUG:0xf7ca6700>: [net dbg] [TransferMessageProcess] [frame 98] total process 4797/52=44 trans message
20180504-172945<DEBUG:0xf7ca6700>: [net dbg] [TransferMessageProcess] [frame 109] total process 4927/53=38 trans message
20180504-172946<DEBUG:0xf7ca6700>: [net dbg] [SendNetMsgToTransfer] frame=128 send=1/1|1 avg=0 
20180504-172946<DEBUG:0xf7ca6700>: [net dbg] [SendNetMsgToTransfer] frame=129 send=1/0|2 avg=0 
20180504-172946<DEBUG:0xf7ca6700>: [net dbg] [TransferMessageProcess] [frame 127] total process 5057/54=39 trans message
20180504-172946<DEBUG:0xf7ca6700>: [net dbg] [TransferMessageProcess] [frame 129] total process 5118/55=39 trans message
20180504-172946<DEBUG:0xf7ca6700>: [net dbg] [TransferMessageProcess] [frame 130] total process 5179/56=35 trans message
20180504-172947<DEBUG:0xf7ca6700>: [net dbg] [SendNetMsgToTransfer] frame=160 send=1/1|1 avg=0 
20180504-172947<DEBUG:0xf7ca6700>: [net dbg] [SendNetMsgToTransfer] frame=161 send=1/0|2 avg=0 
20180504-172947<DEBUG:0xf7ca6700>: [net dbg] [TransferMessageProcess] [frame 145] total process 5309/57=32 trans message
20180504-172947<DEBUG:0xf7ca6700>: [net dbg] [TransferMessageProcess] [frame 161] total process 5431/59=33 trans message
20180504-172958<INFO :0xf7ca6700>: [Gateway Kick] Can't find account test001
20180504-173000<INFO :0xf7ca6700>: [SystimeTask] timetask [Ln53 17:30]  is time up [Frame 384], execute script 1214543344:{\script\online\jpz_event\first_tong\first_tong_init.lua}
20180504-173009<INFO :0xf7ca6700>: gs ping goddess[result=1], CurFrame[556] LastFrame[15] NewFrame[556]
20180504-173009<INFO :0xf7ca6700>: receieve goddess ping reply, goddess time = 21968163
20180504-173018<ERROR:0xf7ca6700>: gs ping bishop[result=1], CurFrame[719] LastFrame[358] NewFrame[719]
20180504-173018<INFO :0xf7ca6700>: [BiShopPing] Ping return at 20292665.
20180504-173022<INFO :0xf7ca6700>: [LOGIN/OUT] connection created ln:0 from 198.199.98.246.
20180504-173022<ERROR:0xf7ca6700>: Recv data error, shutdown(linkindex:0)
20180504-173022<INFO :0xf7ca6700>: [LOGIN/OUT] connection lost ln:0 (not attached)
20180504-173023<INFO :0xf7ca6700>: [LOGIN/OUT] G2B_ROLE_LOGIN_PERMIT permit acc:test001 role:conlon1.
20180504-173024<INFO :0xf7ca6700>: [LOGIN/OUT] connection created ln:0 from 14.188.242.108.
20180504-173024<INFO :0xf7ca6700>: Found player[1] test001(conlon1) is logging in system!Ip:14.188.242.108 mac:C49D-ED1D-8CEC
20180504-173024<INFO :0xf7ca6700>: [CheckCRC] LoadPlayerBaseInfo(test001, conlon1) dwCRC=C1FF7E4B len=5588
20180504-173024<INFO :0xf7ca6700>: [PlayerItem] acc=test001, @svr=0/300000
20180504-173024<INFO :0xf7ca6700>: [PlayerItem] load=45/45 acc=test001 @svr=45/300000
20180504-173024<WARN :0xf7ca6700>: g_GetScript find unpreloaded file [\script\misc\autocleaner\autocleaner_head.lua]
20180504-173024<INFO :0xf7ca6700>: PlayerName = conlon1, sucess load itemlock head data; 72, 72
20180504-173024<INFO :0xf7ca6700>: PlayerName = conlon1, 0, 0, 0, 0
20180504-173024<ERROR:0xf7ca6700>: [Weapon Effect Error]Weapon effect save data of player conlon1 is INVALID.
20180504-173025<INFO :0xf7ca6700>: [LOGIN/OUT] C2G_ROLE_LOGIN success, idx:1, ln:0, acc:test001, role:conlon1 lv:90
20180504-173044<ERROR:0xf7ca6700>: gs ping bishop[result=1], CurFrame[1184] LastFrame[823] NewFrame[1184]
20180504-173044<INFO :0xf7ca6700>: [BiShopPing] Ping return at 20322479.
20180504-173054<INFO :0xf7ca6700>: [Gateway Kick] Can't find account test002
20180504-173055<INFO :0xf7ca6700>: gs ping goddess[result=1], CurFrame[1379] LastFrame[838] NewFrame[1379]
20180504-173055<INFO :0xf7ca6700>: receieve goddess ping reply, goddess time = 22025319
20180504-173100<INFO :0xf7ca6700>: [SystimeTask] timetask [Ln54 17:31]  is time up [Frame 1472], execute script 1667881543:{\script\online_activites\2010_12\activity_05\head.lua}
20180504-173114<ERROR:0xf7ca6700>: gs ping bishop[result=1], CurFrame[1725] LastFrame[1364] NewFrame[1725]
20180504-173114<INFO :0xf7ca6700>: [BiShopPing] Ping return at 20357264.
20180504-173118<WARN :0xf7ca6700>: # GameLogicSpeed : 17 fps.(abnormal!!!)
20180504-173121<INFO :0xf7ca6700>: [Gateway Kick] Can't find account test003
20180504-173124<INFO :0xf7ca6700>: [LOGIN/OUT] G2B_ROLE_LOGIN_PERMIT permit acc:test002 role:xiaomi.
20180504-173125<INFO :0xf7ca6700>: gs ping goddess[result=1], CurFrame[1920] LastFrame[1379] NewFrame[1920]
20180504-173125<INFO :0xf7ca6700>: receieve goddess ping reply, goddess time = 22062889
20180504-173126<INFO :0xf7ca6700>: [LOGIN/OUT] connection created ln:1 from 14.188.242.108.
20180504-173126<INFO :0xf7ca6700>: Found player[2] test002(xiaomi) is logging in system!Ip:14.188.242.108 mac:0026-82F1-FD58
20180504-173126<INFO :0xf7ca6700>: [CheckCRC] LoadPlayerBaseInfo(test002, xiaomi) dwCRC=427781ED len=4657
20180504-173126<INFO :0xf7ca6700>: [PlayerItem] acc=test002, @svr=45/300000
20180504-173126<INFO :0xf7ca6700>: [PlayerItem] load=32/32 acc=test002 @svr=77/300000
20180504-173126<INFO :0xf7ca6700>: PlayerName = xiaomi, sucess load itemlock head data; 72, 72
20180504-173126<INFO :0xf7ca6700>: PlayerName = xiaomi, 0, 0, 0, 0
20180504-173126<ERROR:0xf7ca6700>: [Weapon Effect Error]Weapon effect save data of player xiaomi is INVALID.
20180504-173126<INFO :0xf7ca6700>: [LOGIN/OUT] C2G_ROLE_LOGIN success, idx:2, ln:1, acc:test002, role:xiaomi lv:90
20180504-173140<ERROR:0xf7ca6700>: Recv data error, shutdown(linkindex:1)
20180504-173140<INFO :0xf7ca6700>: [LOGIN/OUT] Connection[1] lost, idx:2, acc:test002, role:xiaomi, GameStatus:PlayerPlaying, ExchangeStatus:ExchangeBegin, LastPingTime:[2018-05-04 17:31:38]
20180504-173140<INFO :0xf7ca6700>: PlayerName = xiaomi, KItemLockMgr::SaveData, 0, 0, 0
20180504-173140<INFO :0xf7ca6700>: [CheckCRC] UpdateDBPlayerInfo(test002, xiaomi) dwCRC=E09B0A43 dwDataLen=4648
20180504-173140<INFO :0xf7ca6700>: [SavePlayerData] send save request to goddess bUnLock=1, acc:test002, role:xiaomi
20180504-173140<INFO :0xf7ca6700>: [LOGIN/OUT] G2B_ROLE_LOGOUT idx:2, acc:test002, role:xiaomi
20180504-173140<INFO :0xf7ca6700>: acc:test002 leave game!
20180504-173140<INFO :0xf7ca6700>: Remove player object . acc test002, role xiaomi
20180504-173145<INFO :0xf7ca6700>: [Gateway Kick] Can't find account test002
20180504-173150<INFO :0xf7ca6700>: [LOGIN/OUT] G2B_ROLE_LOGIN_PERMIT permit acc:test003 role:duongfmon.
20180504-173150<INFO :0xf7ca6700>: [LOGIN/OUT] connection created ln:1 from 14.188.242.108.
20180504-173150<INFO :0xf7ca6700>: Found player[2] test003(duongfmon) is logging in system!Ip:14.188.242.108 mac:C49D-ED1D-8CEC
20180504-173150<INFO :0xf7ca6700>: [CheckCRC] LoadPlayerBaseInfo(test003, duongfmon) dwCRC=C09A6B49 len=5432
20180504-173150<INFO :0xf7ca6700>: [PlayerItem] acc=test003, @svr=45/300000
20180504-173150<INFO :0xf7ca6700>: [PlayerItem] load=44/44 acc=test003 @svr=89/300000
20180504-173150<INFO :0xf7ca6700>: PlayerName = duongfmon, sucess load itemlock head data; 72, 72
20180504-173150<INFO :0xf7ca6700>: PlayerName = duongfmon, 0, 0, 0, 0
20180504-173150<ERROR:0xf7ca6700>: [Weapon Effect Error]Weapon effect save data of player duongfmon is INVALID.
20180504-173150<INFO :0xf7ca6700>: [LOGIN/OUT] C2G_ROLE_LOGIN success, idx:2, ln:1, acc:test003, role:duongfmon lv:90
20180504-173209<INFO :0xf7ca6700>: [LOGIN/OUT] G2B_ROLE_LOGIN_PERMIT permit acc:test002 role:xiaomi.
20180504-173210<INFO :0xf7ca6700>: [LOGIN/OUT] connection created ln:2 from 14.188.242.108.
20180504-173210<INFO :0xf7ca6700>: Found player[3] test002(xiaomi) is logging in system!Ip:14.188.242.108 mac:0026-82F1-FD58
20180504-173210<INFO :0xf7ca6700>: [CheckCRC] LoadPlayerBaseInfo(test002, xiaomi) dwCRC=E09B0A43 len=4648
20180504-173210<INFO :0xf7ca6700>: [PlayerItem] acc=test002, @svr=89/300000
20180504-173210<INFO :0xf7ca6700>: [PlayerItem] load=32/32 acc=test002 @svr=121/300000
20180504-173210<INFO :0xf7ca6700>: PlayerName = xiaomi, sucess load itemlock head data; 72, 72
20180504-173210<INFO :0xf7ca6700>: PlayerName = xiaomi, 0, 0, 0, 0
20180504-173210<ERROR:0xf7ca6700>: [Weapon Effect Error]Weapon effect save data of player xiaomi is INVALID.
20180504-173210<INFO :0xf7ca6700>: [LOGIN/OUT] C2G_ROLE_LOGIN success, idx:3, ln:2, acc:test002, role:xiaomi lv:90
20180504-173215<WARN :0xf7ca6700>: # GameLogicSpeed : 17 fps.(abnormal!!!)
20180504-173230<ERROR:0xf7ca6700>: gs ping bishop[result=1], CurFrame[3084] LastFrame[2723] NewFrame[3084]
20180504-173230<INFO :0xf7ca6700>: [BiShopPing] Ping return at 20444396.
20180504-173238<INFO :0xf7ca6700>: [Frame debug] Frame 3240
20180504-173240<INFO :0xf7ca6700>: gs ping goddess[result=1], CurFrame[3266] LastFrame[2725] NewFrame[3266]
20180504-173240<INFO :0xf7ca6700>: receieve goddess ping reply, goddess time = 22156357
20180504-173250<ERROR:0xf7ca6700>: gs ping bishop[result=1], CurFrame[3445] LastFrame[3084] NewFrame[3445]
20180504-173250<INFO :0xf7ca6700>: [BiShopPing] Ping return at 20467509.
20180504-173310<ERROR:0xf7ca6700>: gs ping bishop[result=1], CurFrame[3806] LastFrame[3445] NewFrame[3806]
20180504-173310<INFO :0xf7ca6700>: [BiShopPing] Ping return at 20490622.
20180504-173310<INFO :0xf7ca6700>: gs ping goddess[result=1], CurFrame[3807] LastFrame[3266] NewFrame[3807]
20180504-173310<INFO :0xf7ca6700>: receieve goddess ping reply, goddess time = 22193932
20180504-173330<ERROR:0xf7ca6700>: gs ping bishop[result=1], CurFrame[4167] LastFrame[3806] NewFrame[4167]
20180504-173330<INFO :0xf7ca6700>: [BiShopPing] Ping return at 20513736.
20180504-173340<INFO :0xf7ca6700>: gs ping goddess[result=1], CurFrame[4348] LastFrame[3807] NewFrame[4348]
20180504-173340<INFO :0xf7ca6700>: receieve goddess ping reply, goddess time = 22231508
20180504-173350<ERROR:0xf7ca6700>: gs ping bishop[result=1], CurFrame[4528] LastFrame[4167] NewFrame[4528]
20180504-173350<INFO :0xf7ca6700>: [BiShopPing] Ping return at 20536966.
20180504-173409<WARN :0xf7ca6700>: # GameLogicSpeed : 17 fps.(abnormal!!!)
20180504-173410<INFO :0xf7ca6700>: gs ping goddess[result=1], CurFrame[4889] LastFrame[4348] NewFrame[4889]
20180504-173410<ERROR:0xf7ca6700>: gs ping bishop[result=1], CurFrame[4889] LastFrame[4528] NewFrame[4889]
20180504-173410<INFO :0xf7ca6700>: receieve goddess ping reply, goddess time = 22269073
20180504-173410<INFO :0xf7ca6700>: [BiShopPing] Ping return at 20560079.
20180504-173430<ERROR:0xf7ca6700>: gs ping bishop[result=1], CurFrame[5250] LastFrame[4889] NewFrame[5250]
20180504-173430<INFO :0xf7ca6700>: [BiShopPing] Ping return at 20583191.
20180504-173440<INFO :0xf7ca6700>: gs ping goddess[result=1], CurFrame[5430] LastFrame[4889] NewFrame[5430]
20180504-173440<INFO :0xf7ca6700>: receieve goddess ping reply, goddess time = 22306642
20180504-173450<ERROR:0xf7ca6700>: gs ping bishop[result=1], CurFrame[5611] LastFrame[5250] NewFrame[5611]
20180504-173450<INFO :0xf7ca6700>: [BiShopPing] Ping return at 20606420.
20180504-173510<INFO :0xf7ca6700>: gs ping goddess[result=1], CurFrame[5971] LastFrame[5430] NewFrame[5971]
20180504-173510<INFO :0xf7ca6700>: receieve goddess ping reply, goddess time = 22344215
20180504-173510<ERROR:0xf7ca6700>: gs ping bishop[result=1], CurFrame[5972] LastFrame[5611] NewFrame[5972]
20180504-173510<INFO :0xf7ca6700>: [BiShopPing] Ping return at 20629530.
20180504-173530<ERROR:0xf7ca6700>: gs ping bishop[result=1], CurFrame[6333] LastFrame[5972] NewFrame[6333]
20180504-173530<INFO :0xf7ca6700>: [BiShopPing] Ping return at 20652641.
20180504-173538<INFO :0xf7ca6700>: [Frame debug] Frame 6480
20180504-173540<INFO :0xf7ca6700>: gs ping goddess[result=1], CurFrame[6512] LastFrame[5971] NewFrame[6512]
20180504-173540<INFO :0xf7ca6700>: receieve goddess ping reply, goddess time = 22381780
20180504-173550<ERROR:0xf7ca6700>: gs ping bishop[result=1], CurFrame[6694] LastFrame[6333] NewFrame[6694]
20180504-173550<INFO :0xf7ca6700>: [BiShopPing] Ping return at 20675754.
20180504-173610<INFO :0xf7ca6700>: gs ping goddess[result=1], CurFrame[7053] LastFrame[6512] NewFrame[7053]
20180504-173610<INFO :0xf7ca6700>: receieve goddess ping reply, goddess time = 22419362
20180504-173610<ERROR:0xf7ca6700>: gs ping bishop[result=1], CurFrame[7055] LastFrame[6694] NewFrame[7055]
20180504-173610<INFO :0xf7ca6700>: [BiShopPing] Ping return at 20698979.
20180504-173630<ERROR:0xf7ca6700>: gs ping bishop[result=1], CurFrame[7416] LastFrame[7055] NewFrame[7416]
20180504-173630<INFO :0xf7ca6700>: [BiShopPing] Ping return at 20722091.
20180504-173640<ERROR:0xf7ca6700>: [Script] [4042852611, 1800]{/script/online_activites/treasure_box/trigger.lua}remove a none copy map dialog npc[350:T­¬ng D­¬ng].[28838:Th­¬ng nh©n T©y Vùc].
20180504-173640<ERROR:0xf7ca6700>: [Script] [4042852611, 1500]{/script/online_activites/treasure_box/trigger.lua}remove a none copy map dialog npc[510:D­îc V­¬ng ®éng].[28839:D­îc Nh©n Th¶o].
20180504-173640<ERROR:0xf7ca6700>: [Script] [4042852611, 1500]{/script/online_activites/treasure_box/trigger.lua}remove a none copy map dialog npc[510:D­îc V­¬ng ®éng].[28840:D­îc Nh©n Th¶o].
20180504-173640<ERROR:0xf7ca6700>: [Script] [4042852611, 1500]{/script/online_activites/treasure_box/trigger.lua}remove a none copy map dialog npc[510:D­îc V­¬ng ®éng].[28841:D­îc Nh©n Th¶o].
20180504-173640<ERROR:0xf7ca6700>: [Script] [4042852611, 1500]{/script/online_activites/treasure_box/trigger.lua}remove a none copy map dialog npc[510:D­îc V­¬ng ®éng].[28842:D­îc Nh©n Th¶o].
20180504-173640<ERROR:0xf7ca6700>: [Script] [4042852611, 1500]{/script/online_activites/treasure_box/trigger.lua}remove a none copy map dialog npc[510:D­îc V­¬ng ®éng].[28843:D­îc Nh©n Th¶o].
20180504-173640<ERROR:0xf7ca6700>: [Script] [4042852611, 1500]{/script/online_activites/treasure_box/trigger.lua}remove a none copy map dialog npc[510:D­îc V­¬ng ®éng].[28844:D­îc Nh©n Th¶o].
20180504-173640<ERROR:0xf7ca6700>: [Script] [4042852611, 1500]{/script/online_activites/treasure_box/trigger.lua}remove a none copy map dialog npc[510:D­îc V­¬ng ®éng].[28845:D­îc Nh©n Th¶o].
20180504-173640<ERROR:0xf7ca6700>: [Script] [4042852611, 1500]{/script/online_activites/treasure_box/trigger.lua}remove a none copy map dialog npc[510:D­îc V­¬ng ®éng].[28846:D­îc Nh©n Th¶o].
20180504-173640<ERROR:0xf7ca6700>: [Script] [4042852611, 1500]{/script/online_activites/treasure_box/trigger.lua}remove a none copy map dialog npc[510:D­îc V­¬ng ®éng].[28847:D­îc Nh©n Th¶o].
20180504-173640<ERROR:0xf7ca6700>: [Script] [4042852611, 1500]{/script/online_activites/treasure_box/trigger.lua}remove a none copy map dialog npc[510:D­îc V­¬ng ®éng].[28848:D­îc Nh©n Th¶o].
20180504-173640<ERROR:0xf7ca6700>: [Script] [4042852611, 1500]{/script/online_activites/treasure_box/trigger.lua}remove a none copy map dialog npc[510:D­îc V­¬ng ®éng].[28849:D­îc Nh©n Th¶o].
20180504-173640<ERROR:0xf7ca6700>: [Script] [4042852611, 1500]{/script/online_activites/treasure_box/trigger.lua}remove a none copy map dialog npc[510:D­îc V­¬ng ®éng].[28850:D­îc Nh©n Th¶o].
20180504-173640<ERROR:0xf7ca6700>: [Script] [4042852611, 1500]{/script/online_activites/treasure_box/trigger.lua}remove a none copy map dialog npc[510:D­îc V­¬ng ®éng].[28851:D­îc Nh©n Th¶o].
20180504-173640<ERROR:0xf7ca6700>: [Script] [4042852611, 1500]{/script/online_activites/treasure_box/trigger.lua}remove a none copy map dialog npc[510:D­îc V­¬ng ®éng].[28852:D­îc Nh©n Th¶o].
20180504-173640<ERROR:0xf7ca6700>: [Script] [4042852611, 1500]{/script/online_activites/treasure_box/trigger.lua}remove a none copy map dialog npc[510:D­îc V­¬ng ®éng].[28853:D­îc Nh©n Th¶o].
20180504-173640<ERROR:0xf7ca6700>: [Script] [4042852611, 1500]{/script/online_activites/treasure_box/trigger.lua}remove a none copy map dialog npc[510:D­îc V­¬ng ®éng].[28854:D­îc Nh©n Th¶o].
20180504-173640<ERROR:0xf7ca6700>: [Script] [4042852611, 1500]{/script/online_activites/treasure_box/trigger.lua}remove a none copy map dialog npc[510:D­îc V­¬ng ®éng].[28855:D­îc Nh©n Th¶o].
20180504-173640<ERROR:0xf7ca6700>: [Script] [4042852611, 1500]{/script/online_activites/treasure_box/trigger.lua}remove a none copy map dialog npc[510:D­îc V­¬ng ®éng].[28856:D­îc Nh©n Th¶o].
20180504-173640<ERROR:0xf7ca6700>: [Script] [4042852611, 1500]{/script/online_activites/treasure_box/trigger.lua}remove a none copy map dialog npc[510:D­îc V­¬ng ®éng].[28857:D­îc Nh©n Th¶o].
20180504-173640<ERROR:0xf7ca6700>: [Script] [4042852611, 1500]{/script/online_activites/treasure_box/trigger.lua}remove a none copy map dialog npc[510:D­îc V­¬ng ®éng].[28858:D­îc Nh©n Th¶o].
20180504-173640<ERROR:0xf7ca6700>: [Script] [4042852611, 1500]{/script/online_activites/treasure_box/trigger.lua}remove a none copy map dialog npc[510:D­îc V­¬ng ®éng].[28859:D­îc Nh©n Th¶o].
20180504-173640<ERROR:0xf7ca6700>: [Script] [4042852611, 1500]{/script/online_activites/treasure_box/trigger.lua}remove a none copy map dialog npc[510:D­îc V­¬ng ®éng].[28860:D­îc Nh©n Th¶o].
20180504-173640<ERROR:0xf7ca6700>: [Script] [4042852611, 1500]{/script/online_activites/treasure_box/trigger.lua}remove a none copy map dialog npc[510:D­îc V­¬ng ®éng].[28861:D­îc Nh©n Th¶o].
20180504-173640<ERROR:0xf7ca6700>: [Script] [4042852611, 1500]{/script/online_activites/treasure_box/trigger.lua}remove a none copy map dialog npc[510:D­îc V­¬ng ®éng].[28862:D­îc Nh©n Th¶o].
20180504-173640<ERROR:0xf7ca6700>: [Script] [4042852611, 1500]{/script/online_activites/treasure_box/trigger.lua}remove a none copy map dialog npc[510:D­îc V­¬ng ®éng].[28863:D­îc Nh©n Th¶o].
20180504-173640<ERROR:0xf7ca6700>: [Script] [4042852611, 1500]{/script/online_activites/treasure_box/trigger.lua}remove a none copy map dialog npc[510:D­îc V­¬ng ®éng].[28864:D­îc Nh©n Th¶o].
20180504-173640<ERROR:0xf7ca6700>: [Script] [4042852611, 1500]{/script/online_activites/treasure_box/trigger.lua}remove a none copy map dialog npc[510:D­îc V­¬ng ®éng].[28865:D­îc Nh©n Th¶o].
20180504-173640<ERROR:0xf7ca6700>: [Script] [4042852611, 1500]{/script/online_activites/treasure_box/trigger.lua}remove a none copy map dialog npc[510:D­îc V­¬ng ®éng].[28866:D­îc Nh©n Th¶o].
20180504-173640<ERROR:0xf7ca6700>: [Script] [4042852611, 1500]{/script/online_activites/treasure_box/trigger.lua}remove a none copy map dialog npc[510:D­îc V­¬ng ®éng].[28867:D­îc Nh©n Th¶o].
20180504-173640<ERROR:0xf7ca6700>: [Script] [4042852611, 1500]{/script/online_activites/treasure_box/trigger.lua}remove a none copy map dialog npc[510:D­îc V­¬ng ®éng].[28868:D­îc Nh©n Th¶o].
20180504-173640<ERROR:0xf7ca6700>: [Script] [4042852611, 1500]{/script/online_activites/treasure_box/trigger.lua}remove a none copy map dialog npc[510:D­îc V­¬ng ®éng].[28869:D­îc Nh©n Th¶o].
20180504-173640<ERROR:0xf7ca6700>: [Script] [4042852611, 1500]{/script/online_activites/treasure_box/trigger.lua}remove a none copy map dialog npc[510:D­îc V­¬ng ®éng].[28870:D­îc Nh©n Th¶o].
20180504-173640<ERROR:0xf7ca6700>: [Script] [4042852611, 1500]{/script/online_activites/treasure_box/trigger.lua}remove a none copy map dialog npc[510:D­îc V­¬ng ®éng].[28871:D­îc Nh©n Th¶o].
20180504-173640<ERROR:0xf7ca6700>: [Script] [4042852611, 1500]{/script/online_activites/treasure_box/trigger.lua}remove a none copy map dialog npc[510:D­îc V­¬ng ®éng].[28872:D­îc Nh©n Th¶o].
20180504-173640<ERROR:0xf7ca6700>: [Script] [4042852611, 1500]{/script/online_activites/treasure_box/trigger.lua}remove a none copy map dialog npc[510:D­îc V­¬ng ®éng].[28873:D­îc Nh©n Th¶o].
20180504-173640<ERROR:0xf7ca6700>: [Script] [4042852611, 1500]{/script/online_activites/treasure_box/trigger.lua}remove a none copy map dialog npc[506:Mª cung sa m¹c].[28874:TÝch D­¬ng c¨n].
20180504-173640<ERROR:0xf7ca6700>: [Script] [4042852611, 1500]{/script/online_activites/treasure_box/trigger.lua}remove a none copy map dialog npc[506:Mª cung sa m¹c].[28875:TÝch D­¬ng c¨n].
20180504-173640<ERROR:0xf7ca6700>: [Script] [4042852611, 1500]{/script/online_activites/treasure_box/trigger.lua}remove a none copy map dialog npc[506:Mª cung sa m¹c].[28876:TÝch D­¬ng c¨n].
20180504-173640<ERROR:0xf7ca6700>: [Script] [4042852611, 1500]{/script/online_activites/treasure_box/trigger.lua}remove a none copy map dialog npc[506:Mª cung sa m¹c].[28877:TÝch D­¬ng c¨n].
20180504-173640<ERROR:0xf7ca6700>: [Script] [4042852611, 1500]{/script/online_activites/treasure_box/trigger.lua}remove a none copy map dialog npc[506:Mª cung sa m¹c].[28878:TÝch D­¬ng c¨n].
20180504-173640<ERROR:0xf7ca6700>: [Script] [4042852611, 1500]{/script/online_activites/treasure_box/trigger.lua}remove a none copy map dialog npc[506:Mª cung sa m¹c].[28879:TÝch D­¬ng c¨n].
20180504-173640<ERROR:0xf7ca6700>: [Script] [4042852611, 1500]{/script/online_activites/treasure_box/trigger.lua}remove a none copy map dialog npc[506:Mª cung sa m¹c].[28880:TÝch D­¬ng c¨n].
20180504-173640<ERROR:0xf7ca6700>: [Script] [4042852611, 1500]{/script/online_activites/treasure_box/trigger.lua}remove a none copy map dialog npc[506:Mª cung sa m¹c].[28881:TÝch D­¬ng c¨n].
20180504-173640<ERROR:0xf7ca6700>: [Script] [4042852611, 1500]{/script/online_activites/treasure_box/trigger.lua}remove a none copy map dialog npc[506:Mª cung sa m¹c].[28882:TÝch D­¬ng c¨n].
20180504-173640<ERROR:0xf7ca6700>: [Script] [4042852611, 1500]{/script/online_activites/treasure_box/trigger.lua}remove a none copy map dialog npc[506:Mª cung sa m¹c].[28883:TÝch D­¬ng c¨n].
20180504-173640<ERROR:0xf7ca6700>: [Script] [4042852611, 1500]{/script/online_activites/treasure_box/trigger.lua}remove a none copy map dialog npc[506:Mª cung sa m¹c].[28884:TÝch D­¬ng c¨n].
20180504-173640<ERROR:0xf7ca6700>: [Script] [4042852611, 1500]{/script/online_activites/treasure_box/trigger.lua}remove a none copy map dialog npc[506:Mª cung sa m¹c].[28885:TÝch D­¬ng c¨n].
20180504-173640<ERROR:0xf7ca6700>: [Script] [4042852611, 1500]{/script/online_activites/treasure_box/trigger.lua}remove a none copy map dialog npc[506:Mª cung sa m¹c].[28886:TÝch D­¬ng c¨n].
20180504-173640<ERROR:0xf7ca6700>: [Script] [4042852611, 1500]{/script/online_activites/treasure_box/trigger.lua}remove a none copy map dialog npc[506:Mª cung sa m¹c].[28887:TÝch D­¬ng c¨n].
20180504-173640<ERROR:0xf7ca6700>: [Script] [4042852611, 1500]{/script/online_activites/treasure_box/trigger.lua}remove a none copy map dialog npc[506:Mª cung sa m¹c].[28888:TÝch D­¬ng c¨n].
20180504-173640<ERROR:0xf7ca6700>: [Script] [4042852611, 1500]{/script/online_activites/treasure_box/trigger.lua}remove a none copy map dialog npc[506:Mª cung sa m¹c].[28889:TÝch D­¬ng c¨n].
20180504-173640<ERROR:0xf7ca6700>: [Script] [4042852611, 1500]{/script/online_activites/treasure_box/trigger.lua}remove a none copy map dialog npc[506:Mª cung sa m¹c].[28890:TÝch D­¬ng c¨n].
20180504-173640<ERROR:0xf7ca6700>: [Script] [4042852611, 1500]{/script/online_activites/treasure_box/trigger.lua}remove a none copy map dialog npc[506:Mª cung sa m¹c].[28891:TÝch D­¬ng c¨n].
20180504-173640<ERROR:0xf7ca6700>: [Script] [4042852611, 1500]{/script/online_activites/treasure_box/trigger.lua}remove a none copy map dialog npc[506:Mª cung sa m¹c].[28892:TÝch D­¬ng c¨n].
20180504-173640<ERROR:0xf7ca6700>: [Script] [4042852611, 1500]{/script/online_activites/treasure_box/trigger.lua}remove a none copy map dialog npc[506:Mª cung sa m¹c].[28893:TÝch D­¬ng c¨n].
20180504-173640<ERROR:0xf7ca6700>: [Script] [4042852611, 1500]{/script/online_activites/treasure_box/trigger.lua}remove a none copy map dialog npc[506:Mª cung sa m¹c].[28894:TÝch D­¬ng c¨n].
20180504-173640<ERROR:0xf7ca6700>: [Script] [4042852611, 1500]{/script/online_activites/treasure_box/trigger.lua}remove a none copy map dialog npc[506:Mª cung sa m¹c].[28895:TÝch D­¬ng c¨n].
20180504-173640<ERROR:0xf7ca6700>: [Script] [4042852611, 1500]{/script/online_activites/treasure_box/trigger.lua}remove a none copy map dialog npc[506:Mª cung sa m¹c].[28896:TÝch D­¬ng c¨n].
20180504-173640<ERROR:0xf7ca6700>: [Script] [4042852611, 1500]{/script/online_activites/treasure_box/trigger.lua}remove a none copy map dialog npc[506:Mª cung sa m¹c].[28897:TÝch D­¬ng c¨n].
20180504-173640<ERROR:0xf7ca6700>: [Script] [4042852611, 1500]{/script/online_activites/treasure_box/trigger.lua}remove a none copy map dialog npc[506:Mª cung sa m¹c].[28898:TÝch D­¬ng c¨n].
20180504-173640<ERROR:0xf7ca6700>: [Script] [4042852611, 1500]{/script/online_activites/treasure_box/trigger.lua}remove a none copy map dialog npc[506:Mª cung sa m¹c].[28899:TÝch D­¬ng c¨n].
20180504-173640<ERROR:0xf7ca6700>: [Script] [4042852611, 1500]{/script/online_activites/treasure_box/trigger.lua}remove a none copy map dialog npc[506:Mª cung sa m¹c].[28900:TÝch D­¬ng c¨n].
20180504-173640<ERROR:0xf7ca6700>: [Script] [4042852611, 1500]{/script/online_activites/treasure_box/trigger.lua}remove a none copy map dialog npc[506:Mª cung sa m¹c].[28901:TÝch D­¬ng c¨n].
20180504-173640<ERROR:0xf7ca6700>: [Script] [4042852611, 1500]{/script/online_activites/treasure_box/trigger.lua}remove a none copy map dialog npc[506:Mª cung sa m¹c].[28902:TÝch D­¬ng c¨n].
20180504-173640<ERROR:0xf7ca6700>: [Script] [4042852611, 1500]{/script/online_activites/treasure_box/trigger.lua}remove a none copy map dialog npc[506:Mª cung sa m¹c].[28903:TÝch D­¬ng c¨n].
20180504-173640<ERROR:0xf7ca6700>: [Script] [4042852611, 1500]{/script/online_activites/treasure_box/trigger.lua}remove a none copy map dialog npc[506:Mª cung sa m¹c].[28904:TÝch D­¬ng c¨n].
20180504-173640<ERROR:0xf7ca6700>: [Script] [4042852611, 1500]{/script/online_activites/treasure_box/trigger.lua}remove a none copy map dialog npc[506:Mª cung sa m¹c].[28905:TÝch D­¬ng c¨n].
20180504-173640<ERROR:0xf7ca6700>: [Script] [4042852611, 1500]{/script/online_activites/treasure_box/trigger.lua}remove a none copy map dialog npc[506:Mª cung sa m¹c].[28906:TÝch D­¬ng c¨n].
20180504-173640<ERROR:0xf7ca6700>: [Script] [4042852611, 1500]{/script/online_activites/treasure_box/trigger.lua}remove a none copy map dialog npc[506:Mª cung sa m¹c].[28907:TÝch D­¬ng c¨n].
20180504-173640<ERROR:0xf7ca6700>: [Script] [4042852611, 1500]{/script/online_activites/treasure_box/trigger.lua}remove a none copy map dialog npc[506:Mª cung sa m¹c].[28908:TÝch D­¬ng c¨n].
20180504-173640<ERROR:0xf7ca6700>: [Script] [4042852611, 1500]{/script/online_activites/treasure_box/trigger.lua}remove a none copy map dialog npc[506:Mª cung sa m¹c].[28909:TÝch D­¬ng c¨n].
20180504-173640<ERROR:0xf7ca6700>: [Script] [4042852611, 1500]{/script/online_activites/treasure_box/trigger.lua}remove a none copy map dialog npc[506:Mª cung sa m¹c].[28910:TÝch D­¬ng c¨n].
20180504-173640<ERROR:0xf7ca6700>: [Script] [4042852611, 1500]{/script/online_activites/treasure_box/trigger.lua}remove a none copy map dialog npc[506:Mª cung sa m¹c].[28911:TÝch D­¬ng c¨n].
20180504-173640<ERROR:0xf7ca6700>: [Script] [4042852611, 1500]{/script/online_activites/treasure_box/trigger.lua}remove a none copy map dialog npc[506:Mª cung sa m¹c].[28912:TÝch D­¬ng c¨n].
20180504-173640<ERROR:0xf7ca6700>: [Script] [4042852611, 1500]{/script/online_activites/treasure_box/trigger.lua}remove a none copy map dialog npc[506:Mª cung sa m¹c].[28913:TÝch D­¬ng c¨n].
20180504-173640<ERROR:0xf7ca6700>: [Script] [4042852611, 1500]{/script/online_activites/treasure_box/trigger.lua}remove a none copy map dialog npc[506:Mª cung sa m¹c].[28914:TÝch D­¬ng c¨n].
20180504-173640<ERROR:0xf7ca6700>: [Script] [4042852611, 1500]{/script/online_activites/treasure_box/trigger.lua}remove a none copy map dialog npc[506:Mª cung sa m¹c].[28915:TÝch D­¬ng c¨n].
20180504-173640<ERROR:0xf7ca6700>: [Script] [4042852611, 1500]{/script/online_activites/treasure_box/trigger.lua}remove a none copy map dialog npc[506:Mª cung sa m¹c].[28916:TÝch D­¬ng c¨n].
20180504-173640<ERROR:0xf7ca6700>: [Script] [4042852611, 1500]{/script/online_activites/treasure_box/trigger.lua}remove a none copy map dialog npc[506:Mª cung sa m¹c].[28917:TÝch D­¬ng c¨n].
20180504-173640<ERROR:0xf7ca6700>: [Script] [4042852611, 1500]{/script/online_activites/treasure_box/trigger.lua}remove a none copy map dialog npc[506:Mª cung sa m¹c].[28918:TÝch D­¬ng c¨n].
20180504-173640<ERROR:0xf7ca6700>: [Script] [4042852611, 1500]{/script/online_activites/treasure_box/trigger.lua}remove a none copy map dialog npc[506:Mª cung sa m¹c].[28919:TÝch D­¬ng c¨n].
20180504-173640<ERROR:0xf7ca6700>: [Script] [4042852611, 1500]{/script/online_activites/treasure_box/trigger.lua}remove a none copy map dialog npc[506:Mª cung sa m¹c].[28920:TÝch D­¬ng c¨n].
20180504-173640<ERROR:0xf7ca6700>: [Script] [4042852611, 1500]{/script/online_activites/treasure_box/trigger.lua}remove a none copy map dialog npc[506:Mª cung sa m¹c].[28921:TÝch D­¬ng c¨n].
20180504-173640<ERROR:0xf7ca6700>: [Script] [4042852611, 1500]{/script/online_activites/treasure_box/trigger.lua}remove a none copy map dialog npc[506:Mª cung sa m¹c].[28922:TÝch D­¬ng c¨n].
20180504-173640<ERROR:0xf7ca6700>: [Script] [4042852611, 1500]{/script/online_activites/treasure_box/trigger.lua}remove a none copy map dialog npc[506:Mª cung sa m¹c].[28923:TÝch D­¬ng c¨n].
20180504-173640<INFO :0xf7ca6700>: gs ping goddess[result=1], CurFrame[7594] LastFrame[7053] NewFrame[7594]
20180504-173640<INFO :0xf7ca6700>: receieve goddess ping reply, goddess time = 22456931
20180504-173650<ERROR:0xf7ca6700>: gs ping bishop[result=1], CurFrame[7777] LastFrame[7416] NewFrame[7777]
20180504-173650<INFO :0xf7ca6700>: [BiShopPing] Ping return at 20745204.
20180504-173710<INFO :0xf7ca6700>: gs ping goddess[result=1], CurFrame[8135] LastFrame[7594] NewFrame[8135]
20180504-173710<INFO :0xf7ca6700>: receieve goddess ping reply, goddess time = 22494501
20180504-173711<ERROR:0xf7ca6700>: gs ping bishop[result=1], CurFrame[8138] LastFrame[7777] NewFrame[8138]
20180504-173711<INFO :0xf7ca6700>: [BiShopPing] Ping return at 20768431.
20180504-173728<WARN :0xf7ca6700>: # GameLogicSpeed : 17 fps.(abnormal!!!)
20180504-173731<ERROR:0xf7ca6700>: gs ping bishop[result=1], CurFrame[8499] LastFrame[8138] NewFrame[8499]
20180504-173731<INFO :0xf7ca6700>: [BiShopPing] Ping return at 20791540.
20180504-173740<INFO :0xf7ca6700>: gs ping goddess[result=1], CurFrame[8676] LastFrame[8135] NewFrame[8676]
20180504-173740<INFO :0xf7ca6700>: receieve goddess ping reply, goddess time = 22532063
20180504-173742<WARN :0xf7ca6700>: # GameLogicSpeed : 17 fps.(abnormal!!!)
