ChangeLogFile: FirstWrite=1, CurrentLine=0/65536 LastTime=1900-1-0 0:0:0
20200208-235852<INFO :0xf7399700>: [KG_Goddess] Loading KG_Goddess.ini
20200208-235852<INFO :0xf7399700>: [verify_up2date]...
20200208-235852<INFO :0xf7399700>: >Current lang is [gb18030]
20200208-235852<INFO :0xf7399700>: >Welcome to use [verify_up2date](version: 2.3.4 [2018-02-25]) tool. 
20200208-235852<INFO :0xf7399700>: >Time duration: 7.473404ms 
20200208-235852<INFO :0xf7399700>: >
20200208-235852<INFO :0xf7399700>: >Finish, my exit code is: 0
20200208-235852<INFO :0xf7399700>: |shell cmd result is 0
20200208-235852<INFO :0xf7399700>: ExecShellCmd [./verify_up2date -op=vef -d="." ] ret=0
20200208-235852<INFO :0xf7399700>: [verify_up2date] ok
20200208-235852<INFO :0xf7399700>: [Goddess][Version:Aug 22 2014 15:43:09] Begin to start ... ...
20200208-235852<INFO :0xf7399700>: [KG_Goddess] Set log level ... ... KGLOG_UPTO(KGLOG_DEBUG)
20200208-235852<INFO :0xf7399700>: [KG_Goddess] Loaded KG_Angel, version 2.5
20200208-235852<INFO :0xf7399700>: [KG_Goddess] Initializing role database ...
20200208-235852<INFO :0xf7399700>: [KGD] Mysql info: client[5.1.69] host[Localhost via UNIX socket] server[5.5.64-MariaDB]
20200208-235852<DEBUG:0xf7399700>: [KGD] Success connect to localhost:3306, character set switch to latin1
20200208-235852<DEBUG:0xf7399700>: [KGD] KGD_PROCESS_ERROR(nRetCode, KGD_ERROR_NOT_SUPPORT), at line 1467 in (0x0x9401ff0)->_LoadTable()
20200208-235852<DEBUG:0xf7399700>: [KGD] (0x0x9401ff0)->_LoadTable("fightteam")
20200208-235852<DEBUG:0xf7399700>: [KGD] KGD_PROCESS_ERROR(nRetCode, KGD_ERROR_NOT_SUPPORT), at line 1467 in (0x0x9401ff0)->_LoadTable()
20200208-235852<DEBUG:0xf7399700>: [KGD] (0x0x9401ff0)->_LoadTable("playerfightteam")
20200208-235852<INFO :0xf7399700>: [KG_Goddess] Initializing role statistic ...
20200208-235852<INFO :0xf7399700>: [RoleStatistic] listen 127.0.0.1 : 6001 result=1
20200208-235852<INFO :0xf7399700>: [RoleStatistic] Listening at 127.0.0.1:6001
20200208-235852<INFO :0xf7399700>: [KG_Goddess] Initializing server manager ...
20200208-235852<INFO :0xf7399700>: [ServerManager] Listening at 127.0.0.1:5001
20200208-235852<INFO :0xf7399700>: [KG_Goddess] Started successful
20200208-235857<INFO :0xf670db40>: [ServerManager] RemoteServer from (127.0.0.1:48617) connect ok
20200208-235857<INFO :0xf670db40>: [ServerManager] Accept from (127.0.0.1:48617) SocketStream = 0xf5e00528
20200208-235857<INFO :0xf670db40>: [[Group 1 Server 00]] Server 0 created ok!
20200208-235857<INFO :0xf5dffb40>: [Group 1 Server 00] Started, service for 127.0.0.1:48617
20200208-235857<INFO :0xf5dffb40>: [KGD] Mysql info: client[5.1.69] host[Localhost via UNIX socket] server[5.5.64-MariaDB]
20200208-235857<DEBUG:0xf5dffb40>: [KGD] KGD_PROCESS_ERROR(nRetCode, KGD_ERROR_NOT_SUPPORT), at line 1467 in (0x0xf5400470)->_LoadTable()
20200208-235857<DEBUG:0xf5dffb40>: [KGD] (0x0xf5400470)->_LoadTable("fightteam")
20200208-235857<DEBUG:0xf5dffb40>: [KGD] KGD_PROCESS_ERROR(nRetCode, KGD_ERROR_NOT_SUPPORT), at line 1467 in (0x0xf5400470)->_LoadTable()
20200208-235857<DEBUG:0xf5dffb40>: [KGD] (0x0xf5400470)->_LoadTable("playerfightteam")
20200208-235857<DEBUG:0xf5dffb40>: [KGD] Success connect to localhost:3306, character set switch to latin1
20200208-235910<INFO :0xf670db40>: [ServerManager] RemoteServer from (127.0.0.1:57709) connect ok
20200208-235910<INFO :0xf670db40>: [ServerManager] Accept from (127.0.0.1:57709) SocketStream = 0xf5e00a30
20200208-235910<INFO :0xf670db40>: [[Group 1 Server 01]] Server 1 created ok!
20200208-235910<INFO :0xf53ffb40>: [Group 1 Server 01] Started, service for 127.0.0.1:57709
20200208-235910<INFO :0xf53ffb40>: [KGD] Mysql info: client[5.1.69] host[Localhost via UNIX socket] server[5.5.64-MariaDB]
20200208-235910<DEBUG:0xf53ffb40>: [KGD] KGD_PROCESS_ERROR(nRetCode, KGD_ERROR_NOT_SUPPORT), at line 1467 in (0x0xf4a00470)->_LoadTable()
20200208-235910<DEBUG:0xf53ffb40>: [KGD] (0x0xf4a00470)->_LoadTable("fightteam")
20200208-235910<DEBUG:0xf53ffb40>: [KGD] KGD_PROCESS_ERROR(nRetCode, KGD_ERROR_NOT_SUPPORT), at line 1467 in (0x0xf4a00470)->_LoadTable()
20200208-235910<DEBUG:0xf53ffb40>: [KGD] (0x0xf4a00470)->_LoadTable("playerfightteam")
20200208-235910<DEBUG:0xf53ffb40>: [KGD] Success connect to localhost:3306, character set switch to latin1
20200208-235911<INFO :0xf53ffb40>: [verify_up2date] GetUp2dateVersion: code=8DA68FCD
20200208-235911<DEBUG:0xf53ffb40>: [Group 1 Server 01] Enter _query_statistic_info()
20200208-235911<DEBUG:0xf53ffb40>: KGLOG_PROCESS_ERROR(piStatistic) at line 2088 in _query_statistic_info
20200208-235911<DEBUG:0xf53ffb40>: [Group 1 Server 01] Leave _query_statistic_info() size =0 ret=0
20200208-235916<DEBUG:0xf5dffb40>: [Group 1 Server 00] Enter _ping(time=2135239)
20200208-235932<INFO :0xf5dffb40>: [Group 1 Server 00] Query roles list of account "an"
20200208-235932<DEBUG:0xf5dffb40>: [Group 1 Server 00] Leave _query_role_list(an) uRoleCount=1 nResult=1
20200208-235935<INFO :0xf5dffb40>: [Group 1 Server 00] Get role "ioNaruto" nResult=1
20200208-235938<DEBUG:0xf53ffb40>: [ServerManager] Role "ioNaruto" locked by Server 01
20200208-235938<DEBUG:0xf53ffb40>: [Group 1 Server 01] Leave _lock_or_unlock_role(Role=ioNaruto, Lock=1) nResult=1
20200208-235955<DEBUG:0xf5dffb40>: [Group 1 Server 00] Enter _ping(time=2173410)
