ChangeLogFile: FirstWrite=1, CurrentLine=0/65535 LastTime=1900-1-0 0:0:0
20190603-134546<INFO :0xf7c9a700>: [GameSvr][Version:Nov 14 2014 15:55:00] begin start up...
20190603-134546<INFO :0xf7c9a700>: Succeeded in loading version.ini. Lower Version:341 Upper Version:345
20190603-134546<INFO :0xf7c9a700>: [verify_up2date]...
20190603-134546<INFO :0xf7c9a700>: >Current lang is [gb18030]
20190603-134546<INFO :0xf7c9a700>: >Welcome to use [verify_up2date](version: 2.3.4 [2018-02-25]) tool. 
20190603-134546<INFO :0xf7c9a700>: >Time duration: 17.059704ms 
20190603-134546<INFO :0xf7c9a700>: >
20190603-134546<INFO :0xf7c9a700>: >Finish, my exit code is: 0
20190603-134546<INFO :0xf7c9a700>: |shell cmd result is 0
20190603-134546<INFO :0xf7c9a700>: ExecShellCmd [./verify_up2date -op=vef -d="/home/xmission/gs" ] ret=0
20190603-134546<INFO :0xf7c9a700>: [verify_up2date] ok
20190603-134546<INFO :0xf7c9a700>: This ServerIP : 127.0.0.1 : 171.244.18.15
20190603-134546<INFO :0xf7c9a700>: [GameServer Type] RealmType=0, IsMatchRealm=0
20190603-134546<INFO :0xf7c9a700>: IS_KINGSOFT_INNER_VERSION=0|0
20190603-134546<INFO :0xf7c9a700>: IS_EXP_SVR=0|0
20190603-134546<ERROR:0xf7c9a700>: SetSpecialSwitch(Index=3,bOpen=1,AccessCode=1024232298) ok, result=1
20190603-134546<INFO :0xf7c9a700>: [GameServer] ServerCount=1, ServerIndex=1
20190603-134546<INFO :0xf7c9a700>: [GlovalVariable] gblvarDefaultCriticalHitRate=5
20190603-134546<INFO :0xf7c9a700>: [GlovalVariable] gblvarMinCriticalHitRate=0
20190603-134546<INFO :0xf7c9a700>: [GlovalVariable] gblvarMaxCriticalHitRate=50
20190603-134546<INFO :0xf7c9a700>: [GlovalVariable] gblvarDefaultCriticalHitDamageAddPct=10
20190603-134546<INFO :0xf7c9a700>: [GlovalVariable] gblvarMinCriticalHitDamageAddPct=0
20190603-134546<INFO :0xf7c9a700>: [GlovalVariable] gblvarMaxCriticalHitDamageAddPct=300
20190603-134546<INFO :0xf7c9a700>: [GlovalVariable] gblvarPlayerDogeParaA=5
20190603-134546<INFO :0xf7c9a700>: [GlovalVariable] gblvarPlayerDogeParaB=5
20190603-134546<INFO :0xf7c9a700>: [GlovalVariable] gblvarMinHitRatePlayer=75
20190603-134546<INFO :0xf7c9a700>: [GlovalVariable] gblvarMaxHitRatePlayer=100
20190603-134546<INFO :0xf7c9a700>: [GlovalVariable] gblvarNpcDogeParaA=10
20190603-134546<INFO :0xf7c9a700>: [GlovalVariable] gblvarNpcDogeParaB=10
20190603-134546<INFO :0xf7c9a700>: [GlovalVariable] gblvarMinHitRateNpc=50
20190603-134546<INFO :0xf7c9a700>: [GlovalVariable] gblvarMaxHitRateNpc=100
20190603-134546<INFO :0xf7c9a700>: [GlovalVariable] gblvarTransLife2DogePara=10000
20190603-134546<INFO :0xf7c9a700>: [GlovalVariable] gblvarLevel2DogePara=1000
20190603-134546<INFO :0xf7c9a700>: [GlovalVariable] gblvarStrength2DogePara=100
20190603-134546<INFO :0xf7c9a700>: [GlovalVariable] gblvarDesterity2DogePara=100
20190603-134546<INFO :0xf7c9a700>: [GlovalVariable] gblvarEnergy2DogePara=100
20190603-134546<INFO :0xf7c9a700>: [GlovalVariable] gblvarVitality2DogePara=100
20190603-134546<INFO :0xf7c9a700>: [GlovalVariable] gblvarObserve2DogePara=100
20190603-134546<INFO :0xf7c9a700>: [GlovalVariable] gblvarTransLife2HitPara=8500
20190603-134546<INFO :0xf7c9a700>: [GlovalVariable] gblvarLevel2HitPara=850
20190603-134546<INFO :0xf7c9a700>: [GlovalVariable] gblvarStrength2HitPara=85
20190603-134546<INFO :0xf7c9a700>: [GlovalVariable] gblvarDesterity2HitPara=85
20190603-134546<INFO :0xf7c9a700>: [GlovalVariable] gblvarEnergy2HitPara=85
20190603-134546<INFO :0xf7c9a700>: [GlovalVariable] gblvarVitality2HitPara=85
20190603-134546<INFO :0xf7c9a700>: [GlovalVariable] gblvarObserve2HitPara=85
20190603-134546<INFO :0xf7c9a700>: [CustomAward] 45 lines loaded from [\settings\item\custom_award\custom_award_group.txt]
20190603-134546<INFO :0xf7c9a700>: [CustomAward] 469 lines loaded from \settings\item\custom_award\custom_award_list.txt
20190603-134546<INFO :0xf7c9a700>: [CustomAward] 5 lines loaded from \settings\item\custom_award\custom_consume_list.txt
20190603-134546<INFO :0xf7c9a700>: [CustomAward] total AwardId=469/474/65534
20190603-134546<INFO :0xf7c9a700>: [CustomAward] RandSeed = 3334473543
20190603-134547<ERROR:0xf7c9a700>: Skill	Unexpected Skill ID 1261 at row SkillSet22, section SkillStateMutex of file \settings\skill\skill_mutex.ini!
20190603-134547<ERROR:0xf7c9a700>: Skill	Unexpected Skill ID 1202 at row SkillSet20, section SkillCDShare of file \settings\skill\skill_mutex.ini!
20190603-134548<INFO :0xf7c9a700>: Loading All Scripts....................
20190603-134548<INFO :0xf7c9a700>: All Scripts Have Been Loaded! ScriptCount = 5614
20190603-134554<ERROR:0xf7c9a700>: [LoadRandomNpc] [\maps\ÊÀ½çµØÍ¼\ÀÅçð¶´¸®.ini] open failed!!!
20190603-134555<INFO :0xf7c9a700>: 192/400 map(s) has been loaded.
20190603-134555<ERROR:0xf7c9a700>: SetSpecialSwitch(Index=1,bOpen=0,AccessCode=1157247768) ok, result=0
20190603-134555<ERROR:0xf7c9a700>: SetSpecialSwitch(Index=2,bOpen=0,AccessCode=3238223681) ok, result=0
20190603-134555<WARN :0xf7c9a700>: [Load] Invalid template: template ID=472328933l,
20190603-134555<WARN :0xf7c9a700>: load  npc template [0] fail
20190603-134555<INFO :0xf7c9a700>: [SystimeTask] load 96/96 systemtimetasks from {\settings\systemtimetask.txt}
20190603-134556<INFO :0xf7c9a700>: start to connect Database, IP: 192.168.18.15 - Port: 5001 ... ok!
20190603-134556<INFO :0xf7c9a700>: start to connect RelayHost, IP: 192.168.18.15 - Port: 5003 ... ok!
20190603-134556<INFO :0xf7c9a700>: start to connect RelayChat, IP: 192.168.18.15 - Port: 5004 ... ok!
20190603-134557<INFO :0xf7c9a700>: start to connect RelayTong, IP: 192.168.18.15 - Port: 5005 ... ok!
20190603-134557<INFO :0xf7c9a700>: start to connect Gateway, IP: 192.168.18.15 - Port: 5633 ... ok!
20190603-134557<INFO :0xf7c9a700>: [verify_up2date] send Goddess|Relay|Router version request...
20190603-134557<INFO :0xf7c9a700>: [GameSvr] start up OK----------.
20190603-134557<DEBUG:0xf7c9a700>: [net dbg] [SendNetMsgToTransfer] frame=0 send=1/39|1 avg=0 
20190603-134557<DEBUG:0xf7c9a700>: [net dbg] [TransferMessageProcess] [frame -1] total process 0/0=0 trans message
20190603-134557<INFO :0xf7c9a700>: Start init log database.
20190603-134557<INFO :0xf7c9a700>: Init log database end.
20190603-134557<INFO :0xf7c9a700>: Recv Bishop time sync(2019-6-3 13:45:57)
20190603-134557<INFO :0xf7c9a700>: [verify_up2date] send Bishop version request...
20190603-134557<INFO :0xf7c9a700>: [verify_up2date] VerifyUp2dateVersion: Server=Goddess code=8DA68FCD need=8DA68FCD result=1
20190603-134557<DEBUG:0xf7c9a700>: [net dbg] [SendNetMsgToTransfer] frame=1 send=1/38|2 avg=0 
20190603-134557<INFO :0xf7c9a700>: [SOSever::Breathe] MsgLoop:-28 ,MainLoop:4, TotalMsgLoop:-14, Elapse:4 CurBreathCost:4294967272 BreathCount:2
20190603-134557<DEBUG:0xf7c9a700>: [net dbg] [SendNetMsgToTransfer] frame=2 send=1/37|3 avg=0 
20190603-134557<DEBUG:0xf7c9a700>: [net dbg] [SendNetMsgToTransfer] frame=3 send=1/36|4 avg=0 
20190603-134557<DEBUG:0xf7c9a700>: [net dbg] [TransferMessageProcess] [frame 0] total process 298/2=99 trans message
20190603-134557<INFO :0xf7c9a700>: [verify_up2date] VerifyUp2dateVersion: Server=Relay code=8DA68FCD need=8DA68FCD result=1
20190603-134557<DEBUG:0xf7c9a700>: [NormalSmallPackPorcess] Received packet MAP_INDEX_INFO from relay
20190603-134557<INFO :0xf7c9a700>: Received map index notification from relay (192 maps)
20190603-134557<INFO :0xf7c9a700>: [verify_up2date] VerifyUp2dateVersion: Server=Bishop code=DCA253A9 need=DCA253A9 result=1
20190603-134557<DEBUG:0xf7c9a700>: [net dbg] [SendNetMsgToTransfer] frame=4 send=1/35|5 avg=0 
20190603-134557<DEBUG:0xf7c9a700>: [net dbg] [SendNetMsgToTransfer] frame=5 send=1/34|6 avg=0 
20190603-134557<DEBUG:0xf7c9a700>: [net dbg] [TransferMessageProcess] [frame 3] total process 1703/8=340 trans message
20190603-134557<DEBUG:0xf7c9a700>: [net dbg] [SendNetMsgToTransfer] frame=6 send=1/33|7 avg=0 
20190603-134557<DEBUG:0xf7c9a700>: [net dbg] [TransferMessageProcess] [frame 5] total process 1763/9=293 trans message
20190603-134557<DEBUG:0xf7c9a700>: [net dbg] [SendNetMsgToTransfer] frame=7 send=1/32|8 avg=0 
20190603-134557<DEBUG:0xf7c9a700>: [net dbg] [TransferMessageProcess] [frame 6] total process 1823/10=260 trans message
20190603-134557<DEBUG:0xf7c9a700>: [net dbg] [SendNetMsgToTransfer] frame=8 send=1/31|9 avg=0 
20190603-134557<DEBUG:0xf7c9a700>: [net dbg] [TransferMessageProcess] [frame 7] total process 1943/12=242 trans message
20190603-134557<DEBUG:0xf7c9a700>: [net dbg] [SendNetMsgToTransfer] frame=9 send=1/30|10 avg=0 
20190603-134557<DEBUG:0xf7c9a700>: [net dbg] [SendNetMsgToTransfer] frame=10 send=1/29|11 avg=0 
20190603-134557<DEBUG:0xf7c9a700>: [net dbg] [TransferMessageProcess] [frame 8] total process 2003/13=200 trans message
20190603-134557<DEBUG:0xf7c9a700>: [net dbg] [SendNetMsgToTransfer] frame=11 send=1/28|12 avg=0 
20190603-134557<DEBUG:0xf7c9a700>: [net dbg] [TransferMessageProcess] [frame 10] total process 2063/14=187 trans message
20190603-134557<DEBUG:0xf7c9a700>: [net dbg] [SendNetMsgToTransfer] frame=12 send=1/27|13 avg=0 
20190603-134557<DEBUG:0xf7c9a700>: [net dbg] [TransferMessageProcess] [frame 11] total process 2123/15=176 trans message
20190603-134557<DEBUG:0xf7c9a700>: [net dbg] [SendNetMsgToTransfer] frame=13 send=1/26|14 avg=0 
20190603-134557<DEBUG:0xf7c9a700>: [net dbg] [SendNetMsgToTransfer] frame=14 send=1/25|15 avg=0 
20190603-134557<DEBUG:0xf7c9a700>: [net dbg] [TransferMessageProcess] [frame 12] total process 2243/17=160 trans message
20190603-134557<DEBUG:0xf7c9a700>: [net dbg] [SendNetMsgToTransfer] frame=15 send=1/24|16 avg=0 
20190603-134557<DEBUG:0xf7c9a700>: [net dbg] [TransferMessageProcess] [frame 14] total process 2303/18=153 trans message
20190603-134557<DEBUG:0xf7c9a700>: [net dbg] [SendNetMsgToTransfer] frame=16 send=1/23|17 avg=0 
20190603-134557<DEBUG:0xf7c9a700>: [net dbg] [TransferMessageProcess] [frame 15] total process 2363/19=147 trans message
20190603-134557<DEBUG:0xf7c9a700>: [net dbg] [SendNetMsgToTransfer] frame=17 send=1/22|18 avg=0 
20190603-134557<DEBUG:0xf7c9a700>: [net dbg] [SendNetMsgToTransfer] frame=18 send=1/21|19 avg=0 
20190603-134557<DEBUG:0xf7c9a700>: [net dbg] [TransferMessageProcess] [frame 16] total process 2483/21=137 trans message
20190603-134557<DEBUG:0xf7c9a700>: [net dbg] [SendNetMsgToTransfer] frame=19 send=1/20|20 avg=0 
20190603-134557<DEBUG:0xf7c9a700>: [net dbg] [TransferMessageProcess] [frame 18] total process 2733/24=143 trans message
20190603-134558<DEBUG:0xf7c9a700>: [net dbg] [SendNetMsgToTransfer] frame=20 send=1/19|21 avg=0 
20190603-134558<DEBUG:0xf7c9a700>: [net dbg] [SendNetMsgToTransfer] frame=21 send=1/18|22 avg=0 
20190603-134558<DEBUG:0xf7c9a700>: [net dbg] [TransferMessageProcess] [frame 19] total process 2793/25=133 trans message
20190603-134558<DEBUG:0xf7c9a700>: [net dbg] [SendNetMsgToTransfer] frame=22 send=1/17|23 avg=0 
20190603-134558<DEBUG:0xf7c9a700>: [net dbg] [TransferMessageProcess] [frame 21] total process 2853/26=129 trans message
20190603-134558<DEBUG:0xf7c9a700>: [net dbg] [SendNetMsgToTransfer] frame=23 send=1/16|24 avg=0 
20190603-134558<DEBUG:0xf7c9a700>: [net dbg] [TransferMessageProcess] [frame 22] total process 2913/27=126 trans message
20190603-134558<DEBUG:0xf7c9a700>: [net dbg] [SendNetMsgToTransfer] frame=24 send=1/15|25 avg=0 
20190603-134558<DEBUG:0xf7c9a700>: [net dbg] [SendNetMsgToTransfer] frame=25 send=1/14|26 avg=0 
20190603-134558<DEBUG:0xf7c9a700>: [net dbg] [TransferMessageProcess] [frame 23] total process 3033/29=121 trans message
20190603-134558<DEBUG:0xf7c9a700>: [net dbg] [SendNetMsgToTransfer] frame=26 send=1/13|27 avg=0 
20190603-134558<DEBUG:0xf7c9a700>: [net dbg] [TransferMessageProcess] [frame 25] total process 3093/30=118 trans message
20190603-134558<DEBUG:0xf7c9a700>: [net dbg] [SendNetMsgToTransfer] frame=27 send=1/12|28 avg=0 
20190603-134558<DEBUG:0xf7c9a700>: [net dbg] [TransferMessageProcess] [frame 26] total process 3153/31=116 trans message
20190603-134558<DEBUG:0xf7c9a700>: [net dbg] [SendNetMsgToTransfer] frame=28 send=1/11|29 avg=0 
20190603-134558<DEBUG:0xf7c9a700>: [net dbg] [TransferMessageProcess] [frame 27] total process 3273/33=116 trans message
20190603-134558<DEBUG:0xf7c9a700>: [net dbg] [SendNetMsgToTransfer] frame=29 send=1/10|30 avg=0 
20190603-134558<DEBUG:0xf7c9a700>: [net dbg] [SendNetMsgToTransfer] frame=30 send=1/9|31 avg=0 
20190603-134558<DEBUG:0xf7c9a700>: [net dbg] [TransferMessageProcess] [frame 28] total process 3333/34=111 trans message
20190603-134558<DEBUG:0xf7c9a700>: [net dbg] [SendNetMsgToTransfer] frame=31 send=1/8|32 avg=0 
20190603-134558<DEBUG:0xf7c9a700>: [net dbg] [TransferMessageProcess] [frame 30] total process 3393/35=109 trans message
20190603-134558<DEBUG:0xf7c9a700>: [net dbg] [SendNetMsgToTransfer] frame=32 send=1/7|33 avg=0 
20190603-134558<DEBUG:0xf7c9a700>: [net dbg] [TransferMessageProcess] [frame 31] total process 3453/36=107 trans message
20190603-134558<DEBUG:0xf7c9a700>: [net dbg] [SendNetMsgToTransfer] frame=33 send=1/6|34 avg=0 
20190603-134558<DEBUG:0xf7c9a700>: [net dbg] [SendNetMsgToTransfer] frame=34 send=1/5|35 avg=0 
20190603-134558<DEBUG:0xf7c9a700>: [net dbg] [TransferMessageProcess] [frame 32] total process 3574/38=105 trans message
20190603-134558<DEBUG:0xf7c9a700>: [net dbg] [SendNetMsgToTransfer] frame=35 send=1/4|36 avg=0 
20190603-134558<DEBUG:0xf7c9a700>: [net dbg] [TransferMessageProcess] [frame 34] total process 3635/39=103 trans message
20190603-134558<DEBUG:0xf7c9a700>: [net dbg] [SendNetMsgToTransfer] frame=36 send=1/3|37 avg=0 
20190603-134558<DEBUG:0xf7c9a700>: [net dbg] [TransferMessageProcess] [frame 35] total process 3696/40=102 trans message
20190603-134558<DEBUG:0xf7c9a700>: [net dbg] [SendNetMsgToTransfer] frame=37 send=1/2|38 avg=0 
20190603-134559<DEBUG:0xf7c9a700>: [net dbg] [SendNetMsgToTransfer] frame=38 send=1/1|39 avg=0 
20190603-134559<DEBUG:0xf7c9a700>: [net dbg] [TransferMessageProcess] [frame 36] total process 3948/43=103 trans message
20190603-134559<DEBUG:0xf7c9a700>: [net dbg] [SendNetMsgToTransfer] frame=39 send=1/0|40 avg=0 
20190603-134559<DEBUG:0xf7c9a700>: [net dbg] [TransferMessageProcess] [frame 38] total process 4070/45=75 trans message
20190603-134600<DEBUG:0xf7c9a700>: [net dbg] [TransferMessageProcess] [frame 54] total process 4200/46=58 trans message
20190603-134601<DEBUG:0xf7c9a700>: [net dbg] [TransferMessageProcess] [frame 72] total process 4330/47=48 trans message
20190603-134602<DEBUG:0xf7c9a700>: [net dbg] [TransferMessageProcess] [frame 90] total process 4460/48=41 trans message
20190603-134603<DEBUG:0xf7c9a700>: [net dbg] [TransferMessageProcess] [frame 108] total process 4590/49=36 trans message
20190603-134604<DEBUG:0xf7c9a700>: [net dbg] [TransferMessageProcess] [frame 126] total process 4720/50=32 trans message
20190603-134605<DEBUG:0xf7c9a700>: [net dbg] [TransferMessageProcess] [frame 144] total process 4850/51=29 trans message
20190603-134606<DEBUG:0xf7c9a700>: [net dbg] [TransferMessageProcess] [frame 162] total process 4980/52=27 trans message
20190603-134617<ERROR:0xf7c9a700>: gs ping bishop[result=1], CurFrame[362] LastFrame[1] NewFrame[362]
20190603-134617<INFO :0xf7c9a700>: [BiShopPing] Ping return at 5818428.
20190603-134626<INFO :0xf7c9a700>: [Gateway Kick] Can't find account test000
20190603-134627<INFO :0xf7c9a700>: gs ping goddess[result=1], CurFrame[556] LastFrame[15] NewFrame[556]
20190603-134627<INFO :0xf7c9a700>: receieve goddess ping reply, goddess time = 5829188
20190603-134646<ERROR:0xf7c9a700>: gs ping bishop[result=1], CurFrame[887] LastFrame[526] NewFrame[887]
20190603-134646<INFO :0xf7c9a700>: [BiShopPing] Ping return at 5847662.
20190603-134648<INFO :0xf7c9a700>: [LOGIN/OUT] G2B_ROLE_LOGIN_PERMIT permit acc:test000 role:jx2vltk.
20190603-134649<INFO :0xf7c9a700>: [LOGIN/OUT] connection created ln:0 from 171.244.76.27.
20190603-134649<INFO :0xf7c9a700>: Found player[1] test000(jx2vltk) is logging in system!Ip:171.244.76.27 mac:9C2A-70DA-E3DF
20190603-134649<INFO :0xf7c9a700>: [CheckCRC] LoadPlayerBaseInfo(test000, jx2vltk) dwCRC=ADEE9CB1 len=2813
20190603-134649<INFO :0xf7c9a700>: [PlayerItem] acc=test000, @svr=0/300000
20190603-134649<INFO :0xf7c9a700>: [PlayerItem] load=9/9 acc=test000 @svr=9/300000
20190603-134649<INFO :0xf7c9a700>: PlayerName = jx2vltk, sucess load itemlock head data; 72, 72
20190603-134649<INFO :0xf7c9a700>: PlayerName = jx2vltk, 0, 0, 0, 0
20190603-134649<ERROR:0xf7c9a700>: [Weapon Effect Error]Weapon effect save data of player jx2vltk is INVALID.
20190603-134649<INFO :0xf7c9a700>: [LOGIN/OUT] C2G_ROLE_LOGIN success, idx:1, ln:0, acc:test000, role:jx2vltk lv:90
20190603-134653<WARN :0xf7c9a700>: # GameLogicSpeed : 17 fps.(abnormal!!!)
20190603-134709<ERROR:0xf7c9a700>: gs ping bishop[result=1], CurFrame[1308] LastFrame[947] NewFrame[1308]
20190603-134709<INFO :0xf7c9a700>: [BiShopPing] Ping return at 5870990.
20190603-134720<INFO :0xf7c9a700>: gs ping goddess[result=1], CurFrame[1498] LastFrame[957] NewFrame[1498]
20190603-134720<INFO :0xf7c9a700>: receieve goddess ping reply, goddess time = 5881530
20190603-134722<WARN :0xf7c9a700>: # GameLogicSpeed : 17 fps.(abnormal!!!)
20190603-134722<INFO :0xf7c9a700>: [EquipFeed][Item[ID:3228846552 RandSeed:4256906104 Lv=10]={Linh §å Giíi (tr¸i) 0 102 30221}]Set Attr0 Lv1367 LineId=400 Id=2 Worth=1000 usExPara=1 usExPara2=0 bIsGrowAttr=0--->new attr:400 lv2
20190603-134722<INFO :0xf7c9a700>: [EquipFeed][Item[ID:3228846552 RandSeed:4256906104 Lv=10]={Linh §å Giíi (tr¸i) 0 102 30221}]Set Attr1 Lv1408 LineId=494 Id=2 Worth=1000 usExPara=6 usExPara2=0 bIsGrowAttr=0--->new attr:494 lv2
20190603-134722<INFO :0xf7c9a700>: [EquipFeed][Item[ID:3228846552 RandSeed:4256906104 Lv=10]={Linh §å Giíi (tr¸i) 0 102 30221}]Set Attr2 Lv1432 LineId=305 Id=4 Worth=1000 usExPara=10 usExPara2=0 bIsGrowAttr=0--->new attr:305 lv4
20190603-134722<DEBUG:0xf7c9a700>: [EQUIP_FEED] acc[test000] role[jx2vltk] item[ID:3228846552 RandSeed:4256906104]{Linh §å Giíi (tr¸i) 0 102 30221} ResetUnlockAttrs[seed=4256906104] GrowSocket={0,0,0}  UnlockSocket={1020190,60201ee,a040131} Exp=10|0
20190603-134722<INFO :0xf7c9a700>: [EquipFeed][Item[ID:3257203160 RandSeed:352547214 Lv=10]={Linh §å Giíi (ph¶i) 0 102 30222}]Set Attr0 Lv1370 LineId=13237 Id=1 Worth=1000 usExPara=1 usExPara2=0 bIsGrowAttr=0--->new attr:13237 lv1
20190603-134722<INFO :0xf7c9a700>: [EquipFeed][Item[ID:3257203160 RandSeed:352547214 Lv=10]={Linh §å Giíi (ph¶i) 0 102 30222}]Set Attr1 Lv1410 LineId=13486 Id=1 Worth=1000 usExPara=6 usExPara2=0 bIsGrowAttr=0--->new attr:13486 lv1
20190603-134722<DEBUG:0xf7c9a700>: [EQUIP_FEED] acc[test000] role[jx2vltk] item[ID:3257203160 RandSeed:352547214]{Linh §å Giíi (ph¶i) 0 102 30222} ResetUnlockAttrs[seed=352547214] GrowSocket={0,0,0}  UnlockSocket={10133b5,60134ae,0} Exp=10|0
20190603-134722<INFO :0xf7c9a700>: [EquipFeed][Item[ID:2902051288 RandSeed:3083455528 Lv=10]={Linh §å Thñ 0 0 30209}]Set Attr0 Lv1328 LineId=13483 Id=3 Worth=1000 usExPara=0 usExPara2=0 bIsGrowAttr=1--->new attr:13483 lv3
20190603-134722<INFO :0xf7c9a700>: [EquipFeed][Item[ID:2902051288 RandSeed:3083455528 Lv=10]={Linh §å Thñ 0 0 30209}]Set Attr1 Lv1333 LineId=13485 Id=4 Worth=1000 usExPara=0 usExPara2=0 bIsGrowAttr=1--->new attr:13485 lv4
20190603-134722<DEBUG:0xf7c9a700>: [EQUIP_FEED] acc[test000] role[jx2vltk] item[ID:2902051288 RandSeed:3083455528]{Linh §å Thñ 0 0 30209 } ResetGrowAttrs[seed=3083455528] GrowSocket={334ab,434ad,0}  UnlockSocket={0,0,0} Exp=10|0
20190603-134722<INFO :0xf7c9a700>: [EquipFeed][Item[ID:2902051288 RandSeed:3083455528 Lv=10]={Linh §å Thñ 0 0 30209}]Set Attr1 Lv1351 LineId=261 Id=3 Worth=1000 usExPara=1 usExPara2=0 bIsGrowAttr=0--->new attr:261 lv3
20190603-134722<INFO :0xf7c9a700>: [EquipFeed][Item[ID:2902051288 RandSeed:3083455528 Lv=10]={Linh §å Thñ 0 0 30209}]Set Attr2 Lv1357 LineId=13464 Id=3 Worth=1000 usExPara=6 usExPara2=0 bIsGrowAttr=0--->new attr:13464 lv3
20190603-134722<DEBUG:0xf7c9a700>: [EQUIP_FEED] acc[test000] role[jx2vltk] item[ID:2902051288 RandSeed:3083455528]{Linh §å Thñ 0 0 30209} ResetUnlockAttrs[seed=2042965891] GrowSocket={334ab,434ad,0}  UnlockSocket={0,1030105,6033498} Exp=10|0
20190603-134722<INFO :0xf7c9a700>: [EquipFeed][Item[ID:3010769368 RandSeed:1748147077 Lv=10]={Linh §å Trang (th­¬n 0 101 30235}]Set Attr0 Lv1288 LineId=302 Id=3 Worth=1000 usExPara=0 usExPara2=0 bIsGrowAttr=1--->new attr:302 lv3
20190603-134722<INFO :0xf7c9a700>: [EquipFeed][Item[ID:3010769368 RandSeed:1748147077 Lv=10]={Linh §å Trang (th­¬n 0 101 30235}]Set Attr1 Lv1291 LineId=563 Id=2 Worth=1000 usExPara=0 usExPara2=0 bIsGrowAttr=1--->new attr:563 lv2
20190603-134722<DEBUG:0xf7c9a700>: [EQUIP_FEED] acc[test000] role[jx2vltk] item[ID:3010769368 RandSeed:1748147077]{Linh §å Trang (th­¬n 0 101 30235 } ResetGrowAttrs[seed=1748147077] GrowSocket={3012e,20233,0}  UnlockSocket={0,0,0} Exp=10|0
20190603-134722<INFO :0xf7c9a700>: [EquipFeed][Item[ID:3010769368 RandSeed:1748147077 Lv=10]={Linh §å Trang (th­¬n 0 101 30235}]Set Attr0 Lv1336 LineId=251 Id=2 Worth=1000 usExPara=1 usExPara2=0 bIsGrowAttr=0--->new attr:251 lv2
20190603-134722<INFO :0xf7c9a700>: [EquipFeed][Item[ID:3010769368 RandSeed:1748147077 Lv=10]={Linh §å Trang (th­¬n 0 101 30235}]Set Attr1 Lv1398 LineId=13486 Id=1 Worth=1000 usExPara=6 usExPara2=0 bIsGrowAttr=0--->new attr:13486 lv1
20190603-134722<DEBUG:0xf7c9a700>: [EQUIP_FEED] acc[test000] role[jx2vltk] item[ID:3010769368 RandSeed:1748147077]{Linh §å Trang (th­¬n 0 101 30235} ResetUnlockAttrs[seed=2241639628] GrowSocket={3012e,20233,0}  UnlockSocket={10200fb,60134ae,0} Exp=10|0
20190603-134722<INFO :0xf7c9a700>: [EquipFeed][Item[ID:3105216984 RandSeed:3910225834 Lv=10]={Linh §å Trang (ngo¹i 0 101 30239}]Set Attr0 Lv1287 LineId=302 Id=2 Worth=1000 usExPara=0 usExPara2=0 bIsGrowAttr=1--->new attr:302 lv2
20190603-134722<INFO :0xf7c9a700>: [EquipFeed][Item[ID:3105216984 RandSeed:3910225834 Lv=10]={Linh §å Trang (ngo¹i 0 101 30239}]Set Attr1 Lv1296 LineId=13478 Id=2 Worth=1000 usExPara=0 usExPara2=0 bIsGrowAttr=1--->new attr:13478 lv2
20190603-134722<DEBUG:0xf7c9a700>: [EQUIP_FEED] acc[test000] role[jx2vltk] item[ID:3105216984 RandSeed:3910225834]{Linh §å Trang (ngo¹i 0 101 30239 } ResetGrowAttrs[seed=3910225834] GrowSocket={2012e,234a6,0}  UnlockSocket={0,0,0} Exp=10|0
20190603-134722<INFO :0xf7c9a700>: [EquipFeed][Item[ID:3105216984 RandSeed:3910225834 Lv=10]={Linh §å Trang (ngo¹i 0 101 30239}]Set Attr0 Lv1344 LineId=398 Id=2 Worth=1000 usExPara=1 usExPara2=0 bIsGrowAttr=0--->new attr:398 lv2
20190603-134722<INFO :0xf7c9a700>: [EquipFeed][Item[ID:3105216984 RandSeed:3910225834 Lv=10]={Linh §å Trang (ngo¹i 0 101 30239}]Set Attr1 Lv1398 LineId=13486 Id=1 Worth=1000 usExPara=6 usExPara2=0 bIsGrowAttr=0--->new attr:13486 lv1
20190603-134722<INFO :0xf7c9a700>: [EquipFeed][Item[ID:3105216984 RandSeed:3910225834 Lv=10]={Linh §å Trang (ngo¹i 0 101 30239}]Set Attr2 Lv1414 LineId=408 Id=4 Worth=1000 usExPara=10 usExPara2=0 bIsGrowAttr=0--->new attr:408 lv4
20190603-134722<DEBUG:0xf7c9a700>: [EQUIP_FEED] acc[test000] role[jx2vltk] item[ID:3105216984 RandSeed:3910225834]{Linh §å Trang (ngo¹i 0 101 30239} ResetUnlockAttrs[seed=66423485] GrowSocket={2012e,234a6,0}  UnlockSocket={102018e,60134ae,a040198} Exp=10|0
20190603-134722<INFO :0xf7c9a700>: [EquipFeed][Item[ID:3100510680 RandSeed:992626352 Lv=10]={Linh §å Trang (néi) 0 101 30243}]Set Attr0 Lv1289 LineId=302 Id=4 Worth=1000 usExPara=0 usExPara2=0 bIsGrowAttr=1--->new attr:302 lv4
20190603-134722<INFO :0xf7c9a700>: [EquipFeed][Item[ID:3100510680 RandSeed:992626352 Lv=10]={Linh §å Trang (néi) 0 101 30243}]Set Attr1 Lv1301 LineId=13479 Id=2 Worth=1000 usExPara=0 usExPara2=0 bIsGrowAttr=1--->new attr:13479 lv2
20190603-134722<DEBUG:0xf7c9a700>: [EQUIP_FEED] acc[test000] role[jx2vltk] item[ID:3100510680 RandSeed:992626352]{Linh §å Trang (néi) 0 101 30243 } ResetGrowAttrs[seed=992626352] GrowSocket={4012e,234a7,0}  UnlockSocket={0,0,0} Exp=10|0
20190603-134722<INFO :0xf7c9a700>: [EquipFeed][Item[ID:3100510680 RandSeed:992626352 Lv=10]={Linh §å Trang (néi) 0 101 30243}]Set Attr0 Lv1339 LineId=261 Id=3 Worth=1000 usExPara=1 usExPara2=0 bIsGrowAttr=0--->new attr:261 lv3
20190603-134722<INFO :0xf7c9a700>: [EquipFeed][Item[ID:3100510680 RandSeed:992626352 Lv=10]={Linh §å Trang (néi) 0 101 30243}]Set Attr1 Lv1397 LineId=495 Id=1 Worth=1000 usExPara=6 usExPara2=0 bIsGrowAttr=0--->new attr:495 lv1
20190603-134722<INFO :0xf7c9a700>: [EquipFeed][Item[ID:3100510680 RandSeed:992626352 Lv=10]={Linh §å Trang (néi) 0 101 30243}]Set Attr2 Lv1415 LineId=13467 Id=2 Worth=1000 usExPara=10 usExPara2=0 bIsGrowAttr=0--->new attr:13467 lv2
20190603-134722<DEBUG:0xf7c9a700>: [EQUIP_FEED] acc[test000] role[jx2vltk] item[ID:3100510680 RandSeed:992626352]{Linh §å Trang (néi) 0 101 30243} ResetUnlockAttrs[seed=583747307] GrowSocket={4012e,234a7,0}  UnlockSocket={1030105,60101ef,a02349b} Exp=10|0
20190603-134722<INFO :0xf7c9a700>: [EquipFeed][Item[ID:2812547544 RandSeed:3522044273 Lv=10]={Linh §å Y 0 100 30235}]Set Attr0 Lv1278 LineId=13477 Id=2 Worth=1000 usExPara=0 usExPara2=0 bIsGrowAttr=1--->new attr:13477 lv2
20190603-134722<INFO :0xf7c9a700>: [EquipFeed][Item[ID:2812547544 RandSeed:3522044273 Lv=10]={Linh §å Y 0 100 30235}]Set Attr1 Lv1284 LineId=290 Id=6 Worth=1000 usExPara=0 usExPara2=0 bIsGrowAttr=1--->new attr:290 lv6
20190603-134722<DEBUG:0xf7c9a700>: [EQUIP_FEED] acc[test000] role[jx2vltk] item[ID:2812547544 RandSeed:3522044273]{Linh §å Y 0 100 30235 } ResetGrowAttrs[seed=3522044273] GrowSocket={234a5,60122,0}  UnlockSocket={0,0,0} Exp=10|0
20190603-134722<INFO :0xf7c9a700>: [EquipFeed][Item[ID:2812547544 RandSeed:3522044273 Lv=10]={Linh §å Y 0 100 30235}]Set Attr0 Lv1343 LineId=402 Id=2 Worth=1000 usExPara=1 usExPara2=0 bIsGrowAttr=0--->new attr:402 lv2
20190603-134722<INFO :0xf7c9a700>: [EquipFeed][Item[ID:2812547544 RandSeed:3522044273 Lv=10]={Linh §å Y 0 100 30235}]Set Attr1 Lv1390 LineId=13205 Id=5 Worth=1000 usExPara=6 usExPara2=0 bIsGrowAttr=0--->new attr:13205 lv5
20190603-134722<DEBUG:0xf7c9a700>: [EQUIP_FEED] acc[test000] role[jx2vltk] item[ID:2812547544 RandSeed:3522044273]{Linh §å Y 0 100 30235} ResetUnlockAttrs[seed=334694792] GrowSocket={234a5,60122,0}  UnlockSocket={1020192,6053395,0} Exp=10|0
20190603-134722<INFO :0xf7c9a700>: [EquipFeed][Item[ID:2649989592 RandSeed:751364963 Lv=10]={Linh §å M·o 0 103 30235}]Set Attr0 Lv1270 LineId=13476 Id=3 Worth=1000 usExPara=0 usExPara2=0 bIsGrowAttr=1--->new attr:13476 lv3
20190603-134722<INFO :0xf7c9a700>: [EquipFeed][Item[ID:2649989592 RandSeed:751364963 Lv=10]={Linh §å M·o 0 103 30235}]Set Attr1 Lv1272 LineId=305 Id=4 Worth=1000 usExPara=0 usExPara2=0 bIsGrowAttr=1--->new attr:305 lv4
20190603-134722<INFO :0xf7c9a700>: [EquipFeed][Item[ID:2649989592 RandSeed:751364963 Lv=10]={Linh §å M·o 0 103 30235}]Set Attr2 Lv1273 LineId=13491 Id=1 Worth=1000 usExPara=0 usExPara2=0 bIsGrowAttr=1--->new attr:13491 lv1
20190603-134722<DEBUG:0xf7c9a700>: [EQUIP_FEED] acc[test000] role[jx2vltk] item[ID:2649989592 RandSeed:751364963]{Linh §å M·o 0 103 30235 } ResetGrowAttrs[seed=751364963] GrowSocket={334a4,40131,134b3}  UnlockSocket={0,0,0} Exp=10|0
20190603-134722<INFO :0xf7c9a700>: [EquipFeed][Item[ID:2649989592 RandSeed:751364963 Lv=10]={Linh §å M·o 0 103 30235}]Set Attr0 Lv1342 LineId=399 Id=2 Worth=1000 usExPara=1 usExPara2=0 bIsGrowAttr=0--->new attr:399 lv2
20190603-134722<INFO :0xf7c9a700>: [EquipFeed][Item[ID:2649989592 RandSeed:751364963 Lv=10]={Linh §å M·o 0 103 30235}]Set Attr1 Lv1381 LineId=13471 Id=1 Worth=1000 usExPara=6 usExPara2=0 bIsGrowAttr=0--->new attr:13471 lv1
20190603-134722<DEBUG:0xf7c9a700>: [EQUIP_FEED] acc[test000] role[jx2vltk] item[ID:2649989592 RandSeed:751364963]{Linh §å M·o 0 103 30235} ResetUnlockAttrs[seed=628200306] GrowSocket={334a4,40131,134b3}  UnlockSocket={102018f,601349f,0} Exp=10|0
20190603-134727<ERROR:0xf7c9a700>: Recv data error, shutdown(linkindex:0)
20190603-134727<INFO :0xf7c9a700>: [LOGIN/OUT] Connection[0] lost, idx:1, acc:test000, role:jx2vltk, GameStatus:PlayerPlaying, ExchangeStatus:ExchangeBegin, LastPingTime:[2019-06-03 13:47:26]
20190603-134727<INFO :0xf7c9a700>: PlayerName = jx2vltk, KItemLockMgr::SaveData, 0, 0, 0
20190603-134727<INFO :0xf7c9a700>: [CheckCRC] UpdateDBPlayerInfo(test000, jx2vltk) dwCRC=7755E339 dwDataLen=3402
20190603-134727<INFO :0xf7c9a700>: [SavePlayerData] send save request to goddess bUnLock=1, acc:test000, role:jx2vltk
20190603-134727<INFO :0xf7c9a700>: [LOGIN/OUT] G2B_ROLE_LOGOUT idx:1, acc:test000, role:jx2vltk
20190603-134727<INFO :0xf7c9a700>: acc:test000 leave game!
20190603-134727<INFO :0xf7c9a700>: Remove player object . acc test000, role jx2vltk
20190603-134728<INFO :0xf7c9a700>: [Gateway Kick] Can't find account test000
20190603-134748<ERROR:0xf7c9a700>: gs ping bishop[result=1], CurFrame[2015] LastFrame[1654] NewFrame[2015]
20190603-134748<INFO :0xf7c9a700>: [BiShopPing] Ping return at 5910336.
20190603-134750<WARN :0xf7c9a700>: # GameLogicSpeed : 17 fps.(abnormal!!!)
20190603-134754<INFO :0xf7c9a700>: [LOGIN/OUT] G2B_ROLE_LOGIN_PERMIT permit acc:test000 role:jx2vltk.
20190603-134755<INFO :0xf7c9a700>: [LOGIN/OUT] connection created ln:0 from 171.244.76.27.
20190603-134755<INFO :0xf7c9a700>: Found player[1] test000(jx2vltk) is logging in system!Ip:171.244.76.27 mac:9C2A-70DA-E3DF
20190603-134755<INFO :0xf7c9a700>: [CheckCRC] LoadPlayerBaseInfo(test000, jx2vltk) dwCRC=7755E339 len=3402
20190603-134755<INFO :0xf7c9a700>: [PlayerItem] acc=test000, @svr=0/300000
20190603-134755<INFO :0xf7c9a700>: [PlayerItem] load=18/18 acc=test000 @svr=18/300000
20190603-134755<INFO :0xf7c9a700>: PlayerName = jx2vltk, sucess load itemlock head data; 72, 72
20190603-134755<INFO :0xf7c9a700>: PlayerName = jx2vltk, 0, 0, 0, 0
20190603-134755<ERROR:0xf7c9a700>: [Weapon Effect Error]Weapon effect save data of player jx2vltk is INVALID.
20190603-134755<INFO :0xf7c9a700>: [LOGIN/OUT] C2G_ROLE_LOGIN success, idx:1, ln:0, acc:test000, role:jx2vltk lv:90
20190603-134815<ERROR:0xf7c9a700>: gs ping bishop[result=1], CurFrame[2499] LastFrame[2138] NewFrame[2499]
20190603-134815<INFO :0xf7c9a700>: [BiShopPing] Ping return at 5937164.
20190603-134825<INFO :0xf7c9a700>: gs ping goddess[result=1], CurFrame[2681] LastFrame[2140] NewFrame[2681]
20190603-134825<INFO :0xf7c9a700>: receieve goddess ping reply, goddess time = 5947245
20190603-134835<ERROR:0xf7c9a700>: gs ping bishop[result=1], CurFrame[2860] LastFrame[2499] NewFrame[2860]
20190603-134835<INFO :0xf7c9a700>: [BiShopPing] Ping return at 5957287.
20190603-134855<ERROR:0xf7c9a700>: gs ping bishop[result=1], CurFrame[3221] LastFrame[2860] NewFrame[3221]
20190603-134855<INFO :0xf7c9a700>: gs ping goddess[result=1], CurFrame[3222] LastFrame[2681] NewFrame[3222]
20190603-134855<INFO :0xf7c9a700>: receieve goddess ping reply, goddess time = 5977298
20190603-134855<INFO :0xf7c9a700>: [BiShopPing] Ping return at 5977310.
20190603-134856<INFO :0xf7c9a700>: [Frame debug] Frame 3240
20190603-134915<ERROR:0xf7c9a700>: gs ping bishop[result=1], CurFrame[3582] LastFrame[3221] NewFrame[3582]
20190603-134915<INFO :0xf7c9a700>: [BiShopPing] Ping return at 5997332.
20190603-134917<ERROR:0xf7c9a700>: Recv data error, shutdown(linkindex:0)
20190603-134917<INFO :0xf7c9a700>: [LOGIN/OUT] Connection[0] lost, idx:1, acc:test000, role:jx2vltk, GameStatus:PlayerPlaying, ExchangeStatus:ExchangeBegin, LastPingTime:[2019-06-03 13:48:31]
20190603-134917<INFO :0xf7c9a700>: PlayerName = jx2vltk, KItemLockMgr::SaveData, 0, 0, 0
20190603-134917<INFO :0xf7c9a700>: [CheckCRC] UpdateDBPlayerInfo(test000, jx2vltk) dwCRC=8296DF42 dwDataLen=3402
20190603-134917<INFO :0xf7c9a700>: [SavePlayerData] send save request to goddess bUnLock=1, acc:test000, role:jx2vltk
20190603-134917<INFO :0xf7c9a700>: [LOGIN/OUT] G2B_ROLE_LOGOUT idx:1, acc:test000, role:jx2vltk
20190603-134917<INFO :0xf7c9a700>: acc:test000 leave game!
20190603-134917<INFO :0xf7c9a700>: Remove player object . acc test000, role jx2vltk
20190603-134937<ERROR:0xf7c9a700>: gs ping bishop[result=1], CurFrame[3974] LastFrame[3613] NewFrame[3974]
20190603-134937<INFO :0xf7c9a700>: [BiShopPing] Ping return at 6019155.
20190603-134947<INFO :0xf7c9a700>: gs ping goddess[result=1], CurFrame[4154] LastFrame[3613] NewFrame[4154]
20190603-134947<INFO :0xf7c9a700>: receieve goddess ping reply, goddess time = 6029079
20190603-134957<ERROR:0xf7c9a700>: gs ping bishop[result=1], CurFrame[4335] LastFrame[3974] NewFrame[4335]
20190603-134957<INFO :0xf7c9a700>: [BiShopPing] Ping return at 6039175.
20190603-135017<INFO :0xf7c9a700>: gs ping goddess[result=1], CurFrame[4695] LastFrame[4154] NewFrame[4695]
20190603-135017<INFO :0xf7c9a700>: receieve goddess ping reply, goddess time = 6059134
20190603-135017<ERROR:0xf7c9a700>: gs ping bishop[result=1], CurFrame[4696] LastFrame[4335] NewFrame[4696]
20190603-135017<INFO :0xf7c9a700>: [BiShopPing] Ping return at 6059197.
20190603-135037<ERROR:0xf7c9a700>: gs ping bishop[result=1], CurFrame[5057] LastFrame[4696] NewFrame[5057]
20190603-135037<INFO :0xf7c9a700>: [BiShopPing] Ping return at 6079320.
20190603-135047<INFO :0xf7c9a700>: gs ping goddess[result=1], CurFrame[5236] LastFrame[4695] NewFrame[5236]
20190603-135047<INFO :0xf7c9a700>: receieve goddess ping reply, goddess time = 6089188
20190603-135057<ERROR:0xf7c9a700>: gs ping bishop[result=1], CurFrame[5418] LastFrame[5057] NewFrame[5418]
20190603-135057<INFO :0xf7c9a700>: [BiShopPing] Ping return at 6099344.
20190603-135117<INFO :0xf7c9a700>: gs ping goddess[result=1], CurFrame[5777] LastFrame[5236] NewFrame[5777]
20190603-135117<INFO :0xf7c9a700>: receieve goddess ping reply, goddess time = 6119248
20190603-135117<ERROR:0xf7c9a700>: gs ping bishop[result=1], CurFrame[5779] LastFrame[5418] NewFrame[5779]
20190603-135117<INFO :0xf7c9a700>: [BiShopPing] Ping return at 6119367.
20190603-135120<INFO :0xf7c9a700>: [Gateway Kick] Can't find account test000
20190603-135140<ERROR:0xf7c9a700>: gs ping bishop[result=1], CurFrame[6181] LastFrame[5820] NewFrame[6181]
20190603-135140<INFO :0xf7c9a700>: [BiShopPing] Ping return at 6141690.
20190603-135147<INFO :0xf7c9a700>: gs ping goddess[result=1], CurFrame[6318] LastFrame[5777] NewFrame[6318]
20190603-135147<INFO :0xf7c9a700>: receieve goddess ping reply, goddess time = 6149304
20190603-135156<INFO :0xf7c9a700>: [Frame debug] Frame 6480
20190603-135200<ERROR:0xf7c9a700>: gs ping bishop[result=1], CurFrame[6542] LastFrame[6181] NewFrame[6542]
20190603-135200<INFO :0xf7c9a700>: [BiShopPing] Ping return at 6161815.
20190603-135217<INFO :0xf7c9a700>: [LOGIN/OUT] G2B_ROLE_LOGIN_PERMIT permit acc:test000 role:jx2vltk.
20190603-135217<INFO :0xf7c9a700>: gs ping goddess[result=1], CurFrame[6859] LastFrame[6318] NewFrame[6859]
20190603-135217<INFO :0xf7c9a700>: receieve goddess ping reply, goddess time = 6179362
20190603-135218<INFO :0xf7c9a700>: [LOGIN/OUT] connection created ln:0 from 171.244.76.27.
20190603-135218<INFO :0xf7c9a700>: Found player[1] test000(jx2vltk) is logging in system!Ip:171.244.76.27 mac:0050-56C0-0001
20190603-135218<INFO :0xf7c9a700>: [CheckCRC] LoadPlayerBaseInfo(test000, jx2vltk) dwCRC=8296DF42 len=3402
20190603-135218<INFO :0xf7c9a700>: [PlayerItem] acc=test000, @svr=0/300000
20190603-135218<INFO :0xf7c9a700>: [PlayerItem] load=18/18 acc=test000 @svr=18/300000
20190603-135218<INFO :0xf7c9a700>: PlayerName = jx2vltk, sucess load itemlock head data; 72, 72
20190603-135218<INFO :0xf7c9a700>: PlayerName = jx2vltk, 0, 0, 0, 0
20190603-135218<ERROR:0xf7c9a700>: [Weapon Effect Error]Weapon effect save data of player jx2vltk is INVALID.
20190603-135218<INFO :0xf7c9a700>: [LOGIN/OUT] C2G_ROLE_LOGIN success, idx:1, ln:0, acc:test000, role:jx2vltk lv:90
20190603-135220<WARN :0xf7c9a700>: # GameLogicSpeed : 17 fps.(abnormal!!!)
20190603-135238<ERROR:0xf7c9a700>: gs ping bishop[result=1], CurFrame[7228] LastFrame[6867] NewFrame[7228]
20190603-135238<INFO :0xf7c9a700>: [BiShopPing] Ping return at 6199862.
20190603-135249<INFO :0xf7c9a700>: gs ping goddess[result=1], CurFrame[7419] LastFrame[6878] NewFrame[7419]
20190603-135249<INFO :0xf7c9a700>: receieve goddess ping reply, goddess time = 6210470
20190603-135258<ERROR:0xf7c9a700>: gs ping bishop[result=1], CurFrame[7589] LastFrame[7228] NewFrame[7589]
20190603-135258<INFO :0xf7c9a700>: [BiShopPing] Ping return at 6219985.
20190603-135310<INFO :0xf7c9a700>: [New IB]Buy Request to Relay::(acc:test000 role:jx2vltk) apply use gold for item(G:2,D:0,P:555),level:1, price:250, expmp:0, jjmp:0
20190603-135310<INFO :0xf7c9a700>: [New IB]Buy Request to Bishop::(acc:test000 role:jx2vltk) attemp to buy item(G:2 D:0 P:555) price 250
20190603-135310<INFO :0xf7c9a700>: [New IB]Result to Relay::(acc:test000) buy item(itemid:33554987 guid:11132555231232200 buyidx:1 goodsidx:1562136789) result:1
20190603-135310<INFO :0xf7c9a700>: [New IB]Add Item to player::(acc:test000 role:jx2vltk) get A IB Item(G:2 D:0 P:555 GenTime:1559544790 Seed:1724142743 Sock:0,0,0 SockInfo:0,0,0) succeed
20190603-135310<INFO :0xf7c9a700>: [New IB]Player Save:(acc:test000 role:jx2vltk) save, buyidx=1
20190603-135310<INFO :0xf7c9a700>: PlayerName = jx2vltk, KItemLockMgr::SaveData, 0, 0, 0
20190603-135310<INFO :0xf7c9a700>: [CheckCRC] UpdateDBPlayerInfo(test000, jx2vltk) dwCRC=66CB8952 dwDataLen=3555
20190603-135310<INFO :0xf7c9a700>: [SavePlayerData] send save request to goddess bUnLock=0, acc:test000, role:jx2vltk
20190603-135315<ERROR:0xf7c9a700>: Recv data error, shutdown(linkindex:0)
20190603-135315<INFO :0xf7c9a700>: [LOGIN/OUT] Connection[0] lost, idx:1, acc:test000, role:jx2vltk, GameStatus:PlayerPlaying, ExchangeStatus:ExchangeBegin, LastPingTime:[2019-06-03 13:53:13]
20190603-135316<INFO :0xf7c9a700>: PlayerName = jx2vltk, KItemLockMgr::SaveData, 0, 0, 0
20190603-135316<INFO :0xf7c9a700>: [CheckCRC] UpdateDBPlayerInfo(test000, jx2vltk) dwCRC=EE05FB97 dwDataLen=3481
20190603-135316<INFO :0xf7c9a700>: [SavePlayerData] send save request to goddess bUnLock=1, acc:test000, role:jx2vltk
20190603-135316<INFO :0xf7c9a700>: [LOGIN/OUT] G2B_ROLE_LOGOUT idx:1, acc:test000, role:jx2vltk
20190603-135316<INFO :0xf7c9a700>: acc:test000 leave game!
20190603-135316<INFO :0xf7c9a700>: Remove player object . acc test000, role jx2vltk
20190603-135317<INFO :0xf7c9a700>: [Gateway Kick] Can't find account test000
20190603-135337<ERROR:0xf7c9a700>: gs ping bishop[result=1], CurFrame[8283] LastFrame[7922] NewFrame[8283]
20190603-135337<INFO :0xf7c9a700>: [BiShopPing] Ping return at 6258530.
20190603-135341<INFO :0xf7c9a700>: [LOGIN/OUT] G2B_ROLE_LOGIN_PERMIT permit acc:test000 role:jx2vltk.
20190603-135342<INFO :0xf7c9a700>: [LOGIN/OUT] connection created ln:0 from 171.244.76.27.
20190603-135342<INFO :0xf7c9a700>: Found player[1] test000(jx2vltk) is logging in system!Ip:171.244.76.27 mac:0050-56C0-0001
20190603-135342<INFO :0xf7c9a700>: [CheckCRC] LoadPlayerBaseInfo(test000, jx2vltk) dwCRC=EE05FB97 len=3481
20190603-135342<INFO :0xf7c9a700>: [PlayerItem] acc=test000, @svr=0/300000
20190603-135342<INFO :0xf7c9a700>: [PlayerItem] load=19/19 acc=test000 @svr=19/300000
20190603-135342<INFO :0xf7c9a700>: PlayerName = jx2vltk, sucess load itemlock head data; 72, 72
20190603-135342<INFO :0xf7c9a700>: PlayerName = jx2vltk, 0, 0, 0, 0
20190603-135342<ERROR:0xf7c9a700>: [Weapon Effect Error]Weapon effect save data of player jx2vltk is INVALID.
20190603-135342<INFO :0xf7c9a700>: [LOGIN/OUT] C2G_ROLE_LOGIN success, idx:1, ln:0, acc:test000, role:jx2vltk lv:90
20190603-135402<ERROR:0xf7c9a700>: gs ping bishop[result=1], CurFrame[8741] LastFrame[8380] NewFrame[8741]
20190603-135402<INFO :0xf7c9a700>: [BiShopPing] Ping return at 6283960.
20190603-135412<INFO :0xf7c9a700>: gs ping goddess[result=1], CurFrame[8923] LastFrame[8382] NewFrame[8923]
20190603-135412<INFO :0xf7c9a700>: receieve goddess ping reply, goddess time = 6294023
20190603-135422<ERROR:0xf7c9a700>: gs ping bishop[result=1], CurFrame[9102] LastFrame[8741] NewFrame[9102]
20190603-135422<INFO :0xf7c9a700>: [BiShopPing] Ping return at 6303981.
20190603-135442<ERROR:0xf7c9a700>: gs ping bishop[result=1], CurFrame[9463] LastFrame[9102] NewFrame[9463]
20190603-135442<INFO :0xf7c9a700>: gs ping goddess[result=1], CurFrame[9464] LastFrame[8923] NewFrame[9464]
20190603-135442<INFO :0xf7c9a700>: receieve goddess ping reply, goddess time = 6324079
20190603-135442<INFO :0xf7c9a700>: [BiShopPing] Ping return at 6324102.
20190603-135456<INFO :0xf7c9a700>: [Frame debug] Frame 9720
20190603-135502<ERROR:0xf7c9a700>: gs ping bishop[result=1], CurFrame[9824] LastFrame[9463] NewFrame[9824]
20190603-135502<INFO :0xf7c9a700>: [BiShopPing] Ping return at 6344123.
20190603-135512<INFO :0xf7c9a700>: gs ping goddess[result=1], CurFrame[10005] LastFrame[9464] NewFrame[10005]
20190603-135512<INFO :0xf7c9a700>: receieve goddess ping reply, goddess time = 6354139
20190603-135522<ERROR:0xf7c9a700>: gs ping bishop[result=1], CurFrame[10185] LastFrame[9824] NewFrame[10185]
20190603-135522<INFO :0xf7c9a700>: [BiShopPing] Ping return at 6364145.
20190603-135523<ERROR:0xf7c9a700>: [Script] [4042852611, 1800]{/script/online_activites/treasure_box/trigger.lua}remove a none copy map dialog npc[350:T­¬ng D­¬ng].[28836:Th­¬ng nh©n T©y Vùc].
20190603-135523<ERROR:0xf7c9a700>: [Script] [4042852611, 1500]{/script/online_activites/treasure_box/trigger.lua}remove a none copy map dialog npc[510:D­îc V­¬ng ®éng].[28837:D­îc Nh©n Th¶o].
20190603-135523<ERROR:0xf7c9a700>: [Script] [4042852611, 1500]{/script/online_activites/treasure_box/trigger.lua}remove a none copy map dialog npc[510:D­îc V­¬ng ®éng].[28838:D­îc Nh©n Th¶o].
20190603-135523<ERROR:0xf7c9a700>: [Script] [4042852611, 1500]{/script/online_activites/treasure_box/trigger.lua}remove a none copy map dialog npc[510:D­îc V­¬ng ®éng].[28839:D­îc Nh©n Th¶o].
20190603-135523<ERROR:0xf7c9a700>: [Script] [4042852611, 1500]{/script/online_activites/treasure_box/trigger.lua}remove a none copy map dialog npc[510:D­îc V­¬ng ®éng].[28840:D­îc Nh©n Th¶o].
20190603-135523<ERROR:0xf7c9a700>: [Script] [4042852611, 1500]{/script/online_activites/treasure_box/trigger.lua}remove a none copy map dialog npc[510:D­îc V­¬ng ®éng].[28841:D­îc Nh©n Th¶o].
20190603-135523<ERROR:0xf7c9a700>: [Script] [4042852611, 1500]{/script/online_activites/treasure_box/trigger.lua}remove a none copy map dialog npc[510:D­îc V­¬ng ®éng].[28842:D­îc Nh©n Th¶o].
20190603-135523<ERROR:0xf7c9a700>: [Script] [4042852611, 1500]{/script/online_activites/treasure_box/trigger.lua}remove a none copy map dialog npc[510:D­îc V­¬ng ®éng].[28843:D­îc Nh©n Th¶o].
20190603-135523<ERROR:0xf7c9a700>: [Script] [4042852611, 1500]{/script/online_activites/treasure_box/trigger.lua}remove a none copy map dialog npc[510:D­îc V­¬ng ®éng].[28844:D­îc Nh©n Th¶o].
20190603-135523<ERROR:0xf7c9a700>: [Script] [4042852611, 1500]{/script/online_activites/treasure_box/trigger.lua}remove a none copy map dialog npc[510:D­îc V­¬ng ®éng].[28845:D­îc Nh©n Th¶o].
20190603-135523<ERROR:0xf7c9a700>: [Script] [4042852611, 1500]{/script/online_activites/treasure_box/trigger.lua}remove a none copy map dialog npc[510:D­îc V­¬ng ®éng].[28846:D­îc Nh©n Th¶o].
20190603-135523<ERROR:0xf7c9a700>: [Script] [4042852611, 1500]{/script/online_activites/treasure_box/trigger.lua}remove a none copy map dialog npc[510:D­îc V­¬ng ®éng].[28847:D­îc Nh©n Th¶o].
20190603-135523<ERROR:0xf7c9a700>: [Script] [4042852611, 1500]{/script/online_activites/treasure_box/trigger.lua}remove a none copy map dialog npc[510:D­îc V­¬ng ®éng].[28848:D­îc Nh©n Th¶o].
20190603-135523<ERROR:0xf7c9a700>: [Script] [4042852611, 1500]{/script/online_activites/treasure_box/trigger.lua}remove a none copy map dialog npc[510:D­îc V­¬ng ®éng].[28849:D­îc Nh©n Th¶o].
20190603-135523<ERROR:0xf7c9a700>: [Script] [4042852611, 1500]{/script/online_activites/treasure_box/trigger.lua}remove a none copy map dialog npc[510:D­îc V­¬ng ®éng].[28850:D­îc Nh©n Th¶o].
20190603-135523<ERROR:0xf7c9a700>: [Script] [4042852611, 1500]{/script/online_activites/treasure_box/trigger.lua}remove a none copy map dialog npc[510:D­îc V­¬ng ®éng].[28851:D­îc Nh©n Th¶o].
20190603-135523<ERROR:0xf7c9a700>: [Script] [4042852611, 1500]{/script/online_activites/treasure_box/trigger.lua}remove a none copy map dialog npc[510:D­îc V­¬ng ®éng].[28852:D­îc Nh©n Th¶o].
20190603-135523<ERROR:0xf7c9a700>: [Script] [4042852611, 1500]{/script/online_activites/treasure_box/trigger.lua}remove a none copy map dialog npc[510:D­îc V­¬ng ®éng].[28853:D­îc Nh©n Th¶o].
20190603-135523<ERROR:0xf7c9a700>: [Script] [4042852611, 1500]{/script/online_activites/treasure_box/trigger.lua}remove a none copy map dialog npc[510:D­îc V­¬ng ®éng].[28854:D­îc Nh©n Th¶o].
20190603-135523<ERROR:0xf7c9a700>: [Script] [4042852611, 1500]{/script/online_activites/treasure_box/trigger.lua}remove a none copy map dialog npc[510:D­îc V­¬ng ®éng].[28855:D­îc Nh©n Th¶o].
20190603-135523<ERROR:0xf7c9a700>: [Script] [4042852611, 1500]{/script/online_activites/treasure_box/trigger.lua}remove a none copy map dialog npc[510:D­îc V­¬ng ®éng].[28856:D­îc Nh©n Th¶o].
20190603-135523<ERROR:0xf7c9a700>: [Script] [4042852611, 1500]{/script/online_activites/treasure_box/trigger.lua}remove a none copy map dialog npc[510:D­îc V­¬ng ®éng].[28857:D­îc Nh©n Th¶o].
20190603-135523<ERROR:0xf7c9a700>: [Script] [4042852611, 1500]{/script/online_activites/treasure_box/trigger.lua}remove a none copy map dialog npc[510:D­îc V­¬ng ®éng].[28858:D­îc Nh©n Th¶o].
20190603-135523<ERROR:0xf7c9a700>: [Script] [4042852611, 1500]{/script/online_activites/treasure_box/trigger.lua}remove a none copy map dialog npc[510:D­îc V­¬ng ®éng].[28859:D­îc Nh©n Th¶o].
20190603-135523<ERROR:0xf7c9a700>: [Script] [4042852611, 1500]{/script/online_activites/treasure_box/trigger.lua}remove a none copy map dialog npc[510:D­îc V­¬ng ®éng].[28860:D­îc Nh©n Th¶o].
20190603-135523<ERROR:0xf7c9a700>: [Script] [4042852611, 1500]{/script/online_activites/treasure_box/trigger.lua}remove a none copy map dialog npc[510:D­îc V­¬ng ®éng].[28861:D­îc Nh©n Th¶o].
20190603-135523<ERROR:0xf7c9a700>: [Script] [4042852611, 1500]{/script/online_activites/treasure_box/trigger.lua}remove a none copy map dialog npc[510:D­îc V­¬ng ®éng].[28862:D­îc Nh©n Th¶o].
20190603-135523<ERROR:0xf7c9a700>: [Script] [4042852611, 1500]{/script/online_activites/treasure_box/trigger.lua}remove a none copy map dialog npc[510:D­îc V­¬ng ®éng].[28863:D­îc Nh©n Th¶o].
20190603-135523<ERROR:0xf7c9a700>: [Script] [4042852611, 1500]{/script/online_activites/treasure_box/trigger.lua}remove a none copy map dialog npc[510:D­îc V­¬ng ®éng].[28864:D­îc Nh©n Th¶o].
20190603-135523<ERROR:0xf7c9a700>: [Script] [4042852611, 1500]{/script/online_activites/treasure_box/trigger.lua}remove a none copy map dialog npc[510:D­îc V­¬ng ®éng].[28865:D­îc Nh©n Th¶o].
20190603-135523<ERROR:0xf7c9a700>: [Script] [4042852611, 1500]{/script/online_activites/treasure_box/trigger.lua}remove a none copy map dialog npc[510:D­îc V­¬ng ®éng].[28866:D­îc Nh©n Th¶o].
20190603-135523<ERROR:0xf7c9a700>: [Script] [4042852611, 1500]{/script/online_activites/treasure_box/trigger.lua}remove a none copy map dialog npc[510:D­îc V­¬ng ®éng].[28867:D­îc Nh©n Th¶o].
20190603-135523<ERROR:0xf7c9a700>: [Script] [4042852611, 1500]{/script/online_activites/treasure_box/trigger.lua}remove a none copy map dialog npc[510:D­îc V­¬ng ®éng].[28868:D­îc Nh©n Th¶o].
20190603-135523<ERROR:0xf7c9a700>: [Script] [4042852611, 1500]{/script/online_activites/treasure_box/trigger.lua}remove a none copy map dialog npc[510:D­îc V­¬ng ®éng].[28869:D­îc Nh©n Th¶o].
20190603-135523<ERROR:0xf7c9a700>: [Script] [4042852611, 1500]{/script/online_activites/treasure_box/trigger.lua}remove a none copy map dialog npc[510:D­îc V­¬ng ®éng].[28870:D­îc Nh©n Th¶o].
20190603-135523<ERROR:0xf7c9a700>: [Script] [4042852611, 1500]{/script/online_activites/treasure_box/trigger.lua}remove a none copy map dialog npc[510:D­îc V­¬ng ®éng].[28871:D­îc Nh©n Th¶o].
20190603-135523<ERROR:0xf7c9a700>: [Script] [4042852611, 1500]{/script/online_activites/treasure_box/trigger.lua}remove a none copy map dialog npc[506:Mª cung sa m¹c].[28872:TÝch D­¬ng c¨n].
20190603-135523<ERROR:0xf7c9a700>: [Script] [4042852611, 1500]{/script/online_activites/treasure_box/trigger.lua}remove a none copy map dialog npc[506:Mª cung sa m¹c].[28873:TÝch D­¬ng c¨n].
20190603-135523<ERROR:0xf7c9a700>: [Script] [4042852611, 1500]{/script/online_activites/treasure_box/trigger.lua}remove a none copy map dialog npc[506:Mª cung sa m¹c].[28874:TÝch D­¬ng c¨n].
20190603-135523<ERROR:0xf7c9a700>: [Script] [4042852611, 1500]{/script/online_activites/treasure_box/trigger.lua}remove a none copy map dialog npc[506:Mª cung sa m¹c].[28875:TÝch D­¬ng c¨n].
20190603-135523<ERROR:0xf7c9a700>: [Script] [4042852611, 1500]{/script/online_activites/treasure_box/trigger.lua}remove a none copy map dialog npc[506:Mª cung sa m¹c].[28876:TÝch D­¬ng c¨n].
20190603-135523<ERROR:0xf7c9a700>: [Script] [4042852611, 1500]{/script/online_activites/treasure_box/trigger.lua}remove a none copy map dialog npc[506:Mª cung sa m¹c].[28877:TÝch D­¬ng c¨n].
20190603-135523<ERROR:0xf7c9a700>: [Script] [4042852611, 1500]{/script/online_activites/treasure_box/trigger.lua}remove a none copy map dialog npc[506:Mª cung sa m¹c].[28878:TÝch D­¬ng c¨n].
20190603-135523<ERROR:0xf7c9a700>: [Script] [4042852611, 1500]{/script/online_activites/treasure_box/trigger.lua}remove a none copy map dialog npc[506:Mª cung sa m¹c].[28879:TÝch D­¬ng c¨n].
20190603-135523<ERROR:0xf7c9a700>: [Script] [4042852611, 1500]{/script/online_activites/treasure_box/trigger.lua}remove a none copy map dialog npc[506:Mª cung sa m¹c].[28880:TÝch D­¬ng c¨n].
20190603-135523<ERROR:0xf7c9a700>: [Script] [4042852611, 1500]{/script/online_activites/treasure_box/trigger.lua}remove a none copy map dialog npc[506:Mª cung sa m¹c].[28881:TÝch D­¬ng c¨n].
20190603-135523<ERROR:0xf7c9a700>: [Script] [4042852611, 1500]{/script/online_activites/treasure_box/trigger.lua}remove a none copy map dialog npc[506:Mª cung sa m¹c].[28882:TÝch D­¬ng c¨n].
20190603-135523<ERROR:0xf7c9a700>: [Script] [4042852611, 1500]{/script/online_activites/treasure_box/trigger.lua}remove a none copy map dialog npc[506:Mª cung sa m¹c].[28883:TÝch D­¬ng c¨n].
20190603-135523<ERROR:0xf7c9a700>: [Script] [4042852611, 1500]{/script/online_activites/treasure_box/trigger.lua}remove a none copy map dialog npc[506:Mª cung sa m¹c].[28884:TÝch D­¬ng c¨n].
20190603-135523<ERROR:0xf7c9a700>: [Script] [4042852611, 1500]{/script/online_activites/treasure_box/trigger.lua}remove a none copy map dialog npc[506:Mª cung sa m¹c].[28885:TÝch D­¬ng c¨n].
20190603-135523<ERROR:0xf7c9a700>: [Script] [4042852611, 1500]{/script/online_activites/treasure_box/trigger.lua}remove a none copy map dialog npc[506:Mª cung sa m¹c].[28886:TÝch D­¬ng c¨n].
20190603-135523<ERROR:0xf7c9a700>: [Script] [4042852611, 1500]{/script/online_activites/treasure_box/trigger.lua}remove a none copy map dialog npc[506:Mª cung sa m¹c].[28887:TÝch D­¬ng c¨n].
20190603-135523<ERROR:0xf7c9a700>: [Script] [4042852611, 1500]{/script/online_activites/treasure_box/trigger.lua}remove a none copy map dialog npc[506:Mª cung sa m¹c].[28888:TÝch D­¬ng c¨n].
20190603-135523<ERROR:0xf7c9a700>: [Script] [4042852611, 1500]{/script/online_activites/treasure_box/trigger.lua}remove a none copy map dialog npc[506:Mª cung sa m¹c].[28889:TÝch D­¬ng c¨n].
20190603-135523<ERROR:0xf7c9a700>: [Script] [4042852611, 1500]{/script/online_activites/treasure_box/trigger.lua}remove a none copy map dialog npc[506:Mª cung sa m¹c].[28890:TÝch D­¬ng c¨n].
20190603-135523<ERROR:0xf7c9a700>: [Script] [4042852611, 1500]{/script/online_activites/treasure_box/trigger.lua}remove a none copy map dialog npc[506:Mª cung sa m¹c].[28891:TÝch D­¬ng c¨n].
20190603-135523<ERROR:0xf7c9a700>: [Script] [4042852611, 1500]{/script/online_activites/treasure_box/trigger.lua}remove a none copy map dialog npc[506:Mª cung sa m¹c].[28892:TÝch D­¬ng c¨n].
20190603-135523<ERROR:0xf7c9a700>: [Script] [4042852611, 1500]{/script/online_activites/treasure_box/trigger.lua}remove a none copy map dialog npc[506:Mª cung sa m¹c].[28893:TÝch D­¬ng c¨n].
20190603-135523<ERROR:0xf7c9a700>: [Script] [4042852611, 1500]{/script/online_activites/treasure_box/trigger.lua}remove a none copy map dialog npc[506:Mª cung sa m¹c].[28894:TÝch D­¬ng c¨n].
20190603-135523<ERROR:0xf7c9a700>: [Script] [4042852611, 1500]{/script/online_activites/treasure_box/trigger.lua}remove a none copy map dialog npc[506:Mª cung sa m¹c].[28895:TÝch D­¬ng c¨n].
20190603-135523<ERROR:0xf7c9a700>: [Script] [4042852611, 1500]{/script/online_activites/treasure_box/trigger.lua}remove a none copy map dialog npc[506:Mª cung sa m¹c].[28896:TÝch D­¬ng c¨n].
20190603-135523<ERROR:0xf7c9a700>: [Script] [4042852611, 1500]{/script/online_activites/treasure_box/trigger.lua}remove a none copy map dialog npc[506:Mª cung sa m¹c].[28897:TÝch D­¬ng c¨n].
20190603-135523<ERROR:0xf7c9a700>: [Script] [4042852611, 1500]{/script/online_activites/treasure_box/trigger.lua}remove a none copy map dialog npc[506:Mª cung sa m¹c].[28898:TÝch D­¬ng c¨n].
20190603-135523<ERROR:0xf7c9a700>: [Script] [4042852611, 1500]{/script/online_activites/treasure_box/trigger.lua}remove a none copy map dialog npc[506:Mª cung sa m¹c].[28899:TÝch D­¬ng c¨n].
20190603-135523<ERROR:0xf7c9a700>: [Script] [4042852611, 1500]{/script/online_activites/treasure_box/trigger.lua}remove a none copy map dialog npc[506:Mª cung sa m¹c].[28900:TÝch D­¬ng c¨n].
20190603-135523<ERROR:0xf7c9a700>: [Script] [4042852611, 1500]{/script/online_activites/treasure_box/trigger.lua}remove a none copy map dialog npc[506:Mª cung sa m¹c].[28901:TÝch D­¬ng c¨n].
20190603-135523<ERROR:0xf7c9a700>: [Script] [4042852611, 1500]{/script/online_activites/treasure_box/trigger.lua}remove a none copy map dialog npc[506:Mª cung sa m¹c].[28902:TÝch D­¬ng c¨n].
20190603-135523<ERROR:0xf7c9a700>: [Script] [4042852611, 1500]{/script/online_activites/treasure_box/trigger.lua}remove a none copy map dialog npc[506:Mª cung sa m¹c].[28903:TÝch D­¬ng c¨n].
20190603-135523<ERROR:0xf7c9a700>: [Script] [4042852611, 1500]{/script/online_activites/treasure_box/trigger.lua}remove a none copy map dialog npc[506:Mª cung sa m¹c].[28904:TÝch D­¬ng c¨n].
20190603-135523<ERROR:0xf7c9a700>: [Script] [4042852611, 1500]{/script/online_activites/treasure_box/trigger.lua}remove a none copy map dialog npc[506:Mª cung sa m¹c].[28905:TÝch D­¬ng c¨n].
20190603-135523<ERROR:0xf7c9a700>: [Script] [4042852611, 1500]{/script/online_activites/treasure_box/trigger.lua}remove a none copy map dialog npc[506:Mª cung sa m¹c].[28906:TÝch D­¬ng c¨n].
20190603-135523<ERROR:0xf7c9a700>: [Script] [4042852611, 1500]{/script/online_activites/treasure_box/trigger.lua}remove a none copy map dialog npc[506:Mª cung sa m¹c].[28907:TÝch D­¬ng c¨n].
20190603-135523<ERROR:0xf7c9a700>: [Script] [4042852611, 1500]{/script/online_activites/treasure_box/trigger.lua}remove a none copy map dialog npc[506:Mª cung sa m¹c].[28908:TÝch D­¬ng c¨n].
20190603-135523<ERROR:0xf7c9a700>: [Script] [4042852611, 1500]{/script/online_activites/treasure_box/trigger.lua}remove a none copy map dialog npc[506:Mª cung sa m¹c].[28909:TÝch D­¬ng c¨n].
20190603-135523<ERROR:0xf7c9a700>: [Script] [4042852611, 1500]{/script/online_activites/treasure_box/trigger.lua}remove a none copy map dialog npc[506:Mª cung sa m¹c].[28910:TÝch D­¬ng c¨n].
20190603-135523<ERROR:0xf7c9a700>: [Script] [4042852611, 1500]{/script/online_activites/treasure_box/trigger.lua}remove a none copy map dialog npc[506:Mª cung sa m¹c].[28911:TÝch D­¬ng c¨n].
20190603-135523<ERROR:0xf7c9a700>: [Script] [4042852611, 1500]{/script/online_activites/treasure_box/trigger.lua}remove a none copy map dialog npc[506:Mª cung sa m¹c].[28912:TÝch D­¬ng c¨n].
20190603-135523<ERROR:0xf7c9a700>: [Script] [4042852611, 1500]{/script/online_activites/treasure_box/trigger.lua}remove a none copy map dialog npc[506:Mª cung sa m¹c].[28913:TÝch D­¬ng c¨n].
20190603-135523<ERROR:0xf7c9a700>: [Script] [4042852611, 1500]{/script/online_activites/treasure_box/trigger.lua}remove a none copy map dialog npc[506:Mª cung sa m¹c].[28914:TÝch D­¬ng c¨n].
20190603-135523<ERROR:0xf7c9a700>: [Script] [4042852611, 1500]{/script/online_activites/treasure_box/trigger.lua}remove a none copy map dialog npc[506:Mª cung sa m¹c].[28915:TÝch D­¬ng c¨n].
20190603-135523<ERROR:0xf7c9a700>: [Script] [4042852611, 1500]{/script/online_activites/treasure_box/trigger.lua}remove a none copy map dialog npc[506:Mª cung sa m¹c].[28916:TÝch D­¬ng c¨n].
20190603-135523<ERROR:0xf7c9a700>: [Script] [4042852611, 1500]{/script/online_activites/treasure_box/trigger.lua}remove a none copy map dialog npc[506:Mª cung sa m¹c].[28917:TÝch D­¬ng c¨n].
20190603-135523<ERROR:0xf7c9a700>: [Script] [4042852611, 1500]{/script/online_activites/treasure_box/trigger.lua}remove a none copy map dialog npc[506:Mª cung sa m¹c].[28918:TÝch D­¬ng c¨n].
20190603-135523<ERROR:0xf7c9a700>: [Script] [4042852611, 1500]{/script/online_activites/treasure_box/trigger.lua}remove a none copy map dialog npc[506:Mª cung sa m¹c].[28919:TÝch D­¬ng c¨n].
20190603-135523<ERROR:0xf7c9a700>: [Script] [4042852611, 1500]{/script/online_activites/treasure_box/trigger.lua}remove a none copy map dialog npc[506:Mª cung sa m¹c].[28920:TÝch D­¬ng c¨n].
20190603-135523<ERROR:0xf7c9a700>: [Script] [4042852611, 1500]{/script/online_activites/treasure_box/trigger.lua}remove a none copy map dialog npc[506:Mª cung sa m¹c].[28921:TÝch D­¬ng c¨n].
20190603-135542<INFO :0xf7c9a700>: gs ping goddess[result=1], CurFrame[10546] LastFrame[10005] NewFrame[10546]
20190603-135542<ERROR:0xf7c9a700>: gs ping bishop[result=1], CurFrame[10546] LastFrame[10185] NewFrame[10546]
20190603-135542<INFO :0xf7c9a700>: receieve goddess ping reply, goddess time = 6384196
20190603-135542<INFO :0xf7c9a700>: [BiShopPing] Ping return at 6384268.
20190603-135602<ERROR:0xf7c9a700>: gs ping bishop[result=1], CurFrame[10907] LastFrame[10546] NewFrame[10907]
20190603-135602<INFO :0xf7c9a700>: [BiShopPing] Ping return at 6404292.
20190603-135612<INFO :0xf7c9a700>: gs ping goddess[result=1], CurFrame[11087] LastFrame[10546] NewFrame[11087]
20190603-135612<INFO :0xf7c9a700>: receieve goddess ping reply, goddess time = 6414251
20190603-135622<WARN :0xf7c9a700>: # GameLogicSpeed : 17 fps.(abnormal!!!)
20190603-135622<ERROR:0xf7c9a700>: gs ping bishop[result=1], CurFrame[11268] LastFrame[10907] NewFrame[11268]
20190603-135622<INFO :0xf7c9a700>: [BiShopPing] Ping return at 6424316.
20190603-135642<INFO :0xf7c9a700>: gs ping goddess[result=1], CurFrame[11628] LastFrame[11087] NewFrame[11628]
20190603-135642<INFO :0xf7c9a700>: receieve goddess ping reply, goddess time = 6444303
20190603-135642<ERROR:0xf7c9a700>: gs ping bishop[result=1], CurFrame[11629] LastFrame[11268] NewFrame[11629]
20190603-135643<INFO :0xf7c9a700>: [BiShopPing] Ping return at 6444442.
20190603-135703<ERROR:0xf7c9a700>: gs ping bishop[result=1], CurFrame[11990] LastFrame[11629] NewFrame[11990]
20190603-135703<INFO :0xf7c9a700>: [BiShopPing] Ping return at 6464468.
20190603-135712<INFO :0xf7c9a700>: gs ping goddess[result=1], CurFrame[12169] LastFrame[11628] NewFrame[12169]
20190603-135712<INFO :0xf7c9a700>: receieve goddess ping reply, goddess time = 6474362
20190603-135723<ERROR:0xf7c9a700>: gs ping bishop[result=1], CurFrame[12351] LastFrame[11990] NewFrame[12351]
20190603-135723<INFO :0xf7c9a700>: [BiShopPing] Ping return at 6484493.
20190603-135738<INFO :0xf7c9a700>: [Gateway Kick] Can't find account test009
20190603-135743<INFO :0xf7c9a700>: gs ping goddess[result=1], CurFrame[12710] LastFrame[12169] NewFrame[12710]
20190603-135743<INFO :0xf7c9a700>: receieve goddess ping reply, goddess time = 6504414
20190603-135748<WARN :0xf7c9a700>: # GameLogicSpeed : 17 fps.(abnormal!!!)
20190603-135756<INFO :0xf7c9a700>: [Frame debug] Frame 12960
20190603-135758<ERROR:0xf7c9a700>: gs ping bishop[result=1], CurFrame[12990] LastFrame[12629] NewFrame[12990]
20190603-135758<INFO :0xf7c9a700>: [BiShopPing] Ping return at 6520038.
20190603-135808<INFO :0xf7c9a700>: [LOGIN/OUT] G2B_ROLE_LOGIN_PERMIT permit acc:test009 role:jx2kggjj.
20190603-135810<INFO :0xf7c9a700>: [LOGIN/OUT] connection created ln:1 from 171.244.76.27.
20190603-135810<INFO :0xf7c9a700>: Found player[2] test009(jx2kggjj) is logging in system!Ip:171.244.76.27 mac:0050-56C0-0008
20190603-135810<INFO :0xf7c9a700>: [CheckCRC] LoadPlayerBaseInfo(test009, jx2kggjj) dwCRC=1D3B49AF len=725
20190603-135810<INFO :0xf7c9a700>: [PlayerItem] acc=test009, @svr=19/300000
20190603-135810<INFO :0xf7c9a700>: [PlayerItem] load=1/1 acc=test009 @svr=20/300000
20190603-135810<INFO :0xf7c9a700>: KPlayerTask::_DoRecycleTask(Account=test009, Role=jx2kggjj, Task=2913, SaveVerion=0, CurVersion=6 RecycleVersion=5) normal RecycleValue=0
20190603-135810<INFO :0xf7c9a700>: KPlayerTask::_DoRecycleTask(Account=test009, Role=jx2kggjj, Task=3069, SaveVerion=0, CurVersion=6 RecycleVersion=2) normal RecycleValue=0
20190603-135810<INFO :0xf7c9a700>: KPlayerTask::_DoRecycleTask(Account=test009, Role=jx2kggjj, Task=3098, SaveVerion=0, CurVersion=6 RecycleVersion=6) normal RecycleValue=0
20190603-135810<INFO :0xf7c9a700>: KPlayerTask::_DoRecycleTask(Account=test009, Role=jx2kggjj, Task=3099, SaveVerion=0, CurVersion=6 RecycleVersion=6) normal RecycleValue=0
20190603-135810<INFO :0xf7c9a700>: KPlayerTask::_DoRecycleTask(Account=test009, Role=jx2kggjj, Task=3100, SaveVerion=0, CurVersion=6 RecycleVersion=6) normal RecycleValue=0
20190603-135810<INFO :0xf7c9a700>: KPlayerTask::_DoRecycleTask(Account=test009, Role=jx2kggjj, Task=3101, SaveVerion=0, CurVersion=6 RecycleVersion=6) normal RecycleValue=0
20190603-135810<INFO :0xf7c9a700>: KPlayerTask::_DoRecycleTask(Account=test009, Role=jx2kggjj, Task=3102, SaveVerion=0, CurVersion=6 RecycleVersion=6) normal RecycleValue=0
20190603-135810<INFO :0xf7c9a700>: KPlayerTask::_DoRecycleTask(Account=test009, Role=jx2kggjj, Task=3103, SaveVerion=0, CurVersion=6 RecycleVersion=6) normal RecycleValue=0
20190603-135810<INFO :0xf7c9a700>: KPlayerTask::_DoRecycleTask(Account=test009, Role=jx2kggjj, Task=3104, SaveVerion=0, CurVersion=6 RecycleVersion=6) normal RecycleValue=0
20190603-135810<INFO :0xf7c9a700>: KPlayerTask::_DoRecycleTask(Account=test009, Role=jx2kggjj, Task=3135, SaveVerion=0, CurVersion=6 RecycleVersion=4) normal RecycleValue=0
20190603-135810<INFO :0xf7c9a700>: KPlayerTask::_DoRecycleTask(Account=test009, Role=jx2kggjj, Task=3136, SaveVerion=0, CurVersion=6 RecycleVersion=4) normal RecycleValue=0
20190603-135810<INFO :0xf7c9a700>: KPlayerTask::_DoRecycleTask(Account=test009, Role=jx2kggjj, Task=3138, SaveVerion=0, CurVersion=6 RecycleVersion=4) normal RecycleValue=0
20190603-135810<INFO :0xf7c9a700>: [LOGIN/OUT] C2G_ROLE_LOGIN success, idx:2, ln:1, acc:test009, role:jx2kggjj lv:1
20190603-135823<INFO :0xf7c9a700>: [Gateway Kick] Can't find account test004
20190603-135825<INFO :0xf7c9a700>: [New IB]Buy Request to Relay::(acc:test000 role:jx2vltk) apply use gold for item(G:2,D:1,P:1001),level:1, price:1200, expmp:0, jjmp:0
20190603-135825<INFO :0xf7c9a700>: [New IB]Buy Request to Bishop::(acc:test000 role:jx2vltk) attemp to buy item(G:2 D:1 P:1001) price 1200
20190603-135826<INFO :0xf7c9a700>: [New IB]Result to Relay::(acc:test000) buy item(itemid:33620969 guid:11132555231232250 buyidx:2 goodsidx:1560149905) result:1
20190603-135826<INFO :0xf7c9a700>: [New IB]Add Item to player::(acc:test000 role:jx2vltk) get A IB Item(G:2 D:1 P:1001 GenTime:1559545106 Seed:1467391079 Sock:0,0,0 SockInfo:0,0,0) succeed
20190603-135826<INFO :0xf7c9a700>: [New IB]Player Save:(acc:test000 role:jx2vltk) save, buyidx=2
20190603-135826<INFO :0xf7c9a700>: PlayerName = jx2vltk, KItemLockMgr::SaveData, 0, 0, 0
20190603-135826<INFO :0xf7c9a700>: [CheckCRC] UpdateDBPlayerInfo(test000, jx2vltk) dwCRC=4913F33D dwDataLen=3634
20190603-135826<INFO :0xf7c9a700>: [SavePlayerData] send save request to goddess bUnLock=0, acc:test000, role:jx2vltk
20190603-135845<ERROR:0xf7c9a700>: gs ping bishop[result=1], CurFrame[13843] LastFrame[13482] NewFrame[13843]
20190603-135845<INFO :0xf7c9a700>: [BiShopPing] Ping return at 6567400.
20190603-135856<INFO :0xf7c9a700>: [LOGIN/OUT] G2B_ROLE_LOGIN_PERMIT permit acc:test004 role:342342.
20190603-135856<INFO :0xf7c9a700>: gs ping goddess[result=1], CurFrame[14029] LastFrame[13488] NewFrame[14029]
20190603-135856<INFO :0xf7c9a700>: receieve goddess ping reply, goddess time = 6577697
20190603-135857<INFO :0xf7c9a700>: [LOGIN/OUT] connection created ln:2 from 171.244.76.27.
20190603-135857<INFO :0xf7c9a700>: Found player[3] test004(342342) is logging in system!Ip:171.244.76.27 mac:9C2A-70DA-E3DF
20190603-135857<INFO :0xf7c9a700>: [CheckCRC] LoadPlayerBaseInfo(test004, 342342) dwCRC=98A494A6 len=725
20190603-135857<INFO :0xf7c9a700>: [PlayerItem] acc=test004, @svr=27/300000
20190603-135857<INFO :0xf7c9a700>: [PlayerItem] load=1/1 acc=test004 @svr=28/300000
20190603-135857<INFO :0xf7c9a700>: KPlayerTask::_DoRecycleTask(Account=test004, Role=342342, Task=2913, SaveVerion=0, CurVersion=6 RecycleVersion=5) normal RecycleValue=0
20190603-135857<INFO :0xf7c9a700>: KPlayerTask::_DoRecycleTask(Account=test004, Role=342342, Task=3069, SaveVerion=0, CurVersion=6 RecycleVersion=2) normal RecycleValue=0
20190603-135857<INFO :0xf7c9a700>: KPlayerTask::_DoRecycleTask(Account=test004, Role=342342, Task=3098, SaveVerion=0, CurVersion=6 RecycleVersion=6) normal RecycleValue=0
20190603-135857<INFO :0xf7c9a700>: KPlayerTask::_DoRecycleTask(Account=test004, Role=342342, Task=3099, SaveVerion=0, CurVersion=6 RecycleVersion=6) normal RecycleValue=0
20190603-135857<INFO :0xf7c9a700>: KPlayerTask::_DoRecycleTask(Account=test004, Role=342342, Task=3100, SaveVerion=0, CurVersion=6 RecycleVersion=6) normal RecycleValue=0
20190603-135857<INFO :0xf7c9a700>: KPlayerTask::_DoRecycleTask(Account=test004, Role=342342, Task=3101, SaveVerion=0, CurVersion=6 RecycleVersion=6) normal RecycleValue=0
20190603-135857<INFO :0xf7c9a700>: KPlayerTask::_DoRecycleTask(Account=test004, Role=342342, Task=3102, SaveVerion=0, CurVersion=6 RecycleVersion=6) normal RecycleValue=0
20190603-135857<INFO :0xf7c9a700>: KPlayerTask::_DoRecycleTask(Account=test004, Role=342342, Task=3103, SaveVerion=0, CurVersion=6 RecycleVersion=6) normal RecycleValue=0
20190603-135857<INFO :0xf7c9a700>: KPlayerTask::_DoRecycleTask(Account=test004, Role=342342, Task=3104, SaveVerion=0, CurVersion=6 RecycleVersion=6) normal RecycleValue=0
20190603-135857<INFO :0xf7c9a700>: KPlayerTask::_DoRecycleTask(Account=test004, Role=342342, Task=3135, SaveVerion=0, CurVersion=6 RecycleVersion=4) normal RecycleValue=0
20190603-135857<INFO :0xf7c9a700>: KPlayerTask::_DoRecycleTask(Account=test004, Role=342342, Task=3136, SaveVerion=0, CurVersion=6 RecycleVersion=4) normal RecycleValue=0
20190603-135857<INFO :0xf7c9a700>: KPlayerTask::_DoRecycleTask(Account=test004, Role=342342, Task=3138, SaveVerion=0, CurVersion=6 RecycleVersion=4) normal RecycleValue=0
20190603-135857<INFO :0xf7c9a700>: [LOGIN/OUT] C2G_ROLE_LOGIN success, idx:3, ln:2, acc:test004, role:342342 lv:1
20190603-135913<WARN :0xf7c9a700>: # GameLogicSpeed : 17 fps.(abnormal!!!)
20190603-135917<ERROR:0xf7c9a700>: gs ping bishop[result=1], CurFrame[14416] LastFrame[14055] NewFrame[14416]
20190603-135917<INFO :0xf7c9a700>: [BiShopPing] Ping return at 6599240.
20190603-135928<INFO :0xf7c9a700>: gs ping goddess[result=1], CurFrame[14607] LastFrame[14066] NewFrame[14607]
20190603-135928<INFO :0xf7c9a700>: receieve goddess ping reply, goddess time = 6609803
20190603-135937<ERROR:0xf7c9a700>: gs ping bishop[result=1], CurFrame[14777] LastFrame[14416] NewFrame[14777]
20190603-135937<INFO :0xf7c9a700>: [BiShopPing] Ping return at 6619265.
20190603-135941<WARN :0xf7c9a700>: # GameLogicSpeed : 17 fps.(abnormal!!!)
20190603-135957<ERROR:0xf7c9a700>: gs ping bishop[result=1], CurFrame[15138] LastFrame[14777] NewFrame[15138]
20190603-135957<INFO :0xf7c9a700>: [BiShopPing] Ping return at 6639390.
20190603-135958<INFO :0xf7c9a700>: gs ping goddess[result=1], CurFrame[15148] LastFrame[14607] NewFrame[15148]
20190603-135958<INFO :0xf7c9a700>: receieve goddess ping reply, goddess time = 6639861
20190603-140000<INFO :0xf7c9a700>: [SystimeTask] timetask [Ln36 14:00]  is time up [Frame 15184], execute script 297637250:{\script\task\weekend\weekend_timer.lua}
20190603-140017<ERROR:0xf7c9a700>: gs ping bishop[result=1], CurFrame[15499] LastFrame[15138] NewFrame[15499]
20190603-140018<INFO :0xf7c9a700>: [BiShopPing] Ping return at 6659416.
