20200206-010437	Key	Action	Acc1	Role1	Lv1	Tong1	Num1	Map1	PosX	PosY	Acc2	Role2	Lv2	Tong2	Num2	Map2	Pos2X	Pos2Y	ItemName	ItemG	ItemD	IitemP	ItemDur	ItemSeed	GenTime	Socket1	Socket2	Socket3	EnhanceTimes	Place	X	Y
20200206-010506	MoneyPay	PrePay	an	ioNaruto	799		1500	500	1844	3053			0		0	0	0	0		0	0	0	0	0		0	0	0	0	-1	-1	-1
20200206-010540	large_str	Pay[/script/online/viet_event/Battle_TieuPhuong/TieuPhuong.lua|main]			0		444254051	0	0	0			0		0	0	0	0		0	0	0	0	0		0	0	0	0	-1	-1	-1
20200206-010540	MoneyPay	444254051	an	ioNaruto	799		990000	200	1348	2864			0		0	0	0	0		0	0	0	0	0		0	0	0	0	-1	-1	-1
20200206-010615	large_str	AddItem[/script/newbattles/quartermaster_npc.lua|want_medicine]			0		1689361310	0	0	0			0		0	0	0	0		0	0	0	0	0		0	0	0	0	-1	-1	-1
20200206-010615	ItemAdd	1689361310	an	ioNaruto	799		40	884	1520	3756			0		0	0	0	0	Sinh Sinh Hãa T¸n	1	0	205	40	1232318425	2020-02-06 01:06:15	1073676288	1073676288	1073676288	0	-1	-1	-1
20200206-010615	ItemAdd	1689361310	an	ioNaruto	799		40	884	1520	3756			0		0	0	0	0	Ngäc Cao t¸n	1	0	204	40	-453380230	2020-02-06 01:06:15	1073676288	1073676288	1073676288	0	-1	-1	-1
20200206-010615	ItemAdd	1689361310	an	ioNaruto	799		40	884	1520	3756			0		0	0	0	0	V¹n VËt Quy Nguyªn ®	1	0	206	40	309267331	2020-02-06 01:06:15	1073676288	1073676288	1073676288	0	-1	-1	-1
20200206-010642	ItemConsume	ClearItemInPos	an	ioNaruto	799		1	884	1520	3755			0		0	0	0	0	GM Item	2	1	30644	1	-517415119	2020-01-25 22:21:49	1073676288	1073676288	1073676288	0	2	0	0
20200206-010642	ItemConsume	ClearItemInPos	an	ioNaruto	799		1	884	1520	3755			0		0	0	0	0	CÈm Nang §¹i Sù KiÖn	2	1	30045	1	1582990292	2020-01-26 00:21:40	1073676288	1073676288	1073676288	0	2	1	0
20200206-010642	ItemConsume	ClearItemInPos	an	ioNaruto	799		1	884	1520	3755			0		0	0	0	0	NguyÖt L­îng Thè luy	2	0	1043	1	1801597214	2020-01-26 00:21:40	1073676288	1073676288	1073676288	0	2	2	0
20200206-010642	ItemConsume	ClearItemInPos	an	ioNaruto	799		1	884	1520	3755			0		0	0	0	0	TiÕu ng¹o giang hå l	2	1	30240	1	25777208	2020-01-26 00:21:40	1073676288	1073676288	1073676288	0	2	3	0
20200206-010642	ItemConsume	ClearItemInPos	an	ioNaruto	799		1	884	1520	3755			0		0	0	0	0	Bøc th­ thÇn bÝ	2	0	30052	1	-2128245863	2020-01-26 00:21:40	1073676288	1073676288	1073676288	0	2	4	0
20200206-010642	ItemConsume	ClearItemInPos	an	ioNaruto	799		1	884	1520	3755			0		0	0	0	0	Liªu L«i Hæ T­íng Bµ	0	100	30227	0	-793124559	2020-01-26 00:22:28	4294902025	0	0	15	2	0	1
20200206-010642	ItemConsume	ClearItemInPos	an	ioNaruto	799		100	884	1520	3755			0		0	0	0	0	Kinh M¹ch §ång Nh©n	2	1	30730	100	687442385	2020-02-06 00:31:06	1073676288	1073676288	1073676288	0	2	1	1
20200206-010642	ItemConsume	ClearItemInPos	an	ioNaruto	799		100	884	1520	3755			0		0	0	0	0	Kinh M¹ch §ång Nh©n	2	1	30730	100	2083204434	2020-02-06 00:31:06	1073676288	1073676288	1073676288	0	2	2	1
20200206-010642	ItemConsume	ClearItemInPos	an	ioNaruto	799		1	884	1520	3755			0		0	0	0	0	TiÒm Long Tóc DiÖt C	0	107	30019	0	-1238243386	2020-02-06 00:52:59	419496704	421069828	197121	0	2	3	1
20200206-010642	ItemConsume	ClearItemInPos	an	ioNaruto	799		1	884	1520	3755			0		0	0	0	0	TiÒm Long Tóc DiÖt C	0	107	30019	0	1873864340	2020-02-06 00:52:59	419496960	421069571	197377	0	2	4	1
20200206-010642	ItemConsume	ClearItemInPos	an	ioNaruto	799		1	884	1520	3755			0		0	0	0	0	TiÒm Long Tóc DiÖt C	0	107	30019	4366	-552575057	2020-01-25 18:53:34	4294902784	4294902531	168034305	0	2	0	2
20200206-010642	ItemConsume	ClearItemInPos	an	ioNaruto	799		1	884	1520	3755			0		0	0	0	0	TiÒm Long Tóc DiÖt C	0	107	30019	0	-1228730848	2020-02-06 00:52:59	419496704	421069828	197633	0	2	1	2
20200206-010642	ItemConsume	ClearItemInPos	an	ioNaruto	799		1	884	1520	3755			0		0	0	0	0	TiÒm Long Tóc DiÖt C	0	107	30019	0	-1991558690	2020-02-06 00:52:59	419496960	421069827	197377	0	2	2	2
20200206-010642	ItemConsume	ClearItemInPos	an	ioNaruto	799		1	884	1520	3755			0		0	0	0	0	L¨ng Ba Vi Bé toµn t	0	112	158	0	1126496492	2020-02-06 00:52:59	0	0	10240	0	2	3	2
20200206-010642	ItemConsume	ClearItemInPos	an	ioNaruto	799		1	884	1520	3755			0		0	0	0	0	MËt TÞch Tiªu Dao	0	112	224	0	776494794	2020-02-06 00:52:59	0	0	0	0	2	4	2
20200206-010642	ItemConsume	ClearItemInPos	an	ioNaruto	799		1	884	1520	3755			0		0	0	0	0	NhÉn V« Cùc	0	102	31130	100	-1181304079	2020-02-06 00:53:31	1106262016	1930246144	1930246144	0	2	0	3
20200206-010642	ItemConsume	ClearItemInPos	an	ioNaruto	799		1	884	1520	3755			0		0	0	0	0	Minh Tinh Chi Giíi	0	102	31131	100	2086555053	2020-02-06 00:53:31	1106262016	1930246144	1930246144	0	2	1	3
20200206-010642	ItemConsume	ClearItemInPos	an	ioNaruto	799		1	884	1520	3755			0		0	0	0	0	NhÉn V« Cùc	0	102	31130	100	-1178017623	2020-02-06 00:53:31	1930246144	1930246144	1930246144	0	2	2	3
20200206-010642	ItemConsume	ClearItemInPos	an	ioNaruto	799		1	884	1520	3755			0		0	0	0	0	Minh Tinh Chi Giíi	0	102	31131	100	-1958760475	2020-02-06 00:53:31	1930246144	1930246144	1930246144	0	2	3	3
20200206-010642	ItemConsume	ClearItemInPos	an	ioNaruto	799		1	884	1520	3755			0		0	0	0	0	DiÖp Th­îng Thu Phon	0	108	953	359	1186093925	2020-02-06 00:53:41	1128871936	1930246144	1948989440	15	2	4	3
20200206-010642	ItemConsume	ClearItemInPos	an	ioNaruto	799		1	884	1520	3755			0		0	0	0	0	T­¬ng KiÕn Huan (Y)	0	109	725	355	-736635401	2020-01-23 00:41:39	1096165376	1096421376	1080440832	0	2	0	4
20200206-010642	ItemConsume	ClearItemInPos	an	ioNaruto	799		1	884	1520	3755			0		0	0	0	0	T­¬ng KiÕn Huan (h¹ 	0	110	725	359	-2107173215	2020-01-23 00:41:58	1096165376	1096421376	1080440832	0	2	1	4
20200206-010642	ItemConsume	ClearItemInPos	an	ioNaruto	799		1	884	1520	3755			0		0	0	0	0	T­¬ng KiÕn Huan (Kh«	0	108	725	359	-1469630595	2020-01-23 00:41:49	1096165376	1096421376	1080440832	0	2	2	4
20200206-010642	ItemConsume	ClearItemInPos	an	ioNaruto	799		1	884	1520	3755			0		0	0	0	0	DiÖp Th­îng Thu Phon	0	109	953	359	25252855	2020-02-06 00:53:41	1128871936	1930246144	1948989440	15	2	3	4
20200206-010642	ItemConsume	ClearItemInPos	an	ioNaruto	799		1	884	1520	3755			0		0	0	0	0	DiÖp Th­îng Thu Phon	0	110	953	359	712859780	2020-02-06 00:53:41	1128871936	1930246144	1948989440	15	2	4	4
20200206-010642	ItemConsume	ClearItemInPos	an	ioNaruto	799		1	884	1520	3755			0		0	0	0	0	DiÖp Th­îng Thu Phon	0	108	953	359	404744664	2020-02-06 00:53:41	1106262016	1930246144	1948989440	15	2	0	5
20200206-010642	ItemConsume	ClearItemInPos	an	ioNaruto	799		1	884	1520	3755			0		0	0	0	0	DiÖp Th­îng Thu Phon	0	109	953	358	790254146	2020-02-06 00:53:41	1106262016	1930246144	1948989440	15	2	1	5
20200206-010642	ItemConsume	ClearItemInPos	an	ioNaruto	799		1	884	1520	3755			0		0	0	0	0	DiÖp Th­îng Thu Phon	0	110	953	358	1977884935	2020-02-06 00:53:41	1106262016	1930246144	1948989440	15	2	2	5
20200206-010642	ItemConsume	ClearItemInPos	an	ioNaruto	799		1	884	1520	3755			0		0	0	0	0	Thiªn Vò Cµ Sa (Nãn)	0	108	713	360	1297776106	2020-02-06 00:53:59	1128871936	1930246144	1948989440	15	2	3	5
20200206-010642	ItemConsume	ClearItemInPos	an	ioNaruto	799		1	884	1520	3755			0		0	0	0	0	Thiªn Vò Cµ Sa (?o)	0	109	713	360	-80463772	2020-02-06 00:53:59	1128871936	1930246144	1948989440	15	2	4	5
20200206-010642	ItemConsume	ClearItemInPos	an	ioNaruto	799		1	884	1520	3755			0		0	0	0	0	Thiªn Vò Cµ Sa (QuÇn	0	110	713	360	-1873406418	2020-02-06 00:53:59	1128871936	1930246144	1948989440	15	2	0	6
20200206-010642	ItemConsume	ClearItemInPos	an	ioNaruto	799		40	884	1520	3755			0		0	0	0	0	Sinh Sinh Hãa T¸n	1	0	205	40	1232318425	2020-02-06 01:06:15	1073676288	1073676288	1073676288	0	2	1	6
20200206-010642	ItemConsume	ClearItemInPos	an	ioNaruto	799		40	884	1520	3755			0		0	0	0	0	Ngäc Cao t¸n	1	0	204	40	-453380230	2020-02-06 01:06:15	1073676288	1073676288	1073676288	0	2	2	6
20200206-010642	ItemConsume	ClearItemInPos	an	ioNaruto	799		40	884	1520	3755			0		0	0	0	0	V¹n VËt Quy Nguyªn ®	1	0	206	40	309267331	2020-02-06 01:06:15	1073676288	1073676288	1073676288	0	2	3	6
20200206-010642	large_str	AddItem[/settings/static_script/cheat/gm_item_tifuzhiyin.lua|ClearBagAllItem]			0		1216436836	0	0	0			0		0	0	0	0		0	0	0	0	0		0	0	0	0	-1	-1	-1
20200206-010642	ItemAdd	1216436836	an	ioNaruto	799		1	884	1520	3755			0		0	0	0	0	GM Item	2	1	30644	1	843601797	2020-02-06 01:06:42	1073676288	1073676288	1073676288	0	-1	-1	-1
20200206-010654	large_str	AddItem[/settings/static_script/cheat/gm_item_tifuzhiyin.lua|Get_T_TLS]			0		2105926030	0	0	0			0		0	0	0	0		0	0	0	0	0		0	0	0	0	-1	-1	-1
20200206-010654	ItemAdd	2105926030	an	ioNaruto	799		1	884	1520	3755			0		0	0	0	0	Tèng_Thanh Long Nguy	0	103	20368	360	-1559053398	2020-02-06 01:06:54	931469907	929368556	27137133	15	-1	-1	-1
20200206-010654	ItemAdd	2105926030	an	ioNaruto	799		1	884	1520	3755			0		0	0	0	0	Tèng_Thanh Long Nguy	0	101	20368	360	656422771	2020-02-06 01:06:54	931470166	929369910	27201759	15	-1	-1	-1
20200206-010654	ItemAdd	2105926030	an	ioNaruto	799		1	884	1520	3755			0		0	0	0	0	Tèng_Thanh Long Nguy	0	100	20368	360	-532720976	2020-02-06 01:06:54	931471207	929370000	27265587	15	-1	-1	-1
20200206-010654	ItemAdd	2105926030	an	ioNaruto	799		1	884	1520	3755			0		0	0	0	0	Tèng_Thanh Long Nguy	0	102	9560	100	-437445263	2020-02-06 01:06:54	931470404	928388233	27340424	15	-1	-1	-1
20200206-010654	ItemAdd	2105926030	an	ioNaruto	799		1	884	1520	3755			0		0	0	0	0	Tèng_Thanh Long Nguy	0	102	9624	100	-2068626170	2020-02-06 01:06:54	931469496	928388698	27004888	15	-1	-1	-1
20200206-010654	ItemAdd	2105926030	an	ioNaruto	799		1	884	1520	3755			0		0	0	0	0	Tèng_Thanh Long Nguy	0	102	9688	100	910724351	2020-02-06 01:06:54	931470779	928388793	27068898	15	-1	-1	-1
20200206-010654	ItemAdd	2105926030	an	ioNaruto	799		1	884	1520	3755			0		0	0	0	0	Liªu_Thanh Long T­ín	0	102	9752	100	-870155220	2020-02-06 01:06:54	931468377	928385971	928909813	15	-1	-1	-1
20200206-010654	ItemAdd	2105926030	an	ioNaruto	799		1	884	1520	3755			0		0	0	0	0	Tèng_Thanh Long Nguy	0	0	20368	300	1140542877	2020-02-06 01:06:54	931208261	929504375	892408591	15	-1	-1	-1
20200206-010721	ItemAdd	1689361310	an	ioNaruto	799		40	884	1517	3752			0		0	0	0	0	Sinh Sinh Hãa T¸n	1	0	205	40	148292463	2020-02-06 01:07:21	1073676288	1073676288	1073676288	0	-1	-1	-1
20200206-010721	ItemAdd	1689361310	an	ioNaruto	799		40	884	1517	3752			0		0	0	0	0	Ngäc Cao t¸n	1	0	204	40	1517484648	2020-02-06 01:07:21	1073676288	1073676288	1073676288	0	-1	-1	-1
20200206-010721	ItemAdd	1689361310	an	ioNaruto	799		40	884	1517	3752			0		0	0	0	0	V¹n VËt Quy Nguyªn ®	1	0	206	40	-619786693	2020-02-06 01:07:21	1073676288	1073676288	1073676288	0	-1	-1	-1
20200206-010733	large_str	AddItem[/settings/static_script/cheat/gm_item_tifuzhiyin.lua|Get_NT_DiepThuongThu]			0		1197247493	0	0	0			0		0	0	0	0		0	0	0	0	0		0	0	0	0	-1	-1	-1
20200206-010733	ItemAdd	1197247493	an	ioNaruto	799		1	884	1533	3759			0		0	0	0	0	DiÖp Th­îng Thu Phon	0	108	953	360	-715490132	2020-02-06 01:07:33	1106262016	1930246144	1948989440	15	-1	-1	-1
20200206-010733	ItemAdd	1197247493	an	ioNaruto	799		1	884	1533	3759			0		0	0	0	0	DiÖp Th­îng Thu Phon	0	109	953	360	-323464167	2020-02-06 01:07:33	1106262016	1930246144	1948989440	15	-1	-1	-1
20200206-010733	ItemAdd	1197247493	an	ioNaruto	799		1	884	1533	3759			0		0	0	0	0	DiÖp Th­îng Thu Phon	0	110	953	360	329646411	2020-02-06 01:07:33	1106262016	1930246144	1948989440	15	-1	-1	-1
20200206-010733	ItemAdd	1197247493	an	ioNaruto	799		1	884	1533	3759			0		0	0	0	0	DiÖp Th­îng Thu Phon	0	108	953	360	674053202	2020-02-06 01:07:33	1128871936	1930246144	1948989440	15	-1	-1	-1
20200206-010733	ItemAdd	1197247493	an	ioNaruto	799		1	884	1533	3759			0		0	0	0	0	DiÖp Th­îng Thu Phon	0	109	953	360	222808919	2020-02-06 01:07:33	1128871936	1930246144	1948989440	15	-1	-1	-1
20200206-010733	ItemAdd	1197247493	an	ioNaruto	799		1	884	1533	3759			0		0	0	0	0	DiÖp Th­îng Thu Phon	0	110	953	360	106626544	2020-02-06 01:07:33	1128871936	1930246144	1948989440	15	-1	-1	-1
20200206-011309	ItemAdd	AddItem[NoScript|NoFunc]	an	ioNaruto	799		100	884	1555	3730			0		0	0	0	0	Kinh M¹ch §ång Nh©n	2	1	30730	100	1383823957	2020-02-06 01:13:09	1073676288	1073676288	1073676288	0	-1	-1	-1
20200206-011315	ItemAdd	AddItem[NoScript|NoFunc]	an	ioNaruto	799		100	884	1555	3730			0		0	0	0	0	Kinh M¹ch Ng©n Nh©n	2	1	30731	100	1205332773	2020-02-06 01:13:15	1073676288	1073676288	1073676288	0	-1	-1	-1
20200206-011323	ItemAdd	AddItem[NoScript|NoFunc]	an	ioNaruto	799		100	884	1555	3730			0		0	0	0	0	Kinh M¹ch Ng©n Nh©n	2	1	30731	100	308418161	2020-02-06 01:13:23	1073676288	1073676288	1073676288	0	-1	-1	-1
20200206-011323	ItemAdd	AddItem[NoScript|NoFunc]	an	ioNaruto	799		100	884	1555	3730			0		0	0	0	0	Kinh M¹ch Ng©n Nh©n	2	1	30731	100	-25278365	2020-02-06 01:13:23	1073676288	1073676288	1073676288	0	-1	-1	-1
20200206-011323	ItemAdd	AddItem[NoScript|NoFunc]	an	ioNaruto	799		100	884	1555	3730			0		0	0	0	0	Kinh M¹ch Ng©n Nh©n	2	1	30731	100	809794826	2020-02-06 01:13:23	1073676288	1073676288	1073676288	0	-1	-1	-1
20200206-011331	ItemAdd	AddItem[NoScript|NoFunc]	an	ioNaruto	799		100	884	1555	3730			0		0	0	0	0	Kinh M¹ch Kim Nh©n	2	1	30732	100	-251543684	2020-02-06 01:13:31	1073676288	1073676288	1073676288	0	-1	-1	-1
20200206-011331	ItemAdd	AddItem[NoScript|NoFunc]	an	ioNaruto	799		100	884	1555	3730			0		0	0	0	0	Kinh M¹ch Kim Nh©n	2	1	30732	100	1654478854	2020-02-06 01:13:31	1073676288	1073676288	1073676288	0	-1	-1	-1
20200206-011331	ItemAdd	AddItem[NoScript|NoFunc]	an	ioNaruto	799		100	884	1555	3730			0		0	0	0	0	Kinh M¹ch Kim Nh©n	2	1	30732	100	1870224383	2020-02-06 01:13:31	1073676288	1073676288	1073676288	0	-1	-1	-1
20200206-011338	ItemConsume	ExpendIdx	an	ioNaruto	799		3	884	1555	3730			0		0	0	0	0	Kinh M¹ch Ng©n Nh©n	2	1	30731	97	1205332773	2020-02-06 01:13:15	1073676288	1073676288	1073676288	0	2	4	3
20200206-011338	custom_award	CustomAward.CostOne	an	ioNaruto	799		3	884	1555	3730			0		560	0	0	0	Kinh M¹ch Ng©n Nh©n	2	1	30731	3	560	1970-01-01 08:00:00	0	0	0	0	-1	-1	-1
20200206-011344	ItemConsume	ExpendIdx	an	ioNaruto	799		3	884	1555	3730			0		0	0	0	0	Kinh M¹ch Ng©n Nh©n	2	1	30731	94	1205332773	2020-02-06 01:13:15	1073676288	1073676288	1073676288	0	2	4	3
20200206-011344	custom_award	CustomAward.CostOne	an	ioNaruto	799		3	884	1555	3730			0		560	0	0	0	Kinh M¹ch Ng©n Nh©n	2	1	30731	3	560	1970-01-01 08:00:00	0	0	0	0	-1	-1	-1
20200206-011348	ItemConsume	ExpendIdx	an	ioNaruto	799		3	884	1555	3730			0		0	0	0	0	Kinh M¹ch Ng©n Nh©n	2	1	30731	91	1205332773	2020-02-06 01:13:15	1073676288	1073676288	1073676288	0	2	4	3
20200206-011348	custom_award	CustomAward.CostOne	an	ioNaruto	799		3	884	1555	3730			0		560	0	0	0	Kinh M¹ch Ng©n Nh©n	2	1	30731	3	560	1970-01-01 08:00:00	0	0	0	0	-1	-1	-1
20200206-011352	ItemConsume	ExpendIdx	an	ioNaruto	799		3	884	1555	3730			0		0	0	0	0	Kinh M¹ch Ng©n Nh©n	2	1	30731	88	1205332773	2020-02-06 01:13:15	1073676288	1073676288	1073676288	0	2	4	3
20200206-011352	custom_award	CustomAward.CostOne	an	ioNaruto	799		3	884	1555	3730			0		560	0	0	0	Kinh M¹ch Ng©n Nh©n	2	1	30731	3	560	1970-01-01 08:00:00	0	0	0	0	-1	-1	-1
20200206-011357	ItemConsume	ExpendIdx	an	ioNaruto	799		3	884	1555	3730			0		0	0	0	0	Kinh M¹ch Ng©n Nh©n	2	1	30731	85	1205332773	2020-02-06 01:13:15	1073676288	1073676288	1073676288	0	2	4	3
20200206-011357	custom_award	CustomAward.CostOne	an	ioNaruto	799		3	884	1555	3730			0		560	0	0	0	Kinh M¹ch Ng©n Nh©n	2	1	30731	3	560	1970-01-01 08:00:00	0	0	0	0	-1	-1	-1
20200206-011403	ItemConsume	ExpendIdx	an	ioNaruto	799		3	884	1555	3730			0		0	0	0	0	Kinh M¹ch Ng©n Nh©n	2	1	30731	82	1205332773	2020-02-06 01:13:15	1073676288	1073676288	1073676288	0	2	4	3
20200206-011403	custom_award	CustomAward.CostOne	an	ioNaruto	799		3	884	1555	3730			0		560	0	0	0	Kinh M¹ch Ng©n Nh©n	2	1	30731	3	560	1970-01-01 08:00:00	0	0	0	0	-1	-1	-1
20200206-011408	ItemConsume	ExpendIdx	an	ioNaruto	799		3	884	1555	3730			0		0	0	0	0	Kinh M¹ch Ng©n Nh©n	2	1	30731	79	1205332773	2020-02-06 01:13:15	1073676288	1073676288	1073676288	0	2	4	3
20200206-011408	custom_award	CustomAward.CostOne	an	ioNaruto	799		3	884	1555	3730			0		560	0	0	0	Kinh M¹ch Ng©n Nh©n	2	1	30731	3	560	1970-01-01 08:00:00	0	0	0	0	-1	-1	-1
20200206-011413	ItemConsume	ExpendIdx	an	ioNaruto	799		3	884	1555	3730			0		0	0	0	0	Kinh M¹ch §ång Nh©n	2	1	30730	97	1383823957	2020-02-06 01:13:09	1073676288	1073676288	1073676288	0	2	3	3
20200206-011413	custom_award	CustomAward.CostOne	an	ioNaruto	799		3	884	1555	3730			0		559	0	0	0	Kinh M¹ch §ång Nh©n	2	1	30730	3	559	1970-01-01 08:00:00	0	0	0	0	-1	-1	-1
20200206-011417	ItemConsume	ExpendIdx	an	ioNaruto	799		3	884	1555	3730			0		0	0	0	0	Kinh M¹ch §ång Nh©n	2	1	30730	94	1383823957	2020-02-06 01:13:09	1073676288	1073676288	1073676288	0	2	3	3
20200206-011417	custom_award	CustomAward.CostOne	an	ioNaruto	799		3	884	1555	3730			0		559	0	0	0	Kinh M¹ch §ång Nh©n	2	1	30730	3	559	1970-01-01 08:00:00	0	0	0	0	-1	-1	-1
20200206-011422	ItemConsume	ExpendIdx	an	ioNaruto	799		3	884	1555	3730			0		0	0	0	0	Kinh M¹ch §ång Nh©n	2	1	30730	91	1383823957	2020-02-06 01:13:09	1073676288	1073676288	1073676288	0	2	3	3
20200206-011422	custom_award	CustomAward.CostOne	an	ioNaruto	799		3	884	1555	3730			0		559	0	0	0	Kinh M¹ch §ång Nh©n	2	1	30730	3	559	1970-01-01 08:00:00	0	0	0	0	-1	-1	-1
20200206-011426	ItemConsume	ExpendIdx	an	ioNaruto	799		3	884	1555	3730			0		0	0	0	0	Kinh M¹ch §ång Nh©n	2	1	30730	88	1383823957	2020-02-06 01:13:09	1073676288	1073676288	1073676288	0	2	3	3
20200206-011426	custom_award	CustomAward.CostOne	an	ioNaruto	799		3	884	1555	3730			0		559	0	0	0	Kinh M¹ch §ång Nh©n	2	1	30730	3	559	1970-01-01 08:00:00	0	0	0	0	-1	-1	-1
20200206-011436	ItemConsume	ExpendIdx	an	ioNaruto	799		3	884	1555	3730			0		0	0	0	0	Kinh M¹ch §ång Nh©n	2	1	30730	85	1383823957	2020-02-06 01:13:09	1073676288	1073676288	1073676288	0	2	3	3
20200206-011436	custom_award	CustomAward.CostOne	an	ioNaruto	799		3	884	1555	3730			0		559	0	0	0	Kinh M¹ch §ång Nh©n	2	1	30730	3	559	1970-01-01 08:00:00	0	0	0	0	-1	-1	-1
20200206-011441	ItemConsume	ExpendIdx	an	ioNaruto	799		3	884	1555	3730			0		0	0	0	0	Kinh M¹ch §ång Nh©n	2	1	30730	82	1383823957	2020-02-06 01:13:09	1073676288	1073676288	1073676288	0	2	3	3
20200206-011441	custom_award	CustomAward.CostOne	an	ioNaruto	799		3	884	1555	3730			0		559	0	0	0	Kinh M¹ch §ång Nh©n	2	1	30730	3	559	1970-01-01 08:00:00	0	0	0	0	-1	-1	-1
20200206-011447	ItemConsume	ExpendIdx	an	ioNaruto	799		3	884	1555	3730			0		0	0	0	0	Kinh M¹ch §ång Nh©n	2	1	30730	79	1383823957	2020-02-06 01:13:09	1073676288	1073676288	1073676288	0	2	3	3
20200206-011447	custom_award	CustomAward.CostOne	an	ioNaruto	799		3	884	1555	3730			0		559	0	0	0	Kinh M¹ch §ång Nh©n	2	1	30730	3	559	1970-01-01 08:00:00	0	0	0	0	-1	-1	-1
20200206-011454	ItemConsume	ExpendIdx	an	ioNaruto	799		3	884	1555	3730			0		0	0	0	0	Kinh M¹ch §ång Nh©n	2	1	30730	76	1383823957	2020-02-06 01:13:09	1073676288	1073676288	1073676288	0	2	3	3
20200206-011454	custom_award	CustomAward.CostOne	an	ioNaruto	799		3	884	1555	3730			0		559	0	0	0	Kinh M¹ch §ång Nh©n	2	1	30730	3	559	1970-01-01 08:00:00	0	0	0	0	-1	-1	-1
20200206-011459	ItemConsume	ExpendIdx	an	ioNaruto	799		3	884	1555	3730			0		0	0	0	0	Kinh M¹ch §ång Nh©n	2	1	30730	73	1383823957	2020-02-06 01:13:09	1073676288	1073676288	1073676288	0	2	3	3
20200206-011459	custom_award	CustomAward.CostOne	an	ioNaruto	799		3	884	1555	3730			0		559	0	0	0	Kinh M¹ch §ång Nh©n	2	1	30730	3	559	1970-01-01 08:00:00	0	0	0	0	-1	-1	-1
20200206-011510	ItemConsume	ExpendIdx	an	ioNaruto	799		3	884	1555	3730			0		0	0	0	0	Kinh M¹ch §ång Nh©n	2	1	30730	70	1383823957	2020-02-06 01:13:09	1073676288	1073676288	1073676288	0	2	3	3
20200206-011510	custom_award	CustomAward.CostOne	an	ioNaruto	799		3	884	1555	3730			0		559	0	0	0	Kinh M¹ch §ång Nh©n	2	1	30730	3	559	1970-01-01 08:00:00	0	0	0	0	-1	-1	-1
20200206-011515	ItemConsume	ExpendIdx	an	ioNaruto	799		3	884	1555	3730			0		0	0	0	0	Kinh M¹ch §ång Nh©n	2	1	30730	67	1383823957	2020-02-06 01:13:09	1073676288	1073676288	1073676288	0	2	3	3
20200206-011515	custom_award	CustomAward.CostOne	an	ioNaruto	799		3	884	1555	3730			0		559	0	0	0	Kinh M¹ch §ång Nh©n	2	1	30730	3	559	1970-01-01 08:00:00	0	0	0	0	-1	-1	-1
20200206-011523	ItemConsume	ExpendIdx	an	ioNaruto	799		3	884	1555	3730			0		0	0	0	0	Kinh M¹ch §ång Nh©n	2	1	30730	64	1383823957	2020-02-06 01:13:09	1073676288	1073676288	1073676288	0	2	3	3
20200206-011523	custom_award	CustomAward.CostOne	an	ioNaruto	799		3	884	1555	3730			0		559	0	0	0	Kinh M¹ch §ång Nh©n	2	1	30730	3	559	1970-01-01 08:00:00	0	0	0	0	-1	-1	-1
20200206-011528	ItemConsume	ExpendIdx	an	ioNaruto	799		3	884	1555	3730			0		0	0	0	0	Kinh M¹ch §ång Nh©n	2	1	30730	61	1383823957	2020-02-06 01:13:09	1073676288	1073676288	1073676288	0	2	3	3
20200206-011528	custom_award	CustomAward.CostOne	an	ioNaruto	799		3	884	1555	3730			0		559	0	0	0	Kinh M¹ch §ång Nh©n	2	1	30730	3	559	1970-01-01 08:00:00	0	0	0	0	-1	-1	-1
20200206-011534	ItemConsume	ExpendIdx	an	ioNaruto	799		3	884	1555	3730			0		0	0	0	0	Kinh M¹ch §ång Nh©n	2	1	30730	58	1383823957	2020-02-06 01:13:09	1073676288	1073676288	1073676288	0	2	3	3
20200206-011534	custom_award	CustomAward.CostOne	an	ioNaruto	799		3	884	1555	3730			0		559	0	0	0	Kinh M¹ch §ång Nh©n	2	1	30730	3	559	1970-01-01 08:00:00	0	0	0	0	-1	-1	-1
20200206-011540	ItemConsume	ExpendIdx	an	ioNaruto	799		3	884	1555	3730			0		0	0	0	0	Kinh M¹ch Ng©n Nh©n	2	1	30731	76	1205332773	2020-02-06 01:13:15	1073676288	1073676288	1073676288	0	2	4	3
20200206-011540	custom_award	CustomAward.CostOne	an	ioNaruto	799		3	884	1555	3730			0		560	0	0	0	Kinh M¹ch Ng©n Nh©n	2	1	30731	3	560	1970-01-01 08:00:00	0	0	0	0	-1	-1	-1
20200206-011544	ItemConsume	ExpendIdx	an	ioNaruto	799		3	884	1555	3730			0		0	0	0	0	Kinh M¹ch Ng©n Nh©n	2	1	30731	73	1205332773	2020-02-06 01:13:15	1073676288	1073676288	1073676288	0	2	4	3
20200206-011544	custom_award	CustomAward.CostOne	an	ioNaruto	799		3	884	1555	3730			0		560	0	0	0	Kinh M¹ch Ng©n Nh©n	2	1	30731	3	560	1970-01-01 08:00:00	0	0	0	0	-1	-1	-1
20200206-011549	ItemConsume	ExpendIdx	an	ioNaruto	799		3	884	1555	3730			0		0	0	0	0	Kinh M¹ch Ng©n Nh©n	2	1	30731	70	1205332773	2020-02-06 01:13:15	1073676288	1073676288	1073676288	0	2	4	3
20200206-011549	custom_award	CustomAward.CostOne	an	ioNaruto	799		3	884	1555	3730			0		560	0	0	0	Kinh M¹ch Ng©n Nh©n	2	1	30731	3	560	1970-01-01 08:00:00	0	0	0	0	-1	-1	-1
20200206-011600	ItemConsume	ExpendIdx	an	ioNaruto	799		3	884	1555	3730			0		0	0	0	0	Kinh M¹ch Ng©n Nh©n	2	1	30731	67	1205332773	2020-02-06 01:13:15	1073676288	1073676288	1073676288	0	2	4	3
20200206-011600	custom_award	CustomAward.CostOne	an	ioNaruto	799		3	884	1555	3730			0		560	0	0	0	Kinh M¹ch Ng©n Nh©n	2	1	30731	3	560	1970-01-01 08:00:00	0	0	0	0	-1	-1	-1
20200206-011605	ItemConsume	ExpendIdx	an	ioNaruto	799		3	884	1555	3730			0		0	0	0	0	Kinh M¹ch Ng©n Nh©n	2	1	30731	64	1205332773	2020-02-06 01:13:15	1073676288	1073676288	1073676288	0	2	4	3
20200206-011605	custom_award	CustomAward.CostOne	an	ioNaruto	799		3	884	1555	3730			0		560	0	0	0	Kinh M¹ch Ng©n Nh©n	2	1	30731	3	560	1970-01-01 08:00:00	0	0	0	0	-1	-1	-1
20200206-011611	ItemConsume	ExpendIdx	an	ioNaruto	799		3	884	1555	3730			0		0	0	0	0	Kinh M¹ch Ng©n Nh©n	2	1	30731	61	1205332773	2020-02-06 01:13:15	1073676288	1073676288	1073676288	0	2	4	3
20200206-011611	custom_award	CustomAward.CostOne	an	ioNaruto	799		3	884	1555	3730			0		560	0	0	0	Kinh M¹ch Ng©n Nh©n	2	1	30731	3	560	1970-01-01 08:00:00	0	0	0	0	-1	-1	-1
20200206-011615	ItemConsume	ExpendIdx	an	ioNaruto	799		3	884	1555	3730			0		0	0	0	0	Kinh M¹ch Ng©n Nh©n	2	1	30731	58	1205332773	2020-02-06 01:13:15	1073676288	1073676288	1073676288	0	2	4	3
20200206-011615	custom_award	CustomAward.CostOne	an	ioNaruto	799		3	884	1555	3730			0		560	0	0	0	Kinh M¹ch Ng©n Nh©n	2	1	30731	3	560	1970-01-01 08:00:00	0	0	0	0	-1	-1	-1
20200206-011620	ItemConsume	ExpendIdx	an	ioNaruto	799		3	884	1555	3730			0		0	0	0	0	Kinh M¹ch Ng©n Nh©n	2	1	30731	55	1205332773	2020-02-06 01:13:15	1073676288	1073676288	1073676288	0	2	4	3
20200206-011620	custom_award	CustomAward.CostOne	an	ioNaruto	799		3	884	1555	3730			0		560	0	0	0	Kinh M¹ch Ng©n Nh©n	2	1	30731	3	560	1970-01-01 08:00:00	0	0	0	0	-1	-1	-1
20200206-011625	ItemConsume	ExpendIdx	an	ioNaruto	799		3	884	1555	3730			0		0	0	0	0	Kinh M¹ch Ng©n Nh©n	2	1	30731	52	1205332773	2020-02-06 01:13:15	1073676288	1073676288	1073676288	0	2	4	3
20200206-011625	custom_award	CustomAward.CostOne	an	ioNaruto	799		3	884	1555	3730			0		560	0	0	0	Kinh M¹ch Ng©n Nh©n	2	1	30731	3	560	1970-01-01 08:00:00	0	0	0	0	-1	-1	-1
20200206-011630	ItemConsume	ExpendIdx	an	ioNaruto	799		3	884	1555	3730			0		0	0	0	0	Kinh M¹ch Ng©n Nh©n	2	1	30731	49	1205332773	2020-02-06 01:13:15	1073676288	1073676288	1073676288	0	2	4	3
20200206-011630	custom_award	CustomAward.CostOne	an	ioNaruto	799		3	884	1555	3730			0		560	0	0	0	Kinh M¹ch Ng©n Nh©n	2	1	30731	3	560	1970-01-01 08:00:00	0	0	0	0	-1	-1	-1
20200206-011636	ItemConsume	ExpendIdx	an	ioNaruto	799		3	884	1555	3730			0		0	0	0	0	Kinh M¹ch Ng©n Nh©n	2	1	30731	46	1205332773	2020-02-06 01:13:15	1073676288	1073676288	1073676288	0	2	4	3
20200206-011636	custom_award	CustomAward.CostOne	an	ioNaruto	799		3	884	1555	3730			0		560	0	0	0	Kinh M¹ch Ng©n Nh©n	2	1	30731	3	560	1970-01-01 08:00:00	0	0	0	0	-1	-1	-1
20200206-011642	ItemConsume	ExpendIdx	an	ioNaruto	799		3	884	1555	3730			0		0	0	0	0	Kinh M¹ch Ng©n Nh©n	2	1	30731	43	1205332773	2020-02-06 01:13:15	1073676288	1073676288	1073676288	0	2	4	3
20200206-011642	custom_award	CustomAward.CostOne	an	ioNaruto	799		3	884	1555	3730			0		560	0	0	0	Kinh M¹ch Ng©n Nh©n	2	1	30731	3	560	1970-01-01 08:00:00	0	0	0	0	-1	-1	-1
20200206-011648	ItemConsume	ExpendIdx	an	ioNaruto	799		3	884	1555	3730			0		0	0	0	0	Kinh M¹ch Ng©n Nh©n	2	1	30731	40	1205332773	2020-02-06 01:13:15	1073676288	1073676288	1073676288	0	2	4	3
20200206-011648	custom_award	CustomAward.CostOne	an	ioNaruto	799		3	884	1555	3730			0		560	0	0	0	Kinh M¹ch Ng©n Nh©n	2	1	30731	3	560	1970-01-01 08:00:00	0	0	0	0	-1	-1	-1
20200206-011656	ItemConsume	ExpendIdx	an	ioNaruto	799		3	884	1555	3730			0		0	0	0	0	Kinh M¹ch Ng©n Nh©n	2	1	30731	37	1205332773	2020-02-06 01:13:15	1073676288	1073676288	1073676288	0	2	4	3
20200206-011656	custom_award	CustomAward.CostOne	an	ioNaruto	799		3	884	1555	3730			0		560	0	0	0	Kinh M¹ch Ng©n Nh©n	2	1	30731	3	560	1970-01-01 08:00:00	0	0	0	0	-1	-1	-1
20200206-011700	ItemConsume	ExpendIdx	an	ioNaruto	799		3	884	1555	3730			0		0	0	0	0	Kinh M¹ch Ng©n Nh©n	2	1	30731	34	1205332773	2020-02-06 01:13:15	1073676288	1073676288	1073676288	0	2	4	3
20200206-011700	custom_award	CustomAward.CostOne	an	ioNaruto	799		3	884	1555	3730			0		560	0	0	0	Kinh M¹ch Ng©n Nh©n	2	1	30731	3	560	1970-01-01 08:00:00	0	0	0	0	-1	-1	-1
20200206-011705	ItemConsume	ExpendIdx	an	ioNaruto	799		3	884	1555	3730			0		0	0	0	0	Kinh M¹ch Ng©n Nh©n	2	1	30731	31	1205332773	2020-02-06 01:13:15	1073676288	1073676288	1073676288	0	2	4	3
20200206-011705	custom_award	CustomAward.CostOne	an	ioNaruto	799		3	884	1555	3730			0		560	0	0	0	Kinh M¹ch Ng©n Nh©n	2	1	30731	3	560	1970-01-01 08:00:00	0	0	0	0	-1	-1	-1
20200206-011807	ItemConsume	ExpendIdx	an	ioNaruto	799		3	884	1555	3730			0		0	0	0	0	Kinh M¹ch Ng©n Nh©n	2	1	30731	28	1205332773	2020-02-06 01:13:15	1073676288	1073676288	1073676288	0	2	4	3
20200206-011807	custom_award	CustomAward.CostOne	an	ioNaruto	799		3	884	1555	3730			0		560	0	0	0	Kinh M¹ch Ng©n Nh©n	2	1	30731	3	560	1970-01-01 08:00:00	0	0	0	0	-1	-1	-1
20200206-011812	ItemConsume	ExpendIdx	an	ioNaruto	799		3	884	1555	3730			0		0	0	0	0	Kinh M¹ch Ng©n Nh©n	2	1	30731	25	1205332773	2020-02-06 01:13:15	1073676288	1073676288	1073676288	0	2	4	3
20200206-011812	custom_award	CustomAward.CostOne	an	ioNaruto	799		3	884	1555	3730			0		560	0	0	0	Kinh M¹ch Ng©n Nh©n	2	1	30731	3	560	1970-01-01 08:00:00	0	0	0	0	-1	-1	-1
20200206-011816	ItemConsume	ExpendIdx	an	ioNaruto	799		3	884	1555	3730			0		0	0	0	0	Kinh M¹ch Ng©n Nh©n	2	1	30731	22	1205332773	2020-02-06 01:13:15	1073676288	1073676288	1073676288	0	2	4	3
20200206-011816	custom_award	CustomAward.CostOne	an	ioNaruto	799		3	884	1555	3730			0		560	0	0	0	Kinh M¹ch Ng©n Nh©n	2	1	30731	3	560	1970-01-01 08:00:00	0	0	0	0	-1	-1	-1
20200206-011823	ItemConsume	ExpendIdx	an	ioNaruto	799		3	884	1555	3730			0		0	0	0	0	Kinh M¹ch Ng©n Nh©n	2	1	30731	19	1205332773	2020-02-06 01:13:15	1073676288	1073676288	1073676288	0	2	4	3
20200206-011823	custom_award	CustomAward.CostOne	an	ioNaruto	799		3	884	1555	3730			0		560	0	0	0	Kinh M¹ch Ng©n Nh©n	2	1	30731	3	560	1970-01-01 08:00:00	0	0	0	0	-1	-1	-1
20200206-011829	ItemConsume	ExpendIdx	an	ioNaruto	799		3	884	1555	3730			0		0	0	0	0	Kinh M¹ch Ng©n Nh©n	2	1	30731	16	1205332773	2020-02-06 01:13:15	1073676288	1073676288	1073676288	0	2	4	3
20200206-011829	custom_award	CustomAward.CostOne	an	ioNaruto	799		3	884	1555	3730			0		560	0	0	0	Kinh M¹ch Ng©n Nh©n	2	1	30731	3	560	1970-01-01 08:00:00	0	0	0	0	-1	-1	-1
20200206-011834	ItemConsume	ExpendIdx	an	ioNaruto	799		3	884	1555	3730			0		0	0	0	0	Kinh M¹ch Ng©n Nh©n	2	1	30731	13	1205332773	2020-02-06 01:13:15	1073676288	1073676288	1073676288	0	2	4	3
20200206-011834	custom_award	CustomAward.CostOne	an	ioNaruto	799		3	884	1555	3730			0		560	0	0	0	Kinh M¹ch Ng©n Nh©n	2	1	30731	3	560	1970-01-01 08:00:00	0	0	0	0	-1	-1	-1
20200206-011912	ItemConsume	ExpendIdx	an	ioNaruto	799		3	884	1555	3730			0		0	0	0	0	Kinh M¹ch Ng©n Nh©n	2	1	30731	10	1205332773	2020-02-06 01:13:15	1073676288	1073676288	1073676288	0	2	4	3
20200206-011912	custom_award	CustomAward.CostOne	an	ioNaruto	799		3	884	1555	3730			0		560	0	0	0	Kinh M¹ch Ng©n Nh©n	2	1	30731	3	560	1970-01-01 08:00:00	0	0	0	0	-1	-1	-1
20200206-011918	ItemConsume	ExpendIdx	an	ioNaruto	799		3	884	1555	3730			0		0	0	0	0	Kinh M¹ch Ng©n Nh©n	2	1	30731	7	1205332773	2020-02-06 01:13:15	1073676288	1073676288	1073676288	0	2	4	3
20200206-011918	custom_award	CustomAward.CostOne	an	ioNaruto	799		3	884	1555	3730			0		560	0	0	0	Kinh M¹ch Ng©n Nh©n	2	1	30731	3	560	1970-01-01 08:00:00	0	0	0	0	-1	-1	-1
20200206-011923	ItemConsume	ExpendIdx	an	ioNaruto	799		3	884	1555	3730			0		0	0	0	0	Kinh M¹ch Ng©n Nh©n	2	1	30731	4	1205332773	2020-02-06 01:13:15	1073676288	1073676288	1073676288	0	2	4	3
20200206-011923	custom_award	CustomAward.CostOne	an	ioNaruto	799		3	884	1555	3730			0		560	0	0	0	Kinh M¹ch Ng©n Nh©n	2	1	30731	3	560	1970-01-01 08:00:00	0	0	0	0	-1	-1	-1
20200206-011929	ItemConsume	ExpendIdx	an	ioNaruto	799		3	884	1555	3730			0		0	0	0	0	Kinh M¹ch Ng©n Nh©n	2	1	30731	1	1205332773	2020-02-06 01:13:15	1073676288	1073676288	1073676288	0	2	4	3
20200206-011929	custom_award	CustomAward.CostOne	an	ioNaruto	799		3	884	1555	3730			0		560	0	0	0	Kinh M¹ch Ng©n Nh©n	2	1	30731	3	560	1970-01-01 08:00:00	0	0	0	0	-1	-1	-1
20200206-011933	ItemConsume	ExpendIdx	an	ioNaruto	799		1	884	1555	3730			0		0	0	0	0	Kinh M¹ch Ng©n Nh©n	2	1	30731	1	1205332773	2020-02-06 01:13:15	1073676288	1073676288	1073676288	0	2	4	3
20200206-011933	ItemConsume	ExpendIdx	an	ioNaruto	799		2	884	1555	3730			0		0	0	0	0	Kinh M¹ch Ng©n Nh©n	2	1	30731	98	308418161	2020-02-06 01:13:23	1073676288	1073676288	1073676288	0	2	0	4
20200206-011933	custom_award	CustomAward.CostOne	an	ioNaruto	799		3	884	1555	3730			0		560	0	0	0	Kinh M¹ch Ng©n Nh©n	2	1	30731	3	560	1970-01-01 08:00:00	0	0	0	0	-1	-1	-1
20200206-011938	ItemConsume	ExpendIdx	an	ioNaruto	799		3	884	1555	3730			0		0	0	0	0	Kinh M¹ch Ng©n Nh©n	2	1	30731	95	308418161	2020-02-06 01:13:23	1073676288	1073676288	1073676288	0	2	0	4
20200206-011938	custom_award	CustomAward.CostOne	an	ioNaruto	799		3	884	1555	3730			0		560	0	0	0	Kinh M¹ch Ng©n Nh©n	2	1	30731	3	560	1970-01-01 08:00:00	0	0	0	0	-1	-1	-1
20200206-012038	large_str	AddItem[/settings/static_script/cheat/gm_item_tifuzhiyin.lua|Get_Book_JueYao]			0		1063076231	0	0	0			0		0	0	0	0		0	0	0	0	0		0	0	0	0	-1	-1	-1
20200206-012038	ItemAdd	1063076231	an	ioNaruto	799		1	884	1743	3471			0		0	0	0	0	ThÊt B¶o ChiÕu quyÕt	2	6	11	1	1325469194	2020-02-06 01:20:38	2048	2048	2048	0	-1	-1	-1
20200206-012038	ItemAdd	1063076231	an	ioNaruto	799		1	884	1743	3471			0		0	0	0	0	La H¸n QuyÒn quyÕt	2	6	12	1	-480610321	2020-02-06 01:20:38	2048	2048	2048	0	-1	-1	-1
20200206-012038	ItemAdd	1063076231	an	ioNaruto	799		1	884	1743	3471			0		0	0	0	0	Ca DiÖp Thèi quyÕt	2	6	13	1	212750417	2020-02-06 01:20:38	2048	2048	2048	0	-1	-1	-1
20200206-012038	ItemAdd	1063076231	an	ioNaruto	799		1	884	1743	3471			0		0	0	0	0	HuÖ Nh·n quyÕt	2	6	14	1	1263324626	2020-02-06 01:20:38	2048	2048	2048	0	-1	-1	-1
20200206-012038	ItemAdd	1063076231	an	ioNaruto	799		1	884	1743	3471			0		0	0	0	0	Vi §µ quyÕt	2	6	15	1	-149448005	2020-02-06 01:20:38	2048	2048	2048	0	-1	-1	-1
20200206-012038	ItemAdd	1063076231	an	ioNaruto	799		1	884	1743	3471			0		0	0	0	0	V¨n V©n quyÕt	2	6	16	1	-703513987	2020-02-06 01:20:38	2048	2048	2048	0	-1	-1	-1
20200206-012038	ItemAdd	1063076231	an	ioNaruto	799		1	884	1743	3471			0		0	0	0	0	La H¸n TrËn quyÕt	2	6	17	1	-745099825	2020-02-06 01:20:38	2048	2048	2048	0	-1	-1	-1
20200206-012038	ItemAdd	1063076231	an	ioNaruto	799		1	884	1743	3471			0		0	0	0	0	§¹i Tu Di Ch­ëng	2	6	18	1	-1956094671	2020-02-06 01:20:38	2048	2048	2048	0	-1	-1	-1
20200206-012038	ItemAdd	1063076231	an	ioNaruto	799		1	884	1743	3471			0		0	0	0	0	V« ¶nh quyÕt	2	6	19	1	-599173853	2020-02-06 01:20:38	2048	2048	2048	0	-1	-1	-1
20200206-012038	ItemAdd	1063076231	an	ioNaruto	799		1	884	1743	3471			0		0	0	0	0	Long Tr¶o Thñ quyÕt	2	6	20	1	1070757408	2020-02-06 01:20:38	2048	2048	2048	0	-1	-1	-1
20200206-012414	ItemConsume	ExpendIdx	an	ioNaruto	799		40	884	1752	3496			0		0	0	0	0	Sinh Sinh Hãa T¸n	1	0	205	40	148292463	2020-02-06 01:07:21	1073676288	1073676288	1073676288	0	2	1	1
20200206-012414	ItemConsume	ExpendIdx	an	ioNaruto	799		40	884	1752	3496			0		0	0	0	0	Ngäc Cao t¸n	1	0	204	40	1517484648	2020-02-06 01:07:21	1073676288	1073676288	1073676288	0	2	0	2
20200206-012414	ItemConsume	ExpendIdx	an	ioNaruto	799		40	884	1752	3496			0		0	0	0	0	V¹n VËt Quy Nguyªn ®	1	0	206	40	-619786693	2020-02-06 01:07:21	1073676288	1073676288	1073676288	0	2	1	2
20200206-012414	large_str	AddItem[/script/newbattles/mainbattle/mission/mission.lua|OnLeave]			0		3534882592	0	0	0			0		0	0	0	0		0	0	0	0	0		0	0	0	0	-1	-1	-1
20200206-012414	ItemAdd	3534882592	an	ioNaruto	799		3	808	1748	3060			0		0	0	0	0	ThÞt Nguéi	2	1	30586	3	318808150	2020-02-06 01:24:14	1073676288	1073676288	1073676288	0	-1	-1	-1
20200206-012440	large_str	AddItem[/script/battles/battlejoin1.lua|not_use_jungongzhang_confirm]			0		1232526981	0	0	0			0		0	0	0	0		0	0	0	0	0		0	0	0	0	-1	-1	-1
20200206-012440	ItemAdd	1232526981	an	ioNaruto	799		1	808	1728	3080			0		0	0	0	0	Hu©n ch­¬ng anh hïng	2	1	30499	1	-636156158	2020-02-06 01:24:40	1073676288	1073676288	1073676288	0	-1	-1	-1
20200206-012440	ItemAdd	1232526981	an	ioNaruto	799		1	808	1728	3080			0		0	0	0	0	Méc R­¬ng	2	1	30340	1	897458091	2020-02-06 01:24:40	1073676288	1073676288	1073676288	0	-1	-1	-1
