ChangeLogFile: FirstWrite=0, CurrentLine=24/65536 LastTime=2024-7-8 18:31:1
20240709-000604<INFO :0xf4affb40>: [CheckCRC] CheckRoleData kan.Jx2iiTieuKanNT dwCRC=9F7CBFBD/9F7CBFBD nResult=1
20240709-002104<INFO :0xf4affb40>: [CheckCRC] CheckRoleData kan.Jx2iiTieuKanNT dwCRC=DCCB1FF7/DCCB1FF7 nResult=1
20240709-003603<INFO :0xf4affb40>: [CheckCRC] CheckRoleData kan.Jx2iiTieuKanNT dwCRC=EA130A60/EA130A60 nResult=1
20240709-005103<INFO :0xf4affb40>: [CheckCRC] CheckRoleData kan.Jx2iiTieuKanNT dwCRC=5736ECF6/5736ECF6 nResult=1
20240709-010603<INFO :0xf4affb40>: [CheckCRC] CheckRoleData kan.Jx2iiTieuKanNT dwCRC=692376EF/692376EF nResult=1
20240709-012103<INFO :0xf4affb40>: [CheckCRC] CheckRoleData kan.Jx2iiTieuKanNT dwCRC=1645B5B5/1645B5B5 nResult=1
20240709-013602<INFO :0xf4affb40>: [CheckCRC] CheckRoleData kan.Jx2iiTieuKanNT dwCRC=612C7993/612C7993 nResult=1
20240709-015102<INFO :0xf4affb40>: [CheckCRC] CheckRoleData kan.Jx2iiTieuKanNT dwCRC=97CD62A3/97CD62A3 nResult=1
20240709-020602<INFO :0xf4affb40>: [CheckCRC] CheckRoleData kan.Jx2iiTieuKanNT dwCRC=506AA409/506AA409 nResult=1
20240709-022102<INFO :0xf4affb40>: [CheckCRC] CheckRoleData kan.Jx2iiTieuKanNT dwCRC=FA5C6A63/FA5C6A63 nResult=1
20240709-023601<INFO :0xf4affb40>: [CheckCRC] CheckRoleData kan.Jx2iiTieuKanNT dwCRC=0B60FDAE/0B60FDAE nResult=1
20240709-025101<INFO :0xf4affb40>: [CheckCRC] CheckRoleData kan.Jx2iiTieuKanNT dwCRC=3594A425/3594A425 nResult=1
20240709-030601<INFO :0xf4affb40>: [CheckCRC] CheckRoleData kan.Jx2iiTieuKanNT dwCRC=53799A46/53799A46 nResult=1
20240709-032101<INFO :0xf4affb40>: [CheckCRC] CheckRoleData kan.Jx2iiTieuKanNT dwCRC=72BBB8F6/72BBB8F6 nResult=1
20240709-033600<INFO :0xf4affb40>: [CheckCRC] CheckRoleData kan.Jx2iiTieuKanNT dwCRC=0A22354F/0A22354F nResult=1
20240709-035101<INFO :0xf4affb40>: [CheckCRC] CheckRoleData kan.Jx2iiTieuKanNT dwCRC=9F160CA4/9F160CA4 nResult=1
20240709-040601<INFO :0xf4affb40>: [CheckCRC] CheckRoleData kan.Jx2iiTieuKanNT dwCRC=CE5E9942/CE5E9942 nResult=1
20240709-042101<INFO :0xf4affb40>: [CheckCRC] CheckRoleData kan.Jx2iiTieuKanNT dwCRC=C2726E9B/C2726E9B nResult=1
20240709-043600<INFO :0xf4affb40>: [CheckCRC] CheckRoleData kan.Jx2iiTieuKanNT dwCRC=BA34C05A/BA34C05A nResult=1
20240709-045100<INFO :0xf4affb40>: [CheckCRC] CheckRoleData kan.Jx2iiTieuKanNT dwCRC=C4A3BD11/C4A3BD11 nResult=1
20240709-050600<INFO :0xf4affb40>: [CheckCRC] CheckRoleData kan.Jx2iiTieuKanNT dwCRC=B30B266D/B30B266D nResult=1
20240709-052100<INFO :0xf4affb40>: [CheckCRC] CheckRoleData kan.Jx2iiTieuKanNT dwCRC=F91B8A4A/F91B8A4A nResult=1
20240709-053559<INFO :0xf4affb40>: [CheckCRC] CheckRoleData kan.Jx2iiTieuKanNT dwCRC=BB15077E/BB15077E nResult=1
20240709-055059<INFO :0xf4affb40>: [CheckCRC] CheckRoleData kan.Jx2iiTieuKanNT dwCRC=2BD6A033/2BD6A033 nResult=1
20240709-060559<INFO :0xf4affb40>: [CheckCRC] CheckRoleData kan.Jx2iiTieuKanNT dwCRC=763189FB/763189FB nResult=1
20240709-062059<INFO :0xf4affb40>: [CheckCRC] CheckRoleData kan.Jx2iiTieuKanNT dwCRC=02D666BA/02D666BA nResult=1
20240709-063558<INFO :0xf4affb40>: [CheckCRC] CheckRoleData kan.Jx2iiTieuKanNT dwCRC=9C413BA5/9C413BA5 nResult=1
20240709-065058<INFO :0xf4affb40>: [CheckCRC] CheckRoleData kan.Jx2iiTieuKanNT dwCRC=A756AE98/A756AE98 nResult=1
20240709-065156<INFO :0xf4affb40>: [CheckCRC] CheckRoleData kan.Jx2iiTieuKanNT dwCRC=73F12028/73F12028 nResult=1
20240709-070656<INFO :0xf36ffb40>: [CheckCRC] CheckRoleData kan.Jx2iiTieuKanNT dwCRC=A2EC5517/A2EC5517 nResult=1
