ChangeLogFile: FirstWrite=1, CurrentLine=0/65536 LastTime=1900-1-0 0:0:0
20240709-072113<INFO :0xf737f700>: [KG_Angel][Version:Oct 31 2014 15:04:45] begin initial...
20240709-072113<INFO :0xf737f700>: Data OK! Current max Service ID is: 2325366
20240709-072301<INFO :0xf4affb40>: [CheckCRC] CheckRoleData kan.Jx2iiTieuKanNT dwCRC=EE56168F/EE56168F nResult=1
20240709-072749<INFO :0xf4affb40>: [CheckCRC] CheckRoleData kan.Jx2iiTieuKanNT dwCRC=F4AC2389/F4AC2389 nResult=1
20240709-073030<INFO :0xf4affb40>: [CheckCRC] CheckRoleData kan.Jx2iiTieuKanNT dwCRC=57556AF5/57556AF5 nResult=1
20240709-073954<INFO :0xf4affb40>: [CheckCRC] CheckRoleData kan.Jx2iiTieuKanNT dwCRC=23858ECD/23858ECD nResult=1
20240709-164939<INFO :0xf4affb40>: [CheckCRC] CheckRoleData kan.Jx2iiTieuKanNT dwCRC=974A2DFD/974A2DFD nResult=1
20240709-165011<INFO :0xf54ffb40>: [CheckCRC] CheckRoleData kan2.Jx2iiTieuMiMi dwCRC=BA697CA4/BA697CA4 nResult=1
20240709-165111<INFO :0xf4affb40>: [CheckCRC] CheckRoleData kan2.Jx2iiTieuMiMi dwCRC=7E1A2507/7E1A2507 nResult=1
20240709-165132<INFO :0xf4affb40>: [CheckCRC] CheckRoleData kan2.Jx2iiTieuMiMi dwCRC=B7AD2B26/B7AD2B26 nResult=1
20240709-170439<INFO :0xf4affb40>: [CheckCRC] CheckRoleData kan.Jx2iiTieuKanNT dwCRC=260D3453/260D3453 nResult=1
20240709-170632<INFO :0xf4affb40>: [CheckCRC] CheckRoleData kan2.Jx2iiTieuMiMi dwCRC=C31A47ED/C31A47ED nResult=1
20240709-171939<INFO :0xf4affb40>: [CheckCRC] CheckRoleData kan.Jx2iiTieuKanNT dwCRC=32C580D8/32C580D8 nResult=1
20240709-172132<INFO :0xf4affb40>: [CheckCRC] CheckRoleData kan2.Jx2iiTieuMiMi dwCRC=3DABA0F3/3DABA0F3 nResult=1
20240709-173438<INFO :0xf4affb40>: [CheckCRC] CheckRoleData kan.Jx2iiTieuKanNT dwCRC=5F6D723A/5F6D723A nResult=1
20240709-173631<INFO :0xf4affb40>: [CheckCRC] CheckRoleData kan2.Jx2iiTieuMiMi dwCRC=3F99BC72/3F99BC72 nResult=1
20240709-174938<INFO :0xf4affb40>: [CheckCRC] CheckRoleData kan.Jx2iiTieuKanNT dwCRC=A936E2F3/A936E2F3 nResult=1
20240709-175131<INFO :0xf4affb40>: [CheckCRC] CheckRoleData kan2.Jx2iiTieuMiMi dwCRC=E91B6ADA/E91B6ADA nResult=1
20240709-180438<INFO :0xf4affb40>: [CheckCRC] CheckRoleData kan.Jx2iiTieuKanNT dwCRC=807E9981/807E9981 nResult=1
20240709-180631<INFO :0xf4affb40>: [CheckCRC] CheckRoleData kan2.Jx2iiTieuMiMi dwCRC=A1B03ECA/A1B03ECA nResult=1
20240709-181121<INFO :0xf4affb40>: [CheckCRC] CheckRoleData kan.Jx2iiTieuKanNT dwCRC=FE199259/FE199259 nResult=1
20240709-182132<INFO :0xf4affb40>: [CheckCRC] CheckRoleData kan2.Jx2iiTieuMiMi dwCRC=A2BB72CB/A2BB72CB nResult=1
20240709-183631<INFO :0xf4affb40>: [CheckCRC] CheckRoleData kan2.Jx2iiTieuMiMi dwCRC=107679EC/107679EC nResult=1
20240709-185131<INFO :0xf4affb40>: [CheckCRC] CheckRoleData kan2.Jx2iiTieuMiMi dwCRC=34C1D093/34C1D093 nResult=1
20240709-190631<INFO :0xf4affb40>: [CheckCRC] CheckRoleData kan2.Jx2iiTieuMiMi dwCRC=420C6F5B/420C6F5B nResult=1
20240709-192131<INFO :0xf4affb40>: [CheckCRC] CheckRoleData kan2.Jx2iiTieuMiMi dwCRC=2E6D8140/2E6D8140 nResult=1
20240709-193630<INFO :0xf4affb40>: [CheckCRC] CheckRoleData kan2.Jx2iiTieuMiMi dwCRC=101228C4/101228C4 nResult=1
20240709-195130<INFO :0xf4affb40>: [CheckCRC] CheckRoleData kan2.Jx2iiTieuMiMi dwCRC=5AF5DD44/5AF5DD44 nResult=1
20240709-200135<INFO :0xf4affb40>: [CheckCRC] CheckRoleData kan2.Jx2iiTieuMiMi dwCRC=E1BE9F68/E1BE9F68 nResult=1
20240709-200202<INFO :0xf4affb40>: [CheckCRC] CheckRoleData kan2.Jx2iiTieuMiMi dwCRC=4D9A0733/4D9A0733 nResult=1
20240709-200202<INFO :0xf4affb40>: [CheckCRC] CheckRoleData kan2.Jx2iiTieuMiMi dwCRC=81463194/81463194 nResult=1
20240709-200202<INFO :0xf4affb40>: [CheckCRC] CheckRoleData kan2.Jx2iiTieuMiMi dwCRC=08E0C407/08E0C407 nResult=1
20240709-200203<INFO :0xf4affb40>: [CheckCRC] CheckRoleData kan2.Jx2iiTieuMiMi dwCRC=4D598220/4D598220 nResult=1
20240709-200226<INFO :0xf4affb40>: [CheckCRC] CheckRoleData kan2.Jx2iiTieuMiMi dwCRC=9A928C70/9A928C70 nResult=1
20240709-200307<INFO :0xf36ffb40>: [CheckCRC] CheckRoleData kan2.Jx2iiTieuMiMi dwCRC=8A02EAD2/8A02EAD2 nResult=1
20240709-200440<INFO :0xf36ffb40>: [CheckCRC] CheckRoleData kan2.Jx2iiTieuMiMi dwCRC=046CEA22/046CEA22 nResult=1
20240709-200441<INFO :0xf36ffb40>: [CheckCRC] CheckRoleData kan2.Jx2iiTieuMiMi dwCRC=C2D2FD08/C2D2FD08 nResult=1
20240709-200441<INFO :0xf36ffb40>: [CheckCRC] CheckRoleData kan2.Jx2iiTieuMiMi dwCRC=D3629CC3/D3629CC3 nResult=1
20240709-200442<INFO :0xf36ffb40>: [CheckCRC] CheckRoleData kan2.Jx2iiTieuMiMi dwCRC=D1306263/D1306263 nResult=1
20240709-200442<INFO :0xf36ffb40>: [CheckCRC] CheckRoleData kan2.Jx2iiTieuMiMi dwCRC=B1A2B159/B1A2B159 nResult=1
20240709-200442<INFO :0xf36ffb40>: [CheckCRC] CheckRoleData kan2.Jx2iiTieuMiMi dwCRC=993C6F2B/993C6F2B nResult=1
20240709-200443<INFO :0xf36ffb40>: [CheckCRC] CheckRoleData kan2.Jx2iiTieuMiMi dwCRC=A22A9D64/A22A9D64 nResult=1
20240709-200443<INFO :0xf36ffb40>: [CheckCRC] CheckRoleData kan2.Jx2iiTieuMiMi dwCRC=1E048EE6/1E048EE6 nResult=1
20240709-200444<INFO :0xf36ffb40>: [CheckCRC] CheckRoleData kan2.Jx2iiTieuMiMi dwCRC=A1DA5179/A1DA5179 nResult=1
20240709-200444<INFO :0xf36ffb40>: [CheckCRC] CheckRoleData kan2.Jx2iiTieuMiMi dwCRC=C275346D/C275346D nResult=1
20240709-200444<INFO :0xf36ffb40>: [CheckCRC] CheckRoleData kan2.Jx2iiTieuMiMi dwCRC=B25FE2B6/B25FE2B6 nResult=1
20240709-200445<INFO :0xf36ffb40>: [CheckCRC] CheckRoleData kan2.Jx2iiTieuMiMi dwCRC=99C9F79A/99C9F79A nResult=1
20240709-200445<INFO :0xf36ffb40>: [CheckCRC] CheckRoleData kan2.Jx2iiTieuMiMi dwCRC=44E8A6F4/44E8A6F4 nResult=1
20240709-200446<INFO :0xf36ffb40>: [CheckCRC] CheckRoleData kan2.Jx2iiTieuMiMi dwCRC=5E4FA2B8/5E4FA2B8 nResult=1
20240709-200446<INFO :0xf36ffb40>: [CheckCRC] CheckRoleData kan2.Jx2iiTieuMiMi dwCRC=924A8164/924A8164 nResult=1
20240709-200446<INFO :0xf36ffb40>: [CheckCRC] CheckRoleData kan2.Jx2iiTieuMiMi dwCRC=5C5BA543/5C5BA543 nResult=1
20240709-200447<INFO :0xf36ffb40>: [CheckCRC] CheckRoleData kan2.Jx2iiTieuMiMi dwCRC=B5191FFC/B5191FFC nResult=1
20240709-200447<INFO :0xf36ffb40>: [CheckCRC] CheckRoleData kan2.Jx2iiTieuMiMi dwCRC=E2FFE505/E2FFE505 nResult=1
20240709-200448<INFO :0xf36ffb40>: [CheckCRC] CheckRoleData kan2.Jx2iiTieuMiMi dwCRC=60D0FFDA/60D0FFDA nResult=1
20240709-200448<INFO :0xf36ffb40>: [CheckCRC] CheckRoleData kan2.Jx2iiTieuMiMi dwCRC=EFC54C4B/EFC54C4B nResult=1
20240709-201948<INFO :0xf36ffb40>: [CheckCRC] CheckRoleData kan2.Jx2iiTieuMiMi dwCRC=76150DD1/76150DD1 nResult=1
20240709-203447<INFO :0xf36ffb40>: [CheckCRC] CheckRoleData kan2.Jx2iiTieuMiMi dwCRC=784B1AC8/784B1AC8 nResult=1
20240709-204947<INFO :0xf36ffb40>: [CheckCRC] CheckRoleData kan2.Jx2iiTieuMiMi dwCRC=DE2C9291/DE2C9291 nResult=1
20240709-210447<INFO :0xf36ffb40>: [CheckCRC] CheckRoleData kan2.Jx2iiTieuMiMi dwCRC=40652B58/40652B58 nResult=1
20240709-211947<INFO :0xf36ffb40>: [CheckCRC] CheckRoleData kan2.Jx2iiTieuMiMi dwCRC=B46D032A/B46D032A nResult=1
20240709-213446<INFO :0xf36ffb40>: [CheckCRC] CheckRoleData kan2.Jx2iiTieuMiMi dwCRC=0E2AB400/0E2AB400 nResult=1
20240709-214946<INFO :0xf36ffb40>: [CheckCRC] CheckRoleData kan2.Jx2iiTieuMiMi dwCRC=96484631/96484631 nResult=1
20240709-220446<INFO :0xf36ffb40>: [CheckCRC] CheckRoleData kan2.Jx2iiTieuMiMi dwCRC=CFA963AB/CFA963AB nResult=1
20240709-221946<INFO :0xf36ffb40>: [CheckCRC] CheckRoleData kan2.Jx2iiTieuMiMi dwCRC=A25B4CDA/A25B4CDA nResult=1
20240709-223445<INFO :0xf36ffb40>: [CheckCRC] CheckRoleData kan2.Jx2iiTieuMiMi dwCRC=4E414AF2/4E414AF2 nResult=1
20240709-224946<INFO :0xf36ffb40>: [CheckCRC] CheckRoleData kan2.Jx2iiTieuMiMi dwCRC=D3C8822A/D3C8822A nResult=1
20240709-230446<INFO :0xf36ffb40>: [CheckCRC] CheckRoleData kan2.Jx2iiTieuMiMi dwCRC=DD071ED6/DD071ED6 nResult=1
20240709-231946<INFO :0xf36ffb40>: [CheckCRC] CheckRoleData kan2.Jx2iiTieuMiMi dwCRC=44F357B8/44F357B8 nResult=1
20240709-233445<INFO :0xf36ffb40>: [CheckCRC] CheckRoleData kan2.Jx2iiTieuMiMi dwCRC=EE33D3B2/EE33D3B2 nResult=1
20240709-234945<INFO :0xf36ffb40>: [CheckCRC] CheckRoleData kan2.Jx2iiTieuMiMi dwCRC=BBEC0C76/BBEC0C76 nResult=1
