ChangeLogFile: FirstWrite=1, CurrentLine=0/65536 LastTime=1900-1-0 0:0:0
20240707-093140<INFO :0xf73b6700>: [KG_Angel][Version:Oct 31 2014 15:04:45] begin initial...
20240707-093140<INFO :0xf73b6700>: Data OK! Current max Service ID is: 2325366
20240707-093359<INFO :0xf4affb40>: [CheckCRC] CheckRoleData kan.Jx2iiTieuKanNT dwCRC=3CA0763E/3CA0763E nResult=1
20240707-093414<INFO :0xf4affb40>: [CheckCRC] CheckRoleData kan.Jx2iiTieuKanNT dwCRC=80BDA1A8/80BDA1A8 nResult=1
20240707-093429<INFO :0xf54ffb40>: [CheckCRC] CheckRoleData kan.Jx2iiTieuKanNT dwCRC=3D474062/3D474062 nResult=1
20240707-094449<INFO :0xf36ffb40>: [CheckCRC] CheckRoleData kan.Jx2iiTieuKanNT dwCRC=9FD85074/9FD85074 nResult=1
20240707-094521<INFO :0xf36ffb40>: [CheckCRC] CheckRoleData kan.Jx2iiTieuKanNT dwCRC=00C8D36E/00C8D36E nResult=1
20240707-100022<INFO :0xf2cffb40>: [CheckCRC] CheckRoleData kan.Jx2iiTieuKanNT dwCRC=7D3EFA46/7D3EFA46 nResult=1
20240707-101522<INFO :0xf2cffb40>: [CheckCRC] CheckRoleData kan.Jx2iiTieuKanNT dwCRC=8DB1AC2C/8DB1AC2C nResult=1
20240707-103022<INFO :0xf2cffb40>: [CheckCRC] CheckRoleData kan.Jx2iiTieuKanNT dwCRC=39F14CF2/39F14CF2 nResult=1
20240707-104521<INFO :0xf2cffb40>: [CheckCRC] CheckRoleData kan.Jx2iiTieuKanNT dwCRC=8BA8246B/8BA8246B nResult=1
20240707-110021<INFO :0xf2cffb40>: [CheckCRC] CheckRoleData kan.Jx2iiTieuKanNT dwCRC=FC400572/FC400572 nResult=1
20240707-111521<INFO :0xf2cffb40>: [CheckCRC] CheckRoleData kan.Jx2iiTieuKanNT dwCRC=1EF3A9A6/1EF3A9A6 nResult=1
20240707-113021<INFO :0xf2cffb40>: [CheckCRC] CheckRoleData kan.Jx2iiTieuKanNT dwCRC=3E6D1847/3E6D1847 nResult=1
20240707-114520<INFO :0xf2cffb40>: [CheckCRC] CheckRoleData kan.Jx2iiTieuKanNT dwCRC=00BCE1CB/00BCE1CB nResult=1
20240707-120020<INFO :0xf2cffb40>: [CheckCRC] CheckRoleData kan.Jx2iiTieuKanNT dwCRC=3EF04397/3EF04397 nResult=1
20240707-121520<INFO :0xf2cffb40>: [CheckCRC] CheckRoleData kan.Jx2iiTieuKanNT dwCRC=BC71516B/BC71516B nResult=1
20240707-123020<INFO :0xf2cffb40>: [CheckCRC] CheckRoleData kan.Jx2iiTieuKanNT dwCRC=57EB0F83/57EB0F83 nResult=1
20240707-123138<INFO :0xf2cffb40>: [CheckCRC] CheckRoleData kan.Jx2iiTieuKanNT dwCRC=AC987561/AC987561 nResult=1
