ChangeLogFile: FirstWrite=1, CurrentLine=0/65536 LastTime=1900-1-0 0:0:0
20240708-112604<INFO :0xf73f5700>: [KG_Angel][Version:Oct 31 2014 15:04:45] begin initial...
20240708-112604<INFO :0xf73f5700>: Data OK! Current max Service ID is: 2325366
20240708-112900<INFO :0xf2cffb40>: [CheckCRC] CheckRoleData kan.Jx2iiTieuKanNT dwCRC=2F30A123/2F30A123 nResult=1
20240708-113013<INFO :0xf40ffb40>: [CheckCRC] CheckRoleData kan.Jx2iiTieuKanNT dwCRC=00C22EFF/00C22EFF nResult=1
20240708-113051<INFO :0xf5effb40>: [PlayerCreator] Created role Jx2iiTieuMiMi, ServerID=2325366
20240708-113103<INFO :0xf54ffb40>: [CheckCRC] CheckRoleData kan2.Jx2iiTieuMiMi dwCRC=5C89F4B5/5C89F4B5 nResult=1
20240708-113104<INFO :0xf54ffb40>: [CheckCRC] CheckRoleData kan2.Jx2iiTieuMiMi dwCRC=AE2977E2/AE2977E2 nResult=1
20240708-113137<INFO :0xf54ffb40>: [CheckCRC] CheckRoleData kan2.Jx2iiTieuMiMi dwCRC=339FA0C5/339FA0C5 nResult=1
20240708-113210<INFO :0xf54ffb40>: [CheckCRC] CheckRoleData kan2.Jx2iiTieuMiMi dwCRC=9FE62CA4/9FE62CA4 nResult=1
20240708-113347<INFO :0xf54ffb40>: [CheckCRC] CheckRoleData kan2.Jx2iiTieuMiMi dwCRC=96625803/96625803 nResult=1
20240708-113558<INFO :0xf54ffb40>: [CheckCRC] CheckRoleData kan2.Jx2iiTieuMiMi dwCRC=207A42C0/207A42C0 nResult=1
20240708-113807<INFO :0xf54ffb40>: [CheckCRC] CheckRoleData kan2.Jx2iiTieuMiMi dwCRC=27B1BC47/27B1BC47 nResult=1
20240708-114228<INFO :0xf54ffb40>: [CheckCRC] CheckRoleData kan2.Jx2iiTieuMiMi dwCRC=1303882B/1303882B nResult=1
20240708-114330<INFO :0xf54ffb40>: [CheckCRC] CheckRoleData kan2.Jx2iiTieuMiMi dwCRC=6F3B107B/6F3B107B nResult=1
20240708-114354<INFO :0xf2cffb40>: [CheckCRC] CheckRoleData kan.Jx2iiTieuKanNT dwCRC=AB412392/AB412392 nResult=1
20240708-114419<INFO :0xf54ffb40>: [CheckCRC] CheckRoleData kan2.Jx2iiTieuMiMi dwCRC=AAA55A42/AAA55A42 nResult=1
20240708-114515<INFO :0xf54ffb40>: [CheckCRC] CheckRoleData kan2.Jx2iiTieuMiMi dwCRC=82E2E928/82E2E928 nResult=1
20240708-114540<INFO :0xf54ffb40>: [CheckCRC] CheckRoleData kan2.Jx2iiTieuMiMi dwCRC=C8163186/C8163186 nResult=1
20240708-115201<INFO :0xf54ffb40>: [CheckCRC] CheckRoleData kan2.Jx2iiTieuMiMi dwCRC=326C9838/326C9838 nResult=1
20240708-115212<INFO :0xf54ffb40>: [CheckCRC] CheckRoleData kan2.Jx2iiTieuMiMi dwCRC=ACF58E28/ACF58E28 nResult=1
20240708-115253<INFO :0xf54ffb40>: [CheckCRC] CheckRoleData kan2.Jx2iiTieuMiMi dwCRC=8EB2846C/8EB2846C nResult=1
20240708-115254<INFO :0xf54ffb40>: [CheckCRC] CheckRoleData kan2.Jx2iiTieuMiMi dwCRC=C6562CA0/C6562CA0 nResult=1
20240708-115254<INFO :0xf54ffb40>: [CheckCRC] CheckRoleData kan2.Jx2iiTieuMiMi dwCRC=005BCF9F/005BCF9F nResult=1
20240708-115255<INFO :0xf54ffb40>: [CheckCRC] CheckRoleData kan2.Jx2iiTieuMiMi dwCRC=8C27EF1A/8C27EF1A nResult=1
20240708-115255<INFO :0xf54ffb40>: [CheckCRC] CheckRoleData kan2.Jx2iiTieuMiMi dwCRC=B9CA732B/B9CA732B nResult=1
20240708-115255<INFO :0xf54ffb40>: [CheckCRC] CheckRoleData kan2.Jx2iiTieuMiMi dwCRC=DEFEC54E/DEFEC54E nResult=1
20240708-115256<INFO :0xf54ffb40>: [CheckCRC] CheckRoleData kan2.Jx2iiTieuMiMi dwCRC=AD0B79D0/AD0B79D0 nResult=1
20240708-115256<INFO :0xf54ffb40>: [CheckCRC] CheckRoleData kan2.Jx2iiTieuMiMi dwCRC=0E4F9309/0E4F9309 nResult=1
20240708-115321<INFO :0xf54ffb40>: [CheckCRC] CheckRoleData kan2.Jx2iiTieuMiMi dwCRC=0BC7055A/0BC7055A nResult=1
20240708-115344<INFO :0xf2cffb40>: [CheckCRC] CheckRoleData kan.Jx2iiTieuKanNT dwCRC=FEB8F86F/FEB8F86F nResult=1
20240708-115358<INFO :0xf54ffb40>: [CheckCRC] CheckRoleData kan.Jx2iiTieuKanNT dwCRC=D92CA3B4/D92CA3B4 nResult=1
20240708-115358<INFO :0xf54ffb40>: [CheckCRC] CheckRoleData kan.Jx2iiTieuKanNT dwCRC=2DE704E7/2DE704E7 nResult=1
20240708-115359<INFO :0xf54ffb40>: [CheckCRC] CheckRoleData kan.Jx2iiTieuKanNT dwCRC=4D3AF32D/4D3AF32D nResult=1
20240708-115359<INFO :0xf54ffb40>: [CheckCRC] CheckRoleData kan.Jx2iiTieuKanNT dwCRC=ADEE0650/ADEE0650 nResult=1
20240708-115400<INFO :0xf54ffb40>: [CheckCRC] CheckRoleData kan.Jx2iiTieuKanNT dwCRC=9BDB5218/9BDB5218 nResult=1
20240708-115400<INFO :0xf54ffb40>: [CheckCRC] CheckRoleData kan.Jx2iiTieuKanNT dwCRC=275DA4FC/275DA4FC nResult=1
20240708-115400<INFO :0xf54ffb40>: [CheckCRC] CheckRoleData kan.Jx2iiTieuKanNT dwCRC=9166FF86/9166FF86 nResult=1
20240708-115401<INFO :0xf54ffb40>: [CheckCRC] CheckRoleData kan.Jx2iiTieuKanNT dwCRC=8428F9DA/8428F9DA nResult=1
20240708-115401<INFO :0xf54ffb40>: [CheckCRC] CheckRoleData kan.Jx2iiTieuKanNT dwCRC=EB2E4B6E/EB2E4B6E nResult=1
20240708-115402<INFO :0xf54ffb40>: [CheckCRC] CheckRoleData kan.Jx2iiTieuKanNT dwCRC=80F4BD14/80F4BD14 nResult=1
20240708-115402<INFO :0xf54ffb40>: [CheckCRC] CheckRoleData kan.Jx2iiTieuKanNT dwCRC=65703726/65703726 nResult=1
20240708-115437<INFO :0xf54ffb40>: [CheckCRC] CheckRoleData kan.Jx2iiTieuKanNT dwCRC=DBB0E376/DBB0E376 nResult=1
20240708-120702<INFO :0xf54ffb40>: [CheckCRC] CheckRoleData kan2.Jx2iiTieuMiMi dwCRC=D7173161/D7173161 nResult=1
20240708-120702<INFO :0xf54ffb40>: [CheckCRC] CheckRoleData kan2.Jx2iiTieuMiMi dwCRC=393A4C18/393A4C18 nResult=1
20240708-120702<INFO :0xf54ffb40>: [CheckCRC] CheckRoleData kan2.Jx2iiTieuMiMi dwCRC=932A3572/932A3572 nResult=1
20240708-120703<INFO :0xf54ffb40>: [CheckCRC] CheckRoleData kan2.Jx2iiTieuMiMi dwCRC=39643EE0/39643EE0 nResult=1
20240708-120703<INFO :0xf54ffb40>: [CheckCRC] CheckRoleData kan2.Jx2iiTieuMiMi dwCRC=D196CE93/D196CE93 nResult=1
20240708-120704<INFO :0xf54ffb40>: [CheckCRC] CheckRoleData kan2.Jx2iiTieuMiMi dwCRC=02C817F0/02C817F0 nResult=1
20240708-120704<INFO :0xf54ffb40>: [CheckCRC] CheckRoleData kan2.Jx2iiTieuMiMi dwCRC=6EBA57E1/6EBA57E1 nResult=1
20240708-120704<INFO :0xf54ffb40>: [CheckCRC] CheckRoleData kan2.Jx2iiTieuMiMi dwCRC=B2269EFB/B2269EFB nResult=1
20240708-120705<INFO :0xf54ffb40>: [CheckCRC] CheckRoleData kan2.Jx2iiTieuMiMi dwCRC=AA60E7EF/AA60E7EF nResult=1
20240708-120705<INFO :0xf54ffb40>: [CheckCRC] CheckRoleData kan2.Jx2iiTieuMiMi dwCRC=40EFF4B3/40EFF4B3 nResult=1
20240708-120952<INFO :0xf54ffb40>: [CheckCRC] CheckRoleData kan.Jx2iiTieuKanNT dwCRC=FC41EA07/FC41EA07 nResult=1
20240708-121304<INFO :0xf54ffb40>: [CheckCRC] CheckRoleData kan.Jx2iiTieuKanNT dwCRC=0C6EFD1C/0C6EFD1C nResult=1
20240708-121439<INFO :0xf54ffb40>: [CheckCRC] CheckRoleData kan2.Jx2iiTieuMiMi dwCRC=C0C0E300/C0C0E300 nResult=1
20240708-121532<INFO :0xf54ffb40>: [CheckCRC] CheckRoleData kan2.Jx2iiTieuMiMi dwCRC=BEFA6FA1/BEFA6FA1 nResult=1
20240708-121623<INFO :0xf2cffb40>: [CheckCRC] CheckRoleData kan2.Jx2iiTieuMiMi dwCRC=5DFB3D52/5DFB3D52 nResult=1
20240708-122823<INFO :0xf54ffb40>: [CheckCRC] CheckRoleData kan.Jx2iiTieuKanNT dwCRC=D89336D4/D89336D4 nResult=1
20240708-123122<INFO :0xf54ffb40>: [CheckCRC] CheckRoleData kan2.Jx2iiTieuMiMi dwCRC=0E9216EE/0E9216EE nResult=1
20240708-123829<INFO :0xf54ffb40>: [CheckCRC] CheckRoleData kan.Jx2iiTieuKanNT dwCRC=4603B711/4603B711 nResult=1
20240708-123829<INFO :0xf54ffb40>: [CheckCRC] CheckRoleData kan.Jx2iiTieuKanNT dwCRC=D63E50E6/D63E50E6 nResult=1
20240708-123830<INFO :0xf54ffb40>: [CheckCRC] CheckRoleData kan.Jx2iiTieuKanNT dwCRC=C46D104B/C46D104B nResult=1
20240708-123830<INFO :0xf54ffb40>: [CheckCRC] CheckRoleData kan.Jx2iiTieuKanNT dwCRC=A8AB7CAB/A8AB7CAB nResult=1
20240708-123831<INFO :0xf54ffb40>: [CheckCRC] CheckRoleData kan.Jx2iiTieuKanNT dwCRC=225D3699/225D3699 nResult=1
20240708-123831<INFO :0xf54ffb40>: [CheckCRC] CheckRoleData kan.Jx2iiTieuKanNT dwCRC=88950D1B/88950D1B nResult=1
20240708-123832<INFO :0xf54ffb40>: [CheckCRC] CheckRoleData kan.Jx2iiTieuKanNT dwCRC=A5F4BAF0/A5F4BAF0 nResult=1
20240708-123832<INFO :0xf54ffb40>: [CheckCRC] CheckRoleData kan.Jx2iiTieuKanNT dwCRC=2C02413D/2C02413D nResult=1
20240708-123833<INFO :0xf54ffb40>: [CheckCRC] CheckRoleData kan.Jx2iiTieuKanNT dwCRC=57246D16/57246D16 nResult=1
20240708-123833<INFO :0xf54ffb40>: [CheckCRC] CheckRoleData kan.Jx2iiTieuKanNT dwCRC=45743F6B/45743F6B nResult=1
20240708-124622<INFO :0xf54ffb40>: [CheckCRC] CheckRoleData kan2.Jx2iiTieuMiMi dwCRC=AC0EA230/AC0EA230 nResult=1
20240708-125333<INFO :0xf54ffb40>: [CheckCRC] CheckRoleData kan.Jx2iiTieuKanNT dwCRC=D64F046C/D64F046C nResult=1
20240708-130025<INFO :0xf54ffb40>: [CheckCRC] CheckRoleData kan.Jx2iiTieuKanNT dwCRC=F6B8ECF5/F6B8ECF5 nResult=1
20240708-130029<INFO :0xf54ffb40>: [CheckCRC] CheckRoleData kan2.Jx2iiTieuMiMi dwCRC=2671FC89/2671FC89 nResult=1
20240708-164324<INFO :0xf54ffb40>: [CheckCRC] CheckRoleData kan.Jx2iiTieuKanNT dwCRC=988E45A1/988E45A1 nResult=1
20240708-164334<INFO :0xf54ffb40>: [CheckCRC] CheckRoleData kan.Jx2iiTieuKanNT dwCRC=793D03BB/793D03BB nResult=1
20240708-164551<INFO :0xf54ffb40>: [CheckCRC] CheckRoleData kan.Jx2iiTieuKanNT dwCRC=B9C12232/B9C12232 nResult=1
20240708-164626<INFO :0xf36ffb40>: [CheckCRC] CheckRoleData kan.Jx2iiTieuKanNT dwCRC=80EB271A/80EB271A nResult=1
20240708-164626<INFO :0xf36ffb40>: [CheckCRC] CheckRoleData kan.Jx2iiTieuKanNT dwCRC=789F3872/789F3872 nResult=1
20240708-164627<INFO :0xf36ffb40>: [CheckCRC] CheckRoleData kan.Jx2iiTieuKanNT dwCRC=564E359A/564E359A nResult=1
20240708-164627<INFO :0xf36ffb40>: [CheckCRC] CheckRoleData kan.Jx2iiTieuKanNT dwCRC=61F08FCD/61F08FCD nResult=1
20240708-164628<INFO :0xf36ffb40>: [CheckCRC] CheckRoleData kan.Jx2iiTieuKanNT dwCRC=93FC47E8/93FC47E8 nResult=1
20240708-170128<INFO :0xf36ffb40>: [CheckCRC] CheckRoleData kan.Jx2iiTieuKanNT dwCRC=64F59DC3/64F59DC3 nResult=1
20240708-171628<INFO :0xf36ffb40>: [CheckCRC] CheckRoleData kan.Jx2iiTieuKanNT dwCRC=072C0423/072C0423 nResult=1
20240708-173127<INFO :0xf36ffb40>: [CheckCRC] CheckRoleData kan.Jx2iiTieuKanNT dwCRC=4970E41D/4970E41D nResult=1
20240708-174627<INFO :0xf36ffb40>: [CheckCRC] CheckRoleData kan.Jx2iiTieuKanNT dwCRC=DA2B7E4F/DA2B7E4F nResult=1
20240708-180127<INFO :0xf36ffb40>: [CheckCRC] CheckRoleData kan.Jx2iiTieuKanNT dwCRC=B6B3071A/B6B3071A nResult=1
20240708-181627<INFO :0xf36ffb40>: [CheckCRC] CheckRoleData kan.Jx2iiTieuKanNT dwCRC=B164BCDF/B164BCDF nResult=1
20240708-182134<INFO :0xf36ffb40>: [CheckCRC] CheckRoleData kan.Jx2iiTieuKanNT dwCRC=0293FEFB/0293FEFB nResult=1
20240708-182629<INFO :0xf4affb40>: [CheckCRC] CheckRoleData kan.Jx2iiTieuKanNT dwCRC=B3D72FCB/B3D72FCB nResult=1
