ChangeLogFile: FirstWrite=1, CurrentLine=0/65536 LastTime=1900-1-0 0:0:0
20240708-183101<INFO :0xf7442700>: [KG_Angel][Version:Oct 31 2014 15:04:45] begin initial...
20240708-183101<INFO :0xf7442700>: Data OK! Current max Service ID is: 2325366
20240708-183602<INFO :0xf4affb40>: [CheckCRC] CheckRoleData kan.Jx2iiTieuKanNT dwCRC=2ED1B82F/2ED1B82F nResult=1
20240708-185107<INFO :0xf4affb40>: [CheckCRC] CheckRoleData kan.Jx2iiTieuKanNT dwCRC=9F501F29/9F501F29 nResult=1
20240708-190608<INFO :0xf4affb40>: [CheckCRC] CheckRoleData kan.Jx2iiTieuKanNT dwCRC=89E1963B/89E1963B nResult=1
20240708-192108<INFO :0xf4affb40>: [CheckCRC] CheckRoleData kan.Jx2iiTieuKanNT dwCRC=697817D9/697817D9 nResult=1
20240708-193607<INFO :0xf4affb40>: [CheckCRC] CheckRoleData kan.Jx2iiTieuKanNT dwCRC=CFFBD025/CFFBD025 nResult=1
20240708-195107<INFO :0xf4affb40>: [CheckCRC] CheckRoleData kan.Jx2iiTieuKanNT dwCRC=8333BAB1/8333BAB1 nResult=1
20240708-200607<INFO :0xf4affb40>: [CheckCRC] CheckRoleData kan.Jx2iiTieuKanNT dwCRC=7AA3EEF6/7AA3EEF6 nResult=1
20240708-202107<INFO :0xf4affb40>: [CheckCRC] CheckRoleData kan.Jx2iiTieuKanNT dwCRC=7ED05847/7ED05847 nResult=1
20240708-203606<INFO :0xf4affb40>: [CheckCRC] CheckRoleData kan.Jx2iiTieuKanNT dwCRC=F3A564D9/F3A564D9 nResult=1
20240708-205106<INFO :0xf4affb40>: [CheckCRC] CheckRoleData kan.Jx2iiTieuKanNT dwCRC=FB0ED846/FB0ED846 nResult=1
20240708-210606<INFO :0xf4affb40>: [CheckCRC] CheckRoleData kan.Jx2iiTieuKanNT dwCRC=58474857/58474857 nResult=1
20240708-212106<INFO :0xf4affb40>: [CheckCRC] CheckRoleData kan.Jx2iiTieuKanNT dwCRC=9E245188/9E245188 nResult=1
20240708-213605<INFO :0xf4affb40>: [CheckCRC] CheckRoleData kan.Jx2iiTieuKanNT dwCRC=27845F24/27845F24 nResult=1
20240708-215105<INFO :0xf4affb40>: [CheckCRC] CheckRoleData kan.Jx2iiTieuKanNT dwCRC=30BFCCAA/30BFCCAA nResult=1
20240708-220605<INFO :0xf4affb40>: [CheckCRC] CheckRoleData kan.Jx2iiTieuKanNT dwCRC=854F0F90/854F0F90 nResult=1
20240708-222105<INFO :0xf4affb40>: [CheckCRC] CheckRoleData kan.Jx2iiTieuKanNT dwCRC=85800EF2/85800EF2 nResult=1
20240708-223604<INFO :0xf4affb40>: [CheckCRC] CheckRoleData kan.Jx2iiTieuKanNT dwCRC=3F6EC601/3F6EC601 nResult=1
20240708-225104<INFO :0xf4affb40>: [CheckCRC] CheckRoleData kan.Jx2iiTieuKanNT dwCRC=0954EACE/0954EACE nResult=1
20240708-230604<INFO :0xf4affb40>: [CheckCRC] CheckRoleData kan.Jx2iiTieuKanNT dwCRC=6BA3B852/6BA3B852 nResult=1
20240708-232105<INFO :0xf4affb40>: [CheckCRC] CheckRoleData kan.Jx2iiTieuKanNT dwCRC=E4B3E775/E4B3E775 nResult=1
20240708-233604<INFO :0xf4affb40>: [CheckCRC] CheckRoleData kan.Jx2iiTieuKanNT dwCRC=103F4F02/103F4F02 nResult=1
20240708-235104<INFO :0xf4affb40>: [CheckCRC] CheckRoleData kan.Jx2iiTieuKanNT dwCRC=F00547FE/F00547FE nResult=1
