ChangeLogFile: FirstWrite=1, CurrentLine=0/65536 LastTime=1900-1-0 0:0:0
20240624-214017<INFO :0xf739c700>: [KG_Goddess] Loading KG_Goddess.ini
20240624-214017<INFO :0xf739c700>: [verify_up2date]...
20240624-214017<INFO :0xf739c700>: >Current lang is [gb18030]
20240624-214017<INFO :0xf739c700>: >Welcome to use [verify_up2date](version: 2.3.4 [2018-02-25]) tool. 
20240624-214017<INFO :0xf739c700>: >Time duration: 33.093574ms 
20240624-214017<INFO :0xf739c700>: >
20240624-214017<INFO :0xf739c700>: >Finish, my exit code is: 0
20240624-214017<INFO :0xf739c700>: |shell cmd result is 0
20240624-214017<INFO :0xf739c700>: ExecShellCmd [./verify_up2date -op=vef -d="." ] ret=0
20240624-214017<INFO :0xf739c700>: [verify_up2date] ok
20240624-214017<INFO :0xf739c700>: [Goddess][Version:Aug 22 2014 15:43:09] Begin to start ... ...
20240624-214017<INFO :0xf739c700>: [KG_Goddess] Set log level ... ... KGLOG_UPTO(KGLOG_DEBUG)
20240624-214017<INFO :0xf739c700>: [KG_Goddess] Loaded KG_Angel, version 2.5
20240624-214017<INFO :0xf739c700>: [KG_Goddess] Initializing role database ...
20240624-214017<INFO :0xf739c700>: [KGD] Mysql info: client[5.1.69] host[Localhost via UNIX socket] server[5.5.64-MariaDB]
20240624-214017<DEBUG:0xf739c700>: [KGD] Success connect to localhost:3306, character set switch to latin1
20240624-214017<DEBUG:0xf739c700>: [KGD] KGD_PROCESS_ERROR(nRetCode, KGD_ERROR_NOT_SUPPORT), at line 1467 in (0x0x9624ff0)->_LoadTable()
20240624-214017<DEBUG:0xf739c700>: [KGD] (0x0x9624ff0)->_LoadTable("fightteam")
20240624-214017<DEBUG:0xf739c700>: [KGD] KGD_PROCESS_ERROR(nRetCode, KGD_ERROR_NOT_SUPPORT), at line 1467 in (0x0x9624ff0)->_LoadTable()
20240624-214017<DEBUG:0xf739c700>: [KGD] (0x0x9624ff0)->_LoadTable("playerfightteam")
20240624-214017<INFO :0xf739c700>: [KG_Goddess] Initializing role statistic ...
20240624-214017<INFO :0xf739c700>: [RoleStatistic] listen 127.0.0.1 : 6001 result=1
20240624-214017<INFO :0xf739c700>: [RoleStatistic] Listening at 127.0.0.1:6001
20240624-214017<INFO :0xf739c700>: [KG_Goddess] Initializing server manager ...
20240624-214017<INFO :0xf739c700>: [ServerManager] Listening at 127.0.0.1:5001
20240624-214017<INFO :0xf739c700>: [KG_Goddess] Started successful
20240624-214020<INFO :0xf6710b40>: [ServerManager] RemoteServer from (127.0.0.1:42522) connect ok
20240624-214020<INFO :0xf6710b40>: [ServerManager] Accept from (127.0.0.1:42522) SocketStream = 0xf5e00528
20240624-214020<INFO :0xf6710b40>: [[Group 1 Server 00]] Server 0 created ok!
20240624-214020<INFO :0xf5dffb40>: [Group 1 Server 00] Started, service for 127.0.0.1:42522
20240624-214020<INFO :0xf5dffb40>: [KGD] Mysql info: client[5.1.69] host[Localhost via UNIX socket] server[5.5.64-MariaDB]
20240624-214020<DEBUG:0xf5dffb40>: [KGD] KGD_PROCESS_ERROR(nRetCode, KGD_ERROR_NOT_SUPPORT), at line 1467 in (0x0xf5400470)->_LoadTable()
20240624-214020<DEBUG:0xf5dffb40>: [KGD] (0x0xf5400470)->_LoadTable("fightteam")
20240624-214020<DEBUG:0xf5dffb40>: [KGD] KGD_PROCESS_ERROR(nRetCode, KGD_ERROR_NOT_SUPPORT), at line 1467 in (0x0xf5400470)->_LoadTable()
20240624-214020<DEBUG:0xf5dffb40>: [KGD] (0x0xf5400470)->_LoadTable("playerfightteam")
20240624-214020<DEBUG:0xf5dffb40>: [KGD] Success connect to localhost:3306, character set switch to latin1
20240624-214040<DEBUG:0xf5dffb40>: [Group 1 Server 00] Enter _ping(time=100505)
20240624-214050<INFO :0xf6710b40>: [ServerManager] RemoteServer from (127.0.0.1:43248) connect ok
20240624-214050<INFO :0xf6710b40>: [ServerManager] Accept from (127.0.0.1:43248) SocketStream = 0xf5e00a30
20240624-214050<INFO :0xf6710b40>: [[Group 1 Server 01]] Server 1 created ok!
20240624-214050<INFO :0xf53ffb40>: [Group 1 Server 01] Started, service for 127.0.0.1:43248
20240624-214050<INFO :0xf53ffb40>: [KGD] Mysql info: client[5.1.69] host[Localhost via UNIX socket] server[5.5.64-MariaDB]
20240624-214050<DEBUG:0xf53ffb40>: [KGD] KGD_PROCESS_ERROR(nRetCode, KGD_ERROR_NOT_SUPPORT), at line 1467 in (0x0xf4a00470)->_LoadTable()
20240624-214050<DEBUG:0xf53ffb40>: [KGD] (0x0xf4a00470)->_LoadTable("fightteam")
20240624-214050<DEBUG:0xf53ffb40>: [KGD] KGD_PROCESS_ERROR(nRetCode, KGD_ERROR_NOT_SUPPORT), at line 1467 in (0x0xf4a00470)->_LoadTable()
20240624-214050<DEBUG:0xf53ffb40>: [KGD] (0x0xf4a00470)->_LoadTable("playerfightteam")
20240624-214050<DEBUG:0xf53ffb40>: [KGD] Success connect to localhost:3306, character set switch to latin1
20240624-214050<INFO :0xf53ffb40>: [verify_up2date] GetUp2dateVersion: code=8DA68FCD
20240624-214050<DEBUG:0xf53ffb40>: [Group 1 Server 01] Enter _query_statistic_info()
20240624-214050<DEBUG:0xf53ffb40>: KGLOG_PROCESS_ERROR(piStatistic) at line 2088 in _query_statistic_info
20240624-214050<DEBUG:0xf53ffb40>: [Group 1 Server 01] Leave _query_statistic_info() size =0 ret=0
20240624-214058<INFO :0xf5dffb40>: [Group 1 Server 00] Query roles list of account "kan"
20240624-214058<DEBUG:0xf5dffb40>: [Group 1 Server 00] Leave _query_role_list(kan) uRoleCount=0 nResult=1
20240624-214112<INFO :0xf5dffb40>: [Group 1 Server 00] { kan } Create role "Jx2iiTieuKan"
20240624-214112<DEBUG:0xf5dffb40>: [Group 1 Server 00] Leave _create_role(kan.Jx2iiTieuKan) nResult=1
20240624-214116<DEBUG:0xf53ffb40>: [ServerManager] Role "Jx2iiTieuKan" locked by Server 01
20240624-214116<DEBUG:0xf53ffb40>: [Group 1 Server 01] Leave _lock_or_unlock_role(Role=Jx2iiTieuKan, Lock=1) nResult=1
20240624-214132<DEBUG:0xf53ffb40>: [ServerManager] Role "Jx2iiTieuKan" unlocked by Server 1
20240624-214132<INFO :0xf53ffb40>: [Group 1 Server 01] Save role end [kan].[Jx2iiTieuKan], LeaveFlag = 1 nResult=1
20240624-214133<DEBUG:0xf5dffb40>: [Group 1 Server 00] Enter _ping(time=153435)
20240624-214133<INFO :0xf5dffb40>: [Group 1 Server 00] Query roles list of account "kan"
20240624-214133<DEBUG:0xf5dffb40>: [Group 1 Server 00] Leave _query_role_list(kan) uRoleCount=1 nResult=1
20240624-214135<INFO :0xf5dffb40>: [Group 1 Server 00] Get role "Jx2iiTieuKan" nResult=1
20240624-214138<DEBUG:0xf53ffb40>: [ServerManager] Role "Jx2iiTieuKan" locked by Server 01
20240624-214138<DEBUG:0xf53ffb40>: [Group 1 Server 01] Leave _lock_or_unlock_role(Role=Jx2iiTieuKan, Lock=1) nResult=1
20240624-214155<DEBUG:0xf5dffb40>: [Group 1 Server 00] Enter _ping(time=176129)
20240624-214208<DEBUG:0xf53ffb40>: [Group 1 Server 01] Enter _ping(time=188384)
20240624-214215<DEBUG:0xf5dffb40>: [Group 1 Server 00] Enter _ping(time=196133)
20240624-214235<DEBUG:0xf5dffb40>: [Group 1 Server 00] Enter _ping(time=216158)
20240624-214238<DEBUG:0xf53ffb40>: [Group 1 Server 01] Enter _ping(time=218427)
20240624-214256<DEBUG:0xf5dffb40>: [Group 1 Server 00] Enter _ping(time=236197)
20240624-214308<DEBUG:0xf53ffb40>: [Group 1 Server 01] Enter _ping(time=248459)
20240624-214316<DEBUG:0xf5dffb40>: [Group 1 Server 00] Enter _ping(time=256255)
20240624-214336<DEBUG:0xf5dffb40>: [Group 1 Server 00] Enter _ping(time=276271)
20240624-214338<DEBUG:0xf53ffb40>: [Group 1 Server 01] Enter _ping(time=278483)
20240624-214342<INFO :0xf53ffb40>: [Group 1 Server 01] Save role end [kan].[Jx2iiTieuKan], LeaveFlag = 0 nResult=1
20240624-214343<INFO :0xf53ffb40>: [Group 1 Server 01] Save role end [kan].[Jx2iiTieuKan], LeaveFlag = 0 nResult=1
20240624-214356<DEBUG:0xf5dffb40>: [Group 1 Server 00] Enter _ping(time=296315)
20240624-214413<DEBUG:0xf53ffb40>: [Group 1 Server 01] Enter _ping(time=313391)
20240624-214416<DEBUG:0xf5dffb40>: [Group 1 Server 00] Enter _ping(time=316344)
20240624-214436<DEBUG:0xf5dffb40>: [Group 1 Server 00] Enter _ping(time=336371)
20240624-214443<DEBUG:0xf53ffb40>: [Group 1 Server 01] Enter _ping(time=343422)
20240624-214456<DEBUG:0xf5dffb40>: [Group 1 Server 00] Enter _ping(time=356419)
20240624-214513<DEBUG:0xf53ffb40>: [Group 1 Server 01] Enter _ping(time=373400)
20240624-214516<DEBUG:0xf5dffb40>: [Group 1 Server 00] Enter _ping(time=376442)
20240624-214536<DEBUG:0xf5dffb40>: [Group 1 Server 00] Enter _ping(time=396441)
20240624-214543<DEBUG:0xf53ffb40>: [Group 1 Server 01] Enter _ping(time=403433)
20240624-214556<DEBUG:0xf5dffb40>: [Group 1 Server 00] Enter _ping(time=416456)
20240624-214613<DEBUG:0xf53ffb40>: [Group 1 Server 01] Enter _ping(time=433492)
20240624-214616<DEBUG:0xf5dffb40>: [Group 1 Server 00] Enter _ping(time=436497)
20240624-214636<DEBUG:0xf5dffb40>: [Group 1 Server 00] Enter _ping(time=456537)
20240624-214643<DEBUG:0xf53ffb40>: [Group 1 Server 01] Enter _ping(time=463745)
20240624-214656<DEBUG:0xf5dffb40>: [Group 1 Server 00] Enter _ping(time=476543)
20240624-214713<DEBUG:0xf53ffb40>: [Group 1 Server 01] Enter _ping(time=493804)
20240624-214716<DEBUG:0xf5dffb40>: [Group 1 Server 00] Enter _ping(time=496556)
20240624-214736<DEBUG:0xf5dffb40>: [Group 1 Server 00] Enter _ping(time=516567)
20240624-214743<DEBUG:0xf53ffb40>: [Group 1 Server 01] Enter _ping(time=523851)
20240624-214756<DEBUG:0xf5dffb40>: [Group 1 Server 00] Enter _ping(time=536571)
