ChangeLogFile: FirstWrite=1, CurrentLine=0/65536 LastTime=1900-1-0 0:0:0
20240624-220721<INFO :0xf73cf700>: [KG_Goddess] Loading KG_Goddess.ini
20240624-220721<INFO :0xf73cf700>: [verify_up2date]...
20240624-220721<INFO :0xf73cf700>: >Current lang is [gb18030]
20240624-220721<INFO :0xf73cf700>: >Welcome to use [verify_up2date](version: 2.3.4 [2018-02-25]) tool. 
20240624-220721<INFO :0xf73cf700>: >Time duration: 13.740971ms 
20240624-220721<INFO :0xf73cf700>: >
20240624-220721<INFO :0xf73cf700>: >Finish, my exit code is: 0
20240624-220721<INFO :0xf73cf700>: |shell cmd result is 0
20240624-220721<INFO :0xf73cf700>: ExecShellCmd [./verify_up2date -op=vef -d="." ] ret=0
20240624-220721<INFO :0xf73cf700>: [verify_up2date] ok
20240624-220721<INFO :0xf73cf700>: [Goddess][Version:Aug 22 2014 15:43:09] Begin to start ... ...
20240624-220721<INFO :0xf73cf700>: [KG_Goddess] Set log level ... ... KGLOG_UPTO(KGLOG_DEBUG)
20240624-220721<INFO :0xf73cf700>: [KG_Goddess] Loaded KG_Angel, version 2.5
20240624-220721<INFO :0xf73cf700>: [KG_Goddess] Initializing role database ...
20240624-220721<INFO :0xf73cf700>: [KGD] Mysql info: client[5.1.69] host[Localhost via UNIX socket] server[5.5.64-MariaDB]
20240624-220721<DEBUG:0xf73cf700>: [KGD] Success connect to localhost:3306, character set switch to latin1
20240624-220721<DEBUG:0xf73cf700>: [KGD] KGD_PROCESS_ERROR(nRetCode, KGD_ERROR_NOT_SUPPORT), at line 1467 in (0x0x8b0fff0)->_LoadTable()
20240624-220721<DEBUG:0xf73cf700>: [KGD] (0x0x8b0fff0)->_LoadTable("fightteam")
20240624-220721<DEBUG:0xf73cf700>: [KGD] KGD_PROCESS_ERROR(nRetCode, KGD_ERROR_NOT_SUPPORT), at line 1467 in (0x0x8b0fff0)->_LoadTable()
20240624-220721<DEBUG:0xf73cf700>: [KGD] (0x0x8b0fff0)->_LoadTable("playerfightteam")
20240624-220721<INFO :0xf73cf700>: [KG_Goddess] Initializing role statistic ...
20240624-220721<INFO :0xf73cf700>: [RoleStatistic] listen 127.0.0.1 : 6001 result=1
20240624-220721<INFO :0xf73cf700>: [RoleStatistic] Listening at 127.0.0.1:6001
20240624-220721<INFO :0xf73cf700>: [KG_Goddess] Initializing server manager ...
20240624-220721<INFO :0xf73cf700>: [ServerManager] Listening at 127.0.0.1:5001
20240624-220721<INFO :0xf73cf700>: [KG_Goddess] Started successful
20240624-220724<INFO :0xf6743b40>: [ServerManager] RemoteServer from (127.0.0.1:51418) connect ok
20240624-220724<INFO :0xf6743b40>: [ServerManager] Accept from (127.0.0.1:51418) SocketStream = 0xf5e00528
20240624-220724<INFO :0xf6743b40>: [[Group 1 Server 00]] Server 0 created ok!
20240624-220724<INFO :0xf5dffb40>: [Group 1 Server 00] Started, service for 127.0.0.1:51418
20240624-220724<INFO :0xf5dffb40>: [KGD] Mysql info: client[5.1.69] host[Localhost via UNIX socket] server[5.5.64-MariaDB]
20240624-220724<DEBUG:0xf5dffb40>: [KGD] KGD_PROCESS_ERROR(nRetCode, KGD_ERROR_NOT_SUPPORT), at line 1467 in (0x0xf5400470)->_LoadTable()
20240624-220724<DEBUG:0xf5dffb40>: [KGD] (0x0xf5400470)->_LoadTable("fightteam")
20240624-220724<DEBUG:0xf5dffb40>: [KGD] KGD_PROCESS_ERROR(nRetCode, KGD_ERROR_NOT_SUPPORT), at line 1467 in (0x0xf5400470)->_LoadTable()
20240624-220724<DEBUG:0xf5dffb40>: [KGD] (0x0xf5400470)->_LoadTable("playerfightteam")
20240624-220724<DEBUG:0xf5dffb40>: [KGD] Success connect to localhost:3306, character set switch to latin1
20240624-220745<DEBUG:0xf5dffb40>: [Group 1 Server 00] Enter _ping(time=72863)
20240624-220756<INFO :0xf6743b40>: [ServerManager] RemoteServer from (127.0.0.1:58871) connect ok
20240624-220756<INFO :0xf6743b40>: [ServerManager] Accept from (127.0.0.1:58871) SocketStream = 0xf5e00a30
20240624-220756<INFO :0xf6743b40>: [[Group 1 Server 01]] Server 1 created ok!
20240624-220756<INFO :0xf53ffb40>: [Group 1 Server 01] Started, service for 127.0.0.1:58871
20240624-220756<INFO :0xf53ffb40>: [KGD] Mysql info: client[5.1.69] host[Localhost via UNIX socket] server[5.5.64-MariaDB]
20240624-220756<DEBUG:0xf53ffb40>: [KGD] KGD_PROCESS_ERROR(nRetCode, KGD_ERROR_NOT_SUPPORT), at line 1467 in (0x0xf4a00470)->_LoadTable()
20240624-220756<DEBUG:0xf53ffb40>: [KGD] (0x0xf4a00470)->_LoadTable("fightteam")
20240624-220756<DEBUG:0xf53ffb40>: [KGD] KGD_PROCESS_ERROR(nRetCode, KGD_ERROR_NOT_SUPPORT), at line 1467 in (0x0xf4a00470)->_LoadTable()
20240624-220756<DEBUG:0xf53ffb40>: [KGD] (0x0xf4a00470)->_LoadTable("playerfightteam")
20240624-220756<DEBUG:0xf53ffb40>: [KGD] Success connect to localhost:3306, character set switch to latin1
20240624-220756<INFO :0xf53ffb40>: [verify_up2date] GetUp2dateVersion: code=8DA68FCD
20240624-220757<DEBUG:0xf53ffb40>: [Group 1 Server 01] Enter _query_statistic_info()
20240624-220757<DEBUG:0xf53ffb40>: KGLOG_PROCESS_ERROR(piStatistic) at line 2088 in _query_statistic_info
20240624-220757<DEBUG:0xf53ffb40>: [Group 1 Server 01] Leave _query_statistic_info() size =0 ret=0
20240624-220805<DEBUG:0xf5dffb40>: [Group 1 Server 00] Enter _ping(time=92910)
20240624-220825<DEBUG:0xf5dffb40>: [Group 1 Server 00] Enter _ping(time=112921)
20240624-220826<DEBUG:0xf53ffb40>: [Group 1 Server 01] Enter _ping(time=114656)
20240624-220845<DEBUG:0xf5dffb40>: [Group 1 Server 00] Enter _ping(time=132949)
20240624-220856<DEBUG:0xf53ffb40>: [Group 1 Server 01] Enter _ping(time=144623)
20240624-220905<DEBUG:0xf5dffb40>: [Group 1 Server 00] Enter _ping(time=152995)
20240624-220925<DEBUG:0xf5dffb40>: [Group 1 Server 00] Enter _ping(time=173024)
20240624-220926<DEBUG:0xf53ffb40>: [Group 1 Server 01] Enter _ping(time=174570)
20240624-220945<DEBUG:0xf5dffb40>: [Group 1 Server 00] Enter _ping(time=193066)
20240624-220956<DEBUG:0xf53ffb40>: [Group 1 Server 01] Enter _ping(time=204536)
20240624-221005<DEBUG:0xf5dffb40>: [Group 1 Server 00] Enter _ping(time=213105)
20240624-221006<INFO :0xf5dffb40>: [Group 1 Server 00] Query roles list of account "kan"
20240624-221006<DEBUG:0xf5dffb40>: [Group 1 Server 00] Leave _query_role_list(kan) uRoleCount=1 nResult=1
20240624-221016<INFO :0xf5dffb40>: [Group 1 Server 00] Get role "Jx2iiTieuKan" nResult=1
20240624-221018<DEBUG:0xf53ffb40>: [ServerManager] Role "Jx2iiTieuKan" locked by Server 01
20240624-221018<DEBUG:0xf53ffb40>: [Group 1 Server 01] Leave _lock_or_unlock_role(Role=Jx2iiTieuKan, Lock=1) nResult=1
20240624-221036<DEBUG:0xf5dffb40>: [Group 1 Server 00] Enter _ping(time=243899)
20240624-221047<DEBUG:0xf53ffb40>: [Group 1 Server 01] Enter _ping(time=255505)
20240624-221056<DEBUG:0xf5dffb40>: [Group 1 Server 00] Enter _ping(time=263913)
20240624-221116<DEBUG:0xf5dffb40>: [Group 1 Server 00] Enter _ping(time=283922)
20240624-221118<DEBUG:0xf53ffb40>: [Group 1 Server 01] Enter _ping(time=285554)
20240624-221136<DEBUG:0xf5dffb40>: [Group 1 Server 00] Enter _ping(time=303959)
20240624-221148<DEBUG:0xf53ffb40>: [Group 1 Server 01] Enter _ping(time=315596)
20240624-221156<DEBUG:0xf5dffb40>: [Group 1 Server 00] Enter _ping(time=324010)
20240624-221216<DEBUG:0xf5dffb40>: [Group 1 Server 00] Enter _ping(time=344048)
20240624-221218<DEBUG:0xf53ffb40>: [Group 1 Server 01] Enter _ping(time=345646)
20240624-221236<DEBUG:0xf5dffb40>: [Group 1 Server 00] Enter _ping(time=364068)
20240624-221248<DEBUG:0xf53ffb40>: [Group 1 Server 01] Enter _ping(time=375693)
20240624-221256<DEBUG:0xf5dffb40>: [Group 1 Server 00] Enter _ping(time=384084)
20240624-221316<DEBUG:0xf5dffb40>: [Group 1 Server 00] Enter _ping(time=404122)
20240624-221318<DEBUG:0xf53ffb40>: [Group 1 Server 01] Enter _ping(time=405744)
20240624-221336<DEBUG:0xf5dffb40>: [Group 1 Server 00] Enter _ping(time=424137)
20240624-221348<DEBUG:0xf53ffb40>: [Group 1 Server 01] Enter _ping(time=435806)
20240624-221356<DEBUG:0xf5dffb40>: [Group 1 Server 00] Enter _ping(time=444165)
20240624-221416<DEBUG:0xf5dffb40>: [Group 1 Server 00] Enter _ping(time=464178)
20240624-221418<DEBUG:0xf53ffb40>: [Group 1 Server 01] Enter _ping(time=465952)
20240624-221436<DEBUG:0xf5dffb40>: [Group 1 Server 00] Enter _ping(time=484230)
20240624-221448<DEBUG:0xf53ffb40>: [Group 1 Server 01] Enter _ping(time=496003)
20240624-221456<DEBUG:0xf5dffb40>: [Group 1 Server 00] Enter _ping(time=504233)
20240624-221516<DEBUG:0xf5dffb40>: [Group 1 Server 00] Enter _ping(time=524261)
20240624-221518<DEBUG:0xf53ffb40>: [Group 1 Server 01] Enter _ping(time=526063)
20240624-221536<DEBUG:0xf5dffb40>: [Group 1 Server 00] Enter _ping(time=544281)
20240624-221548<DEBUG:0xf53ffb40>: [Group 1 Server 01] Enter _ping(time=556118)
20240624-221556<DEBUG:0xf5dffb40>: [Group 1 Server 00] Enter _ping(time=564293)
20240624-221558<DEBUG:0xf53ffb40>: [ServerManager] Role "Jx2iiTieuKan" unlocked by Server 1
20240624-221558<INFO :0xf53ffb40>: [Group 1 Server 01] Save role end [kan].[Jx2iiTieuKan], LeaveFlag = 1 nResult=1
20240624-221600<INFO :0xf5dffb40>: [Group 1 Server 00] Query roles list of account "kan"
20240624-221600<DEBUG:0xf5dffb40>: [Group 1 Server 00] Leave _query_role_list(kan) uRoleCount=1 nResult=1
20240624-221602<INFO :0xf5dffb40>: [Group 1 Server 00] Get role "Jx2iiTieuKan" nResult=1
20240624-221604<DEBUG:0xf53ffb40>: [ServerManager] Role "Jx2iiTieuKan" locked by Server 01
20240624-221604<DEBUG:0xf53ffb40>: [Group 1 Server 01] Leave _lock_or_unlock_role(Role=Jx2iiTieuKan, Lock=1) nResult=1
20240624-221622<DEBUG:0xf5dffb40>: [Group 1 Server 00] Enter _ping(time=590002)
20240624-221634<DEBUG:0xf53ffb40>: [Group 1 Server 01] Enter _ping(time=602285)
20240624-221642<DEBUG:0xf5dffb40>: [Group 1 Server 00] Enter _ping(time=610001)
20240624-221702<DEBUG:0xf5dffb40>: [Group 1 Server 00] Enter _ping(time=630017)
20240624-221704<DEBUG:0xf53ffb40>: [Group 1 Server 01] Enter _ping(time=632353)
20240624-221722<DEBUG:0xf5dffb40>: [Group 1 Server 00] Enter _ping(time=650029)
20240624-221734<DEBUG:0xf53ffb40>: [Group 1 Server 01] Enter _ping(time=662404)
20240624-221742<DEBUG:0xf5dffb40>: [Group 1 Server 00] Enter _ping(time=670054)
20240624-221802<DEBUG:0xf5dffb40>: [Group 1 Server 00] Enter _ping(time=690063)
20240624-221804<DEBUG:0xf53ffb40>: [Group 1 Server 01] Enter _ping(time=692454)
20240624-221822<DEBUG:0xf5dffb40>: [Group 1 Server 00] Enter _ping(time=710067)
20240624-221834<DEBUG:0xf53ffb40>: [Group 1 Server 01] Enter _ping(time=722511)
20240624-221842<DEBUG:0xf5dffb40>: [Group 1 Server 00] Enter _ping(time=730081)
20240624-221902<DEBUG:0xf5dffb40>: [Group 1 Server 00] Enter _ping(time=750091)
20240624-221904<DEBUG:0xf53ffb40>: [Group 1 Server 01] Enter _ping(time=752570)
20240624-221922<DEBUG:0xf5dffb40>: [Group 1 Server 00] Enter _ping(time=770123)
20240624-221935<DEBUG:0xf53ffb40>: [Group 1 Server 01] Enter _ping(time=782620)
20240624-221942<DEBUG:0xf5dffb40>: [Group 1 Server 00] Enter _ping(time=790123)
20240624-222002<DEBUG:0xf5dffb40>: [Group 1 Server 00] Enter _ping(time=810137)
20240624-222005<DEBUG:0xf53ffb40>: [Group 1 Server 01] Enter _ping(time=812677)
20240624-222022<DEBUG:0xf5dffb40>: [Group 1 Server 00] Enter _ping(time=830145)
20240624-222035<DEBUG:0xf53ffb40>: [Group 1 Server 01] Enter _ping(time=842730)
20240624-222042<DEBUG:0xf5dffb40>: [Group 1 Server 00] Enter _ping(time=850154)
20240624-222102<DEBUG:0xf5dffb40>: [Group 1 Server 00] Enter _ping(time=870161)
20240624-222105<DEBUG:0xf53ffb40>: [Group 1 Server 01] Enter _ping(time=872791)
20240624-222122<DEBUG:0xf5dffb40>: [Group 1 Server 00] Enter _ping(time=890179)
20240624-222135<DEBUG:0xf53ffb40>: [Group 1 Server 01] Enter _ping(time=902839)
20240624-222142<DEBUG:0xf5dffb40>: [Group 1 Server 00] Enter _ping(time=910192)
20240624-222147<INFO :0xf53ffb40>: [Group 1 Server 01] Save role end [kan].[Jx2iiTieuKan], LeaveFlag = 0 nResult=1
20240624-222148<INFO :0xf53ffb40>: [Group 1 Server 01] Save role end [kan].[Jx2iiTieuKan], LeaveFlag = 0 nResult=1
20240624-222148<INFO :0xf53ffb40>: [Group 1 Server 01] Save role end [kan].[Jx2iiTieuKan], LeaveFlag = 0 nResult=1
20240624-222149<INFO :0xf53ffb40>: [Group 1 Server 01] Save role end [kan].[Jx2iiTieuKan], LeaveFlag = 0 nResult=1
20240624-222149<INFO :0xf53ffb40>: [Group 1 Server 01] Save role end [kan].[Jx2iiTieuKan], LeaveFlag = 0 nResult=1
20240624-222149<INFO :0xf53ffb40>: [Group 1 Server 01] Save role end [kan].[Jx2iiTieuKan], LeaveFlag = 0 nResult=1
20240624-222150<INFO :0xf53ffb40>: [Group 1 Server 01] Save role end [kan].[Jx2iiTieuKan], LeaveFlag = 0 nResult=1
20240624-222150<INFO :0xf53ffb40>: [Group 1 Server 01] Save role end [kan].[Jx2iiTieuKan], LeaveFlag = 0 nResult=1
20240624-222150<INFO :0xf53ffb40>: [Group 1 Server 01] Save role end [kan].[Jx2iiTieuKan], LeaveFlag = 0 nResult=1
20240624-222151<INFO :0xf53ffb40>: [Group 1 Server 01] Save role end [kan].[Jx2iiTieuKan], LeaveFlag = 0 nResult=1
20240624-222151<INFO :0xf53ffb40>: [Group 1 Server 01] Save role end [kan].[Jx2iiTieuKan], LeaveFlag = 0 nResult=1
20240624-222151<INFO :0xf53ffb40>: [Group 1 Server 01] Save role end [kan].[Jx2iiTieuKan], LeaveFlag = 0 nResult=1
20240624-222152<INFO :0xf53ffb40>: [Group 1 Server 01] Save role end [kan].[Jx2iiTieuKan], LeaveFlag = 0 nResult=1
20240624-222152<INFO :0xf53ffb40>: [Group 1 Server 01] Save role end [kan].[Jx2iiTieuKan], LeaveFlag = 0 nResult=1
20240624-222152<INFO :0xf53ffb40>: [Group 1 Server 01] Save role end [kan].[Jx2iiTieuKan], LeaveFlag = 0 nResult=1
20240624-222202<DEBUG:0xf5dffb40>: [Group 1 Server 00] Enter _ping(time=930189)
20240624-222222<DEBUG:0xf5dffb40>: [Group 1 Server 00] Enter _ping(time=950204)
20240624-222222<DEBUG:0xf53ffb40>: [Group 1 Server 01] Enter _ping(time=950392)
20240624-222242<DEBUG:0xf5dffb40>: [Group 1 Server 00] Enter _ping(time=970204)
20240624-222252<DEBUG:0xf53ffb40>: [Group 1 Server 01] Enter _ping(time=980451)
20240624-222302<DEBUG:0xf5dffb40>: [Group 1 Server 00] Enter _ping(time=990233)
20240624-222322<DEBUG:0xf5dffb40>: [Group 1 Server 00] Enter _ping(time=1010232)
20240624-222322<DEBUG:0xf53ffb40>: [Group 1 Server 01] Enter _ping(time=1010506)
20240624-222342<DEBUG:0xf5dffb40>: [Group 1 Server 00] Enter _ping(time=1030241)
20240624-222352<DEBUG:0xf53ffb40>: [Group 1 Server 01] Enter _ping(time=1040558)
20240624-222402<DEBUG:0xf5dffb40>: [Group 1 Server 00] Enter _ping(time=1050291)
20240624-222422<DEBUG:0xf5dffb40>: [Group 1 Server 00] Enter _ping(time=1070306)
20240624-222423<DEBUG:0xf53ffb40>: [Group 1 Server 01] Enter _ping(time=1070614)
20240624-222442<DEBUG:0xf5dffb40>: [Group 1 Server 00] Enter _ping(time=1090351)
20240624-222453<DEBUG:0xf53ffb40>: [Group 1 Server 01] Enter _ping(time=1100676)
20240624-222502<DEBUG:0xf5dffb40>: [Group 1 Server 00] Enter _ping(time=1110345)
20240624-222522<DEBUG:0xf5dffb40>: [Group 1 Server 00] Enter _ping(time=1130387)
20240624-222523<DEBUG:0xf53ffb40>: [Group 1 Server 01] Enter _ping(time=1130735)
20240624-222542<DEBUG:0xf5dffb40>: [Group 1 Server 00] Enter _ping(time=1150419)
20240624-222553<DEBUG:0xf53ffb40>: [Group 1 Server 01] Enter _ping(time=1160778)
20240624-222602<DEBUG:0xf5dffb40>: [Group 1 Server 00] Enter _ping(time=1170452)
20240624-222622<DEBUG:0xf5dffb40>: [Group 1 Server 00] Enter _ping(time=1190487)
20240624-222623<DEBUG:0xf53ffb40>: [Group 1 Server 01] Enter _ping(time=1190841)
20240624-222642<DEBUG:0xf5dffb40>: [Group 1 Server 00] Enter _ping(time=1210488)
20240624-222649<DEBUG:0xf53ffb40>: [ServerManager] Role "Jx2iiTieuKan" unlocked by Server 1
20240624-222649<INFO :0xf53ffb40>: [Group 1 Server 01] Save role end [kan].[Jx2iiTieuKan], LeaveFlag = 1 nResult=1
20240624-222651<INFO :0xf5dffb40>: [Group 1 Server 00] Query roles list of account "kan"
20240624-222651<DEBUG:0xf5dffb40>: [Group 1 Server 00] Leave _query_role_list(kan) uRoleCount=1 nResult=1
20240624-222653<INFO :0xf5dffb40>: [Group 1 Server 00] Get role "Jx2iiTieuKan" nResult=1
20240624-222655<DEBUG:0xf53ffb40>: [ServerManager] Role "Jx2iiTieuKan" locked by Server 01
20240624-222655<DEBUG:0xf53ffb40>: [Group 1 Server 01] Leave _lock_or_unlock_role(Role=Jx2iiTieuKan, Lock=1) nResult=1
20240624-222713<DEBUG:0xf5dffb40>: [Group 1 Server 00] Enter _ping(time=1241360)
20240624-222725<DEBUG:0xf53ffb40>: [Group 1 Server 01] Enter _ping(time=1252839)
20240624-222733<DEBUG:0xf5dffb40>: [Group 1 Server 00] Enter _ping(time=1261400)
20240624-222753<DEBUG:0xf5dffb40>: [Group 1 Server 00] Enter _ping(time=1281414)
20240624-222755<DEBUG:0xf53ffb40>: [Group 1 Server 01] Enter _ping(time=1282889)
20240624-222813<DEBUG:0xf5dffb40>: [Group 1 Server 00] Enter _ping(time=1301463)
20240624-222825<DEBUG:0xf53ffb40>: [Group 1 Server 01] Enter _ping(time=1312945)
20240624-222833<DEBUG:0xf5dffb40>: [Group 1 Server 00] Enter _ping(time=1321487)
20240624-222853<DEBUG:0xf5dffb40>: [Group 1 Server 00] Enter _ping(time=1341510)
20240624-222855<DEBUG:0xf53ffb40>: [Group 1 Server 01] Enter _ping(time=1343010)
20240624-222913<DEBUG:0xf5dffb40>: [Group 1 Server 00] Enter _ping(time=1361528)
20240624-222925<DEBUG:0xf53ffb40>: [Group 1 Server 01] Enter _ping(time=1373065)
20240624-222933<DEBUG:0xf5dffb40>: [Group 1 Server 00] Enter _ping(time=1381548)
20240624-222953<DEBUG:0xf5dffb40>: [Group 1 Server 00] Enter _ping(time=1401581)
20240624-222955<DEBUG:0xf53ffb40>: [Group 1 Server 01] Enter _ping(time=1403121)
20240624-223014<DEBUG:0xf5dffb40>: [Group 1 Server 00] Enter _ping(time=1421628)
20240624-223025<DEBUG:0xf53ffb40>: [Group 1 Server 01] Enter _ping(time=1433176)
20240624-223034<DEBUG:0xf5dffb40>: [Group 1 Server 00] Enter _ping(time=1441667)
20240624-223054<DEBUG:0xf5dffb40>: [Group 1 Server 00] Enter _ping(time=1461689)
20240624-223055<DEBUG:0xf53ffb40>: [Group 1 Server 01] Enter _ping(time=1463224)
20240624-223114<DEBUG:0xf5dffb40>: [Group 1 Server 00] Enter _ping(time=1481723)
20240624-223125<DEBUG:0xf53ffb40>: [Group 1 Server 01] Enter _ping(time=1493279)
