ChangeLogFile: FirstWrite=1, CurrentLine=0/65536 LastTime=1900-1-0 0:0:0
20200107-183154<INFO :0xf7408700>: [verify_up2date]...
20200107-183154<INFO :0xf7408700>: >Current lang is [gb18030]
20200107-183154<INFO :0xf7408700>: >Welcome to use [verify_up2date](version: 2.3.4 [2018-02-25]) tool. 
20200107-183154<INFO :0xf7408700>: >Time duration: 18.762547ms 
20200107-183154<INFO :0xf7408700>: >
20200107-183154<INFO :0xf7408700>: >Finish, my exit code is: 0
20200107-183154<INFO :0xf7408700>: |shell cmd result is 0
20200107-183154<INFO :0xf7408700>: ExecShellCmd [./verify_up2date -op=vef -d="/home/server/gw/Relay" ] ret=0
20200107-183154<INFO :0xf7408700>: [verify_up2date] ok
20200107-183154<INFO :0xf7408700>: [Relay][Version:Nov 14 2014 15:55:12] Begin to start ... ...
20200107-183154<INFO :0xf7408700>: [KG_Relay] Set log level ... ... KGLOG_UPTO(KGLOG_DEBUG)
20200107-183154<INFO :0xf7408700>: [KG_Relay] Loading relay.ini
20200107-183154<INFO :0xf7408700>: Run without GMC!
20200107-183154<INFO :0xf7408700>: [KGD] Mysql info: client[5.1.69] host[Localhost via UNIX socket] server[5.5.64-MariaDB]
20200107-183154<DEBUG:0xf7408700>: [KGD] Success connect to localhost:3306, character set switch to latin1
20200107-183154<INFO :0xf7408700>: [KGD] Mysql info: client[5.1.69] host[Localhost via UNIX socket] server[5.5.64-MariaDB]
20200107-183154<DEBUG:0xf7408700>: [KGD] KGD_PROCESS_ERROR(nRetCode, KGD_ERROR_NOT_SUPPORT), at line 1467 in (0x0x898bee8)->_LoadTable()
20200107-183154<DEBUG:0xf7408700>: [KGD] (0x0x898bee8)->_LoadTable("fightteam")
20200107-183154<DEBUG:0xf7408700>: [KGD] KGD_PROCESS_ERROR(nRetCode, KGD_ERROR_NOT_SUPPORT), at line 1467 in (0x0x898bee8)->_LoadTable()
20200107-183154<DEBUG:0xf7408700>: [KGD] (0x0x898bee8)->_LoadTable("playerfightteam")
20200107-183154<DEBUG:0xf7408700>: [KGD] Success connect to localhost:3306, character set switch to latin1
20200107-183154<INFO :0xf70d6b40>: [KGD] Mysql info: client[5.1.69] host[Localhost via UNIX socket] server[5.5.64-MariaDB]
20200107-183154<INFO :0xf7408700>: [KGD] Mysql info: client[5.1.69] host[Localhost via UNIX socket] server[5.5.64-MariaDB]
20200107-183154<DEBUG:0xf70d6b40>: [KGD] KGD_PROCESS_ERROR(nRetCode, KGD_ERROR_NOT_SUPPORT), at line 1467 in (0x0xf6700470)->_LoadTable()
20200107-183154<DEBUG:0xf70d6b40>: [KGD] (0x0xf6700470)->_LoadTable("fightteam")
20200107-183154<DEBUG:0xf70d6b40>: [KGD] KGD_PROCESS_ERROR(nRetCode, KGD_ERROR_NOT_SUPPORT), at line 1467 in (0x0xf6700470)->_LoadTable()
20200107-183154<DEBUG:0xf70d6b40>: [KGD] (0x0xf6700470)->_LoadTable("playerfightteam")
20200107-183154<DEBUG:0xf70d6b40>: [KGD] Success connect to localhost:3306, character set switch to latin1
20200107-183154<DEBUG:0xf7408700>: [KGD] KGD_PROCESS_ERROR(nRetCode, KGD_ERROR_NOT_SUPPORT), at line 1467 in (0x0x89ba930)->_LoadTable()
20200107-183154<DEBUG:0xf7408700>: [KGD] (0x0x89ba930)->_LoadTable("fightteam")
20200107-183154<DEBUG:0xf7408700>: [KGD] KGD_PROCESS_ERROR(nRetCode, KGD_ERROR_NOT_SUPPORT), at line 1467 in (0x0x89ba930)->_LoadTable()
20200107-183154<DEBUG:0xf7408700>: [KGD] (0x0x89ba930)->_LoadTable("playerfightteam")
20200107-183154<DEBUG:0xf7408700>: [KGD] Success connect to localhost:3306, character set switch to latin1
20200107-183154<INFO :0xf66ffb40>: [KGD] Mysql info: client[5.1.69] host[Localhost via UNIX socket] server[5.5.64-MariaDB]
20200107-183154<INFO :0xf7408700>: [KGD] Mysql info: client[5.1.69] host[Localhost via UNIX socket] server[5.5.64-MariaDB]
20200107-183154<DEBUG:0xf7408700>: [KGD] KGD_PROCESS_ERROR(nRetCode, KGD_ERROR_NOT_SUPPORT), at line 1467 in (0x0x89b9520)->_LoadTable()
20200107-183154<DEBUG:0xf7408700>: [KGD] (0x0x89b9520)->_LoadTable("fightteam")
20200107-183154<DEBUG:0xf66ffb40>: [KGD] KGD_PROCESS_ERROR(nRetCode, KGD_ERROR_NOT_SUPPORT), at line 1467 in (0x0xf5d00470)->_LoadTable()
20200107-183154<DEBUG:0xf66ffb40>: [KGD] (0x0xf5d00470)->_LoadTable("fightteam")
20200107-183154<DEBUG:0xf7408700>: [KGD] KGD_PROCESS_ERROR(nRetCode, KGD_ERROR_NOT_SUPPORT), at line 1467 in (0x0x89b9520)->_LoadTable()
20200107-183154<DEBUG:0xf7408700>: [KGD] (0x0x89b9520)->_LoadTable("playerfightteam")
20200107-183154<DEBUG:0xf66ffb40>: [KGD] KGD_PROCESS_ERROR(nRetCode, KGD_ERROR_NOT_SUPPORT), at line 1467 in (0x0xf5d00470)->_LoadTable()
20200107-183154<DEBUG:0xf66ffb40>: [KGD] (0x0xf5d00470)->_LoadTable("playerfightteam")
20200107-183154<DEBUG:0xf7408700>: [KGD] Success connect to localhost:3306, character set switch to latin1
20200107-183154<DEBUG:0xf66ffb40>: [KGD] Success connect to localhost:3306, character set switch to latin1
20200107-183154<INFO :0xf7408700>: [KGD] Mysql info: client[5.1.69] host[Localhost via UNIX socket] server[5.5.64-MariaDB]
20200107-183154<INFO :0xf5cffb40>: [KGD] Mysql info: client[5.1.69] host[Localhost via UNIX socket] server[5.5.64-MariaDB]
20200107-183154<DEBUG:0xf7408700>: [KGD] KGD_PROCESS_ERROR(nRetCode, KGD_ERROR_NOT_SUPPORT), at line 1467 in (0x0x89cdae0)->_LoadTable()
20200107-183154<DEBUG:0xf7408700>: [KGD] (0x0x89cdae0)->_LoadTable("fightteam")
20200107-183154<DEBUG:0xf5cffb40>: [KGD] KGD_PROCESS_ERROR(nRetCode, KGD_ERROR_NOT_SUPPORT), at line 1467 in (0x0xf5300470)->_LoadTable()
20200107-183154<DEBUG:0xf7408700>: [KGD] KGD_PROCESS_ERROR(nRetCode, KGD_ERROR_NOT_SUPPORT), at line 1467 in (0x0x89cdae0)->_LoadTable()
20200107-183154<DEBUG:0xf5cffb40>: [KGD] (0x0xf5300470)->_LoadTable("fightteam")
20200107-183154<DEBUG:0xf7408700>: [KGD] (0x0x89cdae0)->_LoadTable("playerfightteam")
20200107-183154<DEBUG:0xf5cffb40>: [KGD] KGD_PROCESS_ERROR(nRetCode, KGD_ERROR_NOT_SUPPORT), at line 1467 in (0x0xf5300470)->_LoadTable()
20200107-183154<DEBUG:0xf5cffb40>: [KGD] (0x0xf5300470)->_LoadTable("playerfightteam")
20200107-183154<DEBUG:0xf7408700>: [KGD] Success connect to localhost:3306, character set switch to latin1
20200107-183154<DEBUG:0xf5cffb40>: [KGD] Success connect to localhost:3306, character set switch to latin1
20200107-183154<INFO :0xf52ffb40>: [KGD] Mysql info: client[5.1.69] host[Localhost via UNIX socket] server[5.5.64-MariaDB]
20200107-183154<DEBUG:0xf52ffb40>: [KGD] KGD_PROCESS_ERROR(nRetCode, KGD_ERROR_NOT_SUPPORT), at line 1467 in (0x0xf4900470)->_LoadTable()
20200107-183154<DEBUG:0xf52ffb40>: [KGD] (0x0xf4900470)->_LoadTable("fightteam")
20200107-183154<DEBUG:0xf52ffb40>: [KGD] KGD_PROCESS_ERROR(nRetCode, KGD_ERROR_NOT_SUPPORT), at line 1467 in (0x0xf4900470)->_LoadTable()
20200107-183154<DEBUG:0xf52ffb40>: [KGD] (0x0xf4900470)->_LoadTable("playerfightteam")
20200107-183154<DEBUG:0xf52ffb40>: [KGD] Success connect to localhost:3306, character set switch to latin1
20200107-183154<INFO :0xf7408700>: [KGD] Mysql info: client[5.1.69] host[Localhost via UNIX socket] server[5.5.64-MariaDB]
20200107-183154<DEBUG:0xf7408700>: [KGD] KGD_PROCESS_ERROR(nRetCode, KGD_ERROR_NOT_SUPPORT), at line 1467 in (0x0x89f0b00)->_LoadTable()
20200107-183154<DEBUG:0xf7408700>: [KGD] (0x0x89f0b00)->_LoadTable("fightteam")
20200107-183154<DEBUG:0xf7408700>: [KGD] KGD_PROCESS_ERROR(nRetCode, KGD_ERROR_NOT_SUPPORT), at line 1467 in (0x0x89f0b00)->_LoadTable()
20200107-183154<DEBUG:0xf7408700>: [KGD] (0x0x89f0b00)->_LoadTable("playerfightteam")
20200107-183154<DEBUG:0xf7408700>: [KGD] Success connect to localhost:3306, character set switch to latin1
20200107-183154<INFO :0xf7408700>: [KGD] Mysql info: client[5.1.69] host[Localhost via UNIX socket] server[5.5.64-MariaDB]
20200107-183154<DEBUG:0xf7408700>: [KGD] KGD_PROCESS_ERROR(nRetCode, KGD_ERROR_NOT_SUPPORT), at line 1467 in (0x0x8a16b98)->_LoadTable()
20200107-183154<DEBUG:0xf7408700>: [KGD] (0x0x8a16b98)->_LoadTable("fightteam")
20200107-183154<DEBUG:0xf7408700>: [KGD] KGD_PROCESS_ERROR(nRetCode, KGD_ERROR_NOT_SUPPORT), at line 1467 in (0x0x8a16b98)->_LoadTable()
20200107-183154<DEBUG:0xf7408700>: [KGD] (0x0x8a16b98)->_LoadTable("playerfightteam")
20200107-183154<DEBUG:0xf7408700>: [KGD] Success connect to localhost:3306, character set switch to latin1
20200107-183154<INFO :0xf48ffb40>: [KGD] Mysql info: client[5.1.69] host[Localhost via UNIX socket] server[5.5.64-MariaDB]
20200107-183154<DEBUG:0xf48ffb40>: [KGD] KGD_PROCESS_ERROR(nRetCode, KGD_ERROR_NOT_SUPPORT), at line 1467 in (0x0xf3f00470)->_LoadTable()
20200107-183154<DEBUG:0xf48ffb40>: [KGD] (0x0xf3f00470)->_LoadTable("fightteam")
20200107-183154<DEBUG:0xf48ffb40>: [KGD] KGD_PROCESS_ERROR(nRetCode, KGD_ERROR_NOT_SUPPORT), at line 1467 in (0x0xf3f00470)->_LoadTable()
20200107-183154<DEBUG:0xf48ffb40>: [KGD] (0x0xf3f00470)->_LoadTable("playerfightteam")
20200107-183154<DEBUG:0xf48ffb40>: [KGD] Success connect to localhost:3306, character set switch to latin1
20200107-183154<INFO :0xf7408700>: [KGD] Mysql info: client[5.1.69] host[Localhost via UNIX socket] server[5.5.64-MariaDB]
20200107-183154<DEBUG:0xf7408700>: [KGD] KGD_PROCESS_ERROR(nRetCode, KGD_ERROR_NOT_SUPPORT), at line 1467 in (0x0x8bd5ed0)->_LoadTable()
20200107-183154<DEBUG:0xf7408700>: [KGD] (0x0x8bd5ed0)->_LoadTable("fightteam")
20200107-183155<DEBUG:0xf7408700>: [KGD] KGD_PROCESS_ERROR(nRetCode, KGD_ERROR_NOT_SUPPORT), at line 1467 in (0x0x8bd5ed0)->_LoadTable()
20200107-183155<DEBUG:0xf7408700>: [KGD] (0x0x8bd5ed0)->_LoadTable("playerfightteam")
20200107-183155<DEBUG:0xf7408700>: [KGD] Success connect to localhost:3306, character set switch to latin1
20200107-183155<INFO :0xf7408700>: [MySQLDatabase] Connecting to `127.0.0.1`, database `jx2ib_database`...
20200107-183155<INFO :0xf7408700>: [MySQLDatabase] Connecting to `127.0.0.1`, database `jx2ib_database`...
20200107-183155<INFO :0xf7408700>: [RuntimeStat] ServerName=SONGLONG_GW FlushIntervalSec=300
20200107-183155<INFO :0xf7408700>: set runtime statistic result path is [runtime_stat_result/2020_01_07/stat_result_ksg_2020_01_07_@SONGLONG_GW.txt]
20200107-183155<WARN :0xf7408700>: [RuntimeDataStatRelay] FlushStat: File=runtime_stat_result/2020_01_07/stat_result_ksg_2020_01_07_@SONGLONG_GW.txt Count=376
20200107-183155<WARN :0xf7408700>: [RuntimeDataStatRelay] FlushStat: File=runtime_stat_result/2020_01_07/stat_result_vng_2020-01-07_@SONGLONG_GW.txt Count=1
20200107-183240<INFO :0xf7408700>: New connection from 127.0.0.7:16775, index = 0
20200107-183240<DEBUG:0xf7408700>: Send log info to gs(700007f) when connect ret=1
20200107-183240<INFO :0xf7408700>: New connection from 127.0.0.7:6349, index = 0
20200107-183241<INFO :0xf7408700>: New connection from 127.0.0.7:56029, index = 0
20200107-183241<INFO :0xf7408700>: [verify_up2date] GetUp2dateVersion: code=8DA68FCD
20200107-183241<ERROR:0xf7408700>: [KG_RelayTongGameSvr] [Error Protocol] [Protocol=52]
20200107-183241<DEBUG:0xf7408700>: KGLOG_PROCESS_ERROR(false) at line 83 in ProcessMessage
20200107-183241<ERROR:0xf7408700>: [KG_RelayTongGameSvr] [Error Protocol] [Protocol=52]
20200107-183241<DEBUG:0xf7408700>: KGLOG_PROCESS_ERROR(false) at line 83 in ProcessMessage
20200107-183241<ERROR:0xf7408700>: [KG_RelayTongGameSvr] [Error Protocol] [Protocol=52]
20200107-183241<DEBUG:0xf7408700>: KGLOG_PROCESS_ERROR(false) at line 83 in ProcessMessage
20200107-183241<INFO :0xf7408700>: Proc0_GameSvrLogin
20200107-183241<INFO :0xf7408700>: [MAP_INDEX_INFO] Notify map count 8 for gs: 0700007F
20200107-183241<INFO :0xf7408700>: New connection from 127.0.0.6:53642, index = 1
20200107-183241<DEBUG:0xf7408700>: Send log info to gs(600007f) when connect ret=1
20200107-183241<INFO :0xf7408700>: New connection from 127.0.0.6:35008, index = 1
20200107-183241<INFO :0xf7408700>: New connection from 127.0.0.6:24725, index = 1
20200107-183241<INFO :0xf7408700>: [verify_up2date] GetUp2dateVersion: code=8DA68FCD
20200107-183241<ERROR:0xf7408700>: [KG_RelayTongGameSvr] [Error Protocol] [Protocol=52]
20200107-183241<DEBUG:0xf7408700>: KGLOG_PROCESS_ERROR(false) at line 83 in ProcessMessage
20200107-183241<ERROR:0xf7408700>: [KG_RelayTongGameSvr] [Error Protocol] [Protocol=52]
20200107-183241<DEBUG:0xf7408700>: KGLOG_PROCESS_ERROR(false) at line 83 in ProcessMessage
20200107-183241<ERROR:0xf7408700>: [KG_RelayTongGameSvr] [Error Protocol] [Protocol=52]
20200107-183241<DEBUG:0xf7408700>: KGLOG_PROCESS_ERROR(false) at line 83 in ProcessMessage
20200107-183241<INFO :0xf7408700>: Proc0_GameSvrLogin
20200107-183241<INFO :0xf7408700>: [MAP_INDEX_INFO] Notify map count 4 for gs: 0600007F
20200107-183242<INFO :0xf7408700>: New connection from 127.0.0.5:59013, index = 2
20200107-183242<DEBUG:0xf7408700>: Send log info to gs(500007f) when connect ret=1
20200107-183242<INFO :0xf7408700>: New connection from 127.0.0.5:14987, index = 2
20200107-183242<INFO :0xf7408700>: New connection from 127.0.0.5:29572, index = 2
20200107-183242<INFO :0xf7408700>: [verify_up2date] GetUp2dateVersion: code=8DA68FCD
20200107-183242<ERROR:0xf7408700>: [KG_RelayTongGameSvr] [Error Protocol] [Protocol=52]
20200107-183242<DEBUG:0xf7408700>: KGLOG_PROCESS_ERROR(false) at line 83 in ProcessMessage
20200107-183242<ERROR:0xf7408700>: [KG_RelayTongGameSvr] [Error Protocol] [Protocol=52]
20200107-183242<DEBUG:0xf7408700>: KGLOG_PROCESS_ERROR(false) at line 83 in ProcessMessage
20200107-183242<ERROR:0xf7408700>: [KG_RelayTongGameSvr] [Error Protocol] [Protocol=52]
20200107-183242<DEBUG:0xf7408700>: KGLOG_PROCESS_ERROR(false) at line 83 in ProcessMessage
20200107-183242<INFO :0xf7408700>: Proc0_GameSvrLogin
20200107-183242<INFO :0xf7408700>: [MAP_INDEX_INFO] Notify map count 74 for gs: 0500007F
20200107-183243<INFO :0xf7408700>: New connection from 127.0.0.4:8366, index = 3
20200107-183243<DEBUG:0xf7408700>: Send log info to gs(400007f) when connect ret=1
20200107-183243<WARN :0xf7408700>: Router NOT connected
20200107-183243<WARN :0xf7408700>: Router NOT connected
20200107-183243<INFO :0xf7408700>: New connection from 127.0.0.4:62631, index = 3
20200107-183243<INFO :0xf7408700>: New connection from 127.0.0.4:9930, index = 3
20200107-183243<INFO :0xf7408700>: [verify_up2date] GetUp2dateVersion: code=8DA68FCD
20200107-183243<ERROR:0xf7408700>: [KG_RelayTongGameSvr] [Error Protocol] [Protocol=52]
20200107-183243<DEBUG:0xf7408700>: KGLOG_PROCESS_ERROR(false) at line 83 in ProcessMessage
20200107-183243<ERROR:0xf7408700>: [KG_RelayTongGameSvr] [Error Protocol] [Protocol=52]
20200107-183243<DEBUG:0xf7408700>: KGLOG_PROCESS_ERROR(false) at line 83 in ProcessMessage
20200107-183243<ERROR:0xf7408700>: [KG_RelayTongGameSvr] [Error Protocol] [Protocol=52]
20200107-183243<DEBUG:0xf7408700>: KGLOG_PROCESS_ERROR(false) at line 83 in ProcessMessage
20200107-183243<INFO :0xf7408700>: Proc0_GameSvrLogin
20200107-183243<INFO :0xf7408700>: [MAP_INDEX_INFO] Notify map count 108 for gs: 0400007F
20200107-183243<INFO :0xf7408700>: New connection from 127.0.0.3:63628, index = 4
20200107-183243<DEBUG:0xf7408700>: Send log info to gs(300007f) when connect ret=1
20200107-183243<INFO :0xf7408700>: New connection from 127.0.0.3:1257, index = 4
20200107-183243<INFO :0xf7408700>: New connection from 127.0.0.3:30696, index = 4
20200107-183243<INFO :0xf7408700>: [verify_up2date] GetUp2dateVersion: code=8DA68FCD
20200107-183243<ERROR:0xf7408700>: [KG_RelayTongGameSvr] [Error Protocol] [Protocol=52]
20200107-183243<DEBUG:0xf7408700>: KGLOG_PROCESS_ERROR(false) at line 83 in ProcessMessage
20200107-183243<ERROR:0xf7408700>: [KG_RelayTongGameSvr] [Error Protocol] [Protocol=52]
20200107-183243<DEBUG:0xf7408700>: KGLOG_PROCESS_ERROR(false) at line 83 in ProcessMessage
20200107-183243<ERROR:0xf7408700>: [KG_RelayTongGameSvr] [Error Protocol] [Protocol=52]
20200107-183243<DEBUG:0xf7408700>: KGLOG_PROCESS_ERROR(false) at line 83 in ProcessMessage
20200107-183243<INFO :0xf7408700>: Proc0_GameSvrLogin
20200107-183243<INFO :0xf7408700>: [MAP_INDEX_INFO] Notify map count 98 for gs: 0300007F
20200107-183243<INFO :0xf7408700>: New connection from 127.0.0.2:11736, index = 5
20200107-183243<DEBUG:0xf7408700>: Send log info to gs(200007f) when connect ret=1
20200107-183243<INFO :0xf7408700>: New connection from 127.0.0.2:44251, index = 5
20200107-183243<INFO :0xf7408700>: New connection from 127.0.0.2:665, index = 5
20200107-183243<INFO :0xf7408700>: [verify_up2date] GetUp2dateVersion: code=8DA68FCD
20200107-183243<ERROR:0xf7408700>: [KG_RelayTongGameSvr] [Error Protocol] [Protocol=52]
20200107-183243<DEBUG:0xf7408700>: KGLOG_PROCESS_ERROR(false) at line 83 in ProcessMessage
20200107-183243<ERROR:0xf7408700>: [KG_RelayTongGameSvr] [Error Protocol] [Protocol=52]
20200107-183243<DEBUG:0xf7408700>: KGLOG_PROCESS_ERROR(false) at line 83 in ProcessMessage
20200107-183243<ERROR:0xf7408700>: [KG_RelayTongGameSvr] [Error Protocol] [Protocol=52]
20200107-183243<DEBUG:0xf7408700>: KGLOG_PROCESS_ERROR(false) at line 83 in ProcessMessage
20200107-183243<INFO :0xf7408700>: Proc0_GameSvrLogin
20200107-183243<INFO :0xf7408700>: [MAP_INDEX_INFO] Notify map count 107 for gs: 0200007F
20200107-183243<INFO :0xf7408700>: New connection from 127.0.0.1:2461, index = 6
20200107-183243<DEBUG:0xf7408700>: Send log info to gs(100007f) when connect ret=1
20200107-183243<INFO :0xf7408700>: New connection from 127.0.0.1:1459, index = 6
20200107-183243<INFO :0xf7408700>: New connection from 127.0.0.1:34758, index = 6
20200107-183243<INFO :0xf7408700>: [verify_up2date] GetUp2dateVersion: code=8DA68FCD
20200107-183243<ERROR:0xf7408700>: [KG_RelayTongGameSvr] [Error Protocol] [Protocol=52]
20200107-183243<DEBUG:0xf7408700>: KGLOG_PROCESS_ERROR(false) at line 83 in ProcessMessage
20200107-183243<ERROR:0xf7408700>: [KG_RelayTongGameSvr] [Error Protocol] [Protocol=52]
20200107-183243<DEBUG:0xf7408700>: KGLOG_PROCESS_ERROR(false) at line 83 in ProcessMessage
20200107-183243<ERROR:0xf7408700>: [KG_RelayTongGameSvr] [Error Protocol] [Protocol=52]
20200107-183243<DEBUG:0xf7408700>: KGLOG_PROCESS_ERROR(false) at line 83 in ProcessMessage
20200107-183243<INFO :0xf7408700>: Proc0_GameSvrLogin
20200107-183243<INFO :0xf7408700>: [MAP_INDEX_INFO] Notify map count 98 for gs: 0100007F
20200107-183244<WARN :0xf7408700>: Router NOT connected
20200107-183245<WARN :0xf7408700>: Router NOT connected
20200107-183245<WARN :0xf7408700>: Router NOT connected
20200107-183245<WARN :0xf7408700>: Router NOT connected
20200107-183245<WARN :0xf7408700>: Router NOT connected
20200107-183358<DEBUG:0xf7408700>: [RelationMgr] SomeoneLogin("MinhZao")
20200107-183358<DEBUG:0xf7408700>: [RelationMgr] SomeoneLoad("MinhZao")
20200107-183358<DEBUG:0xf7408700>: [Relation Database] Load "MinhZao"
20200107-183358<WARN :0xf7408700>: Router NOT connected
20200107-183412<DEBUG:0xf7408700>: [RelationMgr] SomeoneLogout("MinhZao")
20200107-183418<DEBUG:0xf7408700>: [RelationMgr] SomeoneLogin("MinhZao")
20200107-183418<WARN :0xf7408700>: Router NOT connected
20200107-183530<DEBUG:0xf7408700>: [RelationMgr] SomeoneLogout("MinhZao")
20200107-183744<INFO :0xf7408700>: Connection lost: 7(127.0.0.7, 1)
20200107-183744<DEBUG:0xf7408700>: gs(700007f) crashed
20200107-183744<INFO :0xf7408700>: Connection lost: 7(127.0.0.7, 1)
20200107-183744<INFO :0xf7408700>: Connection lost: 7(127.0.0.7, 1)
20200107-183744<INFO :0xf7408700>: Connection lost: 7(127.0.0.6, 1)
20200107-183744<DEBUG:0xf7408700>: gs(600007f) crashed
20200107-183744<INFO :0xf7408700>: Connection lost: 7(127.0.0.6, 1)
20200107-183744<INFO :0xf7408700>: Connection lost: 7(127.0.0.6, 1)
20200107-183745<INFO :0xf7408700>: Connection lost: 7(127.0.0.5, 1)
20200107-183745<DEBUG:0xf7408700>: gs(500007f) crashed
20200107-183745<INFO :0xf7408700>: Connection lost: 7(127.0.0.5, 1)
20200107-183745<INFO :0xf7408700>: Connection lost: 7(127.0.0.5, 1)
20200107-183746<INFO :0xf7408700>: Connection lost: 7(127.0.0.4, 1)
20200107-183746<DEBUG:0xf7408700>: gs(400007f) crashed
20200107-183746<INFO :0xf7408700>: Connection lost: 7(127.0.0.4, 1)
20200107-183746<INFO :0xf7408700>: Connection lost: 7(127.0.0.4, 1)
20200107-183746<INFO :0xf7408700>: Connection lost: 7(127.0.0.3, 1)
20200107-183746<DEBUG:0xf7408700>: gs(300007f) crashed
20200107-183746<INFO :0xf7408700>: Connection lost: 7(127.0.0.3, 1)
20200107-183746<INFO :0xf7408700>: Connection lost: 7(127.0.0.3, 1)
20200107-183747<INFO :0xf7408700>: Connection lost: 7(127.0.0.2, 1)
20200107-183747<DEBUG:0xf7408700>: gs(200007f) crashed
20200107-183747<INFO :0xf7408700>: Connection lost: 7(127.0.0.2, 1)
20200107-183747<INFO :0xf7408700>: Connection lost: 7(127.0.0.2, 1)
20200107-183747<INFO :0xf7408700>: Connection lost: 7(127.0.0.1, 1)
20200107-183747<DEBUG:0xf7408700>: gs(100007f) crashed
20200107-183747<INFO :0xf7408700>: Connection lost: 7(127.0.0.1, 1)
20200107-183747<INFO :0xf7408700>: Connection lost: 7(127.0.0.1, 1)
20200107-183748<INFO :0xf7408700>: [Relay] Get quit signal!
20200107-183748<INFO :0xf7408700>: Relay stopping!
