ChangeLogFile: FirstWrite=1, CurrentLine=0/65536 LastTime=1900-1-0 0:0:0
20200107-050101<INFO :0xf747e700>: [verify_up2date]...
20200107-050101<INFO :0xf747e700>: >Current lang is [gb18030]
20200107-050101<INFO :0xf747e700>: >Welcome to use [verify_up2date](version: 2.3.4 [2018-02-25]) tool. 
20200107-050101<INFO :0xf747e700>: >Time duration: 20.081054ms 
20200107-050101<INFO :0xf747e700>: >
20200107-050101<INFO :0xf747e700>: >Finish, my exit code is: 0
20200107-050101<INFO :0xf747e700>: |shell cmd result is 0
20200107-050101<INFO :0xf747e700>: ExecShellCmd [./verify_up2date -op=vef -d="/home/server/gw/Relay" ] ret=0
20200107-050101<INFO :0xf747e700>: [verify_up2date] ok
20200107-050101<INFO :0xf747e700>: [Relay][Version:Nov 14 2014 15:55:12] Begin to start ... ...
20200107-050101<INFO :0xf747e700>: [KG_Relay] Set log level ... ... KGLOG_UPTO(KGLOG_DEBUG)
20200107-050101<INFO :0xf747e700>: [KG_Relay] Loading relay.ini
20200107-050101<INFO :0xf747e700>: Run without GMC!
20200107-050101<INFO :0xf747e700>: [KGD] Mysql info: client[5.1.69] host[Localhost via UNIX socket] server[5.5.64-MariaDB]
20200107-050101<DEBUG:0xf747e700>: [KGD] Success connect to localhost:3306, character set switch to latin1
20200107-050101<INFO :0xf747e700>: [KGD] Mysql info: client[5.1.69] host[Localhost via UNIX socket] server[5.5.64-MariaDB]
20200107-050101<DEBUG:0xf747e700>: [KGD] KGD_PROCESS_ERROR(nRetCode, KGD_ERROR_NOT_SUPPORT), at line 1467 in (0x0x994aee8)->_LoadTable()
20200107-050101<DEBUG:0xf747e700>: [KGD] (0x0x994aee8)->_LoadTable("fightteam")
20200107-050101<DEBUG:0xf747e700>: [KGD] KGD_PROCESS_ERROR(nRetCode, KGD_ERROR_NOT_SUPPORT), at line 1467 in (0x0x994aee8)->_LoadTable()
20200107-050101<DEBUG:0xf747e700>: [KGD] (0x0x994aee8)->_LoadTable("playerfightteam")
20200107-050101<DEBUG:0xf747e700>: [KGD] Success connect to localhost:3306, character set switch to latin1
20200107-050101<INFO :0xf747e700>: [KGD] Mysql info: client[5.1.69] host[Localhost via UNIX socket] server[5.5.64-MariaDB]
20200107-050101<INFO :0xf714cb40>: [KGD] Mysql info: client[5.1.69] host[Localhost via UNIX socket] server[5.5.64-MariaDB]
20200107-050101<DEBUG:0xf747e700>: [KGD] KGD_PROCESS_ERROR(nRetCode, KGD_ERROR_NOT_SUPPORT), at line 1467 in (0x0x9979930)->_LoadTable()
20200107-050101<DEBUG:0xf747e700>: [KGD] (0x0x9979930)->_LoadTable("fightteam")
20200107-050101<DEBUG:0xf747e700>: [KGD] KGD_PROCESS_ERROR(nRetCode, KGD_ERROR_NOT_SUPPORT), at line 1467 in (0x0x9979930)->_LoadTable()
20200107-050101<DEBUG:0xf747e700>: [KGD] (0x0x9979930)->_LoadTable("playerfightteam")
20200107-050101<DEBUG:0xf714cb40>: [KGD] KGD_PROCESS_ERROR(nRetCode, KGD_ERROR_NOT_SUPPORT), at line 1467 in (0x0xf6800470)->_LoadTable()
20200107-050101<DEBUG:0xf714cb40>: [KGD] (0x0xf6800470)->_LoadTable("fightteam")
20200107-050101<DEBUG:0xf747e700>: [KGD] Success connect to localhost:3306, character set switch to latin1
20200107-050101<DEBUG:0xf714cb40>: [KGD] KGD_PROCESS_ERROR(nRetCode, KGD_ERROR_NOT_SUPPORT), at line 1467 in (0x0xf6800470)->_LoadTable()
20200107-050101<DEBUG:0xf714cb40>: [KGD] (0x0xf6800470)->_LoadTable("playerfightteam")
20200107-050101<DEBUG:0xf714cb40>: [KGD] Success connect to localhost:3306, character set switch to latin1
20200107-050101<INFO :0xf747e700>: [KGD] Mysql info: client[5.1.69] host[Localhost via UNIX socket] server[5.5.64-MariaDB]
20200107-050101<INFO :0xf67ffb40>: [KGD] Mysql info: client[5.1.69] host[Localhost via UNIX socket] server[5.5.64-MariaDB]
20200107-050101<DEBUG:0xf67ffb40>: [KGD] KGD_PROCESS_ERROR(nRetCode, KGD_ERROR_NOT_SUPPORT), at line 1467 in (0x0xf5e00470)->_LoadTable()
20200107-050101<DEBUG:0xf67ffb40>: [KGD] (0x0xf5e00470)->_LoadTable("fightteam")
20200107-050101<DEBUG:0xf67ffb40>: [KGD] KGD_PROCESS_ERROR(nRetCode, KGD_ERROR_NOT_SUPPORT), at line 1467 in (0x0xf5e00470)->_LoadTable()
20200107-050101<DEBUG:0xf67ffb40>: [KGD] (0x0xf5e00470)->_LoadTable("playerfightteam")
20200107-050101<DEBUG:0xf67ffb40>: [KGD] Success connect to localhost:3306, character set switch to latin1
20200107-050101<DEBUG:0xf747e700>: [KGD] KGD_PROCESS_ERROR(nRetCode, KGD_ERROR_NOT_SUPPORT), at line 1467 in (0x0x9978520)->_LoadTable()
20200107-050101<DEBUG:0xf747e700>: [KGD] (0x0x9978520)->_LoadTable("fightteam")
20200107-050101<DEBUG:0xf747e700>: [KGD] KGD_PROCESS_ERROR(nRetCode, KGD_ERROR_NOT_SUPPORT), at line 1467 in (0x0x9978520)->_LoadTable()
20200107-050101<DEBUG:0xf747e700>: [KGD] (0x0x9978520)->_LoadTable("playerfightteam")
20200107-050101<DEBUG:0xf747e700>: [KGD] Success connect to localhost:3306, character set switch to latin1
20200107-050101<INFO :0xf747e700>: [KGD] Mysql info: client[5.1.69] host[Localhost via UNIX socket] server[5.5.64-MariaDB]
20200107-050101<INFO :0xf5dffb40>: [KGD] Mysql info: client[5.1.69] host[Localhost via UNIX socket] server[5.5.64-MariaDB]
20200107-050101<DEBUG:0xf747e700>: [KGD] KGD_PROCESS_ERROR(nRetCode, KGD_ERROR_NOT_SUPPORT), at line 1467 in (0x0x998cae0)->_LoadTable()
20200107-050101<DEBUG:0xf747e700>: [KGD] (0x0x998cae0)->_LoadTable("fightteam")
20200107-050101<DEBUG:0xf747e700>: [KGD] KGD_PROCESS_ERROR(nRetCode, KGD_ERROR_NOT_SUPPORT), at line 1467 in (0x0x998cae0)->_LoadTable()
20200107-050101<DEBUG:0xf747e700>: [KGD] (0x0x998cae0)->_LoadTable("playerfightteam")
20200107-050101<DEBUG:0xf747e700>: [KGD] Success connect to localhost:3306, character set switch to latin1
20200107-050101<INFO :0xf53ffb40>: [KGD] Mysql info: client[5.1.69] host[Localhost via UNIX socket] server[5.5.64-MariaDB]
20200107-050101<DEBUG:0xf5dffb40>: [KGD] KGD_PROCESS_ERROR(nRetCode, KGD_ERROR_NOT_SUPPORT), at line 1467 in (0x0xf5400470)->_LoadTable()
20200107-050101<DEBUG:0xf5dffb40>: [KGD] (0x0xf5400470)->_LoadTable("fightteam")
20200107-050101<DEBUG:0xf5dffb40>: [KGD] KGD_PROCESS_ERROR(nRetCode, KGD_ERROR_NOT_SUPPORT), at line 1467 in (0x0xf5400470)->_LoadTable()
20200107-050101<DEBUG:0xf5dffb40>: [KGD] (0x0xf5400470)->_LoadTable("playerfightteam")
20200107-050101<DEBUG:0xf5dffb40>: [KGD] Success connect to localhost:3306, character set switch to latin1
20200107-050101<DEBUG:0xf53ffb40>: [KGD] KGD_PROCESS_ERROR(nRetCode, KGD_ERROR_NOT_SUPPORT), at line 1467 in (0x0xf4a00470)->_LoadTable()
20200107-050101<DEBUG:0xf53ffb40>: [KGD] (0x0xf4a00470)->_LoadTable("fightteam")
20200107-050101<DEBUG:0xf53ffb40>: [KGD] KGD_PROCESS_ERROR(nRetCode, KGD_ERROR_NOT_SUPPORT), at line 1467 in (0x0xf4a00470)->_LoadTable()
20200107-050101<DEBUG:0xf53ffb40>: [KGD] (0x0xf4a00470)->_LoadTable("playerfightteam")
20200107-050101<DEBUG:0xf53ffb40>: [KGD] Success connect to localhost:3306, character set switch to latin1
20200107-050101<INFO :0xf747e700>: [KGD] Mysql info: client[5.1.69] host[Localhost via UNIX socket] server[5.5.64-MariaDB]
20200107-050101<DEBUG:0xf747e700>: [KGD] KGD_PROCESS_ERROR(nRetCode, KGD_ERROR_NOT_SUPPORT), at line 1467 in (0x0x99afb00)->_LoadTable()
20200107-050101<DEBUG:0xf747e700>: [KGD] (0x0x99afb00)->_LoadTable("fightteam")
20200107-050101<DEBUG:0xf747e700>: [KGD] KGD_PROCESS_ERROR(nRetCode, KGD_ERROR_NOT_SUPPORT), at line 1467 in (0x0x99afb00)->_LoadTable()
20200107-050101<DEBUG:0xf747e700>: [KGD] (0x0x99afb00)->_LoadTable("playerfightteam")
20200107-050101<DEBUG:0xf747e700>: [KGD] Success connect to localhost:3306, character set switch to latin1
20200107-050101<DEBUG:0xf747e700>: KGLOG_PROCESS_ERROR(piSocketStream) at line 1328 in ConnectSecurity
20200107-050101<DEBUG:0xf747e700>: KGLOG_PROCESS_ERROR(nRetCode && L_S3RELAY_INIT_GATEWAYCENTRE_FAIL) at line 508 in Init
