20200207-151148	INFO	[vËt phÈm lªn tay ng­êi ch¬i] [Tµi kho¶n : an] [Nh©n vËt: ioNaruto][Tªn vËt phÈm:CÈm Nang §¹i Sù KiÖn]
20200207-151148	INFO	[vËt phÈm lªn tay ng­êi ch¬i] [Tµi kho¶n : an] [Nh©n vËt: ioNaruto][Tªn vËt phÈm:NguyÖt L­îng Thè luy]
20200207-151148	INFO	[vËt phÈm lªn tay ng­êi ch¬i] [Tµi kho¶n : an] [Nh©n vËt: ioNaruto][Tªn vËt phÈm:TiÕu ng¹o giang hå l]
20200207-151148	INFO	[vËt phÈm lªn tay ng­êi ch¬i] [Tµi kho¶n : an] [Nh©n vËt: ioNaruto][Tªn vËt phÈm:Bøc th­ thÇn bİ]
20200207-151823	INFO	[vËt phÈm lªn tay ng­êi ch¬i] [Tµi kho¶n : an] [Nh©n vËt: ioNaruto][Tªn vËt phÈm:§« ngo¹i trang h¹ y]
20200207-151832	INFO	[vËt phÈm lªn tay ng­êi ch¬i] [Tµi kho¶n : an] [Nh©n vËt: ioNaruto][Tªn vËt phÈm:]
20200207-151838	INFO	[vËt phÈm lªn tay ng­êi ch¬i] [Tµi kho¶n : an] [Nh©n vËt: ioNaruto][Tªn vËt phÈm:ChiÕn ı phôc]
20200207-151851	INFO	[vËt phÈm lªn tay ng­êi ch¬i] [Tµi kho¶n : an] [Nh©n vËt: ioNaruto][Tªn vËt phÈm:Thµnh §« Th­îng y ng]
20200207-151905	INFO	[vËt phÈm lªn tay ng­êi ch¬i] [Tµi kho¶n : an] [Nh©n vËt: ioNaruto][Tªn vËt phÈm:Thµnh §« Th­îng y ng]
20200207-151938	INFO	[vËt phÈm lªn tay ng­êi ch¬i] [Tµi kho¶n : an] [Nh©n vËt: ioNaruto][Tªn vËt phÈm:Liªu_Uy Hæ Nguyªn So]
20200207-151938	INFO	[vËt phÈm lªn tay ng­êi ch¬i] [Tµi kho¶n : an] [Nh©n vËt: ioNaruto][Tªn vËt phÈm:Liªu_Uy Hæ Nguyªn So]
20200207-151938	INFO	[vËt phÈm lªn tay ng­êi ch¬i] [Tµi kho¶n : an] [Nh©n vËt: ioNaruto][Tªn vËt phÈm:Liªu_Uy Hæ Nguyªn So]
20200207-151938	INFO	[vËt phÈm lªn tay ng­êi ch¬i] [Tµi kho¶n : an] [Nh©n vËt: ioNaruto][Tªn vËt phÈm:Liªu_Uy Hæ Nguyªn So]
20200207-151938	INFO	[vËt phÈm lªn tay ng­êi ch¬i] [Tµi kho¶n : an] [Nh©n vËt: ioNaruto][Tªn vËt phÈm:Liªu_Uy Hæ Nguyªn So]
20200207-151938	INFO	[vËt phÈm lªn tay ng­êi ch¬i] [Tµi kho¶n : an] [Nh©n vËt: ioNaruto][Tªn vËt phÈm:Liªu_Uy Hæ Nguyªn So]
20200207-151938	INFO	[vËt phÈm lªn tay ng­êi ch¬i] [Tµi kho¶n : an] [Nh©n vËt: ioNaruto][Tªn vËt phÈm:Liªu_Uy Hæ Nguyªn So]
20200207-151938	INFO	[vËt phÈm lªn tay ng­êi ch¬i] [Tµi kho¶n : an] [Nh©n vËt: ioNaruto][Tªn vËt phÈm:Liªu_Uy Hæ Nguyªn So]
20200207-151947	INFO	[vËt phÈm lªn tay ng­êi ch¬i] [Tµi kho¶n : an] [Nh©n vËt: ioNaruto][Tªn vËt phÈm:GM Item]
20200207-151951	INFO	[vËt phÈm lªn tay ng­êi ch¬i] [Tµi kho¶n : an] [Nh©n vËt: ioNaruto][Tªn vËt phÈm:Tèng_Uy Hæ Nguyªn So]
20200207-151951	INFO	[vËt phÈm lªn tay ng­êi ch¬i] [Tµi kho¶n : an] [Nh©n vËt: ioNaruto][Tªn vËt phÈm:Tèng_Uy Hæ Nguyªn So]
20200207-151951	INFO	[vËt phÈm lªn tay ng­êi ch¬i] [Tµi kho¶n : an] [Nh©n vËt: ioNaruto][Tªn vËt phÈm:Tèng_Uy Hæ Nguyªn So]
20200207-151951	INFO	[vËt phÈm lªn tay ng­êi ch¬i] [Tµi kho¶n : an] [Nh©n vËt: ioNaruto][Tªn vËt phÈm:Tèng_Uy Hæ Nguyªn So]
20200207-151951	INFO	[vËt phÈm lªn tay ng­êi ch¬i] [Tµi kho¶n : an] [Nh©n vËt: ioNaruto][Tªn vËt phÈm:Tèng_Uy Hæ Nguyªn So]
20200207-151951	INFO	[vËt phÈm lªn tay ng­êi ch¬i] [Tµi kho¶n : an] [Nh©n vËt: ioNaruto][Tªn vËt phÈm:Tèng_Uy Hæ Nguyªn So]
20200207-151951	INFO	[vËt phÈm lªn tay ng­êi ch¬i] [Tµi kho¶n : an] [Nh©n vËt: ioNaruto][Tªn vËt phÈm:Tèng_Uy Hæ Nguyªn So]
20200207-151951	INFO	[vËt phÈm lªn tay ng­êi ch¬i] [Tµi kho¶n : an] [Nh©n vËt: ioNaruto][Tªn vËt phÈm:Tèng_Uy Hæ Nguyªn So]
20200207-152037	INFO	[vËt phÈm lªn tay ng­êi ch¬i] [Tµi kho¶n : an] [Nh©n vËt: ioNaruto][Tªn vËt phÈm:¢m D­¬ng Ên]
