2019.09.26 23:21:06
§ang log ng­êi ch¬i cã ng©n l­îng trªn 1000 v¹n
[money]	chiton222	1111111111	ThiÕu L©m tôc gia  	7	90	2000000	10978521
[money]	clone20	123123123asd345	ThiÕu L©m vâ t¨ng  	7	90	4400000	10820000
[money]	namti20119	12345678a	ThiÕu L©m vâ t¨ng  	7	90	2000000	31540543
[money]	clone15	123aaddddd	ThiÕu L©m vâ t¨ng  	0	90	2000000	14420000
[money]	aspirinef1	1StS2Kem	Nga My xuÊt gia  	7	90	6000097	12465240
[money]	chiton333	222222222222222	ThiÕu L©m tôc gia  	7	90	2000000	10370001
[money]	namngu1	31231213	Nga My tôc gia  	7	90	3400036	12120001
[money]	chiton444	3333333333	ThiÕu L©m tôc gia  	7	90	2000000	10520000
[money]	dinhnghia36	35xGaiNghanh	Nga My xuÊt gia  	7	90	40676110	27181930
[money]	dinhnghia35	35xLinhNghanh	ThiÕu L©m vâ t¨ng  	7	90	157252212	17359705
[money]	clone18	ad457asd13123	ThiÕu L©m vâ t¨ng  	0	90	2000000	14820000
[money]	huyco2003	ascdasdcq	Vâ §ang tôc gia  	0	90	2000000	10270000
[money]	maihongphuc	ATr­¬ngMinhThiÖn	Vâ §ang ®¹o gia  	7	90	3600028	28222451
[money]	nhtl049496	BCCBBBBBB	C¸i Bang ¤ Y  	7	90	59500014	31722310
[money]	phanvandung7	BHxPhanBKA	ThiÕu L©m vâ t¨ng  	7	90	5	10251967
[money]	phanvandung0305	BHxSTVoTinh	HiÖp §éc  	7	90	8400026	28147593
[money]	tuyenhd1	BietNoiJday	Nga My xuÊt gia  	7	90	64500072	15171958
[money]	ducvuong	BilKiNill	ThiÕu L©m vâ t¨ng  	7	90	15402456	18662820
[money]	yeuvocon1	BuffTa	Nga My xuÊt gia  	7	90	30300019	14370000
[money]	nhythyhutu00	CayTien	Vâ §ang tôc gia  	7	90	2613400201	45500000
[money]	nhythyhutu01	CayTien1	Nga My xuÊt gia  	7	90	6000022	13749000
[money]	tamtinhtoan	ccss11	ThiÕu L©m vâ t¨ng  	7	90	55353627	22040000
[money]	thanhgl191	ChickenKFG	Nga My xuÊt gia  	7	90	1600003	28800909
[money]	tychuot11	CHUOTvMEO	ThiÕu L©m vâ t¨ng  	7	90	2857	17018403
[money]	43017lam3	Ch¬iS©u	Tµ §éc  	7	90	7200000	10910000
[money]	s2votinh3	cloenzxc	ThiÕu L©m thiÒn t¨ng  	7	90	1800000	11200000
[money]	khuntn1	Clone121	Vâ §ang tôc gia  	0	90	5700000	12869000
[money]	khuntn3	Clone123	Vâ §ang ®¹o gia  	0	90	23800000	14562000
[money]	tieuquymientay3	ConNhµNg­êiTa	D­¬ng M«n Cung Kþ  	7	90	103000192	10088700
[money]	tieuquymientay	ConNhµN«ng	ThiÕu L©m vâ t¨ng  	7	90	60400057	11751000
[money]	aspirinef4	CæConNhµBµSu	Tµ §éc  	7	90	6000080	11062268
[money]	haducanh111tq	CöuV©nLong	Vâ §ang ®¹o gia  	7	90	11300079	51324943
[money]	longvanle430	CµKhÞa	Nga My xuÊt gia  	7	90	36198922	14980000
[money]	43017lam1	DaoS­Th¸i	Nga My xuÊt gia  	7	90	17200000	14666575
[money]	anh20cm120pok	HocSinh	D­¬ng M«n Cung Kþ  	7	90	1600028	25170040
[money]	luanluan1	i59Boo	ThiÕu L©m vâ t¨ng  	7	90	1600000	10420000
[money]	r4inyl0v3	iCãAnhë§©yRåi	D­¬ng M«n Cung Kþ  	7	90	2600527	12247010
[money]	hoangsolk5	iDGCiHoangSuPhu	D­¬ng M«n Cung Kþ  	7	90	1800040	10470915
[money]	mrteo197	iHPxTh¾ng	ThiÕu L©m vâ t¨ng  	7	90	480782537	23679243
[money]	dat1999vn	iiAnh3	C¸i Bang TÜnh y  	7	90	6300027	13501000
[money]	nsnl1302	iTopLong	ThiÕu L©m vâ t¨ng  	7	90	13200059	22829694
[money]	nsnl13021	iTopNMKLong	Nga My xuÊt gia  	7	90	13900000	34045739
[money]	n27021997	IV¹nTiÔnXuyªnTim	D­¬ng M«n Cung Kþ  	7	90	164746816	42010886
[money]	kkunghia1	JustpartNo1	ThiÕu L©m vâ t¨ng  	7	90	2643768009	38741820
[money]	khuntn07	Jx2Apple	ThiÕu L©m vâ t¨ng  	7	90	0	19758500
[money]	tuankien333hn	Jx2GÊuL­uManh	ThiÕu L©m vâ t¨ng  	7	90	35600267	15432029
[money]	tamzzz1	Jx2KiÒuNguyÖtNga	D­¬ng M«n Cung Kþ  	7	90	6800049	24043995
[money]	nuhoangkim1	Jx2LaiChau	ThiÕu L©m vâ t¨ng  	7	90	97000207	10957518
[money]	qminhgiao03	Jx2ManhKhoe	Nga My xuÊt gia  	7	90	21542026	12763408
[money]	qminhgiao01	Jx2NguoiQuen	Tµ §éc  	7	90	23000029	56447084
[money]	xuluffy2008	Jx2ooGau	ThiÕu L©m vâ t¨ng  	7	90	1528290160	18007500
[money]	phucvl5	Jx2SoaiiiK	ThiÕu L©m vâ t¨ng  	7	90	24600028	62199000
[money]	iobaongoc	Jx2TaoThao	ThiÕu L©m vâ t¨ng  	7	90	52732545	29502501
[money]	sockkuga123	Jx2ThanhTru	Nga My xuÊt gia  	7	90	22468191	12811639
[money]	phucvl3	Jx2TuPhaiDao	ThiÕu L©m vâ t¨ng  	7	90	5400000	10980000
[money]	tld1102	KimCangPhôcMa	ThiÕu L©m tôc gia  	7	90	1600026	88099009
[money]	kimtuyet1zz	KingKong	ThiÕu L©m vâ t¨ng  	7	90	72500115	30000000
[money]	bapcaile	kjsahkda	ThiÕu L©m vâ t¨ng  	0	90	1000000	19995500
[money]	0932777458	KuRatTo	ThiÕu L©m vâ t¨ng  	7	90	97786231	25899948
[money]	anhkien1	LaMaoSingTo	ThiÕu L©m vâ t¨ng  	7	90	2600000	11621625
[money]	huyco1995	LoiLoiLoi	D­¬ng M«n Cung Kþ  	7	90	238621544	21837502
[money]	thuongp2011vm	MMMMMM	Vâ §ang tôc gia  	7	90	400025	14012500
[money]	minhdaits01	MrToCoi	ThiÕu L©m vâ t¨ng  	7	90	79400142	12783751
[money]	maixuanhung124	MxHBadBoy	ThiÕu L©m vâ t¨ng  	7	90	169000023	18108500
[money]	vanhieulc112	NghiÖnThuècLµo	ThiÕu L©m vâ t¨ng  	7	90	28696456	19835510
[money]	aspirinef3	NgòConNhµBµ§éc	HiÖp §éc  	7	90	6600109	13961235
[money]	tychuot1987	Ngoctam	Nga My xuÊt gia  	7	90	6014290	19687109
[money]	n2702199711	nmhjutyu	Tµ §éc  	0	90	1800000	13030000
[money]	tranchuong95	NMKtranChuong	Nga My xuÊt gia  	7	90	12900050	10266660
[money]	yeuvocon	NQHzZsUPER	ThiÕu L©m vâ t¨ng  	7	90	28000016	12729000
[money]	yeuvocon3	NQHzZsUPERsAI	ThiÕu L©m thiÒn t¨ng  	0	90	28500000	11580000
[money]	quanghai44vn	phambi33	Nga My xuÊt gia  	7	90	2102863	19908457
[money]	huyco2004	qcwdqdwc	Vâ §ang tôc gia  	0	90	2000003	12958001
[money]	aspirinef2	Qu¹tGiÊy	Vâ §ang ®¹o gia  	7	90	6000091	20680247
[money]	n2702199711	Q¦EX124	ThiÕu L©m tôc gia  	7	90	2000000	14990001
[money]	khuntn02	S2hihi	Nga My xuÊt gia  	7	90	1800051	49593182
[money]	tiensinh0312	S2MaCungZS	D­¬ng M«n Cung Kþ  	7	90	178977342	30748864
[money]	dongdubaj9	SótV«Tinh	ThiÕu L©m vâ t¨ng  	7	90	208168338	15667561
[money]	n270219973	sssssssssssssss	ThiÕu L©m tôc gia  	7	90	2000000	14090001
[money]	kogiro919	Susano	§­êng M«n phæ th«ng  	7	90	10192925	19893341
[money]	43017lam2	TayCÇmTr­îng	ThiÕu L©m thiÒn t¨ng  	7	90	7200000	13700000
[money]	anhnam9x	TieuQuyr	HiÖp §éc  	7	90	12201114	58701660
[money]	topkhoaibg1	TOPiCzNMKzBG	Nga My xuÊt gia  	7	90	17142009	10698844
[money]	topkhoaibg	TOPiKhoaixxxBG	ThiÕu L©m vâ t¨ng  	7	90	193912884	14792283
[money]	tungduong98hb	TopXxXSÕpTængJav	ThiÕu L©m vâ t¨ng  	7	90	30287770	35014847
[money]	quans2lan	TrungQuan	ThiÕu L©m vâ t¨ng  	7	90	5300020	14673000
[money]	kiendoi97	TruongVoKy	ThiÕu L©m vâ t¨ng  	7	90	8500020	11032250
[money]	lamthimynhu	Tr­¬ngMinhThiÖn	C¸i Bang ¤ Y  	7	90	249082288	13872508
[money]	volam2190343	TucVKL	ThiÕu L©m vâ t¨ng  	7	90	41096865	11055502
[money]	quanghai444vn	vaolozthienha	ThiÕu L©m vâ t¨ng  	7	90	16	18673878
[money]	huylunghp	V¹nXuyªnTiÔn	D­¬ng M«n Cung Kþ  	7	90	160800040	22138000
[money]	n270219972	X1231V2312	§­êng M«n phæ th«ng  	0	90	2000000	14220000
[money]	n27021997111	X123X12C123	ThiÕu L©m vâ t¨ng  	7	90	18000000	12533500
[money]	ducvuongcl	XietMu	ThiÕu L©m vâ t¨ng  	7	90	14600000	19489000
[money]	thieulam	xTruongVoky	ThiÕu L©m vâ t¨ng  	7	90	694930609	30954258
[money]	tranvietzx	XuyªnT©mC­íc	ThiÕu L©m vâ t¨ng  	7	90	29400058	14518999
[money]	n270219972	xxxxxxxxxxxxxxxx	ThiÕu L©m tôc gia  	7	90	18000000	12060001
[money]	minh321a	xzzLongOo	ThiÕu L©m thiÒn t¨ng  	7	90	9500003	11066776
[money]	s2votinh2	YeuBanThan	Nga My xuÊt gia  	7	90	24537240	14891000
[money]	huyenthoainmk	Yªu§¹iGiaKiªn9x	Nga My xuÊt gia  	7	90	13925389	19777826
[money]	123456q	zDavaomomzz	ThiÕu L©m vâ t¨ng  	7	90	1387538	10657500
[money]	toancaugroup	zThiÕuGiaM¸yTÝnh	Vâ §ang tôc gia  	7	90	47400628	12224593
[money]	vanhieulc111	zTiÓuQuËnChóa	Nga My xuÊt gia  	7	90	10	45500000
[money]	phn0304	zTOPziChñTÞchJAV	ThiÕu L©m vâ t¨ng  	7	90	13400017	81718650
[money]	s2votinh	zxcvzxcv	§­êng M«n phæ th«ng  	7	90	191086431	44254813
[money]	dungnguyen22992	zxcxcx	Tµ §éc  	0	90	2400000	19026011
[money]	s2votinh2	zxdvbb	§­êng M«n phæ th«ng  	7	90	2000000	13200000
[money]	thienhaihn	ZxMaCung	D­¬ng M«n Cung Kþ  	7	90	40200013	13844970
[money]	emngoc222vn2	ZzOanHonzZ	ThiÕu L©m vâ t¨ng  	7	90	6600017	14319000
[money]	yeuvocon4	ZzTienTraoChaoMu	Vâ §ang tôc gia  	0	90	32000000	11844000
[money]	dta222	zzzNMK	Nga My xuÊt gia  	7	90	43032536	10560001
[money]	ethangkia19891	zzzZTieuDongZzz	ThiÕu L©m vâ t¨ng  	7	90	71920292	30848001
[money]	tntaoladaika	§aiMa§Çu	Vâ §ang ®¹o gia  	7	90	143400017	20970105
[money]	huyenthoai5doc	§¹iGiaKiªnPr«9x	HiÖp §éc  	7	90	31325933	22157277
[money]	lzkiepcodoc	§¹pCøtTr©yTïmLum	ThiÕu L©m vâ t¨ng  	7	90	4300026	45500000
[money]	n270219974	·ZCASDQ	ThiÕu L©m tôc gia  	7	90	2000000	10990000
XuÊt d÷ liÖu hoµn tÊt

===========================================================
Thèng kª d÷ liÖu
Tæng sè ng­êi:2242	FreezedPlayerCount: 0
V« m«n ph¸i  Sè ng­êi:	24
ThiÕu L©m ch­a b¸i s­Sè ng­êi:	0
ThiÕu L©m tôc gia  Sè ng­êi:	40
ThiÕu L©m thiÒn t¨ng  Sè ng­êi:	51
ThiÕu L©m vâ t¨ng  Sè ng­êi:	1140
§­êng M«n ch­a b¸i s­Sè ng­êi:	0
§­êng M«n phæ th«ng  Sè ng­êi:	53
Nga My ch­a b¸i s­Sè ng­êi:	0
Nga My xuÊt gia  Sè ng­êi:	282
Nga My tôc gia  Sè ng­êi:	47
C¸i Bang ch­a b¸i s­Sè ng­êi:	0
C¸i Bang TÜnh y  Sè ng­êi:	44
C¸i Bang ¤ Y  Sè ng­êi:	54
Vâ §ang ch­a b¸i s­Sè ng­êi:	0
Vâ §ang ®¹o gia  Sè ng­êi:	58
Vâ §ang tôc gia  Sè ng­êi:	141
D­¬ng M«n ch­a b¸i s­Sè ng­êi:	0
D­¬ng M«n th­¬ng Kþ  Sè ng­êi:	45
D­¬ng M«n Cung Kþ  Sè ng­êi:	168
Ngò §éc      Sè ng­êi:	0
HiÖp §éc  Sè ng­êi:	61
Tµ §éc  Sè ng­êi:	32
C«n L«n ch­a b¸i s­Sè ng­êi:	0
C«n L«n Thiªn S­  Sè ng­êi:	1
Minh Gi¸o ch­a b¸i s­Sè ng­êi:	0
Minh Gi¸o Th¸nh ChiÕn  Sè ng­êi:	0
Minh Gi¸o TrËn Binh  Sè ng­êi:	0
Minh Gi¸o HuyÕt Nh©n  Sè ng­êi:	0
Thóy Yªn ch­a b¸i s­Sè ng­êi:	0
Thóy Yªn Vò Tiªn  Sè ng­êi:	1
Thóy Yªn Linh N÷  Sè ng­êi:	0
------------------------------------------------
Tæng sè tiÒn:3458734343 Tæng sè tiÓu ng©n phiÕu cò: 0 Tæng sè ®¹i ng©n phiÕu cò0 Tæng sè Ng©n phiÕu nhá míi:0 Tæng sè Ng©n phiÕu lín míi:0 Tæng sè Ng©n phiÕu nhá dÞ th­êng:0 Tæng sè Ng©n phiÕu lín dÞ th­êng:0
V« m«n ph¸i  Sè tiÒn:	1000100
ThiÕu L©m ch­a b¸i s­Sè tiÒn:	0
ThiÕu L©m tôc gia  Sè tiÒn:	221768102
ThiÕu L©m thiÒn t¨ng  Sè tiÒn:	73525187
ThiÕu L©m vâ t¨ng  Sè tiÒn:	1281672939
§­êng M«n ch­a b¸i s­Sè tiÒn:	0
§­êng M«n phæ th«ng  Sè tiÒn:	113653842
Nga My ch­a b¸i s­Sè tiÒn:	0
Nga My xuÊt gia  Sè tiÒn:	709832497
Nga My tôc gia  Sè tiÒn:	34540310
C¸i Bang ch­a b¸i s­Sè tiÒn:	0
C¸i Bang TÜnh y  Sè tiÒn:	37048047
C¸i Bang ¤ Y  Sè tiÒn:	67273922
Vâ §ang ch­a b¸i s­Sè tiÒn:	0
Vâ §ang ®¹o gia  Sè tiÒn:	140925865
Vâ §ang tôc gia  Sè tiÒn:	168094203
D­¬ng M«n ch­a b¸i s­Sè tiÒn:	0
D­¬ng M«n th­¬ng Kþ  Sè tiÒn:	18290488
D­¬ng M«n Cung Kþ  Sè tiÒn:	300887292
Ngò §éc      Sè tiÒn:	0
HiÖp §éc  Sè tiÒn:	160076019
Tµ §éc  Sè tiÒn:	128294111
C«n L«n ch­a b¸i s­Sè tiÒn:	0
C«n L«n Thiªn S­  Sè tiÒn:	101869
Minh Gi¸o ch­a b¸i s­Sè tiÒn:	0
Minh Gi¸o Th¸nh ChiÕn  Sè tiÒn:	0
Minh Gi¸o TrËn Binh  Sè tiÒn:	0
Minh Gi¸o HuyÕt Nh©n  Sè tiÒn:	0
Thóy Yªn ch­a b¸i s­Sè tiÒn:	0
Thóy Yªn Vò Tiªn  Sè tiÒn:	1749550
Thóy Yªn Linh N÷  Sè tiÒn:	0
------------------------------------------------
Ph©n bè cÊp ®é nh©n vËt
1(cÊp) Sè ng­êi:	23
4(cÊp) Sè ng­êi:	1
90(cÊp) Sè ng­êi:	2218

===========================================================
H¹ng:
--------------Money--------------
1	KimCangPhôcMa	  88099009	1
2	zTOPziChñTÞchJAV	  81718650	1
3	Jx2SoaiiiK	  62199000	1
4	TieuQuyr	  58701660	1
5	Jx2NguoiQuen	  56447084	1
6	CöuV©nLong	  51324943	1
7	S2hihi	  49593182	1
8	zTiÓuQuËnChóa	  45500000	1
9	CayTien	  45500000	1
10	§¹pCøtTr©yTïmLum	  45500000	1
--------------Level--------------
1	zTop1chutichFuho	14	90	1
2	zxcvzxcv	14	90	1
3	§aiMa§Çu	14	90	1
4	zTruongVoKy	14	90	1
5	ZtOPnMK	14	90	1
6	zzzZTieuDongZzz	14	90	1
7	zHutech	14	90	1
8	zThiÕuGiaM¸yTÝnh	14	90	1
9	zzzNMK	14	90	1
10	ZxMaCung	14	90	1
--------------Repute--------------
1	Susano	3223	1
2	35xLinhNghanh	3095	1
3	1ChätTÐXØu	3072	1
4	xXBuuMx	3071	1
5	Ng­êiNæiTiÕng	3069	1
6	BCCBBBBBB	3068	1
7	phambi33	3068	1
8	ChungTinh	3066	1
9	BuffThauDem	3065	1
10	TrumSv	3065	1
--------------Honor--------------
1	JustpartNo1	148749	1
2	LoiLoiLoi	133514	1
3	iHPxTh¾ng	110339	1
4	Tr­¬ngMinhThiÖn	108014	1
5	TOPiKhoaixxxBG	100349	1
6	iITuyÒnL·ngTöIi	98748	1
7	xTruongVoky	93369	1
8	zTop1chutichFuho	84991	1
9	Jx3ManhQua	84853	1
10	CaoT¨ng§eoKÝnh	81475	1
-----------Dragon boat point-------
-----------Dragon boat time-------
Thø h¹ng phó hé 1000 Tû lÖ c¸c m«n ph¸i mµ ng­êi ch¬i gia nhËp
V« m«n ph¸i	(1/1000)	0.1%
ThiÕu L©m	(425/1000)	42.5%
Vâ §ang	(103/1000)	10.3%
Nga My	(210/1000)	21.0%
C¸i Bang	(55/1000)	5.5%
§­êng M«n	(25/1000)	2.5%
Thiªn Ba Phñ	(121/1000)	12.1%
Ngò §éc Gi¸o	(58/1000)	5.8%
C«n L«n Ph¸i	(1/1000)	0.1%
Minh gi¸o	(0/1000)	0.0%
Thóy Yªn M«n	(1/1000)	0.1%
Ngoµi thµnh	(0/1000)	0.0%
Thø h¹ng ®¼ng cÊp 1000 Tû lÖ c¸c m«n ph¸i mµ ng­êi ch¬i gia nhËp
V« m«n ph¸i	(0/1000)	0.0%
ThiÕu L©m	(431/1000)	43.1%
Vâ §ang	(76/1000)	7.6%
Nga My	(225/1000)	22.5%
C¸i Bang	(56/1000)	5.6%
§­êng M«n	(29/1000)	2.9%
Thiªn Ba Phñ	(122/1000)	12.2%
Ngò §éc Gi¸o	(59/1000)	5.9%
C«n L«n Ph¸i	(1/1000)	0.1%
Minh gi¸o	(0/1000)	0.0%
Thóy Yªn M«n	(1/1000)	0.1%
Ngoµi thµnh	(0/1000)	0.0%
Thèng kª kÕt thóc, thêi gian:2019.09.26 23:21:08


===========================================================
Ph©n bè tr­êng ph¸i ®¼ng cÊp
	V« m«n ph¸i  	ThiÕu L©m ch­a b¸i s­	ThiÕu L©m tôc gia  	ThiÕu L©m thiÒn t¨ng  	ThiÕu L©m vâ t¨ng  	§­êng M«n ch­a b¸i s­	§­êng M«n phæ th«ng  	Nga My ch­a b¸i s­	Nga My xuÊt gia  	Nga My tôc gia  	C¸i Bang ch­a b¸i s­	C¸i Bang TÜnh y  	C¸i Bang ¤ Y  	Vâ §ang ch­a b¸i s­	Vâ §ang ®¹o gia  	Vâ §ang tôc gia  	D­¬ng M«n ch­a b¸i s­	D­¬ng M«n th­¬ng Kþ  	D­¬ng M«n Cung Kþ  	Ngò §éc      	HiÖp §éc  	Tµ §éc  	C«n L«n ch­a b¸i s­	C«n L«n Thiªn S­  	Minh Gi¸o ch­a b¸i s­	Minh Gi¸o Th¸nh ChiÕn  	Minh Gi¸o TrËn Binh  	Minh Gi¸o HuyÕt Nh©n  	Thóy Yªn ch­a b¸i s­	Thóy Yªn Vò Tiªn  	Thóy Yªn Linh N÷  
 1	[23]	[0]	[0]	[0]	[0]	[0]	[0]	[0]	[0]	[0]	[0]	[0]	[0]	[0]	[0]	[0]	[0]	[0]	[0]	[0]	[0]	[0]	[0]	[0]	[0]	[0]	[0]	[0]	[0]	[0]	[0]
 4	[1]	[0]	[0]	[0]	[0]	[0]	[0]	[0]	[0]	[0]	[0]	[0]	[0]	[0]	[0]	[0]	[0]	[0]	[0]	[0]	[0]	[0]	[0]	[0]	[0]	[0]	[0]	[0]	[0]	[0]	[0]
90	[0]	[0]	[40]	[51]	[1140]	[0]	[53]	[0]	[282]	[47]	[0]	[44]	[54]	[0]	[58]	[141]	[0]	[45]	[168]	[0]	[61]	[32]	[0]	[1]	[0]	[0]	[0]	[0]	[0]	[1]	[0]
Total: 2242


Ph©n bè ®¨ng nhËp
	V« m«n ph¸i  	ThiÕu L©m ch­a b¸i s­	ThiÕu L©m tôc gia  	ThiÕu L©m thiÒn t¨ng  	ThiÕu L©m vâ t¨ng  	§­êng M«n ch­a b¸i s­	§­êng M«n phæ th«ng  	Nga My ch­a b¸i s­	Nga My xuÊt gia  	Nga My tôc gia  	C¸i Bang ch­a b¸i s­	C¸i Bang TÜnh y  	C¸i Bang ¤ Y  	Vâ §ang ch­a b¸i s­	Vâ §ang ®¹o gia  	Vâ §ang tôc gia  	D­¬ng M«n ch­a b¸i s­	D­¬ng M«n th­¬ng Kþ  	D­¬ng M«n Cung Kþ  	Ngò §éc      	HiÖp §éc  	Tµ §éc  	C«n L«n ch­a b¸i s­	C«n L«n Thiªn S­  	Minh Gi¸o ch­a b¸i s­	Minh Gi¸o Th¸nh ChiÕn  	Minh Gi¸o TrËn Binh  	Minh Gi¸o HuyÕt Nh©n  	Thóy Yªn ch­a b¸i s­	Thóy Yªn Vò Tiªn  	Thóy Yªn Linh N÷  
 1	[18]	[0]	[0]	[0]	[0]	[0]	[0]	[0]	[0]	[0]	[0]	[0]	[0]	[0]	[0]	[0]	[0]	[0]	[0]	[0]	[0]	[0]	[0]	[0]	[0]	[0]	[0]	[0]	[0]	[0]	[0]
 4	[1]	[0]	[0]	[0]	[0]	[0]	[0]	[0]	[0]	[0]	[0]	[0]	[0]	[0]	[0]	[0]	[0]	[0]	[0]	[0]	[0]	[0]	[0]	[0]	[0]	[0]	[0]	[0]	[0]	[0]	[0]
90	[0]	[0]	[40]	[51]	[1140]	[0]	[53]	[0]	[282]	[47]	[0]	[44]	[54]	[0]	[58]	[141]	[0]	[45]	[168]	[0]	[61]	[32]	[0]	[1]	[0]	[0]	[0]	[0]	[0]	[1]	[0]
Total: 2237


Ph©n bè ®¨ng nhËp lÇn ®Çu
	V« m«n ph¸i  	ThiÕu L©m ch­a b¸i s­	ThiÕu L©m tôc gia  	ThiÕu L©m thiÒn t¨ng  	ThiÕu L©m vâ t¨ng  	§­êng M«n ch­a b¸i s­	§­êng M«n phæ th«ng  	Nga My ch­a b¸i s­	Nga My xuÊt gia  	Nga My tôc gia  	C¸i Bang ch­a b¸i s­	C¸i Bang TÜnh y  	C¸i Bang ¤ Y  	Vâ §ang ch­a b¸i s­	Vâ §ang ®¹o gia  	Vâ §ang tôc gia  	D­¬ng M«n ch­a b¸i s­	D­¬ng M«n th­¬ng Kþ  	D­¬ng M«n Cung Kþ  	Ngò §éc      	HiÖp §éc  	Tµ §éc  	C«n L«n ch­a b¸i s­	C«n L«n Thiªn S­  	Minh Gi¸o ch­a b¸i s­	Minh Gi¸o Th¸nh ChiÕn  	Minh Gi¸o TrËn Binh  	Minh Gi¸o HuyÕt Nh©n  	Thóy Yªn ch­a b¸i s­	Thóy Yªn Vò Tiªn  	Thóy Yªn Linh N÷  
 1	[18]	[0]	[0]	[0]	[0]	[0]	[0]	[0]	[0]	[0]	[0]	[0]	[0]	[0]	[0]	[0]	[0]	[0]	[0]	[0]	[0]	[0]	[0]	[0]	[0]	[0]	[0]	[0]	[0]	[0]	[0]
 4	[1]	[0]	[0]	[0]	[0]	[0]	[0]	[0]	[0]	[0]	[0]	[0]	[0]	[0]	[0]	[0]	[0]	[0]	[0]	[0]	[0]	[0]	[0]	[0]	[0]	[0]	[0]	[0]	[0]	[0]	[0]
90	[0]	[0]	[40]	[51]	[1140]	[0]	[53]	[0]	[282]	[47]	[0]	[44]	[54]	[0]	[58]	[141]	[0]	[45]	[168]	[0]	[61]	[32]	[0]	[1]	[0]	[0]	[0]	[0]	[0]	[1]	[0]
Total: 2237


Ph©n bè nh©n vËt ®óng 1 th¸ng kh«ng ®¨ng nhËp trß ch¬i.
	V« m«n ph¸i  	ThiÕu L©m ch­a b¸i s­	ThiÕu L©m tôc gia  	ThiÕu L©m thiÒn t¨ng  	ThiÕu L©m vâ t¨ng  	§­êng M«n ch­a b¸i s­	§­êng M«n phæ th«ng  	Nga My ch­a b¸i s­	Nga My xuÊt gia  	Nga My tôc gia  	C¸i Bang ch­a b¸i s­	C¸i Bang TÜnh y  	C¸i Bang ¤ Y  	Vâ §ang ch­a b¸i s­	Vâ §ang ®¹o gia  	Vâ §ang tôc gia  	D­¬ng M«n ch­a b¸i s­	D­¬ng M«n th­¬ng Kþ  	D­¬ng M«n Cung Kþ  	Ngò §éc      	HiÖp §éc  	Tµ §éc  	C«n L«n ch­a b¸i s­	C«n L«n Thiªn S­  	Minh Gi¸o ch­a b¸i s­	Minh Gi¸o Th¸nh ChiÕn  	Minh Gi¸o TrËn Binh  	Minh Gi¸o HuyÕt Nh©n  	Thóy Yªn ch­a b¸i s­	Thóy Yªn Vò Tiªn  	Thóy Yªn Linh N÷  
Total: 0


Ph©n bè nh©n vËt tõ 1 tuÇn ®Õn 1 th¸ng kh«ng ®¨ng nhËp trß ch¬i.
	V« m«n ph¸i  	ThiÕu L©m ch­a b¸i s­	ThiÕu L©m tôc gia  	ThiÕu L©m thiÒn t¨ng  	ThiÕu L©m vâ t¨ng  	§­êng M«n ch­a b¸i s­	§­êng M«n phæ th«ng  	Nga My ch­a b¸i s­	Nga My xuÊt gia  	Nga My tôc gia  	C¸i Bang ch­a b¸i s­	C¸i Bang TÜnh y  	C¸i Bang ¤ Y  	Vâ §ang ch­a b¸i s­	Vâ §ang ®¹o gia  	Vâ §ang tôc gia  	D­¬ng M«n ch­a b¸i s­	D­¬ng M«n th­¬ng Kþ  	D­¬ng M«n Cung Kþ  	Ngò §éc      	HiÖp §éc  	Tµ §éc  	C«n L«n ch­a b¸i s­	C«n L«n Thiªn S­  	Minh Gi¸o ch­a b¸i s­	Minh Gi¸o Th¸nh ChiÕn  	Minh Gi¸o TrËn Binh  	Minh Gi¸o HuyÕt Nh©n  	Thóy Yªn ch­a b¸i s­	Thóy Yªn Vò Tiªn  	Thóy Yªn Linh N÷  
Total: 0


Ph©n bè nh©n vËt ®óng 1 tuÇn kh«ng ®¨ng nhËp trß ch¬i.
	V« m«n ph¸i  	ThiÕu L©m ch­a b¸i s­	ThiÕu L©m tôc gia  	ThiÕu L©m thiÒn t¨ng  	ThiÕu L©m vâ t¨ng  	§­êng M«n ch­a b¸i s­	§­êng M«n phæ th«ng  	Nga My ch­a b¸i s­	Nga My xuÊt gia  	Nga My tôc gia  	C¸i Bang ch­a b¸i s­	C¸i Bang TÜnh y  	C¸i Bang ¤ Y  	Vâ §ang ch­a b¸i s­	Vâ §ang ®¹o gia  	Vâ §ang tôc gia  	D­¬ng M«n ch­a b¸i s­	D­¬ng M«n th­¬ng Kþ  	D­¬ng M«n Cung Kþ  	Ngò §éc      	HiÖp §éc  	Tµ §éc  	C«n L«n ch­a b¸i s­	C«n L«n Thiªn S­  	Minh Gi¸o ch­a b¸i s­	Minh Gi¸o Th¸nh ChiÕn  	Minh Gi¸o TrËn Binh  	Minh Gi¸o HuyÕt Nh©n  	Thóy Yªn ch­a b¸i s­	Thóy Yªn Vò Tiªn  	Thóy Yªn Linh N÷  
Total: 0


Ph©n bè nh©n vËt 1 th¸ng trë lªn kh«ng ®¨ng nhËp trß ch¬i.
	V« m«n ph¸i  	ThiÕu L©m ch­a b¸i s­	ThiÕu L©m tôc gia  	ThiÕu L©m thiÒn t¨ng  	ThiÕu L©m vâ t¨ng  	§­êng M«n ch­a b¸i s­	§­êng M«n phæ th«ng  	Nga My ch­a b¸i s­	Nga My xuÊt gia  	Nga My tôc gia  	C¸i Bang ch­a b¸i s­	C¸i Bang TÜnh y  	C¸i Bang ¤ Y  	Vâ §ang ch­a b¸i s­	Vâ §ang ®¹o gia  	Vâ §ang tôc gia  	D­¬ng M«n ch­a b¸i s­	D­¬ng M«n th­¬ng Kþ  	D­¬ng M«n Cung Kþ  	Ngò §éc      	HiÖp §éc  	Tµ §éc  	C«n L«n ch­a b¸i s­	C«n L«n Thiªn S­  	Minh Gi¸o ch­a b¸i s­	Minh Gi¸o Th¸nh ChiÕn  	Minh Gi¸o TrËn Binh  	Minh Gi¸o HuyÕt Nh©n  	Thóy Yªn ch­a b¸i s­	Thóy Yªn Vò Tiªn  	Thóy Yªn Linh N÷  
Total: 0




==============
Faction level and money statdata (top 10)=====
ThiÕu L©m-Thø h¹ng phó hé 10
1	KimCangPhôcMa	88099009
2	zTOPziChñTÞchJAV	81718650
3	Jx2SoaiiiK	62199000
4	§¹pCøtTr©yTïmLum	45500000
5	JustpartNo1	38741820
6	TopXxXSÕpTængJav	35014847
7	12345678a	31540543
8	xTruongVoky	30954258
9	zzzZTieuDongZzz	30848001
10	KingKong	30000000
-------------------------------------------------
Vâ §ang-Thø h¹ng phó hé 10
1	CöuV©nLong	51324943
2	CayTien	45500000
3	ATr­¬ngMinhThiÖn	28222451
4	§aiMa§Çu	20970105
5	Qu¹tGiÊy	20680247
6	Clone123	14562000
7	MMMMMM	14012500
8	qcwdqdwc	12958001
9	Clone121	12869000
10	zThiÕuGiaM¸yTÝnh	12224593
-------------------------------------------------
Nga My-Thø h¹ng phó hé 10
1	S2hihi	49593182
2	zTiÓuQuËnChóa	45500000
3	iTopNMKLong	34045739
4	ChickenKFG	28800909
5	35xGaiNghanh	27181930
6	phambi33	19908457
7	Yªu§¹iGiaKiªn9x	19777826
8	Ngoctam	19687109
9	BietNoiJday	15171958
10	CµKhÞa	14980000
-------------------------------------------------
C¸i Bang-Thø h¹ng phó hé 10
1	BCCBBBBBB	31722310
2	Tr­¬ngMinhThiÖn	13872508
3	iiAnh3	13501000
4	iii798Muoi	9752582
5	222hn22222222222	7447500
6	DaQuaDi	6511000
7	B52CBB	6500000
8	ZzKieuPhongZ	4911650
9	HµnTh­¬ngNg«n	3040075
10	456785	2090000
-------------------------------------------------
§­êng M«n-Thø h¹ng phó hé 10
1	zxcvzxcv	44254813
2	Susano	19893341
3	X1231V2312	14220000
4	zxdvbb	13200000
5	zKzISThieuLamzKz	7399600
6	iAmSoHot	5939991
7	oooKillooo	3237000
8	KImBac	3016680
9	YaYaya	871495
10	ppaharr	578500
-------------------------------------------------
Thiªn Ba Phñ-Thø h¹ng phó hé 10
1	IV¹nTiÔnXuyªnTim	42010886
2	S2MaCungZS	30748864
3	HocSinh	25170040
4	Jx2KiÒuNguyÖtNga	24043995
5	V¹nXuyªnTiÔn	22138000
6	LoiLoiLoi	21837502
7	ZxMaCung	13844970
8	iCãAnhë§©yRåi	12247010
9	iDGCiHoangSuPhu	10470915
10	ConNhµNg­êiTa	10088700
-------------------------------------------------
Ngò §éc Gi¸o-Thø h¹ng phó hé 10
1	TieuQuyr	58701660
2	Jx2NguoiQuen	56447084
3	BHxSTVoTinh	28147593
4	§¹iGiaKiªnPr«9x	22157277
5	zxcxcx	19026011
6	NgòConNhµBµ§éc	13961235
7	nmhjutyu	13030000
8	CæConNhµBµSu	11062268
9	Ch¬iS©u	10910000
10	iOsHoaNang	8428500
-------------------------------------------------
C«n L«n Ph¸i-Thø h¹ng phó hé 10
1	§en§¸Kh«ng§­êng	101869
2		0
3		0
4		0
5		0
6		0
7		0
8		0
9		0
10		0
-------------------------------------------------
Minh gi¸o-Thø h¹ng phó hé 10
1		0
2		0
3		0
4		0
5		0
6		0
7		0
8		0
9		0
10		0
-------------------------------------------------
Thóy Yªn M«n-Thø h¹ng phó hé 10
1	xKaZunNa	1749550
2		0
3		0
4		0
5		0
6		0
7		0
8		0
9		0
10		0
-------------------------------------------------
ThiÕu L©m-Thø h¹ng ®¼ng cÊp 10
1:	JustpartNo1	14	90
2:	Jx2ooGau	14	90
3:	xTruongVoky	14	90
4:	CloneAi2	14	90
5:	iHPxTh¾ng	14	90
6:	CloneAi3	14	90
7:	SótV«Tinh	14	90
8:	Jx2iiBeoBeo	14	90
9:	TOPiKhoaixxxBG	14	90
10:	MxHBadBoy	14	90
-------------------------------------------------
Vâ §ang-Thø h¹ng ®¼ng cÊp 10
1:	CayTien	7	90
2:	CloneAi1	7	90
3:	§aiMa§Çu	7	90
4:	iHPxVDBx	7	90
5:	iHPxVDK	7	90
6:	HµHiÖp	7	90
7:	Jx2HoaVu	7	90
8:	zThiÕuGiaM¸yTÝnh	7	90
9:	HuyenThoai09	7	90
10:	oS2oLiÖuTaCßnYªu	7	90
-------------------------------------------------
Nga My-Thø h¹ng ®¼ng cÊp 10
1:	Jx2iiBupe	14	90
2:	ZtOPnMK	14	90
3:	Jx2LaiChauNMK	14	90
4:	nguvcl12	14	90
5:	Jx2HoaLan	14	90
6:	NMkFoll	14	90
7:	zHutech	14	90
8:	zzzNMK	14	90
9:	Zz§ångNiªnZz	14	90
10:	zHuyenThoai09	14	90
-------------------------------------------------
C¸i Bang-Thø h¹ng ®¼ng cÊp 10
1:	Tr­¬ngMinhThiÖn	7	90
2:	DaQuaDi	7	90
3:	BCCBBBBBB	7	90
4:	HµnTh­¬ngNg«n	7	90
5:	ZzKieuPhongZ	7	90
6:	iii798Muoi	7	90
7:	BaByCÇmBæng	7	90
8:	ZzAShuRazZ	7	90
9:	KuToTo	7	90
10:	iiAnh3	7	90
-------------------------------------------------
§­êng M«n-Thø h¹ng ®¼ng cÊp 10
1:	CloneAi4	7	90
2:	zxcvzxcv	7	90
3:	ThiªnM«n	7	90
4:	Susano	7	90
5:	zKzISThieuLamzKz	7	90
6:	iAmSoHot	7	90
7:	ADJx2VietCom	7	90
8:	zxccsd	7	90
9:	anhdayvbc	7	90
10:	zxdvbb	7	90
-------------------------------------------------
Thiªn Ba Phñ-Thø h¹ng ®¼ng cÊp 10
1:	zTop1chutichFuho	14	90
2:	S2MaCungZS	14	90
3:	V¹nXuyªnTiÔn	14	90
4:	TYVT11	14	90
5:	ZxMaCung	14	90
6:	XxViemDexX	14	90
7:	zZBuuMz	14	90
8:	s1dgtt	14	90
9:	S2MaCungNo1	14	90
10:	tatcaviem	14	90
-------------------------------------------------
Ngò §éc Gi¸o-Thø h¹ng ®¼ng cÊp 10
1:	iHPxCosu	7	90
2:	MèiT×nhKhãQuªn	7	90
3:	emlaai	7	90
4:	binjanuzaj	7	90
5:	Jx2iiTinhl	7	90
6:	§¹iGiaKiªnPr«9x	7	90
7:	Jx2NguoiQuen	7	90
8:	HoaLonG	7	90
9:	Kaiser	7	90
10:	VanDoc	7	90
-------------------------------------------------
C«n L«n Ph¸i-Thø h¹ng ®¼ng cÊp 10
1:	§en§¸Kh«ng§­êng	7	90
2:		0	0
3:		0	0
4:		0	0
5:		0	0
6:		0	0
7:		0	0
8:		0	0
9:		0	0
10:		0	0
-------------------------------------------------
Minh gi¸o-Thø h¹ng ®¼ng cÊp 10
1:		0	0
2:		0	0
3:		0	0
4:		0	0
5:		0	0
6:		0	0
7:		0	0
8:		0	0
9:		0	0
10:		0	0
-------------------------------------------------
Thóy Yªn M«n-Thø h¹ng ®¼ng cÊp 10
1:	xKaZunNa	7	90
2:		0	0
3:		0	0
4:		0	0
5:		0	0
6:		0	0
7:		0	0
8:		0	0
9:		0	0
10:		0	0
-------------------------------------------------


==============
Faction level and money stat data end=====
