2019.09.26 09:13:25
§ang log ng­êi ch¬i cã ng©n l­îng trªn 1000 v¹n
[money]	dta111	00000000	ThiÕu L©m vâ t¨ng  	7	99	0	38263159
[money]	amxvippr04	000000i000000	D­¬ng M«n Cung Kþ  	7	99	40	20789800
[money]	nhockut96	000ALi000	D­¬ng M«n Cung Kþ  	7	99	20	40280000
[money]	lamhoang12542	051154aa	ThiÕu L©m vâ t¨ng  	7	99	3265004855	48217465
[money]	nambeo038	0988123456	Nga My tôc gia  	7	99	0	41000000
[money]	hypeadron	0Hiihihi123	ThiÕu L©m vâ t¨ng  	7	99	23	26942186
[money]	qweqaz141	0PkChinhPhai	ThiÕu L©m vâ t¨ng  	7	99	25	16000000
[money]	chosoihatam1111	111111	Nga My xuÊt gia  	7	99	1000000	12116000
[money]	chaugiaky1	11111111111w	Nga My xuÊt gia  	7	99	146357800	15138619
[money]	tamtinhtoan	11234123	ThiÕu L©m vâ t¨ng  	7	99	2901196	37646660
[money]	trunghp94	113HaiPhong	ThiÕu L©m vâ t¨ng  	0	99	0	40800400
[money]	cbbeo2	123123	ThiÕu L©m vâ t¨ng  	0	99	0	39958500
[money]	chaugiaky3	12312311	Vâ §ang ®¹o gia  	7	99	9400178	40998500
[money]	nhimxua1	123aaaaaa	C¸i Bang TÜnh y  	0	99	0	50000000
[money]	tamkien97	123ngoisao	ThiÕu L©m vâ t¨ng  	0	99	0	29943500
[money]	thanhkhang111	123qwe123	Nga My xuÊt gia  	7	99	0	47075500
[money]	nhatbs	1bongdoatthienha	C¸i Bang ¤ Y  	7	99	0	30943506
[money]	thienthien	1CuocQuyTien	ThiÕu L©m vâ t¨ng  	7	99	18	39986500
[money]	volam2019vn	1cuocquytien1	ThiÕu L©m vâ t¨ng  	7	99	0	39378500
[money]	hvt02051994	1CuocQuyTien3	ThiÕu L©m vâ t¨ng  	7	99	18	18080000
[money]	ttdakto113	1stEndGame	ThiÕu L©m vâ t¨ng  	7	99	58205535	33924001
[money]	ducrovip255	1sutquytien	ThiÕu L©m vâ t¨ng  	7	99	51	31162703
[money]	lvducht	1Vac1Mang	ThiÕu L©m vâ t¨ng  	7	99	0	41078161
[money]	tamcute1995	1vac456456	D­¬ng M«n th­¬ng Kþ  	7	99	0	38779220
[money]	ngoduydat88	1VACDi5em	ThiÕu L©m vâ t¨ng  	7	99	0	40992500
[money]	chaugiaky2	213123aa	Vâ §ang tôc gia  	7	99	76200286	18998500
[money]	chaugiaky2	31212312	HiÖp §éc  	7	99	2400039	40998500
[money]	queonhoc2	321312dsa	Nga My xuÊt gia  	7	99	0	32998500
[money]	queonhoc1	321321sada	Nga My tôc gia  	7	99	14	35414000
[money]	xxll201	321qwe	C¸i Bang TÜnh y  	7	99	20000000	43382101
[money]	phuochoangkt0984	3333333333333	HiÖp §éc  	7	99	0	39970561
[money]	chaugiaky	343242342	ThiÕu L©m vâ t¨ng  	7	99	314672331	20411677
[money]	trangia1	4124124	C¸i Bang TÜnh y  	7	99	0	34660000
[money]	quangvuha90	45345345	ThiÕu L©m vâ t¨ng  	0	99	0	40998500
[money]	nhocluatinh	5463455	ThiÕu L©m vâ t¨ng  	7	99	1160000000	50000000
[money]	jjtjaa1	564485	ThiÕu L©m vâ t¨ng  	7	99	20000000	40998500
[money]	juffx159	5Déc§aT×nh	HiÖp §éc  	7	99	0	41000100
[money]	tranchuong	5xBaDao	ThiÕu L©m vâ t¨ng  	0	50	3369966	19820000
[money]	bestbun1	68iXvacHôtSml	ThiÕu L©m vâ t¨ng  	7	99	16	21566952
[money]	levantinh123	8ConGµCon	ThiÕu L©m vâ t¨ng  	7	99	1200018	13987040
[money]	phuckg2350vn	aaaaaaaaaaaaaaaa	Nga My xuÊt gia  	7	99	35	13492500
[money]	ntd9595	Abramovic	ThiÕu L©m vâ t¨ng  	7	99	0	41000000
[money]	kunthuyen02	adadasdsad	ThiÕu L©m vâ t¨ng  	7	99	0	41538000
[money]	longkaito	ADxChÞH»ngAlone	Nga My xuÊt gia  	7	99	0	50000000
[money]	xuantuan66	ADxCSSieuMUP	Tµ §éc  	7	99	20000013	40998500
[money]	xuantuan33	ADxTuÊnCiuTo	D­¬ng M«n Cung Kþ  	7	99	156000015	38974000
[money]	xuantuan33	ADxTuÊnSiuMóp	ThiÕu L©m vâ t¨ng  	7	99	1482183613	49500000
[money]	leduyson	AGEzKiemCun	Vâ §ang ®¹o gia  	7	99	0	16944000
[money]	nhockut96	akalii	ThiÕu L©m vâ t¨ng  	7	99	0	41000000
[money]	bphuong102	AkiraToRiYaMa	ThiÕu L©m vâ t¨ng  	0	99	18	40998000
[money]	cukuin	Alexander§¹i§Õ	ThiÕu L©m vâ t¨ng  	7	99	0	33805580
[money]	yuhuli1	AliBaba	C¸i Bang ¤ Y  	7	99	8	29786300
[money]	hoplp146	alibabs	ThiÕu L©m vâ t¨ng  	7	99	0	23735870
[money]	cbbeo1	Aloalo123	ThiÕu L©m vâ t¨ng  	7	99	20000025	20536390
[money]	minhcusut2019	AnhDaTroLai	ThiÕu L©m vâ t¨ng  	7	99	0	18358052
[money]	43017lam	AnhHïngX¹§iªu	ThiÕu L©m vâ t¨ng  	7	99	195320561	59979120
[money]	emtaboi1	AnhKhoa	ThiÕu L©m vâ t¨ng  	7	99	27	50000000
[money]	19001560	AnhLaoLamSon	C¸i Bang TÜnh y  	7	99	24	31698600
[money]	anhtrong3	AnhTrong	D­¬ng M«n th­¬ng Kþ  	7	99	20000023	30620000
[money]	anhtrongdz	AnhTrongG	V« m«n ph¸i  	0	97	648190305	10643312
[money]	hitpro	anlnhe	ThiÕu L©m vâ t¨ng  	7	99	0	41000000
[money]	nam2211	Anxiety	ThiÕu L©m vâ t¨ng  	7	99	54674582	31638229
[money]	amxvippr05	asasasasa	Thóy Yªn Vò Tiªn  	7	99	1900226	15898553
[money]	datkyo1998	asd124	ThiÕu L©m vâ t¨ng  	7	99	21	11196148
[money]	diachu02	asdasdasd	Nga My xuÊt gia  	7	99	0	39999000
[money]	diachu01	asdasdsd	D­¬ng M«n Cung Kþ  	7	99	1100082	46419475
[money]	thunter222	asdsad1	ThiÕu L©m vâ t¨ng  	0	99	0	20398500
[money]	tunghndt009	asdsasad	ThiÕu L©m vâ t¨ng  	7	99	0	40258201
[money]	anhcoloigi	asdsawewqeqw	Nga My xuÊt gia  	7	99	0	38995500
[money]	thanhtinh2	AsuNaa	Nga My xuÊt gia  	0	99	0	40998600
[money]	pkcuimia1	ATanDaiHiep	ThiÕu L©m vâ t¨ng  	7	99	0	41000000
[money]	pkcuimia2	ATanDaiHiep02	ThiÕu L©m vâ t¨ng  	7	99	75000000	50000000
[money]	mdbinh	Authentic	Tµ §éc  	7	99	22	18793260
[money]	duykaka	AUTO123	Vâ §ang ®¹o gia  	7	99	49580000	32939000
[money]	laogiamin6	awarki	D­¬ng M«n Cung Kþ  	7	99	0	39337820
[money]	anhthoidkr	B52MaiMaiYeuEm	ThiÕu L©m vâ t¨ng  	7	99	0	40612500
[money]	kenbikiet9x01	B52MaiYeuem	ThiÕu L©m vâ t¨ng  	7	99	5598	36683317
[money]	phongruaakatt	B52zYeuzEm	ThiÕu L©m vâ t¨ng  	7	99	68664190	54241036
[money]	volamlivk	BabyFag	ThiÕu L©m thiÒn t¨ng  	7	99	0	19087000
[money]	kuphoc2000	BachLong	D­¬ng M«n th­¬ng Kþ  	7	99	35921634	96214460
[money]	shinky1	BaGomT	Nga My xuÊt gia  	7	99	21	49197000
[money]	kidred1	BãngGång	D­¬ng M«n Cung Kþ  	7	99	0	37400000
[money]	yugigx1994	BangTâm	ThiÕu L©m tôc gia  	7	99	0	41000000
[money]	manhhung1997	Baybayyyy	Nga My xuÊt gia  	7	99	0	41600001
[money]	manhhung1997	BayyBayyy	Nga My xuÊt gia  	7	99	26519274	23378826
[money]	dactrung1	Bçng§·CÈu	C¸i Bang ¤ Y  	7	99	23	31295880
[money]	trangthe18	BÐTËpSót	ThiÕu L©m vâ t¨ng  	7	99	15	27638500
[money]	linhpro147147	BeBuz1	ThiÕu L©m vâ t¨ng  	7	99	1	38576232
[money]	truonghaibinh99	BeCao789	Nga My xuÊt gia  	7	99	0	50000000
[money]	phuoc1233vn	bègiµFK®ÓF9	ThiÕu L©m vâ t¨ng  	7	99	0	33000000
[money]	phuoc1255vn2019	BèG×aPK§Ò3F9	ThiÕu L©m vâ t¨ng  	7	99	0	32997500
[money]	phuoc1233vn	BèG×a§åS¸t	ThiÕu L©m vâ t¨ng  	7	99	0	17000000
[money]	kimara1	BèMµyÐoPh¶iT­în	ThiÕu L©m vâ t¨ng  	7	99	11	22861500
[money]	beoga195	BeoBungBu	ThiÕu L©m vâ t¨ng  	7	99	0	41477261
[money]	nobita1	Beoooo	ThiÕu L©m vâ t¨ng  	7	99	0	40000000
[money]	tieptt197	BePatient	ThiÕu L©m vâ t¨ng  	7	99	240728879	35575000
[money]	longksl199	BeTapBanCung	D­¬ng M«n Cung Kþ  	7	99	859231200	30928470
[money]	longksl198	BeTapBuff	Nga My xuÊt gia  	7	99	396859973	35223450
[money]	vuvanthap	BeTapChoi	ThiÕu L©m vâ t¨ng  	7	99	6	39920000
[money]	minhtam1509	BeWhyz2	ThiÕu L©m vâ t¨ng  	7	99	0	19130000
[money]	linhpro123123	BezBut	Nga My xuÊt gia  	7	99	0	37799000
[money]	gaqua01	Bè§ÞzSîAi	ThiÕu L©m vâ t¨ng  	7	99	9956	18100298
[money]	bphuong101	BFFConB­ímXinh	Vâ §ang tôc gia  	7	99	16	17000000
[money]	bphuong101	BFFC«Gi¸oTh¶o	D­¬ng M«n th­¬ng Kþ  	7	99	105	21047000
[money]	quocdau2	BiKinh0o0	Nga My xuÊt gia  	7	99	21000022	26754000
[money]	quocdau1	BiKinI0oO	ThiÕu L©m vâ t¨ng  	7	99	16568	28442343
[money]	cuoctinh100	BimBim	ThiÕu L©m vâ t¨ng  	7	99	296660020	20040000
[money]	luanluan3	binbin	ThiÕu L©m vâ t¨ng  	7	99	0	40995500
[money]	truonghaibinh99	BinhCaCa	HiÖp §éc  	7	99	15126	95119225
[money]	lbhkdalat99	BKVi1102z	ThiÕu L©m vâ t¨ng  	7	99	50824759	11863895
[money]	lbhkdalat999	BKViCaVeBuff	Nga My xuÊt gia  	7	99	26144943	12484095
[money]	anhcloudnine1	BlackLA	ThiÕu L©m vâ t¨ng  	7	99	0	41000000
[money]	vcldkm11	BMWxTLQ	ThiÕu L©m vâ t¨ng  	7	99	20000000	41000000
[money]	tonnat6000	BonBon	ThiÕu L©m vâ t¨ng  	7	99	0	38358500
[money]	cnghia11	BôngBùBóBãng	ThiÕu L©m vâ t¨ng  	0	99	147981776	21765500
[money]	tanmom	BooHanCook	Nga My xuÊt gia  	7	99	82249199	30738748
[money]	supertmt1988	BoTreCon	§­êng M«n phæ th«ng  	7	99	6271143	19041000
[money]	supertmt1988	BoTreConz	D­¬ng M«n th­¬ng Kþ  	7	99	0	40101480
[money]	hoilamgi	BótThiªnLong	Vâ §ang tôc gia  	7	99	0	41788640
[money]	haquanguy46	BótVÏGiangS¬n	Vâ §ang tôc gia  	7	99	16	17146821
[money]	welinegen1996	BouchraVanPersie	Nga My xuÊt gia  	7	99	20000000	38265500
[money]	nhocprotk9x12	Braumm	ThiÕu L©m vâ t¨ng  	7	99	0	31660000
[money]	brorith2019	brorith0	ThiÕu L©m vâ t¨ng  	7	99	0	42406631
[money]	bongrith40500	brorith01	C¸i Bang ¤ Y  	7	99	0	37420705
[money]	anhtrong1	BuffChoAnh	Nga My xuÊt gia  	7	99	33866943	14758513
[money]	dongdubai1	BuffChoDuBai	Nga My xuÊt gia  	7	99	36972712	34847825
[money]	daitonglieu123	buffchotao	Nga My xuÊt gia  	7	99	0	40285155
[money]	anhhao222222	BufFFFFFF	Nga My xuÊt gia  	7	99	0	16358500
[money]	daida02	BuffLßiB­ím	Nga My xuÊt gia  	7	99	25	31632000
[money]	chuong1	Buffnhulol	Nga My xuÊt gia  	7	99	54834202	33238500
[money]	n270219971	BuffSv	Nga My xuÊt gia  	7	99	0	30200000
[money]	tanjija1	buffteloz	Nga My xuÊt gia  	7	99	0	14547000
[money]	quanmap1	BuffTom	Nga My xuÊt gia  	7	99	6639323	39603326
[money]	buixuanbao1997	BuiXuan	ThiÕu L©m vâ t¨ng  	7	99	22463893	34298656
[money]	buixuanbao1997	BUIXUANBAO	Vâ §ang tôc gia  	7	99	0	23213655
[money]	songuku1992	BumBumBum	D­¬ng M«n th­¬ng Kþ  	7	99	5	41000000
[money]	quyendiec	BuoiBang1cm	ThiÕu L©m vâ t¨ng  	7	99	25	50000000
[money]	vuvanthap1	BupCui	Nga My xuÊt gia  	7	99	0	29900000
[money]	kalima1	BupFhe88	Nga My xuÊt gia  	7	99	75803828	29479384
[money]	jetemdj	bxshinigami	Nga My xuÊt gia  	7	99	22000000	39738500
[money]	phuoc1233vn	BåG×a§åS¸t	ThiÕu L©m vâ t¨ng  	7	99	0	17000000
[money]	zdieukhang2	B¶oTiªn	Thóy Yªn Vò Tiªn  	7	99	12500461	36249550
[money]	anhtienlk2	B¸chLýTöNam	HiÖp §éc  	7	99	956	41000000
[money]	anhtienlk	B¸chLý§»ngV©n	ThiÕu L©m vâ t¨ng  	7	99	0	33000000
[money]	thanhvipxt	B¹chPh­îngCöu	Nga My xuÊt gia  	7	99	0	21712140
[money]	ak111sh	B¹chThiÕuGia	C¸i Bang TÜnh y  	0	99	74000000	35600045
[money]	satthucamtruong	B¾nTØa	D­¬ng M«n Cung Kþ  	7	99	0	37089000
[money]	vkyeu1205	CacCungTheem	ThiÕu L©m vâ t¨ng  	7	99	54	28506474
[money]	kiemmynga	CaFe2222	Nga My xuÊt gia  	7	99	108726812	19323395
[money]	danmynga	CaFe3333	Nga My tôc gia  	7	99	7000012	38000000
[money]	traodocngu	CaFe4444	Tµ §éc  	7	99	20000055	10094000
[money]	onthanhmy001	CamLanSuc	Nga My xuÊt gia  	7	99	14	42558290
[money]	haihan3	CamThuII	Vâ §ang tôc gia  	7	99	20000005	13589604
[money]	thanmen12345	caothuxx1	ThiÕu L©m vâ t¨ng  	7	99	30002863	49300699
[money]	jantv3	Capitalland	ThiÕu L©m vâ t¨ng  	7	99	0	41000000
[money]	admin123	caubevang99x	ThiÕu L©m vâ t¨ng  	7	99	5	40998500
[money]	hoilamgi1	caveBUFF	Nga My xuÊt gia  	0	99	0	27999262
[money]	titannet2	CaveQuËn7	Nga My xuÊt gia  	7	99	0	16998500
[money]	volam2	CaVeTeLe	Tµ §éc  	7	99	1	40998500
[money]	nobita1	CAVEXXX	Vâ §ang tôc gia  	7	99	3881844	33255413
[money]	cachiusa1	Cavexxxx	Nga My xuÊt gia  	7	99	0	11603540
[money]	ranhqua1	CÉmMÞch	Nga My tôc gia  	7	99	15	40098500
[money]	trunghihi2003	CËn9§é	ThiÕu L©m vâ t¨ng  	7	99	20000038	22922624
[money]	acctrang1997	CËu3SayL¾k	C¸i Bang ¤ Y  	7	99	18	29946980
[money]	antonioz	CËuBÐBuån	ThiÕu L©m vâ t¨ng  	7	99	11413046	38132285
[money]	cailolgithe	CËuBÐB¸nDam	ThiÕu L©m vâ t¨ng  	7	99	41	36111470
[money]	trangthe17	CËuNgèc	C¸i Bang TÜnh y  	7	99	0	37900000
[money]	lamdua112	ChanCaNhat	Nga My xuÊt gia  	7	99	5000137	44783500
[money]	lamdua111	ChanCaThot	ThiÕu L©m vâ t¨ng  	7	99	5772009	19318108
[money]	bezy21	chanqua	Nga My xuÊt gia  	7	99	20000000	11900000
[money]	neumaythich2222	ChanShin	Nga My xuÊt gia  	7	99	68765789	17847941
[money]	nhatbs	chayngaydi	Nga My tôc gia  	7	99	20000005	26290650
[money]	bathinh1	ChayXeSH	ThiÕu L©m vâ t¨ng  	7	99	20000020	39758500
[money]	huytamky3	CheAoJx2	Vâ §ang tôc gia  	0	99	0	40900000
[money]	chuong2	Chedovlog	D­¬ng M«n Cung Kþ  	0	99	0	20038500
[money]	huytamky2	CheMuJx2	Tµ §éc  	0	99	0	40970000
[money]	chevannhan3	chevannhan3	ThiÕu L©m vâ t¨ng  	0	99	0	40499500
[money]	sangvh007	ChiCaGo	Nga My xuÊt gia  	7	99	122075889	14927500
[money]	asdasd123	Chichchit	Nga My xuÊt gia  	7	99	0	21500000
[money]	honivn1996	ChienThanHoang	Vâ §ang tôc gia  	7	99	63295	27275500
[money]	huuduc9999	ChiÕnThÇn	ThiÕu L©m vâ t¨ng  	7	99	0	18612300
[money]	jx2tutet46	ChóChØ1B¾n	D­¬ng M«n Cung Kþ  	7	99	20000000	40965000
[money]	emthoai1321	choiem	ThiÕu L©m vâ t¨ng  	7	99	0	30781109
[money]	anhchoiem123	choiem1	Nga My xuÊt gia  	7	99	0	24398500
[money]	quoctri	ChoMµy§¸iLu«n	ThiÕu L©m vâ t¨ng  	7	99	48	14766987
[money]	sunguyendinh	ChóTiÓu§aT×nh	ThiÕu L©m vâ t¨ng  	7	99	84052568	11598500
[money]	kuphoc1998	ChuChiNhuoc	Nga My xuÊt gia  	7	99	23806123	95140253
[money]	ruisekhung1106	ChuChØNh­îc	D­¬ng M«n th­¬ng Kþ  	7	99	0	41000000
[money]	vaicailoll	ChÆtPh¸tLªnTrêi	ThiÕu L©m tôc gia  	7	99	38150019	50000000
[money]	tnc1122	Ch©nDµi15Cm	ThiÕu L©m vâ t¨ng  	7	99	19	17012614
[money]	satthucamtruong	Ch©nSótMíiNæi	ThiÕu L©m vâ t¨ng  	7	99	258000094	14145000
[money]	daida01	Ch©n§Êt	ThiÕu L©m vâ t¨ng  	7	99	33	40997000
[money]	bphuong103	ChÞDËu	Nga My xuÊt gia  	7	99	27	47155500
[money]	chaobenha1	clonasdasd	ThiÕu L©m thiÒn t¨ng  	7	99	0	39369650
[money]	limmeo	CocTinh100nam	ThiÕu L©m vâ t¨ng  	7	99	25	29002426
[money]	ruisekhung1103	CócTÞnhY	Thóy Yªn Vò Tiªn  	7	99	109538291	25877524
[money]	minhdz	CoDerr	D­¬ng M«n Cung Kþ  	7	99	29896721	71154720
[money]	quoctri1907	ConChñTÞch	Nga My xuÊt gia  	7	99	0	11208500
[money]	tutonanhai	ConCiu	Tµ §éc  	7	99	0	41400401
[money]	trungninh1508	ConGaCon	ThiÕu L©m vâ t¨ng  	7	99	82003484	19254202
[money]	trungninh15082	ConMeoCon	Nga My xuÊt gia  	7	99	55364689	24220831
[money]	minh321a	ConTrauVL	ThiÕu L©m vâ t¨ng  	7	99	411110257	72745921
[money]	neumaythich4444	CoSu111	Tµ §éc  	7	99	3325864	44674251
[money]	43017lam2	CoSuCuaLam	Tµ §éc  	7	99	163644113	37898500
[money]	quyen9995	CristinaFerreir	Tµ §éc  	7	99	3172786933	31666730
[money]	lamphong	Crys1S	D­¬ng M«n Cung Kþ  	7	99	24	29200000
[money]	chuong2	CSiGod	Tµ §éc  	7	99	617463	10550781
[money]	cnghia5	CSzzzzz	Tµ §éc  	7	99	20000000	40998500
[money]	hungtu1593	CuBinThoAn	ThiÕu L©m thiÒn t¨ng  	7	99	200047	20494500
[money]	mackeno1	CuongLong	§­êng M«n phæ th«ng  	7	99	0	23640000
[money]	minhluan331	CuSieuTo	ThiÕu L©m vâ t¨ng  	7	99	534	10120666
[money]	binhthuong2	Cu§ÇuB¹c	ThiÕu L©m vâ t¨ng  	7	99	0	40296000
[money]	haducanh111tq	CöuV©nLong	ThiÕu L©m vâ t¨ng  	7	99	18	17663484
[money]	antoniox	C«BÐBuån	Nga My xuÊt gia  	7	99	5733423707	33152231
[money]	cailolcho	C«BÐB¸nTrinh	Nga My xuÊt gia  	7	99	18	21234000
[money]	nhatkham222	C«LaoC«ng	Nga My xuÊt gia  	7	99	0	26173994
[money]	xuantuan44	C«ThÊmSiuMóp	Nga My xuÊt gia  	7	99	43076706	37384942
[money]	longvanle430	C«Th¾m	V« m«n ph¸i  	0	83	10319394	42000000
[money]	cothamkhongve	C«Th¾mHængD×a	ThiÕu L©m vâ t¨ng  	7	99	39	16764315
[money]	cothamkove	C«Th¾m§·Z×a	Nga My xuÊt gia  	7	99	0	11949107
[money]	kiemtancodoc	C­ícTµnC«§éc	ThiÕu L©m vâ t¨ng  	7	99	13	14000000
[money]	kkunghia1	C¾tCu§iTu	ThiÕu L©m vâ t¨ng  	7	99	184420025	15503333
[money]	global3	d2da2ds2adas	Vâ §ang ®¹o gia  	0	99	0	30480000
[money]	micmap01	DaiCaBi	ThiÕu L©m vâ t¨ng  	7	99	0	30908607
[money]	amxvippr01	DaiMinhTinh	ThiÕu L©m vâ t¨ng  	7	99	0	40997007
[money]	vl21122233	DaLaDanhCan	ThiÕu L©m vâ t¨ng  	7	99	58560176	18406734
[money]	ucnhi2011	daocc1	ThiÕu L©m vâ t¨ng  	0	99	0	30432500
[money]	trinh016251	DaoCuong	D­¬ng M«n Cung Kþ  	7	99	0	30142890
[money]	queonhoc1	dasdas	Nga My tôc gia  	7	99	0	33643225
[money]	ucnhi2014	dasdasas	D­¬ng M«n th­¬ng Kþ  	0	99	0	30517000
[money]	ucnhi2012	dasdsa	ThiÕu L©m tôc gia  	0	99	0	30705500
[money]	anhdapro1991	dasdsa1111	C¸i Bang TÜnh y  	7	99	12	33559700
[money]	ucnhi2013	dasdsdas	Vâ §ang tôc gia  	0	99	0	30732500
[money]	laotonxz	DÐpT«ngLµo	ThiÕu L©m vâ t¨ng  	7	99	0	21495539
[money]	kutit17t	DeathLotuss	D­¬ng M«n Cung Kþ  	7	99	880567	50000000
[money]	kimdiem1	DgCOneHit	D­¬ng M«n Cung Kþ  	7	99	1	38899000
[money]	chem001	DGCxKenBii	D­¬ng M«n Cung Kþ  	7	99	78198584	25958000
[money]	tongson501	DGTavast	D­¬ng M«n th­¬ng Kþ  	7	99	84	47500000
[money]	truong6007	DGTTTTTTTTTTTT	D­¬ng M«n th­¬ng Kþ  	7	99	24600032	49199000
[money]	killer511	DietThan	C¸i Bang ¤ Y  	7	99	0	40466420
[money]	gaiditbu1	DiÖpThiÕuD­¬ng	D­¬ng M«n Cung Kþ  	7	99	0	36000000
[money]	tlqbokinhvan	DiÖpTu	ThiÕu L©m vâ t¨ng  	7	99	9	28297087
[money]	dimeemcr	DjCayz	D­¬ng M«n Cung Kþ  	0	99	20000000	40850000
[money]	kaka01	DoanhVoTac	ThiÕu L©m vâ t¨ng  	7	99	0	27400000
[money]	lqthanhbl	DocCoCauBai	HiÖp §éc  	7	99	351845213	50000000
[money]	thanhdat1995	DocNuNhan	Tµ §éc  	7	99	361135356	24941718
[money]	kimdiem	DoiNhuLz	C¸i Bang ¤ Y  	0	99	0	40920000
[money]	vandunghp11	DPQxGAMING95	ThiÕu L©m vâ t¨ng  	7	99	51	16305720
[money]	queonhoc3	dsadasd1	ThiÕu L©m vâ t¨ng  	7	99	0	41000000
[money]	lorenkidsn01	dsadewqeqw	ThiÕu L©m vâ t¨ng  	7	99	0	40898500
[money]	haiquyhop	duhocsinh	ThiÕu L©m vâ t¨ng  	7	99	7021800	16144625
[money]	choxuanpqkg	dunglaxucpq	Vâ §ang tôc gia  	7	99	0	41000000
[money]	longhuong	DuongThien	ThiÕu L©m vâ t¨ng  	7	99	0	36197161
[money]	dactrung2	D­¬ngBµiPhong	D­¬ng M«n Cung Kþ  	7	99	0	27295500
[money]	locvt139	EASYGAME	ThiÕu L©m vâ t¨ng  	7	99	20000000	21136332
[money]	longksl195	EmLaNamDoc	HiÖp §éc  	7	99	4050000015	42790000
[money]	yeolop10	emmuonlaichi1	ThiÕu L©m vâ t¨ng  	7	99	16	31393211
[money]	longksl197	EmTapSut	ThiÕu L©m vâ t¨ng  	7	99	546797700	20809711
[money]	amxvippr03	EmVeOngMatTroi	Vâ §ang tôc gia  	7	99	0	17000000
[money]	iobaongoc2017	EmXinhGai	Nga My xuÊt gia  	7	99	68564182	15310552
[money]	queonhoc1	emyeuanh	Nga My tôc gia  	7	99	0	41000000
[money]	huylunghp1	Em§ÑpL¾m	Nga My xuÊt gia  	7	99	0	28015149
[money]	simon22	Ezreal	ThiÕu L©m vâ t¨ng  	7	99	0	40950000
[money]	huytamky	F1zRedBull	ThiÕu L©m vâ t¨ng  	0	99	0	41000000
[money]	ucnhi2016	fasdfsd	D­¬ng M«n th­¬ng Kþ  	0	99	0	20430000
[money]	ucnhi2015	fasfassa	Vâ §ang tôc gia  	0	99	0	20400000
[money]	vinhzaqzaq	FBzBoVaiNho	C¸i Bang TÜnh y  	7	99	20	49941278
[money]	thanhtuan3	fgfgfg	ThiÕu L©m vâ t¨ng  	0	99	0	39960000
[money]	levancan1	fghfgeee	Nga My xuÊt gia  	7	99	1	18273250
[money]	natdung999	FianYoSha	§­êng M«n phæ th«ng  	7	99	0	25000000
[money]	volam1991tb	fndfml	C¸i Bang ¤ Y  	7	99	3000086	27988794
[money]	tuanprok1	frtugfduff	C¸i Bang ¤ Y  	7	99	23013	39949000
[money]	kuronasy	Full8x	Nga My tôc gia  	7	99	20000012	13500254
[money]	kuronasy	Full9x	C¸i Bang ¤ Y  	7	99	20000000	40058500
[money]	ketunguyen1	GaiXinhBUff	Nga My xuÊt gia  	7	99	0	24895500
[money]	qwer113114	GameLol	Tµ §éc  	7	99	0	41197260
[money]	quyen995	GeorginaRodrigue	Nga My xuÊt gia  	7	99	29459697	33066625
[money]	micmap01	GÊu§en	§­êng M«n phæ th«ng  	7	99	0	37748500
[money]	kimbol001	gfhhfghgfh	D­¬ng M«n Cung Kþ  	7	99	30	49998500
[money]	tamcute113	gfjhsghjdfs	HiÖp §éc  	7	99	23000075	22805489
[money]	nhtl049496	GGTtttt	D­¬ng M«n th­¬ng Kþ  	7	99	1200009	47481000
[money]	gnourt	Gnourt	C¸i Bang TÜnh y  	7	99	20000022	37898500
[money]	khoa0g	GodxZenitsu	ThiÕu L©m vâ t¨ng  	7	99	17	45098502
[money]	luanvan05	GODzZlUaNICV	ThiÕu L©m vâ t¨ng  	7	99	0	41000000
[money]	sockums	GoodBye	ThiÕu L©m vâ t¨ng  	7	99	0	40950000
[money]	hyvan66	haaaaa	§­êng M«n phæ th«ng  	7	99	81	35114000
[money]	gapro11	HacCoNuong	HiÖp §éc  	7	99	0	41000000
[money]	40dadaa	hahahahahahah	Nga My tôc gia  	7	99	0	17000000
[money]	haihan0	HaiHanI	ThiÕu L©m vâ t¨ng  	7	99	85768058	43906854
[money]	haihan2	HaiHanII	ThiÕu L©m thiÒn t¨ng  	0	80	123878244	31389418
[money]	123456q	HaNaBizJx2	ThiÕu L©m vâ t¨ng  	7	99	50608243	11943800
[money]	kharal1997	HanhPhucKhiCoEm	ThiÕu L©m vâ t¨ng  	7	99	295000024	13411230
[money]	quanhtn982	Haydoiday	Nga My xuÊt gia  	7	99	20000000	11218765
[money]	juffx159	HD®at×nh	HiÖp §éc  	7	99	8660836	15336129
[money]	bapcaile	helloae	ThiÕu L©m vâ t¨ng  	7	99	7628168	27937500
[money]	banguoinung1997	HelloEiu	ThiÕu L©m vâ t¨ng  	7	99	0	41000000
[money]	thai609	HieuPhuong	Nga My tôc gia  	7	99	22	47685011
[money]	jotarosm	Hiroshi	ThiÕu L©m vâ t¨ng  	7	99	0	50000000
[money]	binhthuong	HIV§¹iNh©n	ThiÕu L©m vâ t¨ng  	7	99	0	40998500
[money]	maidung	HoaiNiem1Thoi	ThiÕu L©m vâ t¨ng  	7	99	0	45157500
[money]	tichuotlongtong4	HoangDuBai	ThiÕu L©m vâ t¨ng  	7	99	0	13272820
[money]	dangtrung	HoaR¬iCöaPhËt	§­êng M«n phæ th«ng  	0	99	0	50000000
[money]	kuphoc1999	HoaTieu	HiÖp §éc  	7	99	33919262	100000000
[money]	anhdapro1991	Hóiinh	D­¬ng M«n Cung Kþ  	7	99	900	32574765
[money]	caibangquyet	HongThatCong	C¸i Bang TÜnh y  	7	99	48000000	50000000
[money]	bone3ngon	HótNh­Kotex	§­êng M«n phæ th«ng  	7	99	0	23647717
[money]	thaithaiduy111	HoµngPhiHång	ThiÕu L©m vâ t¨ng  	7	99	1000000	41100000
[money]	vankhiem	Ho¶C«ng§Çu	ThiÕu L©m vâ t¨ng  	7	99	0	21104732
[money]	sinny1	Ho¾cNguyªnGi¸p	D­¬ng M«n th­¬ng Kþ  	7	99	53	41000700
[money]	soidaika96x	HPzDarkLord	ThiÕu L©m vâ t¨ng  	7	99	1000021	22375880
[money]	soidaika96xx	HPzNMKzz	Nga My xuÊt gia  	7	99	1000000	38737800
[money]	quyen99995	HugoAveiro	ThiÕu L©m vâ t¨ng  	7	99	28	70736488
[money]	hplamduyen	Huyenngoc	HiÖp §éc  	7	99	2865	25896730
[money]	vaicailoll1	H­ëngC«N­¬ng	Nga My tôc gia  	7	99	20000000	34040000
[money]	vaicailoll1	H­ëngLôcMôi	Nga My xuÊt gia  	7	99	0	10495500
[money]	tinhlala113	H·yXemTa§©y	ThiÕu L©m vâ t¨ng  	7	99	24	41060001
[money]	ak111sh	H¾cThiÕuGia	Nga My xuÊt gia  	7	99	0	39796430
[money]	vovantamnt2k	i2CËuBÐMïa§«ng	ThiÕu L©m vâ t¨ng  	7	99	0	50000000
[money]	thunter000	i49B¸cHµngXãmPk	ThiÕu L©m vâ t¨ng  	7	99	7202935	41868225
[money]	tungthuc1980	i67iAGiTomKk	ThiÕu L©m vâ t¨ng  	7	99	0	40609750
[money]	phucthinh1	i71xThÞnh§«La	ThiÕu L©m vâ t¨ng  	7	99	0	40950000
[money]	gahamxa17051995	i84ThuËnGßm	ThiÕu L©m vâ t¨ng  	7	99	15	17539611
[money]	trannam198	i89zBÐBuff	Nga My xuÊt gia  	0	99	0	29122600
[money]	trannam197	i89zTrÇnDÇn	Vâ §ang tôc gia  	7	99	884079364	35240972
[money]	thanhvipxt1122	iB52zNgòAKa	ThiÕu L©m vâ t¨ng  	7	99	44	26953575
[money]	singsing	iBÐXoµi	Vâ §ang tôc gia  	7	99	0	39909830
[money]	anhbakhia2007	iBDxV×AnhTh­¬ngE	ThiÕu L©m vâ t¨ng  	7	99	0	40517000
[money]	cuoctinh101	iBimBim	Nga My xuÊt gia  	7	99	20000000	26878500
[money]	dancobra	IBMKingDomMe	ThiÕu L©m vâ t¨ng  	7	99	0	14320000
[money]	tlq1102	iBTSxAlley	ThiÕu L©m vâ t¨ng  	7	99	0	40098500
[money]	sajnz01	iBusuzima	ThiÕu L©m vâ t¨ng  	7	99	735396193	38628520
[money]	0963994773	iBµnCh©nBÈn	ThiÕu L©m vâ t¨ng  	7	99	8775416921	12454584
[money]	sajnz03	iChangz	ThiÕu L©m vâ t¨ng  	7	99	8099047336	20547397
[money]	ckmanduy1	iChanh	Tµ §éc  	7	99	1000000	11356500
[money]	mariopham	iChuèi	Nga My tôc gia  	7	99	21000005	43119920
[money]	vedoianh	iDCiNMkiz	Nga My xuÊt gia  	7	99	21	15925500
[money]	vedoianh	iDCiTieuT	ThiÕu L©m vâ t¨ng  	7	99	29	40000000
[money]	hoplp148	iDCxSunNy	Nga My xuÊt gia  	7	99	18	42574895
[money]	kingofwar2	iDlxTraDa	Tµ §éc  	7	99	2120680000	50000000
[money]	kingofwar	iDLxTraSua	ThiÕu L©m vâ t¨ng  	7	99	486460017	35895281
[money]	kingofwar1	iDlxTuongVi	Nga My xuÊt gia  	7	99	297460025	28592866
[money]	kcibpa	iF67zNhÝÝ§zaiOMG	ThiÕu L©m vâ t¨ng  	7	99	46610016	36102349
[money]	volam1998a	iGioMuaThu	Nga My xuÊt gia  	7	99	0	16998500
[money]	volam1998a	iGioMuaXuan	Nga My xuÊt gia  	7	99	0	40950000
[money]	rmawkghkd	iGoogle	Vâ §ang tôc gia  	7	99	29	13382340
[money]	khanhnam111	iHçTRîMaiT¸ng	Nga My xuÊt gia  	7	99	0	26520000
[money]	global1	iHKMzNhiNhi	Nga My xuÊt gia  	7	99	0	44240000
[money]	global	iHKMz§¹iS­Huynh	ThiÕu L©m vâ t¨ng  	7	99	18	44588863
[money]	gumihocuoi	iHNx0NgäcN÷Zeo	Nga My xuÊt gia  	7	99	25	16335500
[money]	zlkhanglz150	iHNxMaCungMC	D­¬ng M«n Cung Kþ  	7	99	21000022	16249740
[money]	gumihobuon	iHNxNgäcCÇmThiªn	Nga My tôc gia  	7	99	0	26020000
[money]	kilthem96	iHPHoahOa	Nga My xuÊt gia  	7	99	20000019	16240820
[money]	kilthem3	iHPLinhMiªu	Tµ §éc  	7	99	1985000	40475500
[money]	kilthem1	iHPNgùMiªu	ThiÕu L©m vâ t¨ng  	7	99	21895298	38538484
[money]	mrteo197	iHPxThor	ThiÕu L©m vâ t¨ng  	7	99	0	40998500
[money]	kilthem2	iHP§ÑpZaiKhoaiTo	ThiÕu L©m vâ t¨ng  	0	99	21865020	38895920
[money]	minh1234ct	iHRz1§êiCave	Nga My xuÊt gia  	7	99	0	31858500
[money]	minh123ct	iHRzMinhKK	ThiÕu L©m vâ t¨ng  	7	99	2853	14330000
[money]	truonggiang	iHTxBaTisTuTa	Vâ §ang ®¹o gia  	7	99	0	25207466
[money]	boboy06	iHTxBXTeo	Nga My xuÊt gia  	7	99	2850000012	50000000
[money]	truonggiang	iHTxHµnM¹cTö1	ThiÕu L©m vâ t¨ng  	7	99	0	38155500
[money]	boboy05	iHTxTeo	ThiÕu L©m vâ t¨ng  	7	99	20000026	31302752
[money]	ttktruyenky	iHTzHoµngAnh	ThiÕu L©m vâ t¨ng  	7	99	23	50000000
[money]	cbq1999vn	iiAnh3	C¸i Bang TÜnh y  	7	99	20	41139050
[money]	miciu00	iiB52C¾tCu§iTu	ThiÕu L©m vâ t¨ng  	7	99	0	41627440
[money]	huynhduc8888	iiBoy§øcii	ThiÕu L©m vâ t¨ng  	7	99	18001819	23131065
[money]	toandicktool	iiCBõTao§©y	ThiÕu L©m vâ t¨ng  	7	99	0	10500000
[money]	thudukg1	iiHanzo	§­êng M«n phæ th«ng  	7	99	21000000	15438472
[money]	hienvienthanhde	iiHNxDaiDe	§­êng M«n phæ th«ng  	7	99	0	19218346
[money]	minh123q1	iiHoaiThien	ThiÕu L©m vâ t¨ng  	7	99	7764701	40077922
[money]	huyentrang	iIiCóSótNgµnC©n	ThiÕu L©m vâ t¨ng  	7	99	144637365	31467500
[money]	chienpro113day	iIiMrrPause	D­¬ng M«n Cung Kþ  	7	99	18	41714980
[money]	longiunhi43	iiiN÷TÆc	Vâ §ang tôc gia  	7	99	949	28741000
[money]	maxeolavu1	iiJx2CaveBuff	Nga My xuÊt gia  	7	99	20000000	21500000
[money]	toanprothon4	iiJx2CSThaiKane	ThiÕu L©m vâ t¨ng  	7	99	0	17313341
[money]	maxeolavu2	iiJx2King	ThiÕu L©m vâ t¨ng  	7	99	0	36070006
[money]	volam1998a	iiM©yMïaThu	ThiÕu L©m vâ t¨ng  	7	99	0	40600000
[money]	izngok1991vn	iiRRxMÌoCµKhÞa	ThiÕu L©m vâ t¨ng  	7	99	0	33538500
[money]	nccvnn	iiS2Fashion	ThiÕu L©m vâ t¨ng  	7	99	8312022	38696500
[money]	concacnevng	iISalah	ThiÕu L©m vâ t¨ng  	7	99	20001819	32021796
[money]	tritretraux1	iiShiBa	ThiÕu L©m vâ t¨ng  	7	99	2860	40839950
[money]	khanhnam000	iIxBólzDånxDame	ThiÕu L©m vâ t¨ng  	7	99	11	25541975
[money]	minh1234q1	iixDoun	Nga My xuÊt gia  	7	99	7762444	23095213
[money]	concacnevng1	iIxSalah	Nga My xuÊt gia  	7	99	22	10800364
[money]	hihanh12	iizLeeSin	ThiÕu L©m vâ t¨ng  	7	99	16	39840000
[money]	bphuong101	Ii¤ngGi¸oIi	ThiÕu L©m vâ t¨ng  	7	99	13	13610510
[money]	xeluvaxeca11	iJeeny	HiÖp §éc  	7	99	0	40998500
[money]	xeluvaxeca11	iJerry	D­¬ng M«n th­¬ng Kþ  	7	99	0	30273508
[money]	s200900z	iKhÓnhi	Vâ §ang ®¹o gia  	7	99	281	32000508
[money]	phn0304	iKTCiiBlue	ThiÕu L©m vâ t¨ng  	7	99	0	11494000
[money]	phn2004	iKTCizPink	Nga My xuÊt gia  	7	99	0	36862500
[money]	tranvietzx	iLucKaKa	ThiÕu L©m vâ t¨ng  	7	99	487838008	10956515
[money]	bi12345	iMario	D­¬ng M«n Cung Kþ  	7	99	0	41000000
[money]	huycoc94	iMét§¸BayMâm	ThiÕu L©m vâ t¨ng  	7	99	15	63374035
[money]	iamduypro	iNAMrD	ThiÕu L©m vâ t¨ng  	7	99	0	32698984
[money]	ckmanduy2	iNgoanCãTiÕng	ThiÕu L©m thiÒn t¨ng  	7	99	124736252	20640000
[money]	kietct1	iNPxHoµiNiÖm	D­¬ng M«n Cung Kþ  	7	99	0	41000000
[money]	cuoctinh1000vn	iOizMrDartMaNo1	ThiÕu L©m vâ t¨ng  	7	99	2096000000	33361484
[money]	nguyen2019	ioNguyenConHeo	ThiÕu L©m vâ t¨ng  	7	99	110000000	49939000
[money]	tunghndt009	iooButVeMaQuy	Vâ §ang tôc gia  	7	99	0	33000000
[money]	test20082007	iOsGaiNganh	Nga My xuÊt gia  	7	99	0	39640000
[money]	diennnbtzz	iphone	D­¬ng M«n Cung Kþ  	7	99	48	38018508
[money]	kienars	iPhone5S	ThiÕu L©m vâ t¨ng  	7	99	0	37360000
[money]	denden321zxc2	IprivateI	ThiÕu L©m vâ t¨ng  	7	99	62	24280700
[money]	tiensonqt	iS2iWhyNot	ThiÕu L©m vâ t¨ng  	7	99	0	48798500
[money]	maikhailinh01	IsDGT07	D­¬ng M«n th­¬ng Kþ  	7	99	56	40997000
[money]	mariopham2	iSenofChuèi	D­¬ng M«n Cung Kþ  	0	99	0	43954000
[money]	v1s4oth30127	iSGzHoaB»ngL¨ng	ThiÕu L©m vâ t¨ng  	7	99	0	38796500
[money]	proilo135	iSiNiChiZz	ThiÕu L©m vâ t¨ng  	7	99	424329676	20540000
[money]	songdau123	isMrChÐm	ThiÕu L©m vâ t¨ng  	7	99	20000022	27204950
[money]	lorenkidsn02	ISThiªnKh«ngThµn	ThiÕu L©m vâ t¨ng  	7	99	16248	15127511
[money]	hotfood12	IsToXic	ThiÕu L©m vâ t¨ng  	7	99	241674619	15465685
[money]	ansovn2dvn	ISTuyetTinh	Nga My xuÊt gia  	7	99	23025633	12074000
[money]	ongbutfa00	iSTzThÝchCµKhÞa	ThiÕu L©m vâ t¨ng  	7	99	1211664601	16131759
[money]	sonbeo1	isxxBeeu	§­êng M«n phæ th«ng  	7	99	0	33252397
[money]	sonbeo1	isxxBeo	ThiÕu L©m vâ t¨ng  	7	99	943	54793224
[money]	sonbeo2	isxxBeu	Nga My xuÊt gia  	7	99	0	29380000
[money]	playcd3	iSxxChan	ThiÕu L©m vâ t¨ng  	7	99	2305000000	45148050
[money]	playcd2	iSxxNgµyBªnAnh	Nga My xuÊt gia  	7	99	0	24112136
[money]	binhtinfifa2196	ISxxxDingLaDeng	ThiÕu L©m vâ t¨ng  	7	99	25	31375955
[money]	coconuttl	ISzx¤ngTrïmTLQ	ThiÕu L©m vâ t¨ng  	7	99	1841	19204962
[money]	kephieubac85	IS§écC«CÇuB¹ii	ThiÕu L©m vâ t¨ng  	7	99	20000000	31680000
[money]	dung9007	iTBiKem	ThiÕu L©m vâ t¨ng  	7	99	5165000024	17978614
[money]	dung9006	iTBiKemLy	D­¬ng M«n Cung Kþ  	7	99	0	29640000
[money]	quockhanhla1	iThayTuChayXeLu	ThiÕu L©m vâ t¨ng  	7	99	0	38668000
[money]	meliodas98	iTHzMeoCaCa	ThiÕu L©m vâ t¨ng  	7	99	611810858	19715500
[money]	kietct1	iTLQxGµV«Danh	ThiÕu L©m vâ t¨ng  	7	99	0	38800000
[money]	gamelol1cv	iTNzFAn3GAN01	ThiÕu L©m vâ t¨ng  	7	99	14	17580327
[money]	anhhieu1231	iTNzKFCzLeeWool	ThiÕu L©m vâ t¨ng  	7	99	0	11915290
[money]	vancuong11	iVanCuong	ThiÕu L©m vâ t¨ng  	7	99	14	38060237
[money]	mapompj1	iWolverine	ThiÕu L©m tôc gia  	7	99	0	41000000
[money]	pho123	ixiPhèTãc§á	ThiÕu L©m vâ t¨ng  	7	99	20000019	29957000
[money]	cnghia0	izBiLy	Nga My xuÊt gia  	7	99	22238300	16140000
[money]	vola0912	izBKVz1102	ThiÕu L©m vâ t¨ng  	7	99	0	39591240
[money]	sieunhan4911	IzCóSótThÇnSÇu	ThiÕu L©m vâ t¨ng  	7	99	168290620	18437000
[money]	ohbiendi456	IzC«BÐTÝHon	Nga My xuÊt gia  	7	99	59	45500000
[money]	quangtao	izNhµBaoViÖc	ThiÕu L©m vâ t¨ng  	7	99	0	29138000
[money]	kimkhanh1	izTanGiamDoc	ThiÕu L©m vâ t¨ng  	7	99	155000003	22273166
[money]	chuhuhu	izxMrDuLexzx	ThiÕu L©m vâ t¨ng  	7	99	11	28879913
[money]	huan1997	JacKyCHango	ThiÕu L©m vâ t¨ng  	7	99	0	40998500
[money]	hai123	Javporn	ThiÕu L©m vâ t¨ng  	7	99	55	22470583
[money]	hai1234	Javsep	Nga My xuÊt gia  	7	99	0	14968611
[money]	nam22111	Jennie	Nga My xuÊt gia  	7	99	23238300	16571619
[money]	thao123	jkbbhjjk	C¸i Bang TÜnh y  	7	99	0	40998500
[money]	danhem123	JSubasa	ThiÕu L©m vâ t¨ng  	7	99	0	24682441
[money]	tkgame0ve	Jx1vacDi	ThiÕu L©m vâ t¨ng  	7	99	15	40997000
[money]	daipilldz	Jx2Anna	Nga My xuÊt gia  	7	99	0	37960000
[money]	lamdua112	Jx2BaCoNoi	Nga My xuÊt gia  	7	99	0	40871500
[money]	nhuthikhong999	Jx2BeoBeo	ThiÕu L©m vâ t¨ng  	7	99	4881427	32901524
[money]	niemmino1	jx2Bepyy	ThiÕu L©m vâ t¨ng  	7	99	20000000	35437000
[money]	ethangkia182	Jx2BeSu	Nga My xuÊt gia  	7	99	19	39600000
[money]	tuankien333hn1	jx2BeTrau	D­¬ng M«n th­¬ng Kþ  	7	99	0	41000005
[money]	haianh95	Jx2BeTunzZ	ThiÕu L©m vâ t¨ng  	7	99	0	50000000
[money]	ethangkia182	Jx2BeXinh	Nga My xuÊt gia  	7	99	656157031	43557844
[money]	zaqwerty6	Jx2BinBungBu	ThiÕu L©m vâ t¨ng  	7	99	20000000	16000000
[money]	thuantun97	Jx2BinhThuan	ThiÕu L©m vâ t¨ng  	7	99	0	40680000
[money]	quocthanh10	Jx2Bom	ThiÕu L©m vâ t¨ng  	7	99	0	40220000
[money]	sieunhan4911	Jx2BoxBox	C¸i Bang TÜnh y  	7	99	17	15798500
[money]	40dadaa	Jx2CaVe	Nga My xuÊt gia  	7	99	0	34548500
[money]	denkhung309	jx2chaydiml	ThiÕu L©m vâ t¨ng  	7	99	0	10995500
[money]	huuduc8888	jx2ChiÕnThÇn	Nga My xuÊt gia  	7	99	0	30100000
[money]	nicktest0	Jx2ChÞchXongChe	ThiÕu L©m vâ t¨ng  	7	99	135000000	26140032
[money]	jx2congatre	jx2congatre	C¸i Bang TÜnh y  	7	99	17	40994000
[money]	admintrastor	Jx2CuBi	ThiÕu L©m thiÒn t¨ng  	7	99	0	40000000
[money]	fptsoftware	Jx2CæThiªnL¹c	ThiÕu L©m vâ t¨ng  	7	99	0	35398500
[money]	volamjx2viet	Jx2C«ngTöTh¸iTam	ThiÕu L©m vâ t¨ng  	7	99	0	41000000
[money]	longiunhi43	Jx2CµKhÞa	ThiÕu L©m vâ t¨ng  	7	99	215001843	11674374
[money]	kr1997	jx2dao	ThiÕu L©m tôc gia  	7	99	0	10929501
[money]	datkt123	Jx2DatNho	ThiÕu L©m vâ t¨ng  	7	99	0	25600000
[money]	ethangkia181	Jx2EmBanTia	D­¬ng M«n Cung Kþ  	7	99	2916637007	73707840
[money]	thuantun97	Jx2EoBitDieu	ThiÕu L©m vâ t¨ng  	7	99	18	17260730
[money]	sieunhan4912	Jx2GaiNganh	Nga My xuÊt gia  	7	99	1000057	12250000
[money]	hangmoi61	Jx2GaSutVac	ThiÕu L©m vâ t¨ng  	7	99	20000000	38000000
[money]	tuankien333hn1	Jx2GauDen	D­¬ng M«n Cung Kþ  	7	99	0	40998500
[money]	tuankien333hn	Jx2GauLuuManh	ThiÕu L©m vâ t¨ng  	7	99	114106139	13607954
[money]	tuankien333hn2	Jx2GauS2Meo	C¸i Bang ¤ Y  	7	99	0	30618505
[money]	thanhtuan3	Jx2hayxemtaday	D­¬ng M«n Cung Kþ  	7	99	669912	47500000
[money]	dovansong7	Jx2HipHihii	ThiÕu L©m vâ t¨ng  	7	99	0	16049000
[money]	sajnz02	jx2HongHoa	Nga My xuÊt gia  	7	99	197245989	33879000
[money]	vancaz	Jx2HongHoaS2	C¸i Bang ¤ Y  	7	99	0	11450700
[money]	cloneati009	Jx2HuyÒnTõ1	ThiÕu L©m vâ t¨ng  	7	99	113822423	10869856
[money]	cloneati008	Jx2huyÒnT©m	Nga My xuÊt gia  	7	99	0	30440000
[money]	a0978745113	Jx2H­ngKa	ThiÕu L©m vâ t¨ng  	7	99	0	41000000
[money]	hoangquan1	JX2H¹oTHiªn	ThiÕu L©m vâ t¨ng  	7	99	0	42800000
[money]	toiyeuvolam2	Jx2iConGaCon	ThiÕu L©m vâ t¨ng  	7	99	0	34306003
[money]	thudukg1	jx2iiHanzo	D­¬ng M«n Cung Kþ  	7	99	20000023	39648877
[money]	trantrinam	Jx2iiNamChñTÞch	ThiÕu L©m vâ t¨ng  	7	99	0	11265740
[money]	jx2iijoo	jx2iiNezuko	Nga My xuÊt gia  	7	99	0	50000000
[money]	mycuaox	Jx2iiTaoThaoZx	ThiÕu L©m vâ t¨ng  	7	99	38	25556601
[money]	mycuaox2	Jx2iiTaoTiet	Vâ §ang ®¹o gia  	7	99	0	50000000
[money]	kieuvantaiaa	jx2iiTLQxDamejx2	ThiÕu L©m vâ t¨ng  	7	99	0	41395761
[money]	mycuaox1	Jx2iivkTaoThao	Nga My xuÊt gia  	7	99	0	18107666
[money]	idcuatu	Jx2IS1900vl2	ThiÕu L©m thiÒn t¨ng  	0	99	0	40998500
[money]	toiyeuvolam2	Jx2iYuiHatano	Nga My tôc gia  	7	99	0	38000000
[money]	zaqwerty3	Jx2JusTinLam	V« m«n ph¸i  	0	82	202234417	21680014
[money]	quockute1	Jx2KuHi61	ThiÕu L©m vâ t¨ng  	7	99	0	50000000
[money]	thaisoniec1201	Jx2LaHan	ThiÕu L©m vâ t¨ng  	7	99	0	21015000
[money]	ucnhi2010	jx2LamThien	ThiÕu L©m vâ t¨ng  	7	99	977370201	49280000
[money]	zaqwerty5	Jx2LangQuen	Vâ §ang ®¹o gia  	7	99	20000000	36428001
[money]	0969233089	Jx2lLongDT	ThiÕu L©m vâ t¨ng  	7	99	0	36000000
[money]	kr1998	jx2logga	Nga My xuÊt gia  	7	99	0	27698500
[money]	asdv01	Jx2Lucifer	D­¬ng M«n Cung Kþ  	7	99	201064576	10361419
[money]	asdv03	jx2Lucifert	Thóy Yªn Vò Tiªn  	7	99	16500455	18687847
[money]	lamdua111	Jx2LVD1107	ThiÕu L©m thiÒn t¨ng  	7	99	20000020	37640000
[money]	edzika	Jx2MBaBe	ThiÕu L©m vâ t¨ng  	0	99	0	39160000
[money]	tuankien333hm	Jx2meoMuuMeo	Nga My xuÊt gia  	7	99	58970242	18731060
[money]	tuankien333hn2	Jx2MeoXinhDep	Nga My tôc gia  	7	99	6	38756725
[money]	mycuaox2	Jx2MsLightning	Thóy Yªn Vò Tiªn  	7	99	3299384	30702422
[money]	thuantun97	Jx2NerVerDIe	ThiÕu L©m vâ t¨ng  	7	99	20000000	37800000
[money]	lamnhiemvu0	Jx2Nhinhi	D­¬ng M«n Cung Kþ  	7	99	0	26960006
[money]	chientranlv	Jx2NMd	Nga My tôc gia  	7	99	85	12522902
[money]	trangia1	Jx2NMk	Nga My xuÊt gia  	7	99	0	40948500
[money]	dau123	Jx2NTC	ThiÕu L©m vâ t¨ng  	7	99	0	40942100
[money]	phuquy15235	Jx2Pill	ThiÕu L©m vâ t¨ng  	7	99	20000020	39668000
[money]	huyhuy278	jx2Quanghuy	ThiÕu L©m vâ t¨ng  	7	99	25	40998500
[money]	qminhgiao01	Jx2Quay	ThiÕu L©m vâ t¨ng  	7	99	20000000	39832500
[money]	tai118cm	Jx2StarKidz	ThiÕu L©m vâ t¨ng  	7	99	20000000	40297000
[money]	lehoanghiep203	Jx2SuThayPk	ThiÕu L©m thiÒn t¨ng  	7	99	0	22371640
[money]	jx2iijes	jx2Tan	ThiÕu L©m vâ t¨ng  	7	99	21290022	48560000
[money]	duchien197a97123	jx2TaoGa	ThiÕu L©m vâ t¨ng  	7	99	0	40878500
[money]	iobaongoc	Jx2TaoS2Thao	D­¬ng M«n Cung Kþ  	7	99	73295120	11089103
[money]	thienthantk12vn	Jx2TaoThao	ThiÕu L©m vâ t¨ng  	7	99	22	14462029
[money]	haunii1	Jx2ThÇnTh­¬ng	D­¬ng M«n th­¬ng Kþ  	7	99	6	17717507
[money]	zaqwerty5	Jx2ThietThuong	D­¬ng M«n th­¬ng Kþ  	0	59	7791839	29880134
[money]	vothantrieuvan2	Jx2ThuVe	Vâ §ang ®¹o gia  	7	99	19500018	40997000
[money]	zaqwerty2	Jx2TieuKieu	Nga My xuÊt gia  	7	99	36525989	22750000
[money]	levancan	Jx2Tinh	ThiÕu L©m vâ t¨ng  	7	99	58805715	50020111
[money]	ntk17091997	Jx2TLQ1Vac	ThiÕu L©m vâ t¨ng  	7	99	81	10277230
[money]	thaiduy1	Jx2TLQiBr	ThiÕu L©m vâ t¨ng  	7	99	625000011	13680000
[money]	phuochoangkt0898	Jx2ToNyRom	ThiÕu L©m thiÒn t¨ng  	7	99	13	33782800
[money]	thanhtuan3	jx2TruBatGioi	ThiÕu L©m vâ t¨ng  	7	99	96150	39960000
[money]	ketunguyen	Jx2TrumSutVac	ThiÕu L©m vâ t¨ng  	7	99	20000054	30423883
[money]	jx2vani	Jx2Vani	ThiÕu L©m vâ t¨ng  	7	99	1386062	39883521
[money]	sieunhan4911	Jx2VDBLOL	Vâ §ang tôc gia  	7	99	1	32615295
[money]	duy123	jx2viet001	ThiÕu L©m vâ t¨ng  	0	99	193860000	33080000
[money]	duy1234	jx2viet002	ThiÕu L©m vâ t¨ng  	0	99	193860000	31818000
[money]	volam1991tb	jx2vietnam	C¸i Bang ¤ Y  	7	99	0	41000000
[money]	sjnchjn	JX2VietTLT	ThiÕu L©m vâ t¨ng  	7	99	12	39718075
[money]	chientranlv	JX2VLTK	ThiÕu L©m vâ t¨ng  	7	99	18	40548500
[money]	haianh955	Jx2VN123	Nga My xuÊt gia  	7	99	0	30518500
[money]	saobang	jx2VoDoi	C¸i Bang TÜnh y  	7	99	0	41000000
[money]	lam1996	jx2votan1	ThiÕu L©m vâ t¨ng  	7	99	66	27889500
[money]	gago24pt	Jx2VTV3hd	ThiÕu L©m vâ t¨ng  	7	99	427376549	31435825
[money]	jx2xeon	Jx2Xeon	Nga My xuÊt gia  	7	99	1215533	16944000
[money]	viet207899	Jx2xGÊmCôcC­ng	Vâ §ang tôc gia  	7	99	141501	19820000
[money]	viet20789	Jx2xGÊmXinh	Nga My xuÊt gia  	7	99	0	14958500
[money]	lehoanghiep203	Jx2Xuyen8Cuoc	ThiÕu L©m vâ t¨ng  	7	99	20	19900000
[money]	jaywang027976	Jx2zChamudepuNMK	Nga My xuÊt gia  	7	99	6800110019	16119950
[money]	jaywang017976	Jx2ziJaywangVNV	HiÖp §éc  	7	99	17	30740000
[money]	jaywang037976	Jx2zizJaywangCS	Tµ §éc  	7	99	21	39131483
[money]	jaywang017976	Jx2zzJaywangDGC	D­¬ng M«n Cung Kþ  	7	99	20	30740000
[money]	jaywang7976	Jx2zzJaywangTLQ	ThiÕu L©m vâ t¨ng  	7	99	39660968	42364585
[money]	jaywang017976	Jx2zzJaywangVNV	ThiÕu L©m tôc gia  	7	99	43	30740000
[money]	tantrang	JxBUfff	Vâ §ang ®¹o gia  	0	99	25548271	40738500
[money]	tantrang2	JxBuffff	§­êng M«n phæ th«ng  	0	99	25548271	40800000
[money]	denden321zxc	JxMazza	ThiÕu L©m vâ t¨ng  	7	99	0	35998500
[money]	laogiamin6	kaisaw	ThiÕu L©m vâ t¨ng  	7	99	2675	39577160
[money]	kalima	KaLiMa	§­êng M«n phæ th«ng  	7	99	155924161	34608028
[money]	diemvt12	KemDanhRangPS	ThiÕu L©m vâ t¨ng  	7	99	0	40950000
[money]	nambui3994	KenShin	§­êng M«n phæ th«ng  	7	99	20	40677000
[money]	khanhcuden2202	KhanhCuDen	ThiÕu L©m vâ t¨ng  	7	99	17	16097000
[money]	thanbus	KhoáICAM	D­¬ng M«n th­¬ng Kþ  	7	99	3	34121821
[money]	thanbus	KhOaILaC	ThiÕu L©m vâ t¨ng  	7	99	20000	40798500
[money]	banguoinung1997	KhoaiTay	ThiÕu L©m vâ t¨ng  	7	99	20000920	17540612
[money]	banguoinung1997	KhoaiTo	ThiÕu L©m vâ t¨ng  	7	99	20000000	19998000
[money]	kvisleo123	khunglatao	ThiÕu L©m vâ t¨ng  	7	99	1	34519561
[money]	satthucamtruong2	Kh«ngBuffChïa	Nga My xuÊt gia  	7	99	22	21500000
[money]	accrac1	Kh«ng¡nMùc	C¸i Bang TÜnh y  	7	99	42464156	20796940
[money]	kojxuka	KIemTO	HiÖp §éc  	7	99	69	33864694
[money]	viet20789	KimMaoS­V­¬ng	ThiÕu L©m tôc gia  	7	99	0	41000000
[money]	cuteo123	KimPhat	ThiÕu L©m vâ t¨ng  	7	99	0	40902407
[money]	hao1234567	KingCaKhia	ThiÕu L©m vâ t¨ng  	7	99	0	13800000
[money]	43017lam1	KiÕm§ÑpG¸i	Nga My xuÊt gia  	7	99	163644152	35340320
[money]	duyquy447	KiÕpCÇm§µn	Nga My tôc gia  	7	99	0	17000000
[money]	thanhtinh1	KiriTo	ThiÕu L©m thiÒn t¨ng  	7	99	9	18257309
[money]	zazbzc02	KKongZheng	Nga My xuÊt gia  	7	99	20000000	17000000
[money]	buicaotrong00	KOFSãiB¹c	ThiÕu L©m vâ t¨ng  	7	99	126006418	18485338
[money]	zazbzc01	KongZheng	ThiÕu L©m vâ t¨ng  	7	99	20000023	49000000
[money]	lop9a02	kotexdammau	ThiÕu L©m vâ t¨ng  	7	99	5	34528225
[money]	ledongnhat1	KoTexJX2	ThiÕu L©m vâ t¨ng  	7	99	20000016	21146782
[money]	ledongnhat2	KoTexJx2NMK	Nga My xuÊt gia  	7	99	20000000	14234000
[money]	tanminh1995aaa	KPiHiepTATHI	HiÖp §éc  	7	99	7	18480000
[money]	tanminh1996aaa	KPiMAiYeuS2x	Tµ §éc  	7	99	23	18470000
[money]	tanminh1998aaa	KPiTanMinh	ThiÕu L©m vâ t¨ng  	7	99	23	47600000
[money]	tanminh1997aaa	KPiThiDuyen	Nga My xuÊt gia  	7	99	0	26448500
[money]	hungyen1	KuChØNg­îc	Nga My xuÊt gia  	7	99	580023	27817000
[money]	binhthuong1	Ku§ÇuB¹c	ThiÕu L©m vâ t¨ng  	7	99	0	40998500
[money]	amobilee	KXxxxxxxxxxxxxx	ThiÕu L©m vâ t¨ng  	0	99	0	49700000
[money]	welinegen1	KylianMbappe	ThiÕu L©m thiÒn t¨ng  	7	99	4875000016	33257000
[money]	thienddd1	KüN÷Diva	Nga My xuÊt gia  	7	99	1000055	15330004
[money]	viet207899	LanQuÕPh­êng	D­¬ng M«n Cung Kþ  	7	99	393193324	16851395
[money]	toancau115	LAPTOPTOANCAU	ThiÕu L©m thiÒn t¨ng  	7	99	0	37598500
[money]	nnl280200	LeThanhh	Vâ §ang ®¹o gia  	7	99	242065	15236100
[money]	nnl280203	LeThanhND	HiÖp §éc  	7	99	249612	16774000
[money]	nnl280202	LeThanhNM	Nga My xuÊt gia  	7	99	7431915	16995500
[money]	honghai1	Lijkey	ThiÕu L©m vâ t¨ng  	7	99	0	17536500
[money]	dinhlaquyen1995	LilianaCatiaAvei	C¸i Bang TÜnh y  	0	99	0	39620000
[money]	dinhnghia35	LinhNghanh	ThiÕu L©m vâ t¨ng  	7	99	19	45495500
[money]	ruisekhung1106	LinhNhi	Vâ §ang tôc gia  	7	99	63070	10299910
[money]	0976382117	LiÕmKhÊc	ThiÕu L©m thiÒn t¨ng  	7	99	39450956	37000023
[money]	bestbun2	liuliu	Nga My xuÊt gia  	7	99	0	40998500
[money]	codegame	LnQuang	ThiÕu L©m vâ t¨ng  	7	99	0	41000000
[money]	minibar	Local55	Vâ §ang tôc gia  	7	99	3600001	50000000
[money]	vkyeu1204	LozzCungTheAh	Nga My xuÊt gia  	7	99	0	50000000
[money]	loangianghotlq	Lo¹nGiangHåTLQ	ThiÕu L©m vâ t¨ng  	7	99	19500022	46892000
[money]	honeylee1	LPBxKhangKiÖn	Vâ §ang tôc gia  	7	99	37742308	42392745
[money]	songuku1991	LucKyLuc	C¸i Bang ¤ Y  	7	99	11527576	22100000
[money]	anhhieu67	LýPhïTrÇn	Vâ §ang ®¹o gia  	7	99	20000000	24547660
[money]	czluzdz1995	LªnBèGiÕt2	ThiÕu L©m vâ t¨ng  	7	99	23	33652225
[money]	gasmyquang	LªnhHåR¨ng	D­¬ng M«n th­¬ng Kþ  	7	99	9000063	30192500
[money]	bigdaddy992	L·oGiµ§iBar	ThiÕu L©m vâ t¨ng  	7	99	0	41000000
[money]	pnk2019	MaiC¬nTanN¸t	ThiÕu L©m vâ t¨ng  	7	99	13	50046560
[money]	quandtu	MANHHO	ThiÕu L©m vâ t¨ng  	7	99	0	39799500
[money]	0942946246qt	ManhKhoi	D­¬ng M«n Cung Kþ  	7	99	18	50000000
[money]	amobile	Masking	HiÖp §éc  	0	99	0	50000000
[money]	supertmt1989	MaTreCon	Nga My xuÊt gia  	7	99	3762657	17809240
[money]	mautim1	MechBay	ThiÕu L©m vâ t¨ng  	7	99	41	50000000
[money]	nmkbokinhvan	MécThÇn	Nga My xuÊt gia  	7	99	0	28095229
[money]	caothinhhanh	MËpCÇmSóng	ThiÕu L©m vâ t¨ng  	0	80	18648236	18634560
[money]	nhoccamdao1	MimiAa	Nga My tôc gia  	7	99	0	40998500
[money]	tmt001	Ming001	ThiÕu L©m vâ t¨ng  	7	99	560000000	12590001
[money]	meo123	MinhSeoul	ThiÕu L©m vâ t¨ng  	7	99	18	40947000
[money]	saccun	MinhTam	ThiÕu L©m tôc gia  	7	99	158000091	31037908
[money]	amxvippr02	MinhTinh	Nga My xuÊt gia  	7	99	65750091	44718240
[money]	saccun	MinhTu	D­¬ng M«n Cung Kþ  	7	99	12	37558500
[money]	saccun	MinhTus	Vâ §ang ®¹o gia  	7	99	0	40998500
[money]	vinhzaqzaq	MÌoMËp	D­¬ng M«n Cung Kþ  	7	99	0	38660000
[money]	laotonxz	MiuMiu	Nga My tôc gia  	7	99	0	41000000
[money]	truong6009	MNDDDDDDD	Nga My tôc gia  	7	99	4301958	17587400
[money]	anhtrong2	Móa§iEm	Thóy Yªn Vò Tiªn  	7	99	13163549	28628050
[money]	daikanat	MoDungTruyPhong	Vâ §ang tôc gia  	7	99	1	40995500
[money]	thienthien	MoiTapCuoc	ThiÕu L©m vâ t¨ng  	7	99	8	15200485
[money]	dophuongthao	mrBeen	Vâ §ang ®¹o gia  	7	99	53	17011305
[money]	heyboy248	MrKietLi	§­êng M«n phæ th«ng  	7	99	2039734	18095500
[money]	0969403036	MrKoTex	ThiÕu L©m vâ t¨ng  	7	99	33501	23678987
[money]	songoi	MrSonDk	ThiÕu L©m vâ t¨ng  	7	99	0	39757980
[money]	thuyyenbp	muachetsachnhe	Thóy Yªn Vò Tiªn  	7	99	12500507	28400000
[money]	denden321zxc	Mzasdsdf	D­¬ng M«n th­¬ng Kþ  	7	99	1200044	36898500
[money]	tieptt198	MªTrai	Nga My xuÊt gia  	7	99	227449362	17377000
[money]	pho1234	M­aLangThang	Nga My xuÊt gia  	7	99	0	49790500
[money]	lamphungoctlq	M×nhAnhChÊpHÕt	ThiÕu L©m vâ t¨ng  	7	99	0	41000000
[money]	nammai2931994	NamDuPaiii	ThiÕu L©m vâ t¨ng  	0	99	1370000022	38538500
[money]	thienhaihn	NaNaXjnh	§­êng M«n phæ th«ng  	7	99	22400030	35195060
[money]	ngoanhtu3101	NBCiBaoChan	ThiÕu L©m vâ t¨ng  	7	99	0	18707000
[money]	quandtu	NgaMyCave	Nga My xuÊt gia  	7	99	32709940	33479522
[money]	0352326695a	NganDu99	ThiÕu L©m vâ t¨ng  	7	99	0	43651669
[money]	nghiahiengia	NghiaHienGia	C¸i Bang TÜnh y  	7	99	758323	39816000
[money]	vanhieulc111	NghiÖnThuècLµo	ThiÕu L©m vâ t¨ng  	7	99	33	21504247
[money]	0976382115	NghÑnKhÊc	C¸i Bang TÜnh y  	7	99	20000000	39698500
[money]	ngoclinhlung	NgocLinh	D­¬ng M«n Cung Kþ  	7	99	0	40900000
[money]	minibar	NgocMai	§­êng M«n phæ th«ng  	7	99	25000194	26916541
[money]	gavangdeptrai1	NguclepMongTo	HiÖp §éc  	7	99	460000	31200000
[money]	caotuan	Nguyet	C¸i Bang ¤ Y  	7	99	0	25778000
[money]	xoigac01	Ng­êiCòCßnTh­¬ng	ThiÕu L©m vâ t¨ng  	7	99	0	37388520
[money]	ngocchau003	Ng¾mHoaLÖR¬i	ThiÕu L©m vâ t¨ng  	7	99	0	40998500
[money]	holinh37	NgøaD¸i	C¸i Bang ¤ Y  	7	99	83000067	36579023
[money]	chochoimeo191	NhatCuocQuyTien	ThiÕu L©m vâ t¨ng  	7	99	0	40998500
[money]	kenngochoi1	NhÊtDiÖp	Nga My xuÊt gia  	7	99	16	17897300
[money]	kenngochoi	NhÊtDiÖpChiThu	ThiÕu L©m vâ t¨ng  	7	99	30	39270400
[money]	eric87	NhiNhiz	Nga My tôc gia  	7	99	0	23281763
[money]	thanhlxag1206	NhokThanh	D­¬ng M«n th­¬ng Kþ  	7	99	25100062	44612553
[money]	haducanh333tq	NhµNghØ69	Nga My xuÊt gia  	7	99	0	42485309
[money]	duykaka2019	NhÞLangThÇn	ThiÕu L©m vâ t¨ng  	7	99	5582977638	21287326
[money]	huycong1955	NiCoDapDa1	Nga My xuÊt gia  	7	99	26	36232500
[money]	cunkk01	NîMÑNµngD©u	ThiÕu L©m vâ t¨ng  	7	99	20000008	50000000
[money]	longle2019999	NMDLoveS2You	Nga My tôc gia  	7	99	0	17600000
[money]	baibientunham	NmkB¹cPhËnVip1	Nga My xuÊt gia  	7	99	0	35679639
[money]	denden321zxc1	NMKdasdzx	Nga My xuÊt gia  	7	99	1000002	39899200
[money]	sakaya	NMKNoHoop	Nga My xuÊt gia  	7	99	650843838	10662250
[money]	thuychi2	NMKs2ss	Nga My xuÊt gia  	7	99	4	40998500
[money]	thanhlxag120601	NMKvIp	Nga My xuÊt gia  	7	99	20740000	13677270
[money]	chem002	NMKxSinny	Nga My xuÊt gia  	7	99	21000009	21602253
[money]	sakaya1999	NoHoop	ThiÕu L©m vâ t¨ng  	7	99	141832284	47207169
[money]	mackeno	NoLong1	ThiÕu L©m vâ t¨ng  	7	99	60000021	36698500
[money]	hotfood13	NópLïm§uæiBãng	ThiÕu L©m thiÒn t¨ng  	7	99	30120062	36216007
[money]	0961683834	NÕu§­îc	ThiÕu L©m vâ t¨ng  	7	99	7	50000000
[money]	huonglong	NuGoiCam	Nga My xuÊt gia  	7	99	0	41094661
[money]	kuphoc2001	NuHoangHaiTac	C¸i Bang TÜnh y  	7	99	15	40882600
[money]	quanhtn981	NuPaKaChi	ThiÕu L©m vâ t¨ng  	7	99	20000035	24718072
[money]	hongnhung	nuplam	HiÖp §éc  	0	99	0	40998500
[money]	thaichau	nuplumdalem	ThiÕu L©m vâ t¨ng  	7	99	492	34194600
[money]	thucbinhdien	NVTzThiÕuNiªnx94	ThiÕu L©m vâ t¨ng  	7	99	0	21133500
[money]	nghiason	N«ngD©n	ThiÕu L©m vâ t¨ng  	7	99	0	26580000
[money]	phunghuubao123	o0oMinhPhïngNMD	Nga My tôc gia  	7	99	13	32795661
[money]	vodangvc2014	o0oS2CæS­T×nhS2	Tµ §éc  	7	99	14763631	24149146
[money]	vodangvc2013	o0oS2NhËmDoanhS2	Nga My xuÊt gia  	7	99	9762538	16997000
[money]	vodangvc2012	o0oS2XÝchL©nS2	HiÖp §éc  	7	99	233473113	22487884
[money]	conmemay	o0QuaNhi0o	ThiÕu L©m vâ t¨ng  	7	99	0	17118000
[money]	qwe00zz	oB52oBinn§z	ThiÕu L©m vâ t¨ng  	7	99	0	11998500
[money]	hanhceo1993	OneHÝt	ThiÕu L©m vâ t¨ng  	7	99	0	38200000
[money]	hanhceo1993	OneHÝtxxx	D­¬ng M«n Cung Kþ  	7	99	57	36633734
[money]	duyquy442	OneSut	ThiÕu L©m vâ t¨ng  	7	99	20000000	41000000
[money]	dangtrung1	ooAnHyoo	D­¬ng M«n Cung Kþ  	7	99	0	29498500
[money]	zaolong1509	oooKillooo	ThiÕu L©m vâ t¨ng  	7	99	20000000	32524484
[money]	linh609	oOoVenus	Nga My xuÊt gia  	7	99	0	41000000
[money]	s2kyniem	oS2oCËuBuånV×Ai	ThiÕu L©m vâ t¨ng  	7	99	0	41898500
[money]	khanhhung0610	oS2oLiÖuTaCßnYªu	D­¬ng M«n Cung Kþ  	7	99	2782608	21530000
[money]	s2kyniem93	oS2oMîBuånV×Ai	Nga My xuÊt gia  	7	99	0	37000000
[money]	tungtom	oS2oTïngT«m	D­¬ng M«n Cung Kþ  	7	99	171083221	24880439
[money]	linhminh0610	oS2oZzzNMK	Nga My xuÊt gia  	7	99	22686631	21423852
[money]	elvjstu2	oSHBoBoom	ThiÕu L©m vâ t¨ng  	7	99	0	38918500
[money]	phongvuong4	oSoDuongVanQuan	D­¬ng M«n Cung Kþ  	7	99	29	39794600
[money]	phongvuong2	oSoNhatLinh	Nga My tôc gia  	7	99	18	36768230
[money]	onthanhmy0	PeDeCaMau	ThiÕu L©m vâ t¨ng  	7	99	98022	38894701
[money]	huyluu11111	PhaiDÊuCuécT×nh	ThiÕu L©m vâ t¨ng  	7	99	0	24877674
[money]	quanghai33vn	phambi1	ThiÕu L©m vâ t¨ng  	7	99	21	21868665
[money]	quanghai44vn	phambi2	Nga My xuÊt gia  	7	99	0	37895500
[money]	anhtrong3	PhanKimLiªn	C¸i Bang ¤ Y  	7	99	20000025	24198620
[money]	cuongs2nga1	PheThuocLao	ThiÕu L©m vâ t¨ng  	7	99	0	24957160
[money]	katomi1	PhimConMeo	D­¬ng M«n Cung Kþ  	7	99	1807	17852805
[money]	mautim2	Phiphi	D­¬ng M«n th­¬ng Kþ  	7	99	20000038	41000000
[money]	minh321a	phirnoxsa	Vâ §ang tôc gia  	7	99	0	28360000
[money]	phonghoa	phonghoa	C¸i Bang ¤ Y  	7	99	39	57542330
[money]	phucvll	PhoRoyal	Nga My xuÊt gia  	7	99	15	37650000
[money]	unopin	PhucPin	ThiÕu L©m vâ t¨ng  	7	99	1100029	49800000
[money]	buiphucuong	PhuCuong	ThiÕu L©m vâ t¨ng  	7	99	155000022	38100000
[money]	yeudaikho	Ph­¬ngSo¸i	ThiÕu L©m vâ t¨ng  	7	99	0	30820000
[money]	neumaythich1111	Ph­¬ngTh¶o	ThiÕu L©m vâ t¨ng  	7	99	0	41000000
[money]	nutado110	PingPo	ThiÕu L©m vâ t¨ng  	7	99	13	37120000
[money]	asdasd123vn	Pinpon	ThiÕu L©m vâ t¨ng  	7	99	32	29786000
[money]	laivung2090vnvn	PkvGiaCacLuonG99	ThiÕu L©m vâ t¨ng  	7	99	18	41000000
[money]	buigiabao	Pocaton	C¸i Bang TÜnh y  	7	99	11	41000000
[money]	minhluan	PônPano	§­êng M«n phæ th«ng  	7	99	0	39800000
[money]	denhatthieutien	QEASDDDDD	Nga My xuÊt gia  	7	99	25	22795885
[money]	httoan123	QEDDDDDDDD	ThiÕu L©m vâ t¨ng  	7	99	2724	10152580
[money]	hungnghia97	QNKzAiNghia	ThiÕu L©m vâ t¨ng  	7	99	0	35068862
[money]	an123456	qqqqqqqqqqqqq	ThiÕu L©m vâ t¨ng  	7	99	410000023	50000000
[money]	trangthe17	QuûTiªu	D­¬ng M«n Cung Kþ  	7	99	0	41000000
[money]	amxvippr01	QuyKiemSau	Vâ §ang ®¹o gia  	7	99	0	40997000
[money]	anlolnhe	QuynhEm	D­¬ng M«n Cung Kþ  	7	99	0	41000000
[money]	buixuanbao1997	QuynhGiao	Nga My xuÊt gia  	7	99	0	40998500
[money]	quynh123	QuynhLyna	Nga My xuÊt gia  	7	99	30738459	16894729
[money]	crvo01	Qu©nMéng¦u	ThiÕu L©m vâ t¨ng  	7	99	0	33997900
[money]	chaugiaky3	qweqweqw	Thóy Yªn Vò Tiªn  	7	99	92764449	50000000
[money]	nopita	rdgjhjrt	ThiÕu L©m vâ t¨ng  	7	99	0	16893500
[money]	thanhtinh1	RedRose	C¸i Bang TÜnh y  	7	99	0	40880000
[money]	lamuathu159357	rghdgh	ThiÕu L©m thiÒn t¨ng  	7	99	1703000391	10767540
[money]	anhtrong	Rít¸oCµSa	ThiÕu L©m thiÒn t¨ng  	7	99	151007104	41221967
[money]	welinegen196	RobinVanPersie	ThiÕu L©m vâ t¨ng  	7	99	26565132	46234433
[money]	nam22111	rwerwd	Vâ §ang ®¹o gia  	0	99	0	25400000
[money]	ozevip123456	rymastic	Vâ §ang tôc gia  	7	99	20000000	37321800
[money]	bone3ngon	S2Ghitar§iÖnS2	Nga My tôc gia  	7	99	18491799	30969585
[money]	bophongbadao6789	S2HPzNMK1102	Nga My xuÊt gia  	7	99	0	39397009
[money]	bophongbadao1102	S2HPzPhongBeck	ThiÕu L©m vâ t¨ng  	7	99	26	36319181
[money]	huyhung37	s2HuyKuTeo	ThiÕu L©m vâ t¨ng  	7	99	1575000000	41111500
[money]	gicung96	S2iHaKyAnh	ThiÕu L©m vâ t¨ng  	7	99	12	26804691
[money]	gicung98	S2iHaVy	Nga My xuÊt gia  	7	99	0	18000000
[money]	tiensinh031	S2MaButNo1	Vâ §ang tôc gia  	7	99	0	32345250
[money]	thao123	S2NetPhongDatS3	ThiÕu L©m vâ t¨ng  	7	99	0	33224500
[money]	iobaongoc2016	S2NhocXinhGai	Thóy Yªn Vò Tiªn  	7	99	12501076	25539550
[money]	dinhlaquyen195	s2oALL	ThiÕu L©m vâ t¨ng  	7	99	0	40160000
[money]	buonnguqua123	S2sTrumxZ	ThiÕu L©m vâ t¨ng  	7	99	1250000000	45228000
[money]	buonnguqua123	S2xTrumxxZ	ThiÕu L©m vâ t¨ng  	7	99	0	50000000
[money]	anhnhy123dr	S2zOngNoiMC	D­¬ng M«n Cung Kþ  	7	99	37	17044251
[money]	anhnhy123drvn	S2zOngNoiNMK	Nga My xuÊt gia  	7	99	16	37553810
[money]	anhnhy123dr123	S2zOngNoiTLQ	ThiÕu L©m vâ t¨ng  	7	99	54	20050310
[money]	cunkk02	sa343¸34	Nga My xuÊt gia  	7	99	20000000	16936000
[money]	andgame989	sadfsadsa	Nga My xuÊt gia  	7	99	0	40998500
[money]	tutinpq14	SangXia	ThiÕu L©m vâ t¨ng  	7	99	23	27176940
[money]	tutinpq1414	SangXiaa	C¸i Bang TÜnh y  	7	99	0	34080000
[money]	sangvh07	Sang§uBai	ThiÕu L©m vâ t¨ng  	7	99	6090727442	31244084
[money]	songuku1992	SaToShi	ThiÕu L©m vâ t¨ng  	7	99	105	14572145
[money]	amxvippr01	SatThien	ThiÕu L©m vâ t¨ng  	7	99	13003602	40659000
[money]	luomnguyen	satthu1	ThiÕu L©m vâ t¨ng  	7	99	500006	23574692
[money]	huytientdnb	satthul	ThiÕu L©m vâ t¨ng  	7	99	27210025	14445700
[money]	manhhung24011997	SaySayyyy	ThiÕu L©m vâ t¨ng  	7	99	0	17000001
[money]	manhhung24011997	SaySayyyyy	ThiÕu L©m vâ t¨ng  	7	99	0	41000000
[money]	manhhung2401	SayyyEndBayyy	Tµ §éc  	7	99	2668000921	13957301
[money]	bezy21	sd23ed23d	ThiÕu L©m vâ t¨ng  	0	99	0	39600000
[money]	zencovantien0	sdasdsdasfasd	ThiÕu L©m vâ t¨ng  	7	99	0	41000000
[money]	namthao0258	sdfghjkl	ThiÕu L©m vâ t¨ng  	7	99	14	13775500
[money]	tamcute1995	sdfsdfs	ThiÕu L©m vâ t¨ng  	7	99	0	39277700
[money]	lamuathu159358	sfdggsdd	Nga My xuÊt gia  	7	99	19	16997000
[money]	kokoko644	SGxJim	C¸i Bang TÜnh y  	0	99	0	40041760
[money]	kokoko643	SGxJin	ThiÕu L©m vâ t¨ng  	0	99	0	37370000
[money]	neumaythich1111	ShinChan	ThiÕu L©m vâ t¨ng  	7	99	62853531	45883715
[money]	loiheo	shinigami	§­êng M«n phæ th«ng  	7	99	22000028	36879510
[money]	tamcute1996	sieubuffff	Nga My xuÊt gia  	7	99	9001675	39621898
[money]	bobo123	SinSin	Vâ §ang tôc gia  	7	99	20	12345500
[money]	locnguyen48	sisihin	C¸i Bang TÜnh y  	7	99	7	41000000
[money]	shinky1111	SkinKi	ThiÕu L©m vâ t¨ng  	7	99	73611636	44972496
[money]	tien99hd	SongNhi	D­¬ng M«n Cung Kþ  	7	99	0	50000000
[money]	hoilamgi	SótBayQuÇnLãt	ThiÕu L©m vâ t¨ng  	7	99	13	36163219
[money]	tamtinhtoan2000	ssd13331	D­¬ng M«n Cung Kþ  	7	99	0	18659005
[money]	anh20cm120pok	sssssssss1	D­¬ng M«n Cung Kþ  	7	99	0	38999500
[money]	minhdz	SummEr	§­êng M«n phæ th«ng  	7	99	0	20870101
[money]	pkcc1234	SupperMen	ThiÕu L©m vâ t¨ng  	7	99	0	13027531
[money]	doikotinh99	S­ngB¸VâL©m	ThiÕu L©m thiÒn t¨ng  	7	99	980000033	29245809
[money]	tai1234	TãcB¹cV×Em	ThiÕu L©m vâ t¨ng  	7	99	0	41000000
[money]	hoplp147	tajhusdf	Tµ §éc  	7	99	11	41000000
[money]	anhdapro1991	Talon1	ThiÕu L©m vâ t¨ng  	7	99	0	36350325
[money]	tutonanhai1	TangChetMeMay	D­¬ng M«n Cung Kþ  	7	99	24	40648500
[money]	40dada	tapsut	Vâ §ang tôc gia  	7	99	17	14855500
[money]	diemvt13	TapVietChuHan	Nga My xuÊt gia  	7	99	0	41000000
[money]	emtaboi2	Taykiemxa	ThiÕu L©m vâ t¨ng  	0	99	0	29469500
[money]	thuhuyenofme	TBiiTLQ	ThiÕu L©m vâ t¨ng  	7	99	502955	44577905
[money]	t0966423119	Tbkiki	ThiÕu L©m vâ t¨ng  	7	99	17	40997000
[money]	thuhuyenofme	TBzzTLQ	ThiÕu L©m vâ t¨ng  	7	99	2960	41000950
[money]	quocbao248	TêNóThÝch§¹iTu	ThiÕu L©m vâ t¨ng  	7	99	0	40441000
[money]	crvo01	TËpCh¬iCung	D­¬ng M«n Cung Kþ  	7	99	46	60664060
[money]	voconglan90	TESHING	ThiÕu L©m vâ t¨ng  	7	99	23000069	30074055
[money]	noboy9xdh	tesssst	ThiÕu L©m vâ t¨ng  	7	99	2000007	15544161
[money]	tamkien97	ThanhCo	Nga My xuÊt gia  	7	99	0	40378101
[money]	dungcoi9x	ThanLong	ThiÕu L©m vâ t¨ng  	7	99	4950027	31901081
[money]	ducvuong	Thanos	ThiÕu L©m vâ t¨ng  	7	99	0	28414440
[money]	amxvippr03	ThanTien	D­¬ng M«n Cung Kþ  	7	99	19494709	35474611
[money]	thinhthao12121	thaobeo	Nga My xuÊt gia  	7	99	0	41000000
[money]	tinhbuonhg2013	ThatTien	§­êng M«n phæ th«ng  	7	99	6827722	14154080
[money]	ruisekhung1104	ThÇnQuyÒn	ThiÕu L©m vâ t¨ng  	7	99	29404914	40709000
[money]	vacvodang	ThÇyTuLªnBAR	ThiÕu L©m vâ t¨ng  	7	99	0	40850006
[money]	viscafcb96	ThienLongThuong	D­¬ng M«n th­¬ng Kþ  	7	99	71	76792335
[money]	jx2vietzxczxc123	thieulamquyen	ThiÕu L©m vâ t¨ng  	7	99	25145000	44792244
[money]	lovephang123	ThiÕuGia	ThiÕu L©m vâ t¨ng  	7	99	0	30038500
[money]	dungnguyen22991	ThïyChung	Nga My xuÊt gia  	7	99	0	19760000
[money]	kinhcodon	ThiªnM«n	§­êng M«n phæ th«ng  	7	99	878192154	22953740
[money]	anhtienlk1	ThiªnPh­îng	Nga My xuÊt gia  	7	99	7762403	15298500
[money]	kiddjvu	thoiakochoi	D­¬ng M«n Cung Kþ  	7	99	1500053	12273500
[money]	kidsmonkey	Thomas	ThiÕu L©m vâ t¨ng  	7	99	1605200046	23290100
[money]	ozevip123456	ThoPheCo	ThiÕu L©m vâ t¨ng  	7	99	20	29563476
[money]	kenlber	ThuG©uG©u	D­¬ng M«n Cung Kþ  	7	99	0	16997000
[money]	ruisekhung1101	Th¾mEm	Nga My xuÊt gia  	7	99	75166116	16351883
[money]	nguyenjina4	Thø7CµKhÞaNhÐAnh	Nga My tôc gia  	0	99	3225000	10475500
[money]	nguyenjina3	Thø7D¹oPhèNhÐEm	ThiÕu L©m vâ t¨ng  	7	99	559709557	32008940
[money]	namkute0901	TieuKute	ThiÕu L©m vâ t¨ng  	7	99	0	41000000
[money]	proandvip	TieuPhong	C¸i Bang TÜnh y  	7	99	244487	41159280
[money]	danghung	TieuSuBa	§­êng M«n phæ th«ng  	7	99	0	40600000
[money]	malang1997	TiÓuNhaNéi	ThiÕu L©m vâ t¨ng  	7	99	8	13257190
[money]	volam2sh1234	TiÓuTuyÕt	Nga My xuÊt gia  	7	99	0	20246730
[money]	0358204178	TiÓuYTiªn	Tµ §éc  	7	99	1269218	75000000
[money]	0976382115	TLD123	ThiÕu L©m tôc gia  	7	99	20000000	30680000
[money]	tranchuong	TLDtranChuong	ThiÕu L©m tôc gia  	7	99	0	48727575
[money]	0976382117	TLQ12456	ThiÕu L©m vâ t¨ng  	7	99	0	37998500
[money]	kimngan1	TLQ1GaCon	ThiÕu L©m vâ t¨ng  	7	99	0	42497061
[money]	tlqsutdaklak	TLQ47BMT	ThiÕu L©m vâ t¨ng  	7	99	0	26907000
[money]	hoplp146	TLQCC22	ThiÕu L©m tôc gia  	7	99	0	40897000
[money]	laiquocvu	TLQDoTuiBay	ThiÕu L©m vâ t¨ng  	7	99	0	28958000
[money]	hattory1111	TLQGenji	ThiÕu L©m vâ t¨ng  	7	99	0	19266391
[money]	trungtruc100	TlqHångNhanVip1	ThiÕu L©m vâ t¨ng  	7	99	0	37886645
[money]	unopin	TLQiiPhucPin	ThiÕu L©m vâ t¨ng  	0	99	25	40950000
[money]	nhatkham111	TlqLinhXe¤m	ThiÕu L©m vâ t¨ng  	7	99	14	16810400
[money]	kimngan1	TLQNamTieuChuan	ThiÕu L©m vâ t¨ng  	7	99	926	34673887
[money]	kiepduaxe	TLQPROVip	ThiÕu L©m vâ t¨ng  	7	99	160	23640440
[money]	daitonglieu	tlqqqqqqqqq	ThiÕu L©m vâ t¨ng  	7	99	423692270	23552284
[money]	giaphuyhop	TLQSUnSuN	ThiÕu L©m vâ t¨ng  	7	99	0	40998500
[money]	namngheo3	TLQVIpPkVoDay	ThiÕu L©m vâ t¨ng  	7	99	18	33799206
[money]	mjkjmjkj1	TLTDASSD	ThiÕu L©m thiÒn t¨ng  	0	99	22	36912068
[money]	quanmap1	TomSipVang	Nga My xuÊt gia  	7	99	0	33000000
[money]	tuannam1	ToµnCh¬i§¸	ThiÕu L©m vâ t¨ng  	0	99	0	40998500
[money]	tranchuong	tranchuong	§­êng M«n phæ th«ng  	7	99	16	40141500
[money]	sangtran	TranDuongGia	ThiÕu L©m vâ t¨ng  	7	99	0	41000000
[money]	trang080920	TrangTrang	ThiÕu L©m vâ t¨ng  	0	99	0	38944300
[money]	nguyenduyluong20	traubo9x	Vâ §ang tôc gia  	7	99	1	24924846
[money]	thaivu2019tlq	TrÇnDÇnIsMyLife	ThiÕu L©m vâ t¨ng  	7	99	20000000	40632000
[money]	kuphoc1997	TrieuMan	Nga My tôc gia  	7	99	4200000	40879900
[money]	dangtrung	TrïmTank	ThiÕu L©m vâ t¨ng  	7	99	0	24922095
[money]	zxc123456	TrïmTLQ	ThiÕu L©m vâ t¨ng  	7	99	0	36597000
[money]	lmt309	TrumServerOK	D­¬ng M«n th­¬ng Kþ  	7	99	748481	39949500
[money]	truonghaibinh	TruongHaiBinh	HiÖp §éc  	7	99	23209	81736222
[money]	thuyyenbl	truongnatso	ThiÕu L©m thiÒn t¨ng  	7	99	69142182	41000000
[money]	kuphoc1996	TruongVoKy	ThiÕu L©m vâ t¨ng  	7	99	103548689	99800000
[money]	volam2	TruTriDapDa	ThiÕu L©m vâ t¨ng  	7	99	19	50000000
[money]	lamthimynhu	Tr­¬ngMinhThiÖn	C¸i Bang ¤ Y  	7	99	0	50000000
[money]	danh1233	TTTKenD¨nTTT	ThiÕu L©m vâ t¨ng  	7	99	3000103	49900000
[money]	danh12333	TTTTTT	Nga My xuÊt gia  	7	99	21	31238500
[money]	tuandn	tuandn	HiÖp §éc  	7	99	0	41000000
[money]	thienhavbt	TungT¨ng§¸Dog	ThiÕu L©m vâ t¨ng  	7	99	19	21738500
[money]	lamuathu159357	tyutyjh	ThiÕu L©m vâ t¨ng  	7	99	0	12720000
[money]	nobita	TYVTxxx	Nga My tôc gia  	0	99	0	41000000
[money]	gapro11	TYVTzZz	Thóy Yªn Vò Tiªn  	7	99	1766	40000950
[money]	zdieukhang1	T©mLiªn	Nga My xuÊt gia  	7	99	655393679	44720000
[money]	malang97	T«nNhÞN­¬ng	Nga My xuÊt gia  	7	99	42	16257109
[money]	dactrung	TµLinhTr­ëngL·o	Tµ §éc  	7	99	0	40640180
[money]	lorenkidsn0	TµnS¸tGame	ThiÕu L©m vâ t¨ng  	7	99	20	44560000
[money]	minhngoc99a	T¹Xu©nHinh	ThiÕu L©m vâ t¨ng  	7	99	0	18198500
[money]	ngockien123	Uni2NgäcKiªn	Vâ §ang tôc gia  	7	99	13	30764780
[money]	levancan	VâL©m2	D­¬ng M«n Cung Kþ  	7	99	0	41000000
[money]	namkute0901	VanTieu	D­¬ng M«n Cung Kþ  	7	99	0	27119800
[money]	vbhwudang	VBHzWudang	Vâ §ang tôc gia  	7	99	0	29284428
[money]	xuighe1995	VDBVinhHang	Vâ §ang tôc gia  	7	99	26	21879722
[money]	eric88	VGHuyenthoai	ThiÕu L©m vâ t¨ng  	7	99	64308284	31238337
[money]	eric89	VGTieuNuongTu	Nga My xuÊt gia  	7	99	22050655	21698166
[money]	tiendatcutee	Vidizz	ThiÕu L©m vâ t¨ng  	7	99	21000025	29717735
[money]	tiendatcutee1	Vidizz1	Nga My xuÊt gia  	7	99	21000000	37898500
[money]	zzliem3chiem	VietNamIdollll	ThiÕu L©m vâ t¨ng  	7	99	0	35556328
[money]	playcd4	VîMessi	C¸i Bang ¤ Y  	7	99	22	48300000
[money]	nuhoangkim1	Vinamiiul	ThiÕu L©m vâ t¨ng  	7	99	13015237	35822225
[money]	vinhkeen98	vinhken	Vâ §ang tôc gia  	7	99	18	15197000
[money]	quynhqueo1998	ViTiÓuB¶o	ThiÕu L©m vâ t¨ng  	7	99	10	38892725
[money]	minh123	VitVoDoi	ThiÕu L©m vâ t¨ng  	7	99	20000016	27222515
[money]	testgamevl2	VL22019	D­¬ng M«n Cung Kþ  	7	99	22400959	38980800
[money]	testgamevl2	VL220191	ThiÕu L©m vâ t¨ng  	7	99	936200021	30531404
[money]	testgamevl21	VL220192	Nga My xuÊt gia  	7	99	20000000	41000000
[money]	duykaka2	vltk2019	ThiÕu L©m vâ t¨ng  	0	99	161880000	50000000
[money]	daida03	VoiCon	ThiÕu L©m tôc gia  	7	99	993	12890530
[money]	phongvuong3	VoTuChanKinh	ThiÕu L©m tôc gia  	7	99	22	39722466
[money]	vuanh1601	vuanh1601	ThiÕu L©m vâ t¨ng  	7	99	23	40997000
[money]	vl2112233	VuiLaQuay	Nga My xuÊt gia  	7	99	33252007	39435500
[money]	tantrang	VuongNguYen	Nga My tôc gia  	7	99	20000000	50000000
[money]	tieuthien	V©nTiÕuThiªn	ThiÕu L©m vâ t¨ng  	7	99	23	50000000
[money]	chuong	V«Th­êng	ThiÕu L©m vâ t¨ng  	7	99	195989019	16201243
[money]	volam2sh123	V«TungC­íc	ThiÕu L©m vâ t¨ng  	7	99	0	27674523
[money]	welinegen1	WayneRooney	ThiÕu L©m vâ t¨ng  	7	99	20000019	31000000
[money]	galongbee	Window	ThiÕu L©m vâ t¨ng  	7	99	33982	50000000
[money]	window8010	Window8010	Nga My tôc gia  	7	99	2	37378500
[money]	thviet21	WinnerX150	§­êng M«n phæ th«ng  	7	99	135000105	11095615
[money]	long111	wqe2ee	Nga My xuÊt gia  	7	99	0	22755500
[money]	anhem1	WRxTxRW	ThiÕu L©m vâ t¨ng  	7	99	0	39357000
[money]	vantieu0901	wsdvnf	Nga My tôc gia  	7	99	1	41000000
[money]	ljnshu2012	xahoiden1	ThiÕu L©m vâ t¨ng  	7	99	0	10898000
[money]	hungtu1593	xChuTieux	ThiÕu L©m vâ t¨ng  	7	99	12	38548020
[money]	gnourt	xGnourtx	ThiÕu L©m tôc gia  	7	99	20000011	24133140
[money]	hienvienthanhde	xHNxDaiDeVl	ThiÕu L©m thiÒn t¨ng  	7	99	0	40950000
[money]	eric90	XHuyenThoai	ThiÕu L©m thiÒn t¨ng  	7	99	1000005	15027305
[money]	killer1569	xKiller	ThiÕu L©m vâ t¨ng  	7	99	17	23917000
[money]	xx1910	xNMKx19Octx	Nga My xuÊt gia  	7	99	0	41000000
[money]	nobita	XOACCCC	Tµ §éc  	7	99	20000000	35844000
[money]	quanmap	xQKxTom	ThiÕu L©m vâ t¨ng  	7	99	12388400	29709161
[money]	jx2viettlq	xSGxTLQx	ThiÕu L©m vâ t¨ng  	7	99	845600053	50000000
[money]	ohlalaconma	XuyªnLç§Ýt	D­¬ng M«n Cung Kþ  	0	99	0	40998500
[money]	vietvmp	xVMPxChÞ§¹ixVMPx	V« m«n ph¸i  	0	84	58326673	36366136
[money]	nvb137996	xXBuuM	ThiÕu L©m thiÒn t¨ng  	7	99	0	41000000
[money]	ductay	XxDeTonxX	ThiÕu L©m vâ t¨ng  	7	99	0	18080000
[money]	vduong049	xxToXIcxx	ThiÕu L©m vâ t¨ng  	7	99	20000000	25097000
[money]	mapompj1	xxWolverine	D­¬ng M«n Cung Kþ  	7	99	0	49544000
[money]	xxphanhuyanh	XxxChanhBeck	ThiÕu L©m thiÒn t¨ng  	7	99	0	38480000
[money]	nhimxua4	xXxDGCzByTNx	D­¬ng M«n Cung Kþ  	7	99	0	48200000
[money]	danghung	xxxxxHxxxxx	HiÖp §éc  	7	99	46	13475000
[money]	danghung2	xxxxxxHxxxxx	Thóy Yªn Vò Tiªn  	7	99	80862457	40985550
[money]	phungducduy123b	xxxxxxxxx	ThiÕu L©m thiÒn t¨ng  	7	99	25000156	50000000
[money]	nhimxua2	xxxxxxxxx1x	Nga My xuÊt gia  	0	99	0	50000000
[money]	anhdai198	xYeuSinhLyx	ThiÕu L©m vâ t¨ng  	7	99	13	41197161
[money]	boynet011	xZxTLQxZx	ThiÕu L©m vâ t¨ng  	7	99	0	37817000
[money]	s2votinh1	YeuBanThan	Nga My xuÊt gia  	7	99	77886919	23854548
[money]	s2votinh2	YeuB¶nTh©n	D­¬ng M«n Cung Kþ  	7	99	212747711	22156729
[money]	automy10	yeuemdi	§­êng M«n phæ th«ng  	7	99	0	40700000
[money]	hplamduyen	Yingyang	HiÖp §éc  	7	99	0	41000000
[money]	s2votinh	YªuB¶nTh©n	C¸i Bang TÜnh y  	7	99	235833684	17085847
[money]	izayoisakamaki	z69iTrÞX¹oLozPKz	ThiÕu L©m vâ t¨ng  	7	99	0	40579000
[money]	tenhoa2090	zB67TrängDuy	ThiÕu L©m vâ t¨ng  	7	99	0	15068725
[money]	lamchivinhd	zB67VÜnh	ThiÕu L©m vâ t¨ng  	7	99	0	49950000
[money]	lkgfygh	zCôcCøtC«§¬n	ThiÕu L©m vâ t¨ng  	7	99	24	37428500
[money]	truong	Zenitsu	ThiÕu L©m vâ t¨ng  	7	99	45	32597000
[money]	linh123	zereff	D­¬ng M«n Cung Kþ  	7	99	15	41000000
[money]	nammai2931994	ZiDane	Tµ §éc  	7	99	0	24158500
[money]	nammai2931994	ZiDanee	HiÖp §éc  	0	99	0	41000000
[money]	toilatoi123	zIHångThÊtC«ng	C¸i Bang ¤ Y  	7	99	21000005	48726700
[money]	test123456vn	ZikoBinz	ThiÕu L©m vâ t¨ng  	7	99	24	49749350
[money]	dakmilno1	ZiNiCo	C¸i Bang ¤ Y  	7	99	20000047	41700000
[money]	qanh10x10	zIzHollow	ThiÕu L©m vâ t¨ng  	7	99	20000022	24599000
[money]	congluc1	zKÎ§écHµnh	ThiÕu L©m vâ t¨ng  	7	99	20000000	31077000
[money]	songoi	zLoveBon	D­¬ng M«n Cung Kþ  	7	99	0	40097000
[money]	andgame98	zMrDiaNazz	ThiÕu L©m vâ t¨ng  	7	99	0	25354849
[money]	tuitenbo11	ZOFFcUbUzUnU	ThiÕu L©m vâ t¨ng  	7	99	0	20000000
[money]	handoi222	ZOFFtrangDep	Nga My xuÊt gia  	0	99	15	40998500
[money]	handoi111	ZOFFzingNo1	ThiÕu L©m vâ t¨ng  	7	99	17	39674000
[money]	denis777	zQTz7KiemTinh	ThiÕu L©m tôc gia  	7	99	0	13938006
[money]	tieptt198	zqw2q121	ThiÕu L©m vâ t¨ng  	7	99	0	47080000
[money]	alubi01	zS18zNam§Þnh	ThiÕu L©m vâ t¨ng  	7	99	3000085	39930846
[money]	mjkjmjkj1	ZthanThuZz	Nga My xuÊt gia  	7	99	9559403	50000000
[money]	nhuttan	zTruongVoKy	ThiÕu L©m vâ t¨ng  	7	99	279995257	34364033
[money]	cnghia	zV«Danh	ThiÕu L©m vâ t¨ng  	7	99	97340448	22173694
[money]	nhoxkon158199	ZxcaVEBCxZ	Nga My xuÊt gia  	7	99	10823910	15018500
[money]	nhoxkon1581991	ZxDaTHuXZ	D­¬ng M«n th­¬ng Kþ  	7	99	3078238078	46739255
[money]	nh0ckus681	zXZXXXzzzz	ThiÕu L©m vâ t¨ng  	7	99	28	20958552
[money]	tdtq123	ZyWooNo1	ThiÕu L©m vâ t¨ng  	7	99	18	37943500
[money]	cnghia12	zz12zz	ThiÕu L©m vâ t¨ng  	0	99	147981776	29519000
[money]	cnghia13	zz13zz	ThiÕu L©m vâ t¨ng  	0	99	147971480	29519000
[money]	cnghia14	zz14zz	ThiÕu L©m vâ t¨ng  	0	99	117920000	32640000
[money]	cnghia15	zz15zz	ThiÕu L©m vâ t¨ng  	0	99	117445592	29639000
[money]	cnghia16	zz16zz	ThiÕu L©m vâ t¨ng  	0	99	117859016	27660000
[money]	cnghia17	zz17zz	ThiÕu L©m vâ t¨ng  	0	99	116986232	29660000
[money]	cnghia18	zz18zz	ThiÕu L©m vâ t¨ng  	0	99	116996528	29660000
[money]	cnghia2	zz2zzz	ThiÕu L©m vâ t¨ng  	0	99	181772288	45786780
[money]	cnghia3	zz3zzz	ThiÕu L©m vâ t¨ng  	0	99	181720808	50000000
[money]	cnghia4	zz4zzz	ThiÕu L©m vâ t¨ng  	0	99	181666160	29698000
[money]	cnghia5	zz5zzz	ThiÕu L©m vâ t¨ng  	7	99	208667672	42878500
[money]	cnghia6	zz6zzz	ThiÕu L©m vâ t¨ng  	0	99	181548152	29698000
[money]	cnghia7	zz7zzz	ThiÕu L©m vâ t¨ng  	0	99	181488752	29698000
[money]	tienhang01	zzAKAzz	ThiÕu L©m vâ t¨ng  	7	99	0	18773851
[money]	tienhang02	zzAKEzz	Nga My xuÊt gia  	7	99	0	17856510
[money]	thang97dz	zZAnhHung1Thoi	ThiÕu L©m vâ t¨ng  	7	99	23	36752152
[money]	daorongtrang369	ZzAShuNazZ	Nga My xuÊt gia  	7	99	0	36978500
[money]	daorongtrang147	ZzASHuRazZ	C¸i Bang TÜnh y  	7	99	20000032	19918283
[money]	daorongtrang147	ZzATienzZ	D­¬ng M«n Cung Kþ  	7	99	20000052	20515500
[money]	thang1997dz	ZzBeMapzZ	Nga My xuÊt gia  	7	99	21	17352525
[money]	alphal1997vn	ZzBlackBull	ThiÕu L©m vâ t¨ng  	7	99	20000029	30732447
[money]	cnghia	zzBufterFlyzz	ThiÕu L©m vâ t¨ng  	0	99	147920000	50000000
[money]	be0321	ZzChauTinhTri	ThiÕu L©m vâ t¨ng  	7	99	0	37460789
[money]	hongquang01	ZzDGTzZ	D­¬ng M«n Cung Kþ  	7	99	40	35392500
[money]	vantieu0901	zzGaConzz	ThiÕu L©m vâ t¨ng  	7	99	0	41000000
[money]	nhokteenboy2013	ZzGiaLong	ThiÕu L©m vâ t¨ng  	7	99	0	40200000
[money]	doantd10	ZzHoaiNiemBuonzZ	ThiÕu L©m vâ t¨ng  	7	99	0	29730000
[money]	doantd11	ZzHoaiNiemVuiZz	Nga My xuÊt gia  	7	99	100	38598500
[money]	nguyenle1	ZzJx2KiÕmMaZz	Nga My xuÊt gia  	7	99	18	33474845
[money]	nguyenle	ZzJx2MaCungZz	D­¬ng M«n Cung Kþ  	7	99	20000019	10432455
[money]	kidukute1	ZztaoThaozZ	ThiÕu L©m vâ t¨ng  	7	99	20000015	41000000
[money]	cubalot	ZzTaoXe¤mZz	Vâ §ang tôc gia  	7	99	0	40950000
[money]	thaotiem	ZzThaoChuTichzZ	ThiÕu L©m vâ t¨ng  	7	99	76873866	29876078
[money]	phia12345it	ZzThuyMuoi	Tµ §éc  	7	99	2	31200000
[money]	phia12345it	ZzThuyMuoiZz	C¸i Bang ¤ Y  	7	99	2716	27323660
[money]	phia12345vn	ZzThuyMuoiZzZ	Nga My xuÊt gia  	7	99	20000132	32411965
[money]	phia1234it	ZzThuyMuojZz	Thóy Yªn Vò Tiªn  	7	99	13676885	17464828
[money]	binhminh	ZzVanCUocQuyTien	ThiÕu L©m vâ t¨ng  	7	99	191409608	12656500
[money]	mjanljen	ZZxDevilPhong	ThiÕu L©m vâ t¨ng  	7	99	138565111	11040815
[money]	mjanljen1	ZZxKiÒuOanh	Nga My xuÊt gia  	7	99	7	32290005
[money]	minhhung0610	ZZxxCBB	C¸i Bang ¤ Y  	7	99	2766453	20565000
[money]	davidhiep	zZzChienThanzZz	ThiÕu L©m vâ t¨ng  	7	99	14	41211981
[money]	anhvusin	ZZzChipChipzZZ	ThiÕu L©m vâ t¨ng  	7	99	1520000027	13790000
[money]	ucbe0134	zZzChocopiezzz	D­¬ng M«n Cung Kþ  	7	99	18	23262239
[money]	satthucamtruong3	ZzZCungThuZzZ	§­êng M«n phæ th«ng  	7	99	2200167	39560000
[money]	satthucamtruong3	ZzZThanKiemZz	ThiÕu L©m vâ t¨ng  	7	99	13797185	36280940
[money]	ethangkia19893	zZzThietThuongZz	D­¬ng M«n th­¬ng Kþ  	7	99	24	30471740
[money]	trungninh1508	zzzTLQ	ThiÕu L©m vâ t¨ng  	7	99	0	41000000
[money]	minhlinh0610	ZzzTLToS2o	ThiÕu L©m thiÒn t¨ng  	7	99	53983042	32351018
[money]	hiennhi0610	ZZZZ5d	HiÖp §éc  	7	99	3364578	20615000
[money]	hungminh0610	ZZzzVDK	Vâ §ang ®¹o gia  	7	99	2642170	39737000
[money]	ethangkia19892	zzZzzBTzzZzz	Nga My xuÊt gia  	7	99	582564630	84098601
[money]	ethangkia19891	zzZzzBzzZzz	ThiÕu L©m vâ t¨ng  	7	99	0	41000000
[money]	kubon2	¤ngGiµPk§Ò3F9	ThiÕu L©m vâ t¨ng  	7	99	0	41500000
[money]	nguyengabay	¥nGiêiCËu§©yRåi	D­¬ng M«n th­¬ng Kþ  	7	99	0	40580000
[money]	clmmhaa	§ÇuTräc2M¸i	ThiÕu L©m vâ t¨ng  	7	99	0	10140157
[money]	ruisekhung1107	§écC«CÇuB¹i	Vâ §ang ®¹o gia  	7	99	3028	15069521
[money]	cornwin	§Êm§auVL	ThiÕu L©m vâ t¨ng  	7	99	20000025	50000000
[money]	chaobenha	§èMµy§øng§­îc	C¸i Bang ¤ Y  	7	99	0	50000000
[money]	0976382116	§ËpKhÊc	C¸i Bang ¤ Y  	7	99	20001896	39858500
[money]	admintrastorjx2	§iÖn¶nhKúHiÖp	D­¬ng M«n Cung Kþ  	7	99	53	21500000
[money]	hungyen	§ÑpZaiKhoaiTo	ThiÕu L©m vâ t¨ng  	7	99	159110022	25500000
[money]	anhtienlk	§oanMécTuyÕt	Vâ §ang tôc gia  	7	99	67	34836617
[money]	crvo02	§o¹tMÖnhTh­Sinh	Vâ §ang tôc gia  	7	99	0	17417975
[money]	nhoka11	§åLongTr¶m	ThiÕu L©m tôc gia  	7	99	0	22276840
[money]	dongvh2020	§«ng§uBai	ThiÕu L©m vâ t¨ng  	7	99	168456270	20893005
[money]	anhtrong0	§µnG¶yTaiTr©u	Nga My tôc gia  	7	99	148835163	30136585
[money]	dammegame1	§¸BayTrim	ThiÕu L©m vâ t¨ng  	7	99	20000023	24234000
[money]	khuntn02	§¸CïiB¾p	ThiÕu L©m vâ t¨ng  	7	99	4813	24296800
[money]	lehongquan1998	®asadqa	C¸i Bang ¤ Y  	0	99	0	50000000
XuÊt d÷ liÖu hoµn tÊt

===========================================================
Thèng kª d÷ liÖu
Tæng sè ng­êi:1653	FreezedPlayerCount: 0
V« m«n ph¸i  Sè ng­êi:	49
ThiÕu L©m ch­a b¸i s­Sè ng­êi:	0
ThiÕu L©m tôc gia  Sè ng­êi:	28
ThiÕu L©m thiÒn t¨ng  Sè ng­êi:	43
ThiÕu L©m vâ t¨ng  Sè ng­êi:	708
§­êng M«n ch­a b¸i s­Sè ng­êi:	0
§­êng M«n phæ th«ng  Sè ng­êi:	44
Nga My ch­a b¸i s­Sè ng­êi:	1
Nga My xuÊt gia  Sè ng­êi:	275
Nga My tôc gia  Sè ng­êi:	50
C¸i Bang ch­a b¸i s­Sè ng­êi:	0
C¸i Bang TÜnh y  Sè ng­êi:	48
C¸i Bang ¤ Y  Sè ng­êi:	50
Vâ §ang ch­a b¸i s­Sè ng­êi:	0
Vâ §ang ®¹o gia  Sè ng­êi:	36
Vâ §ang tôc gia  Sè ng­êi:	57
D­¬ng M«n ch­a b¸i s­Sè ng­êi:	0
D­¬ng M«n th­¬ng Kþ  Sè ng­êi:	45
D­¬ng M«n Cung Kþ  Sè ng­êi:	107
Ngò §éc      Sè ng­êi:	0
HiÖp §éc  Sè ng­êi:	50
Tµ §éc  Sè ng­êi:	49
C«n L«n ch­a b¸i s­Sè ng­êi:	0
C«n L«n Thiªn S­  Sè ng­êi:	1
Minh Gi¸o ch­a b¸i s­Sè ng­êi:	0
Minh Gi¸o Th¸nh ChiÕn  Sè ng­êi:	0
Minh Gi¸o TrËn Binh  Sè ng­êi:	0
Minh Gi¸o HuyÕt Nh©n  Sè ng­êi:	0
Thóy Yªn ch­a b¸i s­Sè ng­êi:	0
Thóy Yªn Vò Tiªn  Sè ng­êi:	12
Thóy Yªn Linh N÷  Sè ng­êi:	0
------------------------------------------------
Tæng sè tiÒn:34970463791 Tæng sè tiÓu ng©n phiÕu cò: 0 Tæng sè ®¹i ng©n phiÕu cò0 Tæng sè Ng©n phiÕu nhá míi:0 Tæng sè Ng©n phiÕu lín míi:0 Tæng sè Ng©n phiÕu nhá dÞ th­êng:0 Tæng sè Ng©n phiÕu lín dÞ th­êng:0
V« m«n ph¸i  Sè tiÒn:	110689812
ThiÕu L©m ch­a b¸i s­Sè tiÒn:	0
ThiÕu L©m tôc gia  Sè tiÒn:	528288302
ThiÕu L©m thiÒn t¨ng  Sè tiÒn:	871868363
ThiÕu L©m vâ t¨ng  Sè tiÒn:	16207525320
§­êng M«n ch­a b¸i s­Sè tiÒn:	0
§­êng M«n phæ th«ng  Sè tiÒn:	824983630
Nga My ch­a b¸i s­Sè tiÒn:	105559
Nga My xuÊt gia  Sè tiÒn:	5504798645
Nga My tôc gia  Sè tiÒn:	1071724612
C¸i Bang ch­a b¸i s­Sè tiÒn:	0
C¸i Bang TÜnh y  Sè tiÒn:	1064991984
C¸i Bang ¤ Y  Sè tiÒn:	1012114057
Vâ §ang ch­a b¸i s­Sè tiÒn:	0
Vâ §ang ®¹o gia  Sè tiÒn:	588231697
Vâ §ang tôc gia  Sè tiÒn:	1050692656
D­¬ng M«n ch­a b¸i s­Sè tiÒn:	0
D­¬ng M«n th­¬ng Kþ  Sè tiÒn:	1155208789
D­¬ng M«n Cung Kþ  Sè tiÒn:	2576418560
Ngò §éc      Sè tiÒn:	0
HiÖp §éc  Sè tiÒn:	1125867560
Tµ §éc  Sè tiÒn:	913178471
C«n L«n ch­a b¸i s­Sè tiÒn:	0
C«n L«n Thiªn S­  Sè tiÒn:	5340950
Minh Gi¸o ch­a b¸i s­Sè tiÒn:	0
Minh Gi¸o Th¸nh ChiÕn  Sè tiÒn:	0
Minh Gi¸o TrËn Binh  Sè tiÒn:	0
Minh Gi¸o HuyÕt Nh©n  Sè tiÒn:	0
Thóy Yªn ch­a b¸i s­Sè tiÒn:	0
Thóy Yªn Vò Tiªn  Sè tiÒn:	358434824
Thóy Yªn Linh N÷  Sè tiÒn:	0
------------------------------------------------
Ph©n bè cÊp ®é nh©n vËt
1(cÊp) Sè ng­êi:	44
10(cÊp) Sè ng­êi:	1
50(cÊp) Sè ng­êi:	1
59(cÊp) Sè ng­êi:	1
73(cÊp) Sè ng­êi:	1
80(cÊp) Sè ng­êi:	3
82(cÊp) Sè ng­êi:	1
83(cÊp) Sè ng­êi:	1
84(cÊp) Sè ng­êi:	1
97(cÊp) Sè ng­êi:	1
99(cÊp) Sè ng­êi:	1598

===========================================================
H¹ng:
--------------Money--------------
1	HoaTieu	 100000000	1
2	TruongVoKy	  99800000	1
3	BachLong	  96214460	1
4	ChuChiNhuoc	  95140253	1
5	BinhCaCa	  95119225	1
6	zzZzzBTzzZzz	  84098601	1
7	TruongHaiBinh	  81736222	1
8	ThienLongThuong	  76792335	1
9	TiÓuYTiªn	  75000000	1
10	Jx2EmBanTia	  73707840	1
--------------Level--------------
1	Sang§uBai	14	99	1
2	zzZzzNTCzzZzz	14	99	1
3	ZxDaTHuXZ	14	99	1
4	xxCöuC«ngChóaxx	14	99	1
5	SayyyEndBayyy	14	99	1
6	Thomas	14	99	1
7	ZZzChipChipzZZ	14	99	1
8	S­ngB¸VâL©m	14	99	1
9	VL220191	14	99	1
10	ThiªnM«n	14	99	1
--------------Repute--------------
1	HøaTiªn	7431	1
2	Jx2EmBanTia	7318	1
3	Jx2BeXinh	7135	1
4	Rít¸oCµSa	6172	1
5	T©mLiªn	6021	1
6	DocCoCauBai	5535	1
7	oS2oTïngT«m	5235	1
8	NhokThanh	5212	1
9	i59ken	5002	1
10	LPBxKhangKiÖn	4766	1
--------------Honor--------------
1	HøaTiªn	351679	1
2	Jx2EmBanTia	261252	1
3	zzZzzNTCzzZzz	238077	1
4	BeTapBanCung	218845	1
5	NhÞLangThÇn	203621	1
6	Jx2BeXinh	179384	1
7	T©mLiªn	177421	1
8	zzZzzBTzzZzz	172262	1
9	DocNuNhan	164332	1
10	EmTapSut	148089	1
-----------Dragon boat point-------
-----------Dragon boat time-------
Thø h¹ng phó hé 1000 Tû lÖ c¸c m«n ph¸i mµ ng­êi ch¬i gia nhËp
V« m«n ph¸i	(3/1000)	0.3%
ThiÕu L©m	(503/1000)	50.3%
Vâ §ang	(54/1000)	5.4%
Nga My	(202/1000)	20.2%
C¸i Bang	(54/1000)	5.4%
§­êng M«n	(25/1000)	2.5%
Thiªn Ba Phñ	(97/1000)	9.7%
Ngò §éc Gi¸o	(50/1000)	5.0%
C«n L«n Ph¸i	(0/1000)	0.0%
Minh gi¸o	(0/1000)	0.0%
Thóy Yªn M«n	(12/1000)	1.2%
Ngoµi thµnh	(0/1000)	0.0%
Thø h¹ng ®¼ng cÊp 1000 Tû lÖ c¸c m«n ph¸i mµ ng­êi ch¬i gia nhËp
V« m«n ph¸i	(0/1000)	0.0%
ThiÕu L©m	(477/1000)	47.7%
Vâ §ang	(51/1000)	5.1%
Nga My	(223/1000)	22.3%
C¸i Bang	(52/1000)	5.2%
§­êng M«n	(25/1000)	2.5%
Thiªn Ba Phñ	(94/1000)	9.4%
Ngò §éc Gi¸o	(65/1000)	6.5%
C«n L«n Ph¸i	(1/1000)	0.1%
Minh gi¸o	(0/1000)	0.0%
Thóy Yªn M«n	(12/1000)	1.2%
Ngoµi thµnh	(0/1000)	0.0%
Thèng kª kÕt thóc, thêi gian:2019.09.26 09:13:26


===========================================================
Ph©n bè tr­êng ph¸i ®¼ng cÊp
	V« m«n ph¸i  	ThiÕu L©m ch­a b¸i s­	ThiÕu L©m tôc gia  	ThiÕu L©m thiÒn t¨ng  	ThiÕu L©m vâ t¨ng  	§­êng M«n ch­a b¸i s­	§­êng M«n phæ th«ng  	Nga My ch­a b¸i s­	Nga My xuÊt gia  	Nga My tôc gia  	C¸i Bang ch­a b¸i s­	C¸i Bang TÜnh y  	C¸i Bang ¤ Y  	Vâ §ang ch­a b¸i s­	Vâ §ang ®¹o gia  	Vâ §ang tôc gia  	D­¬ng M«n ch­a b¸i s­	D­¬ng M«n th­¬ng Kþ  	D­¬ng M«n Cung Kþ  	Ngò §éc      	HiÖp §éc  	Tµ §éc  	C«n L«n ch­a b¸i s­	C«n L«n Thiªn S­  	Minh Gi¸o ch­a b¸i s­	Minh Gi¸o Th¸nh ChiÕn  	Minh Gi¸o TrËn Binh  	Minh Gi¸o HuyÕt Nh©n  	Thóy Yªn ch­a b¸i s­	Thóy Yªn Vò Tiªn  	Thóy Yªn Linh N÷  
 1	[44]	[0]	[0]	[0]	[0]	[0]	[0]	[0]	[0]	[0]	[0]	[0]	[0]	[0]	[0]	[0]	[0]	[0]	[0]	[0]	[0]	[0]	[0]	[0]	[0]	[0]	[0]	[0]	[0]	[0]	[0]
10	[0]	[0]	[0]	[0]	[0]	[0]	[0]	[1]	[0]	[0]	[0]	[0]	[0]	[0]	[0]	[0]	[0]	[0]	[0]	[0]	[0]	[0]	[0]	[0]	[0]	[0]	[0]	[0]	[0]	[0]	[0]
50	[0]	[0]	[0]	[0]	[1]	[0]	[0]	[0]	[0]	[0]	[0]	[0]	[0]	[0]	[0]	[0]	[0]	[0]	[0]	[0]	[0]	[0]	[0]	[0]	[0]	[0]	[0]	[0]	[0]	[0]	[0]
59	[0]	[0]	[0]	[0]	[0]	[0]	[0]	[0]	[0]	[0]	[0]	[0]	[0]	[0]	[0]	[0]	[0]	[1]	[0]	[0]	[0]	[0]	[0]	[0]	[0]	[0]	[0]	[0]	[0]	[0]	[0]
73	[1]	[0]	[0]	[0]	[0]	[0]	[0]	[0]	[0]	[0]	[0]	[0]	[0]	[0]	[0]	[0]	[0]	[0]	[0]	[0]	[0]	[0]	[0]	[0]	[0]	[0]	[0]	[0]	[0]	[0]	[0]
80	[0]	[0]	[0]	[1]	[2]	[0]	[0]	[0]	[0]	[0]	[0]	[0]	[0]	[0]	[0]	[0]	[0]	[0]	[0]	[0]	[0]	[0]	[0]	[0]	[0]	[0]	[0]	[0]	[0]	[0]	[0]
82	[1]	[0]	[0]	[0]	[0]	[0]	[0]	[0]	[0]	[0]	[0]	[0]	[0]	[0]	[0]	[0]	[0]	[0]	[0]	[0]	[0]	[0]	[0]	[0]	[0]	[0]	[0]	[0]	[0]	[0]	[0]
83	[1]	[0]	[0]	[0]	[0]	[0]	[0]	[0]	[0]	[0]	[0]	[0]	[0]	[0]	[0]	[0]	[0]	[0]	[0]	[0]	[0]	[0]	[0]	[0]	[0]	[0]	[0]	[0]	[0]	[0]	[0]
84	[1]	[0]	[0]	[0]	[0]	[0]	[0]	[0]	[0]	[0]	[0]	[0]	[0]	[0]	[0]	[0]	[0]	[0]	[0]	[0]	[0]	[0]	[0]	[0]	[0]	[0]	[0]	[0]	[0]	[0]	[0]
97	[1]	[0]	[0]	[0]	[0]	[0]	[0]	[0]	[0]	[0]	[0]	[0]	[0]	[0]	[0]	[0]	[0]	[0]	[0]	[0]	[0]	[0]	[0]	[0]	[0]	[0]	[0]	[0]	[0]	[0]	[0]
99	[0]	[0]	[28]	[42]	[705]	[0]	[44]	[0]	[275]	[50]	[0]	[48]	[50]	[0]	[36]	[57]	[0]	[44]	[107]	[0]	[50]	[49]	[0]	[1]	[0]	[0]	[0]	[0]	[0]	[12]	[0]
Total: 1653


Ph©n bè ®¨ng nhËp
	V« m«n ph¸i  	ThiÕu L©m ch­a b¸i s­	ThiÕu L©m tôc gia  	ThiÕu L©m thiÒn t¨ng  	ThiÕu L©m vâ t¨ng  	§­êng M«n ch­a b¸i s­	§­êng M«n phæ th«ng  	Nga My ch­a b¸i s­	Nga My xuÊt gia  	Nga My tôc gia  	C¸i Bang ch­a b¸i s­	C¸i Bang TÜnh y  	C¸i Bang ¤ Y  	Vâ §ang ch­a b¸i s­	Vâ §ang ®¹o gia  	Vâ §ang tôc gia  	D­¬ng M«n ch­a b¸i s­	D­¬ng M«n th­¬ng Kþ  	D­¬ng M«n Cung Kþ  	Ngò §éc      	HiÖp §éc  	Tµ §éc  	C«n L«n ch­a b¸i s­	C«n L«n Thiªn S­  	Minh Gi¸o ch­a b¸i s­	Minh Gi¸o Th¸nh ChiÕn  	Minh Gi¸o TrËn Binh  	Minh Gi¸o HuyÕt Nh©n  	Thóy Yªn ch­a b¸i s­	Thóy Yªn Vò Tiªn  	Thóy Yªn Linh N÷  
 1	[9]	[0]	[0]	[0]	[0]	[0]	[0]	[0]	[0]	[0]	[0]	[0]	[0]	[0]	[0]	[0]	[0]	[0]	[0]	[0]	[0]	[0]	[0]	[0]	[0]	[0]	[0]	[0]	[0]	[0]	[0]
10	[0]	[0]	[0]	[0]	[0]	[0]	[0]	[1]	[0]	[0]	[0]	[0]	[0]	[0]	[0]	[0]	[0]	[0]	[0]	[0]	[0]	[0]	[0]	[0]	[0]	[0]	[0]	[0]	[0]	[0]	[0]
73	[1]	[0]	[0]	[0]	[0]	[0]	[0]	[0]	[0]	[0]	[0]	[0]	[0]	[0]	[0]	[0]	[0]	[0]	[0]	[0]	[0]	[0]	[0]	[0]	[0]	[0]	[0]	[0]	[0]	[0]	[0]
80	[0]	[0]	[0]	[1]	[0]	[0]	[0]	[0]	[0]	[0]	[0]	[0]	[0]	[0]	[0]	[0]	[0]	[0]	[0]	[0]	[0]	[0]	[0]	[0]	[0]	[0]	[0]	[0]	[0]	[0]	[0]
83	[1]	[0]	[0]	[0]	[0]	[0]	[0]	[0]	[0]	[0]	[0]	[0]	[0]	[0]	[0]	[0]	[0]	[0]	[0]	[0]	[0]	[0]	[0]	[0]	[0]	[0]	[0]	[0]	[0]	[0]	[0]
84	[1]	[0]	[0]	[0]	[0]	[0]	[0]	[0]	[0]	[0]	[0]	[0]	[0]	[0]	[0]	[0]	[0]	[0]	[0]	[0]	[0]	[0]	[0]	[0]	[0]	[0]	[0]	[0]	[0]	[0]	[0]
97	[1]	[0]	[0]	[0]	[0]	[0]	[0]	[0]	[0]	[0]	[0]	[0]	[0]	[0]	[0]	[0]	[0]	[0]	[0]	[0]	[0]	[0]	[0]	[0]	[0]	[0]	[0]	[0]	[0]	[0]	[0]
99	[0]	[0]	[4]	[12]	[251]	[0]	[18]	[0]	[117]	[18]	[0]	[17]	[18]	[0]	[13]	[19]	[0]	[18]	[39]	[0]	[12]	[14]	[0]	[1]	[0]	[0]	[0]	[0]	[0]	[8]	[0]
Total: 594


Ph©n bè ®¨ng nhËp lÇn ®Çu
	V« m«n ph¸i  	ThiÕu L©m ch­a b¸i s­	ThiÕu L©m tôc gia  	ThiÕu L©m thiÒn t¨ng  	ThiÕu L©m vâ t¨ng  	§­êng M«n ch­a b¸i s­	§­êng M«n phæ th«ng  	Nga My ch­a b¸i s­	Nga My xuÊt gia  	Nga My tôc gia  	C¸i Bang ch­a b¸i s­	C¸i Bang TÜnh y  	C¸i Bang ¤ Y  	Vâ §ang ch­a b¸i s­	Vâ §ang ®¹o gia  	Vâ §ang tôc gia  	D­¬ng M«n ch­a b¸i s­	D­¬ng M«n th­¬ng Kþ  	D­¬ng M«n Cung Kþ  	Ngò §éc      	HiÖp §éc  	Tµ §éc  	C«n L«n ch­a b¸i s­	C«n L«n Thiªn S­  	Minh Gi¸o ch­a b¸i s­	Minh Gi¸o Th¸nh ChiÕn  	Minh Gi¸o TrËn Binh  	Minh Gi¸o HuyÕt Nh©n  	Thóy Yªn ch­a b¸i s­	Thóy Yªn Vò Tiªn  	Thóy Yªn Linh N÷  
 1	[9]	[0]	[0]	[0]	[0]	[0]	[0]	[0]	[0]	[0]	[0]	[0]	[0]	[0]	[0]	[0]	[0]	[0]	[0]	[0]	[0]	[0]	[0]	[0]	[0]	[0]	[0]	[0]	[0]	[0]	[0]
10	[0]	[0]	[0]	[0]	[0]	[0]	[0]	[1]	[0]	[0]	[0]	[0]	[0]	[0]	[0]	[0]	[0]	[0]	[0]	[0]	[0]	[0]	[0]	[0]	[0]	[0]	[0]	[0]	[0]	[0]	[0]
73	[1]	[0]	[0]	[0]	[0]	[0]	[0]	[0]	[0]	[0]	[0]	[0]	[0]	[0]	[0]	[0]	[0]	[0]	[0]	[0]	[0]	[0]	[0]	[0]	[0]	[0]	[0]	[0]	[0]	[0]	[0]
83	[1]	[0]	[0]	[0]	[0]	[0]	[0]	[0]	[0]	[0]	[0]	[0]	[0]	[0]	[0]	[0]	[0]	[0]	[0]	[0]	[0]	[0]	[0]	[0]	[0]	[0]	[0]	[0]	[0]	[0]	[0]
84	[1]	[0]	[0]	[0]	[0]	[0]	[0]	[0]	[0]	[0]	[0]	[0]	[0]	[0]	[0]	[0]	[0]	[0]	[0]	[0]	[0]	[0]	[0]	[0]	[0]	[0]	[0]	[0]	[0]	[0]	[0]
99	[0]	[0]	[2]	[9]	[93]	[0]	[8]	[0]	[43]	[9]	[0]	[12]	[6]	[0]	[10]	[11]	[0]	[12]	[15]	[0]	[8]	[6]	[0]	[1]	[0]	[0]	[0]	[0]	[0]	[7]	[0]
Total: 265


Ph©n bè nh©n vËt ®óng 1 th¸ng kh«ng ®¨ng nhËp trß ch¬i.
	V« m«n ph¸i  	ThiÕu L©m ch­a b¸i s­	ThiÕu L©m tôc gia  	ThiÕu L©m thiÒn t¨ng  	ThiÕu L©m vâ t¨ng  	§­êng M«n ch­a b¸i s­	§­êng M«n phæ th«ng  	Nga My ch­a b¸i s­	Nga My xuÊt gia  	Nga My tôc gia  	C¸i Bang ch­a b¸i s­	C¸i Bang TÜnh y  	C¸i Bang ¤ Y  	Vâ §ang ch­a b¸i s­	Vâ §ang ®¹o gia  	Vâ §ang tôc gia  	D­¬ng M«n ch­a b¸i s­	D­¬ng M«n th­¬ng Kþ  	D­¬ng M«n Cung Kþ  	Ngò §éc      	HiÖp §éc  	Tµ §éc  	C«n L«n ch­a b¸i s­	C«n L«n Thiªn S­  	Minh Gi¸o ch­a b¸i s­	Minh Gi¸o Th¸nh ChiÕn  	Minh Gi¸o TrËn Binh  	Minh Gi¸o HuyÕt Nh©n  	Thóy Yªn ch­a b¸i s­	Thóy Yªn Vò Tiªn  	Thóy Yªn Linh N÷  
Total: 0


Ph©n bè nh©n vËt tõ 1 tuÇn ®Õn 1 th¸ng kh«ng ®¨ng nhËp trß ch¬i.
	V« m«n ph¸i  	ThiÕu L©m ch­a b¸i s­	ThiÕu L©m tôc gia  	ThiÕu L©m thiÒn t¨ng  	ThiÕu L©m vâ t¨ng  	§­êng M«n ch­a b¸i s­	§­êng M«n phæ th«ng  	Nga My ch­a b¸i s­	Nga My xuÊt gia  	Nga My tôc gia  	C¸i Bang ch­a b¸i s­	C¸i Bang TÜnh y  	C¸i Bang ¤ Y  	Vâ §ang ch­a b¸i s­	Vâ §ang ®¹o gia  	Vâ §ang tôc gia  	D­¬ng M«n ch­a b¸i s­	D­¬ng M«n th­¬ng Kþ  	D­¬ng M«n Cung Kþ  	Ngò §éc      	HiÖp §éc  	Tµ §éc  	C«n L«n ch­a b¸i s­	C«n L«n Thiªn S­  	Minh Gi¸o ch­a b¸i s­	Minh Gi¸o Th¸nh ChiÕn  	Minh Gi¸o TrËn Binh  	Minh Gi¸o HuyÕt Nh©n  	Thóy Yªn ch­a b¸i s­	Thóy Yªn Vò Tiªn  	Thóy Yªn Linh N÷  
Total: 0


Ph©n bè nh©n vËt ®óng 1 tuÇn kh«ng ®¨ng nhËp trß ch¬i.
	V« m«n ph¸i  	ThiÕu L©m ch­a b¸i s­	ThiÕu L©m tôc gia  	ThiÕu L©m thiÒn t¨ng  	ThiÕu L©m vâ t¨ng  	§­êng M«n ch­a b¸i s­	§­êng M«n phæ th«ng  	Nga My ch­a b¸i s­	Nga My xuÊt gia  	Nga My tôc gia  	C¸i Bang ch­a b¸i s­	C¸i Bang TÜnh y  	C¸i Bang ¤ Y  	Vâ §ang ch­a b¸i s­	Vâ §ang ®¹o gia  	Vâ §ang tôc gia  	D­¬ng M«n ch­a b¸i s­	D­¬ng M«n th­¬ng Kþ  	D­¬ng M«n Cung Kþ  	Ngò §éc      	HiÖp §éc  	Tµ §éc  	C«n L«n ch­a b¸i s­	C«n L«n Thiªn S­  	Minh Gi¸o ch­a b¸i s­	Minh Gi¸o Th¸nh ChiÕn  	Minh Gi¸o TrËn Binh  	Minh Gi¸o HuyÕt Nh©n  	Thóy Yªn ch­a b¸i s­	Thóy Yªn Vò Tiªn  	Thóy Yªn Linh N÷  
Total: 0


Ph©n bè nh©n vËt 1 th¸ng trë lªn kh«ng ®¨ng nhËp trß ch¬i.
	V« m«n ph¸i  	ThiÕu L©m ch­a b¸i s­	ThiÕu L©m tôc gia  	ThiÕu L©m thiÒn t¨ng  	ThiÕu L©m vâ t¨ng  	§­êng M«n ch­a b¸i s­	§­êng M«n phæ th«ng  	Nga My ch­a b¸i s­	Nga My xuÊt gia  	Nga My tôc gia  	C¸i Bang ch­a b¸i s­	C¸i Bang TÜnh y  	C¸i Bang ¤ Y  	Vâ §ang ch­a b¸i s­	Vâ §ang ®¹o gia  	Vâ §ang tôc gia  	D­¬ng M«n ch­a b¸i s­	D­¬ng M«n th­¬ng Kþ  	D­¬ng M«n Cung Kþ  	Ngò §éc      	HiÖp §éc  	Tµ §éc  	C«n L«n ch­a b¸i s­	C«n L«n Thiªn S­  	Minh Gi¸o ch­a b¸i s­	Minh Gi¸o Th¸nh ChiÕn  	Minh Gi¸o TrËn Binh  	Minh Gi¸o HuyÕt Nh©n  	Thóy Yªn ch­a b¸i s­	Thóy Yªn Vò Tiªn  	Thóy Yªn Linh N÷  
 1	[27]	[0]	[0]	[0]	[0]	[0]	[0]	[0]	[0]	[0]	[0]	[0]	[0]	[0]	[0]	[0]	[0]	[0]	[0]	[0]	[0]	[0]	[0]	[0]	[0]	[0]	[0]	[0]	[0]	[0]	[0]
50	[0]	[0]	[0]	[0]	[1]	[0]	[0]	[0]	[0]	[0]	[0]	[0]	[0]	[0]	[0]	[0]	[0]	[0]	[0]	[0]	[0]	[0]	[0]	[0]	[0]	[0]	[0]	[0]	[0]	[0]	[0]
59	[0]	[0]	[0]	[0]	[0]	[0]	[0]	[0]	[0]	[0]	[0]	[0]	[0]	[0]	[0]	[0]	[0]	[1]	[0]	[0]	[0]	[0]	[0]	[0]	[0]	[0]	[0]	[0]	[0]	[0]	[0]
80	[0]	[0]	[0]	[0]	[2]	[0]	[0]	[0]	[0]	[0]	[0]	[0]	[0]	[0]	[0]	[0]	[0]	[0]	[0]	[0]	[0]	[0]	[0]	[0]	[0]	[0]	[0]	[0]	[0]	[0]	[0]
82	[1]	[0]	[0]	[0]	[0]	[0]	[0]	[0]	[0]	[0]	[0]	[0]	[0]	[0]	[0]	[0]	[0]	[0]	[0]	[0]	[0]	[0]	[0]	[0]	[0]	[0]	[0]	[0]	[0]	[0]	[0]
99	[0]	[0]	[24]	[30]	[454]	[0]	[26]	[0]	[158]	[32]	[0]	[31]	[32]	[0]	[23]	[38]	[0]	[26]	[68]	[0]	[38]	[35]	[0]	[0]	[0]	[0]	[0]	[0]	[0]	[4]	[0]
Total: 1051




==============
Faction level and money statdata (top 10)=====
ThiÕu L©m-Thø h¹ng phó hé 10
1	TruongVoKy	99800000
2	ConTrauVL	72745921
3	HugoAveiro	70736488
4	iMét§¸BayMâm	63374035
5	AnhHïngX¹§iªu	59979120
6	isxxBeo	54793224
7	B52zYeuzEm	54241036
8	MaiC¬nTanN¸t	50046560
9	Jx2Tinh	50020111
10	5463455	50000000
-------------------------------------------------
Vâ §ang-Thø h¹ng phó hé 10
1	Jx2iiTaoTiet	50000000
2	Local55	50000000
3	LPBxKhangKiÖn	42392745
4	BótThiªnLong	41788640
5	dunglaxucpq	41000000
6	12312311	40998500
7	MinhTus	40998500
8	Jx2ThuVe	40997000
9	QuyKiemSau	40997000
10	MoDungTruyPhong	40995500
-------------------------------------------------
Nga My-Thø h¹ng phó hé 10
1	ChuChiNhuoc	95140253
2	zzZzzBTzzZzz	84098601
3	ADxChÞH»ngAlone	50000000
4	ZthanThuZz	50000000
5	BeCao789	50000000
6	xxxxxxxxx1x	50000000
7	VuongNguYen	50000000
8	jx2iiNezuko	50000000
9	iHTxBXTeo	50000000
10	LozzCungTheAh	50000000
-------------------------------------------------
C¸i Bang-Thø h¹ng phó hé 10
1	phonghoa	57542330
2	HongThatCong	50000000
3	123aaaaaa	50000000
4	Tr­¬ngMinhThiÖn	50000000
5	§èMµy§øng§­îc	50000000
6	®asadqa	50000000
7	FBzBoVaiNho	49941278
8	zIHångThÊtC«ng	48726700
9	VîMessi	48300000
10	321qwe	43382101
-------------------------------------------------
§­êng M«n-Thø h¹ng phó hé 10
1	HoaR¬iCöaPhËt	50000000
2	JxBuffff	40800000
3	yeuemdi	40700000
4	KenShin	40677000
5	TieuSuBa	40600000
6	tranchuong	40141500
7	PônPano	39800000
8	ZzZCungThuZzZ	39560000
9	GÊu§en	37748500
10	shinigami	36879510
-------------------------------------------------
Thiªn Ba Phñ-Thø h¹ng phó hé 10
1	BachLong	96214460
2	ThienLongThuong	76792335
3	Jx2EmBanTia	73707840
4	CoDerr	71154720
5	TËpCh¬iCung	60664060
6	DeathLotuss	50000000
7	SongNhi	50000000
8	ManhKhoi	50000000
9	gfhhfghgfh	49998500
10	xxWolverine	49544000
-------------------------------------------------
Ngò §éc Gi¸o-Thø h¹ng phó hé 10
1	HoaTieu	100000000
2	BinhCaCa	95119225
3	TruongHaiBinh	81736222
4	TiÓuYTiªn	75000000
5	Masking	50000000
6	DocCoCauBai	50000000
7	iDlxTraDa	50000000
8	CoSu111	44674251
9	EmLaNamDoc	42790000
10	ConCiu	41400401
-------------------------------------------------
C«n L«n Ph¸i-Thø h¹ng phó hé 10
1	ConLonLaTa	5340950
2		0
3		0
4		0
5		0
6		0
7		0
8		0
9		0
10		0
-------------------------------------------------
Minh gi¸o-Thø h¹ng phó hé 10
1		0
2		0
3		0
4		0
5		0
6		0
7		0
8		0
9		0
10		0
-------------------------------------------------
Thóy Yªn M«n-Thø h¹ng phó hé 10
1	qweqweqw	50000000
2	xxxxxxHxxxxx	40985550
3	TYVTzZz	40000950
4	B¶oTiªn	36249550
5	Jx2MsLightning	30702422
6	Móa§iEm	28628050
7	muachetsachnhe	28400000
8	CócTÞnhY	25877524
9	S2NhocXinhGai	25539550
10	jx2Lucifert	18687847
-------------------------------------------------
ThiÕu L©m-Thø h¹ng ®¼ng cÊp 10
1:	iBµnCh©nBÈn	14	99
2:	iChangz	14	99
3:	NhÞLangThÇn	14	99
4:	iTBiKem	14	99
5:	KylianMbappe	14	99
6:	iSxxChan	14	99
7:	iOizMrDartMaNo1	14	99
8:	rghdgh	14	99
9:	Thomas	14	99
10:	s2HuyKuTeo	14	99
-------------------------------------------------
Vâ §ang-Thø h¹ng ®¼ng cÊp 10
1:	i89zTrÇnDÇn	7	99
2:	BòtPhiLong	7	99
3:	213123aa	7	99
4:	1fdsdfdfd	7	99
5:	AUTO123	7	99
6:	LPBxKhangKiÖn	7	99
7:	HµHiÖp	7	99
8:	CamThuII	7	99
9:	Jx2LangQuen	7	99
10:	LýPhïTrÇn	7	99
-------------------------------------------------
Nga My-Thø h¹ng ®¼ng cÊp 10
1:	Jx2zChamudepuNMK	14	99
2:	xxCöuC«ngChóaxx	14	99
3:	iHTxBXTeo	14	99
4:	Jx2BeXinh	14	99
5:	T©mLiªn	14	99
6:	NMKNoHoop	14	99
7:	zzZzzBTzzZzz	14	99
8:	iDlxTuongVi	14	99
9:	MªTrai	14	99
10:	jx2HongHoa	14	99
-------------------------------------------------
C¸i Bang-Thø h¹ng ®¼ng cÊp 10
1:	YªuB¶nTh©n	7	99
2:	NgøaD¸i	7	99
3:	HongThatCong	7	99
4:	Kh«ng¡nMùc	7	99
5:	PhaiDeoAiChoi	7	99
6:	zIHångThÊtC«ng	7	99
7:	§ËpKhÊc	7	99
8:	ZiNiCo	7	99
9:	ZzASHuRazZ	7	99
10:	PhanKimLiªn	7	99
-------------------------------------------------
§­êng M«n-Thø h¹ng ®¼ng cÊp 10
1:	ThiªnM«n	7	99
2:	KaLiMa	7	99
3:	WinnerX150	7	99
4:	C¾nKhÊc	7	99
5:	NgocMai	7	99
6:	NaNaXjnh	7	99
7:	shinigami	7	99
8:	iiHanzo	7	99
9:	TiÓuLýPhi§ao	7	99
10:	ThatTien	7	99
-------------------------------------------------
Thiªn Ba Phñ-Thø h¹ng ®¼ng cÊp 10
1:	ZxDaTHuXZ	14	99
2:	YeuB¶nTh©n	14	99
3:	WhiteLotus	14	99
4:	VL22019	14	99
5:	ZzATienzZ	14	99
6:	ZzJx2MaCungZz	14	99
7:	ThanTien	14	99
8:	UyHæSo¸i	14	99
9:	thoiakochoi	14	99
10:	TrumServerOK	14	99
-------------------------------------------------
Ngò §éc Gi¸o-Thø h¹ng ®¼ng cÊp 10
1:	EmLaNamDoc	7	99
2:	CristinaFerreir	7	99
3:	SayyyEndBayyy	7	99
4:	iDlxTraDa	7	99
5:	DocNuNhan	7	99
6:	DocCoCauBai	7	99
7:	o0oS2XÝchL©nS2	7	99
8:	CoSuCuaLam	7	99
9:	Kem7Mµu	7	99
10:	gfgfgfgf	7	99
-------------------------------------------------
C«n L«n Ph¸i-Thø h¹ng ®¼ng cÊp 10
1:	ConLonLaTa	7	99
2:		0	0
3:		0	0
4:		0	0
5:		0	0
6:		0	0
7:		0	0
8:		0	0
9:		0	0
10:		0	0
-------------------------------------------------
Minh gi¸o-Thø h¹ng ®¼ng cÊp 10
1:		0	0
2:		0	0
3:		0	0
4:		0	0
5:		0	0
6:		0	0
7:		0	0
8:		0	0
9:		0	0
10:		0	0
-------------------------------------------------
Thóy Yªn M«n-Thø h¹ng ®¼ng cÊp 10
1:	CócTÞnhY	7	99
2:	qweqweqw	7	99
3:	xxxxxxHxxxxx	7	99
4:	jx2Lucifert	7	99
5:	ZzThuyMuojZz	7	99
6:	Móa§iEm	7	99
7:	S2NhocXinhGai	7	99
8:	muachetsachnhe	7	99
9:	B¶oTiªn	7	99
10:	Jx2MsLightning	7	99
-------------------------------------------------


==============
Faction level and money stat data end=====
