ChangeLogFile: FirstWrite=1, CurrentLine=0/65536 LastTime=1900-1-0 0:0:0
20200206-002833<INFO :0xf7482700>: [verify_up2date]...
20200206-002833<INFO :0xf7482700>: >Current lang is [gb18030]
20200206-002833<INFO :0xf7482700>: >Welcome to use [verify_up2date](version: 2.3.4 [2018-02-25]) tool. 
20200206-002833<INFO :0xf7482700>: >Time duration: 6.771812ms 
20200206-002833<INFO :0xf7482700>: >
20200206-002833<INFO :0xf7482700>: >Finish, my exit code is: 0
20200206-002833<INFO :0xf7482700>: |shell cmd result is 0
20200206-002833<INFO :0xf7482700>: ExecShellCmd [./verify_up2date -op=vef -d="/home/server/gw/Relay" ] ret=0
20200206-002833<INFO :0xf7482700>: [verify_up2date] ok
20200206-002833<INFO :0xf7482700>: [Relay][Version:Nov 14 2014 15:55:12] Begin to start ... ...
20200206-002833<INFO :0xf7482700>: [KG_Relay] Set log level ... ... KGLOG_UPTO(KGLOG_DEBUG)
20200206-002833<INFO :0xf7482700>: [KG_Relay] Loading relay.ini
20200206-002833<INFO :0xf7482700>: Run without GMC!
20200206-002833<INFO :0xf7482700>: [KGD] Mysql info: client[5.1.69] host[Localhost via UNIX socket] server[5.5.64-MariaDB]
20200206-002833<DEBUG:0xf7482700>: [KGD] Success connect to localhost:3306, character set switch to latin1
20200206-002833<INFO :0xf7482700>: [KGD] Mysql info: client[5.1.69] host[Localhost via UNIX socket] server[5.5.64-MariaDB]
20200206-002833<DEBUG:0xf7482700>: [KGD] KGD_PROCESS_ERROR(nRetCode, KGD_ERROR_NOT_SUPPORT), at line 1467 in (0x0x979aba0)->_LoadTable()
20200206-002833<DEBUG:0xf7482700>: [KGD] (0x0x979aba0)->_LoadTable("fightteam")
20200206-002833<DEBUG:0xf7482700>: [KGD] KGD_PROCESS_ERROR(nRetCode, KGD_ERROR_NOT_SUPPORT), at line 1467 in (0x0x979aba0)->_LoadTable()
20200206-002833<DEBUG:0xf7482700>: [KGD] (0x0x979aba0)->_LoadTable("playerfightteam")
20200206-002833<DEBUG:0xf7482700>: [KGD] Success connect to localhost:3306, character set switch to latin1
20200206-002833<INFO :0xf7150b40>: [KGD] Mysql info: client[5.1.69] host[Localhost via UNIX socket] server[5.5.64-MariaDB]
20200206-002833<DEBUG:0xf7150b40>: [KGD] KGD_PROCESS_ERROR(nRetCode, KGD_ERROR_NOT_SUPPORT), at line 1467 in (0x0xf6800470)->_LoadTable()
20200206-002833<DEBUG:0xf7150b40>: [KGD] (0x0xf6800470)->_LoadTable("fightteam")
20200206-002833<DEBUG:0xf7150b40>: [KGD] KGD_PROCESS_ERROR(nRetCode, KGD_ERROR_NOT_SUPPORT), at line 1467 in (0x0xf6800470)->_LoadTable()
20200206-002833<DEBUG:0xf7150b40>: [KGD] (0x0xf6800470)->_LoadTable("playerfightteam")
20200206-002833<DEBUG:0xf7150b40>: [KGD] Success connect to localhost:3306, character set switch to latin1
20200206-002833<INFO :0xf7482700>: [KGD] Mysql info: client[5.1.69] host[Localhost via UNIX socket] server[5.5.64-MariaDB]
20200206-002833<DEBUG:0xf7482700>: [KGD] KGD_PROCESS_ERROR(nRetCode, KGD_ERROR_NOT_SUPPORT), at line 1467 in (0x0x97c95d8)->_LoadTable()
20200206-002833<DEBUG:0xf7482700>: [KGD] (0x0x97c95d8)->_LoadTable("fightteam")
20200206-002833<DEBUG:0xf7482700>: [KGD] KGD_PROCESS_ERROR(nRetCode, KGD_ERROR_NOT_SUPPORT), at line 1467 in (0x0x97c95d8)->_LoadTable()
20200206-002833<DEBUG:0xf7482700>: [KGD] (0x0x97c95d8)->_LoadTable("playerfightteam")
20200206-002833<DEBUG:0xf7482700>: [KGD] Success connect to localhost:3306, character set switch to latin1
20200206-002833<INFO :0xf67ffb40>: [KGD] Mysql info: client[5.1.69] host[Localhost via UNIX socket] server[5.5.64-MariaDB]
20200206-002833<INFO :0xf7482700>: [KGD] Mysql info: client[5.1.69] host[Localhost via UNIX socket] server[5.5.64-MariaDB]
20200206-002833<DEBUG:0xf67ffb40>: [KGD] KGD_PROCESS_ERROR(nRetCode, KGD_ERROR_NOT_SUPPORT), at line 1467 in (0x0xf5e00470)->_LoadTable()
20200206-002833<DEBUG:0xf67ffb40>: [KGD] (0x0xf5e00470)->_LoadTable("fightteam")
20200206-002833<DEBUG:0xf67ffb40>: [KGD] KGD_PROCESS_ERROR(nRetCode, KGD_ERROR_NOT_SUPPORT), at line 1467 in (0x0xf5e00470)->_LoadTable()
20200206-002833<DEBUG:0xf67ffb40>: [KGD] (0x0xf5e00470)->_LoadTable("playerfightteam")
20200206-002833<DEBUG:0xf7482700>: [KGD] KGD_PROCESS_ERROR(nRetCode, KGD_ERROR_NOT_SUPPORT), at line 1467 in (0x0x97c81c8)->_LoadTable()
20200206-002833<DEBUG:0xf7482700>: [KGD] (0x0x97c81c8)->_LoadTable("fightteam")
20200206-002833<DEBUG:0xf7482700>: [KGD] KGD_PROCESS_ERROR(nRetCode, KGD_ERROR_NOT_SUPPORT), at line 1467 in (0x0x97c81c8)->_LoadTable()
20200206-002833<DEBUG:0xf7482700>: [KGD] (0x0x97c81c8)->_LoadTable("playerfightteam")
20200206-002833<DEBUG:0xf67ffb40>: [KGD] Success connect to localhost:3306, character set switch to latin1
20200206-002833<DEBUG:0xf7482700>: [KGD] Success connect to localhost:3306, character set switch to latin1
20200206-002833<INFO :0xf7482700>: [KGD] Mysql info: client[5.1.69] host[Localhost via UNIX socket] server[5.5.64-MariaDB]
20200206-002833<INFO :0xf5dffb40>: [KGD] Mysql info: client[5.1.69] host[Localhost via UNIX socket] server[5.5.64-MariaDB]
20200206-002833<DEBUG:0xf7482700>: [KGD] KGD_PROCESS_ERROR(nRetCode, KGD_ERROR_NOT_SUPPORT), at line 1467 in (0x0x97dc788)->_LoadTable()
20200206-002833<DEBUG:0xf5dffb40>: [KGD] KGD_PROCESS_ERROR(nRetCode, KGD_ERROR_NOT_SUPPORT), at line 1467 in (0x0xf5400470)->_LoadTable()
20200206-002833<DEBUG:0xf5dffb40>: [KGD] (0x0xf5400470)->_LoadTable("fightteam")
20200206-002833<DEBUG:0xf7482700>: [KGD] (0x0x97dc788)->_LoadTable("fightteam")
20200206-002833<DEBUG:0xf5dffb40>: [KGD] KGD_PROCESS_ERROR(nRetCode, KGD_ERROR_NOT_SUPPORT), at line 1467 in (0x0xf5400470)->_LoadTable()
20200206-002833<DEBUG:0xf5dffb40>: [KGD] (0x0xf5400470)->_LoadTable("playerfightteam")
20200206-002833<DEBUG:0xf7482700>: [KGD] KGD_PROCESS_ERROR(nRetCode, KGD_ERROR_NOT_SUPPORT), at line 1467 in (0x0x97dc788)->_LoadTable()
20200206-002833<DEBUG:0xf7482700>: [KGD] (0x0x97dc788)->_LoadTable("playerfightteam")
20200206-002833<DEBUG:0xf5dffb40>: [KGD] Success connect to localhost:3306, character set switch to latin1
20200206-002833<DEBUG:0xf7482700>: [KGD] Success connect to localhost:3306, character set switch to latin1
20200206-002833<INFO :0xf53ffb40>: [KGD] Mysql info: client[5.1.69] host[Localhost via UNIX socket] server[5.5.64-MariaDB]
20200206-002833<DEBUG:0xf53ffb40>: [KGD] KGD_PROCESS_ERROR(nRetCode, KGD_ERROR_NOT_SUPPORT), at line 1467 in (0x0xf4a00470)->_LoadTable()
20200206-002833<DEBUG:0xf53ffb40>: [KGD] (0x0xf4a00470)->_LoadTable("fightteam")
20200206-002833<DEBUG:0xf53ffb40>: [KGD] KGD_PROCESS_ERROR(nRetCode, KGD_ERROR_NOT_SUPPORT), at line 1467 in (0x0xf4a00470)->_LoadTable()
20200206-002833<DEBUG:0xf53ffb40>: [KGD] (0x0xf4a00470)->_LoadTable("playerfightteam")
20200206-002833<DEBUG:0xf53ffb40>: [KGD] Success connect to localhost:3306, character set switch to latin1
20200206-002833<INFO :0xf7482700>: [KGD] Mysql info: client[5.1.69] host[Localhost via UNIX socket] server[5.5.64-MariaDB]
20200206-002833<DEBUG:0xf7482700>: [KGD] KGD_PROCESS_ERROR(nRetCode, KGD_ERROR_NOT_SUPPORT), at line 1467 in (0x0x97ff7a8)->_LoadTable()
20200206-002833<DEBUG:0xf7482700>: [KGD] (0x0x97ff7a8)->_LoadTable("fightteam")
20200206-002833<DEBUG:0xf7482700>: [KGD] KGD_PROCESS_ERROR(nRetCode, KGD_ERROR_NOT_SUPPORT), at line 1467 in (0x0x97ff7a8)->_LoadTable()
20200206-002833<DEBUG:0xf7482700>: [KGD] (0x0x97ff7a8)->_LoadTable("playerfightteam")
20200206-002833<DEBUG:0xf7482700>: [KGD] Success connect to localhost:3306, character set switch to latin1
20200206-002833<INFO :0xf7482700>: [KGD] Mysql info: client[5.1.69] host[Localhost via UNIX socket] server[5.5.64-MariaDB]
20200206-002833<DEBUG:0xf7482700>: [KGD] KGD_PROCESS_ERROR(nRetCode, KGD_ERROR_NOT_SUPPORT), at line 1467 in (0x0x9825858)->_LoadTable()
20200206-002833<DEBUG:0xf7482700>: [KGD] (0x0x9825858)->_LoadTable("fightteam")
20200206-002833<DEBUG:0xf7482700>: [KGD] KGD_PROCESS_ERROR(nRetCode, KGD_ERROR_NOT_SUPPORT), at line 1467 in (0x0x9825858)->_LoadTable()
20200206-002833<DEBUG:0xf7482700>: [KGD] (0x0x9825858)->_LoadTable("playerfightteam")
20200206-002833<DEBUG:0xf7482700>: [KGD] Success connect to localhost:3306, character set switch to latin1
20200206-002833<INFO :0xf49ffb40>: [KGD] Mysql info: client[5.1.69] host[Localhost via UNIX socket] server[5.5.64-MariaDB]
20200206-002833<DEBUG:0xf49ffb40>: [KGD] KGD_PROCESS_ERROR(nRetCode, KGD_ERROR_NOT_SUPPORT), at line 1467 in (0x0xf4000470)->_LoadTable()
20200206-002833<DEBUG:0xf49ffb40>: [KGD] (0x0xf4000470)->_LoadTable("fightteam")
20200206-002833<DEBUG:0xf49ffb40>: [KGD] KGD_PROCESS_ERROR(nRetCode, KGD_ERROR_NOT_SUPPORT), at line 1467 in (0x0xf4000470)->_LoadTable()
20200206-002833<DEBUG:0xf49ffb40>: [KGD] (0x0xf4000470)->_LoadTable("playerfightteam")
20200206-002833<DEBUG:0xf49ffb40>: [KGD] Success connect to localhost:3306, character set switch to latin1
20200206-002833<INFO :0xf7482700>: [KGD] Mysql info: client[5.1.69] host[Localhost via UNIX socket] server[5.5.64-MariaDB]
20200206-002833<DEBUG:0xf7482700>: [KGD] KGD_PROCESS_ERROR(nRetCode, KGD_ERROR_NOT_SUPPORT), at line 1467 in (0x0x99e4ae8)->_LoadTable()
20200206-002833<DEBUG:0xf7482700>: [KGD] (0x0x99e4ae8)->_LoadTable("fightteam")
20200206-002833<DEBUG:0xf7482700>: [KGD] KGD_PROCESS_ERROR(nRetCode, KGD_ERROR_NOT_SUPPORT), at line 1467 in (0x0x99e4ae8)->_LoadTable()
20200206-002833<DEBUG:0xf7482700>: [KGD] (0x0x99e4ae8)->_LoadTable("playerfightteam")
20200206-002833<DEBUG:0xf7482700>: [KGD] Success connect to localhost:3306, character set switch to latin1
20200206-002833<INFO :0xf7482700>: [MySQLDatabase] Connecting to `127.0.0.1`, database `jx2ib_database`...
20200206-002833<INFO :0xf7482700>: [MySQLDatabase] Connecting to `127.0.0.1`, database `jx2ib_database`...
20200206-002833<INFO :0xf7482700>: [RuntimeStat] ServerName=SONGLONG_GW FlushIntervalSec=300
20200206-002833<INFO :0xf7482700>: set runtime statistic result path is [runtime_stat_result/2020_02_06/stat_result_ksg_2020_02_06_@SONGLONG_GW.txt]
20200206-002833<WARN :0xf7482700>: [RuntimeDataStatRelay] FlushStat: File=runtime_stat_result/2020_02_06/stat_result_ksg_2020_02_06_@SONGLONG_GW.txt Count=363
20200206-002833<WARN :0xf7482700>: [RuntimeDataStatRelay] FlushStat: File=runtime_stat_result/2020_02_06/stat_result_vng_2020-02-06_@SONGLONG_GW.txt Count=1
20200206-002844<INFO :0xf7482700>: New connection from 127.0.0.1:50589, index = 0
20200206-002844<DEBUG:0xf7482700>: Send log info to gs(100007f) when connect ret=1
20200206-002844<INFO :0xf7482700>: New connection from 127.0.0.1:39634, index = 0
20200206-002844<INFO :0xf7482700>: New connection from 127.0.0.1:29401, index = 0
20200206-002844<INFO :0xf7482700>: [verify_up2date] GetUp2dateVersion: code=8DA68FCD
20200206-002844<ERROR:0xf7482700>: [KG_RelayTongGameSvr] [Error Protocol] [Protocol=52]
20200206-002844<DEBUG:0xf7482700>: KGLOG_PROCESS_ERROR(false) at line 83 in ProcessMessage
20200206-002844<ERROR:0xf7482700>: [KG_RelayTongGameSvr] [Error Protocol] [Protocol=52]
20200206-002844<DEBUG:0xf7482700>: KGLOG_PROCESS_ERROR(false) at line 83 in ProcessMessage
20200206-002844<ERROR:0xf7482700>: [KG_RelayTongGameSvr] [Error Protocol] [Protocol=52]
20200206-002844<DEBUG:0xf7482700>: KGLOG_PROCESS_ERROR(false) at line 83 in ProcessMessage
20200206-002844<INFO :0xf7482700>: Proc0_GameSvrLogin
20200206-002844<INFO :0xf7482700>: [MAP_INDEX_INFO] Notify map count 290 for gs: 0100007F
20200206-002846<WARN :0xf7482700>: Router NOT connected
20200206-002915<DEBUG:0xf7482700>: [RelationMgr] SomeoneLogin("ioNaruto")
20200206-002915<DEBUG:0xf7482700>: [RelationMgr] SomeoneLoad("ioNaruto")
20200206-002915<DEBUG:0xf7482700>: [Relation Database] Load "ioNaruto"
20200206-002915<WARN :0xf7482700>: Router NOT connected
20200206-003150<DEBUG:0xf7482700>: [RelationMgr] SomeoneLogout("ioNaruto")
20200206-003247<DEBUG:0xf7482700>: [RelationMgr] SomeoneLogin("zzzzzzzz")
20200206-003247<DEBUG:0xf7482700>: [RelationMgr] SomeoneLoad("zzzzzzzz")
20200206-003247<DEBUG:0xf7482700>: [Relation Database] Load "zzzzzzzz"
20200206-003247<WARN :0xf7482700>: Router NOT connected
20200206-003323<DEBUG:0xf7482700>: [RelationMgr] SomeoneLogout("zzzzzzzz")
20200206-003331<DEBUG:0xf7482700>: [RelationMgr] SomeoneLogin("zzzzzzzz")
20200206-003331<WARN :0xf7482700>: Router NOT connected
20200206-003333<WARN :0xf7482700>: [RuntimeDataStatRelay] FlushStat: File=runtime_stat_result/2020_02_06/stat_result_ksg_2020_02_06_@SONGLONG_GW.txt Count=364
20200206-003333<WARN :0xf7482700>: [RuntimeDataStatRelay] FlushStat: File=runtime_stat_result/2020_02_06/stat_result_vng_2020-02-06_@SONGLONG_GW.txt Count=1
20200206-003610<DEBUG:0xf7482700>: [RelationMgr] SomeoneLogout("zzzzzzzz")
