ChangeLogFile: FirstWrite=1, CurrentLine=0/65536 LastTime=1900-1-0 0:0:0
20200206-004343<INFO :0xf73f9700>: [verify_up2date]...
20200206-004343<INFO :0xf73f9700>: >Current lang is [gb18030]
20200206-004343<INFO :0xf73f9700>: >Welcome to use [verify_up2date](version: 2.3.4 [2018-02-25]) tool. 
20200206-004343<INFO :0xf73f9700>: >Time duration: 6.784289ms 
20200206-004343<INFO :0xf73f9700>: >
20200206-004343<INFO :0xf73f9700>: >Finish, my exit code is: 0
20200206-004343<INFO :0xf73f9700>: |shell cmd result is 0
20200206-004343<INFO :0xf73f9700>: ExecShellCmd [./verify_up2date -op=vef -d="/home/server/gw/Relay" ] ret=0
20200206-004343<INFO :0xf73f9700>: [verify_up2date] ok
20200206-004343<INFO :0xf73f9700>: [Relay][Version:Nov 14 2014 15:55:12] Begin to start ... ...
20200206-004343<INFO :0xf73f9700>: [KG_Relay] Set log level ... ... KGLOG_UPTO(KGLOG_DEBUG)
20200206-004343<INFO :0xf73f9700>: [KG_Relay] Loading relay.ini
20200206-004343<INFO :0xf73f9700>: Run without GMC!
20200206-004343<INFO :0xf73f9700>: [KGD] Mysql info: client[5.1.69] host[Localhost via UNIX socket] server[5.5.64-MariaDB]
20200206-004343<DEBUG:0xf73f9700>: [KGD] Success connect to localhost:3306, character set switch to latin1
20200206-004343<INFO :0xf73f9700>: [KGD] Mysql info: client[5.1.69] host[Localhost via UNIX socket] server[5.5.64-MariaDB]
20200206-004343<DEBUG:0xf73f9700>: [KGD] KGD_PROCESS_ERROR(nRetCode, KGD_ERROR_NOT_SUPPORT), at line 1467 in (0x0x83f2ba0)->_LoadTable()
20200206-004343<DEBUG:0xf73f9700>: [KGD] (0x0x83f2ba0)->_LoadTable("fightteam")
20200206-004343<DEBUG:0xf73f9700>: [KGD] KGD_PROCESS_ERROR(nRetCode, KGD_ERROR_NOT_SUPPORT), at line 1467 in (0x0x83f2ba0)->_LoadTable()
20200206-004343<DEBUG:0xf73f9700>: [KGD] (0x0x83f2ba0)->_LoadTable("playerfightteam")
20200206-004343<DEBUG:0xf73f9700>: [KGD] Success connect to localhost:3306, character set switch to latin1
20200206-004343<INFO :0xf73f9700>: [KGD] Mysql info: client[5.1.69] host[Localhost via UNIX socket] server[5.5.64-MariaDB]
20200206-004343<INFO :0xf70c7b40>: [KGD] Mysql info: client[5.1.69] host[Localhost via UNIX socket] server[5.5.64-MariaDB]
20200206-004343<DEBUG:0xf70c7b40>: [KGD] KGD_PROCESS_ERROR(nRetCode, KGD_ERROR_NOT_SUPPORT), at line 1467 in (0x0xf6700470)->_LoadTable()
20200206-004343<DEBUG:0xf70c7b40>: [KGD] (0x0xf6700470)->_LoadTable("fightteam")
20200206-004343<DEBUG:0xf70c7b40>: [KGD] KGD_PROCESS_ERROR(nRetCode, KGD_ERROR_NOT_SUPPORT), at line 1467 in (0x0xf6700470)->_LoadTable()
20200206-004343<DEBUG:0xf70c7b40>: [KGD] (0x0xf6700470)->_LoadTable("playerfightteam")
20200206-004343<DEBUG:0xf70c7b40>: [KGD] Success connect to localhost:3306, character set switch to latin1
20200206-004343<DEBUG:0xf73f9700>: [KGD] KGD_PROCESS_ERROR(nRetCode, KGD_ERROR_NOT_SUPPORT), at line 1467 in (0x0x84215d8)->_LoadTable()
20200206-004343<DEBUG:0xf73f9700>: [KGD] (0x0x84215d8)->_LoadTable("fightteam")
20200206-004343<DEBUG:0xf73f9700>: [KGD] KGD_PROCESS_ERROR(nRetCode, KGD_ERROR_NOT_SUPPORT), at line 1467 in (0x0x84215d8)->_LoadTable()
20200206-004343<DEBUG:0xf73f9700>: [KGD] (0x0x84215d8)->_LoadTable("playerfightteam")
20200206-004343<DEBUG:0xf73f9700>: [KGD] Success connect to localhost:3306, character set switch to latin1
20200206-004343<INFO :0xf66ffb40>: [KGD] Mysql info: client[5.1.69] host[Localhost via UNIX socket] server[5.5.64-MariaDB]
20200206-004343<INFO :0xf73f9700>: [KGD] Mysql info: client[5.1.69] host[Localhost via UNIX socket] server[5.5.64-MariaDB]
20200206-004343<DEBUG:0xf66ffb40>: [KGD] KGD_PROCESS_ERROR(nRetCode, KGD_ERROR_NOT_SUPPORT), at line 1467 in (0x0xf5d00470)->_LoadTable()
20200206-004343<DEBUG:0xf66ffb40>: [KGD] (0x0xf5d00470)->_LoadTable("fightteam")
20200206-004343<DEBUG:0xf66ffb40>: [KGD] KGD_PROCESS_ERROR(nRetCode, KGD_ERROR_NOT_SUPPORT), at line 1467 in (0x0xf5d00470)->_LoadTable()
20200206-004343<DEBUG:0xf66ffb40>: [KGD] (0x0xf5d00470)->_LoadTable("playerfightteam")
20200206-004343<DEBUG:0xf73f9700>: [KGD] KGD_PROCESS_ERROR(nRetCode, KGD_ERROR_NOT_SUPPORT), at line 1467 in (0x0x84201c8)->_LoadTable()
20200206-004343<DEBUG:0xf73f9700>: [KGD] (0x0x84201c8)->_LoadTable("fightteam")
20200206-004343<DEBUG:0xf73f9700>: [KGD] KGD_PROCESS_ERROR(nRetCode, KGD_ERROR_NOT_SUPPORT), at line 1467 in (0x0x84201c8)->_LoadTable()
20200206-004343<DEBUG:0xf73f9700>: [KGD] (0x0x84201c8)->_LoadTable("playerfightteam")
20200206-004343<DEBUG:0xf66ffb40>: [KGD] Success connect to localhost:3306, character set switch to latin1
20200206-004343<DEBUG:0xf73f9700>: [KGD] Success connect to localhost:3306, character set switch to latin1
20200206-004343<INFO :0xf73f9700>: [KGD] Mysql info: client[5.1.69] host[Localhost via UNIX socket] server[5.5.64-MariaDB]
20200206-004343<INFO :0xf5cffb40>: [KGD] Mysql info: client[5.1.69] host[Localhost via UNIX socket] server[5.5.64-MariaDB]
20200206-004343<DEBUG:0xf73f9700>: [KGD] KGD_PROCESS_ERROR(nRetCode, KGD_ERROR_NOT_SUPPORT), at line 1467 in (0x0x8434788)->_LoadTable()
20200206-004343<DEBUG:0xf73f9700>: [KGD] (0x0x8434788)->_LoadTable("fightteam")
20200206-004343<DEBUG:0xf5cffb40>: [KGD] KGD_PROCESS_ERROR(nRetCode, KGD_ERROR_NOT_SUPPORT), at line 1467 in (0x0xf5300470)->_LoadTable()
20200206-004343<DEBUG:0xf5cffb40>: [KGD] (0x0xf5300470)->_LoadTable("fightteam")
20200206-004343<DEBUG:0xf73f9700>: [KGD] KGD_PROCESS_ERROR(nRetCode, KGD_ERROR_NOT_SUPPORT), at line 1467 in (0x0x8434788)->_LoadTable()
20200206-004343<DEBUG:0xf73f9700>: [KGD] (0x0x8434788)->_LoadTable("playerfightteam")
20200206-004343<DEBUG:0xf5cffb40>: [KGD] KGD_PROCESS_ERROR(nRetCode, KGD_ERROR_NOT_SUPPORT), at line 1467 in (0x0xf5300470)->_LoadTable()
20200206-004343<DEBUG:0xf5cffb40>: [KGD] (0x0xf5300470)->_LoadTable("playerfightteam")
20200206-004343<DEBUG:0xf73f9700>: [KGD] Success connect to localhost:3306, character set switch to latin1
20200206-004343<DEBUG:0xf5cffb40>: [KGD] Success connect to localhost:3306, character set switch to latin1
20200206-004343<INFO :0xf52ffb40>: [KGD] Mysql info: client[5.1.69] host[Localhost via UNIX socket] server[5.5.64-MariaDB]
20200206-004343<DEBUG:0xf52ffb40>: [KGD] KGD_PROCESS_ERROR(nRetCode, KGD_ERROR_NOT_SUPPORT), at line 1467 in (0x0xf4900470)->_LoadTable()
20200206-004343<DEBUG:0xf52ffb40>: [KGD] (0x0xf4900470)->_LoadTable("fightteam")
20200206-004343<DEBUG:0xf52ffb40>: [KGD] KGD_PROCESS_ERROR(nRetCode, KGD_ERROR_NOT_SUPPORT), at line 1467 in (0x0xf4900470)->_LoadTable()
20200206-004343<DEBUG:0xf52ffb40>: [KGD] (0x0xf4900470)->_LoadTable("playerfightteam")
20200206-004343<DEBUG:0xf52ffb40>: [KGD] Success connect to localhost:3306, character set switch to latin1
20200206-004343<INFO :0xf73f9700>: [KGD] Mysql info: client[5.1.69] host[Localhost via UNIX socket] server[5.5.64-MariaDB]
20200206-004343<DEBUG:0xf73f9700>: [KGD] KGD_PROCESS_ERROR(nRetCode, KGD_ERROR_NOT_SUPPORT), at line 1467 in (0x0x84577a8)->_LoadTable()
20200206-004343<DEBUG:0xf73f9700>: [KGD] (0x0x84577a8)->_LoadTable("fightteam")
20200206-004343<DEBUG:0xf73f9700>: [KGD] KGD_PROCESS_ERROR(nRetCode, KGD_ERROR_NOT_SUPPORT), at line 1467 in (0x0x84577a8)->_LoadTable()
20200206-004343<DEBUG:0xf73f9700>: [KGD] (0x0x84577a8)->_LoadTable("playerfightteam")
20200206-004343<DEBUG:0xf73f9700>: [KGD] Success connect to localhost:3306, character set switch to latin1
20200206-004343<INFO :0xf73f9700>: [KGD] Mysql info: client[5.1.69] host[Localhost via UNIX socket] server[5.5.64-MariaDB]
20200206-004343<DEBUG:0xf73f9700>: [KGD] KGD_PROCESS_ERROR(nRetCode, KGD_ERROR_NOT_SUPPORT), at line 1467 in (0x0x847d858)->_LoadTable()
20200206-004343<DEBUG:0xf73f9700>: [KGD] (0x0x847d858)->_LoadTable("fightteam")
20200206-004343<DEBUG:0xf73f9700>: [KGD] KGD_PROCESS_ERROR(nRetCode, KGD_ERROR_NOT_SUPPORT), at line 1467 in (0x0x847d858)->_LoadTable()
20200206-004343<DEBUG:0xf73f9700>: [KGD] (0x0x847d858)->_LoadTable("playerfightteam")
20200206-004343<DEBUG:0xf73f9700>: [KGD] Success connect to localhost:3306, character set switch to latin1
20200206-004343<INFO :0xf48ffb40>: [KGD] Mysql info: client[5.1.69] host[Localhost via UNIX socket] server[5.5.64-MariaDB]
20200206-004343<DEBUG:0xf48ffb40>: [KGD] KGD_PROCESS_ERROR(nRetCode, KGD_ERROR_NOT_SUPPORT), at line 1467 in (0x0xf3f00470)->_LoadTable()
20200206-004343<DEBUG:0xf48ffb40>: [KGD] (0x0xf3f00470)->_LoadTable("fightteam")
20200206-004343<DEBUG:0xf48ffb40>: [KGD] KGD_PROCESS_ERROR(nRetCode, KGD_ERROR_NOT_SUPPORT), at line 1467 in (0x0xf3f00470)->_LoadTable()
20200206-004343<DEBUG:0xf48ffb40>: [KGD] (0x0xf3f00470)->_LoadTable("playerfightteam")
20200206-004343<DEBUG:0xf48ffb40>: [KGD] Success connect to localhost:3306, character set switch to latin1
20200206-004343<INFO :0xf73f9700>: [KGD] Mysql info: client[5.1.69] host[Localhost via UNIX socket] server[5.5.64-MariaDB]
20200206-004343<DEBUG:0xf73f9700>: [KGD] KGD_PROCESS_ERROR(nRetCode, KGD_ERROR_NOT_SUPPORT), at line 1467 in (0x0x863cae8)->_LoadTable()
20200206-004343<DEBUG:0xf73f9700>: [KGD] (0x0x863cae8)->_LoadTable("fightteam")
20200206-004343<DEBUG:0xf73f9700>: [KGD] KGD_PROCESS_ERROR(nRetCode, KGD_ERROR_NOT_SUPPORT), at line 1467 in (0x0x863cae8)->_LoadTable()
20200206-004343<DEBUG:0xf73f9700>: [KGD] (0x0x863cae8)->_LoadTable("playerfightteam")
20200206-004343<DEBUG:0xf73f9700>: [KGD] Success connect to localhost:3306, character set switch to latin1
20200206-004343<INFO :0xf73f9700>: [MySQLDatabase] Connecting to `127.0.0.1`, database `jx2ib_database`...
20200206-004343<INFO :0xf73f9700>: [MySQLDatabase] Connecting to `127.0.0.1`, database `jx2ib_database`...
20200206-004343<INFO :0xf73f9700>: [RuntimeStat] ServerName=SONGLONG_GW FlushIntervalSec=300
20200206-004343<INFO :0xf73f9700>: set runtime statistic result path is [runtime_stat_result/2020_02_06/stat_result_ksg_2020_02_06_@SONGLONG_GW.txt]
20200206-004343<WARN :0xf73f9700>: [RuntimeDataStatRelay] FlushStat: File=runtime_stat_result/2020_02_06/stat_result_ksg_2020_02_06_@SONGLONG_GW.txt Count=364
20200206-004343<WARN :0xf73f9700>: [RuntimeDataStatRelay] FlushStat: File=runtime_stat_result/2020_02_06/stat_result_vng_2020-02-06_@SONGLONG_GW.txt Count=1
20200206-004353<INFO :0xf73f9700>: New connection from 127.0.0.1:35556, index = 0
20200206-004353<DEBUG:0xf73f9700>: Send log info to gs(100007f) when connect ret=1
20200206-004353<INFO :0xf73f9700>: New connection from 127.0.0.1:47575, index = 0
20200206-004353<INFO :0xf73f9700>: New connection from 127.0.0.1:50896, index = 0
20200206-004353<INFO :0xf73f9700>: [verify_up2date] GetUp2dateVersion: code=8DA68FCD
20200206-004353<ERROR:0xf73f9700>: [KG_RelayTongGameSvr] [Error Protocol] [Protocol=52]
20200206-004353<DEBUG:0xf73f9700>: KGLOG_PROCESS_ERROR(false) at line 83 in ProcessMessage
20200206-004353<ERROR:0xf73f9700>: [KG_RelayTongGameSvr] [Error Protocol] [Protocol=52]
20200206-004353<DEBUG:0xf73f9700>: KGLOG_PROCESS_ERROR(false) at line 83 in ProcessMessage
20200206-004353<ERROR:0xf73f9700>: [KG_RelayTongGameSvr] [Error Protocol] [Protocol=52]
20200206-004353<DEBUG:0xf73f9700>: KGLOG_PROCESS_ERROR(false) at line 83 in ProcessMessage
20200206-004353<INFO :0xf73f9700>: Proc0_GameSvrLogin
20200206-004353<INFO :0xf73f9700>: [MAP_INDEX_INFO] Notify map count 290 for gs: 0100007F
20200206-004355<WARN :0xf73f9700>: Router NOT connected
20200206-004423<DEBUG:0xf73f9700>: [RelationMgr] SomeoneLogin("zzzzzzzz")
20200206-004423<DEBUG:0xf73f9700>: [RelationMgr] SomeoneLoad("zzzzzzzz")
20200206-004423<DEBUG:0xf73f9700>: [Relation Database] Load "zzzzzzzz"
20200206-004423<WARN :0xf73f9700>: Router NOT connected
20200206-004707<DEBUG:0xf73f9700>: [RelationMgr] SomeoneLogout("zzzzzzzz")
20200206-004714<DEBUG:0xf73f9700>: [RelationMgr] SomeoneLogin("zzzzzzzz")
20200206-004714<WARN :0xf73f9700>: Router NOT connected
20200206-004843<WARN :0xf73f9700>: [RuntimeDataStatRelay] FlushStat: File=runtime_stat_result/2020_02_06/stat_result_ksg_2020_02_06_@SONGLONG_GW.txt Count=365
20200206-004843<WARN :0xf73f9700>: [RuntimeDataStatRelay] FlushStat: File=runtime_stat_result/2020_02_06/stat_result_vng_2020-02-06_@SONGLONG_GW.txt Count=1
20200206-005051<DEBUG:0xf73f9700>: [RelationMgr] SomeoneLogout("zzzzzzzz")
20200206-005103<DEBUG:0xf73f9700>: [RelationMgr] SomeoneLogin("ioNaruto")
20200206-005103<DEBUG:0xf73f9700>: [RelationMgr] SomeoneLoad("ioNaruto")
20200206-005103<DEBUG:0xf73f9700>: [Relation Database] Load "ioNaruto"
20200206-005103<WARN :0xf73f9700>: Router NOT connected
20200206-005343<WARN :0xf73f9700>: [RuntimeDataStatRelay] FlushStat: File=runtime_stat_result/2020_02_06/stat_result_ksg_2020_02_06_@SONGLONG_GW.txt Count=366
20200206-005343<WARN :0xf73f9700>: [RuntimeDataStatRelay] FlushStat: File=runtime_stat_result/2020_02_06/stat_result_vng_2020-02-06_@SONGLONG_GW.txt Count=1
20200206-005442<DEBUG:0xf73f9700>: [RelationMgr] SomeoneLogout("ioNaruto")
