ChangeLogFile: FirstWrite=1, CurrentLine=0/65536 LastTime=1900-1-0 0:0:0
20200208-022158<INFO :0xf73ce700>: [KG_Goddess] Loading KG_Goddess.ini
20200208-022158<INFO :0xf73ce700>: [verify_up2date]...
20200208-022158<INFO :0xf73ce700>: >Current lang is [gb18030]
20200208-022158<INFO :0xf73ce700>: >Welcome to use [verify_up2date](version: 2.3.4 [2018-02-25]) tool. 
20200208-022158<INFO :0xf73ce700>: >Time duration: 7.488414ms 
20200208-022158<INFO :0xf73ce700>: >
20200208-022158<INFO :0xf73ce700>: >Finish, my exit code is: 0
20200208-022158<INFO :0xf73ce700>: |shell cmd result is 0
20200208-022158<INFO :0xf73ce700>: ExecShellCmd [./verify_up2date -op=vef -d="." ] ret=0
20200208-022158<INFO :0xf73ce700>: [verify_up2date] ok
20200208-022158<INFO :0xf73ce700>: [Goddess][Version:Aug 22 2014 15:43:09] Begin to start ... ...
20200208-022158<INFO :0xf73ce700>: [KG_Goddess] Set log level ... ... KGLOG_UPTO(KGLOG_DEBUG)
20200208-022158<INFO :0xf73ce700>: [KG_Goddess] Loaded KG_Angel, version 2.5
20200208-022158<INFO :0xf73ce700>: [KG_Goddess] Initializing role database ...
20200208-022158<INFO :0xf73ce700>: [KGD] Mysql info: client[5.1.69] host[Localhost via UNIX socket] server[5.5.64-MariaDB]
20200208-022158<DEBUG:0xf73ce700>: [KGD] Success connect to localhost:3306, character set switch to latin1
20200208-022158<DEBUG:0xf73ce700>: [KGD] KGD_PROCESS_ERROR(nRetCode, KGD_ERROR_NOT_SUPPORT), at line 1467 in (0x0x8bd3ff0)->_LoadTable()
20200208-022158<DEBUG:0xf73ce700>: [KGD] (0x0x8bd3ff0)->_LoadTable("fightteam")
20200208-022158<DEBUG:0xf73ce700>: [KGD] KGD_PROCESS_ERROR(nRetCode, KGD_ERROR_NOT_SUPPORT), at line 1467 in (0x0x8bd3ff0)->_LoadTable()
20200208-022158<DEBUG:0xf73ce700>: [KGD] (0x0x8bd3ff0)->_LoadTable("playerfightteam")
20200208-022158<INFO :0xf73ce700>: [KG_Goddess] Initializing role statistic ...
20200208-022158<INFO :0xf73ce700>: [RoleStatistic] listen 127.0.0.1 : 6001 result=1
20200208-022158<INFO :0xf73ce700>: [RoleStatistic] Listening at 127.0.0.1:6001
20200208-022158<INFO :0xf73ce700>: [KG_Goddess] Initializing server manager ...
20200208-022158<INFO :0xf73ce700>: [ServerManager] Listening at 127.0.0.1:5001
20200208-022158<INFO :0xf73ce700>: [KG_Goddess] Started successful
20200208-022201<INFO :0xf6742b40>: [ServerManager] RemoteServer from (127.0.0.1:44497) connect ok
20200208-022201<INFO :0xf6742b40>: [ServerManager] Accept from (127.0.0.1:44497) SocketStream = 0xf5e00528
20200208-022201<INFO :0xf6742b40>: [[Group 1 Server 00]] Server 0 created ok!
20200208-022201<INFO :0xf5dffb40>: [Group 1 Server 00] Started, service for 127.0.0.1:44497
20200208-022201<INFO :0xf5dffb40>: [KGD] Mysql info: client[5.1.69] host[Localhost via UNIX socket] server[5.5.64-MariaDB]
20200208-022201<DEBUG:0xf5dffb40>: [KGD] KGD_PROCESS_ERROR(nRetCode, KGD_ERROR_NOT_SUPPORT), at line 1467 in (0x0xf5400470)->_LoadTable()
20200208-022201<DEBUG:0xf5dffb40>: [KGD] (0x0xf5400470)->_LoadTable("fightteam")
20200208-022201<DEBUG:0xf5dffb40>: [KGD] KGD_PROCESS_ERROR(nRetCode, KGD_ERROR_NOT_SUPPORT), at line 1467 in (0x0xf5400470)->_LoadTable()
20200208-022201<DEBUG:0xf5dffb40>: [KGD] (0x0xf5400470)->_LoadTable("playerfightteam")
20200208-022201<DEBUG:0xf5dffb40>: [KGD] Success connect to localhost:3306, character set switch to latin1
20200208-022213<INFO :0xf6742b40>: [ServerManager] RemoteServer from (127.0.0.1:35617) connect ok
20200208-022213<INFO :0xf6742b40>: [ServerManager] Accept from (127.0.0.1:35617) SocketStream = 0xf5e00a30
20200208-022213<INFO :0xf6742b40>: [[Group 1 Server 01]] Server 1 created ok!
20200208-022213<INFO :0xf53ffb40>: [Group 1 Server 01] Started, service for 127.0.0.1:35617
20200208-022213<INFO :0xf53ffb40>: [KGD] Mysql info: client[5.1.69] host[Localhost via UNIX socket] server[5.5.64-MariaDB]
20200208-022213<DEBUG:0xf53ffb40>: [KGD] KGD_PROCESS_ERROR(nRetCode, KGD_ERROR_NOT_SUPPORT), at line 1467 in (0x0xf4a00470)->_LoadTable()
20200208-022213<DEBUG:0xf53ffb40>: [KGD] (0x0xf4a00470)->_LoadTable("fightteam")
20200208-022213<DEBUG:0xf53ffb40>: [KGD] KGD_PROCESS_ERROR(nRetCode, KGD_ERROR_NOT_SUPPORT), at line 1467 in (0x0xf4a00470)->_LoadTable()
20200208-022213<DEBUG:0xf53ffb40>: [KGD] (0x0xf4a00470)->_LoadTable("playerfightteam")
20200208-022213<DEBUG:0xf53ffb40>: [KGD] Success connect to localhost:3306, character set switch to latin1
20200208-022213<INFO :0xf53ffb40>: [verify_up2date] GetUp2dateVersion: code=8DA68FCD
20200208-022213<DEBUG:0xf53ffb40>: [Group 1 Server 01] Enter _query_statistic_info()
20200208-022213<DEBUG:0xf53ffb40>: KGLOG_PROCESS_ERROR(piStatistic) at line 2088 in _query_statistic_info
20200208-022213<DEBUG:0xf53ffb40>: [Group 1 Server 01] Leave _query_statistic_info() size =0 ret=0
20200208-022220<DEBUG:0xf5dffb40>: [Group 1 Server 00] Enter _ping(time=87406)
20200208-022240<DEBUG:0xf5dffb40>: [Group 1 Server 00] Enter _ping(time=107453)
20200208-022243<DEBUG:0xf53ffb40>: [Group 1 Server 01] Enter _ping(time=110340)
20200208-022247<INFO :0xf5dffb40>: [Group 1 Server 00] Query roles list of account "thu1"
20200208-022247<DEBUG:0xf5dffb40>: [Group 1 Server 00] Leave _query_role_list(thu1) uRoleCount=1 nResult=1
20200208-022255<INFO :0xf5dffb40>: [Group 1 Server 00] { thu1 } Create role "aqqqqqq"
20200208-022255<DEBUG:0xf5dffb40>: [Group 1 Server 00] Leave _create_role(thu1.aqqqqqq) nResult=1
20200208-022258<DEBUG:0xf53ffb40>: [ServerManager] Role "aqqqqqq" locked by Server 01
20200208-022258<DEBUG:0xf53ffb40>: [Group 1 Server 01] Leave _lock_or_unlock_role(Role=aqqqqqq, Lock=1) nResult=1
20200208-022311<INFO :0xf53ffb40>: [Group 1 Server 01] Save role end [thu1].[aqqqqqq], LeaveFlag = 0 nResult=1
20200208-022315<DEBUG:0xf5dffb40>: [Group 1 Server 00] Enter _ping(time=141573)
20200208-022320<DEBUG:0xf53ffb40>: [ServerManager] Role "aqqqqqq" unlocked by Server 1
20200208-022320<INFO :0xf53ffb40>: [Group 1 Server 01] Save role end [thu1].[aqqqqqq], LeaveFlag = 1 nResult=1
20200208-022322<INFO :0xf5dffb40>: [Group 1 Server 00] Query roles list of account "thu1"
20200208-022322<DEBUG:0xf5dffb40>: [Group 1 Server 00] Leave _query_role_list(thu1) uRoleCount=2 nResult=1
20200208-022326<INFO :0xf5dffb40>: [Group 1 Server 00] Get role "aqqqqqq" nResult=1
20200208-022328<DEBUG:0xf53ffb40>: [ServerManager] Role "aqqqqqq" locked by Server 01
20200208-022328<DEBUG:0xf53ffb40>: [Group 1 Server 01] Leave _lock_or_unlock_role(Role=aqqqqqq, Lock=1) nResult=1
20200208-022346<DEBUG:0xf5dffb40>: [Group 1 Server 00] Enter _ping(time=171730)
20200208-022358<DEBUG:0xf53ffb40>: [Group 1 Server 01] Enter _ping(time=184537)
20200208-022406<DEBUG:0xf5dffb40>: [Group 1 Server 00] Enter _ping(time=191758)
20200208-022426<DEBUG:0xf5dffb40>: [Group 1 Server 00] Enter _ping(time=211803)
20200208-022428<DEBUG:0xf53ffb40>: [Group 1 Server 01] Enter _ping(time=214384)
20200208-022446<DEBUG:0xf5dffb40>: [Group 1 Server 00] Enter _ping(time=231847)
20200208-022459<DEBUG:0xf53ffb40>: [Group 1 Server 01] Enter _ping(time=244279)
20200208-022506<DEBUG:0xf5dffb40>: [Group 1 Server 00] Enter _ping(time=251888)
20200208-022526<DEBUG:0xf5dffb40>: [Group 1 Server 00] Enter _ping(time=271901)
20200208-022529<DEBUG:0xf53ffb40>: [Group 1 Server 01] Enter _ping(time=274278)
20200208-022546<DEBUG:0xf5dffb40>: [Group 1 Server 00] Enter _ping(time=291922)
20200208-022559<DEBUG:0xf53ffb40>: [Group 1 Server 01] Enter _ping(time=304271)
20200208-022606<DEBUG:0xf5dffb40>: [Group 1 Server 00] Enter _ping(time=311943)
20200208-022626<DEBUG:0xf5dffb40>: [Group 1 Server 00] Enter _ping(time=331983)
20200208-022629<DEBUG:0xf53ffb40>: [Group 1 Server 01] Enter _ping(time=334519)
20200208-022646<DEBUG:0xf5dffb40>: [Group 1 Server 00] Enter _ping(time=351994)
20200208-022659<DEBUG:0xf53ffb40>: [Group 1 Server 01] Enter _ping(time=364752)
20200208-022706<DEBUG:0xf5dffb40>: [Group 1 Server 00] Enter _ping(time=372036)
20200208-022726<DEBUG:0xf5dffb40>: [Group 1 Server 00] Enter _ping(time=392070)
20200208-022729<DEBUG:0xf53ffb40>: [Group 1 Server 01] Enter _ping(time=394802)
20200208-022746<DEBUG:0xf5dffb40>: [Group 1 Server 00] Enter _ping(time=412118)
20200208-022759<DEBUG:0xf53ffb40>: [Group 1 Server 01] Enter _ping(time=424855)
20200208-022806<DEBUG:0xf5dffb40>: [Group 1 Server 00] Enter _ping(time=432155)
20200208-022826<DEBUG:0xf5dffb40>: [Group 1 Server 00] Enter _ping(time=452161)
20200208-022829<DEBUG:0xf53ffb40>: [Group 1 Server 01] Enter _ping(time=455035)
20200208-022846<DEBUG:0xf5dffb40>: [Group 1 Server 00] Enter _ping(time=472205)
20200208-022859<DEBUG:0xf53ffb40>: [Group 1 Server 01] Enter _ping(time=485087)
20200208-022906<DEBUG:0xf5dffb40>: [Group 1 Server 00] Enter _ping(time=492235)
20200208-022926<DEBUG:0xf5dffb40>: [Group 1 Server 00] Enter _ping(time=512271)
20200208-022929<DEBUG:0xf53ffb40>: [Group 1 Server 01] Enter _ping(time=515135)
20200208-022946<DEBUG:0xf5dffb40>: [Group 1 Server 00] Enter _ping(time=532307)
20200208-022959<DEBUG:0xf53ffb40>: [Group 1 Server 01] Enter _ping(time=545189)
20200208-023006<DEBUG:0xf5dffb40>: [Group 1 Server 00] Enter _ping(time=552345)
20200208-023026<DEBUG:0xf5dffb40>: [Group 1 Server 00] Enter _ping(time=572365)
20200208-023029<DEBUG:0xf53ffb40>: [Group 1 Server 01] Enter _ping(time=575245)
20200208-023046<DEBUG:0xf5dffb40>: [Group 1 Server 00] Enter _ping(time=592400)
20200208-023059<DEBUG:0xf53ffb40>: [Group 1 Server 01] Enter _ping(time=605289)
20200208-023106<DEBUG:0xf5dffb40>: [Group 1 Server 00] Enter _ping(time=612431)
20200208-023126<DEBUG:0xf5dffb40>: [Group 1 Server 00] Enter _ping(time=632468)
20200208-023129<DEBUG:0xf53ffb40>: [Group 1 Server 01] Enter _ping(time=635338)
20200208-023146<DEBUG:0xf5dffb40>: [Group 1 Server 00] Enter _ping(time=652504)
20200208-023159<DEBUG:0xf53ffb40>: [Group 1 Server 01] Enter _ping(time=665393)
20200208-023206<DEBUG:0xf5dffb40>: [Group 1 Server 00] Enter _ping(time=672537)
20200208-023226<DEBUG:0xf5dffb40>: [Group 1 Server 00] Enter _ping(time=692539)
20200208-023229<DEBUG:0xf53ffb40>: [Group 1 Server 01] Enter _ping(time=695451)
20200208-023246<DEBUG:0xf5dffb40>: [Group 1 Server 00] Enter _ping(time=712583)
20200208-023259<DEBUG:0xf53ffb40>: [Group 1 Server 01] Enter _ping(time=725532)
20200208-023307<DEBUG:0xf5dffb40>: [Group 1 Server 00] Enter _ping(time=732618)
20200208-023327<DEBUG:0xf5dffb40>: [Group 1 Server 00] Enter _ping(time=752659)
20200208-023329<DEBUG:0xf53ffb40>: [Group 1 Server 01] Enter _ping(time=755549)
20200208-023347<DEBUG:0xf5dffb40>: [Group 1 Server 00] Enter _ping(time=772663)
20200208-023400<DEBUG:0xf53ffb40>: [Group 1 Server 01] Enter _ping(time=785609)
20200208-023407<DEBUG:0xf5dffb40>: [Group 1 Server 00] Enter _ping(time=792702)
20200208-023427<DEBUG:0xf5dffb40>: [Group 1 Server 00] Enter _ping(time=812709)
20200208-023430<DEBUG:0xf53ffb40>: [Group 1 Server 01] Enter _ping(time=815662)
20200208-023447<DEBUG:0xf5dffb40>: [Group 1 Server 00] Enter _ping(time=832752)
20200208-023500<DEBUG:0xf53ffb40>: [Group 1 Server 01] Enter _ping(time=845721)
20200208-023507<DEBUG:0xf5dffb40>: [Group 1 Server 00] Enter _ping(time=852754)
20200208-023527<DEBUG:0xf5dffb40>: [Group 1 Server 00] Enter _ping(time=872755)
20200208-023530<DEBUG:0xf53ffb40>: [Group 1 Server 01] Enter _ping(time=875777)
20200208-023547<DEBUG:0xf5dffb40>: [Group 1 Server 00] Enter _ping(time=892761)
20200208-023600<DEBUG:0xf53ffb40>: [Group 1 Server 01] Enter _ping(time=905823)
20200208-023607<DEBUG:0xf5dffb40>: [Group 1 Server 00] Enter _ping(time=912806)
20200208-023627<DEBUG:0xf5dffb40>: [Group 1 Server 00] Enter _ping(time=932850)
20200208-023630<DEBUG:0xf53ffb40>: [Group 1 Server 01] Enter _ping(time=935880)
20200208-023647<DEBUG:0xf5dffb40>: [Group 1 Server 00] Enter _ping(time=952863)
20200208-023700<DEBUG:0xf53ffb40>: [Group 1 Server 01] Enter _ping(time=965929)
20200208-023707<DEBUG:0xf5dffb40>: [Group 1 Server 00] Enter _ping(time=972869)
20200208-023727<DEBUG:0xf5dffb40>: [Group 1 Server 00] Enter _ping(time=992911)
20200208-023730<DEBUG:0xf53ffb40>: [Group 1 Server 01] Enter _ping(time=995983)
20200208-023747<DEBUG:0xf5dffb40>: [Group 1 Server 00] Enter _ping(time=1012912)
20200208-023800<DEBUG:0xf53ffb40>: [Group 1 Server 01] Enter _ping(time=1026037)
20200208-023807<DEBUG:0xf5dffb40>: [Group 1 Server 00] Enter _ping(time=1032956)
20200208-023827<DEBUG:0xf5dffb40>: [Group 1 Server 00] Enter _ping(time=1053008)
20200208-023827<INFO :0xf53ffb40>: [Group 1 Server 01] Save role end [thu1].[aqqqqqq], LeaveFlag = 0 nResult=1
20200208-023847<DEBUG:0xf5dffb40>: [Group 1 Server 00] Enter _ping(time=1073050)
20200208-023857<DEBUG:0xf53ffb40>: [Group 1 Server 01] Enter _ping(time=1083202)
20200208-023907<DEBUG:0xf5dffb40>: [Group 1 Server 00] Enter _ping(time=1093091)
20200208-023927<DEBUG:0xf5dffb40>: [Group 1 Server 00] Enter _ping(time=1113138)
20200208-023927<DEBUG:0xf53ffb40>: [Group 1 Server 01] Enter _ping(time=1113253)
20200208-023947<DEBUG:0xf5dffb40>: [Group 1 Server 00] Enter _ping(time=1133168)
20200208-023957<DEBUG:0xf53ffb40>: [Group 1 Server 01] Enter _ping(time=1143296)
20200208-024007<DEBUG:0xf5dffb40>: [Group 1 Server 00] Enter _ping(time=1153175)
20200208-024027<DEBUG:0xf5dffb40>: [Group 1 Server 00] Enter _ping(time=1173174)
20200208-024027<DEBUG:0xf53ffb40>: [Group 1 Server 01] Enter _ping(time=1173353)
20200208-024041<DEBUG:0xf53ffb40>: [ServerManager] Role "aqqqqqq" unlocked by Server 1
20200208-024041<INFO :0xf53ffb40>: [Group 1 Server 01] Save role end [thu1].[aqqqqqq], LeaveFlag = 1 nResult=1
20200208-024047<DEBUG:0xf5dffb40>: [Group 1 Server 00] Enter _ping(time=1193218)
20200208-024107<DEBUG:0xf5dffb40>: [Group 1 Server 00] Enter _ping(time=1213262)
20200208-024111<DEBUG:0xf53ffb40>: [Group 1 Server 01] Enter _ping(time=1217074)
20200208-024127<DEBUG:0xf5dffb40>: [Group 1 Server 00] Enter _ping(time=1233310)
20200208-024141<DEBUG:0xf53ffb40>: [Group 1 Server 01] Enter _ping(time=1247127)
20200208-024147<DEBUG:0xf5dffb40>: [Group 1 Server 00] Enter _ping(time=1253360)
20200208-024207<DEBUG:0xf5dffb40>: [Group 1 Server 00] Enter _ping(time=1273400)
20200208-024211<DEBUG:0xf53ffb40>: [Group 1 Server 01] Enter _ping(time=1277177)
20200208-024227<DEBUG:0xf5dffb40>: [Group 1 Server 00] Enter _ping(time=1293437)
20200208-024241<DEBUG:0xf53ffb40>: [Group 1 Server 01] Enter _ping(time=1307233)
20200208-024247<DEBUG:0xf5dffb40>: [Group 1 Server 00] Enter _ping(time=1313445)
20200208-024307<DEBUG:0xf5dffb40>: [Group 1 Server 00] Enter _ping(time=1333483)
20200208-024311<DEBUG:0xf53ffb40>: [Group 1 Server 01] Enter _ping(time=1337291)
20200208-024327<DEBUG:0xf5dffb40>: [Group 1 Server 00] Enter _ping(time=1353535)
20200208-024341<DEBUG:0xf53ffb40>: [Group 1 Server 01] Enter _ping(time=1367340)
20200208-024347<DEBUG:0xf5dffb40>: [Group 1 Server 00] Enter _ping(time=1373536)
20200208-024408<DEBUG:0xf5dffb40>: [Group 1 Server 00] Enter _ping(time=1393575)
20200208-024411<DEBUG:0xf53ffb40>: [Group 1 Server 01] Enter _ping(time=1397400)
20200208-024428<DEBUG:0xf5dffb40>: [Group 1 Server 00] Enter _ping(time=1413580)
20200208-024441<DEBUG:0xf53ffb40>: [Group 1 Server 01] Enter _ping(time=1427454)
20200208-024448<DEBUG:0xf5dffb40>: [Group 1 Server 00] Enter _ping(time=1433623)
20200208-024508<DEBUG:0xf5dffb40>: [Group 1 Server 00] Enter _ping(time=1453668)
20200208-024511<DEBUG:0xf53ffb40>: [Group 1 Server 01] Enter _ping(time=1457496)
20200208-024528<DEBUG:0xf5dffb40>: [Group 1 Server 00] Enter _ping(time=1473721)
20200208-024542<DEBUG:0xf53ffb40>: [Group 1 Server 01] Enter _ping(time=1487554)
20200208-024548<DEBUG:0xf5dffb40>: [Group 1 Server 00] Enter _ping(time=1493764)
20200208-024608<DEBUG:0xf5dffb40>: [Group 1 Server 00] Enter _ping(time=1513766)
20200208-024612<DEBUG:0xf53ffb40>: [Group 1 Server 01] Enter _ping(time=1517603)
20200208-024628<DEBUG:0xf5dffb40>: [Group 1 Server 00] Enter _ping(time=1533801)
20200208-024642<DEBUG:0xf53ffb40>: [Group 1 Server 01] Enter _ping(time=1547660)
20200208-024648<DEBUG:0xf5dffb40>: [Group 1 Server 00] Enter _ping(time=1553847)
20200208-024708<DEBUG:0xf5dffb40>: [Group 1 Server 00] Enter _ping(time=1573882)
20200208-024712<DEBUG:0xf53ffb40>: [Group 1 Server 01] Enter _ping(time=1577717)
20200208-024728<DEBUG:0xf5dffb40>: [Group 1 Server 00] Enter _ping(time=1593922)
20200208-024742<DEBUG:0xf53ffb40>: [Group 1 Server 01] Enter _ping(time=1607769)
20200208-024748<DEBUG:0xf5dffb40>: [Group 1 Server 00] Enter _ping(time=1613974)
20200208-024808<DEBUG:0xf5dffb40>: [Group 1 Server 00] Enter _ping(time=1634014)
20200208-024812<DEBUG:0xf53ffb40>: [Group 1 Server 01] Enter _ping(time=1637822)
20200208-024828<DEBUG:0xf5dffb40>: [Group 1 Server 00] Enter _ping(time=1654056)
20200208-024842<DEBUG:0xf53ffb40>: [Group 1 Server 01] Enter _ping(time=1667873)
20200208-024848<DEBUG:0xf5dffb40>: [Group 1 Server 00] Enter _ping(time=1674097)
20200208-024908<DEBUG:0xf5dffb40>: [Group 1 Server 00] Enter _ping(time=1694133)
20200208-024912<DEBUG:0xf53ffb40>: [Group 1 Server 01] Enter _ping(time=1697919)
20200208-024928<DEBUG:0xf5dffb40>: [Group 1 Server 00] Enter _ping(time=1714137)
20200208-024942<DEBUG:0xf53ffb40>: [Group 1 Server 01] Enter _ping(time=1727984)
20200208-024948<DEBUG:0xf5dffb40>: [Group 1 Server 00] Enter _ping(time=1734185)
20200208-025008<DEBUG:0xf5dffb40>: [Group 1 Server 00] Enter _ping(time=1754229)
20200208-025012<DEBUG:0xf53ffb40>: [Group 1 Server 01] Enter _ping(time=1758033)
20200208-025028<DEBUG:0xf5dffb40>: [Group 1 Server 00] Enter _ping(time=1774232)
20200208-025042<DEBUG:0xf53ffb40>: [Group 1 Server 01] Enter _ping(time=1788089)
20200208-025048<DEBUG:0xf5dffb40>: [Group 1 Server 00] Enter _ping(time=1794229)
20200208-025108<DEBUG:0xf5dffb40>: [Group 1 Server 00] Enter _ping(time=1814281)
20200208-025112<DEBUG:0xf53ffb40>: [Group 1 Server 01] Enter _ping(time=1818141)
20200208-025128<DEBUG:0xf5dffb40>: [Group 1 Server 00] Enter _ping(time=1834286)
20200208-025142<DEBUG:0xf53ffb40>: [Group 1 Server 01] Enter _ping(time=1848189)
20200208-025148<DEBUG:0xf5dffb40>: [Group 1 Server 00] Enter _ping(time=1854286)
20200208-025208<DEBUG:0xf5dffb40>: [Group 1 Server 00] Enter _ping(time=1874282)
20200208-025212<DEBUG:0xf53ffb40>: [Group 1 Server 01] Enter _ping(time=1878244)
20200208-025228<DEBUG:0xf5dffb40>: [Group 1 Server 00] Enter _ping(time=1894294)
20200208-025242<DEBUG:0xf53ffb40>: [Group 1 Server 01] Enter _ping(time=1908295)
20200208-025248<DEBUG:0xf5dffb40>: [Group 1 Server 00] Enter _ping(time=1914332)
20200208-025308<DEBUG:0xf5dffb40>: [Group 1 Server 00] Enter _ping(time=1934341)
20200208-025312<DEBUG:0xf53ffb40>: [Group 1 Server 01] Enter _ping(time=1938354)
20200208-025328<DEBUG:0xf5dffb40>: [Group 1 Server 00] Enter _ping(time=1954387)
20200208-025342<DEBUG:0xf53ffb40>: [Group 1 Server 01] Enter _ping(time=1968408)
20200208-025348<DEBUG:0xf5dffb40>: [Group 1 Server 00] Enter _ping(time=1974436)
20200208-025408<DEBUG:0xf5dffb40>: [Group 1 Server 00] Enter _ping(time=1994450)
20200208-025412<DEBUG:0xf53ffb40>: [Group 1 Server 01] Enter _ping(time=1998453)
20200208-025428<DEBUG:0xf5dffb40>: [Group 1 Server 00] Enter _ping(time=2014452)
20200208-025443<DEBUG:0xf53ffb40>: [Group 1 Server 01] Enter _ping(time=2028515)
20200208-025448<DEBUG:0xf5dffb40>: [Group 1 Server 00] Enter _ping(time=2034498)
20200208-025509<DEBUG:0xf5dffb40>: [Group 1 Server 00] Enter _ping(time=2054551)
20200208-025513<DEBUG:0xf53ffb40>: [Group 1 Server 01] Enter _ping(time=2058562)
20200208-025529<DEBUG:0xf5dffb40>: [Group 1 Server 00] Enter _ping(time=2074585)
20200208-025543<DEBUG:0xf53ffb40>: [Group 1 Server 01] Enter _ping(time=2088621)
20200208-235832<ERROR:0xf53ffb40>: [Group 1 Server 01] There are no data arrive during 75769/120 second, auto disconnect!
20200208-235832<INFO :0xf53ffb40>: [ServerManager] Server 1 will stop, unlock all role [count=0] 
20200208-235832<INFO :0xf53ffb40>: [Group 1 Server 01] Stopped
20200208-235832<ERROR:0xf5dffb40>: [Group 1 Server 00] There are no data arrive during 75783/120 second, auto disconnect!
20200208-235832<INFO :0xf5dffb40>: [ServerManager] Server 0 will stop, unlock all role [count=0] 
20200208-235832<INFO :0xf5dffb40>: [Group 1 Server 00] Stopped
20200208-235832<INFO :0xf6742b40>: [ServerManager] RemoteServer from (127.0.0.1:55931) connect ok
20200208-235832<INFO :0xf6742b40>: [ServerManager] Accept from (127.0.0.1:55931) SocketStream = 0xf5e00528
20200208-235832<INFO :0xf6742b40>: [[Group 1 Server 02]] Server 2 created ok!
20200208-235832<INFO :0xf49ffb40>: [Group 1 Server 02] Started, service for 127.0.0.1:55931
20200208-235832<INFO :0xf49ffb40>: [KGD] Mysql info: client[5.1.69] host[Localhost via UNIX socket] server[5.5.64-MariaDB]
20200208-235832<DEBUG:0xf49ffb40>: [KGD] KGD_PROCESS_ERROR(nRetCode, KGD_ERROR_NOT_SUPPORT), at line 1467 in (0x0xf5406970)->_LoadTable()
20200208-235832<DEBUG:0xf49ffb40>: [KGD] (0x0xf5406970)->_LoadTable("fightteam")
20200208-235832<DEBUG:0xf49ffb40>: [KGD] KGD_PROCESS_ERROR(nRetCode, KGD_ERROR_NOT_SUPPORT), at line 1467 in (0x0xf5406970)->_LoadTable()
20200208-235832<DEBUG:0xf49ffb40>: [KGD] (0x0xf5406970)->_LoadTable("playerfightteam")
20200208-235832<DEBUG:0xf49ffb40>: [KGD] Success connect to localhost:3306, character set switch to latin1
20200208-235836<DEBUG:0xf49ffb40>: [Group 1 Server 02] Enter _ping(time=2094593)
