ChangeLogFile: FirstWrite=1, CurrentLine=0/65536 LastTime=1900-1-0 0:0:0
20200208-020445<INFO :0xf7385700>: [KG_Goddess] Loading KG_Goddess.ini
20200208-020445<INFO :0xf7385700>: [verify_up2date]...
20200208-020445<INFO :0xf7385700>: >Current lang is [gb18030]
20200208-020445<INFO :0xf7385700>: >Welcome to use [verify_up2date](version: 2.3.4 [2018-02-25]) tool. 
20200208-020445<INFO :0xf7385700>: >Time duration: 6.706976ms 
20200208-020445<INFO :0xf7385700>: >
20200208-020445<INFO :0xf7385700>: >Finish, my exit code is: 0
20200208-020445<INFO :0xf7385700>: |shell cmd result is 0
20200208-020445<INFO :0xf7385700>: ExecShellCmd [./verify_up2date -op=vef -d="." ] ret=0
20200208-020445<INFO :0xf7385700>: [verify_up2date] ok
20200208-020445<INFO :0xf7385700>: [Goddess][Version:Aug 22 2014 15:43:09] Begin to start ... ...
20200208-020445<INFO :0xf7385700>: [KG_Goddess] Set log level ... ... KGLOG_UPTO(KGLOG_DEBUG)
20200208-020445<INFO :0xf7385700>: [KG_Goddess] Loaded KG_Angel, version 2.5
20200208-020445<INFO :0xf7385700>: [KG_Goddess] Initializing role database ...
20200208-020445<INFO :0xf7385700>: [KGD] Mysql info: client[5.1.69] host[Localhost via UNIX socket] server[5.5.64-MariaDB]
20200208-020445<DEBUG:0xf7385700>: [KGD] Success connect to localhost:3306, character set switch to latin1
20200208-020445<DEBUG:0xf7385700>: [KGD] KGD_PROCESS_ERROR(nRetCode, KGD_ERROR_NOT_SUPPORT), at line 1467 in (0x0x9308ff0)->_LoadTable()
20200208-020445<DEBUG:0xf7385700>: [KGD] (0x0x9308ff0)->_LoadTable("fightteam")
20200208-020445<DEBUG:0xf7385700>: [KGD] KGD_PROCESS_ERROR(nRetCode, KGD_ERROR_NOT_SUPPORT), at line 1467 in (0x0x9308ff0)->_LoadTable()
20200208-020445<DEBUG:0xf7385700>: [KGD] (0x0x9308ff0)->_LoadTable("playerfightteam")
20200208-020445<INFO :0xf7385700>: [KG_Goddess] Initializing role statistic ...
20200208-020445<INFO :0xf7385700>: [RoleStatistic] listen 127.0.0.1 : 6001 result=1
20200208-020445<INFO :0xf7385700>: [RoleStatistic] Listening at 127.0.0.1:6001
20200208-020445<INFO :0xf7385700>: [KG_Goddess] Initializing server manager ...
20200208-020445<INFO :0xf7385700>: [ServerManager] Listening at 127.0.0.1:5001
20200208-020445<INFO :0xf7385700>: [KG_Goddess] Started successful
20200208-020448<INFO :0xf66f9b40>: [ServerManager] RemoteServer from (127.0.0.1:33562) connect ok
20200208-020448<INFO :0xf66f9b40>: [ServerManager] Accept from (127.0.0.1:33562) SocketStream = 0xf5d00528
20200208-020448<INFO :0xf66f9b40>: [[Group 1 Server 00]] Server 0 created ok!
20200208-020448<INFO :0xf5cffb40>: [Group 1 Server 00] Started, service for 127.0.0.1:33562
20200208-020448<INFO :0xf5cffb40>: [KGD] Mysql info: client[5.1.69] host[Localhost via UNIX socket] server[5.5.64-MariaDB]
20200208-020448<DEBUG:0xf5cffb40>: [KGD] KGD_PROCESS_ERROR(nRetCode, KGD_ERROR_NOT_SUPPORT), at line 1467 in (0x0xf5300470)->_LoadTable()
20200208-020448<DEBUG:0xf5cffb40>: [KGD] (0x0xf5300470)->_LoadTable("fightteam")
20200208-020448<DEBUG:0xf5cffb40>: [KGD] KGD_PROCESS_ERROR(nRetCode, KGD_ERROR_NOT_SUPPORT), at line 1467 in (0x0xf5300470)->_LoadTable()
20200208-020448<DEBUG:0xf5cffb40>: [KGD] (0x0xf5300470)->_LoadTable("playerfightteam")
20200208-020448<DEBUG:0xf5cffb40>: [KGD] Success connect to localhost:3306, character set switch to latin1
20200208-020502<INFO :0xf66f9b40>: [ServerManager] RemoteServer from (127.0.0.1:57944) connect ok
20200208-020502<INFO :0xf66f9b40>: [ServerManager] Accept from (127.0.0.1:57944) SocketStream = 0xf5d00a30
20200208-020502<INFO :0xf66f9b40>: [[Group 1 Server 01]] Server 1 created ok!
20200208-020502<INFO :0xf52ffb40>: [Group 1 Server 01] Started, service for 127.0.0.1:57944
20200208-020502<INFO :0xf52ffb40>: [KGD] Mysql info: client[5.1.69] host[Localhost via UNIX socket] server[5.5.64-MariaDB]
20200208-020502<DEBUG:0xf52ffb40>: [KGD] KGD_PROCESS_ERROR(nRetCode, KGD_ERROR_NOT_SUPPORT), at line 1467 in (0x0xf4900470)->_LoadTable()
20200208-020502<DEBUG:0xf52ffb40>: [KGD] (0x0xf4900470)->_LoadTable("fightteam")
20200208-020502<DEBUG:0xf52ffb40>: [KGD] KGD_PROCESS_ERROR(nRetCode, KGD_ERROR_NOT_SUPPORT), at line 1467 in (0x0xf4900470)->_LoadTable()
20200208-020502<DEBUG:0xf52ffb40>: [KGD] (0x0xf4900470)->_LoadTable("playerfightteam")
20200208-020502<DEBUG:0xf52ffb40>: [KGD] Success connect to localhost:3306, character set switch to latin1
20200208-020502<INFO :0xf52ffb40>: [verify_up2date] GetUp2dateVersion: code=8DA68FCD
20200208-020502<DEBUG:0xf52ffb40>: [Group 1 Server 01] Enter _query_statistic_info()
20200208-020502<DEBUG:0xf52ffb40>: KGLOG_PROCESS_ERROR(piStatistic) at line 2088 in _query_statistic_info
20200208-020502<DEBUG:0xf52ffb40>: [Group 1 Server 01] Leave _query_statistic_info() size =0 ret=0
20200208-020507<DEBUG:0xf5cffb40>: [Group 1 Server 00] Enter _ping(time=84808)
20200208-020510<INFO :0xf5cffb40>: [Group 1 Server 00] Query roles list of account "thu1"
20200208-020510<DEBUG:0xf5cffb40>: [Group 1 Server 00] Leave _query_role_list(thu1) uRoleCount=0 nResult=1
20200208-020519<INFO :0xf5cffb40>: [Group 1 Server 00] Query roles list of account "thu"
20200208-020519<DEBUG:0xf5cffb40>: [Group 1 Server 00] Leave _query_role_list(thu) uRoleCount=1 nResult=1
20200208-020532<DEBUG:0xf52ffb40>: [Group 1 Server 01] Enter _ping(time=110146)
20200208-020536<INFO :0xf5cffb40>: [Group 1 Server 00] Get role "thieulam" nResult=1
20200208-020539<DEBUG:0xf52ffb40>: [ServerManager] Role "thieulam" locked by Server 01
20200208-020539<DEBUG:0xf52ffb40>: [Group 1 Server 01] Leave _lock_or_unlock_role(Role=thieulam, Lock=1) nResult=1
20200208-020558<DEBUG:0xf5cffb40>: [Group 1 Server 00] Enter _ping(time=134268)
20200208-020609<DEBUG:0xf52ffb40>: [Group 1 Server 01] Enter _ping(time=145085)
20200208-020618<DEBUG:0xf5cffb40>: [Group 1 Server 00] Enter _ping(time=154304)
20200208-020638<DEBUG:0xf5cffb40>: [Group 1 Server 00] Enter _ping(time=174348)
20200208-020639<DEBUG:0xf52ffb40>: [Group 1 Server 01] Enter _ping(time=175145)
20200208-020658<DEBUG:0xf5cffb40>: [Group 1 Server 00] Enter _ping(time=194359)
20200208-020709<DEBUG:0xf52ffb40>: [Group 1 Server 01] Enter _ping(time=205180)
20200208-020718<DEBUG:0xf5cffb40>: [Group 1 Server 00] Enter _ping(time=214414)
20200208-020738<DEBUG:0xf5cffb40>: [Group 1 Server 00] Enter _ping(time=234461)
20200208-020739<DEBUG:0xf52ffb40>: [Group 1 Server 01] Enter _ping(time=235203)
20200208-020758<DEBUG:0xf5cffb40>: [Group 1 Server 00] Enter _ping(time=254489)
20200208-020809<DEBUG:0xf52ffb40>: [Group 1 Server 01] Enter _ping(time=265213)
20200208-020818<DEBUG:0xf5cffb40>: [Group 1 Server 00] Enter _ping(time=274499)
20200208-020838<DEBUG:0xf5cffb40>: [Group 1 Server 00] Enter _ping(time=294520)
20200208-020839<DEBUG:0xf52ffb40>: [Group 1 Server 01] Enter _ping(time=295199)
20200208-020858<DEBUG:0xf5cffb40>: [Group 1 Server 00] Enter _ping(time=314521)
20200208-020909<DEBUG:0xf52ffb40>: [Group 1 Server 01] Enter _ping(time=325161)
20200208-020919<DEBUG:0xf5cffb40>: [Group 1 Server 00] Enter _ping(time=334559)
20200208-020939<DEBUG:0xf5cffb40>: [Group 1 Server 00] Enter _ping(time=354593)
20200208-020939<DEBUG:0xf52ffb40>: [Group 1 Server 01] Enter _ping(time=355090)
20200208-020959<DEBUG:0xf5cffb40>: [Group 1 Server 00] Enter _ping(time=374631)
20200208-021009<DEBUG:0xf52ffb40>: [Group 1 Server 01] Enter _ping(time=385080)
20200208-021019<DEBUG:0xf5cffb40>: [Group 1 Server 00] Enter _ping(time=394657)
20200208-021039<DEBUG:0xf5cffb40>: [Group 1 Server 00] Enter _ping(time=414693)
20200208-021039<DEBUG:0xf52ffb40>: [Group 1 Server 01] Enter _ping(time=415194)
20200208-021059<DEBUG:0xf5cffb40>: [Group 1 Server 00] Enter _ping(time=434731)
20200208-021109<DEBUG:0xf52ffb40>: [Group 1 Server 01] Enter _ping(time=445610)
20200208-021119<DEBUG:0xf5cffb40>: [Group 1 Server 00] Enter _ping(time=454734)
20200208-021139<DEBUG:0xf5cffb40>: [Group 1 Server 00] Enter _ping(time=474770)
20200208-021139<DEBUG:0xf52ffb40>: [Group 1 Server 01] Enter _ping(time=475666)
20200208-021159<DEBUG:0xf5cffb40>: [Group 1 Server 00] Enter _ping(time=494814)
20200208-021210<DEBUG:0xf52ffb40>: [Group 1 Server 01] Enter _ping(time=505711)
20200208-021219<DEBUG:0xf5cffb40>: [Group 1 Server 00] Enter _ping(time=514855)
20200208-021239<DEBUG:0xf5cffb40>: [Group 1 Server 00] Enter _ping(time=534907)
20200208-021240<DEBUG:0xf52ffb40>: [Group 1 Server 01] Enter _ping(time=535772)
20200208-021259<DEBUG:0xf5cffb40>: [Group 1 Server 00] Enter _ping(time=554919)
20200208-021310<DEBUG:0xf52ffb40>: [Group 1 Server 01] Enter _ping(time=565819)
20200208-021319<DEBUG:0xf5cffb40>: [Group 1 Server 00] Enter _ping(time=574928)
20200208-021339<DEBUG:0xf5cffb40>: [Group 1 Server 00] Enter _ping(time=594970)
20200208-021340<DEBUG:0xf52ffb40>: [Group 1 Server 01] Enter _ping(time=595874)
20200208-021359<DEBUG:0xf5cffb40>: [Group 1 Server 00] Enter _ping(time=615014)
20200208-021410<DEBUG:0xf52ffb40>: [Group 1 Server 01] Enter _ping(time=625931)
20200208-021419<DEBUG:0xf5cffb40>: [Group 1 Server 00] Enter _ping(time=635063)
20200208-021429<DEBUG:0xf52ffb40>: [ServerManager] Role "thieulam" unlocked by Server 1
20200208-021429<INFO :0xf52ffb40>: [Group 1 Server 01] Save role end [thu].[thieulam], LeaveFlag = 1 nResult=1
20200208-021439<DEBUG:0xf5cffb40>: [Group 1 Server 00] Enter _ping(time=655104)
20200208-021459<DEBUG:0xf5cffb40>: [Group 1 Server 00] Enter _ping(time=675155)
20200208-021459<DEBUG:0xf52ffb40>: [Group 1 Server 01] Enter _ping(time=675155)
20200208-021512<INFO :0xf5cffb40>: [Group 1 Server 00] Query roles list of account "thu1"
20200208-021512<DEBUG:0xf5cffb40>: [Group 1 Server 00] Leave _query_role_list(thu1) uRoleCount=0 nResult=1
20200208-021520<INFO :0xf5cffb40>: [Group 1 Server 00] { thu1 } Create role "quyenaaa"
20200208-021520<DEBUG:0xf5cffb40>: [Group 1 Server 00] Leave _create_role(thu1.quyenaaa) nResult=1
20200208-021522<DEBUG:0xf52ffb40>: [ServerManager] Role "quyenaaa" locked by Server 01
20200208-021522<DEBUG:0xf52ffb40>: [Group 1 Server 01] Leave _lock_or_unlock_role(Role=quyenaaa, Lock=1) nResult=1
20200208-021531<INFO :0xf52ffb40>: [Group 1 Server 01] Save role end [thu1].[quyenaaa], LeaveFlag = 0 nResult=1
20200208-021539<DEBUG:0xf52ffb40>: [ServerManager] Role "quyenaaa" unlocked by Server 1
20200208-021539<INFO :0xf52ffb40>: [Group 1 Server 01] Save role end [thu1].[quyenaaa], LeaveFlag = 1 nResult=1
20200208-021540<DEBUG:0xf5cffb40>: [Group 1 Server 00] Enter _ping(time=716155)
20200208-021541<INFO :0xf5cffb40>: [Group 1 Server 00] Query roles list of account "thu1"
20200208-021541<DEBUG:0xf5cffb40>: [Group 1 Server 00] Leave _query_role_list(thu1) uRoleCount=1 nResult=1
20200208-021543<INFO :0xf5cffb40>: [Group 1 Server 00] Get role "quyenaaa" nResult=1
20200208-021545<DEBUG:0xf52ffb40>: [ServerManager] Role "quyenaaa" locked by Server 01
20200208-021545<DEBUG:0xf52ffb40>: [Group 1 Server 01] Leave _lock_or_unlock_role(Role=quyenaaa, Lock=1) nResult=1
20200208-021603<DEBUG:0xf5cffb40>: [Group 1 Server 00] Enter _ping(time=739163)
20200208-021615<DEBUG:0xf52ffb40>: [Group 1 Server 01] Enter _ping(time=751262)
20200208-021623<DEBUG:0xf5cffb40>: [Group 1 Server 00] Enter _ping(time=759208)
20200208-021643<DEBUG:0xf5cffb40>: [Group 1 Server 00] Enter _ping(time=779249)
20200208-021645<DEBUG:0xf52ffb40>: [Group 1 Server 01] Enter _ping(time=781308)
20200208-021703<DEBUG:0xf5cffb40>: [Group 1 Server 00] Enter _ping(time=799272)
20200208-021715<DEBUG:0xf52ffb40>: [Group 1 Server 01] Enter _ping(time=811362)
20200208-021723<DEBUG:0xf5cffb40>: [Group 1 Server 00] Enter _ping(time=819306)
20200208-021737<DEBUG:0xf52ffb40>: [ServerManager] Role "quyenaaa" unlocked by Server 1
20200208-021737<INFO :0xf52ffb40>: [Group 1 Server 01] Save role end [thu1].[quyenaaa], LeaveFlag = 1 nResult=1
20200208-021743<DEBUG:0xf5cffb40>: [Group 1 Server 00] Enter _ping(time=839301)
20200208-021803<DEBUG:0xf5cffb40>: [Group 1 Server 00] Enter _ping(time=859305)
20200208-021807<DEBUG:0xf52ffb40>: [Group 1 Server 01] Enter _ping(time=863411)
20200208-021823<DEBUG:0xf5cffb40>: [Group 1 Server 00] Enter _ping(time=879311)
20200208-021837<DEBUG:0xf52ffb40>: [Group 1 Server 01] Enter _ping(time=893469)
20200208-021843<DEBUG:0xf5cffb40>: [Group 1 Server 00] Enter _ping(time=899317)
20200208-021903<DEBUG:0xf5cffb40>: [Group 1 Server 00] Enter _ping(time=919313)
20200208-021907<DEBUG:0xf52ffb40>: [Group 1 Server 01] Enter _ping(time=923521)
20200208-021923<DEBUG:0xf5cffb40>: [Group 1 Server 00] Enter _ping(time=939322)
20200208-021937<DEBUG:0xf52ffb40>: [Group 1 Server 01] Enter _ping(time=953571)
20200208-021943<DEBUG:0xf5cffb40>: [Group 1 Server 00] Enter _ping(time=959317)
20200208-022003<DEBUG:0xf5cffb40>: [Group 1 Server 00] Enter _ping(time=979357)
20200208-022007<DEBUG:0xf52ffb40>: [Group 1 Server 01] Enter _ping(time=983624)
20200208-022023<DEBUG:0xf5cffb40>: [Group 1 Server 00] Enter _ping(time=999396)
20200208-022038<DEBUG:0xf52ffb40>: [Group 1 Server 01] Enter _ping(time=1013672)
20200208-022043<DEBUG:0xf5cffb40>: [Group 1 Server 00] Enter _ping(time=1019442)
