ChangeLogFile: FirstWrite=1, CurrentLine=0/65536 LastTime=1900-1-0 0:0:0
20191228-093658<INFO :0xf77c26d0>: [KG_Goddess] Loading KG_Goddess.ini
20191228-093658<INFO :0xf77c26d0>: [verify_up2date]...
20191228-093658<INFO :0xf77c26d0>: >Current lang is [gb18030]
20191228-093658<INFO :0xf77c26d0>: >Welcome to use [verify_up2date](version: 2.3.4 [2018-02-25]) tool. 
20191228-093659<INFO :0xf77c26d0>: >Time duration: 12.381834ms 
20191228-093659<INFO :0xf77c26d0>: >
20191228-093659<INFO :0xf77c26d0>: >Finish, my exit code is: 0
20191228-093659<INFO :0xf77c26d0>: |shell cmd result is 0
20191228-093659<INFO :0xf77c26d0>: ExecShellCmd [./verify_up2date -op=vef -d="." ] ret=0
20191228-093659<INFO :0xf77c26d0>: [verify_up2date] ok
20191228-093659<INFO :0xf77c26d0>: [Goddess][Version:Aug 22 2014 15:43:09] Begin to start ... ...
20191228-093659<INFO :0xf77c26d0>: [KG_Goddess] Set log level ... ... KGLOG_UPTO(KGLOG_DEBUG)
20191228-093659<INFO :0xf77c26d0>: [KG_Goddess] Loaded KG_Angel, version 2.5
20191228-093659<INFO :0xf77c26d0>: [KG_Goddess] Initializing role database ...
20191228-093659<INFO :0xf77c26d0>: [KGD] Mysql info: client[5.1.69] host[192.168.136.146 via TCP/IP] server[5.1.73]
20191228-093659<DEBUG:0xf77c26d0>: [KGD] Success connect to 192.168.136.146:3306, character set switch to latin1
20191228-093659<DEBUG:0xf77c26d0>: [KGD] KGD_PROCESS_ERROR(nRetCode, KGD_ERROR_NOT_SUPPORT), at line 1467 in (0x0x93a8e18)->_LoadTable()
20191228-093659<DEBUG:0xf77c26d0>: [KGD] (0x0x93a8e18)->_LoadTable("fightteam")
20191228-093659<DEBUG:0xf77c26d0>: [KGD] KGD_PROCESS_ERROR(nRetCode, KGD_ERROR_NOT_SUPPORT), at line 1467 in (0x0x93a8e18)->_LoadTable()
20191228-093659<DEBUG:0xf77c26d0>: [KGD] (0x0x93a8e18)->_LoadTable("playerfightteam")
20191228-093659<INFO :0xf77c26d0>: [KG_Goddess] Initializing role statistic ...
20191228-093659<INFO :0xf77c26d0>: [RoleStatistic] listen 192.168.136.146 : 6001 result=1
20191228-093659<INFO :0xf77c26d0>: [RoleStatistic] Listening at 192.168.136.146:6001
20191228-093659<INFO :0xf77c26d0>: [KG_Goddess] Initializing server manager ...
20191228-093659<INFO :0xf77c26d0>: [ServerManager] Listening at 192.168.136.146:5001
20191228-093659<INFO :0xf77c26d0>: [KG_Goddess] Started successful
20191228-093702<INFO :0xf6bbfb70>: [ServerManager] RemoteServer from (192.168.136.146:33372) connect ok
20191228-093702<INFO :0xf6bbfb70>: [ServerManager] Accept from (192.168.136.146:33372) SocketStream = 0xf6000528
20191228-093702<INFO :0xf6bbfb70>: [[Group 1 Server 00]] Server 0 created ok!
20191228-093702<INFO :0xf5fffb70>: [Group 1 Server 00] Started, service for 192.168.136.146:33372
20191228-093702<INFO :0xf5fffb70>: [KGD] Mysql info: client[5.1.69] host[192.168.136.146 via TCP/IP] server[5.1.73]
20191228-093702<DEBUG:0xf5fffb70>: [KGD] KGD_PROCESS_ERROR(nRetCode, KGD_ERROR_NOT_SUPPORT), at line 1467 in (0x0xf5400470)->_LoadTable()
20191228-093702<DEBUG:0xf5fffb70>: [KGD] (0x0xf5400470)->_LoadTable("fightteam")
20191228-093702<DEBUG:0xf5fffb70>: [KGD] KGD_PROCESS_ERROR(nRetCode, KGD_ERROR_NOT_SUPPORT), at line 1467 in (0x0xf5400470)->_LoadTable()
20191228-093702<DEBUG:0xf5fffb70>: [KGD] (0x0xf5400470)->_LoadTable("playerfightteam")
20191228-093702<DEBUG:0xf5fffb70>: [KGD] Success connect to 192.168.136.146:3306, character set switch to latin1
20191228-093722<DEBUG:0xf5fffb70>: [Group 1 Server 00] Enter _ping(time=163914)
20191228-093723<INFO :0xf6bbfb70>: [ServerManager] RemoteServer from (127.0.0.1:45250) connect ok
20191228-093723<INFO :0xf6bbfb70>: [ServerManager] Accept from (127.0.0.1:45250) SocketStream = 0xf6000a30
20191228-093723<INFO :0xf6bbfb70>: [[Group 1 Server 01]] Server 1 created ok!
20191228-093723<INFO :0xf53ffb70>: [Group 1 Server 01] Started, service for 127.0.0.1:45250
20191228-093723<INFO :0xf53ffb70>: [KGD] Mysql info: client[5.1.69] host[192.168.136.146 via TCP/IP] server[5.1.73]
20191228-093723<DEBUG:0xf53ffb70>: [KGD] KGD_PROCESS_ERROR(nRetCode, KGD_ERROR_NOT_SUPPORT), at line 1467 in (0x0xf4800470)->_LoadTable()
20191228-093723<DEBUG:0xf53ffb70>: [KGD] (0x0xf4800470)->_LoadTable("fightteam")
20191228-093723<DEBUG:0xf53ffb70>: [KGD] KGD_PROCESS_ERROR(nRetCode, KGD_ERROR_NOT_SUPPORT), at line 1467 in (0x0xf4800470)->_LoadTable()
20191228-093723<DEBUG:0xf53ffb70>: [KGD] (0x0xf4800470)->_LoadTable("playerfightteam")
20191228-093723<DEBUG:0xf53ffb70>: [KGD] Success connect to 192.168.136.146:3306, character set switch to latin1
20191228-093723<INFO :0xf53ffb70>: [verify_up2date] GetUp2dateVersion: code=8DA68FCD
20191228-093723<DEBUG:0xf53ffb70>: [Group 1 Server 01] Enter _query_statistic_info()
20191228-093723<DEBUG:0xf53ffb70>: KGLOG_PROCESS_ERROR(piStatistic) at line 2088 in _query_statistic_info
20191228-093723<DEBUG:0xf53ffb70>: [Group 1 Server 01] Leave _query_statistic_info() size =0 ret=0
20191228-093741<DEBUG:0xf5fffb70>: [Group 1 Server 00] Enter _ping(time=183941)
20191228-093753<DEBUG:0xf53ffb70>: [Group 1 Server 01] Enter _ping(time=196475)
20191228-093801<DEBUG:0xf5fffb70>: [Group 1 Server 00] Enter _ping(time=203951)
20191228-093821<DEBUG:0xf5fffb70>: [Group 1 Server 00] Enter _ping(time=223989)
20191228-093823<DEBUG:0xf53ffb70>: [Group 1 Server 01] Enter _ping(time=226516)
20191228-093826<INFO :0xf5fffb70>: [Group 1 Server 00] Query roles list of account "jiqinghk"
20191228-093826<DEBUG:0xf5fffb70>: [Group 1 Server 00] Leave _query_role_list(jiqinghk) uRoleCount=2 nResult=1
20191228-093846<DEBUG:0xf5fffb70>: [Group 1 Server 00] Enter _ping(time=248858)
20191228-093852<INFO :0xf5fffb70>: [Group 1 Server 00] Get role "JiaXQing" nResult=1
20191228-093853<DEBUG:0xf53ffb70>: [Group 1 Server 01] Enter _ping(time=256555)
20191228-093855<DEBUG:0xf53ffb70>: [ServerManager] Role "JiaXQing" locked by Server 01
20191228-093855<DEBUG:0xf53ffb70>: [Group 1 Server 01] Leave _lock_or_unlock_role(Role=JiaXQing, Lock=1) nResult=1
20191228-093907<DEBUG:0xf53ffb70>: [ServerManager] Role "JiaXQing" unlocked by Server 1
20191228-093907<INFO :0xf53ffb70>: [Group 1 Server 01] Save role end [jiqinghk].[JiaXQing], LeaveFlag = 1 nResult=1
20191228-093912<DEBUG:0xf5fffb70>: [Group 1 Server 00] Enter _ping(time=275164)
20191228-093932<DEBUG:0xf5fffb70>: [Group 1 Server 00] Enter _ping(time=295189)
20191228-093938<DEBUG:0xf53ffb70>: [Group 1 Server 01] Enter _ping(time=300652)
20191228-093952<DEBUG:0xf5fffb70>: [Group 1 Server 00] Enter _ping(time=315227)
20191228-094008<DEBUG:0xf53ffb70>: [Group 1 Server 01] Enter _ping(time=330686)
20191228-094012<DEBUG:0xf5fffb70>: [Group 1 Server 00] Enter _ping(time=335268)
20191228-094017<INFO :0xf5fffb70>: [Group 1 Server 00] Query roles list of account "jiqinghk"
20191228-094017<DEBUG:0xf5fffb70>: [Group 1 Server 00] Leave _query_role_list(jiqinghk) uRoleCount=2 nResult=1
20191228-094037<DEBUG:0xf5fffb70>: [Group 1 Server 00] Enter _ping(time=360041)
20191228-094038<DEBUG:0xf53ffb70>: [Group 1 Server 01] Enter _ping(time=360728)
20191228-094039<INFO :0xf5fffb70>: [Group 1 Server 00] Get role "JiaXQing" nResult=1
20191228-094041<DEBUG:0xf53ffb70>: [ServerManager] Role "JiaXQing" locked by Server 01
20191228-094041<DEBUG:0xf53ffb70>: [Group 1 Server 01] Leave _lock_or_unlock_role(Role=JiaXQing, Lock=1) nResult=1
20191228-094048<DEBUG:0xf53ffb70>: [ServerManager] Role "JiaXQing" unlocked by Server 1
20191228-094048<INFO :0xf53ffb70>: [Group 1 Server 01] Save role end [jiqinghk].[JiaXQing], LeaveFlag = 1 nResult=1
