ChangeLogFile: FirstWrite=1, CurrentLine=0/65536 LastTime=1900-1-0 0:0:0
20191228-072224<INFO :0xf77d16d0>: [KG_Goddess] Loading KG_Goddess.ini
20191228-072224<INFO :0xf77d16d0>: [verify_up2date]...
20191228-072224<INFO :0xf77d16d0>: >Current lang is [gb18030]
20191228-072224<INFO :0xf77d16d0>: >Welcome to use [verify_up2date](version: 2.3.4 [2018-02-25]) tool. 
20191228-072224<INFO :0xf77d16d0>: >Time duration: 7.815728ms 
20191228-072224<INFO :0xf77d16d0>: >
20191228-072224<INFO :0xf77d16d0>: >Finish, my exit code is: 0
20191228-072224<INFO :0xf77d16d0>: |shell cmd result is 0
20191228-072224<INFO :0xf77d16d0>: ExecShellCmd [./verify_up2date -op=vef -d="." ] ret=0
20191228-072224<INFO :0xf77d16d0>: [verify_up2date] ok
20191228-072224<INFO :0xf77d16d0>: [Goddess][Version:Aug 22 2014 15:43:09] Begin to start ... ...
20191228-072224<INFO :0xf77d16d0>: [KG_Goddess] Set log level ... ... KGLOG_UPTO(KGLOG_DEBUG)
20191228-072224<INFO :0xf77d16d0>: [KG_Goddess] Loaded KG_Angel, version 2.5
20191228-072224<INFO :0xf77d16d0>: [KG_Goddess] Initializing role database ...
20191228-072224<INFO :0xf77d16d0>: [KGD] Mysql info: client[5.1.69] host[192.168.136.146 via TCP/IP] server[5.1.73]
20191228-072224<DEBUG:0xf77d16d0>: [KGD] Success connect to 192.168.136.146:3306, character set switch to latin1
20191228-072225<DEBUG:0xf77d16d0>: [KGD] KGD_PROCESS_ERROR(nRetCode, KGD_ERROR_NOT_SUPPORT), at line 1467 in (0x0x9e5ee48)->_LoadTable()
20191228-072225<DEBUG:0xf77d16d0>: [KGD] (0x0x9e5ee48)->_LoadTable("fightteam")
20191228-072225<DEBUG:0xf77d16d0>: [KGD] KGD_PROCESS_ERROR(nRetCode, KGD_ERROR_NOT_SUPPORT), at line 1467 in (0x0x9e5ee48)->_LoadTable()
20191228-072225<DEBUG:0xf77d16d0>: [KGD] (0x0x9e5ee48)->_LoadTable("playerfightteam")
20191228-072225<INFO :0xf77d16d0>: [KG_Goddess] Initializing role statistic ...
20191228-072225<INFO :0xf77d16d0>: [RoleStatistic] listen 192.168.136.146 : 6001 result=1
20191228-072225<INFO :0xf77d16d0>: [RoleStatistic] Listening at 192.168.136.146:6001
20191228-072225<INFO :0xf77d16d0>: [KG_Goddess] Initializing server manager ...
20191228-072225<INFO :0xf77d16d0>: [ServerManager] Listening at 192.168.136.146:5001
20191228-072225<INFO :0xf77d16d0>: [KG_Goddess] Started successful
20191228-072345<INFO :0xf6a3bb70>: [ServerManager] RemoteServer from (192.168.136.146:59169) connect ok
20191228-072345<INFO :0xf6a3bb70>: [ServerManager] Accept from (192.168.136.146:59169) SocketStream = 0xf5f00528
20191228-072345<INFO :0xf6a3bb70>: [[Group 1 Server 00]] Server 0 created ok!
20191228-072345<INFO :0xf5effb70>: [Group 1 Server 00] Started, service for 192.168.136.146:59169
20191228-072345<INFO :0xf5effb70>: [KGD] Mysql info: client[5.1.69] host[192.168.136.146 via TCP/IP] server[5.1.73]
20191228-072345<DEBUG:0xf5effb70>: [KGD] KGD_PROCESS_ERROR(nRetCode, KGD_ERROR_NOT_SUPPORT), at line 1467 in (0x0xf5300470)->_LoadTable()
20191228-072345<DEBUG:0xf5effb70>: [KGD] (0x0xf5300470)->_LoadTable("fightteam")
20191228-072345<DEBUG:0xf5effb70>: [KGD] KGD_PROCESS_ERROR(nRetCode, KGD_ERROR_NOT_SUPPORT), at line 1467 in (0x0xf5300470)->_LoadTable()
20191228-072345<DEBUG:0xf5effb70>: [KGD] (0x0xf5300470)->_LoadTable("playerfightteam")
20191228-072345<DEBUG:0xf5effb70>: [KGD] Success connect to 192.168.136.146:3306, character set switch to latin1
20191228-072405<DEBUG:0xf5effb70>: [Group 1 Server 00] Enter _ping(time=67199065)
20191228-072425<DEBUG:0xf5effb70>: [Group 1 Server 00] Enter _ping(time=67219109)
20191228-072445<DEBUG:0xf5effb70>: [Group 1 Server 00] Enter _ping(time=67239122)
20191228-072505<DEBUG:0xf5effb70>: [Group 1 Server 00] Enter _ping(time=67259127)
20191228-072525<DEBUG:0xf5effb70>: [Group 1 Server 00] Enter _ping(time=67279178)
20191228-072545<DEBUG:0xf5effb70>: [Group 1 Server 00] Enter _ping(time=67299188)
20191228-072605<DEBUG:0xf5effb70>: [Group 1 Server 00] Enter _ping(time=67319234)
20191228-072625<DEBUG:0xf5effb70>: [Group 1 Server 00] Enter _ping(time=67339258)
20191228-072645<DEBUG:0xf5effb70>: [Group 1 Server 00] Enter _ping(time=67359261)
20191228-072705<DEBUG:0xf5effb70>: [Group 1 Server 00] Enter _ping(time=67379285)
20191228-072725<DEBUG:0xf5effb70>: [Group 1 Server 00] Enter _ping(time=67399335)
20191228-072745<DEBUG:0xf5effb70>: [Group 1 Server 00] Enter _ping(time=67419377)
20191228-072805<DEBUG:0xf5effb70>: [Group 1 Server 00] Enter _ping(time=67439408)
20191228-072825<DEBUG:0xf5effb70>: [Group 1 Server 00] Enter _ping(time=67459408)
20191228-072845<INFO :0xf6a3bb70>: [ServerManager] RemoteServer from (127.0.0.1:45272) connect ok
20191228-072845<INFO :0xf6a3bb70>: [ServerManager] Accept from (127.0.0.1:45272) SocketStream = 0xf5f00a30
20191228-072845<INFO :0xf6a3bb70>: [[Group 1 Server 01]] Server 1 created ok!
20191228-072845<INFO :0xf52ffb70>: [Group 1 Server 01] Started, service for 127.0.0.1:45272
20191228-072845<INFO :0xf52ffb70>: [KGD] Mysql info: client[5.1.69] host[192.168.136.146 via TCP/IP] server[5.1.73]
20191228-072845<DEBUG:0xf52ffb70>: [KGD] KGD_PROCESS_ERROR(nRetCode, KGD_ERROR_NOT_SUPPORT), at line 1467 in (0x0xf4700470)->_LoadTable()
20191228-072845<DEBUG:0xf52ffb70>: [KGD] (0x0xf4700470)->_LoadTable("fightteam")
20191228-072845<DEBUG:0xf52ffb70>: [KGD] KGD_PROCESS_ERROR(nRetCode, KGD_ERROR_NOT_SUPPORT), at line 1467 in (0x0xf4700470)->_LoadTable()
20191228-072845<DEBUG:0xf52ffb70>: [KGD] (0x0xf4700470)->_LoadTable("playerfightteam")
20191228-072845<DEBUG:0xf52ffb70>: [KGD] Success connect to 192.168.136.146:3306, character set switch to latin1
20191228-072845<INFO :0xf52ffb70>: [verify_up2date] GetUp2dateVersion: code=8DA68FCD
20191228-072845<DEBUG:0xf5effb70>: [Group 1 Server 00] Enter _ping(time=67479419)
20191228-072845<DEBUG:0xf52ffb70>: [Group 1 Server 01] Enter _query_statistic_info()
20191228-072845<DEBUG:0xf52ffb70>: KGLOG_PROCESS_ERROR(piStatistic) at line 2088 in _query_statistic_info
20191228-072845<DEBUG:0xf52ffb70>: [Group 1 Server 01] Leave _query_statistic_info() size =0 ret=0
20191228-072905<DEBUG:0xf5effb70>: [Group 1 Server 00] Enter _ping(time=67499440)
20191228-072915<DEBUG:0xf52ffb70>: [Group 1 Server 01] Enter _ping(time=67509642)
20191228-072925<DEBUG:0xf5effb70>: [Group 1 Server 00] Enter _ping(time=67519455)
20191228-072945<DEBUG:0xf5effb70>: [Group 1 Server 00] Enter _ping(time=67539494)
20191228-072945<DEBUG:0xf52ffb70>: [Group 1 Server 01] Enter _ping(time=67539683)
20191228-073005<DEBUG:0xf5effb70>: [Group 1 Server 00] Enter _ping(time=67559524)
20191228-073015<DEBUG:0xf52ffb70>: [Group 1 Server 01] Enter _ping(time=67569719)
20191228-073025<DEBUG:0xf5effb70>: [Group 1 Server 00] Enter _ping(time=67579559)
20191228-073045<DEBUG:0xf5effb70>: [Group 1 Server 00] Enter _ping(time=67599575)
20191228-073045<DEBUG:0xf52ffb70>: [Group 1 Server 01] Enter _ping(time=67599760)
20191228-073105<DEBUG:0xf5effb70>: [Group 1 Server 00] Enter _ping(time=67619587)
20191228-073115<DEBUG:0xf52ffb70>: [Group 1 Server 01] Enter _ping(time=67629801)
20191228-073125<DEBUG:0xf5effb70>: [Group 1 Server 00] Enter _ping(time=67639594)
20191228-073145<DEBUG:0xf5effb70>: [Group 1 Server 00] Enter _ping(time=67659625)
20191228-073145<DEBUG:0xf52ffb70>: [Group 1 Server 01] Enter _ping(time=67659839)
20191228-073205<DEBUG:0xf5effb70>: [Group 1 Server 00] Enter _ping(time=67679634)
20191228-073215<DEBUG:0xf52ffb70>: [Group 1 Server 01] Enter _ping(time=67689879)
20191228-073225<DEBUG:0xf5effb70>: [Group 1 Server 00] Enter _ping(time=67699659)
20191228-073245<DEBUG:0xf5effb70>: [Group 1 Server 00] Enter _ping(time=67719689)
20191228-073245<DEBUG:0xf52ffb70>: [Group 1 Server 01] Enter _ping(time=67719926)
20191228-073305<DEBUG:0xf5effb70>: [Group 1 Server 00] Enter _ping(time=67739730)
20191228-073315<DEBUG:0xf52ffb70>: [Group 1 Server 01] Enter _ping(time=67749980)
20191228-073325<DEBUG:0xf5effb70>: [Group 1 Server 00] Enter _ping(time=67759722)
20191228-073345<DEBUG:0xf5effb70>: [Group 1 Server 00] Enter _ping(time=67779773)
20191228-073345<DEBUG:0xf52ffb70>: [Group 1 Server 01] Enter _ping(time=67780008)
20191228-073405<DEBUG:0xf5effb70>: [Group 1 Server 00] Enter _ping(time=67799778)
20191228-073415<DEBUG:0xf52ffb70>: [Group 1 Server 01] Enter _ping(time=67810047)
20191228-073425<DEBUG:0xf5effb70>: [Group 1 Server 00] Enter _ping(time=67819814)
20191228-073445<DEBUG:0xf5effb70>: [Group 1 Server 00] Enter _ping(time=67839856)
20191228-073446<DEBUG:0xf52ffb70>: [Group 1 Server 01] Enter _ping(time=67840087)
20191228-073505<DEBUG:0xf5effb70>: [Group 1 Server 00] Enter _ping(time=67859881)
20191228-073516<DEBUG:0xf52ffb70>: [Group 1 Server 01] Enter _ping(time=67870130)
20191228-073525<DEBUG:0xf5effb70>: [Group 1 Server 00] Enter _ping(time=67879928)
20191228-073545<DEBUG:0xf5effb70>: [Group 1 Server 00] Enter _ping(time=67899948)
20191228-073546<DEBUG:0xf52ffb70>: [Group 1 Server 01] Enter _ping(time=67900164)
20191228-073605<DEBUG:0xf5effb70>: [Group 1 Server 00] Enter _ping(time=67919986)
20191228-073616<DEBUG:0xf52ffb70>: [Group 1 Server 01] Enter _ping(time=67930212)
20191228-073625<DEBUG:0xf5effb70>: [Group 1 Server 00] Enter _ping(time=67939994)
20191228-073645<DEBUG:0xf5effb70>: [Group 1 Server 00] Enter _ping(time=67960015)
20191228-073646<DEBUG:0xf52ffb70>: [Group 1 Server 01] Enter _ping(time=67960243)
20191228-073706<DEBUG:0xf5effb70>: [Group 1 Server 00] Enter _ping(time=67980035)
20191228-073716<DEBUG:0xf52ffb70>: [Group 1 Server 01] Enter _ping(time=67990289)
20191228-073726<DEBUG:0xf5effb70>: [Group 1 Server 00] Enter _ping(time=68000067)
20191228-073746<DEBUG:0xf5effb70>: [Group 1 Server 00] Enter _ping(time=68020070)
20191228-073746<DEBUG:0xf52ffb70>: [Group 1 Server 01] Enter _ping(time=68020332)
20191228-073806<DEBUG:0xf5effb70>: [Group 1 Server 00] Enter _ping(time=68040116)
20191228-073816<DEBUG:0xf52ffb70>: [Group 1 Server 01] Enter _ping(time=68050370)
20191228-073826<DEBUG:0xf5effb70>: [Group 1 Server 00] Enter _ping(time=68060137)
20191228-073846<DEBUG:0xf5effb70>: [Group 1 Server 00] Enter _ping(time=68080172)
20191228-073846<DEBUG:0xf52ffb70>: [Group 1 Server 01] Enter _ping(time=68080411)
20191228-073906<DEBUG:0xf5effb70>: [Group 1 Server 00] Enter _ping(time=68100182)
20191228-073916<DEBUG:0xf52ffb70>: [Group 1 Server 01] Enter _ping(time=68110456)
20191228-073926<DEBUG:0xf5effb70>: [Group 1 Server 00] Enter _ping(time=68120204)
20191228-073946<DEBUG:0xf5effb70>: [Group 1 Server 00] Enter _ping(time=68140226)
20191228-073946<DEBUG:0xf52ffb70>: [Group 1 Server 01] Enter _ping(time=68140498)
20191228-074006<DEBUG:0xf5effb70>: [Group 1 Server 00] Enter _ping(time=68160267)
20191228-074016<DEBUG:0xf52ffb70>: [Group 1 Server 01] Enter _ping(time=68170535)
20191228-074026<DEBUG:0xf5effb70>: [Group 1 Server 00] Enter _ping(time=68180309)
20191228-074046<DEBUG:0xf5effb70>: [Group 1 Server 00] Enter _ping(time=68200336)
20191228-074046<DEBUG:0xf52ffb70>: [Group 1 Server 01] Enter _ping(time=68200576)
20191228-074106<DEBUG:0xf5effb70>: [Group 1 Server 00] Enter _ping(time=68220367)
20191228-074116<DEBUG:0xf52ffb70>: [Group 1 Server 01] Enter _ping(time=68230609)
20191228-074126<DEBUG:0xf5effb70>: [Group 1 Server 00] Enter _ping(time=68240374)
20191228-074146<DEBUG:0xf5effb70>: [Group 1 Server 00] Enter _ping(time=68260395)
20191228-074146<DEBUG:0xf52ffb70>: [Group 1 Server 01] Enter _ping(time=68260655)
20191228-074206<DEBUG:0xf5effb70>: [Group 1 Server 00] Enter _ping(time=68280428)
20191228-074216<DEBUG:0xf52ffb70>: [Group 1 Server 01] Enter _ping(time=68290703)
20191228-074226<DEBUG:0xf5effb70>: [Group 1 Server 00] Enter _ping(time=68300429)
20191228-074246<DEBUG:0xf5effb70>: [Group 1 Server 00] Enter _ping(time=68320459)
20191228-074246<DEBUG:0xf52ffb70>: [Group 1 Server 01] Enter _ping(time=68320733)
20191228-074306<DEBUG:0xf5effb70>: [Group 1 Server 00] Enter _ping(time=68340489)
20191228-074316<DEBUG:0xf52ffb70>: [Group 1 Server 01] Enter _ping(time=68350779)
20191228-074326<DEBUG:0xf5effb70>: [Group 1 Server 00] Enter _ping(time=68360500)
20191228-074346<DEBUG:0xf5effb70>: [Group 1 Server 00] Enter _ping(time=68380526)
20191228-074347<DEBUG:0xf52ffb70>: [Group 1 Server 01] Enter _ping(time=68380817)
20191228-074406<DEBUG:0xf5effb70>: [Group 1 Server 00] Enter _ping(time=68400557)
20191228-074417<DEBUG:0xf52ffb70>: [Group 1 Server 01] Enter _ping(time=68410854)
20191228-074426<DEBUG:0xf5effb70>: [Group 1 Server 00] Enter _ping(time=68420585)
20191228-074446<DEBUG:0xf5effb70>: [Group 1 Server 00] Enter _ping(time=68440607)
20191228-074447<DEBUG:0xf52ffb70>: [Group 1 Server 01] Enter _ping(time=68440896)
20191228-074506<DEBUG:0xf5effb70>: [Group 1 Server 00] Enter _ping(time=68460627)
20191228-074513<INFO :0xf5effb70>: [Group 1 Server 00] Query roles list of account "jiqinghk"
20191228-074513<DEBUG:0xf5effb70>: [Group 1 Server 00] Leave _query_role_list(jiqinghk) uRoleCount=0 nResult=1
20191228-074517<DEBUG:0xf52ffb70>: [Group 1 Server 01] Enter _ping(time=68470941)
20191228-074533<DEBUG:0xf5effb70>: [Group 1 Server 00] Enter _ping(time=68487741)
20191228-074547<DEBUG:0xf52ffb70>: [Group 1 Server 01] Enter _ping(time=68500981)
20191228-074554<DEBUG:0xf5effb70>: [Group 1 Server 00] Enter _ping(time=68507752)
20191228-074559<INFO :0xf5effb70>: [Group 1 Server 00] Query roles list of account "jiqinghk"
20191228-074559<DEBUG:0xf5effb70>: [Group 1 Server 00] Leave _query_role_list(jiqinghk) uRoleCount=0 nResult=1
20191228-074617<DEBUG:0xf52ffb70>: [Group 1 Server 01] Enter _ping(time=68531028)
20191228-074619<DEBUG:0xf5effb70>: [Group 1 Server 00] Enter _ping(time=68533293)
20191228-074639<DEBUG:0xf5effb70>: [Group 1 Server 00] Enter _ping(time=68553306)
20191228-074647<DEBUG:0xf52ffb70>: [Group 1 Server 01] Enter _ping(time=68561058)
20191228-074659<DEBUG:0xf5effb70>: [Group 1 Server 00] Enter _ping(time=68573319)
20191228-074717<DEBUG:0xf52ffb70>: [Group 1 Server 01] Enter _ping(time=68591105)
20191228-074719<DEBUG:0xf5effb70>: [Group 1 Server 00] Enter _ping(time=68593366)
20191228-074739<DEBUG:0xf5effb70>: [Group 1 Server 00] Enter _ping(time=68613411)
20191228-074747<DEBUG:0xf52ffb70>: [Group 1 Server 01] Enter _ping(time=68621142)
20191228-074759<DEBUG:0xf5effb70>: [Group 1 Server 00] Enter _ping(time=68633427)
20191228-074817<DEBUG:0xf52ffb70>: [Group 1 Server 01] Enter _ping(time=68651179)
20191228-074819<DEBUG:0xf5effb70>: [Group 1 Server 00] Enter _ping(time=68653465)
20191228-074839<DEBUG:0xf5effb70>: [Group 1 Server 00] Enter _ping(time=68673489)
20191228-074847<DEBUG:0xf52ffb70>: [Group 1 Server 01] Enter _ping(time=68681227)
20191228-074859<DEBUG:0xf5effb70>: [Group 1 Server 00] Enter _ping(time=68693509)
20191228-074911<INFO :0xf5effb70>: [Group 1 Server 00] Query roles list of account "jiqinghk"
20191228-074911<DEBUG:0xf5effb70>: [Group 1 Server 00] Leave _query_role_list(jiqinghk) uRoleCount=0 nResult=1
20191228-074917<DEBUG:0xf52ffb70>: [Group 1 Server 01] Enter _ping(time=68711262)
20191228-074931<DEBUG:0xf5effb70>: [Group 1 Server 00] Enter _ping(time=68725365)
20191228-074947<DEBUG:0xf52ffb70>: [Group 1 Server 01] Enter _ping(time=68741304)
20191228-074951<DEBUG:0xf5effb70>: [Group 1 Server 00] Enter _ping(time=68745370)
20191228-075004<INFO :0xf5effb70>: [Group 1 Server 00] { jiqinghk } Create role "JiaXQing"
20191228-075004<DEBUG:0xf5effb70>: [Group 1 Server 00] Leave _create_role(jiqinghk.JiaXQing) nResult=1
20191228-075006<DEBUG:0xf52ffb70>: [ServerManager] Role "JiaXQing" locked by Server 01
20191228-075006<DEBUG:0xf52ffb70>: [Group 1 Server 01] Leave _lock_or_unlock_role(Role=JiaXQing, Lock=1) nResult=1
20191228-075024<DEBUG:0xf5effb70>: [Group 1 Server 00] Enter _ping(time=68777936)
20191228-075036<DEBUG:0xf52ffb70>: [Group 1 Server 01] Enter _ping(time=68790334)
20191228-075044<DEBUG:0xf5effb70>: [Group 1 Server 00] Enter _ping(time=68797946)
20191228-075052<DEBUG:0xf52ffb70>: [ServerManager] Role "JiaXQing" unlocked by Server 1
20191228-075052<INFO :0xf52ffb70>: [Group 1 Server 01] Save role end [jiqinghk].[JiaXQing], LeaveFlag = 1 nResult=1
20191228-075054<INFO :0xf5effb70>: [Group 1 Server 00] Query roles list of account "jiqinghk"
20191228-075054<DEBUG:0xf5effb70>: [Group 1 Server 00] Leave _query_role_list(jiqinghk) uRoleCount=1 nResult=1
20191228-075114<DEBUG:0xf5effb70>: [Group 1 Server 00] Enter _ping(time=68828565)
20191228-075116<INFO :0xf5effb70>: [Group 1 Server 00] Get role "JiaXQing" nResult=1
20191228-075118<DEBUG:0xf52ffb70>: [ServerManager] Role "JiaXQing" locked by Server 01
20191228-075118<DEBUG:0xf52ffb70>: [Group 1 Server 01] Leave _lock_or_unlock_role(Role=JiaXQing, Lock=1) nResult=1
20191228-075136<DEBUG:0xf5effb70>: [Group 1 Server 00] Enter _ping(time=68850065)
20191228-075148<DEBUG:0xf52ffb70>: [Group 1 Server 01] Enter _ping(time=68862355)
20191228-075156<DEBUG:0xf5effb70>: [Group 1 Server 00] Enter _ping(time=68870094)
20191228-075216<DEBUG:0xf5effb70>: [Group 1 Server 00] Enter _ping(time=68890094)
20191228-075218<DEBUG:0xf52ffb70>: [Group 1 Server 01] Enter _ping(time=68892393)
20191228-075236<DEBUG:0xf5effb70>: [Group 1 Server 00] Enter _ping(time=68910120)
20191228-075248<DEBUG:0xf52ffb70>: [Group 1 Server 01] Enter _ping(time=68922442)
20191228-075256<DEBUG:0xf5effb70>: [Group 1 Server 00] Enter _ping(time=68930128)
20191228-075312<INFO :0xf52ffb70>: [Group 1 Server 01] Save role end [jiqinghk].[JiaXQing], LeaveFlag = 0 nResult=1
20191228-075316<DEBUG:0xf5effb70>: [Group 1 Server 00] Enter _ping(time=68950157)
20191228-075336<DEBUG:0xf5effb70>: [Group 1 Server 00] Enter _ping(time=68970204)
20191228-075342<INFO :0xf52ffb70>: [Group 1 Server 01] Save role end [jiqinghk].[JiaXQing], LeaveFlag = 0 nResult=1
20191228-075356<DEBUG:0xf5effb70>: [Group 1 Server 00] Enter _ping(time=68990245)
20191228-075410<INFO :0xf52ffb70>: [Group 1 Server 01] Save role end [jiqinghk].[JiaXQing], LeaveFlag = 0 nResult=1
20191228-075416<DEBUG:0xf5effb70>: [Group 1 Server 00] Enter _ping(time=69010293)
20191228-075436<DEBUG:0xf5effb70>: [Group 1 Server 00] Enter _ping(time=69030314)
20191228-075440<DEBUG:0xf52ffb70>: [Group 1 Server 01] Enter _ping(time=69034155)
20191228-075456<DEBUG:0xf5effb70>: [Group 1 Server 00] Enter _ping(time=69050338)
20191228-075510<DEBUG:0xf52ffb70>: [Group 1 Server 01] Enter _ping(time=69064201)
20191228-075516<DEBUG:0xf5effb70>: [Group 1 Server 00] Enter _ping(time=69070360)
20191228-075536<DEBUG:0xf5effb70>: [Group 1 Server 00] Enter _ping(time=69090379)
20191228-075540<DEBUG:0xf52ffb70>: [Group 1 Server 01] Enter _ping(time=69094238)
20191228-075556<DEBUG:0xf5effb70>: [Group 1 Server 00] Enter _ping(time=69110396)
20191228-075610<DEBUG:0xf52ffb70>: [Group 1 Server 01] Enter _ping(time=69124279)
20191228-075616<DEBUG:0xf5effb70>: [Group 1 Server 00] Enter _ping(time=69130418)
20191228-075637<DEBUG:0xf5effb70>: [Group 1 Server 00] Enter _ping(time=69150437)
20191228-075640<DEBUG:0xf52ffb70>: [Group 1 Server 01] Enter _ping(time=69154325)
20191228-075657<DEBUG:0xf5effb70>: [Group 1 Server 00] Enter _ping(time=69170453)
20191228-075710<DEBUG:0xf52ffb70>: [Group 1 Server 01] Enter _ping(time=69184365)
20191228-075717<DEBUG:0xf5effb70>: [Group 1 Server 00] Enter _ping(time=69190460)
20191228-075737<DEBUG:0xf5effb70>: [Group 1 Server 00] Enter _ping(time=69210483)
20191228-075741<DEBUG:0xf52ffb70>: [Group 1 Server 01] Enter _ping(time=69214405)
20191228-075757<DEBUG:0xf5effb70>: [Group 1 Server 00] Enter _ping(time=69230510)
20191228-075811<DEBUG:0xf52ffb70>: [Group 1 Server 01] Enter _ping(time=69244449)
20191228-075817<DEBUG:0xf5effb70>: [Group 1 Server 00] Enter _ping(time=69250509)
20191228-075837<DEBUG:0xf5effb70>: [Group 1 Server 00] Enter _ping(time=69270545)
20191228-075841<DEBUG:0xf52ffb70>: [Group 1 Server 01] Enter _ping(time=69274488)
20191228-075857<DEBUG:0xf5effb70>: [Group 1 Server 00] Enter _ping(time=69290560)
20191228-075911<DEBUG:0xf52ffb70>: [Group 1 Server 01] Enter _ping(time=69304522)
20191228-075917<DEBUG:0xf5effb70>: [Group 1 Server 00] Enter _ping(time=69310590)
20191228-075937<DEBUG:0xf5effb70>: [Group 1 Server 00] Enter _ping(time=69330623)
20191228-075941<DEBUG:0xf52ffb70>: [Group 1 Server 01] Enter _ping(time=69334564)
20191228-075957<DEBUG:0xf5effb70>: [Group 1 Server 00] Enter _ping(time=69350648)
20191228-080011<DEBUG:0xf52ffb70>: [Group 1 Server 01] Enter _ping(time=69364609)
20191228-080017<DEBUG:0xf5effb70>: [Group 1 Server 00] Enter _ping(time=69370666)
20191228-080037<DEBUG:0xf5effb70>: [Group 1 Server 00] Enter _ping(time=69390686)
20191228-080041<DEBUG:0xf52ffb70>: [Group 1 Server 01] Enter _ping(time=69394652)
20191228-080057<DEBUG:0xf5effb70>: [Group 1 Server 00] Enter _ping(time=69410704)
20191228-080111<DEBUG:0xf52ffb70>: [Group 1 Server 01] Enter _ping(time=69424688)
20191228-080117<DEBUG:0xf5effb70>: [Group 1 Server 00] Enter _ping(time=69430724)
20191228-080137<DEBUG:0xf5effb70>: [Group 1 Server 00] Enter _ping(time=69450735)
20191228-080141<DEBUG:0xf52ffb70>: [Group 1 Server 01] Enter _ping(time=69454726)
20191228-080157<DEBUG:0xf5effb70>: [Group 1 Server 00] Enter _ping(time=69470748)
20191228-080211<DEBUG:0xf52ffb70>: [Group 1 Server 01] Enter _ping(time=69484769)
20191228-080217<DEBUG:0xf5effb70>: [Group 1 Server 00] Enter _ping(time=69490773)
20191228-080235<DEBUG:0xf52ffb70>: [ServerManager] Role "JiaXQing" unlocked by Server 1
20191228-080235<INFO :0xf52ffb70>: [Group 1 Server 01] Save role end [jiqinghk].[JiaXQing], LeaveFlag = 1 nResult=1
20191228-080237<DEBUG:0xf5effb70>: [Group 1 Server 00] Enter _ping(time=69510809)
20191228-080257<DEBUG:0xf5effb70>: [Group 1 Server 00] Enter _ping(time=69530842)
20191228-080305<DEBUG:0xf52ffb70>: [Group 1 Server 01] Enter _ping(time=69538576)
20191228-080317<DEBUG:0xf5effb70>: [Group 1 Server 00] Enter _ping(time=69550894)
20191228-080335<DEBUG:0xf52ffb70>: [Group 1 Server 01] Enter _ping(time=69568617)
20191228-080337<DEBUG:0xf5effb70>: [Group 1 Server 00] Enter _ping(time=69570901)
20191228-080357<DEBUG:0xf5effb70>: [Group 1 Server 00] Enter _ping(time=69590922)
20191228-080405<DEBUG:0xf52ffb70>: [Group 1 Server 01] Enter _ping(time=69598661)
20191228-080417<DEBUG:0xf5effb70>: [Group 1 Server 00] Enter _ping(time=69610932)
20191228-080435<DEBUG:0xf52ffb70>: [Group 1 Server 01] Enter _ping(time=69628705)
20191228-080437<DEBUG:0xf5effb70>: [Group 1 Server 00] Enter _ping(time=69630972)
20191228-080457<DEBUG:0xf5effb70>: [Group 1 Server 00] Enter _ping(time=69650997)
20191228-080505<DEBUG:0xf52ffb70>: [Group 1 Server 01] Enter _ping(time=69658735)
20191228-080517<DEBUG:0xf5effb70>: [Group 1 Server 00] Enter _ping(time=69671002)
20191228-080535<DEBUG:0xf52ffb70>: [Group 1 Server 01] Enter _ping(time=69688784)
20191228-080537<DEBUG:0xf5effb70>: [Group 1 Server 00] Enter _ping(time=69691023)
20191228-080543<INFO :0xf5effb70>: [Group 1 Server 00] Query roles list of account "jiqinghk"
20191228-080543<DEBUG:0xf5effb70>: [Group 1 Server 00] Leave _query_role_list(jiqinghk) uRoleCount=1 nResult=1
20191228-080603<DEBUG:0xf5effb70>: [Group 1 Server 00] Enter _ping(time=69716739)
20191228-080605<DEBUG:0xf52ffb70>: [Group 1 Server 01] Enter _ping(time=69718823)
20191228-080605<INFO :0xf5effb70>: [Group 1 Server 00] Get role "JiaXQing" nResult=1
20191228-080607<DEBUG:0xf52ffb70>: [ServerManager] Role "JiaXQing" locked by Server 01
20191228-080607<DEBUG:0xf52ffb70>: [Group 1 Server 01] Leave _lock_or_unlock_role(Role=JiaXQing, Lock=1) nResult=1
20191228-080625<DEBUG:0xf5effb70>: [Group 1 Server 00] Enter _ping(time=69738893)
20191228-080637<DEBUG:0xf52ffb70>: [Group 1 Server 01] Enter _ping(time=69751082)
20191228-080645<DEBUG:0xf5effb70>: [Group 1 Server 00] Enter _ping(time=69758916)
20191228-080658<INFO :0xf52ffb70>: [Group 1 Server 01] Save role end [jiqinghk].[JiaXQing], LeaveFlag = 0 nResult=1
20191228-080705<DEBUG:0xf5effb70>: [Group 1 Server 00] Enter _ping(time=69778919)
20191228-080725<DEBUG:0xf5effb70>: [Group 1 Server 00] Enter _ping(time=69798943)
20191228-080728<DEBUG:0xf52ffb70>: [Group 1 Server 01] Enter _ping(time=69801281)
20191228-080738<INFO :0xf52ffb70>: [Group 1 Server 01] Save role end [jiqinghk].[JiaXQing], LeaveFlag = 0 nResult=1
20191228-080739<INFO :0xf52ffb70>: [Group 1 Server 01] Save role end [jiqinghk].[JiaXQing], LeaveFlag = 0 nResult=1
20191228-080739<INFO :0xf52ffb70>: [Group 1 Server 01] Save role end [jiqinghk].[JiaXQing], LeaveFlag = 0 nResult=1
20191228-080745<DEBUG:0xf5effb70>: [Group 1 Server 00] Enter _ping(time=69818985)
20191228-080805<DEBUG:0xf5effb70>: [Group 1 Server 00] Enter _ping(time=69839014)
20191228-080809<DEBUG:0xf52ffb70>: [Group 1 Server 01] Enter _ping(time=69842540)
20191228-080825<DEBUG:0xf5effb70>: [Group 1 Server 00] Enter _ping(time=69859050)
20191228-080839<DEBUG:0xf52ffb70>: [Group 1 Server 01] Enter _ping(time=69872575)
20191228-080846<DEBUG:0xf5effb70>: [Group 1 Server 00] Enter _ping(time=69879079)
20191228-080906<DEBUG:0xf5effb70>: [Group 1 Server 00] Enter _ping(time=69899098)
20191228-080909<DEBUG:0xf52ffb70>: [Group 1 Server 01] Enter _ping(time=69902620)
20191228-080926<DEBUG:0xf5effb70>: [Group 1 Server 00] Enter _ping(time=69919117)
20191228-080939<DEBUG:0xf52ffb70>: [Group 1 Server 01] Enter _ping(time=69932664)
20191228-080946<DEBUG:0xf5effb70>: [Group 1 Server 00] Enter _ping(time=69939161)
20191228-080957<DEBUG:0xf52ffb70>: [ServerManager] Role "JiaXQing" unlocked by Server 1
20191228-080957<INFO :0xf52ffb70>: [Group 1 Server 01] Save role end [jiqinghk].[JiaXQing], LeaveFlag = 1 nResult=1
20191228-081006<DEBUG:0xf5effb70>: [Group 1 Server 00] Enter _ping(time=69959206)
20191228-081011<INFO :0xf5effb70>: [Group 1 Server 00] Query roles list of account "jiqinghk"
20191228-081011<DEBUG:0xf5effb70>: [Group 1 Server 00] Leave _query_role_list(jiqinghk) uRoleCount=1 nResult=1
20191228-081027<DEBUG:0xf52ffb70>: [Group 1 Server 01] Enter _ping(time=69980967)
20191228-081031<DEBUG:0xf5effb70>: [Group 1 Server 00] Enter _ping(time=69984810)
20191228-081037<INFO :0xf5effb70>: [Group 1 Server 00] Get role "JiaXQing" nResult=1
20191228-081039<DEBUG:0xf52ffb70>: [ServerManager] Role "JiaXQing" locked by Server 01
20191228-081039<DEBUG:0xf52ffb70>: [Group 1 Server 01] Leave _lock_or_unlock_role(Role=JiaXQing, Lock=1) nResult=1
20191228-081057<DEBUG:0xf5effb70>: [Group 1 Server 00] Enter _ping(time=70010724)
20191228-081109<DEBUG:0xf52ffb70>: [Group 1 Server 01] Enter _ping(time=70022667)
20191228-081112<DEBUG:0xf52ffb70>: [ServerManager] Role "JiaXQing" unlocked by Server 1
20191228-081112<INFO :0xf52ffb70>: [Group 1 Server 01] Save role end [jiqinghk].[JiaXQing], LeaveFlag = 1 nResult=1
20191228-081115<INFO :0xf5effb70>: [Group 1 Server 00] Query roles list of account "jiqinghk"
20191228-081115<DEBUG:0xf5effb70>: [Group 1 Server 00] Leave _query_role_list(jiqinghk) uRoleCount=1 nResult=1
20191228-081135<DEBUG:0xf5effb70>: [Group 1 Server 00] Enter _ping(time=70048417)
20191228-081142<DEBUG:0xf52ffb70>: [Group 1 Server 01] Enter _ping(time=70055936)
20191228-081155<DEBUG:0xf5effb70>: [Group 1 Server 00] Enter _ping(time=70068428)
20191228-081209<INFO :0xf5effb70>: [Group 1 Server 00] { jiqinghk } Create role "JiQingX"
20191228-081209<DEBUG:0xf5effb70>: [Group 1 Server 00] Leave _create_role(jiqinghk.JiQingX) nResult=1
20191228-081211<DEBUG:0xf52ffb70>: [ServerManager] Role "JiQingX" locked by Server 01
20191228-081211<DEBUG:0xf52ffb70>: [Group 1 Server 01] Leave _lock_or_unlock_role(Role=JiQingX, Lock=1) nResult=1
20191228-081229<DEBUG:0xf5effb70>: [Group 1 Server 00] Enter _ping(time=70102064)
20191228-081241<DEBUG:0xf52ffb70>: [Group 1 Server 01] Enter _ping(time=70114515)
20191228-081242<INFO :0xf52ffb70>: [Group 1 Server 01] Save role end [jiqinghk].[JiQingX], LeaveFlag = 0 nResult=1
20191228-081249<DEBUG:0xf5effb70>: [Group 1 Server 00] Enter _ping(time=70122083)
20191228-081309<DEBUG:0xf5effb70>: [Group 1 Server 00] Enter _ping(time=70142105)
20191228-081312<DEBUG:0xf52ffb70>: [Group 1 Server 01] Enter _ping(time=70145333)
20191228-081329<DEBUG:0xf5effb70>: [Group 1 Server 00] Enter _ping(time=70162127)
20191228-081342<DEBUG:0xf52ffb70>: [Group 1 Server 01] Enter _ping(time=70175367)
20191228-081349<DEBUG:0xf5effb70>: [Group 1 Server 00] Enter _ping(time=70182159)
20191228-081409<DEBUG:0xf5effb70>: [Group 1 Server 00] Enter _ping(time=70202177)
20191228-081412<DEBUG:0xf52ffb70>: [Group 1 Server 01] Enter _ping(time=70205418)
20191228-081429<DEBUG:0xf5effb70>: [Group 1 Server 00] Enter _ping(time=70222198)
20191228-081442<DEBUG:0xf52ffb70>: [Group 1 Server 01] Enter _ping(time=70235452)
20191228-081449<DEBUG:0xf5effb70>: [Group 1 Server 00] Enter _ping(time=70242226)
20191228-081450<DEBUG:0xf52ffb70>: [ServerManager] Role "JiQingX" unlocked by Server 1
20191228-081450<INFO :0xf52ffb70>: [Group 1 Server 01] Save role end [jiqinghk].[JiQingX], LeaveFlag = 1 nResult=1
20191228-081509<DEBUG:0xf5effb70>: [Group 1 Server 00] Enter _ping(time=70262264)
20191228-081513<INFO :0xf5effb70>: [Group 1 Server 00] Query roles list of account "jiqinghk"
20191228-081513<DEBUG:0xf5effb70>: [Group 1 Server 00] Leave _query_role_list(jiqinghk) uRoleCount=2 nResult=1
20191228-081520<DEBUG:0xf52ffb70>: [Group 1 Server 01] Enter _ping(time=70273764)
20191228-081533<DEBUG:0xf5effb70>: [Group 1 Server 00] Enter _ping(time=70286708)
20191228-081539<INFO :0xf5effb70>: [Group 1 Server 00] Get role "JiaXQing" nResult=1
20191228-081541<DEBUG:0xf52ffb70>: [ServerManager] Role "JiaXQing" locked by Server 01
20191228-081541<DEBUG:0xf52ffb70>: [Group 1 Server 01] Leave _lock_or_unlock_role(Role=JiaXQing, Lock=1) nResult=1
20191228-081559<DEBUG:0xf5effb70>: [Group 1 Server 00] Enter _ping(time=70312321)
20191228-081602<DEBUG:0xf52ffb70>: [ServerManager] Role "JiaXQing" unlocked by Server 1
20191228-081602<INFO :0xf52ffb70>: [Group 1 Server 01] Save role end [jiqinghk].[JiaXQing], LeaveFlag = 1 nResult=1
20191228-081612<INFO :0xf5effb70>: [Group 1 Server 00] Query roles list of account "jiqinghk"
20191228-081612<DEBUG:0xf5effb70>: [Group 1 Server 00] Leave _query_role_list(jiqinghk) uRoleCount=2 nResult=1
20191228-081632<DEBUG:0xf52ffb70>: [Group 1 Server 01] Enter _ping(time=70345007)
20191228-081632<DEBUG:0xf5effb70>: [Group 1 Server 00] Enter _ping(time=70345529)
20191228-081634<INFO :0xf5effb70>: [Group 1 Server 00] Get role "JiaXQing" nResult=1
20191228-081636<DEBUG:0xf52ffb70>: [ServerManager] Role "JiaXQing" locked by Server 01
20191228-081636<DEBUG:0xf52ffb70>: [Group 1 Server 01] Leave _lock_or_unlock_role(Role=JiaXQing, Lock=1) nResult=1
20191228-081654<DEBUG:0xf5effb70>: [Group 1 Server 00] Enter _ping(time=70367715)
20191228-081706<DEBUG:0xf52ffb70>: [Group 1 Server 01] Enter _ping(time=70379442)
20191228-081714<DEBUG:0xf5effb70>: [Group 1 Server 00] Enter _ping(time=70387740)
20191228-081734<DEBUG:0xf5effb70>: [Group 1 Server 00] Enter _ping(time=70407778)
20191228-081736<DEBUG:0xf52ffb70>: [Group 1 Server 01] Enter _ping(time=70409479)
20191228-081755<DEBUG:0xf5effb70>: [Group 1 Server 00] Enter _ping(time=70427818)
20191228-081806<DEBUG:0xf52ffb70>: [Group 1 Server 01] Enter _ping(time=70439514)
20191228-081815<DEBUG:0xf5effb70>: [Group 1 Server 00] Enter _ping(time=70447828)
20191228-081835<DEBUG:0xf5effb70>: [Group 1 Server 00] Enter _ping(time=70467865)
20191228-081836<DEBUG:0xf52ffb70>: [Group 1 Server 01] Enter _ping(time=70469556)
20191228-081855<DEBUG:0xf5effb70>: [Group 1 Server 00] Enter _ping(time=70487905)
20191228-081906<DEBUG:0xf52ffb70>: [Group 1 Server 01] Enter _ping(time=70499616)
20191228-081915<DEBUG:0xf5effb70>: [Group 1 Server 00] Enter _ping(time=70507910)
20191228-081935<DEBUG:0xf5effb70>: [Group 1 Server 00] Enter _ping(time=70527925)
20191228-081936<DEBUG:0xf52ffb70>: [Group 1 Server 01] Enter _ping(time=70529637)
20191228-081955<DEBUG:0xf5effb70>: [Group 1 Server 00] Enter _ping(time=70547938)
20191228-082006<DEBUG:0xf52ffb70>: [Group 1 Server 01] Enter _ping(time=70559680)
20191228-082015<DEBUG:0xf5effb70>: [Group 1 Server 00] Enter _ping(time=70567970)
20191228-082035<DEBUG:0xf5effb70>: [Group 1 Server 00] Enter _ping(time=70588000)
20191228-082037<DEBUG:0xf52ffb70>: [Group 1 Server 01] Enter _ping(time=70589727)
20191228-082055<DEBUG:0xf5effb70>: [Group 1 Server 00] Enter _ping(time=70608023)
20191228-082107<DEBUG:0xf52ffb70>: [Group 1 Server 01] Enter _ping(time=70619760)
20191228-082115<DEBUG:0xf5effb70>: [Group 1 Server 00] Enter _ping(time=70628045)
20191228-082135<DEBUG:0xf5effb70>: [Group 1 Server 00] Enter _ping(time=70648059)
20191228-082137<DEBUG:0xf52ffb70>: [Group 1 Server 01] Enter _ping(time=70649800)
20191228-082155<DEBUG:0xf5effb70>: [Group 1 Server 00] Enter _ping(time=70668073)
20191228-082207<DEBUG:0xf52ffb70>: [Group 1 Server 01] Enter _ping(time=70679841)
20191228-082215<DEBUG:0xf5effb70>: [Group 1 Server 00] Enter _ping(time=70688100)
20191228-082235<DEBUG:0xf5effb70>: [Group 1 Server 00] Enter _ping(time=70708119)
20191228-082237<DEBUG:0xf52ffb70>: [Group 1 Server 01] Enter _ping(time=70709887)
20191228-082255<DEBUG:0xf5effb70>: [Group 1 Server 00] Enter _ping(time=70728134)
20191228-082307<DEBUG:0xf52ffb70>: [Group 1 Server 01] Enter _ping(time=70739928)
20191228-082315<DEBUG:0xf5effb70>: [Group 1 Server 00] Enter _ping(time=70748143)
20191228-082335<DEBUG:0xf5effb70>: [Group 1 Server 00] Enter _ping(time=70768183)
20191228-082337<DEBUG:0xf52ffb70>: [Group 1 Server 01] Enter _ping(time=70769967)
20191228-082355<DEBUG:0xf5effb70>: [Group 1 Server 00] Enter _ping(time=70788220)
20191228-082407<DEBUG:0xf52ffb70>: [Group 1 Server 01] Enter _ping(time=70800010)
20191228-082415<DEBUG:0xf5effb70>: [Group 1 Server 00] Enter _ping(time=70808253)
20191228-082435<DEBUG:0xf5effb70>: [Group 1 Server 00] Enter _ping(time=70828268)
20191228-082437<DEBUG:0xf52ffb70>: [Group 1 Server 01] Enter _ping(time=70830050)
20191228-082455<DEBUG:0xf5effb70>: [Group 1 Server 00] Enter _ping(time=70848285)
20191228-082507<DEBUG:0xf52ffb70>: [Group 1 Server 01] Enter _ping(time=70860084)
20191228-082515<DEBUG:0xf5effb70>: [Group 1 Server 00] Enter _ping(time=70868312)
20191228-082535<DEBUG:0xf5effb70>: [Group 1 Server 00] Enter _ping(time=70888339)
20191228-082537<DEBUG:0xf52ffb70>: [Group 1 Server 01] Enter _ping(time=70890135)
20191228-082544<DEBUG:0xf52ffb70>: [ServerManager] Role "JiaXQing" unlocked by Server 1
20191228-082544<INFO :0xf52ffb70>: [Group 1 Server 01] Save role end [jiqinghk].[JiaXQing], LeaveFlag = 1 nResult=1
20191228-082547<INFO :0xf5effb70>: [Group 1 Server 00] Query roles list of account "jiqinghk"
20191228-082547<DEBUG:0xf5effb70>: [Group 1 Server 00] Leave _query_role_list(jiqinghk) uRoleCount=2 nResult=1
20191228-082607<DEBUG:0xf5effb70>: [Group 1 Server 00] Enter _ping(time=70919984)
20191228-082614<DEBUG:0xf52ffb70>: [Group 1 Server 01] Enter _ping(time=70927387)
20191228-082627<DEBUG:0xf5effb70>: [Group 1 Server 00] Enter _ping(time=70940003)
20191228-082632<DEBUG:0xf52ffb70>: KGLOG_PROCESS_ERROR(nRetCode && "Receive packet failed") at line 978 in ProcessRequest
20191228-082632<ERROR:0xf52ffb70>: [Group 1 Server 01] Connection with 127.0.0.1 have been disconnected, wait for being reconnectted!
20191228-082632<WARN :0xf52ffb70>: [[Group 1 Server 01]] RemoteServer 127.0.0.1:45272 crashed
20191228-082632<INFO :0xf52ffb70>: [ServerManager] Server 1 will stop, unlock all role [count=0] 
20191228-082637<INFO :0xf6a3bb70>: [ServerManager] RemoteServer from (127.0.0.1:45465) connect ok
20191228-082637<INFO :0xf6a3bb70>: [ServerManager] Accept from (127.0.0.1:45465) SocketStream = 0xf5f00a30
20191228-082637<INFO :0xf6a3bb70>: Server 1 reconnect ok!
20191228-082637<INFO :0xf52ffb70>: [verify_up2date] GetUp2dateVersion: code=8DA68FCD
20191228-082637<DEBUG:0xf52ffb70>: [Group 1 Server 01] Enter _query_statistic_info()
20191228-082637<DEBUG:0xf52ffb70>: KGLOG_PROCESS_ERROR(piStatistic) at line 2088 in _query_statistic_info
20191228-082637<DEBUG:0xf52ffb70>: [Group 1 Server 01] Leave _query_statistic_info() size =0 ret=0
20191228-082646<DEBUG:0xf5effb70>: [Group 1 Server 00] Enter _ping(time=70960013)
20191228-082706<DEBUG:0xf5effb70>: [Group 1 Server 00] Enter _ping(time=70980051)
20191228-082707<DEBUG:0xf52ffb70>: [Group 1 Server 01] Enter _ping(time=70981230)
20191228-082719<INFO :0xf5effb70>: [Group 1 Server 00] Query roles list of account "jiqinghk"
20191228-082719<DEBUG:0xf5effb70>: [Group 1 Server 00] Leave _query_role_list(jiqinghk) uRoleCount=2 nResult=1
20191228-082737<DEBUG:0xf52ffb70>: [Group 1 Server 01] Enter _ping(time=71011271)
20191228-082739<DEBUG:0xf5effb70>: [Group 1 Server 00] Enter _ping(time=71013373)
20191228-082741<INFO :0xf5effb70>: [Group 1 Server 00] Get role "JiaXQing" nResult=1
20191228-082744<DEBUG:0xf52ffb70>: [ServerManager] Role "JiaXQing" locked by Server 01
20191228-082744<DEBUG:0xf52ffb70>: [Group 1 Server 01] Leave _lock_or_unlock_role(Role=JiaXQing, Lock=1) nResult=1
20191228-082801<DEBUG:0xf5effb70>: [Group 1 Server 00] Enter _ping(time=71035161)
20191228-082814<DEBUG:0xf52ffb70>: [Group 1 Server 01] Enter _ping(time=71047758)
20191228-082821<DEBUG:0xf5effb70>: [Group 1 Server 00] Enter _ping(time=71055205)
20191228-082841<DEBUG:0xf5effb70>: [Group 1 Server 00] Enter _ping(time=71075226)
20191228-082844<DEBUG:0xf52ffb70>: [Group 1 Server 01] Enter _ping(time=71077797)
20191228-082901<DEBUG:0xf5effb70>: [Group 1 Server 00] Enter _ping(time=71095267)
20191228-082914<DEBUG:0xf52ffb70>: [Group 1 Server 01] Enter _ping(time=71107831)
20191228-082921<DEBUG:0xf5effb70>: [Group 1 Server 00] Enter _ping(time=71115285)
20191228-082941<DEBUG:0xf5effb70>: [Group 1 Server 00] Enter _ping(time=71135325)
20191228-082944<DEBUG:0xf52ffb70>: [Group 1 Server 01] Enter _ping(time=71137874)
20191228-083002<DEBUG:0xf5effb70>: [Group 1 Server 00] Enter _ping(time=71155501)
20191228-083014<DEBUG:0xf52ffb70>: [Group 1 Server 01] Enter _ping(time=71167918)
20191228-083022<DEBUG:0xf5effb70>: [Group 1 Server 00] Enter _ping(time=71175391)
20191228-083042<DEBUG:0xf5effb70>: [Group 1 Server 00] Enter _ping(time=71195442)
20191228-083044<DEBUG:0xf52ffb70>: [Group 1 Server 01] Enter _ping(time=71197955)
20191228-083102<DEBUG:0xf5effb70>: [Group 1 Server 00] Enter _ping(time=71215461)
20191228-083114<DEBUG:0xf52ffb70>: [Group 1 Server 01] Enter _ping(time=71227997)
20191228-083122<DEBUG:0xf5effb70>: [Group 1 Server 00] Enter _ping(time=71235483)
20191228-083142<DEBUG:0xf5effb70>: [Group 1 Server 00] Enter _ping(time=71255531)
20191228-083144<DEBUG:0xf52ffb70>: [Group 1 Server 01] Enter _ping(time=71258052)
20191228-083202<DEBUG:0xf5effb70>: [Group 1 Server 00] Enter _ping(time=71275533)
20191228-083214<DEBUG:0xf52ffb70>: [Group 1 Server 01] Enter _ping(time=71288079)
20191228-083222<DEBUG:0xf5effb70>: [Group 1 Server 00] Enter _ping(time=71295684)
20191228-083242<DEBUG:0xf5effb70>: [Group 1 Server 00] Enter _ping(time=71315699)
20191228-083244<DEBUG:0xf52ffb70>: [Group 1 Server 01] Enter _ping(time=71318117)
20191228-083302<DEBUG:0xf5effb70>: [Group 1 Server 00] Enter _ping(time=71335743)
20191228-083314<DEBUG:0xf52ffb70>: [Group 1 Server 01] Enter _ping(time=71348160)
20191228-083322<DEBUG:0xf5effb70>: [Group 1 Server 00] Enter _ping(time=71355760)
20191228-083342<DEBUG:0xf5effb70>: [Group 1 Server 00] Enter _ping(time=71375772)
20191228-083344<DEBUG:0xf52ffb70>: [Group 1 Server 01] Enter _ping(time=71378206)
20191228-083402<DEBUG:0xf5effb70>: [Group 1 Server 00] Enter _ping(time=71395794)
20191228-083415<DEBUG:0xf52ffb70>: [Group 1 Server 01] Enter _ping(time=71408245)
20191228-083422<DEBUG:0xf5effb70>: [Group 1 Server 00] Enter _ping(time=71415823)
20191228-083442<DEBUG:0xf5effb70>: [Group 1 Server 00] Enter _ping(time=71435831)
20191228-083445<DEBUG:0xf52ffb70>: [Group 1 Server 01] Enter _ping(time=71438304)
20191228-083502<DEBUG:0xf5effb70>: [Group 1 Server 00] Enter _ping(time=71455852)
20191228-083515<DEBUG:0xf52ffb70>: [Group 1 Server 01] Enter _ping(time=71468323)
20191228-083522<DEBUG:0xf5effb70>: [Group 1 Server 00] Enter _ping(time=71475887)
20191228-083542<DEBUG:0xf5effb70>: [Group 1 Server 00] Enter _ping(time=71495892)
20191228-083545<DEBUG:0xf52ffb70>: [Group 1 Server 01] Enter _ping(time=71498364)
20191228-083602<DEBUG:0xf5effb70>: [Group 1 Server 00] Enter _ping(time=71515897)
20191228-083615<DEBUG:0xf52ffb70>: [Group 1 Server 01] Enter _ping(time=71528405)
20191228-083622<DEBUG:0xf5effb70>: [Group 1 Server 00] Enter _ping(time=71535914)
20191228-083642<DEBUG:0xf5effb70>: [Group 1 Server 00] Enter _ping(time=71555938)
20191228-083645<DEBUG:0xf52ffb70>: [Group 1 Server 01] Enter _ping(time=71558442)
20191228-083702<DEBUG:0xf5effb70>: [Group 1 Server 00] Enter _ping(time=71575959)
20191228-083715<DEBUG:0xf52ffb70>: [Group 1 Server 01] Enter _ping(time=71588490)
20191228-083722<DEBUG:0xf5effb70>: [Group 1 Server 00] Enter _ping(time=71595971)
20191228-083742<DEBUG:0xf5effb70>: [Group 1 Server 00] Enter _ping(time=71616116)
20191228-083745<DEBUG:0xf52ffb70>: [Group 1 Server 01] Enter _ping(time=71618565)
20191228-083803<DEBUG:0xf5effb70>: [Group 1 Server 00] Enter _ping(time=71636125)
20191228-083816<DEBUG:0xf52ffb70>: [Group 1 Server 01] Enter _ping(time=71649122)
20191228-083823<DEBUG:0xf5effb70>: [Group 1 Server 00] Enter _ping(time=71656165)
20191228-083843<DEBUG:0xf5effb70>: [Group 1 Server 00] Enter _ping(time=71676302)
20191228-083845<DEBUG:0xf52ffb70>: [Group 1 Server 01] Enter _ping(time=71678607)
20191228-083903<DEBUG:0xf5effb70>: [Group 1 Server 00] Enter _ping(time=71696333)
20191228-083915<DEBUG:0xf52ffb70>: [Group 1 Server 01] Enter _ping(time=71708647)
20191228-083923<DEBUG:0xf5effb70>: [Group 1 Server 00] Enter _ping(time=71716388)
20191228-083943<DEBUG:0xf5effb70>: [Group 1 Server 00] Enter _ping(time=71736433)
20191228-083945<DEBUG:0xf52ffb70>: [Group 1 Server 01] Enter _ping(time=71738694)
20191228-084003<DEBUG:0xf5effb70>: [Group 1 Server 00] Enter _ping(time=71756458)
20191228-084015<DEBUG:0xf52ffb70>: [Group 1 Server 01] Enter _ping(time=71768744)
20191228-084023<DEBUG:0xf5effb70>: [Group 1 Server 00] Enter _ping(time=71776476)
20191228-084042<DEBUG:0xf52ffb70>: [ServerManager] Role "JiaXQing" unlocked by Server 1
20191228-084042<INFO :0xf52ffb70>: [Group 1 Server 01] Save role end [jiqinghk].[JiaXQing], LeaveFlag = 1 nResult=1
20191228-084043<DEBUG:0xf5effb70>: [Group 1 Server 00] Enter _ping(time=71796486)
20191228-084044<DEBUG:0xf52ffb70>: KGLOG_PROCESS_ERROR(nRetCode && "Receive packet failed") at line 978 in ProcessRequest
20191228-084044<ERROR:0xf52ffb70>: [Group 1 Server 01] Connection with 127.0.0.1 have been disconnected, wait for being reconnectted!
20191228-084044<WARN :0xf52ffb70>: [[Group 1 Server 01]] RemoteServer 127.0.0.1:45272 crashed
20191228-084044<INFO :0xf52ffb70>: [ServerManager] Server 1 will stop, unlock all role [count=0] 
20191228-084049<INFO :0xf6a3bb70>: [ServerManager] RemoteServer from (127.0.0.1:50716) connect ok
20191228-084049<INFO :0xf6a3bb70>: [ServerManager] Accept from (127.0.0.1:50716) SocketStream = 0xf5f00a30
20191228-084049<INFO :0xf6a3bb70>: Server 1 reconnect ok!
20191228-084049<INFO :0xf52ffb70>: [verify_up2date] GetUp2dateVersion: code=8DA68FCD
20191228-084049<DEBUG:0xf52ffb70>: [Group 1 Server 01] Enter _query_statistic_info()
20191228-084049<DEBUG:0xf52ffb70>: KGLOG_PROCESS_ERROR(piStatistic) at line 2088 in _query_statistic_info
20191228-084049<DEBUG:0xf52ffb70>: [Group 1 Server 01] Leave _query_statistic_info() size =0 ret=0
20191228-084102<DEBUG:0xf5effb70>: [Group 1 Server 00] Enter _ping(time=71816507)
20191228-084119<DEBUG:0xf52ffb70>: [Group 1 Server 01] Enter _ping(time=71833290)
20191228-084123<DEBUG:0xf5effb70>: [Group 1 Server 00] Enter _ping(time=71836527)
20191228-084123<INFO :0xf5effb70>: [Group 1 Server 00] Query roles list of account "jiqinghk"
20191228-084123<DEBUG:0xf5effb70>: [Group 1 Server 00] Leave _query_role_list(jiqinghk) uRoleCount=2 nResult=1
20191228-084143<DEBUG:0xf5effb70>: [Group 1 Server 00] Enter _ping(time=71857444)
20191228-084146<INFO :0xf5effb70>: [Group 1 Server 00] Get role "JiaXQing" nResult=1
20191228-084148<DEBUG:0xf52ffb70>: [ServerManager] Role "JiaXQing" locked by Server 01
20191228-084148<DEBUG:0xf52ffb70>: [Group 1 Server 01] Leave _lock_or_unlock_role(Role=JiaXQing, Lock=1) nResult=1
20191228-084206<DEBUG:0xf5effb70>: [Group 1 Server 00] Enter _ping(time=71879951)
20191228-084218<DEBUG:0xf52ffb70>: [Group 1 Server 01] Enter _ping(time=71892209)
20191228-084226<DEBUG:0xf5effb70>: [Group 1 Server 00] Enter _ping(time=71899993)
20191228-084246<DEBUG:0xf5effb70>: [Group 1 Server 00] Enter _ping(time=71920004)
20191228-084248<DEBUG:0xf52ffb70>: [Group 1 Server 01] Enter _ping(time=71922241)
20191228-084306<DEBUG:0xf5effb70>: [Group 1 Server 00] Enter _ping(time=71940012)
20191228-084306<DEBUG:0xf52ffb70>: [ServerManager] Role "JiaXQing" unlocked by Server 1
20191228-084306<INFO :0xf52ffb70>: [Group 1 Server 01] Save role end [jiqinghk].[JiaXQing], LeaveFlag = 1 nResult=1
20191228-084312<INFO :0xf5effb70>: [Group 1 Server 00] Query roles list of account "jiqinghk"
20191228-084312<DEBUG:0xf5effb70>: [Group 1 Server 00] Leave _query_role_list(jiqinghk) uRoleCount=2 nResult=1
20191228-084332<DEBUG:0xf5effb70>: [Group 1 Server 00] Enter _ping(time=71965768)
20191228-084336<DEBUG:0xf52ffb70>: [Group 1 Server 01] Enter _ping(time=71970167)
20191228-084352<DEBUG:0xf5effb70>: [Group 1 Server 00] Enter _ping(time=71985819)
20191228-084403<INFO :0xf5effb70>: [Group 1 Server 00] Get role "JiQingX" nResult=1
20191228-084405<DEBUG:0xf52ffb70>: [ServerManager] Role "JiQingX" locked by Server 01
20191228-084405<DEBUG:0xf52ffb70>: [Group 1 Server 01] Leave _lock_or_unlock_role(Role=JiQingX, Lock=1) nResult=1
20191228-084423<DEBUG:0xf5effb70>: [Group 1 Server 00] Enter _ping(time=72017195)
20191228-084435<DEBUG:0xf52ffb70>: [Group 1 Server 01] Enter _ping(time=72028632)
20191228-084443<DEBUG:0xf5effb70>: [Group 1 Server 00] Enter _ping(time=72037223)
20191228-084451<DEBUG:0xf52ffb70>: [ServerManager] Role "JiQingX" unlocked by Server 1
20191228-084451<INFO :0xf52ffb70>: [Group 1 Server 01] Save role end [jiqinghk].[JiQingX], LeaveFlag = 1 nResult=1
20191228-084453<INFO :0xf5effb70>: [Group 1 Server 00] Query roles list of account "jiqinghk"
20191228-084453<DEBUG:0xf5effb70>: [Group 1 Server 00] Leave _query_role_list(jiqinghk) uRoleCount=2 nResult=1
20191228-084501<DEBUG:0xf52ffb70>: KGLOG_PROCESS_ERROR(nRetCode && "Receive packet failed") at line 978 in ProcessRequest
20191228-084501<ERROR:0xf52ffb70>: [Group 1 Server 01] Connection with 127.0.0.1 have been disconnected, wait for being reconnectted!
20191228-084501<WARN :0xf52ffb70>: [[Group 1 Server 01]] RemoteServer 127.0.0.1:45272 crashed
20191228-084501<INFO :0xf52ffb70>: [ServerManager] Server 1 will stop, unlock all role [count=0] 
20191228-084513<DEBUG:0xf5effb70>: [Group 1 Server 00] Enter _ping(time=72067201)
20191228-084533<DEBUG:0xf5effb70>: [Group 1 Server 00] Enter _ping(time=72087213)
20191228-084553<DEBUG:0xf5effb70>: [Group 1 Server 00] Enter _ping(time=72107256)
20191228-084613<DEBUG:0xf5effb70>: [Group 1 Server 00] Enter _ping(time=72127277)
20191228-084633<DEBUG:0xf5effb70>: [Group 1 Server 00] Enter _ping(time=72147280)
20191228-084646<INFO :0xf6a3bb70>: [ServerManager] RemoteServer from (127.0.0.1:57607) connect ok
20191228-084646<INFO :0xf6a3bb70>: [ServerManager] Accept from (127.0.0.1:57607) SocketStream = 0xf5f00a30
20191228-084646<INFO :0xf6a3bb70>: Server 1 reconnect ok!
20191228-084647<INFO :0xf52ffb70>: [verify_up2date] GetUp2dateVersion: code=8DA68FCD
20191228-084647<DEBUG:0xf52ffb70>: [Group 1 Server 01] Enter _query_statistic_info()
20191228-084647<DEBUG:0xf52ffb70>: KGLOG_PROCESS_ERROR(piStatistic) at line 2088 in _query_statistic_info
20191228-084647<DEBUG:0xf52ffb70>: [Group 1 Server 01] Leave _query_statistic_info() size =0 ret=0
20191228-084653<DEBUG:0xf5effb70>: [Group 1 Server 00] Enter _ping(time=72167307)
20191228-084656<INFO :0xf5effb70>: [Group 1 Server 00] Query roles list of account "jiqinghk"
20191228-084656<DEBUG:0xf5effb70>: [Group 1 Server 00] Leave _query_role_list(jiqinghk) uRoleCount=2 nResult=1
20191228-084716<DEBUG:0xf5effb70>: [Group 1 Server 00] Enter _ping(time=72189617)
20191228-084717<DEBUG:0xf52ffb70>: [Group 1 Server 01] Enter _ping(time=72191231)
20191228-084718<INFO :0xf5effb70>: [Group 1 Server 00] Get role "JiaXQing" nResult=1
20191228-084720<DEBUG:0xf52ffb70>: [ServerManager] Role "JiaXQing" locked by Server 01
20191228-084720<DEBUG:0xf52ffb70>: [Group 1 Server 01] Leave _lock_or_unlock_role(Role=JiaXQing, Lock=1) nResult=1
20191228-084730<DEBUG:0xf52ffb70>: [ServerManager] Role "JiaXQing" unlocked by Server 1
20191228-084730<INFO :0xf52ffb70>: [Group 1 Server 01] Save role end [jiqinghk].[JiaXQing], LeaveFlag = 1 nResult=1
20191228-084738<DEBUG:0xf5effb70>: [Group 1 Server 00] Enter _ping(time=72211735)
20191228-084742<INFO :0xf5effb70>: [Group 1 Server 00] Query roles list of account "jiqinghk"
20191228-084742<DEBUG:0xf5effb70>: [Group 1 Server 00] Leave _query_role_list(jiqinghk) uRoleCount=2 nResult=1
20191228-084801<DEBUG:0xf52ffb70>: [Group 1 Server 01] Enter _ping(time=72234435)
20191228-084802<DEBUG:0xf5effb70>: [Group 1 Server 00] Enter _ping(time=72236375)
20191228-084822<DEBUG:0xf5effb70>: [Group 1 Server 00] Enter _ping(time=72256394)
20191228-084831<DEBUG:0xf52ffb70>: [Group 1 Server 01] Enter _ping(time=72264475)
20191228-084843<DEBUG:0xf5effb70>: [Group 1 Server 00] Enter _ping(time=72276409)
20191228-084901<DEBUG:0xf52ffb70>: [Group 1 Server 01] Enter _ping(time=72294516)
20191228-084903<DEBUG:0xf5effb70>: [Group 1 Server 00] Enter _ping(time=72296445)
20191228-084923<DEBUG:0xf5effb70>: [Group 1 Server 00] Enter _ping(time=72316470)
20191228-084931<DEBUG:0xf52ffb70>: [Group 1 Server 01] Enter _ping(time=72324552)
20191228-084943<DEBUG:0xf5effb70>: [Group 1 Server 00] Enter _ping(time=72336484)
20191228-084951<INFO :0xf5effb70>: [Group 1 Server 00] Query roles list of account "jiqinghk"
20191228-084951<DEBUG:0xf5effb70>: [Group 1 Server 00] Leave _query_role_list(jiqinghk) uRoleCount=2 nResult=1
20191228-085001<DEBUG:0xf52ffb70>: [Group 1 Server 01] Enter _ping(time=72354602)
20191228-085011<DEBUG:0xf5effb70>: [Group 1 Server 00] Enter _ping(time=72365048)
20191228-085015<INFO :0xf5effb70>: [Group 1 Server 00] Get role "JiaXQing" nResult=1
20191228-085017<DEBUG:0xf52ffb70>: [ServerManager] Role "JiaXQing" locked by Server 01
20191228-085017<DEBUG:0xf52ffb70>: [Group 1 Server 01] Leave _lock_or_unlock_role(Role=JiaXQing, Lock=1) nResult=1
20191228-085035<DEBUG:0xf5effb70>: [Group 1 Server 00] Enter _ping(time=72389346)
20191228-085047<DEBUG:0xf52ffb70>: [Group 1 Server 01] Enter _ping(time=72400905)
20191228-085056<DEBUG:0xf5effb70>: [Group 1 Server 00] Enter _ping(time=72409368)
20191228-085116<DEBUG:0xf5effb70>: [Group 1 Server 00] Enter _ping(time=72429395)
20191228-085117<DEBUG:0xf52ffb70>: [Group 1 Server 01] Enter _ping(time=72430951)
20191228-085136<DEBUG:0xf5effb70>: [Group 1 Server 00] Enter _ping(time=72449420)
20191228-085147<DEBUG:0xf52ffb70>: [Group 1 Server 01] Enter _ping(time=72460988)
20191228-085156<DEBUG:0xf5effb70>: [Group 1 Server 00] Enter _ping(time=72469443)
20191228-085216<DEBUG:0xf5effb70>: [Group 1 Server 00] Enter _ping(time=72489445)
20191228-085217<DEBUG:0xf52ffb70>: [Group 1 Server 01] Enter _ping(time=72491029)
20191228-085236<DEBUG:0xf5effb70>: [Group 1 Server 00] Enter _ping(time=72509468)
20191228-085247<DEBUG:0xf52ffb70>: [Group 1 Server 01] Enter _ping(time=72521066)
20191228-085248<DEBUG:0xf52ffb70>: [ServerManager] Role "JiaXQing" unlocked by Server 1
20191228-085248<INFO :0xf52ffb70>: [Group 1 Server 01] Save role end [jiqinghk].[JiaXQing], LeaveFlag = 1 nResult=1
20191228-085256<DEBUG:0xf5effb70>: [Group 1 Server 00] Enter _ping(time=72529486)
20191228-085316<DEBUG:0xf5effb70>: [Group 1 Server 00] Enter _ping(time=72549489)
20191228-085318<DEBUG:0xf52ffb70>: [Group 1 Server 01] Enter _ping(time=72551943)
20191228-085336<DEBUG:0xf5effb70>: [Group 1 Server 00] Enter _ping(time=72569496)
20191228-085348<DEBUG:0xf52ffb70>: [Group 1 Server 01] Enter _ping(time=72581987)
20191228-085356<DEBUG:0xf5effb70>: [Group 1 Server 00] Enter _ping(time=72589522)
20191228-085416<DEBUG:0xf5effb70>: [Group 1 Server 00] Enter _ping(time=72609561)
20191228-085418<DEBUG:0xf52ffb70>: [Group 1 Server 01] Enter _ping(time=72612024)
20191228-085436<DEBUG:0xf5effb70>: [Group 1 Server 00] Enter _ping(time=72629612)
20191228-085448<DEBUG:0xf52ffb70>: [Group 1 Server 01] Enter _ping(time=72642062)
20191228-085456<DEBUG:0xf5effb70>: [Group 1 Server 00] Enter _ping(time=72649621)
20191228-085516<DEBUG:0xf5effb70>: [Group 1 Server 00] Enter _ping(time=72669639)
20191228-085518<DEBUG:0xf52ffb70>: [Group 1 Server 01] Enter _ping(time=72672105)
20191228-085536<DEBUG:0xf5effb70>: [Group 1 Server 00] Enter _ping(time=72689662)
20191228-085548<DEBUG:0xf52ffb70>: [Group 1 Server 01] Enter _ping(time=72702151)
20191228-085556<DEBUG:0xf5effb70>: [Group 1 Server 00] Enter _ping(time=72709684)
20191228-085616<DEBUG:0xf5effb70>: [Group 1 Server 00] Enter _ping(time=72729679)
20191228-085619<DEBUG:0xf52ffb70>: [Group 1 Server 01] Enter _ping(time=72732181)
20191228-085636<DEBUG:0xf5effb70>: [Group 1 Server 00] Enter _ping(time=72749718)
20191228-085649<DEBUG:0xf52ffb70>: [Group 1 Server 01] Enter _ping(time=72762234)
20191228-085656<DEBUG:0xf5effb70>: [Group 1 Server 00] Enter _ping(time=72769744)
20191228-085716<DEBUG:0xf5effb70>: [Group 1 Server 00] Enter _ping(time=72789778)
20191228-085719<DEBUG:0xf52ffb70>: [Group 1 Server 01] Enter _ping(time=72792270)
20191228-085736<DEBUG:0xf5effb70>: [Group 1 Server 00] Enter _ping(time=72809799)
20191228-085749<DEBUG:0xf52ffb70>: [Group 1 Server 01] Enter _ping(time=72822313)
20191228-085756<DEBUG:0xf5effb70>: [Group 1 Server 00] Enter _ping(time=72829823)
20191228-085816<DEBUG:0xf5effb70>: [Group 1 Server 00] Enter _ping(time=72849841)
20191228-085819<DEBUG:0xf52ffb70>: [Group 1 Server 01] Enter _ping(time=72852349)
20191228-085836<DEBUG:0xf5effb70>: [Group 1 Server 00] Enter _ping(time=72869862)
20191228-085849<DEBUG:0xf52ffb70>: [Group 1 Server 01] Enter _ping(time=72882388)
20191228-085856<DEBUG:0xf5effb70>: [Group 1 Server 00] Enter _ping(time=72889896)
20191228-085916<DEBUG:0xf5effb70>: [Group 1 Server 00] Enter _ping(time=72909921)
20191228-085919<DEBUG:0xf52ffb70>: [Group 1 Server 01] Enter _ping(time=72912431)
20191228-085936<DEBUG:0xf5effb70>: [Group 1 Server 00] Enter _ping(time=72929947)
20191228-085949<DEBUG:0xf52ffb70>: [Group 1 Server 01] Enter _ping(time=72942472)
20191228-085956<DEBUG:0xf5effb70>: [Group 1 Server 00] Enter _ping(time=72949983)
20191228-090005<INFO :0xf5effb70>: [Group 1 Server 00] Query roles list of account "jiqinghk"
20191228-090005<DEBUG:0xf5effb70>: [Group 1 Server 00] Leave _query_role_list(jiqinghk) uRoleCount=2 nResult=1
20191228-090019<DEBUG:0xf52ffb70>: [Group 1 Server 01] Enter _ping(time=72972510)
20191228-090025<DEBUG:0xf5effb70>: [Group 1 Server 00] Enter _ping(time=72978114)
20191228-090028<INFO :0xf5effb70>: [Group 1 Server 00] Get role "JiaXQing" nResult=1
20191228-090030<DEBUG:0xf52ffb70>: [ServerManager] Role "JiaXQing" locked by Server 01
20191228-090030<DEBUG:0xf52ffb70>: [Group 1 Server 01] Leave _lock_or_unlock_role(Role=JiaXQing, Lock=1) nResult=1
20191228-090044<DEBUG:0xf52ffb70>: [ServerManager] Role "JiaXQing" unlocked by Server 1
20191228-090044<INFO :0xf52ffb70>: [Group 1 Server 01] Save role end [jiqinghk].[JiaXQing], LeaveFlag = 1 nResult=1
20191228-090048<DEBUG:0xf5effb70>: [Group 1 Server 00] Enter _ping(time=73001738)
20191228-090108<DEBUG:0xf5effb70>: [Group 1 Server 00] Enter _ping(time=73021794)
20191228-090114<DEBUG:0xf52ffb70>: [Group 1 Server 01] Enter _ping(time=73027321)
20191228-090116<INFO :0xf5effb70>: [Group 1 Server 00] Query roles list of account "jiqinghk"
20191228-090116<DEBUG:0xf5effb70>: [Group 1 Server 00] Leave _query_role_list(jiqinghk) uRoleCount=2 nResult=1
20191228-090136<DEBUG:0xf5effb70>: [Group 1 Server 00] Enter _ping(time=73049328)
20191228-090138<INFO :0xf5effb70>: [Group 1 Server 00] Get role "JiaXQing" nResult=1
20191228-090140<DEBUG:0xf52ffb70>: [ServerManager] Role "JiaXQing" locked by Server 01
20191228-090140<DEBUG:0xf52ffb70>: [Group 1 Server 01] Leave _lock_or_unlock_role(Role=JiaXQing, Lock=1) nResult=1
20191228-090155<DEBUG:0xf52ffb70>: [ServerManager] Role "JiaXQing" unlocked by Server 1
20191228-090155<INFO :0xf52ffb70>: [Group 1 Server 01] Save role end [jiqinghk].[JiaXQing], LeaveFlag = 1 nResult=1
20191228-090158<DEBUG:0xf5effb70>: [Group 1 Server 00] Enter _ping(time=73071219)
20191228-090218<DEBUG:0xf5effb70>: [Group 1 Server 00] Enter _ping(time=73091246)
20191228-090225<DEBUG:0xf52ffb70>: [Group 1 Server 01] Enter _ping(time=73098337)
20191228-090238<DEBUG:0xf5effb70>: [Group 1 Server 00] Enter _ping(time=73111279)
20191228-090255<DEBUG:0xf52ffb70>: [Group 1 Server 01] Enter _ping(time=73128380)
20191228-090258<DEBUG:0xf5effb70>: [Group 1 Server 00] Enter _ping(time=73131283)
20191228-090318<DEBUG:0xf5effb70>: [Group 1 Server 00] Enter _ping(time=73151319)
20191228-090325<DEBUG:0xf52ffb70>: [Group 1 Server 01] Enter _ping(time=73158422)
20191228-090338<DEBUG:0xf5effb70>: [Group 1 Server 00] Enter _ping(time=73171338)
20191228-090355<DEBUG:0xf52ffb70>: [Group 1 Server 01] Enter _ping(time=73188463)
20191228-090358<DEBUG:0xf5effb70>: [Group 1 Server 00] Enter _ping(time=73191357)
20191228-090418<DEBUG:0xf5effb70>: [Group 1 Server 00] Enter _ping(time=73211367)
20191228-090425<DEBUG:0xf52ffb70>: [Group 1 Server 01] Enter _ping(time=73218505)
20191228-090438<DEBUG:0xf5effb70>: [Group 1 Server 00] Enter _ping(time=73231382)
20191228-090455<DEBUG:0xf52ffb70>: [Group 1 Server 01] Enter _ping(time=73248550)
20191228-090458<DEBUG:0xf5effb70>: [Group 1 Server 00] Enter _ping(time=73251386)
20191228-090518<DEBUG:0xf5effb70>: [Group 1 Server 00] Enter _ping(time=73271395)
20191228-090525<DEBUG:0xf52ffb70>: [Group 1 Server 01] Enter _ping(time=73278586)
20191228-090538<DEBUG:0xf5effb70>: [Group 1 Server 00] Enter _ping(time=73291424)
20191228-090555<DEBUG:0xf52ffb70>: [Group 1 Server 01] Enter _ping(time=73308625)
20191228-090558<DEBUG:0xf5effb70>: [Group 1 Server 00] Enter _ping(time=73311433)
20191228-090618<DEBUG:0xf5effb70>: [Group 1 Server 00] Enter _ping(time=73331450)
20191228-090625<DEBUG:0xf52ffb70>: [Group 1 Server 01] Enter _ping(time=73338669)
20191228-090638<INFO :0xf5effb70>: [Group 1 Server 00] Query roles list of account "jiqinghk"
20191228-090638<DEBUG:0xf5effb70>: [Group 1 Server 00] Leave _query_role_list(jiqinghk) uRoleCount=2 nResult=1
20191228-090655<DEBUG:0xf52ffb70>: [Group 1 Server 01] Enter _ping(time=73368705)
20191228-090658<DEBUG:0xf5effb70>: [Group 1 Server 00] Enter _ping(time=73370971)
20191228-090718<DEBUG:0xf5effb70>: [Group 1 Server 00] Enter _ping(time=73391000)
20191228-090718<INFO :0xf5effb70>: [Group 1 Server 00] Get role "JiaXQing" nResult=1
20191228-090720<DEBUG:0xf52ffb70>: [ServerManager] Role "JiaXQing" locked by Server 01
20191228-090720<DEBUG:0xf52ffb70>: [Group 1 Server 01] Leave _lock_or_unlock_role(Role=JiaXQing, Lock=1) nResult=1
20191228-090738<DEBUG:0xf5effb70>: [Group 1 Server 00] Enter _ping(time=73411365)
20191228-090750<DEBUG:0xf52ffb70>: [Group 1 Server 01] Enter _ping(time=73423013)
20191228-090758<DEBUG:0xf5effb70>: [Group 1 Server 00] Enter _ping(time=73431376)
20191228-090818<DEBUG:0xf5effb70>: [Group 1 Server 00] Enter _ping(time=73451409)
20191228-090820<DEBUG:0xf52ffb70>: [Group 1 Server 01] Enter _ping(time=73453053)
20191228-090838<DEBUG:0xf5effb70>: [Group 1 Server 00] Enter _ping(time=73471439)
20191228-090850<DEBUG:0xf52ffb70>: [Group 1 Server 01] Enter _ping(time=73483092)
20191228-090858<DEBUG:0xf5effb70>: [Group 1 Server 00] Enter _ping(time=73491487)
20191228-090918<DEBUG:0xf5effb70>: [Group 1 Server 00] Enter _ping(time=73511504)
20191228-090920<DEBUG:0xf52ffb70>: [Group 1 Server 01] Enter _ping(time=73513131)
20191228-090938<DEBUG:0xf5effb70>: [Group 1 Server 00] Enter _ping(time=73531512)
20191228-090950<DEBUG:0xf52ffb70>: [Group 1 Server 01] Enter _ping(time=73543170)
20191228-090958<DEBUG:0xf5effb70>: [Group 1 Server 00] Enter _ping(time=73551559)
20191228-091016<DEBUG:0xf52ffb70>: [ServerManager] Role "JiaXQing" unlocked by Server 1
20191228-091016<INFO :0xf52ffb70>: [Group 1 Server 01] Save role end [jiqinghk].[JiaXQing], LeaveFlag = 1 nResult=1
20191228-091018<DEBUG:0xf5effb70>: [Group 1 Server 00] Enter _ping(time=73571597)
20191228-091038<DEBUG:0xf5effb70>: [Group 1 Server 00] Enter _ping(time=73591627)
20191228-091046<DEBUG:0xf52ffb70>: [Group 1 Server 01] Enter _ping(time=73599644)
20191228-091058<DEBUG:0xf5effb70>: [Group 1 Server 00] Enter _ping(time=73611655)
20191228-091116<DEBUG:0xf52ffb70>: [Group 1 Server 01] Enter _ping(time=73629685)
20191228-091118<DEBUG:0xf5effb70>: [Group 1 Server 00] Enter _ping(time=73631671)
20191228-091138<DEBUG:0xf5effb70>: [Group 1 Server 00] Enter _ping(time=73651695)
20191228-091147<DEBUG:0xf52ffb70>: [Group 1 Server 01] Enter _ping(time=73659729)
20191228-091151<INFO :0xf5effb70>: [Group 1 Server 00] Query roles list of account "jiqinghk"
20191228-091151<DEBUG:0xf5effb70>: [Group 1 Server 00] Leave _query_role_list(jiqinghk) uRoleCount=2 nResult=1
20191228-091211<DEBUG:0xf5effb70>: [Group 1 Server 00] Enter _ping(time=73683883)
20191228-091213<INFO :0xf5effb70>: [Group 1 Server 00] Get role "JiaXQing" nResult=1
20191228-091214<DEBUG:0xf52ffb70>: [ServerManager] Role "JiaXQing" locked by Server 01
20191228-091214<DEBUG:0xf52ffb70>: [Group 1 Server 01] Leave _lock_or_unlock_role(Role=JiaXQing, Lock=1) nResult=1
20191228-091233<DEBUG:0xf5effb70>: [Group 1 Server 00] Enter _ping(time=73705934)
20191228-091244<DEBUG:0xf52ffb70>: [Group 1 Server 01] Enter _ping(time=73717362)
20191228-091253<DEBUG:0xf5effb70>: [Group 1 Server 00] Enter _ping(time=73725944)
20191228-091313<DEBUG:0xf5effb70>: [Group 1 Server 00] Enter _ping(time=73745959)
20191228-091314<DEBUG:0xf52ffb70>: [Group 1 Server 01] Enter _ping(time=73747410)
20191228-091333<DEBUG:0xf5effb70>: [Group 1 Server 00] Enter _ping(time=73765993)
20191228-091344<DEBUG:0xf52ffb70>: [Group 1 Server 01] Enter _ping(time=73777449)
20191228-091353<DEBUG:0xf5effb70>: [Group 1 Server 00] Enter _ping(time=73786024)
20191228-091413<DEBUG:0xf5effb70>: [Group 1 Server 00] Enter _ping(time=73806033)
20191228-091414<DEBUG:0xf52ffb70>: [Group 1 Server 01] Enter _ping(time=73807491)
20191228-091433<DEBUG:0xf5effb70>: [Group 1 Server 00] Enter _ping(time=73826040)
20191228-091444<DEBUG:0xf52ffb70>: [Group 1 Server 01] Enter _ping(time=73837532)
20191228-091453<DEBUG:0xf5effb70>: [Group 1 Server 00] Enter _ping(time=73846082)
20191228-091513<DEBUG:0xf5effb70>: [Group 1 Server 00] Enter _ping(time=73866137)
20191228-091514<DEBUG:0xf52ffb70>: [Group 1 Server 01] Enter _ping(time=73867567)
20191228-091532<DEBUG:0xf52ffb70>: [ServerManager] Role "JiaXQing" unlocked by Server 1
20191228-091532<INFO :0xf52ffb70>: [Group 1 Server 01] Save role end [jiqinghk].[JiaXQing], LeaveFlag = 1 nResult=1
20191228-091533<DEBUG:0xf5effb70>: [Group 1 Server 00] Enter _ping(time=73886176)
20191228-091536<DEBUG:0xf52ffb70>: KGLOG_PROCESS_ERROR(nRetCode && "Receive packet failed") at line 978 in ProcessRequest
20191228-091536<ERROR:0xf52ffb70>: [Group 1 Server 01] Connection with 127.0.0.1 have been disconnected, wait for being reconnectted!
20191228-091536<WARN :0xf52ffb70>: [[Group 1 Server 01]] RemoteServer 127.0.0.1:45272 crashed
20191228-091536<INFO :0xf52ffb70>: [ServerManager] Server 1 will stop, unlock all role [count=0] 
20191228-091541<INFO :0xf6a3bb70>: [ServerManager] RemoteServer from (127.0.0.1:56858) connect ok
20191228-091541<INFO :0xf6a3bb70>: [ServerManager] Accept from (127.0.0.1:56858) SocketStream = 0xf5f00a30
20191228-091541<INFO :0xf6a3bb70>: Server 1 reconnect ok!
20191228-091541<INFO :0xf52ffb70>: [verify_up2date] GetUp2dateVersion: code=8DA68FCD
20191228-091541<DEBUG:0xf52ffb70>: [Group 1 Server 01] Enter _query_statistic_info()
20191228-091541<DEBUG:0xf52ffb70>: KGLOG_PROCESS_ERROR(piStatistic) at line 2088 in _query_statistic_info
20191228-091541<DEBUG:0xf52ffb70>: [Group 1 Server 01] Leave _query_statistic_info() size =0 ret=0
20191228-091552<DEBUG:0xf5effb70>: [Group 1 Server 00] Enter _ping(time=73906188)
20191228-091557<INFO :0xf5effb70>: [Group 1 Server 00] Query roles list of account "jiqinghk"
20191228-091557<DEBUG:0xf5effb70>: [Group 1 Server 00] Leave _query_role_list(jiqinghk) uRoleCount=2 nResult=1
20191228-091611<DEBUG:0xf52ffb70>: [Group 1 Server 01] Enter _ping(time=73925314)
20191228-091617<DEBUG:0xf5effb70>: [Group 1 Server 00] Enter _ping(time=73931481)
20191228-091621<INFO :0xf5effb70>: [Group 1 Server 00] Get role "JiaXQing" nResult=1
20191228-091623<DEBUG:0xf52ffb70>: [ServerManager] Role "JiaXQing" locked by Server 01
20191228-091623<DEBUG:0xf52ffb70>: [Group 1 Server 01] Leave _lock_or_unlock_role(Role=JiaXQing, Lock=1) nResult=1
20191228-091639<DEBUG:0xf52ffb70>: [ServerManager] Role "JiaXQing" unlocked by Server 1
20191228-091639<INFO :0xf52ffb70>: [Group 1 Server 01] Save role end [jiqinghk].[JiaXQing], LeaveFlag = 1 nResult=1
20191228-091641<DEBUG:0xf5effb70>: [Group 1 Server 00] Enter _ping(time=73954693)
20191228-091701<DEBUG:0xf5effb70>: [Group 1 Server 00] Enter _ping(time=73974719)
20191228-091709<DEBUG:0xf52ffb70>: [Group 1 Server 01] Enter _ping(time=73983178)
20191228-091721<DEBUG:0xf5effb70>: [Group 1 Server 00] Enter _ping(time=73994757)
20191228-091739<DEBUG:0xf52ffb70>: [Group 1 Server 01] Enter _ping(time=74013222)
20191228-091741<DEBUG:0xf5effb70>: [Group 1 Server 00] Enter _ping(time=74014785)
20191228-091801<DEBUG:0xf5effb70>: [Group 1 Server 00] Enter _ping(time=74034808)
20191228-091809<DEBUG:0xf52ffb70>: [Group 1 Server 01] Enter _ping(time=74043260)
20191228-091821<DEBUG:0xf5effb70>: [Group 1 Server 00] Enter _ping(time=74054834)
20191228-091839<DEBUG:0xf52ffb70>: [Group 1 Server 01] Enter _ping(time=74073302)
20191228-091841<DEBUG:0xf5effb70>: [Group 1 Server 00] Enter _ping(time=74074870)
20191228-091901<DEBUG:0xf5effb70>: [Group 1 Server 00] Enter _ping(time=74094882)
20191228-091909<DEBUG:0xf52ffb70>: [Group 1 Server 01] Enter _ping(time=74103337)
20191228-091921<DEBUG:0xf5effb70>: [Group 1 Server 00] Enter _ping(time=74114900)
20191228-091939<DEBUG:0xf52ffb70>: [Group 1 Server 01] Enter _ping(time=74133377)
20191228-091941<DEBUG:0xf5effb70>: [Group 1 Server 00] Enter _ping(time=74134928)
20191228-092001<DEBUG:0xf5effb70>: [Group 1 Server 00] Enter _ping(time=74154939)
20191228-092010<DEBUG:0xf52ffb70>: [Group 1 Server 01] Enter _ping(time=74163423)
20191228-092021<DEBUG:0xf5effb70>: [Group 1 Server 00] Enter _ping(time=74174980)
20191228-092040<DEBUG:0xf52ffb70>: [Group 1 Server 01] Enter _ping(time=74193464)
20191228-092041<DEBUG:0xf5effb70>: [Group 1 Server 00] Enter _ping(time=74195019)
20191228-092101<DEBUG:0xf5effb70>: [Group 1 Server 00] Enter _ping(time=74215073)
20191228-092110<DEBUG:0xf52ffb70>: [Group 1 Server 01] Enter _ping(time=74223503)
20191228-092121<DEBUG:0xf5effb70>: [Group 1 Server 00] Enter _ping(time=74235084)
20191228-092140<DEBUG:0xf52ffb70>: [Group 1 Server 01] Enter _ping(time=74253538)
20191228-092141<DEBUG:0xf5effb70>: [Group 1 Server 00] Enter _ping(time=74255105)
20191228-092201<DEBUG:0xf5effb70>: [Group 1 Server 00] Enter _ping(time=74275164)
