ChangeLogFile: FirstWrite=1, CurrentLine=0/65536 LastTime=1900-1-0 0:0:0
20200107-185955<INFO :0xf7462700>: [KG_Angel][Version:Oct 31 2014 15:04:45] begin initial...
20200107-185955<INFO :0xf7462700>: Data OK! Current max Service ID is: 2325366
20200107-190104<INFO :0xf3fffb40>: [CheckCRC] CheckRoleData tinykidpro.MinhZao dwCRC=2A04AE18/2A04AE18 nResult=1
20200107-190629<INFO :0xf3fffb40>: [CheckCRC] CheckRoleData tinykidpro.MinhZao dwCRC=D92DEC10/D92DEC10 nResult=1
20200107-190711<INFO :0xf3fffb40>: [CheckCRC] CheckRoleData tinykidpro.MinhZao dwCRC=4F3F8585/4F3F8585 nResult=1
20200107-190719<INFO :0xf3fffb40>: [CheckCRC] CheckRoleData tinykidpro.MinhZao dwCRC=27C5884E/27C5884E nResult=1
20200107-190829<INFO :0xf49ffb40>: [CheckCRC] CheckRoleData tinykidpro.MinhZao dwCRC=6A1F7378/6A1F7378 nResult=1
20200107-191059<INFO :0xf5dffb40>: [PlayerCreator] Created role MinhZao, ServerID=2325366
20200107-191118<INFO :0xf53ffb40>: [CheckCRC] CheckRoleData tinykidpro.MinhZao dwCRC=09C3D6C0/09C3D6C0 nResult=1
20200107-191923<INFO :0xf17ffb40>: [CheckCRC] CheckRoleData tinykidpro.MinhZao dwCRC=E8E22DA7/E8E22DA7 nResult=1
20200107-192459<INFO :0xf17ffb40>: [CheckCRC] CheckRoleData tinykidpro.MinhZao dwCRC=0E292F3B/0E292F3B nResult=1
20200107-192630<INFO :0xf5dffb40>: [PlayerCreator] Created role minhgiao, ServerID=2325367
20200107-192645<INFO :0xf21ffb40>: [CheckCRC] CheckRoleData tinykidpro.minhgiao dwCRC=81906AC1/81906AC1 nResult=1
20200107-193647<INFO :0xf3fffb40>: [CheckCRC] CheckRoleData tinykidpro.minhgiao dwCRC=6638B03A/6638B03A nResult=1
20200107-193711<INFO :0xf5dffb40>: [PlayerCreator] Created role minhdao, ServerID=2325368
20200107-193727<INFO :0xf35ffb40>: [CheckCRC] CheckRoleData tinykidpro.minhdao dwCRC=655F891E/655F891E nResult=1
20200107-193744<INFO :0xf35ffb40>: [CheckCRC] CheckRoleData tinykidpro.minhdao dwCRC=44B425FD/44B425FD nResult=1
20200107-193748<INFO :0xf35ffb40>: [CheckCRC] CheckRoleData tinykidpro.minhdao dwCRC=37F740F7/37F740F7 nResult=1
20200107-193758<INFO :0xf35ffb40>: [CheckCRC] CheckRoleData tinykidpro.minhdao dwCRC=1D757BD9/1D757BD9 nResult=1
20200107-193826<INFO :0xf3fffb40>: [CheckCRC] CheckRoleData tinykidpro.minhdao dwCRC=ECACE676/ECACE676 nResult=1
20200107-193829<INFO :0xf35ffb40>: [CheckCRC] CheckRoleData tinykidpro.minhdao dwCRC=12FE17BC/12FE17BC nResult=1
20200107-195532<INFO :0xf2bffb40>: [CheckCRC] CheckRoleData tinykidpro.minhdao dwCRC=E1CB1E74/E1CB1E74 nResult=1
20200107-195656<INFO :0xf2bffb40>: [CheckCRC] CheckRoleData tinykidpro.minhdao dwCRC=40AD32D6/40AD32D6 nResult=1
20200107-195719<INFO :0xf5dffb40>: [PlayerCreator] Created role 123123123, ServerID=2325369
20200107-195733<INFO :0xf2bffb40>: [CheckCRC] CheckRoleData tinykidpro.123123123 dwCRC=DDCB27FA/DDCB27FA nResult=1
20200107-195801<INFO :0xf2bffb40>: [CheckCRC] CheckRoleData tinykidpro.123123123 dwCRC=9A86F780/9A86F780 nResult=1
20200107-195900<INFO :0xf2bffb40>: [CheckCRC] CheckRoleData tinykidpro.123123123 dwCRC=EC6D4581/EC6D4581 nResult=1
20200107-195904<INFO :0xf2bffb40>: [CheckCRC] CheckRoleData tinykidpro.123123123 dwCRC=EC1D165C/EC1D165C nResult=1
20200107-195916<INFO :0xf35ffb40>: [CheckCRC] CheckRoleData tinykidpro.123123123 dwCRC=CDA50AD3/CDA50AD3 nResult=1
20200107-195926<INFO :0xf35ffb40>: [CheckCRC] CheckRoleData tinykidpro.123123123 dwCRC=DE1901F0/DE1901F0 nResult=1
20200107-195926<INFO :0xf35ffb40>: [CheckCRC] CheckRoleData tinykidpro.123123123 dwCRC=C3000629/C3000629 nResult=1
20200107-200007<INFO :0xf35ffb40>: [CheckCRC] CheckRoleData tinykidpro.123123123 dwCRC=7C768658/7C768658 nResult=1
20200107-200043<INFO :0xf3fffb40>: [CheckCRC] CheckRoleData tinykidpro.123123123 dwCRC=9570578A/9570578A nResult=1
20200107-200148<INFO :0xf35ffb40>: [CheckCRC] CheckRoleData tinykidpro.123123123 dwCRC=DE4ED29C/DE4ED29C nResult=1
20200107-200149<INFO :0xf35ffb40>: [CheckCRC] CheckRoleData tinykidpro.123123123 dwCRC=4D8794E4/4D8794E4 nResult=1
20200107-200353<INFO :0xf35ffb40>: [CheckCRC] CheckRoleData tinykidpro.123123123 dwCRC=A51B8E15/A51B8E15 nResult=1
20200107-200402<INFO :0xf35ffb40>: [CheckCRC] CheckRoleData tinykidpro.123123123 dwCRC=6C3FB3B0/6C3FB3B0 nResult=1
20200107-200457<INFO :0xf35ffb40>: [CheckCRC] CheckRoleData tinykidpro.123123123 dwCRC=DEE4A2E4/DEE4A2E4 nResult=1
20200107-200503<INFO :0xf2bffb40>: [CheckCRC] CheckRoleData tinykidpro.123123123 dwCRC=87DCD7D0/87DCD7D0 nResult=1
20200107-200529<INFO :0xf5dffb40>: [PlayerCreator] Created role minhzao, ServerID=2325370
20200107-200558<INFO :0xf2bffb40>: [CheckCRC] CheckRoleData tinykidpro.minhzao dwCRC=07A0256B/07A0256B nResult=1
20200107-200652<INFO :0xf2bffb40>: [CheckCRC] CheckRoleData tinykidpro.minhzao dwCRC=73048EB9/73048EB9 nResult=1
20200107-200713<INFO :0xf2bffb40>: [CheckCRC] CheckRoleData tinykidpro.minhzao dwCRC=76B2CEE5/76B2CEE5 nResult=1
20200107-200714<INFO :0xf2bffb40>: [CheckCRC] CheckRoleData tinykidpro.minhzao dwCRC=F4221515/F4221515 nResult=1
20200107-200905<INFO :0xf2bffb40>: [CheckCRC] CheckRoleData tinykidpro.minhzao dwCRC=53FC52DF/53FC52DF nResult=1
20200107-200906<INFO :0xf2bffb40>: [CheckCRC] CheckRoleData tinykidpro.minhzao dwCRC=5D64B29A/5D64B29A nResult=1
20200107-200919<INFO :0xf2bffb40>: [CheckCRC] CheckRoleData tinykidpro.minhzao dwCRC=BD88E065/BD88E065 nResult=1
20200107-200926<INFO :0xf2bffb40>: [CheckCRC] CheckRoleData tinykidpro.minhzao dwCRC=EA192C92/EA192C92 nResult=1
20200107-201136<INFO :0xf35ffb40>: [CheckCRC] CheckRoleData tinykidpro.minhzao dwCRC=8BA50CD7/8BA50CD7 nResult=1
20200107-203707<INFO :0xf49ffb40>: [CheckCRC] CheckRoleData tinykidpro.EoPiKuTe dwCRC=960664EA/960664EA nResult=1
20200107-205207<INFO :0xf49ffb40>: [CheckCRC] CheckRoleData tinykidpro.EoPiKuTe dwCRC=BC4C99FC/BC4C99FC nResult=1
20200107-210023<INFO :0xf49ffb40>: [CheckCRC] CheckRoleData tinykidpro.EoPiKuTe dwCRC=592E7D41/592E7D41 nResult=1
20200107-210441<INFO :0xf49ffb40>: [CheckCRC] CheckRoleData tinykidpro.EoPiKuTe dwCRC=DE6280D0/DE6280D0 nResult=1
20200107-211003<INFO :0xf49ffb40>: [CheckCRC] CheckRoleData tinykidpro.EoPiKuTe dwCRC=89BB8428/89BB8428 nResult=1
20200107-211125<INFO :0xf53ffb40>: [CheckCRC] CheckRoleData ender.Ho∂S∏tNh©n dwCRC=7BA910D5/7BA910D5 nResult=1
20200107-211136<INFO :0xf49ffb40>: [CheckCRC] CheckRoleData tinykidpro.EoPiKuTe dwCRC=397A8B0D/397A8B0D nResult=1
20200107-211141<INFO :0xf49ffb40>: [CheckCRC] CheckRoleData tinykidpro.EoPiKuTe dwCRC=AA0D57B1/AA0D57B1 nResult=1
20200107-212027<INFO :0xf53ffb40>: [CheckCRC] CheckRoleData tinykidpro.EoPiKuTe dwCRC=A0C5A0BD/A0C5A0BD nResult=1
20200107-212107<INFO :0xf0dffb40>: [CheckCRC] CheckRoleData tinykidpro.EoPiKuTe dwCRC=B05147AE/B05147AE nResult=1
20200107-212121<INFO :0xf53ffb40>: [CheckCRC] CheckRoleData tinykidpro.EoPiKuTe dwCRC=033AA966/033AA966 nResult=1
20200107-212122<INFO :0xf53ffb40>: [CheckCRC] CheckRoleData tinykidpro.EoPiKuTe dwCRC=DE7AB2D2/DE7AB2D2 nResult=1
20200107-212122<INFO :0xf53ffb40>: [CheckCRC] CheckRoleData tinykidpro.EoPiKuTe dwCRC=524D3FFE/524D3FFE nResult=1
20200107-212123<INFO :0xf53ffb40>: [CheckCRC] CheckRoleData tinykidpro.EoPiKuTe dwCRC=CA9A267A/CA9A267A nResult=1
20200107-212123<INFO :0xf53ffb40>: [CheckCRC] CheckRoleData tinykidpro.EoPiKuTe dwCRC=EE7C3662/EE7C3662 nResult=1
20200107-212123<INFO :0xf53ffb40>: [CheckCRC] CheckRoleData tinykidpro.EoPiKuTe dwCRC=49A9EDFA/49A9EDFA nResult=1
20200107-212124<INFO :0xf53ffb40>: [CheckCRC] CheckRoleData tinykidpro.EoPiKuTe dwCRC=C52445FA/C52445FA nResult=1
20200107-212603<INFO :0xf53ffb40>: [CheckCRC] CheckRoleData tinykidpro.EoPiKuTe dwCRC=AED86AB7/AED86AB7 nResult=1
20200107-212604<INFO :0xf53ffb40>: [CheckCRC] CheckRoleData tinykidpro.EoPiKuTe dwCRC=E7EE8BBE/E7EE8BBE nResult=1
20200107-212604<INFO :0xf53ffb40>: [CheckCRC] CheckRoleData tinykidpro.EoPiKuTe dwCRC=2CF8C140/2CF8C140 nResult=1
20200107-212625<INFO :0xf53ffb40>: [CheckCRC] CheckRoleData ender.Ho∂S∏tNh©n dwCRC=071040D4/071040D4 nResult=1
20200107-213602<INFO :0xf53ffb40>: [CheckCRC] CheckRoleData tinykidpro.EoPiKuTe dwCRC=C78595A8/C78595A8 nResult=1
20200107-213635<INFO :0xf0dffb40>: [CheckCRC] CheckRoleData tinykidpro.EoPiKuTe dwCRC=FBA9DFB2/FBA9DFB2 nResult=1
20200107-213709<INFO :0xf5dffb40>: [PlayerCreator] Created role BÛtSaGµCh’t, ServerID=2325371
20200107-213812<INFO :0xf0dffb40>: [CheckCRC] CheckRoleData ender3.BÛtSaGµCh’t dwCRC=8740D27B/8740D27B nResult=1
20200107-213902<INFO :0xf0dffb40>: [CheckCRC] CheckRoleData ender3.BÛtSaGµCh’t dwCRC=C75EBC2A/C75EBC2A nResult=1
20200107-213905<INFO :0xf0dffb40>: [CheckCRC] CheckRoleData ender3.BÛtSaGµCh’t dwCRC=20879569/20879569 nResult=1
20200107-214125<INFO :0xf53ffb40>: [CheckCRC] CheckRoleData ender.Ho∂S∏tNh©n dwCRC=1E1B7610/1E1B7610 nResult=1
20200107-214144<INFO :0xf53ffb40>: [CheckCRC] CheckRoleData tinykidpro.EoPiKuTe dwCRC=EF520EE0/EF520EE0 nResult=1
20200107-214422<INFO :0xf53ffb40>: [CheckCRC] CheckRoleData ender.Ho∂S∏tNh©n dwCRC=04A0709E/04A0709E nResult=1
20200107-215412<INFO :0xf0dffb40>: [CheckCRC] CheckRoleData ender3.BÛtSaGµCh’t dwCRC=33717892/33717892 nResult=1
20200107-215643<INFO :0xf0dffb40>: [CheckCRC] CheckRoleData tinykidpro.EoPiKuTe dwCRC=67861BF2/67861BF2 nResult=1
20200107-215648<INFO :0xf0dffb40>: [CheckCRC] CheckRoleData tinykidpro.EoPiKuTe dwCRC=81CA5E89/81CA5E89 nResult=1
20200107-215922<INFO :0xf0dffb40>: [CheckCRC] CheckRoleData ender.Ho∂S∏tNh©n dwCRC=85DA72DB/85DA72DB nResult=1
20200107-220912<INFO :0xf0dffb40>: [CheckCRC] CheckRoleData ender3.BÛtSaGµCh’t dwCRC=94D4CAB6/94D4CAB6 nResult=1
20200107-221148<INFO :0xf0dffb40>: [CheckCRC] CheckRoleData tinykidpro.EoPiKuTe dwCRC=9AEFBFFD/9AEFBFFD nResult=1
20200107-221346<INFO :0xf0dffb40>: [CheckCRC] CheckRoleData tinykidpro.EoPiKuTe dwCRC=62377274/62377274 nResult=1
20200107-221422<INFO :0xf0dffb40>: [CheckCRC] CheckRoleData ender.Ho∂S∏tNh©n dwCRC=28901C5A/28901C5A nResult=1
20200107-221744<INFO :0xf0dffb40>: [CheckCRC] CheckRoleData tinykidpro.EoPiKuTe dwCRC=28733906/28733906 nResult=1
20200107-222412<INFO :0xf0dffb40>: [CheckCRC] CheckRoleData ender3.BÛtSaGµCh’t dwCRC=DABD03D3/DABD03D3 nResult=1
20200107-222922<INFO :0xf0dffb40>: [CheckCRC] CheckRoleData ender.Ho∂S∏tNh©n dwCRC=7F590851/7F590851 nResult=1
20200107-223454<INFO :0xf0dffb40>: [CheckCRC] CheckRoleData ender3.BÛtSaGµCh’t dwCRC=19593B51/19593B51 nResult=1
20200107-224314<INFO :0xf0dffb40>: [CheckCRC] CheckRoleData ender.Ho∂S∏tNh©n dwCRC=6F15B8C8/6F15B8C8 nResult=1
20200107-225813<INFO :0xf49ffb40>: [CheckCRC] CheckRoleData ender.Ho∂S∏tNh©n dwCRC=D0EEDA88/D0EEDA88 nResult=1
20200107-230619<INFO :0xf49ffb40>: [CheckCRC] CheckRoleData ender.Ho∂S∏tNh©n dwCRC=6188E5CC/6188E5CC nResult=1
20200107-231225<INFO :0xf53ffb40>: [CheckCRC] CheckRoleData ender.Ho∂S∏tNh©n dwCRC=936C5F1C/936C5F1C nResult=1
