20200103-134801	INFO	[vËt phÈm lªn tay ng­êi ch¬i] [Tµi kho¶n : thuong] [Nh©n vËt: EoPiCon][Tªn vËt phÈm:S­ §å ThiÕp]
20200103-134801	INFO	[vËt phÈm lªn tay ng­êi ch¬i] [Tµi kho¶n : thuong] [Nh©n vËt: EoPiCon][Tªn vËt phÈm:CÈm Nang §¹i Sù KiÖn]
20200103-134801	INFO	[vËt phÈm lªn tay ng­êi ch¬i] [Tµi kho¶n : thuong] [Nh©n vËt: EoPiCon][Tªn vËt phÈm:NguyÖt L­îng Thè luy]
20200103-134801	INFO	[vËt phÈm lªn tay ng­êi ch¬i] [Tµi kho¶n : thuong] [Nh©n vËt: EoPiCon][Tªn vËt phÈm:TiÕu ng¹o giang hå l]
20200103-134801	INFO	[vËt phÈm lªn tay ng­êi ch¬i] [Tµi kho¶n : thuong] [Nh©n vËt: EoPiCon][Tªn vËt phÈm:EoPi Noriko]
20200103-134805	INFO	[vËt phÈm lªn tay ng­êi ch¬i] [Tµi kho¶n : thuong] [Nh©n vËt: EoPiCon][Tªn vËt phÈm:Tñ ¸o Thiªn BiÕn TiÕ]
20200103-135648	ERR!	[playerattr abnormal][Account: thuong][RoleName: EoPiCon][Level: 90][Attr: 4,4,2,5,5 - 1 (691)][Task: 0]
20200103-135649	INFO	[vËt phÈm lªn tay ng­êi ch¬i] [Tµi kho¶n : thuong] [Nh©n vËt: EoPiCon][Tªn vËt phÈm:Bøc th­ thÇn bİ]
20200103-135725	INFO	[vËt phÈm lªn tay ng­êi ch¬i] [Tµi kho¶n : thuong] [Nh©n vËt: EoPiCon][Tªn vËt phÈm:Bá ®i 1]
20200103-135725	INFO	[vËt phÈm lªn tay ng­êi ch¬i] [Tµi kho¶n : thuong] [Nh©n vËt: EoPiCon][Tªn vËt phÈm:Bá ®i 2]
20200103-135725	INFO	[vËt phÈm lªn tay ng­êi ch¬i] [Tµi kho¶n : thuong] [Nh©n vËt: EoPiCon][Tªn vËt phÈm:Bá ®i 3]
20200103-135725	INFO	[vËt phÈm lªn tay ng­êi ch¬i] [Tµi kho¶n : thuong] [Nh©n vËt: EoPiCon][Tªn vËt phÈm:Bá ®i 4]
20200103-135743	INFO	[vËt phÈm lªn tay ng­êi ch¬i] [Tµi kho¶n : thuong] [Nh©n vËt: EoPiCon][Tªn vËt phÈm:DiÖu D­¬ng Thiªn Cun]
20200103-135743	INFO	[vËt phÈm lªn tay ng­êi ch¬i] [Tµi kho¶n : thuong] [Nh©n vËt: EoPiCon][Tªn vËt phÈm:DiÖu D­¬ng Thiªn Cun]
20200103-135743	INFO	[vËt phÈm lªn tay ng­êi ch¬i] [Tµi kho¶n : thuong] [Nh©n vËt: EoPiCon][Tªn vËt phÈm:DiÖu D­¬ng Thiªn Cun]
20200103-135743	INFO	[vËt phÈm lªn tay ng­êi ch¬i] [Tµi kho¶n : thuong] [Nh©n vËt: EoPiCon][Tªn vËt phÈm:DiÖu D­¬ng Thiªn Cun]
20200103-135743	INFO	[vËt phÈm lªn tay ng­êi ch¬i] [Tµi kho¶n : thuong] [Nh©n vËt: EoPiCon][Tªn vËt phÈm:DiÖu D­¬ng Thiªn Cun]
20200103-135743	INFO	[vËt phÈm lªn tay ng­êi ch¬i] [Tµi kho¶n : thuong] [Nh©n vËt: EoPiCon][Tªn vËt phÈm:DiÖu D­¬ng-§é ¸ch T«]
20200103-135743	INFO	[vËt phÈm lªn tay ng­êi ch¬i] [Tµi kho¶n : thuong] [Nh©n vËt: EoPiCon][Tªn vËt phÈm:DiÖu D­¬ng-§é ¸ch T«]
20200103-135743	INFO	[vËt phÈm lªn tay ng­êi ch¬i] [Tµi kho¶n : thuong] [Nh©n vËt: EoPiCon][Tªn vËt phÈm:DiÖu D­¬ng-§é ¸ch T«]
20200103-135743	INFO	[vËt phÈm lªn tay ng­êi ch¬i] [Tµi kho¶n : thuong] [Nh©n vËt: EoPiCon][Tªn vËt phÈm:DiÖu D­¬ng-§é ¸ch T«]
20200103-135800	INFO	[vËt phÈm lªn tay ng­êi ch¬i] [Tµi kho¶n : thuong] [Nh©n vËt: EoPiCon][Tªn vËt phÈm:EoPi Noriko]
20200103-135805	INFO	[vËt phÈm lªn tay ng­êi ch¬i] [Tµi kho¶n : thuong] [Nh©n vËt: EoPiCon][Tªn vËt phÈm:Thiªn PhËt Ch©u]
20200103-135805	INFO	[vËt phÈm lªn tay ng­êi ch¬i] [Tµi kho¶n : thuong] [Nh©n vËt: EoPiCon][Tªn vËt phÈm:Ph¸ Ma Chó]
20200103-140115	INFO	[vËt phÈm lªn tay ng­êi ch¬i] [Tµi kho¶n : thuong] [Nh©n vËt: EoPiCon][Tªn vËt phÈm:Thiªn PhËt Ch©u]
20200103-140115	INFO	[vËt phÈm lªn tay ng­êi ch¬i] [Tµi kho¶n : thuong] [Nh©n vËt: EoPiCon][Tªn vËt phÈm:Ph¸ Ma Chó]
20200103-140534	INFO	[vËt phÈm lªn tay ng­êi ch¬i] [Tµi kho¶n : thuong] [Nh©n vËt: EoPiCon][Tªn vËt phÈm:Thiªn Kiªu LÖnh]
