20200103-111332	INFO	[vหt phศm lชn tay ngญ๊i chฌi] [Tตi khoถn : thuong] [Nhฉn vหt: EopiThuong][Tชn vหt phศm:ธo Choตng Ng๒ Hตnh ข]
20200103-111332	INFO	[vหt phศm lชn tay ngญ๊i chฌi] [Tตi khoถn : thuong] [Nhฉn vหt: EopiThuong][Tชn vหt phศm:Huy Chญฌng ขm Chี ng]
20200103-111332	INFO	[vหt phศm lชn tay ngญ๊i chฌi] [Tตi khoถn : thuong] [Nhฉn vหt: EopiThuong][Tชn vหt phศm:Chiีn Hตi ขm Chี ng๒]
20200103-111338	INFO	[vหt phศm lชn tay ngญ๊i chฌi] [Tตi khoถn : thuong] [Nhฉn vหt: EopiThuong][Tชn vหt phศm:Diึu Dญฌng Thiชn Cun]
20200103-111338	INFO	[vหt phศm lชn tay ngญ๊i chฌi] [Tตi khoถn : thuong] [Nhฉn vหt: EopiThuong][Tชn vหt phศm:Diึu Dญฌng Thiชn Cun]
20200103-111338	INFO	[vหt phศm lชn tay ngญ๊i chฌi] [Tตi khoถn : thuong] [Nhฉn vหt: EopiThuong][Tชn vหt phศm:Diึu Dญฌng Thiชn Cun]
20200103-111338	INFO	[vหt phศm lชn tay ngญ๊i chฌi] [Tตi khoถn : thuong] [Nhฉn vหt: EopiThuong][Tชn vหt phศm:Diึu Dญฌng Thiชn Cun]
20200103-111338	INFO	[vหt phศm lชn tay ngญ๊i chฌi] [Tตi khoถn : thuong] [Nhฉn vหt: EopiThuong][Tชn vหt phศm:Diึu Dญฌng Thiชn Cun]
20200103-111338	INFO	[vหt phศm lชn tay ngญ๊i chฌi] [Tตi khoถn : thuong] [Nhฉn vหt: EopiThuong][Tชn vหt phศm:Diึu Dญฌng-Vซ C๙c Th]
20200103-111338	INFO	[vหt phศm lชn tay ngญ๊i chฌi] [Tตi khoถn : thuong] [Nhฉn vหt: EopiThuong][Tชn vหt phศm:Diึu Dญฌng-Vซ C๙c Th]
20200103-111338	INFO	[vหt phศm lชn tay ngญ๊i chฌi] [Tตi khoถn : thuong] [Nhฉn vหt: EopiThuong][Tชn vหt phศm:Diึu Dญฌng-Vซ C๙c Th]
20200103-111338	INFO	[vหt phศm lชn tay ngญ๊i chฌi] [Tตi khoถn : thuong] [Nhฉn vหt: EopiThuong][Tชn vหt phศm:Diึu Dญฌng-Vซ C๙c Th]
20200103-111421	INFO	[vหt phศm lชn tay ngญ๊i chฌi] [Tตi khoถn : thuong] [Nhฉn vหt: EopiThuong][Tชn vหt phศm:HuyีtTrchThนch Lv1]
20200103-111421	INFO	[vหt phศm lชn tay ngญ๊i chฌi] [Tตi khoถn : thuong] [Nhฉn vหt: EopiThuong][Tชn vหt phศm:NguyึtBนchThนch Lv1]
20200103-111421	INFO	[vหt phศm lชn tay ngญ๊i chฌi] [Tตi khoถn : thuong] [Nhฉn vหt: EopiThuong][Tชn vหt phศm:Hๆ Phธch Thนch Cสp 1]
20200103-111421	INFO	[vหt phศm lชn tay ngญ๊i chฌi] [Tตi khoถn : thuong] [Nhฉn vหt: EopiThuong][Tชn vหt phศm:Hพc Diึu Thนch Cสp 1]
20200103-111428	INFO	[vหt phศm lชn tay ngญ๊i chฌi] [Tตi khoถn : thuong] [Nhฉn vหt: EopiThuong][Tชn vหt phศm:ธo Choตng Ng๒ Hตnh ข]
20200103-111428	INFO	[vหt phศm lชn tay ngญ๊i chฌi] [Tตi khoถn : thuong] [Nhฉn vหt: EopiThuong][Tชn vหt phศm:Huy Chญฌng ขm Chี ng]
20200103-111428	INFO	[vหt phศm lชn tay ngญ๊i chฌi] [Tตi khoถn : thuong] [Nhฉn vหt: EopiThuong][Tชn vหt phศm:Chiีn Hตi ขm Chี ng๒]
20200103-111438	INFO	[vหt phศm lชn tay ngญ๊i chฌi] [Tตi khoถn : thuong] [Nhฉn vหt: EopiThuong][Tชn vหt phศm:Cตn Khซn ph๏]
20200103-111438	INFO	[vหt phศm lชn tay ngญ๊i chฌi] [Tตi khoถn : thuong] [Nhฉn vหt: EopiThuong][Tชn vหt phศm:H้i Minh Lึnh Bตi]
20200103-112431	INFO	[vหt phศm lชn tay ngญ๊i chฌi] [Tตi khoถn : thuong] [Nhฉn vหt: EopiThuong][Tชn vหt phศm:Vนn Vหt Quy Nguyชn ง]
20200103-113138	INFO	[vหt phศm lชn tay ngญ๊i chฌi] [Tตi khoถn : thuong] [Nhฉn vหt: EoPiCon][Tชn vหt phศm:Sญ งๅ Thiีp]
20200103-113138	INFO	[vหt phศm lชn tay ngญ๊i chฌi] [Tตi khoถn : thuong] [Nhฉn vหt: EoPiCon][Tชn vหt phศm:Cศm Nang งนi S๙ Kiึn]
20200103-113138	INFO	[vหt phศm lชn tay ngญ๊i chฌi] [Tตi khoถn : thuong] [Nhฉn vหt: EoPiCon][Tชn vหt phศm:Nguyึt Lญ๎ng Th่ luy]
20200103-113138	INFO	[vหt phศm lชn tay ngญ๊i chฌi] [Tตi khoถn : thuong] [Nhฉn vหt: EoPiCon][Tชn vหt phศm:Tiีu ngนo giang hๅ l]
20200103-113138	INFO	[vหt phศm lชn tay ngญ๊i chฌi] [Tตi khoถn : thuong] [Nhฉn vหt: EoPiCon][Tชn vหt phศm:EoPi Noriko]
