ChangeLogFile: FirstWrite=1, CurrentLine=0/65535 LastTime=1900-1-0 0:0:0
20200209-152338<INFO :0xf73fe700>: [GameSvr][Version:Nov 14 2014 15:55:00] begin start up...
20200209-152338<INFO :0xf73fe700>: Succeeded in loading version.ini. Lower Version:341 Upper Version:345
20200209-152338<INFO :0xf73fe700>: [verify_up2date]...
20200209-152338<INFO :0xf73fe700>: >Current lang is [gb18030]
20200209-152338<INFO :0xf73fe700>: >Welcome to use [verify_up2date](version: 2.3.4 [2018-02-25]) tool. 
20200209-152338<INFO :0xf73fe700>: >Time duration: 7.95082ms 
20200209-152338<INFO :0xf73fe700>: >
20200209-152338<INFO :0xf73fe700>: >Finish, my exit code is: 0
20200209-152338<INFO :0xf73fe700>: |shell cmd result is 0
20200209-152338<INFO :0xf73fe700>: ExecShellCmd [./verify_up2date -op=vef -d="/home/server/gs" ] ret=0
20200209-152338<INFO :0xf73fe700>: [verify_up2date] ok
20200209-152338<INFO :0xf73fe700>: This ServerIP : 127.0.0.1 : 192.168.1.8
20200209-152338<INFO :0xf73fe700>: [GameServer Type] RealmType=0, IsMatchRealm=0
20200209-152338<INFO :0xf73fe700>: IS_KINGSOFT_INNER_VERSION=0|0
20200209-152338<INFO :0xf73fe700>: IS_EXP_SVR=0|0
20200209-152338<ERROR:0xf73fe700>: SetSpecialSwitch(Index=3,bOpen=1,AccessCode=1024232298) ok, result=1
20200209-152338<INFO :0xf73fe700>: [GameServer] ServerCount=1, ServerIndex=1
20200209-152338<INFO :0xf73fe700>: [GlovalVariable] gblvarDefaultCriticalHitRate=5
20200209-152338<INFO :0xf73fe700>: [GlovalVariable] gblvarMinCriticalHitRate=0
20200209-152338<INFO :0xf73fe700>: [GlovalVariable] gblvarMaxCriticalHitRate=50
20200209-152338<INFO :0xf73fe700>: [GlovalVariable] gblvarDefaultCriticalHitDamageAddPct=10
20200209-152338<INFO :0xf73fe700>: [GlovalVariable] gblvarMinCriticalHitDamageAddPct=0
20200209-152338<INFO :0xf73fe700>: [GlovalVariable] gblvarMaxCriticalHitDamageAddPct=300
20200209-152338<INFO :0xf73fe700>: [GlovalVariable] gblvarPlayerDogeParaA=5
20200209-152338<INFO :0xf73fe700>: [GlovalVariable] gblvarPlayerDogeParaB=5
20200209-152338<INFO :0xf73fe700>: [GlovalVariable] gblvarMinHitRatePlayer=75
20200209-152338<INFO :0xf73fe700>: [GlovalVariable] gblvarMaxHitRatePlayer=100
20200209-152338<INFO :0xf73fe700>: [GlovalVariable] gblvarNpcDogeParaA=10
20200209-152338<INFO :0xf73fe700>: [GlovalVariable] gblvarNpcDogeParaB=10
20200209-152338<INFO :0xf73fe700>: [GlovalVariable] gblvarMinHitRateNpc=50
20200209-152338<INFO :0xf73fe700>: [GlovalVariable] gblvarMaxHitRateNpc=100
20200209-152338<INFO :0xf73fe700>: [GlovalVariable] gblvarTransLife2DogePara=10000
20200209-152338<INFO :0xf73fe700>: [GlovalVariable] gblvarLevel2DogePara=1000
20200209-152338<INFO :0xf73fe700>: [GlovalVariable] gblvarStrength2DogePara=100
20200209-152338<INFO :0xf73fe700>: [GlovalVariable] gblvarDesterity2DogePara=100
20200209-152338<INFO :0xf73fe700>: [GlovalVariable] gblvarEnergy2DogePara=100
20200209-152338<INFO :0xf73fe700>: [GlovalVariable] gblvarVitality2DogePara=100
20200209-152338<INFO :0xf73fe700>: [GlovalVariable] gblvarObserve2DogePara=100
20200209-152338<INFO :0xf73fe700>: [GlovalVariable] gblvarTransLife2HitPara=8500
20200209-152338<INFO :0xf73fe700>: [GlovalVariable] gblvarLevel2HitPara=850
20200209-152338<INFO :0xf73fe700>: [GlovalVariable] gblvarStrength2HitPara=85
20200209-152338<INFO :0xf73fe700>: [GlovalVariable] gblvarDesterity2HitPara=85
20200209-152338<INFO :0xf73fe700>: [GlovalVariable] gblvarEnergy2HitPara=85
20200209-152338<INFO :0xf73fe700>: [GlovalVariable] gblvarVitality2HitPara=85
20200209-152338<INFO :0xf73fe700>: [GlovalVariable] gblvarObserve2HitPara=85
20200209-152338<INFO :0xf73fe700>: [CustomAward] 49 lines loaded from [\settings\item\custom_award\custom_award_group.txt]
20200209-152338<INFO :0xf73fe700>: [CustomAward] 558 lines loaded from \settings\item\custom_award\custom_award_list.txt
20200209-152338<INFO :0xf73fe700>: [CustomAward] 5 lines loaded from \settings\item\custom_award\custom_consume_list.txt
20200209-152338<INFO :0xf73fe700>: [CustomAward] total AwardId=558/563/65534
20200209-152338<INFO :0xf73fe700>: [CustomAward] RandSeed = 1536066167
20200209-152339<ERROR:0xf73fe700>: Skill	Unexpected Skill ID 1261 at row SkillSet22, section SkillStateMutex of file \settings\skill\skill_mutex.ini!
20200209-152339<ERROR:0xf73fe700>: Skill	Unexpected Skill ID 1202 at row SkillSet20, section SkillCDShare of file \settings\skill\skill_mutex.ini!
20200209-152339<INFO :0xf73fe700>: Loading All Scripts....................
20200209-152340<WARN :0xf73fe700>: ****PreOpen [3/1365] packed script file (\settings\static_script\missions\cangjianshanzhuang\mission.lua) fail, file maybe in out pack directory****
20200209-152340<WARN :0xf73fe700>: ****PreOpen [5/1365] packed script file (\settings\static_script\vip_feedback_system\ib_consumme_level.lua) fail, file maybe in out pack directory****
20200209-152340<WARN :0xf73fe700>: ****PreOpen [11/1365] packed script file (\settings\static_script\missions\hunduantongtianding\trap\trap3.lua) fail, file maybe in out pack directory****
20200209-152340<WARN :0xf73fe700>: ****PreOpen [12/1365] packed script file (\settings\static_script\missions\hunduantongtianding\head.lua) fail, file maybe in out pack directory****
20200209-152340<WARN :0xf73fe700>: ****PreOpen [14/1365] packed script file (\settings\static_script\online\olympic\oly_define.lua) fail, file maybe in out pack directory****
20200209-152340<WARN :0xf73fe700>: ****PreOpen [16/1365] packed script file (\settings\static_script\meridian\meridian_level_update_4.lua) fail, file maybe in out pack directory****
20200209-152340<WARN :0xf73fe700>: ****PreOpen [21/1365] packed script file (\settings\static_script\meridian\meridian_level_update_3.lua) fail, file maybe in out pack directory****
20200209-152340<WARN :0xf73fe700>: ****PreOpen [29/1365] packed script file (\settings\static_script\lib\item_define.lua) fail, file maybe in out pack directory****
20200209-152340<WARN :0xf73fe700>: ****PreOpen [33/1365] packed script file (\settings\static_script\kf_newbattles\battle_medicine_item.lua) fail, file maybe in out pack directory****
20200209-152340<WARN :0xf73fe700>: ****PreOpen [36/1365] packed script file (\settings\static_script\missions\hunduantongtianding\trap\trap2.lua) fail, file maybe in out pack directory****
20200209-152340<WARN :0xf73fe700>: ****PreOpen [40/1365] packed script file (\settings\static_script\kf_newbattles\emplacementbattle\shaqi_box.lua) fail, file maybe in out pack directory****
20200209-152340<WARN :0xf73fe700>: ****PreOpen [42/1365] packed script file (\settings\static_script\kf_newbattles\resourcebattle\resourcebattle_head.lua) fail, file maybe in out pack directory****
20200209-152340<WARN :0xf73fe700>: ****PreOpen [43/1365] packed script file (\settings\static_script\exchg_server\exchange_server_npc.lua) fail, file maybe in out pack directory****
20200209-152340<WARN :0xf73fe700>: ****PreOpen [45/1365] packed script file (\settings\static_script\kf_newbattles\mainbattle\soldier_npc.lua) fail, file maybe in out pack directory****
20200209-152340<WARN :0xf73fe700>: ****PreOpen [47/1365] packed script file (\settings\static_script\meridian\meridian_level_update_2.lua) fail, file maybe in out pack directory****
20200209-152340<WARN :0xf73fe700>: ****PreOpen [51/1365] packed script file (\settings\static_script\missions\hunduantongtianding\trap\trap1.lua) fail, file maybe in out pack directory****
20200209-152340<WARN :0xf73fe700>: ****PreOpen [65/1365] packed script file (\settings\static_script\global\regular_clear_task_byapp.lua) fail, file maybe in out pack directory****
20200209-152340<WARN :0xf73fe700>: ****PreOpen [68/1365] packed script file (\settings\static_script\kf_newbattles\mainbattle_primary\mainbattle_head.lua) fail, file maybe in out pack directory****
20200209-152340<WARN :0xf73fe700>: ****PreOpen [70/1365] packed script file (\settings\static_script\meridian\meridian_level_update_1.lua) fail, file maybe in out pack directory****
20200209-152340<WARN :0xf73fe700>: ****PreOpen [75/1365] packed script file (\settings\static_script\kf_newbattles\mainbattle\refugee_receive_npc.lua) fail, file maybe in out pack directory****
20200209-152340<WARN :0xf73fe700>: ****PreOpen [88/1365] packed script file (\settings\static_script\kf_newbattles\villagebattle\targetnpc_npc.lua) fail, file maybe in out pack directory****
20200209-152340<WARN :0xf73fe700>: ****PreOpen [97/1365] packed script file (\settings\static_script\missions\hunduantongtianding\trap\trap6.lua) fail, file maybe in out pack directory****
20200209-152340<WARN :0xf73fe700>: ****PreOpen [99/1365] packed script file (\settings\static_script\missions\cangjianshanzhuang\jt_npc.lua) fail, file maybe in out pack directory****
20200209-152340<WARN :0xf73fe700>: ****PreOpen [111/1365] packed script file (\settings\static_script\misc\observer\observer_ksg_reg.lua) fail, file maybe in out pack directory****
20200209-152340<WARN :0xf73fe700>: ****PreOpen [112/1365] packed script file (\settings\static_script\kf_newbattles\sign_up_primary_npc.lua) fail, file maybe in out pack directory****
20200209-152340<WARN :0xf73fe700>: ****PreOpen [113/1365] packed script file (\settings\static_script\meridian\meridian_level_update_6.lua) fail, file maybe in out pack directory****
20200209-152340<WARN :0xf73fe700>: ****PreOpen [114/1365] packed script file (\settings\static_script\kf_newbattles\emplacementbattle\position.lua) fail, file maybe in out pack directory****
20200209-152340<WARN :0xf73fe700>: ****PreOpen [118/1365] packed script file (\settings\static_script\kf_newbattles\mainbattle\mission\mission_head.lua) fail, file maybe in out pack directory****
20200209-152340<WARN :0xf73fe700>: ****PreOpen [119/1365] packed script file (\settings\static_script\missions\hunduantongtianding\trap\trap5.lua) fail, file maybe in out pack directory****
20200209-152340<WARN :0xf73fe700>: ****PreOpen [122/1365] packed script file (\settings\static_script\kf_newbattles\mainbattle\anti_cheat\npc_monster.lua) fail, file maybe in out pack directory****
20200209-152340<WARN :0xf73fe700>: ****PreOpen [123/1365] packed script file (\settings\static_script\kf_newbattles\battleaward.lua) fail, file maybe in out pack directory****
20200209-152340<WARN :0xf73fe700>: ****PreOpen [125/1365] packed script file (\settings\static_script\kf_newbattles\resourcebattle\resource_npc.lua) fail, file maybe in out pack directory****
20200209-152340<WARN :0xf73fe700>: ****PreOpen [126/1365] packed script file (\settings\static_script\missions\hunduantongtianding\trap\trap4.lua) fail, file maybe in out pack directory****
20200209-152340<WARN :0xf73fe700>: ****PreOpen [128/1365] packed script file (\settings\static_script\kf_newbattles\mainbattle\trap_front.lua) fail, file maybe in out pack directory****
20200209-152340<WARN :0xf73fe700>: ****PreOpen [145/1365] packed script file (\settings\static_script\meridian\meridian_level_update_5.lua) fail, file maybe in out pack directory****
20200209-152340<WARN :0xf73fe700>: ****PreOpen [166/1365] packed script file (\settings\static_script\vip_feedback_system\yinjuan_api.lua) fail, file maybe in out pack directory****
20200209-152340<WARN :0xf73fe700>: ****PreOpen [174/1365] packed script file (\settings\static_script\kf_newbattles\resourcebattle\quartermaster_npc.lua) fail, file maybe in out pack directory****
20200209-152340<WARN :0xf73fe700>: ****PreOpen [182/1365] packed script file (\settings\static_script\exchg_server\exchange_paycoin_head.lua) fail, file maybe in out pack directory****
20200209-152340<WARN :0xf73fe700>: ****PreOpen [183/1365] packed script file (\settings\static_script\kf_newbattles\resourcebattle\cateran_louluo_death.lua) fail, file maybe in out pack directory****
20200209-152340<WARN :0xf73fe700>: ****PreOpen [194/1365] packed script file (\settings\static_script\kf_newbattles\emplacementbattle\trap.lua) fail, file maybe in out pack directory****
20200209-152340<WARN :0xf73fe700>: ****PreOpen [195/1365] packed script file (\settings\static_script\online\olympic\oly_award_table.lua) fail, file maybe in out pack directory****
20200209-152340<WARN :0xf73fe700>: ****PreOpen [205/1365] packed script file (\settings\static_script\kf_newbattles\villagebattle\knowmandeath.lua) fail, file maybe in out pack directory****
20200209-152340<WARN :0xf73fe700>: ****PreOpen [213/1365] packed script file (\settings\static_script\exchg_server\exchange_server_func.lua) fail, file maybe in out pack directory****
20200209-152340<WARN :0xf73fe700>: ****PreOpen [239/1365] packed script file (\settings\static_script\kf_newbattles\battlestatistic.lua) fail, file maybe in out pack directory****
20200209-152340<WARN :0xf73fe700>: ****PreOpen [241/1365] packed script file (\settings\static_script\kf_newbattles\mainbattle_primary\box_death.lua) fail, file maybe in out pack directory****
20200209-152340<WARN :0xf73fe700>: ****PreOpen [250/1365] packed script file (\settings\static_script\kf_newbattles\emplacementbattle\emplacement_death.lua) fail, file maybe in out pack directory****
20200209-152340<WARN :0xf73fe700>: ****PreOpen [251/1365] packed script file (\settings\static_script\kf_newbattles\liao_primary_npc.lua) fail, file maybe in out pack directory****
20200209-152340<WARN :0xf73fe700>: ****PreOpen [259/1365] packed script file (\settings\static_script\global\tonginfo_task.lua) fail, file maybe in out pack directory****
20200209-152340<WARN :0xf73fe700>: ****PreOpen [263/1365] packed script file (\settings\static_script\kf_newbattles\mainbattle_primary\trigger.lua) fail, file maybe in out pack directory****
20200209-152340<WARN :0xf73fe700>: ****PreOpen [274/1365] packed script file (\settings\static_script\global\everyday_do.lua) fail, file maybe in out pack directory****
20200209-152340<WARN :0xf73fe700>: ****PreOpen [284/1365] packed script file (\settings\static_script\kf_newbattles\emplacementbattle\boss_death.lua) fail, file maybe in out pack directory****
20200209-152340<WARN :0xf73fe700>: ****PreOpen [285/1365] packed script file (\settings\static_script\meridian\meridian_title.lua) fail, file maybe in out pack directory****
20200209-152340<WARN :0xf73fe700>: ****PreOpen [320/1365] packed script file (\settings\static_script\missions\base\tmission.lua) fail, file maybe in out pack directory****
20200209-152340<WARN :0xf73fe700>: ****PreOpen [323/1365] packed script file (\settings\static_script\kf_newbattles\mainbattle_primary\npc_death.lua) fail, file maybe in out pack directory****
20200209-152340<WARN :0xf73fe700>: ****PreOpen [335/1365] packed script file (\settings\static_script\kf_newbattles\resourcebattle\hoe_item.lua) fail, file maybe in out pack directory****
20200209-152340<WARN :0xf73fe700>: ****PreOpen [347/1365] packed script file (\settings\static_script\kf_newbattles\mainbattle_primary\position.lua) fail, file maybe in out pack directory****
20200209-152340<WARN :0xf73fe700>: ****PreOpen [348/1365] packed script file (\settings\static_script\missions\base\missionaward_equip_tbl.lua) fail, file maybe in out pack directory****
20200209-152340<WARN :0xf73fe700>: ****PreOpen [349/1365] packed script file (\settings\static_script\kf_newbattles\battleactivity_head.lua) fail, file maybe in out pack directory****
20200209-152340<WARN :0xf73fe700>: ****PreOpen [354/1365] packed script file (\settings\static_script\gem\imp_item_gem_box.lua) fail, file maybe in out pack directory****
20200209-152340<WARN :0xf73fe700>: ****PreOpen [359/1365] packed script file (\settings\static_script\missions\cangjianshanzhuang\box_jingli.lua) fail, file maybe in out pack directory****
20200209-152340<WARN :0xf73fe700>: ****PreOpen [360/1365] packed script file (\settings\static_script\kf_newbattles\functions.lua) fail, file maybe in out pack directory****
20200209-152340<WARN :0xf73fe700>: ****PreOpen [362/1365] packed script file (\settings\static_script\missions\cangjianshanzhuang\mission_award.lua) fail, file maybe in out pack directory****
20200209-152340<WARN :0xf73fe700>: ****PreOpen [369/1365] packed script file (\settings\static_script\kf_newbattles\resourcebattle\position.lua) fail, file maybe in out pack directory****
20200209-152340<WARN :0xf73fe700>: ****PreOpen [374/1365] packed script file (\settings\static_script\kf_newbattles\mainbattle\anti_cheat\npc_jiaoguan.lua) fail, file maybe in out pack directory****
20200209-152340<WARN :0xf73fe700>: ****PreOpen [390/1365] packed script file (\settings\static_script\kf_newbattles\emplacementbattle\maingeneral_npc.lua) fail, file maybe in out pack directory****
20200209-152340<WARN :0xf73fe700>: ****PreOpen [393/1365] packed script file (\settings\static_script\missions\cangjianshanzhuang\npc\box_tong3.lua) fail, file maybe in out pack directory****
20200209-152340<WARN :0xf73fe700>: ****PreOpen [400/1365] packed script file (\settings\static_script\kf_newbattles\villagebattle\villagebattle_head.lua) fail, file maybe in out pack directory****
20200209-152340<WARN :0xf73fe700>: ****PreOpen [401/1365] packed script file (\settings\static_script\kf_newbattles\emplacementbattle\emplacementbattle_head.lua) fail, file maybe in out pack directory****
20200209-152340<WARN :0xf73fe700>: ****PreOpen [402/1365] packed script file (\settings\static_script\kf_newbattles\villagebattle\header_npc.lua) fail, file maybe in out pack directory****
20200209-152340<WARN :0xf73fe700>: ****PreOpen [412/1365] packed script file (\settings\static_script\gem\imp_npc_gem.lua) fail, file maybe in out pack directory****
20200209-152340<WARN :0xf73fe700>: ****PreOpen [438/1365] packed script file (\settings\static_script\kf_newbattles\resourcebattle\cateran_header_npc.lua) fail, file maybe in out pack directory****
20200209-152340<WARN :0xf73fe700>: ****PreOpen [450/1365] packed script file (\settings\static_script\kf_newbattles\trigger.lua) fail, file maybe in out pack directory****
20200209-152340<WARN :0xf73fe700>: ****PreOpen [459/1365] packed script file (\settings\static_script\kf_newbattles\battle_equipment_item.lua) fail, file maybe in out pack directory****
20200209-152340<WARN :0xf73fe700>: ****PreOpen [467/1365] packed script file (\settings\static_script\kf_newbattles\mainbattle\druggist_npc.lua) fail, file maybe in out pack directory****
20200209-152340<WARN :0xf73fe700>: ****PreOpen [472/1365] packed script file (\settings\static_script\kf_newbattles\resourcebattle\trap.lua) fail, file maybe in out pack directory****
20200209-152340<WARN :0xf73fe700>: ****PreOpen [478/1365] packed script file (\settings\static_script\kf_newbattles\resourcebattle\drum_item.lua) fail, file maybe in out pack directory****
20200209-152340<WARN :0xf73fe700>: ****PreOpen [482/1365] packed script file (\settings\static_script\kf_newbattles\mainbattle\anti_cheat\player_cheat_op.lua) fail, file maybe in out pack directory****
20200209-152340<WARN :0xf73fe700>: ****PreOpen [492/1365] packed script file (\settings\static_script\kf_newbattles\battle_book_item.lua) fail, file maybe in out pack directory****
20200209-152340<WARN :0xf73fe700>: ****PreOpen [494/1365] packed script file (\settings\static_script\lib\floyd.lua) fail, file maybe in out pack directory****
20200209-152340<WARN :0xf73fe700>: ****PreOpen [495/1365] packed script file (\settings\static_script\cheat\gm_item_tifuzhiyin.lua) fail, file maybe in out pack directory****
20200209-152340<WARN :0xf73fe700>: ****PreOpen [503/1365] packed script file (\settings\static_script\meridian\meridian_level_update_condition.lua) fail, file maybe in out pack directory****
20200209-152340<WARN :0xf73fe700>: ****PreOpen [521/1365] packed script file (\settings\static_script\missions\cangjianshanzhuang\runtime_data_stat.lua) fail, file maybe in out pack directory****
20200209-152340<WARN :0xf73fe700>: ****PreOpen [523/1365] packed script file (\settings\static_script\kf_newbattles\resourcebattle\refugee_npc.lua) fail, file maybe in out pack directory****
20200209-152340<WARN :0xf73fe700>: ****PreOpen [527/1365] packed script file (\settings\static_script\server_script.lua) fail, file maybe in out pack directory****
20200209-152340<WARN :0xf73fe700>: ****PreOpen [529/1365] packed script file (\settings\static_script\meridian\item_meridian_restore.lua) fail, file maybe in out pack directory****
20200209-152340<WARN :0xf73fe700>: ****PreOpen [541/1365] packed script file (\settings\static_script\kf_newbattles\quartermaster_npc.lua) fail, file maybe in out pack directory****
20200209-152340<WARN :0xf73fe700>: ****PreOpen [543/1365] packed script file (\settings\static_script\kf_newbattles\mainbattle\mission\timer.lua) fail, file maybe in out pack directory****
20200209-152340<WARN :0xf73fe700>: ****PreOpen [544/1365] packed script file (\settings\static_script\kf_newbattles\resourcebattle\maingeneral_npc.lua) fail, file maybe in out pack directory****
20200209-152340<WARN :0xf73fe700>: ****PreOpen [545/1365] packed script file (\settings\static_script\kf_newbattles\villagebattle\mission\mission.lua) fail, file maybe in out pack directory****
20200209-152340<WARN :0xf73fe700>: ****PreOpen [547/1365] packed script file (\settings\static_script\kf_newbattles\villagebattle\maingeneral_npc.lua) fail, file maybe in out pack directory****
20200209-152340<WARN :0xf73fe700>: ****PreOpen [562/1365] packed script file (\settings\static_script\missions\hunduantongtianding\player_death.lua) fail, file maybe in out pack directory****
20200209-152340<WARN :0xf73fe700>: ****PreOpen [571/1365] packed script file (\settings\static_script\kf_newbattles\mainbattle_primary\playerdeath.lua) fail, file maybe in out pack directory****
20200209-152340<WARN :0xf73fe700>: ****PreOpen [574/1365] packed script file (\settings\static_script\kf_newbattles\emplacementbattle\mission\timer.lua) fail, file maybe in out pack directory****
20200209-152340<WARN :0xf73fe700>: ****PreOpen [575/1365] packed script file (\settings\static_script\kf_newbattles\mainbattle\playerdeath.lua) fail, file maybe in out pack directory****
20200209-152340<WARN :0xf73fe700>: ****PreOpen [579/1365] packed script file (\settings\static_script\vip_feedback_system\vfs_define.lua) fail, file maybe in out pack directory****
20200209-152340<WARN :0xf73fe700>: ****PreOpen [588/1365] packed script file (\settings\static_script\kf_newbattles\resourcebattle\playerdeath.lua) fail, file maybe in out pack directory****
20200209-152340<WARN :0xf73fe700>: ****PreOpen [593/1365] packed script file (\settings\static_script\online\qianhe_tower\qht_define.lua) fail, file maybe in out pack directory****
20200209-152340<WARN :0xf73fe700>: ****PreOpen [598/1365] packed script file (\settings\static_script\kf_newbattles\mainbattle_primary\mission\injure_timer.lua) fail, file maybe in out pack directory****
20200209-152340<WARN :0xf73fe700>: ****PreOpen [603/1365] packed script file (\settings\static_script\missions\cangjianshanzhuang\npc\box_tong2.lua) fail, file maybe in out pack directory****
20200209-152340<WARN :0xf73fe700>: ****PreOpen [608/1365] packed script file (\settings\static_script\missions\cangjianshanzhuang\npc\box_tong1.lua) fail, file maybe in out pack directory****
20200209-152340<WARN :0xf73fe700>: ****PreOpen [617/1365] packed script file (\settings\static_script\kf_newbattles\resourcebattle\flag_item.lua) fail, file maybe in out pack directory****
20200209-152340<WARN :0xf73fe700>: ****PreOpen [626/1365] packed script file (\settings\static_script\missions\hunduantongtianding\runtime_data_stat.lua) fail, file maybe in out pack directory****
20200209-152340<WARN :0xf73fe700>: ****PreOpen [628/1365] packed script file (\settings\static_script\kf_newbattles\resourcebattle\mission\timer.lua) fail, file maybe in out pack directory****
20200209-152340<WARN :0xf73fe700>: ****PreOpen [634/1365] packed script file (\settings\static_script\kf_newbattles\mainbattle_primary\mission\mission_head.lua) fail, file maybe in out pack directory****
20200209-152340<WARN :0xf73fe700>: ****PreOpen [641/1365] packed script file (\settings\static_script\meridian\meridian_level_update.lua) fail, file maybe in out pack directory****
20200209-152340<WARN :0xf73fe700>: ****PreOpen [644/1365] packed script file (\settings\static_script\meridian\item_silingguiyuandan.lua) fail, file maybe in out pack directory****
20200209-152340<WARN :0xf73fe700>: ****PreOpen [648/1365] packed script file (\settings\static_script\misc\missionaward.lua) fail, file maybe in out pack directory****
20200209-152340<WARN :0xf73fe700>: ****PreOpen [662/1365] packed script file (\settings\static_script\kf_newbattles\mainbattle\maingeneral_npc.lua) fail, file maybe in out pack directory****
20200209-152340<WARN :0xf73fe700>: ****PreOpen [663/1365] packed script file (\settings\static_script\meridian\item_peiyuandan.lua) fail, file maybe in out pack directory****
20200209-152340<WARN :0xf73fe700>: ****PreOpen [667/1365] packed script file (\settings\static_script\kf_newbattles\emplacementbattle\mission\mission_head.lua) fail, file maybe in out pack directory****
20200209-152340<WARN :0xf73fe700>: ****PreOpen [669/1365] packed script file (\settings\static_script\global\regular_clear_task.lua) fail, file maybe in out pack directory****
20200209-152340<WARN :0xf73fe700>: ****PreOpen [681/1365] packed script file (\settings\static_script\meridian\item_xichendan_imp.lua) fail, file maybe in out pack directory****
20200209-152340<WARN :0xf73fe700>: ****PreOpen [686/1365] packed script file (\settings\static_script\kf_newbattles\emplacementbattle\soldier_npc.lua) fail, file maybe in out pack directory****
20200209-152340<WARN :0xf73fe700>: ****PreOpen [697/1365] packed script file (\settings\static_script\kf_newbattles\villagebattle\mission\mission_head.lua) fail, file maybe in out pack directory****
20200209-152340<WARN :0xf73fe700>: ****PreOpen [702/1365] packed script file (\settings\static_script\kf_newbattles\villagebattle\targetnpcdeath.lua) fail, file maybe in out pack directory****
20200209-152340<WARN :0xf73fe700>: ****PreOpen [713/1365] packed script file (\settings\static_script\kf_newbattles\mainbattle\trap_royal_road.lua) fail, file maybe in out pack directory****
20200209-152340<WARN :0xf73fe700>: ****PreOpen [714/1365] packed script file (\settings\static_script\kf_newbattles\emplacementbattle\mission\mission.lua) fail, file maybe in out pack directory****
20200209-152340<WARN :0xf73fe700>: ****PreOpen [720/1365] packed script file (\settings\static_script\misc\autocleaner\autocleaner_head.lua) fail, file maybe in out pack directory****
20200209-152340<WARN :0xf73fe700>: ****PreOpen [739/1365] packed script file (\settings\static_script\kf_newbattles\mainbattle_primary\trap_royal_road.lua) fail, file maybe in out pack directory****
20200209-152340<WARN :0xf73fe700>: ****PreOpen [743/1365] packed script file (\settings\static_script\kf_newbattles\mainbattle\anti_cheat\npc_caiji.lua) fail, file maybe in out pack directory****
20200209-152340<WARN :0xf73fe700>: ****PreOpen [746/1365] packed script file (\settings\static_script\kf_newbattles\villagebattle\trap.lua) fail, file maybe in out pack directory****
20200209-152340<WARN :0xf73fe700>: ****PreOpen [751/1365] packed script file (\settings\static_script\kf_newbattles\villagebattle\mission\timer.lua) fail, file maybe in out pack directory****
20200209-152340<WARN :0xf73fe700>: ****PreOpen [754/1365] packed script file (\settings\static_script\lib\teamfunctions.lua) fail, file maybe in out pack directory****
20200209-152340<WARN :0xf73fe700>: ****PreOpen [770/1365] packed script file (\settings\static_script\kf_newbattles\resourcebattle\soldier_npc.lua) fail, file maybe in out pack directory****
20200209-152340<WARN :0xf73fe700>: ****PreOpen [781/1365] packed script file (\settings\static_script\kf_newbattles\box_effect_head.lua) fail, file maybe in out pack directory****
20200209-152340<WARN :0xf73fe700>: ****PreOpen [782/1365] packed script file (\settings\static_script\kf_newbattles\emplacementbattle\playerdeath.lua) fail, file maybe in out pack directory****
20200209-152340<WARN :0xf73fe700>: ****PreOpen [794/1365] packed script file (\settings\static_script\meridian\npc_meridian_level_update.lua) fail, file maybe in out pack directory****
20200209-152340<WARN :0xf73fe700>: ****PreOpen [806/1365] packed script file (\settings\static_script\missions\hunduantongtianding\mission.lua) fail, file maybe in out pack directory****
20200209-152340<WARN :0xf73fe700>: ****PreOpen [809/1365] packed script file (\settings\static_script\kf_newbattles\mainbattle\refugee_talk_npc.lua) fail, file maybe in out pack directory****
20200209-152340<WARN :0xf73fe700>: ****PreOpen [815/1365] packed script file (\settings\static_script\runtime_data_stat\runtime_game_data_stat.lua) fail, file maybe in out pack directory****
20200209-152340<WARN :0xf73fe700>: ****PreOpen [816/1365] packed script file (\settings\static_script\missions\base\missionbase.lua) fail, file maybe in out pack directory****
20200209-152340<WARN :0xf73fe700>: ****PreOpen [820/1365] packed script file (\settings\static_script\exchg_server\exchgsvr_player_login.lua) fail, file maybe in out pack directory****
20200209-152340<WARN :0xf73fe700>: ****PreOpen [827/1365] packed script file (\settings\static_script\kf_newbattles\resourcebattle\mission\mission_head.lua) fail, file maybe in out pack directory****
20200209-152340<WARN :0xf73fe700>: ****PreOpen [831/1365] packed script file (\settings\static_script\vip_feedback_system\vfs_item_drug.lua) fail, file maybe in out pack directory****
20200209-152340<WARN :0xf73fe700>: ****PreOpen [833/1365] packed script file (\settings\static_script\missions\base\runtime_data_stat.lua) fail, file maybe in out pack directory****
20200209-152340<WARN :0xf73fe700>: ****PreOpen [834/1365] packed script file (\settings\static_script\kf_newbattles\mainbattle_primary\mission\timer.lua) fail, file maybe in out pack directory****
20200209-152340<WARN :0xf73fe700>: ****PreOpen [841/1365] packed script file (\settings\static_script\kf_newbattles\mainbattle\assistant_hirer_npc.lua) fail, file maybe in out pack directory****
20200209-152340<WARN :0xf73fe700>: ****PreOpen [842/1365] packed script file (\settings\static_script\kf_newbattles\mainbattle_primary\maingeneral_npc.lua) fail, file maybe in out pack directory****
20200209-152340<WARN :0xf73fe700>: ****PreOpen [846/1365] packed script file (\settings\static_script\item\item_jungongzhang_exchg_imp.lua) fail, file maybe in out pack directory****
20200209-152340<WARN :0xf73fe700>: ****PreOpen [902/1365] packed script file (\settings\static_script\kf_newbattles\battle_equipment_jungong_or_junxian.lua) fail, file maybe in out pack directory****
20200209-152340<WARN :0xf73fe700>: ****PreOpen [909/1365] packed script file (\settings\static_script\kf_newbattles\villagebattle\playerdeath.lua) fail, file maybe in out pack directory****
20200209-152340<WARN :0xf73fe700>: ****PreOpen [912/1365] packed script file (\settings\static_script\missions\hunduantongtianding\item\item_smatianmensuipian.lua) fail, file maybe in out pack directory****
20200209-152340<WARN :0xf73fe700>: ****PreOpen [928/1365] packed script file (\settings\static_script\kf_newbattles\systemtimemessage\sub_battle_signup.lua) fail, file maybe in out pack directory****
20200209-152340<WARN :0xf73fe700>: ****PreOpen [934/1365] packed script file (\settings\static_script\online\general_award_group.lua) fail, file maybe in out pack directory****
20200209-152340<WARN :0xf73fe700>: ****PreOpen [935/1365] packed script file (\settings\static_script\kf_newbattles\resourcebattle\mission\mission.lua) fail, file maybe in out pack directory****
20200209-152340<WARN :0xf73fe700>: ****PreOpen [943/1365] packed script file (\settings\static_script\missions\base\mission_head.lua) fail, file maybe in out pack directory****
20200209-152340<WARN :0xf73fe700>: ****PreOpen [945/1365] packed script file (\settings\static_script\vip_feedback_system\vfs_main.lua) fail, file maybe in out pack directory****
20200209-152340<WARN :0xf73fe700>: ****PreOpen [946/1365] packed script file (\settings\static_script\missions\cangjianshanzhuang\wrx_npc.lua) fail, file maybe in out pack directory****
20200209-152340<WARN :0xf73fe700>: ****PreOpen [949/1365] packed script file (\settings\static_script\meridian\meridian_zhenqi_transmission.lua) fail, file maybe in out pack directory****
20200209-152340<WARN :0xf73fe700>: ****PreOpen [955/1365] packed script file (\settings\static_script\kf_newbattles\resourcebattle\angryvillager_death.lua) fail, file maybe in out pack directory****
20200209-152340<WARN :0xf73fe700>: ****PreOpen [963/1365] packed script file (\settings\static_script\missions\base\phasebase.lua) fail, file maybe in out pack directory****
20200209-152340<WARN :0xf73fe700>: ****PreOpen [964/1365] packed script file (\settings\static_script\kf_newbattles\emplacementbattle\npc_death.lua) fail, file maybe in out pack directory****
20200209-152340<WARN :0xf73fe700>: ****PreOpen [969/1365] packed script file (\settings\static_script\kf_newbattles\mainbattle\anti_cheat\palyer_cheat_detect.lua) fail, file maybe in out pack directory****
20200209-152340<WARN :0xf73fe700>: ****PreOpen [975/1365] packed script file (\settings\static_script\kf_newbattles\resourcebattle\environmentalist_death.lua) fail, file maybe in out pack directory****
20200209-152340<WARN :0xf73fe700>: ****PreOpen [976/1365] packed script file (\settings\static_script\missions\base\tstage.lua) fail, file maybe in out pack directory****
20200209-152340<WARN :0xf73fe700>: ****PreOpen [981/1365] packed script file (\settings\static_script\missions\cangjianshanzhuang\npc\box_tong.lua) fail, file maybe in out pack directory****
20200209-152340<WARN :0xf73fe700>: ****PreOpen [983/1365] packed script file (\settings\static_script\global\merit.lua) fail, file maybe in out pack directory****
20200209-152340<WARN :0xf73fe700>: ****PreOpen [991/1365] packed script file (\settings\static_script\kf_newbattles\mainbattle\trigger.lua) fail, file maybe in out pack directory****
20200209-152340<WARN :0xf73fe700>: ****PreOpen [994/1365] packed script file (\settings\static_script\missions\hunduantongtianding\ttd_award.lua) fail, file maybe in out pack directory****
20200209-152340<WARN :0xf73fe700>: ****PreOpen [999/1365] packed script file (\settings\static_script\kf_newbattles\battle_equipment_jungong.lua) fail, file maybe in out pack directory****
20200209-152340<WARN :0xf73fe700>: ****PreOpen [1011/1365] packed script file (\settings\static_script\kf_newbattles\mainbattle\box_death.lua) fail, file maybe in out pack directory****
20200209-152340<WARN :0xf73fe700>: ****PreOpen [1017/1365] packed script file (\settings\static_script\missions\hunduantongtianding\qrs_npc.lua) fail, file maybe in out pack directory****
20200209-152340<WARN :0xf73fe700>: ****PreOpen [1020/1365] packed script file (\settings\static_script\kf_newbattles\mainbattle\mission\mission.lua) fail, file maybe in out pack directory****
20200209-152340<WARN :0xf73fe700>: ****PreOpen [1045/1365] packed script file (\settings\static_script\meridian\meridian_payer_login.lua) fail, file maybe in out pack directory****
20200209-152340<WARN :0xf73fe700>: ****PreOpen [1046/1365] packed script file (\settings\static_script\misc\missionaward_head.lua) fail, file maybe in out pack directory****
20200209-152340<WARN :0xf73fe700>: ****PreOpen [1064/1365] packed script file (\settings\static_script\lib\tag.lua) fail, file maybe in out pack directory****
20200209-152340<WARN :0xf73fe700>: ****PreOpen [1074/1365] packed script file (\settings\static_script\kf_newbattles\mainbattle_primary\soldier_npc.lua) fail, file maybe in out pack directory****
20200209-152340<WARN :0xf73fe700>: ****PreOpen [1086/1365] packed script file (\settings\static_script\kf_newbattles\villagebattle\armyguide_npc.lua) fail, file maybe in out pack directory****
20200209-152340<WARN :0xf73fe700>: ****PreOpen [1087/1365] packed script file (\settings\static_script\kf_newbattles\resourcebattle\cateran_death.lua) fail, file maybe in out pack directory****
20200209-152340<WARN :0xf73fe700>: ****PreOpen [1099/1365] packed script file (\settings\static_script\kf_newbattles\mainbattle_primary\refugee_receive_npc.lua) fail, file maybe in out pack directory****
20200209-152340<WARN :0xf73fe700>: ****PreOpen [1103/1365] packed script file (\settings\static_script\meridian\vet_jihuo_wuzun.lua) fail, file maybe in out pack directory****
20200209-152340<WARN :0xf73fe700>: ****PreOpen [1113/1365] packed script file (\settings\static_script\missions\base\mission_award_base.lua) fail, file maybe in out pack directory****
20200209-152340<WARN :0xf73fe700>: ****PreOpen [1114/1365] packed script file (\settings\static_script\online\qianhe_tower\qht_award_table.lua) fail, file maybe in out pack directory****
20200209-152340<WARN :0xf73fe700>: ****PreOpen [1132/1365] packed script file (\settings\static_script\misc\autocleaner\autocleaner.lua) fail, file maybe in out pack directory****
20200209-152340<WARN :0xf73fe700>: ****PreOpen [1140/1365] packed script file (\settings\static_script\missions\hunduantongtianding\item\item_bigtianmensuipian.lua) fail, file maybe in out pack directory****
20200209-152340<WARN :0xf73fe700>: ****PreOpen [1147/1365] packed script file (\settings\static_script\kf_newbattles\sign_up_npc_kf.lua) fail, file maybe in out pack directory****
20200209-152340<WARN :0xf73fe700>: ****PreOpen [1150/1365] packed script file (\settings\static_script\missions\base\tphase.lua) fail, file maybe in out pack directory****
20200209-152340<WARN :0xf73fe700>: ****PreOpen [1154/1365] packed script file (\settings\static_script\lib\itemfunctions.lua) fail, file maybe in out pack directory****
20200209-152340<WARN :0xf73fe700>: ****PreOpen [1160/1365] packed script file (\settings\static_script\missions\hunduantongtianding\entrynpc.lua) fail, file maybe in out pack directory****
20200209-152340<WARN :0xf73fe700>: ****PreOpen [1165/1365] packed script file (\settings\static_script\kf_newbattles\emplacementbattle\mission\injure_timer.lua) fail, file maybe in out pack directory****
20200209-152340<WARN :0xf73fe700>: ****PreOpen [1167/1365] packed script file (\settings\static_script\kf_newbattles\resourcebattle\mission\sp_timer.lua) fail, file maybe in out pack directory****
20200209-152340<WARN :0xf73fe700>: ****PreOpen [1170/1365] packed script file (\settings\static_script\kf_newbattles\battlepoint_head.lua) fail, file maybe in out pack directory****
20200209-152340<WARN :0xf73fe700>: ****PreOpen [1178/1365] packed script file (\settings\static_script\global\weekly_do.lua) fail, file maybe in out pack directory****
20200209-152340<WARN :0xf73fe700>: ****PreOpen [1187/1365] packed script file (\settings\static_script\missions\mission_task\ttd_wjz_task.lua) fail, file maybe in out pack directory****
20200209-152340<WARN :0xf73fe700>: ****PreOpen [1191/1365] packed script file (\settings\static_script\kf_newbattles\mainbattle\mainbattle_head.lua) fail, file maybe in out pack directory****
20200209-152340<WARN :0xf73fe700>: ****PreOpen [1192/1365] packed script file (\settings\static_script\kf_newbattles\mainbattle\npc_death.lua) fail, file maybe in out pack directory****
20200209-152340<WARN :0xf73fe700>: ****PreOpen [1202/1365] packed script file (\settings\static_script\kf_newbattles\villagebattle\soldier_npc.lua) fail, file maybe in out pack directory****
20200209-152340<WARN :0xf73fe700>: ****PreOpen [1218/1365] packed script file (\settings\static_script\kf_newbattles\systemtimemessage\main_battle_signup.lua) fail, file maybe in out pack directory****
20200209-152340<WARN :0xf73fe700>: ****PreOpen [1227/1365] packed script file (\settings\static_script\vip_feedback_system\vfs_item_sdrug.lua) fail, file maybe in out pack directory****
20200209-152340<WARN :0xf73fe700>: ****PreOpen [1228/1365] packed script file (\settings\static_script\missions\hunduantongtianding\trap\trap8.lua) fail, file maybe in out pack directory****
20200209-152340<WARN :0xf73fe700>: ****PreOpen [1233/1365] packed script file (\settings\static_script\kf_newbattles\mainbattle\trap_mid.lua) fail, file maybe in out pack directory****
20200209-152340<WARN :0xf73fe700>: ****PreOpen [1237/1365] packed script file (\settings\static_script\missions\hunduantongtianding\trap\trap7.lua) fail, file maybe in out pack directory****
20200209-152340<WARN :0xf73fe700>: ****PreOpen [1245/1365] packed script file (\settings\static_script\kf_newbattles\mainbattle\mission\injure_timer.lua) fail, file maybe in out pack directory****
20200209-152340<WARN :0xf73fe700>: ****PreOpen [1252/1365] packed script file (\settings\static_script\kf_newbattles\emplacementbattle\box_death.lua) fail, file maybe in out pack directory****
20200209-152340<WARN :0xf73fe700>: ****PreOpen [1254/1365] packed script file (\settings\static_script\global\daily_award_limit_api.lua) fail, file maybe in out pack directory****
20200209-152340<WARN :0xf73fe700>: ****PreOpen [1257/1365] packed script file (\settings\static_script\kf_newbattles\mainbattle\trap_back.lua) fail, file maybe in out pack directory****
20200209-152340<WARN :0xf73fe700>: ****PreOpen [1259/1365] packed script file (\settings\static_script\kf_newbattles\mainbattle_primary\mission\mission.lua) fail, file maybe in out pack directory****
20200209-152340<WARN :0xf73fe700>: ****PreOpen [1272/1365] packed script file (\settings\static_script\global\bit_task_support.lua) fail, file maybe in out pack directory****
20200209-152340<WARN :0xf73fe700>: ****PreOpen [1276/1365] packed script file (\settings\static_script\missions\hunduantongtianding\wrd_npc.lua) fail, file maybe in out pack directory****
20200209-152340<WARN :0xf73fe700>: ****PreOpen [1278/1365] packed script file (\settings\static_script\missions\hunduantongtianding\item\item_tianmensuipian.lua) fail, file maybe in out pack directory****
20200209-152340<WARN :0xf73fe700>: ****PreOpen [1302/1365] packed script file (\settings\static_script\missions\cangjianshanzhuang\head.lua) fail, file maybe in out pack directory****
20200209-152340<WARN :0xf73fe700>: ****PreOpen [1304/1365] packed script file (\settings\static_script\kf_newbattles\head.lua) fail, file maybe in out pack directory****
20200209-152340<WARN :0xf73fe700>: ****PreOpen [1306/1365] packed script file (\settings\static_script\meridian\item_julingwan.lua) fail, file maybe in out pack directory****
20200209-152340<WARN :0xf73fe700>: ****PreOpen [1307/1365] packed script file (\settings\static_script\missions\cangjianshanzhuang\npc\box_yin.lua) fail, file maybe in out pack directory****
20200209-152340<WARN :0xf73fe700>: ****PreOpen [1315/1365] packed script file (\settings\static_script\misc\data_state\state.lua) fail, file maybe in out pack directory****
20200209-152340<WARN :0xf73fe700>: ****PreOpen [1331/1365] packed script file (\settings\static_script\kf_newbattles\sign_up_npc.lua) fail, file maybe in out pack directory****
20200209-152340<WARN :0xf73fe700>: ****PreOpen [1333/1365] packed script file (\settings\static_script\kf_newbattles\song_primary_npc.lua) fail, file maybe in out pack directory****
20200209-152340<WARN :0xf73fe700>: ****PreOpen [1339/1365] packed script file (\settings\static_script\missions\cangjianshanzhuang\entrynpc.lua) fail, file maybe in out pack directory****
20200209-152340<WARN :0xf73fe700>: ****PreOpen [1342/1365] packed script file (\settings\static_script\kf_newbattles\mainbattle\position.lua) fail, file maybe in out pack directory****
20200209-152340<WARN :0xf73fe700>: ****PreOpen [1344/1365] packed script file (\settings\static_script\kf_newbattles\villagebattle\position.lua) fail, file maybe in out pack directory****
20200209-152340<WARN :0xf73fe700>: ****PreOpen [1354/1365] packed script file (\settings\static_script\lib\val2str.lua) fail, file maybe in out pack directory****
20200209-152340<WARN :0xf73fe700>: ****PreOpen [1355/1365] packed script file (\settings\static_script\item\item_gutianmenbaoxiang.lua) fail, file maybe in out pack directory****
20200209-152340<WARN :0xf73fe700>: ****PreOpen [1356/1365] packed script file (\settings\static_script\missions\hunduantongtianding\trap\trap_head.lua) fail, file maybe in out pack directory****
20200209-152340<WARN :0xf73fe700>: ****PreOpen [1359/1365] packed script file (\settings\static_script\kf_newbattles\mainbattle_primary\refugee_talk_npc.lua) fail, file maybe in out pack directory****
20200209-152340<INFO :0xf73fe700>: All Scripts Have Been Loaded! ScriptCount = 8272
20200209-152342<ERROR:0xf73fe700>: [LoadRandomNpc] [\maps\世界地图\琅琊洞府.ini] open failed!!!
20200209-152342<INFO :0xf73fe700>: 290/400 map(s) has been loaded.
20200209-152342<ERROR:0xf73fe700>: SetSpecialSwitch(Index=1,bOpen=0,AccessCode=1157247768) ok, result=0
20200209-152342<ERROR:0xf73fe700>: SetSpecialSwitch(Index=2,bOpen=0,AccessCode=3238223681) ok, result=0
20200209-152342<WARN :0xf73fe700>: [Load] Invalid template: template ID=472328933l,
20200209-152342<WARN :0xf73fe700>: load  npc template [0] fail
20200209-152342<INFO :0xf73fe700>: [SystimeTask] load 103/103 systemtimetasks from {\settings\systemtimetask.txt}
20200209-152343<INFO :0xf73fe700>: [LoadEnhanceCfg] equip_recycle_enhance.txt line:24 enhance level:0 repeat!
20200209-152343<INFO :0xf73fe700>: [LoadEnhanceCfg] equip_recycle_enhance.txt line:25 enhance level:1 repeat!
20200209-152343<INFO :0xf73fe700>: [LoadEnhanceCfg] equip_recycle_enhance.txt line:26 enhance level:2 repeat!
20200209-152343<INFO :0xf73fe700>: [LoadEnhanceCfg] equip_recycle_enhance.txt line:27 enhance level:3 repeat!
20200209-152343<INFO :0xf73fe700>: [LoadEnhanceCfg] equip_recycle_enhance.txt line:28 enhance level:4 repeat!
20200209-152343<INFO :0xf73fe700>: [LoadEnhanceCfg] equip_recycle_enhance.txt line:29 enhance level:5 repeat!
20200209-152343<INFO :0xf73fe700>: [LoadEnhanceCfg] equip_recycle_enhance.txt line:30 enhance level:6 repeat!
20200209-152343<INFO :0xf73fe700>: [LoadEnhanceCfg] equip_recycle_enhance.txt line:31 enhance level:7 repeat!
20200209-152343<INFO :0xf73fe700>: [LoadEnhanceCfg] equip_recycle_enhance.txt line:32 enhance level:8 repeat!
20200209-152343<INFO :0xf73fe700>: [LoadEnhanceCfg] equip_recycle_enhance.txt line:33 enhance level:9 repeat!
20200209-152343<INFO :0xf73fe700>: [LoadEnhanceCfg] equip_recycle_enhance.txt line:34 enhance level:10 repeat!
20200209-152343<INFO :0xf73fe700>: [LoadEnhanceCfg] equip_recycle_enhance.txt line:35 enhance level:11 repeat!
20200209-152343<INFO :0xf73fe700>: [LoadEnhanceCfg] equip_recycle_enhance.txt line:36 enhance level:12 repeat!
20200209-152343<INFO :0xf73fe700>: [LoadEnhanceCfg] equip_recycle_enhance.txt line:37 enhance level:13 repeat!
20200209-152343<INFO :0xf73fe700>: [LoadEnhanceCfg] equip_recycle_enhance.txt line:38 enhance level:14 repeat!
20200209-152343<INFO :0xf73fe700>: [LoadEnhanceCfg] equip_recycle_enhance.txt line:39 enhance level:15 repeat!
20200209-152343<INFO :0xf73fe700>: start to connect Database, IP: 127.0.0.1 - Port: 5001 ... ok!
20200209-152343<INFO :0xf73fe700>: start to connect RelayHost, IP: 127.0.0.1 - Port: 5003 ... ok!
20200209-152343<INFO :0xf73fe700>: start to connect RelayChat, IP: 127.0.0.1 - Port: 5004 ... ok!
20200209-152344<INFO :0xf73fe700>: start to connect RelayTong, IP: 127.0.0.1 - Port: 5005 ... ok!
20200209-152344<INFO :0xf73fe700>: start to connect Gateway, IP: 127.0.0.1 - Port: 5633 ... ok!
20200209-152344<INFO :0xf73fe700>: [verify_up2date] send Goddess|Relay|Router version request...
20200209-152344<INFO :0xf73fe700>: [GameSvr] start up OK----------.
20200209-152344<DEBUG:0xf73fe700>: [net dbg] [SendNetMsgToTransfer] frame=0 send=1/39|1 avg=0 
20200209-152344<DEBUG:0xf73fe700>: [net dbg] [TransferMessageProcess] [frame -1] total process 0/0=0 trans message
20200209-152344<INFO :0xf73fe700>: Start init log database.
20200209-152344<INFO :0xf73fe700>: Init log database end.
20200209-152344<INFO :0xf73fe700>: Recv Bishop time sync(2020-2-9 15:23:44)
20200209-152344<INFO :0xf73fe700>: [verify_up2date] send Bishop version request...
20200209-152344<DEBUG:0xf73fe700>: [net dbg] [SendNetMsgToTransfer] frame=1 send=1/38|2 avg=0 
20200209-152344<INFO :0xf73fe700>: [SOSever::Breathe] MsgLoop:-29 ,MainLoop:2, TotalMsgLoop:-26, Elapse:2 CurBreathCost:4294967269 BreathCount:2
20200209-152344<INFO :0xf73fe700>: [verify_up2date] VerifyUp2dateVersion: Server=Bishop code=DCA253A9 need=DCA253A9 result=1
20200209-152344<DEBUG:0xf73fe700>: [net dbg] [SendNetMsgToTransfer] frame=2 send=1/37|3 avg=0 
20200209-152344<INFO :0xf73fe700>: [verify_up2date] VerifyUp2dateVersion: Server=Goddess code=8DA68FCD need=8DA68FCD result=1
20200209-152344<DEBUG:0xf73fe700>: [net dbg] [SendNetMsgToTransfer] frame=3 send=1/36|4 avg=0 
20200209-152344<DEBUG:0xf73fe700>: [net dbg] [TransferMessageProcess] [frame 0] total process 298/2=99 trans message
20200209-152344<INFO :0xf73fe700>: [verify_up2date] VerifyUp2dateVersion: Server=Relay code=8DA68FCD need=8DA68FCD result=1
20200209-152344<DEBUG:0xf73fe700>: [NormalSmallPackPorcess] Received packet MAP_INDEX_INFO from relay
20200209-152344<INFO :0xf73fe700>: Received map index notification from relay (290 maps)
20200209-152344<DEBUG:0xf73fe700>: [net dbg] [SendNetMsgToTransfer] frame=4 send=1/35|5 avg=0 
20200209-152344<DEBUG:0xf73fe700>: [net dbg] [SendNetMsgToTransfer] frame=5 send=1/34|6 avg=0 
20200209-152344<DEBUG:0xf73fe700>: [net dbg] [TransferMessageProcess] [frame 3] total process 2291/8=458 trans message
20200209-152344<DEBUG:0xf73fe700>: [net dbg] [SendNetMsgToTransfer] frame=6 send=1/33|7 avg=0 
20200209-152344<DEBUG:0xf73fe700>: [net dbg] [TransferMessageProcess] [frame 5] total process 2351/9=391 trans message
20200209-152344<DEBUG:0xf73fe700>: [net dbg] [SendNetMsgToTransfer] frame=7 send=1/32|8 avg=0 
20200209-152344<DEBUG:0xf73fe700>: [net dbg] [TransferMessageProcess] [frame 6] total process 2411/10=344 trans message
20200209-152344<DEBUG:0xf73fe700>: [net dbg] [SendNetMsgToTransfer] frame=8 send=1/31|9 avg=0 
20200209-152344<DEBUG:0xf73fe700>: [net dbg] [SendNetMsgToTransfer] frame=9 send=1/30|10 avg=0 
20200209-152344<DEBUG:0xf73fe700>: [net dbg] [TransferMessageProcess] [frame 7] total process 2531/12=281 trans message
20200209-152344<DEBUG:0xf73fe700>: [net dbg] [SendNetMsgToTransfer] frame=10 send=1/29|11 avg=0 
20200209-152344<DEBUG:0xf73fe700>: [net dbg] [TransferMessageProcess] [frame 9] total process 2651/14=265 trans message
20200209-152344<DEBUG:0xf73fe700>: [net dbg] [SendNetMsgToTransfer] frame=11 send=1/28|12 avg=0 
20200209-152344<DEBUG:0xf73fe700>: [net dbg] [SendNetMsgToTransfer] frame=12 send=1/27|13 avg=0 
20200209-152344<DEBUG:0xf73fe700>: [net dbg] [TransferMessageProcess] [frame 10] total process 2711/15=225 trans message
20200209-152344<DEBUG:0xf73fe700>: [net dbg] [SendNetMsgToTransfer] frame=13 send=1/26|14 avg=0 
20200209-152344<DEBUG:0xf73fe700>: [net dbg] [TransferMessageProcess] [frame 12] total process 2771/16=213 trans message
20200209-152344<DEBUG:0xf73fe700>: [net dbg] [SendNetMsgToTransfer] frame=14 send=1/25|15 avg=0 
20200209-152344<DEBUG:0xf73fe700>: [net dbg] [TransferMessageProcess] [frame 13] total process 2889/17=206 trans message
20200209-152344<DEBUG:0xf73fe700>: [net dbg] [SendNetMsgToTransfer] frame=15 send=1/24|16 avg=0 
20200209-152344<DEBUG:0xf73fe700>: [net dbg] [SendNetMsgToTransfer] frame=16 send=1/23|17 avg=0 
20200209-152344<DEBUG:0xf73fe700>: [net dbg] [TransferMessageProcess] [frame 14] total process 3009/19=188 trans message
20200209-152344<DEBUG:0xf73fe700>: [net dbg] [SendNetMsgToTransfer] frame=17 send=1/22|18 avg=0 
20200209-152344<DEBUG:0xf73fe700>: [net dbg] [TransferMessageProcess] [frame 16] total process 3069/20=180 trans message
20200209-152344<DEBUG:0xf73fe700>: [net dbg] [SendNetMsgToTransfer] frame=18 send=1/21|19 avg=0 
20200209-152344<DEBUG:0xf73fe700>: [net dbg] [TransferMessageProcess] [frame 17] total process 3187/21=177 trans message
20200209-152344<DEBUG:0xf73fe700>: [net dbg] [SendNetMsgToTransfer] frame=19 send=1/20|20 avg=0 
20200209-152345<DEBUG:0xf73fe700>: [net dbg] [SendNetMsgToTransfer] frame=20 send=1/19|21 avg=0 
20200209-152345<DEBUG:0xf73fe700>: [net dbg] [TransferMessageProcess] [frame 18] total process 3437/24=171 trans message
20200209-152345<DEBUG:0xf73fe700>: [net dbg] [SendNetMsgToTransfer] frame=21 send=1/18|22 avg=0 
20200209-152345<DEBUG:0xf73fe700>: [net dbg] [TransferMessageProcess] [frame 20] total process 3615/26=172 trans message
20200209-152345<DEBUG:0xf73fe700>: [net dbg] [SendNetMsgToTransfer] frame=22 send=1/17|23 avg=0 
20200209-152345<DEBUG:0xf73fe700>: [net dbg] [SendNetMsgToTransfer] frame=23 send=1/16|24 avg=0 
20200209-152345<DEBUG:0xf73fe700>: [net dbg] [TransferMessageProcess] [frame 21] total process 3675/27=159 trans message
20200209-152345<DEBUG:0xf73fe700>: [net dbg] [SendNetMsgToTransfer] frame=24 send=1/15|25 avg=0 
20200209-152345<DEBUG:0xf73fe700>: [net dbg] [TransferMessageProcess] [frame 23] total process 3793/28=158 trans message
20200209-152345<DEBUG:0xf73fe700>: [net dbg] [SendNetMsgToTransfer] frame=25 send=1/14|26 avg=0 
20200209-152345<DEBUG:0xf73fe700>: [net dbg] [TransferMessageProcess] [frame 24] total process 3853/29=154 trans message
20200209-152345<DEBUG:0xf73fe700>: [net dbg] [SendNetMsgToTransfer] frame=26 send=1/13|27 avg=0 
20200209-152345<DEBUG:0xf73fe700>: [net dbg] [SendNetMsgToTransfer] frame=27 send=1/12|28 avg=0 
20200209-152345<DEBUG:0xf73fe700>: [net dbg] [TransferMessageProcess] [frame 25] total process 3973/31=147 trans message
20200209-152345<DEBUG:0xf73fe700>: [net dbg] [SendNetMsgToTransfer] frame=28 send=1/11|29 avg=0 
20200209-152345<DEBUG:0xf73fe700>: [net dbg] [TransferMessageProcess] [frame 27] total process 4033/32=144 trans message
20200209-152345<DEBUG:0xf73fe700>: [net dbg] [SendNetMsgToTransfer] frame=29 send=1/10|30 avg=0 
20200209-152345<DEBUG:0xf73fe700>: [net dbg] [TransferMessageProcess] [frame 28] total process 4093/33=141 trans message
20200209-152345<DEBUG:0xf73fe700>: [net dbg] [SendNetMsgToTransfer] frame=30 send=1/9|31 avg=0 
20200209-152345<DEBUG:0xf73fe700>: [net dbg] [TransferMessageProcess] [frame 29] total process 4271/35=142 trans message
20200209-152345<DEBUG:0xf73fe700>: [net dbg] [SendNetMsgToTransfer] frame=31 send=1/8|32 avg=0 
20200209-152345<DEBUG:0xf73fe700>: [net dbg] [SendNetMsgToTransfer] frame=32 send=1/7|33 avg=0 
20200209-152345<DEBUG:0xf73fe700>: [net dbg] [TransferMessageProcess] [frame 30] total process 4331/36=135 trans message
20200209-152345<DEBUG:0xf73fe700>: [net dbg] [SendNetMsgToTransfer] frame=33 send=1/6|34 avg=0 
20200209-152345<DEBUG:0xf73fe700>: [net dbg] [TransferMessageProcess] [frame 32] total process 4391/37=133 trans message
20200209-152345<DEBUG:0xf73fe700>: [net dbg] [SendNetMsgToTransfer] frame=34 send=1/5|35 avg=0 
20200209-152345<DEBUG:0xf73fe700>: [net dbg] [TransferMessageProcess] [frame 33] total process 4497/38=132 trans message
20200209-152345<DEBUG:0xf73fe700>: [net dbg] [SendNetMsgToTransfer] frame=35 send=1/4|36 avg=0 
20200209-152345<DEBUG:0xf73fe700>: [net dbg] [SendNetMsgToTransfer] frame=36 send=1/3|37 avg=0 
20200209-152345<DEBUG:0xf73fe700>: [net dbg] [TransferMessageProcess] [frame 34] total process 4619/40=128 trans message
20200209-152345<DEBUG:0xf73fe700>: [net dbg] [SendNetMsgToTransfer] frame=37 send=1/2|38 avg=0 
20200209-152345<DEBUG:0xf73fe700>: [net dbg] [TransferMessageProcess] [frame 36] total process 4680/41=126 trans message
20200209-152346<DEBUG:0xf73fe700>: [net dbg] [SendNetMsgToTransfer] frame=38 send=1/1|39 avg=0 
20200209-152346<DEBUG:0xf73fe700>: [net dbg] [TransferMessageProcess] [frame 37] total process 4871/43=128 trans message
20200209-152346<DEBUG:0xf73fe700>: [net dbg] [SendNetMsgToTransfer] frame=39 send=1/0|40 avg=0 
20200209-152346<DEBUG:0xf73fe700>: [net dbg] [TransferMessageProcess] [frame 38] total process 4993/45=92 trans message
20200209-152347<DEBUG:0xf73fe700>: [net dbg] [TransferMessageProcess] [frame 54] total process 5123/46=71 trans message
20200209-152348<DEBUG:0xf73fe700>: [net dbg] [TransferMessageProcess] [frame 72] total process 5253/47=58 trans message
20200209-152349<DEBUG:0xf73fe700>: [net dbg] [TransferMessageProcess] [frame 90] total process 5383/48=49 trans message
20200209-152350<DEBUG:0xf73fe700>: [net dbg] [TransferMessageProcess] [frame 108] total process 5513/49=43 trans message
20200209-152351<DEBUG:0xf73fe700>: [net dbg] [TransferMessageProcess] [frame 126] total process 5643/50=39 trans message
20200209-152352<DEBUG:0xf73fe700>: [net dbg] [TransferMessageProcess] [frame 144] total process 5773/51=35 trans message
20200209-152404<ERROR:0xf73fe700>: gs ping bishop[result=1], CurFrame[362] LastFrame[1] NewFrame[362]
20200209-152404<INFO :0xf73fe700>: [BiShopPing] Ping return at 4572308.
20200209-152412<WARN :0xf73fe700>: # GameLogicSpeed : 17 fps.(abnormal!!!)
20200209-152414<INFO :0xf73fe700>: gs ping goddess[result=1], CurFrame[556] LastFrame[15] NewFrame[556]
20200209-152414<INFO :0xf73fe700>: receieve goddess ping reply, goddess time = 4583068
20200209-152424<ERROR:0xf73fe700>: gs ping bishop[result=1], CurFrame[723] LastFrame[362] NewFrame[723]
20200209-152424<INFO :0xf73fe700>: [BiShopPing] Ping return at 4592379.
20200209-152444<ERROR:0xf73fe700>: gs ping bishop[result=1], CurFrame[1084] LastFrame[723] NewFrame[1084]
20200209-152444<INFO :0xf73fe700>: [BiShopPing] Ping return at 4612448.
20200209-152444<INFO :0xf73fe700>: gs ping goddess[result=1], CurFrame[1097] LastFrame[556] NewFrame[1097]
20200209-152444<INFO :0xf73fe700>: receieve goddess ping reply, goddess time = 4613124
20200209-152504<ERROR:0xf73fe700>: gs ping bishop[result=1], CurFrame[1445] LastFrame[1084] NewFrame[1445]
20200209-152504<INFO :0xf73fe700>: [BiShopPing] Ping return at 4632467.
20200209-152514<INFO :0xf73fe700>: gs ping goddess[result=1], CurFrame[1638] LastFrame[1097] NewFrame[1638]
20200209-152514<INFO :0xf73fe700>: receieve goddess ping reply, goddess time = 4643182
20200209-152524<ERROR:0xf73fe700>: gs ping bishop[result=1], CurFrame[1806] LastFrame[1445] NewFrame[1806]
20200209-152524<INFO :0xf73fe700>: [BiShopPing] Ping return at 4652535.
20200209-152537<WARN :0xf73fe700>: # GameLogicSpeed : 17 fps.(abnormal!!!)
20200209-152544<ERROR:0xf73fe700>: gs ping bishop[result=1], CurFrame[2167] LastFrame[1806] NewFrame[2167]
20200209-152544<INFO :0xf73fe700>: [BiShopPing] Ping return at 4672605.
20200209-152544<INFO :0xf73fe700>: gs ping goddess[result=1], CurFrame[2179] LastFrame[1638] NewFrame[2179]
20200209-152544<INFO :0xf73fe700>: receieve goddess ping reply, goddess time = 4673232
20200209-152604<ERROR:0xf73fe700>: gs ping bishop[result=1], CurFrame[2528] LastFrame[2167] NewFrame[2528]
20200209-152604<INFO :0xf73fe700>: [BiShopPing] Ping return at 4692628.
20200209-152606<WARN :0xf73fe700>: # GameLogicSpeed : 17 fps.(abnormal!!!)
20200209-152615<INFO :0xf73fe700>: gs ping goddess[result=1], CurFrame[2720] LastFrame[2179] NewFrame[2720]
20200209-152615<INFO :0xf73fe700>: receieve goddess ping reply, goddess time = 4703282
20200209-152624<ERROR:0xf73fe700>: gs ping bishop[result=1], CurFrame[2889] LastFrame[2528] NewFrame[2889]
20200209-152624<INFO :0xf73fe700>: [BiShopPing] Ping return at 4712712.
20200209-152643<INFO :0xf73fe700>: [Frame debug] Frame 3240
20200209-152644<ERROR:0xf73fe700>: gs ping bishop[result=1], CurFrame[3250] LastFrame[2889] NewFrame[3250]
20200209-152644<INFO :0xf73fe700>: [BiShopPing] Ping return at 4732748.
20200209-152645<INFO :0xf73fe700>: gs ping goddess[result=1], CurFrame[3261] LastFrame[2720] NewFrame[3261]
20200209-152645<INFO :0xf73fe700>: receieve goddess ping reply, goddess time = 4733336
20200209-152648<WARN :0xf73fe700>: # GameLogicSpeed : 17 fps.(abnormal!!!)
20200209-152704<ERROR:0xf73fe700>: gs ping bishop[result=1], CurFrame[3611] LastFrame[3250] NewFrame[3611]
20200209-152704<INFO :0xf73fe700>: [BiShopPing] Ping return at 4752782.
20200209-152715<INFO :0xf73fe700>: gs ping goddess[result=1], CurFrame[3802] LastFrame[3261] NewFrame[3802]
20200209-152715<INFO :0xf73fe700>: receieve goddess ping reply, goddess time = 4763389
20200209-152724<ERROR:0xf73fe700>: gs ping bishop[result=1], CurFrame[3972] LastFrame[3611] NewFrame[3972]
20200209-152724<INFO :0xf73fe700>: [BiShopPing] Ping return at 4772875.
20200209-152744<ERROR:0xf73fe700>: gs ping bishop[result=1], CurFrame[4333] LastFrame[3972] NewFrame[4333]
20200209-152744<INFO :0xf73fe700>: [BiShopPing] Ping return at 4792919.
20200209-152745<INFO :0xf73fe700>: gs ping goddess[result=1], CurFrame[4343] LastFrame[3802] NewFrame[4343]
20200209-152745<INFO :0xf73fe700>: receieve goddess ping reply, goddess time = 4793448
20200209-152745<WARN :0xf73fe700>: # GameLogicSpeed : 17 fps.(abnormal!!!)
20200209-152804<ERROR:0xf73fe700>: gs ping bishop[result=1], CurFrame[4694] LastFrame[4333] NewFrame[4694]
20200209-152804<INFO :0xf73fe700>: [BiShopPing] Ping return at 4812965.
20200209-152814<WARN :0xf73fe700>: # GameLogicSpeed : 17 fps.(abnormal!!!)
20200209-152815<INFO :0xf73fe700>: gs ping goddess[result=1], CurFrame[4884] LastFrame[4343] NewFrame[4884]
20200209-152815<INFO :0xf73fe700>: receieve goddess ping reply, goddess time = 4823498
20200209-152824<ERROR:0xf73fe700>: gs ping bishop[result=1], CurFrame[5055] LastFrame[4694] NewFrame[5055]
20200209-152824<INFO :0xf73fe700>: [BiShopPing] Ping return at 4833009.
20200209-152844<ERROR:0xf73fe700>: gs ping bishop[result=1], CurFrame[5416] LastFrame[5055] NewFrame[5416]
20200209-152844<INFO :0xf73fe700>: [BiShopPing] Ping return at 4853093.
20200209-152845<INFO :0xf73fe700>: gs ping goddess[result=1], CurFrame[5425] LastFrame[4884] NewFrame[5425]
20200209-152845<INFO :0xf73fe700>: receieve goddess ping reply, goddess time = 4853553
20200209-152904<ERROR:0xf73fe700>: gs ping bishop[result=1], CurFrame[5777] LastFrame[5416] NewFrame[5777]
20200209-152904<INFO :0xf73fe700>: [BiShopPing] Ping return at 4873113.
20200209-152915<INFO :0xf73fe700>: gs ping goddess[result=1], CurFrame[5966] LastFrame[5425] NewFrame[5966]
20200209-152915<INFO :0xf73fe700>: receieve goddess ping reply, goddess time = 4883602
