20200209-005249	INFO	[Modify Exp] aNgaMi add 2000000000 exp in 162 second in script:/settings/static_script/cheat/gm_item_tifuzhiyin.lua   function:join_em
20200209-012352	INFO	[Modify Exp] ioNaruto add 105000 exp in 2026 second in script:/script/藏剑山庄/task_script/成都/藏剑使者.lua   function:Leave_Map
20200209-012352	INFO	[Modify Exp] Trangaaa add 105000 exp in 2026 second in script:/script/藏剑山庄/task_script/成都/藏剑使者.lua   function:Leave_Map
20200209-012352	INFO	[Modify Exp] aNgaMi add 105000 exp in 2026 second in script:/script/藏剑山庄/task_script/成都/藏剑使者.lua   function:Leave_Map
20200209-012358	INFO	[Modify Exp] ioNaruto add 75000 exp in 5 second in script:/script/藏剑山庄/task_script/成都/藏剑使者.lua   function:Killing_Unit
20200209-012410	INFO	[Modify Exp] ioNaruto add 140000 exp in 11 second in script:/script/藏剑山庄/task_script/成都/藏剑使者.lua   function:Leave_Map
20200209-012410	INFO	[Modify Exp] Trangaaa add 140000 exp in 17 second in script:/script/藏剑山庄/task_script/成都/藏剑使者.lua   function:Leave_Map
20200209-012410	INFO	[Modify Exp] aNgaMi add 140000 exp in 17 second in script:/script/藏剑山庄/task_script/成都/藏剑使者.lua   function:Leave_Map
20200209-012443	INFO	[Modify Exp] ioNaruto add 140000 exp in 33 second in script:/script/藏剑山庄/task_script/成都/藏剑使者.lua   function:Leave_Map
20200209-012443	INFO	[Modify Exp] Trangaaa add 140000 exp in 33 second in script:/script/藏剑山庄/task_script/成都/藏剑使者.lua   function:Leave_Map
20200209-012443	INFO	[Modify Exp] aNgaMi add 140000 exp in 33 second in script:/script/藏剑山庄/task_script/成都/藏剑使者.lua   function:Leave_Map
20200209-012629	INFO	[Modify Exp] ioNaruto add 210000 exp in 105 second in script:/script/藏剑山庄/task_script/成都/藏剑使者.lua   function:Leave_Map
20200209-012629	INFO	[Modify Exp] Trangaaa add 210000 exp in 105 second in script:/script/藏剑山庄/task_script/成都/藏剑使者.lua   function:Leave_Map
20200209-012629	INFO	[Modify Exp] aNgaMi add 210000 exp in 105 second in script:/script/藏剑山庄/task_script/成都/藏剑使者.lua   function:Leave_Map
20200209-012940	INFO	[Modify Exp] ioNaruto add 280000 exp in 191 second in script:/script/藏剑山庄/task_script/成都/藏剑使者.lua   function:Leave_Map
20200209-012940	INFO	[Modify Exp] Trangaaa add 280000 exp in 191 second in script:/script/藏剑山庄/task_script/成都/藏剑使者.lua   function:Leave_Map
20200209-012940	INFO	[Modify Exp] aNgaMi add 280000 exp in 191 second in script:/script/藏剑山庄/task_script/成都/藏剑使者.lua   function:Leave_Map
20200209-013003	INFO	[Modify Exp] ioNaruto add 100000 exp in 22 second in script:/script/藏剑山庄/task_script/成都/藏剑使者.lua   function:Killing_Unit
20200209-013003	INFO	[Modify Exp] Trangaaa add 100000 exp in 22 second in script:/script/藏剑山庄/task_script/成都/藏剑使者.lua   function:Killing_Unit
20200209-013003	INFO	[Modify Exp] aNgaMi add 100000 exp in 22 second in script:/script/藏剑山庄/task_script/成都/藏剑使者.lua   function:Killing_Unit
20200209-013054	INFO	[Modify Exp] ioNaruto add 100000 exp in 50 second in script:/script/藏剑山庄/task_script/成都/藏剑使者.lua   function:Killing_Unit
20200209-013122	INFO	[Modify Exp] ioNaruto add 100000 exp in 27 second in script:/script/藏剑山庄/task_script/成都/藏剑使者.lua   function:Killing_Unit
20200209-013152	INFO	[Modify Exp] ioNaruto add 100000 exp in 30 second in script:/script/藏剑山庄/task_script/成都/藏剑使者.lua   function:Killing_Unit
20200209-013224	INFO	[Modify Exp] ioNaruto add 100000 exp in 32 second in script:/script/藏剑山庄/task_script/成都/藏剑使者.lua   function:Killing_Unit
20200209-013255	INFO	[Modify Exp] ioNaruto add 280000 exp in 30 second in script:/script/藏剑山庄/task_script/成都/藏剑使者.lua   function:Leave_Map
20200209-013255	INFO	[Modify Exp] Trangaaa add 280000 exp in 171 second in script:/script/藏剑山庄/task_script/成都/藏剑使者.lua   function:Leave_Map
20200209-013255	INFO	[Modify Exp] aNgaMi add 280000 exp in 171 second in script:/script/藏剑山庄/task_script/成都/藏剑使者.lua   function:Leave_Map
20200209-014647	INFO	[Modify Exp] DGCnee add 2000000000 exp in 3400 second in script:/settings/static_script/cheat/gm_item_tifuzhiyin.lua   function:join_ym
