[20141107-000141]NhËp Settings File cña nhiÖm vô ®Şnh giê: /RelaySetting/Task/TaskList.ini
[20141107-000141]Sè l­îng nhiÖm vô ®Şnh giê: 46
[20141107-000141]NhiÖm vô ®Şnh giê 0: CollectionTaskStart.lua, Sè lÇn: 0
[20141107-000141]ThiÕt lËp tªn nhiÖm vô ®Şnh giê: Thi ®Êu thuyÒn rång
[20141107-000141]ThiÕt lËp thêi gian gi¸n c¸ch nhiÖm vô ®Şnh giê: 5400 gi©y mét lÇn!
[20141107-000141]ThiÕt lËp thêi gian nhiÖm vô ®Şnh giê: 0 giê 11 phót!
[20141107-000141]Thêi gian tr­íc m¾t lµ: 0 giê 1 phót!
[20141107-000141]Thêi gian thùc thi lÇn tíi: 0:11! 1415293901
[20141107-000141]Sè lÇn ®Şnh giê nhiÖm vô: 0 !
[20141107-000141]§Æt nÒn mãng nhiÖm vô ®Şnh giê thµnh c«ng: CollectionTaskStart.lua
[20141107-000141]NhiÖm vô ®Şnh giê 1: CollectionTaskClose.lua, Sè lÇn: 0
[20141107-000141]ThiÕt lËp tªn nhiÖm vô ®Şnh giê: Thi ®Êu thuyÒn rång
[20141107-000141]ThiÕt lËp thêi gian gi¸n c¸ch nhiÖm vô ®Şnh giê: 5400 gi©y mét lÇn!
[20141107-000141]ThiÕt lËp thêi gian nhiÖm vô ®Şnh giê: 0 giê 41 phót!
[20141107-000141]Thêi gian tr­íc m¾t lµ: 0 giê 1 phót!
[20141107-000141]Thêi gian thùc thi lÇn tíi: 0:41! 1415295701
[20141107-000141]Sè lÇn ®Şnh giê nhiÖm vô: 0 !
[20141107-000141]§Æt nÒn mãng nhiÖm vô ®Şnh giê thµnh c«ng: CollectionTaskClose.lua
[20141107-000141]NhiÖm vô ®Şnh giê 2: CallBoss_13.lua, Sè lÇn: 0
[20141107-000141]ThiÕt lËp tªn nhiÖm vô ®Şnh giê: BOSS buæi tr­a
[20141107-000141]ThiÕt lËp thêi gian gi¸n c¸ch nhiÖm vô ®Şnh giê: 86400 gi©y mét lÇn!
[20141107-000141]ThiÕt lËp thêi gian nhiÖm vô ®Şnh giê: 13 giê 0 phót!
[20141107-000141]Thêi gian tr­íc m¾t lµ: 0 giê 1 phót!
[20141107-000141]Thêi gian thùc thi lÇn tíi: 13:0! 1415340041
[20141107-000141]Sè lÇn ®Şnh giê nhiÖm vô: 0 !
[20141107-000141]§Æt nÒn mãng nhiÖm vô ®Şnh giê thµnh c«ng: CallBoss_13.lua
[20141107-000141]NhiÖm vô ®Şnh giê 3: CallBoss_21.lua, Sè lÇn: 0
[20141107-000141]ThiÕt lËp tªn nhiÖm vô ®Şnh giê: BOSS buæi tr­a
[20141107-000141]ThiÕt lËp thêi gian gi¸n c¸ch nhiÖm vô ®Şnh giê: 86400 gi©y mét lÇn!
[20141107-000141]ThiÕt lËp thêi gian nhiÖm vô ®Şnh giê: 21 giê 0 phót!
[20141107-000141]Thêi gian tr­íc m¾t lµ: 0 giê 1 phót!
[20141107-000141]Thêi gian thùc thi lÇn tíi: 21:0! 1415368841
[20141107-000141]Sè lÇn ®Şnh giê nhiÖm vô: 0 !
[20141107-000141]§Æt nÒn mãng nhiÖm vô ®Şnh giê thµnh c«ng: CallBoss_21.lua
[20141107-000141]NhiÖm vô ®Şnh giê 4: CallBoss_23.lua, Sè lÇn: 0
[20141107-000141]ThiÕt lËp tªn nhiÖm vô ®Şnh giê: BOSS buæi tr­a
[20141107-000141]ThiÕt lËp thêi gian gi¸n c¸ch nhiÖm vô ®Şnh giê: 86400 gi©y mét lÇn!
[20141107-000141]ThiÕt lËp thêi gian nhiÖm vô ®Şnh giê: 23 giê 0 phót!
[20141107-000141]Thêi gian tr­íc m¾t lµ: 0 giê 1 phót!
[20141107-000141]Thêi gian thùc thi lÇn tíi: 23:0! 1415376041
[20141107-000141]Sè lÇn ®Şnh giê nhiÖm vô: 0 !
[20141107-000141]§Æt nÒn mãng nhiÖm vô ®Şnh giê thµnh c«ng: CallBoss_23.lua
[20141107-000141]NhiÖm vô ®Şnh giê 5: random_shop_npc.lua, Sè lÇn: 0
[20141107-000141]ThiÕt lËp tªn nhiÖm vô ®Şnh giê: NPC nhiÖm vô Th­¬ng Héi sÏ thay ®æi c¸c vŞ trİ xuÊt hiÖn
[20141107-000141]ThiÕt lËp thêi gian gi¸n c¸ch nhiÖm vô ®Şnh giê: 1800 gi©y mét lÇn!
[20141107-000141]ThiÕt lËp thêi gian nhiÖm vô ®Şnh giê: 0 giê 11 phót!
[20141107-000141]Thêi gian tr­íc m¾t lµ: 0 giê 1 phót!
[20141107-000141]Thêi gian thùc thi lÇn tíi: 0:11! 1415293901
[20141107-000141]Sè lÇn ®Şnh giê nhiÖm vô: 0 !
[20141107-000141]§Æt nÒn mãng nhiÖm vô ®Şnh giê thµnh c«ng: random_shop_npc.lua
[20141107-000141]NhiÖm vô ®Şnh giê 6: faction_boss_task.lua, Sè lÇn: 0
[20141107-000141]ThiÕt lËp tªn nhiÖm vô ®Şnh giê: NhiÖm vô BOSS m«n ph¸i
[20141107-000141]ThiÕt lËp thêi gian gi¸n c¸ch nhiÖm vô ®Şnh giê: 86400 gi©y mét lÇn!
[20141107-000141]ThiÕt lËp thêi gian nhiÖm vô ®Şnh giê: 21 giê 0 phót!
[20141107-000141]Thêi gian tr­íc m¾t lµ: 0 giê 1 phót!
[20141107-000141]Thêi gian thùc thi lÇn tíi: 21:0! 1415368841
[20141107-000141]Sè lÇn ®Şnh giê nhiÖm vô: 0 !
[20141107-000141]§Æt nÒn mãng nhiÖm vô ®Şnh giê thµnh c«ng: faction_boss_task.lua
[20141107-000141]NhiÖm vô ®Şnh giê 7: gest_convention_rank.lua, Sè lÇn: 0
[20141107-000141]ThiÕt lËp tªn nhiÖm vô ®Şnh giê: XÕp h¹ng t­ c¸ch ®¹i héi tû vâ
[20141107-000141]ThiÕt lËp thêi gian gi¸n c¸ch nhiÖm vô ®Şnh giê: 3600 gi©y mét lÇn!
[20141107-000141]ThiÕt lËp thêi gian nhiÖm vô ®Şnh giê: 23 giê 30 phót!
[20141107-000141]Thêi gian tr­íc m¾t lµ: 0 giê 1 phót!
[20141107-000141]Thêi gian thùc thi lÇn tíi: 23:30! 1415377841
[20141107-000141]Sè lÇn ®Şnh giê nhiÖm vô: 0 !
[20141107-000141]§Æt nÒn mãng nhiÖm vô ®Şnh giê thµnh c«ng: gest_convention_rank.lua
[20141107-000141]NhiÖm vô ®Şnh giê 8: taixu_jwl_liu_crt.lua, Sè lÇn: 0
[20141107-000141]ThiÕt lËp tªn nhiÖm vô ®Şnh giê: Th¨n cÊp nhiÖm vô Trang søc Th¸i H­
[20141107-000141]ThiÕt lËp thêi gian gi¸n c¸ch nhiÖm vô ®Şnh giê: 86400 gi©y mét lÇn!
[20141107-000141]ThiÕt lËp thêi gian nhiÖm vô ®Şnh giê: 21 giê 20 phót!
[20141107-000141]Thêi gian tr­íc m¾t lµ: 0 giê 1 phót!
[20141107-000141]Thêi gian thùc thi lÇn tíi: 21:20! 1415370041
[20141107-000141]Sè lÇn ®Şnh giê nhiÖm vô: 0 !
[20141107-000141]§Æt nÒn mãng nhiÖm vô ®Şnh giê thµnh c«ng: taixu_jwl_liu_crt.lua
[20141107-000141]NhiÖm vô ®Şnh giê 9: WeeklyBackupBR.lua, Sè lÇn: 0
[20141107-000141]ThiÕt lËp tªn nhiÖm vô ®Şnh giê: WeeklyBackupBR
[20141107-000141]ThiÕt lËp thêi gian gi¸n c¸ch nhiÖm vô ®Şnh giê: 3600 gi©y mét lÇn!
[20141107-000141]ThiÕt lËp thêi gian nhiÖm vô ®Şnh giê: 21 giê 1 phót!
[20141107-000141]Thêi gian tr­íc m¾t lµ: 0 giê 1 phót!
[20141107-000141]Thêi gian thùc thi lÇn tíi: 21:1! 1415368901
[20141107-000141]Sè lÇn ®Şnh giê nhiÖm vô: 0 !
[20141107-000141]§Æt nÒn mãng nhiÖm vô ®Şnh giê thµnh c«ng: WeeklyBackupBR.lua
[20141107-000141]NhiÖm vô ®Şnh giê 10: north_west_task.lua, Sè lÇn: 0
[20141107-000141]ThiÕt lËp thêi gian gi¸n c¸ch nhiÖm vô ®Şnh giê: 1800 gi©y mét lÇn!
[20141107-000141]ThiÕt lËp thêi gian nhiÖm vô ®Şnh giê: 0 giê 11 phót!
[20141107-000141]Thêi gian tr­íc m¾t lµ: 0 giê 1 phót!
[20141107-000141]Thêi gian thùc thi lÇn tíi: 0:11! 1415293901
[20141107-000141]Sè lÇn ®Şnh giê nhiÖm vô: 0 !
[20141107-000141]§Æt nÒn mãng nhiÖm vô ®Şnh giê thµnh c«ng: north_west_task.lua
[20141107-000141]NhiÖm vô ®Şnh giê 11: biwudahuiqianzou.lua, Sè lÇn: 0
[20141107-000141]ThiÕt lËp tªn nhiÖm vô ®Şnh giê: GhĞp ®«i tr­íc ®¹i héi tû vâ
[20141107-000141]ThiÕt lËp thêi gian gi¸n c¸ch nhiÖm vô ®Şnh giê: 60 gi©y mét lÇn!
[20141107-000141]ThiÕt lËp thêi gian nhiÖm vô ®Şnh giê: 0 giê 2 phót!
[20141107-000141]Thêi gian tr­íc m¾t lµ: 0 giê 1 phót!
[20141107-000141]Thêi gian thùc thi lÇn tíi: 0:2! 1415293361
[20141107-000141]Sè lÇn ®Şnh giê nhiÖm vô: 0 !
[20141107-000141]§Æt nÒn mãng nhiÖm vô ®Şnh giê thµnh c«ng: biwudahuiqianzou.lua
[20141107-000141]NhiÖm vô ®Şnh giê 12: daliytask.lua, Sè lÇn: 0
[20141107-000141]ThiÕt lËp tªn nhiÖm vô ®Şnh giê: nhiÖm vô th­êng nhËt c¸ nh©nnhiÖm vô th­êng nhËt tæ ®éi
[20141107-000141]ThiÕt lËp thêi gian gi¸n c¸ch nhiÖm vô ®Şnh giê: 86400 gi©y mét lÇn!
[20141107-000141]ThiÕt lËp thêi gian nhiÖm vô ®Şnh giê: 0 giê 0 phót!
[20141107-000141]Thêi gian tr­íc m¾t lµ: 0 giê 1 phót!
[20141107-000141]H«m nay sÏ kh«ng thùc thi: ®· qu¸ thêi gian!
[20141107-000141]Thêi gian thùc thi lÇn tíi: 0:0! 1415379641
[20141107-000141]Sè lÇn ®Şnh giê nhiÖm vô: 0 !
[20141107-000141]§Æt nÒn mãng nhiÖm vô ®Şnh giê thµnh c«ng: daliytask.lua
[20141107-000141]NhiÖm vô ®Şnh giê 13: silingding_11.lua, Sè lÇn: 0
[20141107-000141]ThiÕt lËp thêi gian gi¸n c¸ch nhiÖm vô ®Şnh giê: 86400 gi©y mét lÇn!
[20141107-000141]ThiÕt lËp thêi gian nhiÖm vô ®Şnh giê: 11 giê 0 phót!
[20141107-000141]Thêi gian tr­íc m¾t lµ: 0 giê 1 phót!
[20141107-000141]Thêi gian thùc thi lÇn tíi: 11:0! 1415332841
[20141107-000141]Sè lÇn ®Şnh giê nhiÖm vô: 0 !
[20141107-000141]§Æt nÒn mãng nhiÖm vô ®Şnh giê thµnh c«ng: silingding_11.lua
[20141107-000141]NhiÖm vô ®Şnh giê 14: silingding_18.lua, Sè lÇn: 0
[20141107-000141]ThiÕt lËp thêi gian gi¸n c¸ch nhiÖm vô ®Şnh giê: 86400 gi©y mét lÇn!
[20141107-000141]ThiÕt lËp thêi gian nhiÖm vô ®Şnh giê: 18 giê 0 phót!
[20141107-000141]Thêi gian tr­íc m¾t lµ: 0 giê 1 phót!
[20141107-000141]Thêi gian thùc thi lÇn tíi: 18:0! 1415358041
[20141107-000141]Sè lÇn ®Şnh giê nhiÖm vô: 0 !
[20141107-000141]§Æt nÒn mãng nhiÖm vô ®Şnh giê thµnh c«ng: silingding_18.lua
[20141107-000141]NhiÖm vô ®Şnh giê 15: silingding_23.lua, Sè lÇn: 0
[20141107-000141]ThiÕt lËp thêi gian gi¸n c¸ch nhiÖm vô ®Şnh giê: 86400 gi©y mét lÇn!
[20141107-000141]ThiÕt lËp thêi gian nhiÖm vô ®Şnh giê: 23 giê 0 phót!
[20141107-000141]Thêi gian tr­íc m¾t lµ: 0 giê 1 phót!
[20141107-000141]Thêi gian thùc thi lÇn tíi: 23:0! 1415376041
[20141107-000141]Sè lÇn ®Şnh giê nhiÖm vô: 0 !
[20141107-000141]§Æt nÒn mãng nhiÖm vô ®Şnh giê thµnh c«ng: silingding_23.lua
[20141107-000141]NhiÖm vô ®Şnh giê 16: EventBoss_201103.lua, Sè lÇn: 0
[20141107-000141]ThiÕt lËp tªn nhiÖm vô ®Şnh giê: Boss Giæ tæ Hïng V­¬ng
[20141107-000141]ThiÕt lËp thêi gian gi¸n c¸ch nhiÖm vô ®Şnh giê: 3600 gi©y mét lÇn!
[20141107-000141]ThiÕt lËp thêi gian nhiÖm vô ®Şnh giê: 1 giê 0 phót!
[20141107-000141]Thêi gian tr­íc m¾t lµ: 0 giê 1 phót!
[20141107-000141]Thêi gian thùc thi lÇn tíi: 1:0! 1415296841
[20141107-000141]Sè lÇn ®Şnh giê nhiÖm vô: 0 !
[20141107-000141]§Æt nÒn mãng nhiÖm vô ®Şnh giê thµnh c«ng: EventBoss_201103.lua
[20141107-000141]NhiÖm vô ®Şnh giê 17: lsb_callboss1.lua, Sè lÇn: 0
[20141107-000141]ThiÕt lËp tªn nhiÖm vô ®Şnh giê: Boss L­¬ng S¬n Hoµng Kim
[20141107-000141]ThiÕt lËp thêi gian gi¸n c¸ch nhiÖm vô ®Şnh giê: 86400 gi©y mét lÇn!
[20141107-000141]ThiÕt lËp thêi gian nhiÖm vô ®Şnh giê: 12 giê 30 phót!
[20141107-000141]Thêi gian tr­íc m¾t lµ: 0 giê 1 phót!
[20141107-000141]Thêi gian thùc thi lÇn tíi: 12:30! 1415338241
[20141107-000141]Sè lÇn ®Şnh giê nhiÖm vô: 0 !
[20141107-000141]§Æt nÒn mãng nhiÖm vô ®Şnh giê thµnh c«ng: lsb_callboss1.lua
[20141107-000141]NhiÖm vô ®Şnh giê 18: lsb_callboss2.lua, Sè lÇn: 0
[20141107-000141]ThiÕt lËp tªn nhiÖm vô ®Şnh giê: Boss L­¬ng S¬n Hoµng Kim
[20141107-000141]ThiÕt lËp thêi gian gi¸n c¸ch nhiÖm vô ®Şnh giê: 86400 gi©y mét lÇn!
[20141107-000141]ThiÕt lËp thêi gian nhiÖm vô ®Şnh giê: 15 giê 30 phót!
[20141107-000141]Thêi gian tr­íc m¾t lµ: 0 giê 1 phót!
[20141107-000141]Thêi gian thùc thi lÇn tíi: 15:30! 1415349041
[20141107-000141]Sè lÇn ®Şnh giê nhiÖm vô: 0 !
[20141107-000141]§Æt nÒn mãng nhiÖm vô ®Şnh giê thµnh c«ng: lsb_callboss2.lua
[20141107-000141]NhiÖm vô ®Şnh giê 19: lsb_callboss3.lua, Sè lÇn: 0
[20141107-000141]ThiÕt lËp tªn nhiÖm vô ®Şnh giê: Boss L­¬ng S¬n Hoµng Kim
[20141107-000141]ThiÕt lËp thêi gian gi¸n c¸ch nhiÖm vô ®Şnh giê: 86400 gi©y mét lÇn!
[20141107-000141]ThiÕt lËp thêi gian nhiÖm vô ®Şnh giê: 19 giê 30 phót!
[20141107-000141]Thêi gian tr­íc m¾t lµ: 0 giê 1 phót!
[20141107-000141]Thêi gian thùc thi lÇn tíi: 19:30! 1415363441
[20141107-000141]Sè lÇn ®Şnh giê nhiÖm vô: 0 !
[20141107-000141]§Æt nÒn mãng nhiÖm vô ®Şnh giê thµnh c«ng: lsb_callboss3.lua
[20141107-000141]NhiÖm vô ®Şnh giê 20: lsb_callboss4.lua, Sè lÇn: 0
[20141107-000141]ThiÕt lËp tªn nhiÖm vô ®Şnh giê: Boss L­¬ng S¬n Hoµng Kim
[20141107-000141]ThiÕt lËp thêi gian gi¸n c¸ch nhiÖm vô ®Şnh giê: 86400 gi©y mét lÇn!
[20141107-000141]ThiÕt lËp thêi gian nhiÖm vô ®Şnh giê: 22 giê 30 phót!
[20141107-000141]Thêi gian tr­íc m¾t lµ: 0 giê 1 phót!
[20141107-000141]Thêi gian thùc thi lÇn tíi: 22:30! 1415374241
[20141107-000141]Sè lÇn ®Şnh giê nhiÖm vô: 0 !
[20141107-000141]§Æt nÒn mãng nhiÖm vô ®Şnh giê thµnh c«ng: lsb_callboss4.lua
[20141107-000141]NhiÖm vô ®Şnh giê 21: oly_generate_lucknum.lua, Sè lÇn: 0
[20141107-000141]ThiÕt lËp tªn nhiÖm vô ®Şnh giê: ThiÕt lËp ch÷ sè may m¾n ho¹t ®éng Olympic
[20141107-000141]ThiÕt lËp thêi gian gi¸n c¸ch nhiÖm vô ®Şnh giê: 86400 gi©y mét lÇn!
[20141107-000141]ThiÕt lËp thêi gian nhiÖm vô ®Şnh giê: 20 giê 58 phót!
[20141107-000141]Thêi gian tr­íc m¾t lµ: 0 giê 1 phót!
[20141107-000141]Thêi gian thùc thi lÇn tíi: 20:58! 1415368721
[20141107-000141]Sè lÇn ®Şnh giê nhiÖm vô: 0 !
[20141107-000141]§Æt nÒn mãng nhiÖm vô ®Şnh giê thµnh c«ng: oly_generate_lucknum.lua
[20141107-000141]NhiÖm vô ®Şnh giê 22: oly_clean_data.lua, Sè lÇn: 0
[20141107-000141]ThiÕt lËp tªn nhiÖm vô ®Şnh giê: CËp nhËt d÷ liÖu ho¹t ®éng Olympic
[20141107-000141]ThiÕt lËp thêi gian gi¸n c¸ch nhiÖm vô ®Şnh giê: 86400 gi©y mét lÇn!
[20141107-000141]ThiÕt lËp thêi gian nhiÖm vô ®Şnh giê: 23 giê 58 phót!
[20141107-000141]Thêi gian tr­íc m¾t lµ: 0 giê 1 phót!
[20141107-000141]Thêi gian thùc thi lÇn tíi: 23:58! 1415379521
[20141107-000141]Sè lÇn ®Şnh giê nhiÖm vô: 0 !
[20141107-000141]§Æt nÒn mãng nhiÖm vô ®Şnh giê thµnh c«ng: oly_clean_data.lua
[20141107-000141]NhiÖm vô ®Şnh giê 23: qht_timer_clean.lua, Sè lÇn: 0
[20141107-000141]ThiÕt lËp tªn nhiÖm vô ®Şnh giê: ThiÕt lËp thêi gian Thiªn TÇm Th¸p
[20141107-000141]ThiÕt lËp thêi gian gi¸n c¸ch nhiÖm vô ®Şnh giê: 86400 gi©y mét lÇn!
[20141107-000141]ThiÕt lËp thêi gian nhiÖm vô ®Şnh giê: 0 giê 30 phót!
[20141107-000141]Thêi gian tr­íc m¾t lµ: 0 giê 1 phót!
[20141107-000141]Thêi gian thùc thi lÇn tíi: 0:30! 1415295041
[20141107-000141]Sè lÇn ®Şnh giê nhiÖm vô: 0 !
[20141107-000141]§Æt nÒn mãng nhiÖm vô ®Şnh giê thµnh c«ng: qht_timer_clean.lua
[20141107-000141]NhiÖm vô ®Şnh giê 24: dzt_create_boss.lua, Sè lÇn: 0
[20141107-000141]ThiÕt lËp tªn nhiÖm vô ®Şnh giê: §¹i t¸c chiÕn truy t×m l¹i ch÷ viÕt
[20141107-000141]ThiÕt lËp thêi gian gi¸n c¸ch nhiÖm vô ®Şnh giê: 3600 gi©y mét lÇn!
[20141107-000141]ThiÕt lËp thêi gian nhiÖm vô ®Şnh giê: 10 giê 0 phót!
[20141107-000141]Thêi gian tr­íc m¾t lµ: 0 giê 1 phót!
[20141107-000141]Thêi gian thùc thi lÇn tíi: 10:0! 1415329241
[20141107-000141]Sè lÇn ®Şnh giê nhiÖm vô: 0 !
[20141107-000141]§Æt nÒn mãng nhiÖm vô ®Şnh giê thµnh c«ng: dzt_create_boss.lua
[20141107-000141]NhiÖm vô ®Şnh giê 25: dzt_close.lua, Sè lÇn: 0
[20141107-000141]ThiÕt lËp tªn nhiÖm vô ®Şnh giê: §¹i t¸c chiÕn truy t×m l¹i ch÷ viÕt
[20141107-000141]ThiÕt lËp thêi gian gi¸n c¸ch nhiÖm vô ®Şnh giê: 3600 gi©y mét lÇn!
[20141107-000141]ThiÕt lËp thêi gian nhiÖm vô ®Şnh giê: 10 giê 30 phót!
[20141107-000141]Thêi gian tr­íc m¾t lµ: 0 giê 1 phót!
[20141107-000141]Thêi gian thùc thi lÇn tíi: 10:30! 1415331041
[20141107-000141]Sè lÇn ®Şnh giê nhiÖm vô: 0 !
[20141107-000141]§Æt nÒn mãng nhiÖm vô ®Şnh giê thµnh c«ng: dzt_close.lua
[20141107-000141]NhiÖm vô ®Şnh giê 26: cc_call_boss1.lua, Sè lÇn: 0
[20141107-000141]ThiÕt lËp tªn nhiÖm vô ®Şnh giê: Lµm míi ThÎ Tù BOSS 
[20141107-000141]ThiÕt lËp thêi gian gi¸n c¸ch nhiÖm vô ®Şnh giê: 86400 gi©y mét lÇn!
[20141107-000141]ThiÕt lËp thêi gian nhiÖm vô ®Şnh giê: 8 giê 30 phót!
[20141107-000141]Thêi gian tr­íc m¾t lµ: 0 giê 1 phót!
[20141107-000141]Thêi gian thùc thi lÇn tíi: 8:30! 1415323841
[20141107-000141]Sè lÇn ®Şnh giê nhiÖm vô: 0 !
[20141107-000141]§Æt nÒn mãng nhiÖm vô ®Şnh giê thµnh c«ng: cc_call_boss1.lua
[20141107-000141]NhiÖm vô ®Şnh giê 27: cc_call_boss2.lua, Sè lÇn: 0
[20141107-000141]ThiÕt lËp tªn nhiÖm vô ®Şnh giê: Lµm míi ThÎ Tù BOSS 
[20141107-000141]ThiÕt lËp thêi gian gi¸n c¸ch nhiÖm vô ®Şnh giê: 86400 gi©y mét lÇn!
[20141107-000141]ThiÕt lËp thêi gian nhiÖm vô ®Şnh giê: 12 giê 30 phót!
[20141107-000141]Thêi gian tr­íc m¾t lµ: 0 giê 1 phót!
[20141107-000141]Thêi gian thùc thi lÇn tíi: 12:30! 1415338241
[20141107-000141]Sè lÇn ®Şnh giê nhiÖm vô: 0 !
[20141107-000141]§Æt nÒn mãng nhiÖm vô ®Şnh giê thµnh c«ng: cc_call_boss2.lua
[20141107-000141]NhiÖm vô ®Şnh giê 28: cc_call_boss3.lua, Sè lÇn: 0
[20141107-000141]ThiÕt lËp tªn nhiÖm vô ®Şnh giê: Lµm míi ThÎ Tù BOSS 
[20141107-000141]ThiÕt lËp thêi gian gi¸n c¸ch nhiÖm vô ®Şnh giê: 86400 gi©y mét lÇn!
[20141107-000141]ThiÕt lËp thêi gian nhiÖm vô ®Şnh giê: 17 giê 30 phót!
[20141107-000141]Thêi gian tr­íc m¾t lµ: 0 giê 1 phót!
[20141107-000141]Thêi gian thùc thi lÇn tíi: 17:30! 1415356241
[20141107-000141]Sè lÇn ®Şnh giê nhiÖm vô: 0 !
[20141107-000141]§Æt nÒn mãng nhiÖm vô ®Şnh giê thµnh c«ng: cc_call_boss3.lua
[20141107-000141]NhiÖm vô ®Şnh giê 29: cc_call_boss4.lua, Sè lÇn: 0
[20141107-000141]ThiÕt lËp tªn nhiÖm vô ®Şnh giê: Lµm míi ThÎ Tù BOSS 
[20141107-000141]ThiÕt lËp thêi gian gi¸n c¸ch nhiÖm vô ®Şnh giê: 86400 gi©y mét lÇn!
[20141107-000141]ThiÕt lËp thêi gian nhiÖm vô ®Şnh giê: 22 giê 30 phót!
[20141107-000141]Thêi gian tr­íc m¾t lµ: 0 giê 1 phót!
[20141107-000141]Thêi gian thùc thi lÇn tíi: 22:30! 1415374241
[20141107-000141]Sè lÇn ®Şnh giê nhiÖm vô: 0 !
[20141107-000141]§Æt nÒn mãng nhiÖm vô ®Şnh giê thµnh c«ng: cc_call_boss4.lua
[20141107-000141]NhiÖm vô ®Şnh giê 30: qht_create_gold_boss1.lua, Sè lÇn: 0
[20141107-000141]ThiÕt lËp tªn nhiÖm vô ®Şnh giê: Thiªn TÇm Th¸p Hoµng Kim BOSS xuÊt hiÖn!
[20141107-000141]ThiÕt lËp thêi gian gi¸n c¸ch nhiÖm vô ®Şnh giê: 86400 gi©y mét lÇn!
[20141107-000141]ThiÕt lËp thêi gian nhiÖm vô ®Şnh giê: 12 giê 30 phót!
[20141107-000141]Thêi gian tr­íc m¾t lµ: 0 giê 1 phót!
[20141107-000141]Thêi gian thùc thi lÇn tíi: 12:30! 1415338241
[20141107-000141]Sè lÇn ®Şnh giê nhiÖm vô: 0 !
[20141107-000141]§Æt nÒn mãng nhiÖm vô ®Şnh giê thµnh c«ng: qht_create_gold_boss1.lua
[20141107-000141]NhiÖm vô ®Şnh giê 31: qht_create_gold_boss2.lua, Sè lÇn: 0
[20141107-000141]ThiÕt lËp tªn nhiÖm vô ®Şnh giê: Thiªn TÇm Th¸p Hoµng Kim BOSS xuÊt hiÖn!
[20141107-000141]ThiÕt lËp thêi gian gi¸n c¸ch nhiÖm vô ®Şnh giê: 86400 gi©y mét lÇn!
[20141107-000141]ThiÕt lËp thêi gian nhiÖm vô ®Şnh giê: 22 giê 0 phót!
[20141107-000141]Thêi gian tr­íc m¾t lµ: 0 giê 1 phót!
[20141107-000141]Thêi gian thùc thi lÇn tíi: 22:0! 1415372441
[20141107-000141]Sè lÇn ®Şnh giê nhiÖm vô: 0 !
[20141107-000141]§Æt nÒn mãng nhiÖm vô ®Şnh giê thµnh c«ng: qht_create_gold_boss2.lua
[20141107-000141]NhiÖm vô ®Şnh giê 32: sp2014_createnpc_1.lua, Sè lÇn: 0
[20141107-000141]ThiÕt lËp tªn nhiÖm vô ®Şnh giê: Niªn Thó 2014
[20141107-000141]ThiÕt lËp thêi gian gi¸n c¸ch nhiÖm vô ®Şnh giê: 86400 gi©y mét lÇn!
[20141107-000141]ThiÕt lËp thêi gian nhiÖm vô ®Şnh giê: 12 giê 0 phót!
[20141107-000141]Thêi gian tr­íc m¾t lµ: 0 giê 1 phót!
[20141107-000141]Thêi gian thùc thi lÇn tíi: 12:0! 1415336441
[20141107-000141]Sè lÇn ®Şnh giê nhiÖm vô: 0 !
[20141107-000141]§Æt nÒn mãng nhiÖm vô ®Şnh giê thµnh c«ng: sp2014_createnpc_1.lua
[20141107-000141]NhiÖm vô ®Şnh giê 33: sp2014_createnpc_2.lua, Sè lÇn: 0
[20141107-000141]ThiÕt lËp tªn nhiÖm vô ®Şnh giê: Niªn Thó 2014
[20141107-000141]ThiÕt lËp thêi gian gi¸n c¸ch nhiÖm vô ®Şnh giê: 86400 gi©y mét lÇn!
[20141107-000141]ThiÕt lËp thêi gian nhiÖm vô ®Şnh giê: 21 giê 0 phót!
[20141107-000141]Thêi gian tr­íc m¾t lµ: 0 giê 1 phót!
[20141107-000141]Thêi gian thùc thi lÇn tíi: 21:0! 1415368841
[20141107-000141]Sè lÇn ®Şnh giê nhiÖm vô: 0 !
[20141107-000141]§Æt nÒn mãng nhiÖm vô ®Şnh giê thµnh c«ng: sp2014_createnpc_2.lua
[20141107-000141]NhiÖm vô ®Şnh giê 34: clear_gest_jiaoyi.lua, Sè lÇn: 0
[20141107-000141]ThiÕt lËp tªn nhiÖm vô ®Şnh giê: Xãa bá h¹ng tû vâ
[20141107-000141]ThiÕt lËp thêi gian gi¸n c¸ch nhiÖm vô ®Şnh giê: 3600 gi©y mét lÇn!
[20141107-000141]ThiÕt lËp thêi gian nhiÖm vô ®Şnh giê: 0 giê 1 phót!
[20141107-000141]Thêi gian tr­íc m¾t lµ: 0 giê 1 phót!
[20141107-000141]Thêi gian thùc thi lÇn tíi: 0:1! 1415293301
[20141107-000141]Sè lÇn ®Şnh giê nhiÖm vô: 0 !
[20141107-000141]§Æt nÒn mãng nhiÖm vô ®Şnh giê thµnh c«ng: clear_gest_jiaoyi.lua
[20141107-000141]NhiÖm vô ®Şnh giê 35: world_boss.lua, Sè lÇn: 0
[20141107-000141]ThiÕt lËp tªn nhiÖm vô ®Şnh giê: T¹o míi BOSS ThÕ Giíi
[20141107-000141]ThiÕt lËp thêi gian gi¸n c¸ch nhiÖm vô ®Şnh giê: 86400 gi©y mét lÇn!
[20141107-000141]ThiÕt lËp thêi gian nhiÖm vô ®Şnh giê: 14 giê 30 phót!
[20141107-000141]Thêi gian tr­íc m¾t lµ: 0 giê 1 phót!
[20141107-000141]Thêi gian thùc thi lÇn tíi: 14:30! 1415345441
[20141107-000141]Sè lÇn ®Şnh giê nhiÖm vô: 0 !
[20141107-000141]§Æt nÒn mãng nhiÖm vô ®Şnh giê thµnh c«ng: world_boss.lua
[20141107-000141]NhiÖm vô ®Şnh giê 36: world_boss1.lua, Sè lÇn: 0
[20141107-000141]ThiÕt lËp tªn nhiÖm vô ®Şnh giê: T¹o míi BOSS ThÕ Giíi
[20141107-000141]ThiÕt lËp thêi gian gi¸n c¸ch nhiÖm vô ®Şnh giê: 86400 gi©y mét lÇn!
[20141107-000141]ThiÕt lËp thêi gian nhiÖm vô ®Şnh giê: 20 giê 0 phót!
[20141107-000141]Thêi gian tr­íc m¾t lµ: 0 giê 1 phót!
[20141107-000141]Thêi gian thùc thi lÇn tíi: 20:0! 1415365241
[20141107-000141]Sè lÇn ®Şnh giê nhiÖm vô: 0 !
[20141107-000141]§Æt nÒn mãng nhiÖm vô ®Şnh giê thµnh c«ng: world_boss1.lua
[20141107-000141]NhiÖm vô ®Şnh giê 37: hua_deng1.lua, Sè lÇn: 0
[20141107-000141]ThiÕt lËp tªn nhiÖm vô ®Şnh giê: §Ìn Hoa §¨ng
[20141107-000141]ThiÕt lËp thêi gian gi¸n c¸ch nhiÖm vô ®Şnh giê: 86400 gi©y mét lÇn!
[20141107-000141]ThiÕt lËp thêi gian nhiÖm vô ®Şnh giê: 10 giê 0 phót!
[20141107-000141]Thêi gian tr­íc m¾t lµ: 0 giê 1 phót!
[20141107-000141]Thêi gian thùc thi lÇn tíi: 10:0! 1415329241
[20141107-000141]Sè lÇn ®Şnh giê nhiÖm vô: 0 !
[20141107-000141]§Æt nÒn mãng nhiÖm vô ®Şnh giê thµnh c«ng: hua_deng1.lua
[20141107-000141]NhiÖm vô ®Şnh giê 38: hua_deng2.lua, Sè lÇn: 0
[20141107-000141]ThiÕt lËp tªn nhiÖm vô ®Şnh giê: §Ìn Hoa §¨ng
[20141107-000141]ThiÕt lËp thêi gian gi¸n c¸ch nhiÖm vô ®Şnh giê: 86400 gi©y mét lÇn!
[20141107-000141]ThiÕt lËp thêi gian nhiÖm vô ®Şnh giê: 11 giê 0 phót!
[20141107-000141]Thêi gian tr­íc m¾t lµ: 0 giê 1 phót!
[20141107-000141]Thêi gian thùc thi lÇn tíi: 11:0! 1415332841
[20141107-000141]Sè lÇn ®Şnh giê nhiÖm vô: 0 !
[20141107-000141]§Æt nÒn mãng nhiÖm vô ®Şnh giê thµnh c«ng: hua_deng2.lua
[20141107-000141]NhiÖm vô ®Şnh giê 39: hua_deng3.lua, Sè lÇn: 0
[20141107-000141]ThiÕt lËp tªn nhiÖm vô ®Şnh giê: §Ìn Hoa §¨ng
[20141107-000141]ThiÕt lËp thêi gian gi¸n c¸ch nhiÖm vô ®Şnh giê: 86400 gi©y mét lÇn!
[20141107-000141]ThiÕt lËp thêi gian nhiÖm vô ®Şnh giê: 16 giê 0 phót!
[20141107-000141]Thêi gian tr­íc m¾t lµ: 0 giê 1 phót!
[20141107-000141]Thêi gian thùc thi lÇn tíi: 16:0! 1415350841
[20141107-000141]Sè lÇn ®Şnh giê nhiÖm vô: 0 !
[20141107-000141]§Æt nÒn mãng nhiÖm vô ®Şnh giê thµnh c«ng: hua_deng3.lua
[20141107-000141]NhiÖm vô ®Şnh giê 40: hua_deng4.lua, Sè lÇn: 0
[20141107-000141]ThiÕt lËp tªn nhiÖm vô ®Şnh giê: §Ìn Hoa §¨ng
[20141107-000141]ThiÕt lËp thêi gian gi¸n c¸ch nhiÖm vô ®Şnh giê: 86400 gi©y mét lÇn!
[20141107-000141]ThiÕt lËp thêi gian nhiÖm vô ®Şnh giê: 17 giê 0 phót!
[20141107-000141]Thêi gian tr­íc m¾t lµ: 0 giê 1 phót!
[20141107-000141]Thêi gian thùc thi lÇn tíi: 17:0! 1415354441
[20141107-000141]Sè lÇn ®Şnh giê nhiÖm vô: 0 !
[20141107-000141]§Æt nÒn mãng nhiÖm vô ®Şnh giê thµnh c«ng: hua_deng4.lua
[20141107-000141]NhiÖm vô ®Şnh giê 41: hua_deng5.lua, Sè lÇn: 0
[20141107-000141]ThiÕt lËp tªn nhiÖm vô ®Şnh giê: §Ìn Hoa §¨ng
[20141107-000141]ThiÕt lËp thêi gian gi¸n c¸ch nhiÖm vô ®Şnh giê: 86400 gi©y mét lÇn!
[20141107-000141]ThiÕt lËp thêi gian nhiÖm vô ®Şnh giê: 21 giê 0 phót!
[20141107-000141]Thêi gian tr­íc m¾t lµ: 0 giê 1 phót!
[20141107-000141]Thêi gian thùc thi lÇn tíi: 21:0! 1415368841
[20141107-000141]Sè lÇn ®Şnh giê nhiÖm vô: 0 !
[20141107-000141]§Æt nÒn mãng nhiÖm vô ®Şnh giê thµnh c«ng: hua_deng5.lua
[20141107-000141]NhiÖm vô ®Şnh giê 42: hua_deng6.lua, Sè lÇn: 0
[20141107-000141]ThiÕt lËp tªn nhiÖm vô ®Şnh giê: §Ìn Hoa §¨ng
[20141107-000141]ThiÕt lËp thêi gian gi¸n c¸ch nhiÖm vô ®Şnh giê: 86400 gi©y mét lÇn!
[20141107-000141]ThiÕt lËp thêi gian nhiÖm vô ®Şnh giê: 22 giê 0 phót!
[20141107-000141]Thêi gian tr­íc m¾t lµ: 0 giê 1 phót!
[20141107-000141]Thêi gian thùc thi lÇn tíi: 22:0! 1415372441
[20141107-000141]Sè lÇn ®Şnh giê nhiÖm vô: 0 !
[20141107-000141]§Æt nÒn mãng nhiÖm vô ®Şnh giê thµnh c«ng: hua_deng6.lua
[20141107-000141]NhiÖm vô ®Şnh giê 43: ibc_boss1.lua, Sè lÇn: 0
[20141107-000141]ThiÕt lËp thêi gian gi¸n c¸ch nhiÖm vô ®Şnh giê: 86400 gi©y mét lÇn!
[20141107-000141]ThiÕt lËp thêi gian nhiÖm vô ®Şnh giê: 13 giê 0 phót!
[20141107-000141]Thêi gian tr­íc m¾t lµ: 0 giê 1 phót!
[20141107-000141]Thêi gian thùc thi lÇn tíi: 13:0! 1415340041
[20141107-000141]Sè lÇn ®Şnh giê nhiÖm vô: 0 !
[20141107-000141]§Æt nÒn mãng nhiÖm vô ®Şnh giê thµnh c«ng: ibc_boss1.lua
[20141107-000141]NhiÖm vô ®Şnh giê 44: ibc_boss2.lua, Sè lÇn: 0
[20141107-000141]ThiÕt lËp thêi gian gi¸n c¸ch nhiÖm vô ®Şnh giê: 86400 gi©y mét lÇn!
[20141107-000141]ThiÕt lËp thêi gian nhiÖm vô ®Şnh giê: 19 giê 0 phót!
[20141107-000141]Thêi gian tr­íc m¾t lµ: 0 giê 1 phót!
[20141107-000141]Thêi gian thùc thi lÇn tíi: 19:0! 1415361641
[20141107-000141]Sè lÇn ®Şnh giê nhiÖm vô: 0 !
[20141107-000141]§Æt nÒn mãng nhiÖm vô ®Şnh giê thµnh c«ng: ibc_boss2.lua
[20141107-000141]NhiÖm vô ®Şnh giê 45: ibc_boss3.lua, Sè lÇn: 0
[20141107-000141]ThiÕt lËp thêi gian gi¸n c¸ch nhiÖm vô ®Şnh giê: 86400 gi©y mét lÇn!
[20141107-000141]ThiÕt lËp thêi gian nhiÖm vô ®Şnh giê: 22 giê 0 phót!
[20141107-000141]Thêi gian tr­íc m¾t lµ: 0 giê 1 phót!
[20141107-000141]Thêi gian thùc thi lÇn tíi: 22:0! 1415372441
[20141107-000141]Sè lÇn ®Şnh giê nhiÖm vô: 0 !
[20141107-000141]§Æt nÒn mãng nhiÖm vô ®Şnh giê thµnh c«ng: ibc_boss3.lua
[20141107-000142]Thùc thi NhiÖm vô ®Şnh giê: clear_gest_jiaoyi.lua
[20141107-000142]Thêi gian thùc thi lÇn sau: 1415372441!
[20141107-000241]Thùc thi NhiÖm vô ®Şnh giê: biwudahuiqianzou.lua
[20141107-000241]Thêi gian thùc thi lÇn sau: 1415372441!
[20141107-000341]Thùc thi NhiÖm vô ®Şnh giê: biwudahuiqianzou.lua
[20141107-000341]Thêi gian thùc thi lÇn sau: 1415372441!
[20141107-000441]Thùc thi NhiÖm vô ®Şnh giê: biwudahuiqianzou.lua
[20141107-000441]Thêi gian thùc thi lÇn sau: 1415372441!
[20141107-000541]Thùc thi NhiÖm vô ®Şnh giê: biwudahuiqianzou.lua
[20141107-000541]Thêi gian thùc thi lÇn sau: 1415372441!
[20141107-000641]Thùc thi NhiÖm vô ®Şnh giê: biwudahuiqianzou.lua
[20141107-000641]Thêi gian thùc thi lÇn sau: 1415372441!
[20141107-000741]Thùc thi NhiÖm vô ®Şnh giê: biwudahuiqianzou.lua
[20141107-000741]Thêi gian thùc thi lÇn sau: 1415372441!
[20141107-000841]Thùc thi NhiÖm vô ®Şnh giê: biwudahuiqianzou.lua
[20141107-000841]Thêi gian thùc thi lÇn sau: 1415372441!
[20141107-000941]Thùc thi NhiÖm vô ®Şnh giê: biwudahuiqianzou.lua
[20141107-000941]Thêi gian thùc thi lÇn sau: 1415372441!
[20141107-001041]Thùc thi NhiÖm vô ®Şnh giê: biwudahuiqianzou.lua
[20141107-001041]Thêi gian thùc thi lÇn sau: 1415372441!
[20141107-001141]Thùc thi NhiÖm vô ®Şnh giê: CollectionTaskStart.lua
[20141107-001141]Thêi gian thùc thi lÇn sau: 1415372441!
[20141107-001141]Thùc thi NhiÖm vô ®Şnh giê: random_shop_npc.lua
[20141107-001141]Thêi gian thùc thi lÇn sau: 1415372441!
[20141107-001141]Thùc thi NhiÖm vô ®Şnh giê: north_west_task.lua
[20141107-001141]Thêi gian thùc thi lÇn sau: 1415372441!
[20141107-001141]Thùc thi NhiÖm vô ®Şnh giê: biwudahuiqianzou.lua
[20141107-001141]Thêi gian thùc thi lÇn sau: 1415372441!
[20141107-001215]NhËp Settings File cña nhiÖm vô ®Şnh giê: /RelaySetting/Task/TaskList.ini
[20141107-001215]Sè l­îng nhiÖm vô ®Şnh giê: 46
[20141107-001215]NhiÖm vô ®Şnh giê 0: CollectionTaskStart.lua, Sè lÇn: 0
[20141107-001215]ThiÕt lËp tªn nhiÖm vô ®Şnh giê: Thi ®Êu thuyÒn rång
[20141107-001215]ThiÕt lËp thêi gian gi¸n c¸ch nhiÖm vô ®Şnh giê: 5400 gi©y mét lÇn!
[20141107-001215]ThiÕt lËp thêi gian nhiÖm vô ®Şnh giê: 0 giê 22 phót!
[20141107-001215]Thêi gian tr­íc m¾t lµ: 0 giê 12 phót!
[20141107-001215]Thêi gian thùc thi lÇn tíi: 0:22! 1415294535
[20141107-001215]Sè lÇn ®Şnh giê nhiÖm vô: 0 !
[20141107-001215]§Æt nÒn mãng nhiÖm vô ®Şnh giê thµnh c«ng: CollectionTaskStart.lua
[20141107-001215]NhiÖm vô ®Şnh giê 1: CollectionTaskClose.lua, Sè lÇn: 0
[20141107-001215]ThiÕt lËp tªn nhiÖm vô ®Şnh giê: Thi ®Êu thuyÒn rång
[20141107-001215]ThiÕt lËp thêi gian gi¸n c¸ch nhiÖm vô ®Şnh giê: 5400 gi©y mét lÇn!
[20141107-001215]ThiÕt lËp thêi gian nhiÖm vô ®Şnh giê: 0 giê 52 phót!
[20141107-001215]Thêi gian tr­íc m¾t lµ: 0 giê 12 phót!
[20141107-001215]Thêi gian thùc thi lÇn tíi: 0:52! 1415296335
[20141107-001215]Sè lÇn ®Şnh giê nhiÖm vô: 0 !
[20141107-001215]§Æt nÒn mãng nhiÖm vô ®Şnh giê thµnh c«ng: CollectionTaskClose.lua
[20141107-001215]NhiÖm vô ®Şnh giê 2: CallBoss_13.lua, Sè lÇn: 0
[20141107-001215]ThiÕt lËp tªn nhiÖm vô ®Şnh giê: BOSS buæi tr­a
[20141107-001215]ThiÕt lËp thêi gian gi¸n c¸ch nhiÖm vô ®Şnh giê: 86400 gi©y mét lÇn!
[20141107-001215]ThiÕt lËp thêi gian nhiÖm vô ®Şnh giê: 13 giê 0 phót!
[20141107-001215]Thêi gian tr­íc m¾t lµ: 0 giê 12 phót!
[20141107-001215]Thêi gian thùc thi lÇn tíi: 13:0! 1415340015
[20141107-001215]Sè lÇn ®Şnh giê nhiÖm vô: 0 !
[20141107-001215]§Æt nÒn mãng nhiÖm vô ®Şnh giê thµnh c«ng: CallBoss_13.lua
[20141107-001215]NhiÖm vô ®Şnh giê 3: CallBoss_21.lua, Sè lÇn: 0
[20141107-001215]ThiÕt lËp tªn nhiÖm vô ®Şnh giê: BOSS buæi tr­a
[20141107-001215]ThiÕt lËp thêi gian gi¸n c¸ch nhiÖm vô ®Şnh giê: 86400 gi©y mét lÇn!
[20141107-001215]ThiÕt lËp thêi gian nhiÖm vô ®Şnh giê: 21 giê 0 phót!
[20141107-001215]Thêi gian tr­íc m¾t lµ: 0 giê 12 phót!
[20141107-001215]Thêi gian thùc thi lÇn tíi: 21:0! 1415368815
[20141107-001215]Sè lÇn ®Şnh giê nhiÖm vô: 0 !
[20141107-001215]§Æt nÒn mãng nhiÖm vô ®Şnh giê thµnh c«ng: CallBoss_21.lua
[20141107-001215]NhiÖm vô ®Şnh giê 4: CallBoss_23.lua, Sè lÇn: 0
[20141107-001215]ThiÕt lËp tªn nhiÖm vô ®Şnh giê: BOSS buæi tr­a
[20141107-001215]ThiÕt lËp thêi gian gi¸n c¸ch nhiÖm vô ®Şnh giê: 86400 gi©y mét lÇn!
[20141107-001215]ThiÕt lËp thêi gian nhiÖm vô ®Şnh giê: 23 giê 0 phót!
[20141107-001215]Thêi gian tr­íc m¾t lµ: 0 giê 12 phót!
[20141107-001215]Thêi gian thùc thi lÇn tíi: 23:0! 1415376015
[20141107-001215]Sè lÇn ®Şnh giê nhiÖm vô: 0 !
[20141107-001215]§Æt nÒn mãng nhiÖm vô ®Şnh giê thµnh c«ng: CallBoss_23.lua
[20141107-001215]NhiÖm vô ®Şnh giê 5: random_shop_npc.lua, Sè lÇn: 0
[20141107-001215]ThiÕt lËp tªn nhiÖm vô ®Şnh giê: NPC nhiÖm vô Th­¬ng Héi sÏ thay ®æi c¸c vŞ trİ xuÊt hiÖn
[20141107-001215]ThiÕt lËp thêi gian gi¸n c¸ch nhiÖm vô ®Şnh giê: 1800 gi©y mét lÇn!
[20141107-001215]ThiÕt lËp thêi gian nhiÖm vô ®Şnh giê: 0 giê 22 phót!
[20141107-001215]Thêi gian tr­íc m¾t lµ: 0 giê 12 phót!
[20141107-001215]Thêi gian thùc thi lÇn tíi: 0:22! 1415294535
[20141107-001215]Sè lÇn ®Şnh giê nhiÖm vô: 0 !
[20141107-001215]§Æt nÒn mãng nhiÖm vô ®Şnh giê thµnh c«ng: random_shop_npc.lua
[20141107-001215]NhiÖm vô ®Şnh giê 6: faction_boss_task.lua, Sè lÇn: 0
[20141107-001215]ThiÕt lËp tªn nhiÖm vô ®Şnh giê: NhiÖm vô BOSS m«n ph¸i
[20141107-001215]ThiÕt lËp thêi gian gi¸n c¸ch nhiÖm vô ®Şnh giê: 86400 gi©y mét lÇn!
[20141107-001215]ThiÕt lËp thêi gian nhiÖm vô ®Şnh giê: 21 giê 0 phót!
[20141107-001215]Thêi gian tr­íc m¾t lµ: 0 giê 12 phót!
[20141107-001215]Thêi gian thùc thi lÇn tíi: 21:0! 1415368815
[20141107-001215]Sè lÇn ®Şnh giê nhiÖm vô: 0 !
[20141107-001215]§Æt nÒn mãng nhiÖm vô ®Şnh giê thµnh c«ng: faction_boss_task.lua
[20141107-001215]NhiÖm vô ®Şnh giê 7: gest_convention_rank.lua, Sè lÇn: 0
[20141107-001215]ThiÕt lËp tªn nhiÖm vô ®Şnh giê: XÕp h¹ng t­ c¸ch ®¹i héi tû vâ
[20141107-001215]ThiÕt lËp thêi gian gi¸n c¸ch nhiÖm vô ®Şnh giê: 3600 gi©y mét lÇn!
[20141107-001215]ThiÕt lËp thêi gian nhiÖm vô ®Şnh giê: 23 giê 30 phót!
[20141107-001215]Thêi gian tr­íc m¾t lµ: 0 giê 12 phót!
[20141107-001215]Thêi gian thùc thi lÇn tíi: 23:30! 1415377815
[20141107-001215]Sè lÇn ®Şnh giê nhiÖm vô: 0 !
[20141107-001215]§Æt nÒn mãng nhiÖm vô ®Şnh giê thµnh c«ng: gest_convention_rank.lua
[20141107-001215]NhiÖm vô ®Şnh giê 8: taixu_jwl_liu_crt.lua, Sè lÇn: 0
[20141107-001215]ThiÕt lËp tªn nhiÖm vô ®Şnh giê: Th¨n cÊp nhiÖm vô Trang søc Th¸i H­
[20141107-001215]ThiÕt lËp thêi gian gi¸n c¸ch nhiÖm vô ®Şnh giê: 86400 gi©y mét lÇn!
[20141107-001215]ThiÕt lËp thêi gian nhiÖm vô ®Şnh giê: 21 giê 14 phót!
[20141107-001215]Thêi gian tr­íc m¾t lµ: 0 giê 12 phót!
[20141107-001215]Thêi gian thùc thi lÇn tíi: 21:14! 1415369655
[20141107-001215]Sè lÇn ®Şnh giê nhiÖm vô: 0 !
[20141107-001215]§Æt nÒn mãng nhiÖm vô ®Şnh giê thµnh c«ng: taixu_jwl_liu_crt.lua
[20141107-001215]NhiÖm vô ®Şnh giê 9: WeeklyBackupBR.lua, Sè lÇn: 0
[20141107-001215]ThiÕt lËp tªn nhiÖm vô ®Şnh giê: WeeklyBackupBR
[20141107-001215]ThiÕt lËp thêi gian gi¸n c¸ch nhiÖm vô ®Şnh giê: 3600 gi©y mét lÇn!
[20141107-001215]ThiÕt lËp thêi gian nhiÖm vô ®Şnh giê: 21 giê 1 phót!
[20141107-001215]Thêi gian tr­íc m¾t lµ: 0 giê 12 phót!
[20141107-001215]Thêi gian thùc thi lÇn tíi: 21:1! 1415368875
[20141107-001215]Sè lÇn ®Şnh giê nhiÖm vô: 0 !
[20141107-001215]§Æt nÒn mãng nhiÖm vô ®Şnh giê thµnh c«ng: WeeklyBackupBR.lua
[20141107-001215]NhiÖm vô ®Şnh giê 10: north_west_task.lua, Sè lÇn: 0
[20141107-001215]ThiÕt lËp thêi gian gi¸n c¸ch nhiÖm vô ®Şnh giê: 1800 gi©y mét lÇn!
[20141107-001215]ThiÕt lËp thêi gian nhiÖm vô ®Şnh giê: 0 giê 22 phót!
[20141107-001215]Thêi gian tr­íc m¾t lµ: 0 giê 12 phót!
[20141107-001215]Thêi gian thùc thi lÇn tíi: 0:22! 1415294535
[20141107-001215]Sè lÇn ®Şnh giê nhiÖm vô: 0 !
[20141107-001215]§Æt nÒn mãng nhiÖm vô ®Şnh giê thµnh c«ng: north_west_task.lua
[20141107-001215]NhiÖm vô ®Şnh giê 11: biwudahuiqianzou.lua, Sè lÇn: 0
[20141107-001215]ThiÕt lËp tªn nhiÖm vô ®Şnh giê: GhĞp ®«i tr­íc ®¹i héi tû vâ
[20141107-001215]ThiÕt lËp thêi gian gi¸n c¸ch nhiÖm vô ®Şnh giê: 60 gi©y mét lÇn!
[20141107-001215]ThiÕt lËp thêi gian nhiÖm vô ®Şnh giê: 0 giê 13 phót!
[20141107-001215]Thêi gian tr­íc m¾t lµ: 0 giê 12 phót!
[20141107-001215]Thêi gian thùc thi lÇn tíi: 0:13! 1415293995
[20141107-001215]Sè lÇn ®Şnh giê nhiÖm vô: 0 !
[20141107-001215]§Æt nÒn mãng nhiÖm vô ®Şnh giê thµnh c«ng: biwudahuiqianzou.lua
[20141107-001215]NhiÖm vô ®Şnh giê 12: daliytask.lua, Sè lÇn: 0
[20141107-001215]ThiÕt lËp tªn nhiÖm vô ®Şnh giê: nhiÖm vô th­êng nhËt c¸ nh©nnhiÖm vô th­êng nhËt tæ ®éi
[20141107-001215]ThiÕt lËp thêi gian gi¸n c¸ch nhiÖm vô ®Şnh giê: 86400 gi©y mét lÇn!
[20141107-001215]ThiÕt lËp thêi gian nhiÖm vô ®Şnh giê: 0 giê 0 phót!
[20141107-001215]Thêi gian tr­íc m¾t lµ: 0 giê 12 phót!
[20141107-001215]H«m nay sÏ kh«ng thùc thi: ®· qu¸ thêi gian!
[20141107-001215]Thêi gian thùc thi lÇn tíi: 0:0! 1415379615
[20141107-001215]Sè lÇn ®Şnh giê nhiÖm vô: 0 !
[20141107-001215]§Æt nÒn mãng nhiÖm vô ®Şnh giê thµnh c«ng: daliytask.lua
[20141107-001215]NhiÖm vô ®Şnh giê 13: silingding_11.lua, Sè lÇn: 0
[20141107-001215]ThiÕt lËp thêi gian gi¸n c¸ch nhiÖm vô ®Şnh giê: 86400 gi©y mét lÇn!
[20141107-001215]ThiÕt lËp thêi gian nhiÖm vô ®Şnh giê: 11 giê 0 phót!
[20141107-001215]Thêi gian tr­íc m¾t lµ: 0 giê 12 phót!
[20141107-001215]Thêi gian thùc thi lÇn tíi: 11:0! 1415332815
[20141107-001215]Sè lÇn ®Şnh giê nhiÖm vô: 0 !
[20141107-001215]§Æt nÒn mãng nhiÖm vô ®Şnh giê thµnh c«ng: silingding_11.lua
[20141107-001215]NhiÖm vô ®Şnh giê 14: silingding_18.lua, Sè lÇn: 0
[20141107-001215]ThiÕt lËp thêi gian gi¸n c¸ch nhiÖm vô ®Şnh giê: 86400 gi©y mét lÇn!
[20141107-001215]ThiÕt lËp thêi gian nhiÖm vô ®Şnh giê: 18 giê 0 phót!
[20141107-001215]Thêi gian tr­íc m¾t lµ: 0 giê 12 phót!
[20141107-001215]Thêi gian thùc thi lÇn tíi: 18:0! 1415358015
[20141107-001215]Sè lÇn ®Şnh giê nhiÖm vô: 0 !
[20141107-001215]§Æt nÒn mãng nhiÖm vô ®Şnh giê thµnh c«ng: silingding_18.lua
[20141107-001215]NhiÖm vô ®Şnh giê 15: silingding_23.lua, Sè lÇn: 0
[20141107-001215]ThiÕt lËp thêi gian gi¸n c¸ch nhiÖm vô ®Şnh giê: 86400 gi©y mét lÇn!
[20141107-001215]ThiÕt lËp thêi gian nhiÖm vô ®Şnh giê: 23 giê 0 phót!
[20141107-001215]Thêi gian tr­íc m¾t lµ: 0 giê 12 phót!
[20141107-001215]Thêi gian thùc thi lÇn tíi: 23:0! 1415376015
[20141107-001215]Sè lÇn ®Şnh giê nhiÖm vô: 0 !
[20141107-001215]§Æt nÒn mãng nhiÖm vô ®Şnh giê thµnh c«ng: silingding_23.lua
[20141107-001215]NhiÖm vô ®Şnh giê 16: EventBoss_201103.lua, Sè lÇn: 0
[20141107-001215]ThiÕt lËp tªn nhiÖm vô ®Şnh giê: Boss Giæ tæ Hïng V­¬ng
[20141107-001215]ThiÕt lËp thêi gian gi¸n c¸ch nhiÖm vô ®Şnh giê: 3600 gi©y mét lÇn!
[20141107-001215]ThiÕt lËp thêi gian nhiÖm vô ®Şnh giê: 1 giê 0 phót!
[20141107-001215]Thêi gian tr­íc m¾t lµ: 0 giê 12 phót!
[20141107-001215]Thêi gian thùc thi lÇn tíi: 1:0! 1415296815
[20141107-001215]Sè lÇn ®Şnh giê nhiÖm vô: 0 !
[20141107-001215]§Æt nÒn mãng nhiÖm vô ®Şnh giê thµnh c«ng: EventBoss_201103.lua
[20141107-001215]NhiÖm vô ®Şnh giê 17: lsb_callboss1.lua, Sè lÇn: 0
[20141107-001215]ThiÕt lËp tªn nhiÖm vô ®Şnh giê: Boss L­¬ng S¬n Hoµng Kim
[20141107-001215]ThiÕt lËp thêi gian gi¸n c¸ch nhiÖm vô ®Şnh giê: 86400 gi©y mét lÇn!
[20141107-001215]ThiÕt lËp thêi gian nhiÖm vô ®Şnh giê: 12 giê 30 phót!
[20141107-001215]Thêi gian tr­íc m¾t lµ: 0 giê 12 phót!
[20141107-001215]Thêi gian thùc thi lÇn tíi: 12:30! 1415338215
[20141107-001215]Sè lÇn ®Şnh giê nhiÖm vô: 0 !
[20141107-001215]§Æt nÒn mãng nhiÖm vô ®Şnh giê thµnh c«ng: lsb_callboss1.lua
[20141107-001215]NhiÖm vô ®Şnh giê 18: lsb_callboss2.lua, Sè lÇn: 0
[20141107-001215]ThiÕt lËp tªn nhiÖm vô ®Şnh giê: Boss L­¬ng S¬n Hoµng Kim
[20141107-001215]ThiÕt lËp thêi gian gi¸n c¸ch nhiÖm vô ®Şnh giê: 86400 gi©y mét lÇn!
[20141107-001215]ThiÕt lËp thêi gian nhiÖm vô ®Şnh giê: 15 giê 30 phót!
[20141107-001215]Thêi gian tr­íc m¾t lµ: 0 giê 12 phót!
[20141107-001215]Thêi gian thùc thi lÇn tíi: 15:30! 1415349015
[20141107-001215]Sè lÇn ®Şnh giê nhiÖm vô: 0 !
[20141107-001215]§Æt nÒn mãng nhiÖm vô ®Şnh giê thµnh c«ng: lsb_callboss2.lua
[20141107-001215]NhiÖm vô ®Şnh giê 19: lsb_callboss3.lua, Sè lÇn: 0
[20141107-001215]ThiÕt lËp tªn nhiÖm vô ®Şnh giê: Boss L­¬ng S¬n Hoµng Kim
[20141107-001215]ThiÕt lËp thêi gian gi¸n c¸ch nhiÖm vô ®Şnh giê: 86400 gi©y mét lÇn!
[20141107-001215]ThiÕt lËp thêi gian nhiÖm vô ®Şnh giê: 19 giê 30 phót!
[20141107-001215]Thêi gian tr­íc m¾t lµ: 0 giê 12 phót!
[20141107-001215]Thêi gian thùc thi lÇn tíi: 19:30! 1415363415
[20141107-001215]Sè lÇn ®Şnh giê nhiÖm vô: 0 !
[20141107-001215]§Æt nÒn mãng nhiÖm vô ®Şnh giê thµnh c«ng: lsb_callboss3.lua
[20141107-001215]NhiÖm vô ®Şnh giê 20: lsb_callboss4.lua, Sè lÇn: 0
[20141107-001215]ThiÕt lËp tªn nhiÖm vô ®Şnh giê: Boss L­¬ng S¬n Hoµng Kim
[20141107-001215]ThiÕt lËp thêi gian gi¸n c¸ch nhiÖm vô ®Şnh giê: 86400 gi©y mét lÇn!
[20141107-001215]ThiÕt lËp thêi gian nhiÖm vô ®Şnh giê: 22 giê 30 phót!
[20141107-001215]Thêi gian tr­íc m¾t lµ: 0 giê 12 phót!
[20141107-001215]Thêi gian thùc thi lÇn tíi: 22:30! 1415374215
[20141107-001215]Sè lÇn ®Şnh giê nhiÖm vô: 0 !
[20141107-001215]§Æt nÒn mãng nhiÖm vô ®Şnh giê thµnh c«ng: lsb_callboss4.lua
[20141107-001215]NhiÖm vô ®Şnh giê 21: oly_generate_lucknum.lua, Sè lÇn: 0
[20141107-001215]ThiÕt lËp tªn nhiÖm vô ®Şnh giê: ThiÕt lËp ch÷ sè may m¾n ho¹t ®éng Olympic
[20141107-001215]ThiÕt lËp thêi gian gi¸n c¸ch nhiÖm vô ®Şnh giê: 86400 gi©y mét lÇn!
[20141107-001215]ThiÕt lËp thêi gian nhiÖm vô ®Şnh giê: 20 giê 58 phót!
[20141107-001215]Thêi gian tr­íc m¾t lµ: 0 giê 12 phót!
[20141107-001215]Thêi gian thùc thi lÇn tíi: 20:58! 1415368695
[20141107-001215]Sè lÇn ®Şnh giê nhiÖm vô: 0 !
[20141107-001215]§Æt nÒn mãng nhiÖm vô ®Şnh giê thµnh c«ng: oly_generate_lucknum.lua
[20141107-001215]NhiÖm vô ®Şnh giê 22: oly_clean_data.lua, Sè lÇn: 0
[20141107-001215]ThiÕt lËp tªn nhiÖm vô ®Şnh giê: CËp nhËt d÷ liÖu ho¹t ®éng Olympic
[20141107-001215]ThiÕt lËp thêi gian gi¸n c¸ch nhiÖm vô ®Şnh giê: 86400 gi©y mét lÇn!
[20141107-001215]ThiÕt lËp thêi gian nhiÖm vô ®Şnh giê: 23 giê 58 phót!
[20141107-001215]Thêi gian tr­íc m¾t lµ: 0 giê 12 phót!
[20141107-001215]Thêi gian thùc thi lÇn tíi: 23:58! 1415379495
[20141107-001215]Sè lÇn ®Şnh giê nhiÖm vô: 0 !
[20141107-001215]§Æt nÒn mãng nhiÖm vô ®Şnh giê thµnh c«ng: oly_clean_data.lua
[20141107-001215]NhiÖm vô ®Şnh giê 23: qht_timer_clean.lua, Sè lÇn: 0
[20141107-001215]ThiÕt lËp tªn nhiÖm vô ®Şnh giê: ThiÕt lËp thêi gian Thiªn TÇm Th¸p
[20141107-001215]ThiÕt lËp thêi gian gi¸n c¸ch nhiÖm vô ®Şnh giê: 86400 gi©y mét lÇn!
[20141107-001215]ThiÕt lËp thêi gian nhiÖm vô ®Şnh giê: 0 giê 30 phót!
[20141107-001215]Thêi gian tr­íc m¾t lµ: 0 giê 12 phót!
[20141107-001215]Thêi gian thùc thi lÇn tíi: 0:30! 1415295015
[20141107-001215]Sè lÇn ®Şnh giê nhiÖm vô: 0 !
[20141107-001215]§Æt nÒn mãng nhiÖm vô ®Şnh giê thµnh c«ng: qht_timer_clean.lua
[20141107-001215]NhiÖm vô ®Şnh giê 24: dzt_create_boss.lua, Sè lÇn: 0
[20141107-001215]ThiÕt lËp tªn nhiÖm vô ®Şnh giê: §¹i t¸c chiÕn truy t×m l¹i ch÷ viÕt
[20141107-001215]ThiÕt lËp thêi gian gi¸n c¸ch nhiÖm vô ®Şnh giê: 3600 gi©y mét lÇn!
[20141107-001215]ThiÕt lËp thêi gian nhiÖm vô ®Şnh giê: 10 giê 0 phót!
[20141107-001215]Thêi gian tr­íc m¾t lµ: 0 giê 12 phót!
[20141107-001215]Thêi gian thùc thi lÇn tíi: 10:0! 1415329215
[20141107-001215]Sè lÇn ®Şnh giê nhiÖm vô: 0 !
[20141107-001215]§Æt nÒn mãng nhiÖm vô ®Şnh giê thµnh c«ng: dzt_create_boss.lua
[20141107-001215]NhiÖm vô ®Şnh giê 25: dzt_close.lua, Sè lÇn: 0
[20141107-001215]ThiÕt lËp tªn nhiÖm vô ®Şnh giê: §¹i t¸c chiÕn truy t×m l¹i ch÷ viÕt
[20141107-001215]ThiÕt lËp thêi gian gi¸n c¸ch nhiÖm vô ®Şnh giê: 3600 gi©y mét lÇn!
[20141107-001215]ThiÕt lËp thêi gian nhiÖm vô ®Şnh giê: 10 giê 30 phót!
[20141107-001215]Thêi gian tr­íc m¾t lµ: 0 giê 12 phót!
[20141107-001215]Thêi gian thùc thi lÇn tíi: 10:30! 1415331015
[20141107-001215]Sè lÇn ®Şnh giê nhiÖm vô: 0 !
[20141107-001215]§Æt nÒn mãng nhiÖm vô ®Şnh giê thµnh c«ng: dzt_close.lua
[20141107-001215]NhiÖm vô ®Şnh giê 26: cc_call_boss1.lua, Sè lÇn: 0
[20141107-001215]ThiÕt lËp tªn nhiÖm vô ®Şnh giê: Lµm míi ThÎ Tù BOSS 
[20141107-001215]ThiÕt lËp thêi gian gi¸n c¸ch nhiÖm vô ®Şnh giê: 86400 gi©y mét lÇn!
[20141107-001215]ThiÕt lËp thêi gian nhiÖm vô ®Şnh giê: 8 giê 30 phót!
[20141107-001215]Thêi gian tr­íc m¾t lµ: 0 giê 12 phót!
[20141107-001215]Thêi gian thùc thi lÇn tíi: 8:30! 1415323815
[20141107-001215]Sè lÇn ®Şnh giê nhiÖm vô: 0 !
[20141107-001215]§Æt nÒn mãng nhiÖm vô ®Şnh giê thµnh c«ng: cc_call_boss1.lua
[20141107-001215]NhiÖm vô ®Şnh giê 27: cc_call_boss2.lua, Sè lÇn: 0
[20141107-001215]ThiÕt lËp tªn nhiÖm vô ®Şnh giê: Lµm míi ThÎ Tù BOSS 
[20141107-001215]ThiÕt lËp thêi gian gi¸n c¸ch nhiÖm vô ®Şnh giê: 86400 gi©y mét lÇn!
[20141107-001215]ThiÕt lËp thêi gian nhiÖm vô ®Şnh giê: 12 giê 30 phót!
[20141107-001215]Thêi gian tr­íc m¾t lµ: 0 giê 12 phót!
[20141107-001215]Thêi gian thùc thi lÇn tíi: 12:30! 1415338215
[20141107-001215]Sè lÇn ®Şnh giê nhiÖm vô: 0 !
[20141107-001215]§Æt nÒn mãng nhiÖm vô ®Şnh giê thµnh c«ng: cc_call_boss2.lua
[20141107-001215]NhiÖm vô ®Şnh giê 28: cc_call_boss3.lua, Sè lÇn: 0
[20141107-001215]ThiÕt lËp tªn nhiÖm vô ®Şnh giê: Lµm míi ThÎ Tù BOSS 
[20141107-001215]ThiÕt lËp thêi gian gi¸n c¸ch nhiÖm vô ®Şnh giê: 86400 gi©y mét lÇn!
[20141107-001215]ThiÕt lËp thêi gian nhiÖm vô ®Şnh giê: 17 giê 30 phót!
[20141107-001215]Thêi gian tr­íc m¾t lµ: 0 giê 12 phót!
[20141107-001215]Thêi gian thùc thi lÇn tíi: 17:30! 1415356215
[20141107-001215]Sè lÇn ®Şnh giê nhiÖm vô: 0 !
[20141107-001215]§Æt nÒn mãng nhiÖm vô ®Şnh giê thµnh c«ng: cc_call_boss3.lua
[20141107-001215]NhiÖm vô ®Şnh giê 29: cc_call_boss4.lua, Sè lÇn: 0
[20141107-001215]ThiÕt lËp tªn nhiÖm vô ®Şnh giê: Lµm míi ThÎ Tù BOSS 
[20141107-001215]ThiÕt lËp thêi gian gi¸n c¸ch nhiÖm vô ®Şnh giê: 86400 gi©y mét lÇn!
[20141107-001215]ThiÕt lËp thêi gian nhiÖm vô ®Şnh giê: 22 giê 30 phót!
[20141107-001215]Thêi gian tr­íc m¾t lµ: 0 giê 12 phót!
[20141107-001215]Thêi gian thùc thi lÇn tíi: 22:30! 1415374215
[20141107-001215]Sè lÇn ®Şnh giê nhiÖm vô: 0 !
[20141107-001215]§Æt nÒn mãng nhiÖm vô ®Şnh giê thµnh c«ng: cc_call_boss4.lua
[20141107-001215]NhiÖm vô ®Şnh giê 30: qht_create_gold_boss1.lua, Sè lÇn: 0
[20141107-001215]ThiÕt lËp tªn nhiÖm vô ®Şnh giê: Thiªn TÇm Th¸p Hoµng Kim BOSS xuÊt hiÖn!
[20141107-001215]ThiÕt lËp thêi gian gi¸n c¸ch nhiÖm vô ®Şnh giê: 86400 gi©y mét lÇn!
[20141107-001215]ThiÕt lËp thêi gian nhiÖm vô ®Şnh giê: 12 giê 30 phót!
[20141107-001215]Thêi gian tr­íc m¾t lµ: 0 giê 12 phót!
[20141107-001215]Thêi gian thùc thi lÇn tíi: 12:30! 1415338215
[20141107-001215]Sè lÇn ®Şnh giê nhiÖm vô: 0 !
[20141107-001215]§Æt nÒn mãng nhiÖm vô ®Şnh giê thµnh c«ng: qht_create_gold_boss1.lua
[20141107-001215]NhiÖm vô ®Şnh giê 31: qht_create_gold_boss2.lua, Sè lÇn: 0
[20141107-001215]ThiÕt lËp tªn nhiÖm vô ®Şnh giê: Thiªn TÇm Th¸p Hoµng Kim BOSS xuÊt hiÖn!
[20141107-001215]ThiÕt lËp thêi gian gi¸n c¸ch nhiÖm vô ®Şnh giê: 86400 gi©y mét lÇn!
[20141107-001215]ThiÕt lËp thêi gian nhiÖm vô ®Şnh giê: 22 giê 0 phót!
[20141107-001215]Thêi gian tr­íc m¾t lµ: 0 giê 12 phót!
[20141107-001215]Thêi gian thùc thi lÇn tíi: 22:0! 1415372415
[20141107-001215]Sè lÇn ®Şnh giê nhiÖm vô: 0 !
[20141107-001215]§Æt nÒn mãng nhiÖm vô ®Şnh giê thµnh c«ng: qht_create_gold_boss2.lua
[20141107-001215]NhiÖm vô ®Şnh giê 32: sp2014_createnpc_1.lua, Sè lÇn: 0
[20141107-001215]ThiÕt lËp tªn nhiÖm vô ®Şnh giê: Niªn Thó 2014
[20141107-001215]ThiÕt lËp thêi gian gi¸n c¸ch nhiÖm vô ®Şnh giê: 86400 gi©y mét lÇn!
[20141107-001215]ThiÕt lËp thêi gian nhiÖm vô ®Şnh giê: 12 giê 0 phót!
[20141107-001215]Thêi gian tr­íc m¾t lµ: 0 giê 12 phót!
[20141107-001215]Thêi gian thùc thi lÇn tíi: 12:0! 1415336415
[20141107-001215]Sè lÇn ®Şnh giê nhiÖm vô: 0 !
[20141107-001215]§Æt nÒn mãng nhiÖm vô ®Şnh giê thµnh c«ng: sp2014_createnpc_1.lua
[20141107-001215]NhiÖm vô ®Şnh giê 33: sp2014_createnpc_2.lua, Sè lÇn: 0
[20141107-001215]ThiÕt lËp tªn nhiÖm vô ®Şnh giê: Niªn Thó 2014
[20141107-001215]ThiÕt lËp thêi gian gi¸n c¸ch nhiÖm vô ®Şnh giê: 86400 gi©y mét lÇn!
[20141107-001215]ThiÕt lËp thêi gian nhiÖm vô ®Şnh giê: 21 giê 0 phót!
[20141107-001215]Thêi gian tr­íc m¾t lµ: 0 giê 12 phót!
[20141107-001215]Thêi gian thùc thi lÇn tíi: 21:0! 1415368815
[20141107-001215]Sè lÇn ®Şnh giê nhiÖm vô: 0 !
[20141107-001215]§Æt nÒn mãng nhiÖm vô ®Şnh giê thµnh c«ng: sp2014_createnpc_2.lua
[20141107-001215]NhiÖm vô ®Şnh giê 34: clear_gest_jiaoyi.lua, Sè lÇn: 0
[20141107-001215]ThiÕt lËp tªn nhiÖm vô ®Şnh giê: Xãa bá h¹ng tû vâ
[20141107-001215]ThiÕt lËp thêi gian gi¸n c¸ch nhiÖm vô ®Şnh giê: 3600 gi©y mét lÇn!
[20141107-001215]ThiÕt lËp thêi gian nhiÖm vô ®Şnh giê: 0 giê 12 phót!
[20141107-001215]Thêi gian tr­íc m¾t lµ: 0 giê 12 phót!
[20141107-001215]Thêi gian thùc thi lÇn tíi: 0:12! 1415293935
[20141107-001215]Sè lÇn ®Şnh giê nhiÖm vô: 0 !
[20141107-001215]§Æt nÒn mãng nhiÖm vô ®Şnh giê thµnh c«ng: clear_gest_jiaoyi.lua
[20141107-001215]NhiÖm vô ®Şnh giê 35: world_boss.lua, Sè lÇn: 0
[20141107-001215]ThiÕt lËp tªn nhiÖm vô ®Şnh giê: T¹o míi BOSS ThÕ Giíi
[20141107-001215]ThiÕt lËp thêi gian gi¸n c¸ch nhiÖm vô ®Şnh giê: 86400 gi©y mét lÇn!
[20141107-001215]ThiÕt lËp thêi gian nhiÖm vô ®Şnh giê: 14 giê 30 phót!
[20141107-001215]Thêi gian tr­íc m¾t lµ: 0 giê 12 phót!
[20141107-001215]Thêi gian thùc thi lÇn tíi: 14:30! 1415345415
[20141107-001215]Sè lÇn ®Şnh giê nhiÖm vô: 0 !
[20141107-001215]§Æt nÒn mãng nhiÖm vô ®Şnh giê thµnh c«ng: world_boss.lua
[20141107-001215]NhiÖm vô ®Şnh giê 36: world_boss1.lua, Sè lÇn: 0
[20141107-001215]ThiÕt lËp tªn nhiÖm vô ®Şnh giê: T¹o míi BOSS ThÕ Giíi
[20141107-001215]ThiÕt lËp thêi gian gi¸n c¸ch nhiÖm vô ®Şnh giê: 86400 gi©y mét lÇn!
[20141107-001215]ThiÕt lËp thêi gian nhiÖm vô ®Şnh giê: 20 giê 0 phót!
[20141107-001215]Thêi gian tr­íc m¾t lµ: 0 giê 12 phót!
[20141107-001215]Thêi gian thùc thi lÇn tíi: 20:0! 1415365215
[20141107-001215]Sè lÇn ®Şnh giê nhiÖm vô: 0 !
[20141107-001215]§Æt nÒn mãng nhiÖm vô ®Şnh giê thµnh c«ng: world_boss1.lua
[20141107-001215]NhiÖm vô ®Şnh giê 37: hua_deng1.lua, Sè lÇn: 0
[20141107-001215]ThiÕt lËp tªn nhiÖm vô ®Şnh giê: §Ìn Hoa §¨ng
[20141107-001215]ThiÕt lËp thêi gian gi¸n c¸ch nhiÖm vô ®Şnh giê: 86400 gi©y mét lÇn!
[20141107-001215]ThiÕt lËp thêi gian nhiÖm vô ®Şnh giê: 10 giê 0 phót!
[20141107-001215]Thêi gian tr­íc m¾t lµ: 0 giê 12 phót!
[20141107-001215]Thêi gian thùc thi lÇn tíi: 10:0! 1415329215
[20141107-001215]Sè lÇn ®Şnh giê nhiÖm vô: 0 !
[20141107-001215]§Æt nÒn mãng nhiÖm vô ®Şnh giê thµnh c«ng: hua_deng1.lua
[20141107-001215]NhiÖm vô ®Şnh giê 38: hua_deng2.lua, Sè lÇn: 0
[20141107-001215]ThiÕt lËp tªn nhiÖm vô ®Şnh giê: §Ìn Hoa §¨ng
[20141107-001215]ThiÕt lËp thêi gian gi¸n c¸ch nhiÖm vô ®Şnh giê: 86400 gi©y mét lÇn!
[20141107-001215]ThiÕt lËp thêi gian nhiÖm vô ®Şnh giê: 11 giê 0 phót!
[20141107-001215]Thêi gian tr­íc m¾t lµ: 0 giê 12 phót!
[20141107-001215]Thêi gian thùc thi lÇn tíi: 11:0! 1415332815
[20141107-001215]Sè lÇn ®Şnh giê nhiÖm vô: 0 !
[20141107-001215]§Æt nÒn mãng nhiÖm vô ®Şnh giê thµnh c«ng: hua_deng2.lua
[20141107-001215]NhiÖm vô ®Şnh giê 39: hua_deng3.lua, Sè lÇn: 0
[20141107-001215]ThiÕt lËp tªn nhiÖm vô ®Şnh giê: §Ìn Hoa §¨ng
[20141107-001215]ThiÕt lËp thêi gian gi¸n c¸ch nhiÖm vô ®Şnh giê: 86400 gi©y mét lÇn!
[20141107-001215]ThiÕt lËp thêi gian nhiÖm vô ®Şnh giê: 16 giê 0 phót!
[20141107-001215]Thêi gian tr­íc m¾t lµ: 0 giê 12 phót!
[20141107-001215]Thêi gian thùc thi lÇn tíi: 16:0! 1415350815
[20141107-001215]Sè lÇn ®Şnh giê nhiÖm vô: 0 !
[20141107-001215]§Æt nÒn mãng nhiÖm vô ®Şnh giê thµnh c«ng: hua_deng3.lua
[20141107-001215]NhiÖm vô ®Şnh giê 40: hua_deng4.lua, Sè lÇn: 0
[20141107-001215]ThiÕt lËp tªn nhiÖm vô ®Şnh giê: §Ìn Hoa §¨ng
[20141107-001215]ThiÕt lËp thêi gian gi¸n c¸ch nhiÖm vô ®Şnh giê: 86400 gi©y mét lÇn!
[20141107-001215]ThiÕt lËp thêi gian nhiÖm vô ®Şnh giê: 17 giê 0 phót!
[20141107-001215]Thêi gian tr­íc m¾t lµ: 0 giê 12 phót!
[20141107-001215]Thêi gian thùc thi lÇn tíi: 17:0! 1415354415
[20141107-001215]Sè lÇn ®Şnh giê nhiÖm vô: 0 !
[20141107-001215]§Æt nÒn mãng nhiÖm vô ®Şnh giê thµnh c«ng: hua_deng4.lua
[20141107-001215]NhiÖm vô ®Şnh giê 41: hua_deng5.lua, Sè lÇn: 0
[20141107-001215]ThiÕt lËp tªn nhiÖm vô ®Şnh giê: §Ìn Hoa §¨ng
[20141107-001215]ThiÕt lËp thêi gian gi¸n c¸ch nhiÖm vô ®Şnh giê: 86400 gi©y mét lÇn!
[20141107-001215]ThiÕt lËp thêi gian nhiÖm vô ®Şnh giê: 21 giê 0 phót!
[20141107-001215]Thêi gian tr­íc m¾t lµ: 0 giê 12 phót!
[20141107-001215]Thêi gian thùc thi lÇn tíi: 21:0! 1415368815
[20141107-001215]Sè lÇn ®Şnh giê nhiÖm vô: 0 !
[20141107-001215]§Æt nÒn mãng nhiÖm vô ®Şnh giê thµnh c«ng: hua_deng5.lua
[20141107-001215]NhiÖm vô ®Şnh giê 42: hua_deng6.lua, Sè lÇn: 0
[20141107-001215]ThiÕt lËp tªn nhiÖm vô ®Şnh giê: §Ìn Hoa §¨ng
[20141107-001215]ThiÕt lËp thêi gian gi¸n c¸ch nhiÖm vô ®Şnh giê: 86400 gi©y mét lÇn!
[20141107-001215]ThiÕt lËp thêi gian nhiÖm vô ®Şnh giê: 22 giê 0 phót!
[20141107-001215]Thêi gian tr­íc m¾t lµ: 0 giê 12 phót!
[20141107-001215]Thêi gian thùc thi lÇn tíi: 22:0! 1415372415
[20141107-001215]Sè lÇn ®Şnh giê nhiÖm vô: 0 !
[20141107-001215]§Æt nÒn mãng nhiÖm vô ®Şnh giê thµnh c«ng: hua_deng6.lua
[20141107-001215]NhiÖm vô ®Şnh giê 43: ibc_boss1.lua, Sè lÇn: 0
[20141107-001215]ThiÕt lËp thêi gian gi¸n c¸ch nhiÖm vô ®Şnh giê: 86400 gi©y mét lÇn!
[20141107-001215]ThiÕt lËp thêi gian nhiÖm vô ®Şnh giê: 13 giê 0 phót!
[20141107-001215]Thêi gian tr­íc m¾t lµ: 0 giê 12 phót!
[20141107-001215]Thêi gian thùc thi lÇn tíi: 13:0! 1415340015
[20141107-001215]Sè lÇn ®Şnh giê nhiÖm vô: 0 !
[20141107-001215]§Æt nÒn mãng nhiÖm vô ®Şnh giê thµnh c«ng: ibc_boss1.lua
[20141107-001215]NhiÖm vô ®Şnh giê 44: ibc_boss2.lua, Sè lÇn: 0
[20141107-001215]ThiÕt lËp thêi gian gi¸n c¸ch nhiÖm vô ®Şnh giê: 86400 gi©y mét lÇn!
[20141107-001215]ThiÕt lËp thêi gian nhiÖm vô ®Şnh giê: 19 giê 0 phót!
[20141107-001215]Thêi gian tr­íc m¾t lµ: 0 giê 12 phót!
[20141107-001215]Thêi gian thùc thi lÇn tíi: 19:0! 1415361615
[20141107-001215]Sè lÇn ®Şnh giê nhiÖm vô: 0 !
[20141107-001215]§Æt nÒn mãng nhiÖm vô ®Şnh giê thµnh c«ng: ibc_boss2.lua
[20141107-001215]NhiÖm vô ®Şnh giê 45: ibc_boss3.lua, Sè lÇn: 0
[20141107-001215]ThiÕt lËp thêi gian gi¸n c¸ch nhiÖm vô ®Şnh giê: 86400 gi©y mét lÇn!
[20141107-001215]ThiÕt lËp thêi gian nhiÖm vô ®Şnh giê: 22 giê 0 phót!
[20141107-001215]Thêi gian tr­íc m¾t lµ: 0 giê 12 phót!
[20141107-001215]Thêi gian thùc thi lÇn tíi: 22:0! 1415372415
[20141107-001215]Sè lÇn ®Şnh giê nhiÖm vô: 0 !
[20141107-001215]§Æt nÒn mãng nhiÖm vô ®Şnh giê thµnh c«ng: ibc_boss3.lua
[20141107-001216]Thùc thi NhiÖm vô ®Şnh giê: clear_gest_jiaoyi.lua
[20141107-001216]Thêi gian thùc thi lÇn sau: 1415372415!
[20141107-001315]Thùc thi NhiÖm vô ®Şnh giê: biwudahuiqianzou.lua
[20141107-001315]Thêi gian thùc thi lÇn sau: 1415372415!
[20141107-001415]Thùc thi NhiÖm vô ®Şnh giê: biwudahuiqianzou.lua
[20141107-001415]Thêi gian thùc thi lÇn sau: 1415372415!
[20141107-001515]Thùc thi NhiÖm vô ®Şnh giê: biwudahuiqianzou.lua
[20141107-001515]Thêi gian thùc thi lÇn sau: 1415372415!
[20141107-001615]Thùc thi NhiÖm vô ®Şnh giê: biwudahuiqianzou.lua
[20141107-001615]Thêi gian thùc thi lÇn sau: 1415372415!
[20141107-001715]Thùc thi NhiÖm vô ®Şnh giê: biwudahuiqianzou.lua
[20141107-001715]Thêi gian thùc thi lÇn sau: 1415372415!
[20141107-001815]Thùc thi NhiÖm vô ®Şnh giê: biwudahuiqianzou.lua
[20141107-001815]Thêi gian thùc thi lÇn sau: 1415372415!
[20141107-001915]Thùc thi NhiÖm vô ®Şnh giê: biwudahuiqianzou.lua
[20141107-001915]Thêi gian thùc thi lÇn sau: 1415372415!
[20141107-002015]Thùc thi NhiÖm vô ®Şnh giê: biwudahuiqianzou.lua
[20141107-002015]Thêi gian thùc thi lÇn sau: 1415372415!
[20141107-002115]Thùc thi NhiÖm vô ®Şnh giê: biwudahuiqianzou.lua
[20141107-002115]Thêi gian thùc thi lÇn sau: 1415372415!
[20141107-002215]Thùc thi NhiÖm vô ®Şnh giê: CollectionTaskStart.lua
[20141107-002215]Thêi gian thùc thi lÇn sau: 1415372415!
[20141107-002215]Thùc thi NhiÖm vô ®Şnh giê: random_shop_npc.lua
[20141107-002215]Thêi gian thùc thi lÇn sau: 1415372415!
[20141107-002215]Thùc thi NhiÖm vô ®Şnh giê: north_west_task.lua
[20141107-002215]Thêi gian thùc thi lÇn sau: 1415372415!
[20141107-002215]Thùc thi NhiÖm vô ®Şnh giê: biwudahuiqianzou.lua
[20141107-002215]Thêi gian thùc thi lÇn sau: 1415372415!
[20141107-002315]Thùc thi NhiÖm vô ®Şnh giê: biwudahuiqianzou.lua
[20141107-002315]Thêi gian thùc thi lÇn sau: 1415372415!
[20141107-002415]Thùc thi NhiÖm vô ®Şnh giê: biwudahuiqianzou.lua
[20141107-002415]Thêi gian thùc thi lÇn sau: 1415372415!
[20141107-002515]Thùc thi NhiÖm vô ®Şnh giê: biwudahuiqianzou.lua
[20141107-002515]Thêi gian thùc thi lÇn sau: 1415372415!
[20141107-002615]Thùc thi NhiÖm vô ®Şnh giê: biwudahuiqianzou.lua
[20141107-002615]Thêi gian thùc thi lÇn sau: 1415372415!
[20141107-002715]Thùc thi NhiÖm vô ®Şnh giê: biwudahuiqianzou.lua
[20141107-002715]Thêi gian thùc thi lÇn sau: 1415372415!
[20141107-002815]Thùc thi NhiÖm vô ®Şnh giê: biwudahuiqianzou.lua
[20141107-002815]Thêi gian thùc thi lÇn sau: 1415372415!
[20141107-002915]Thùc thi NhiÖm vô ®Şnh giê: biwudahuiqianzou.lua
[20141107-002915]Thêi gian thùc thi lÇn sau: 1415372415!
[20141107-003015]Thùc thi NhiÖm vô ®Şnh giê: biwudahuiqianzou.lua
[20141107-003015]Thêi gian thùc thi lÇn sau: 1415372415!
[20141107-003015]Thùc thi NhiÖm vô ®Şnh giê: qht_timer_clean.lua
[20141107-003015]Thêi gian thùc thi lÇn sau: 1415372415!
[20141107-003115]Thùc thi NhiÖm vô ®Şnh giê: biwudahuiqianzou.lua
[20141107-003115]Thêi gian thùc thi lÇn sau: 1415372415!
[20141107-003215]Thùc thi NhiÖm vô ®Şnh giê: biwudahuiqianzou.lua
[20141107-003215]Thêi gian thùc thi lÇn sau: 1415372415!
[20141107-003315]Thùc thi NhiÖm vô ®Şnh giê: biwudahuiqianzou.lua
[20141107-003315]Thêi gian thùc thi lÇn sau: 1415372415!
[20141107-003415]Thùc thi NhiÖm vô ®Şnh giê: biwudahuiqianzou.lua
[20141107-003415]Thêi gian thùc thi lÇn sau: 1415372415!
[20141107-003515]Thùc thi NhiÖm vô ®Şnh giê: biwudahuiqianzou.lua
[20141107-003515]Thêi gian thùc thi lÇn sau: 1415372415!
[20141107-003615]Thùc thi NhiÖm vô ®Şnh giê: biwudahuiqianzou.lua
[20141107-003615]Thêi gian thùc thi lÇn sau: 1415372415!
[20141107-003715]Thùc thi NhiÖm vô ®Şnh giê: biwudahuiqianzou.lua
[20141107-003715]Thêi gian thùc thi lÇn sau: 1415372415!
[20141107-003815]Thùc thi NhiÖm vô ®Şnh giê: biwudahuiqianzou.lua
[20141107-003815]Thêi gian thùc thi lÇn sau: 1415372415!
[20141107-003915]Thùc thi NhiÖm vô ®Şnh giê: biwudahuiqianzou.lua
[20141107-003915]Thêi gian thùc thi lÇn sau: 1415372415!
