[20190603-133441]NhËp Settings File cña nhiÖm vô ®Şnh giê: /RelaySetting/Task/TaskList.ini
[20190603-133441]Sè l­îng nhiÖm vô ®Şnh giê: 46
[20190603-133441]NhiÖm vô ®Şnh giê 0: CollectionTaskStart.lua, Sè lÇn: 0
[20190603-133441]ThiÕt lËp tªn nhiÖm vô ®Şnh giê: Thi ®Êu thuyÒn rång
[20190603-133441]ThiÕt lËp thêi gian gi¸n c¸ch nhiÖm vô ®Şnh giê: 5400 gi©y mét lÇn!
[20190603-133441]ThiÕt lËp thêi gian nhiÖm vô ®Şnh giê: 13 giê 44 phót!
[20190603-133441]Thêi gian tr­íc m¾t lµ: 13 giê 34 phót!
[20190603-133441]Thêi gian thùc thi lÇn tíi: 13:44! 1559544281
[20190603-133441]Sè lÇn ®Şnh giê nhiÖm vô: 0 !
[20190603-133441]§Æt nÒn mãng nhiÖm vô ®Şnh giê thµnh c«ng: CollectionTaskStart.lua
[20190603-133441]NhiÖm vô ®Şnh giê 1: CollectionTaskClose.lua, Sè lÇn: 0
[20190603-133441]ThiÕt lËp tªn nhiÖm vô ®Şnh giê: Thi ®Êu thuyÒn rång
[20190603-133441]ThiÕt lËp thêi gian gi¸n c¸ch nhiÖm vô ®Şnh giê: 5400 gi©y mét lÇn!
[20190603-133441]ThiÕt lËp thêi gian nhiÖm vô ®Şnh giê: 14 giê 14 phót!
[20190603-133441]Thêi gian tr­íc m¾t lµ: 13 giê 34 phót!
[20190603-133441]Thêi gian thùc thi lÇn tíi: 14:14! 1559546081
[20190603-133441]Sè lÇn ®Şnh giê nhiÖm vô: 0 !
[20190603-133441]§Æt nÒn mãng nhiÖm vô ®Şnh giê thµnh c«ng: CollectionTaskClose.lua
[20190603-133441]NhiÖm vô ®Şnh giê 2: CallBoss_13.lua, Sè lÇn: 0
[20190603-133441]ThiÕt lËp tªn nhiÖm vô ®Şnh giê: BOSS buæi tr­a
[20190603-133441]ThiÕt lËp thêi gian gi¸n c¸ch nhiÖm vô ®Şnh giê: 86400 gi©y mét lÇn!
[20190603-133441]ThiÕt lËp thêi gian nhiÖm vô ®Şnh giê: 13 giê 0 phót!
[20190603-133441]Thêi gian tr­íc m¾t lµ: 13 giê 34 phót!
[20190603-133441]H«m nay sÏ kh«ng thùc thi: ®· qu¸ thêi gian!
[20190603-133441]Thêi gian thùc thi lÇn tíi: 13:0! 1559628041
[20190603-133441]Sè lÇn ®Şnh giê nhiÖm vô: 0 !
[20190603-133441]§Æt nÒn mãng nhiÖm vô ®Şnh giê thµnh c«ng: CallBoss_13.lua
[20190603-133441]NhiÖm vô ®Şnh giê 3: CallBoss_21.lua, Sè lÇn: 0
[20190603-133441]ThiÕt lËp tªn nhiÖm vô ®Şnh giê: BOSS buæi tr­a
[20190603-133441]ThiÕt lËp thêi gian gi¸n c¸ch nhiÖm vô ®Şnh giê: 86400 gi©y mét lÇn!
[20190603-133441]ThiÕt lËp thêi gian nhiÖm vô ®Şnh giê: 21 giê 0 phót!
[20190603-133441]Thêi gian tr­íc m¾t lµ: 13 giê 34 phót!
[20190603-133441]Thêi gian thùc thi lÇn tíi: 21:0! 1559570441
[20190603-133441]Sè lÇn ®Şnh giê nhiÖm vô: 0 !
[20190603-133441]§Æt nÒn mãng nhiÖm vô ®Şnh giê thµnh c«ng: CallBoss_21.lua
[20190603-133441]NhiÖm vô ®Şnh giê 4: CallBoss_23.lua, Sè lÇn: 0
[20190603-133441]ThiÕt lËp tªn nhiÖm vô ®Şnh giê: BOSS buæi tr­a
[20190603-133441]ThiÕt lËp thêi gian gi¸n c¸ch nhiÖm vô ®Şnh giê: 86400 gi©y mét lÇn!
[20190603-133441]ThiÕt lËp thêi gian nhiÖm vô ®Şnh giê: 23 giê 0 phót!
[20190603-133441]Thêi gian tr­íc m¾t lµ: 13 giê 34 phót!
[20190603-133441]Thêi gian thùc thi lÇn tíi: 23:0! 1559577641
[20190603-133441]Sè lÇn ®Şnh giê nhiÖm vô: 0 !
[20190603-133441]§Æt nÒn mãng nhiÖm vô ®Şnh giê thµnh c«ng: CallBoss_23.lua
[20190603-133441]NhiÖm vô ®Şnh giê 5: random_shop_npc.lua, Sè lÇn: 0
[20190603-133441]ThiÕt lËp tªn nhiÖm vô ®Şnh giê: NPC nhiÖm vô Th­¬ng Héi sÏ thay ®æi c¸c vŞ trİ xuÊt hiÖn
[20190603-133441]ThiÕt lËp thêi gian gi¸n c¸ch nhiÖm vô ®Şnh giê: 1800 gi©y mét lÇn!
[20190603-133441]ThiÕt lËp thêi gian nhiÖm vô ®Şnh giê: 13 giê 44 phót!
[20190603-133441]Thêi gian tr­íc m¾t lµ: 13 giê 34 phót!
[20190603-133441]Thêi gian thùc thi lÇn tíi: 13:44! 1559544281
[20190603-133441]Sè lÇn ®Şnh giê nhiÖm vô: 0 !
[20190603-133441]§Æt nÒn mãng nhiÖm vô ®Şnh giê thµnh c«ng: random_shop_npc.lua
[20190603-133441]NhiÖm vô ®Şnh giê 6: faction_boss_task.lua, Sè lÇn: 0
[20190603-133441]ThiÕt lËp tªn nhiÖm vô ®Şnh giê: NhiÖm vô BOSS m«n ph¸i
[20190603-133441]ThiÕt lËp thêi gian gi¸n c¸ch nhiÖm vô ®Şnh giê: 86400 gi©y mét lÇn!
[20190603-133441]ThiÕt lËp thêi gian nhiÖm vô ®Şnh giê: 21 giê 0 phót!
[20190603-133441]Thêi gian tr­íc m¾t lµ: 13 giê 34 phót!
[20190603-133441]Thêi gian thùc thi lÇn tíi: 21:0! 1559570441
[20190603-133441]Sè lÇn ®Şnh giê nhiÖm vô: 0 !
[20190603-133441]§Æt nÒn mãng nhiÖm vô ®Şnh giê thµnh c«ng: faction_boss_task.lua
[20190603-133441]NhiÖm vô ®Şnh giê 7: gest_convention_rank.lua, Sè lÇn: 0
[20190603-133441]ThiÕt lËp tªn nhiÖm vô ®Şnh giê: XÕp h¹ng t­ c¸ch ®¹i héi tû vâ
[20190603-133441]ThiÕt lËp thêi gian gi¸n c¸ch nhiÖm vô ®Şnh giê: 3600 gi©y mét lÇn!
[20190603-133441]ThiÕt lËp thêi gian nhiÖm vô ®Şnh giê: 23 giê 30 phót!
[20190603-133441]Thêi gian tr­íc m¾t lµ: 13 giê 34 phót!
[20190603-133441]Thêi gian thùc thi lÇn tíi: 23:30! 1559579441
[20190603-133441]Sè lÇn ®Şnh giê nhiÖm vô: 0 !
[20190603-133441]§Æt nÒn mãng nhiÖm vô ®Şnh giê thµnh c«ng: gest_convention_rank.lua
[20190603-133441]NhiÖm vô ®Şnh giê 8: taixu_jwl_liu_crt.lua, Sè lÇn: 0
[20190603-133441]ThiÕt lËp tªn nhiÖm vô ®Şnh giê: Th¨n cÊp nhiÖm vô Trang søc Th¸i H­
[20190603-133441]ThiÕt lËp thêi gian gi¸n c¸ch nhiÖm vô ®Şnh giê: 86400 gi©y mét lÇn!
[20190603-133441]ThiÕt lËp thêi gian nhiÖm vô ®Şnh giê: 21 giê 1 phót!
[20190603-133441]Thêi gian tr­íc m¾t lµ: 13 giê 34 phót!
[20190603-133441]Thêi gian thùc thi lÇn tíi: 21:1! 1559570501
[20190603-133441]Sè lÇn ®Şnh giê nhiÖm vô: 0 !
[20190603-133441]§Æt nÒn mãng nhiÖm vô ®Şnh giê thµnh c«ng: taixu_jwl_liu_crt.lua
[20190603-133441]NhiÖm vô ®Şnh giê 9: WeeklyBackupBR.lua, Sè lÇn: 0
[20190603-133441]ThiÕt lËp tªn nhiÖm vô ®Şnh giê: WeeklyBackupBR
[20190603-133441]ThiÕt lËp thêi gian gi¸n c¸ch nhiÖm vô ®Şnh giê: 3600 gi©y mét lÇn!
[20190603-133441]ThiÕt lËp thêi gian nhiÖm vô ®Şnh giê: 21 giê 1 phót!
[20190603-133441]Thêi gian tr­íc m¾t lµ: 13 giê 34 phót!
[20190603-133441]Thêi gian thùc thi lÇn tíi: 21:1! 1559570501
[20190603-133441]Sè lÇn ®Şnh giê nhiÖm vô: 0 !
[20190603-133441]§Æt nÒn mãng nhiÖm vô ®Şnh giê thµnh c«ng: WeeklyBackupBR.lua
[20190603-133441]NhiÖm vô ®Şnh giê 10: north_west_task.lua, Sè lÇn: 0
[20190603-133441]ThiÕt lËp thêi gian gi¸n c¸ch nhiÖm vô ®Şnh giê: 1800 gi©y mét lÇn!
[20190603-133441]ThiÕt lËp thêi gian nhiÖm vô ®Şnh giê: 13 giê 44 phót!
[20190603-133441]Thêi gian tr­íc m¾t lµ: 13 giê 34 phót!
[20190603-133441]Thêi gian thùc thi lÇn tíi: 13:44! 1559544281
[20190603-133441]Sè lÇn ®Şnh giê nhiÖm vô: 0 !
[20190603-133441]§Æt nÒn mãng nhiÖm vô ®Şnh giê thµnh c«ng: north_west_task.lua
[20190603-133441]NhiÖm vô ®Şnh giê 11: biwudahuiqianzou.lua, Sè lÇn: 0
[20190603-133441]ThiÕt lËp tªn nhiÖm vô ®Şnh giê: GhĞp ®«i tr­íc ®¹i héi tû vâ
[20190603-133441]ThiÕt lËp thêi gian gi¸n c¸ch nhiÖm vô ®Şnh giê: 60 gi©y mét lÇn!
[20190603-133441]ThiÕt lËp thêi gian nhiÖm vô ®Şnh giê: 13 giê 35 phót!
[20190603-133441]Thêi gian tr­íc m¾t lµ: 13 giê 34 phót!
[20190603-133441]Thêi gian thùc thi lÇn tíi: 13:35! 1559543741
[20190603-133441]Sè lÇn ®Şnh giê nhiÖm vô: 0 !
[20190603-133441]§Æt nÒn mãng nhiÖm vô ®Şnh giê thµnh c«ng: biwudahuiqianzou.lua
[20190603-133441]NhiÖm vô ®Şnh giê 12: daliytask.lua, Sè lÇn: 0
[20190603-133441]ThiÕt lËp tªn nhiÖm vô ®Şnh giê: nhiÖm vô th­êng nhËt c¸ nh©nnhiÖm vô th­êng nhËt tæ ®éi
[20190603-133441]ThiÕt lËp thêi gian gi¸n c¸ch nhiÖm vô ®Şnh giê: 86400 gi©y mét lÇn!
[20190603-133441]ThiÕt lËp thêi gian nhiÖm vô ®Şnh giê: 0 giê 0 phót!
[20190603-133441]Thêi gian tr­íc m¾t lµ: 13 giê 34 phót!
[20190603-133441]H«m nay sÏ kh«ng thùc thi: ®· qu¸ thêi gian!
[20190603-133441]Thêi gian thùc thi lÇn tíi: 0:0! 1559581241
[20190603-133441]Sè lÇn ®Şnh giê nhiÖm vô: 0 !
[20190603-133441]§Æt nÒn mãng nhiÖm vô ®Şnh giê thµnh c«ng: daliytask.lua
[20190603-133441]NhiÖm vô ®Şnh giê 13: silingding_11.lua, Sè lÇn: 0
[20190603-133441]ThiÕt lËp thêi gian gi¸n c¸ch nhiÖm vô ®Şnh giê: 86400 gi©y mét lÇn!
[20190603-133441]ThiÕt lËp thêi gian nhiÖm vô ®Şnh giê: 11 giê 0 phót!
[20190603-133441]Thêi gian tr­íc m¾t lµ: 13 giê 34 phót!
[20190603-133441]H«m nay sÏ kh«ng thùc thi: ®· qu¸ thêi gian!
[20190603-133441]Thêi gian thùc thi lÇn tíi: 11:0! 1559620841
[20190603-133441]Sè lÇn ®Şnh giê nhiÖm vô: 0 !
[20190603-133441]§Æt nÒn mãng nhiÖm vô ®Şnh giê thµnh c«ng: silingding_11.lua
[20190603-133441]NhiÖm vô ®Şnh giê 14: silingding_18.lua, Sè lÇn: 0
[20190603-133441]ThiÕt lËp thêi gian gi¸n c¸ch nhiÖm vô ®Şnh giê: 86400 gi©y mét lÇn!
[20190603-133441]ThiÕt lËp thêi gian nhiÖm vô ®Şnh giê: 18 giê 0 phót!
[20190603-133441]Thêi gian tr­íc m¾t lµ: 13 giê 34 phót!
[20190603-133441]Thêi gian thùc thi lÇn tíi: 18:0! 1559559641
[20190603-133441]Sè lÇn ®Şnh giê nhiÖm vô: 0 !
[20190603-133441]§Æt nÒn mãng nhiÖm vô ®Şnh giê thµnh c«ng: silingding_18.lua
[20190603-133441]NhiÖm vô ®Şnh giê 15: silingding_23.lua, Sè lÇn: 0
[20190603-133441]ThiÕt lËp thêi gian gi¸n c¸ch nhiÖm vô ®Şnh giê: 86400 gi©y mét lÇn!
[20190603-133441]ThiÕt lËp thêi gian nhiÖm vô ®Şnh giê: 23 giê 0 phót!
[20190603-133441]Thêi gian tr­íc m¾t lµ: 13 giê 34 phót!
[20190603-133441]Thêi gian thùc thi lÇn tíi: 23:0! 1559577641
[20190603-133441]Sè lÇn ®Şnh giê nhiÖm vô: 0 !
[20190603-133441]§Æt nÒn mãng nhiÖm vô ®Şnh giê thµnh c«ng: silingding_23.lua
[20190603-133441]NhiÖm vô ®Şnh giê 16: EventBoss_201103.lua, Sè lÇn: 0
[20190603-133441]ThiÕt lËp tªn nhiÖm vô ®Şnh giê: Boss Giæ tæ Hïng V­¬ng
[20190603-133441]ThiÕt lËp thêi gian gi¸n c¸ch nhiÖm vô ®Şnh giê: 3600 gi©y mét lÇn!
[20190603-133441]ThiÕt lËp thêi gian nhiÖm vô ®Şnh giê: 14 giê 0 phót!
[20190603-133441]Thêi gian tr­íc m¾t lµ: 13 giê 34 phót!
[20190603-133441]Thêi gian thùc thi lÇn tíi: 14:0! 1559545241
[20190603-133441]Sè lÇn ®Şnh giê nhiÖm vô: 0 !
[20190603-133441]§Æt nÒn mãng nhiÖm vô ®Şnh giê thµnh c«ng: EventBoss_201103.lua
[20190603-133441]NhiÖm vô ®Şnh giê 17: lsb_callboss1.lua, Sè lÇn: 0
[20190603-133441]ThiÕt lËp tªn nhiÖm vô ®Şnh giê: Boss L­¬ng S¬n Hoµng Kim
[20190603-133441]ThiÕt lËp thêi gian gi¸n c¸ch nhiÖm vô ®Şnh giê: 86400 gi©y mét lÇn!
[20190603-133441]ThiÕt lËp thêi gian nhiÖm vô ®Şnh giê: 12 giê 30 phót!
[20190603-133441]Thêi gian tr­íc m¾t lµ: 13 giê 34 phót!
[20190603-133441]H«m nay sÏ kh«ng thùc thi: ®· qu¸ thêi gian!
[20190603-133441]Thêi gian thùc thi lÇn tíi: 12:30! 1559626241
[20190603-133441]Sè lÇn ®Şnh giê nhiÖm vô: 0 !
[20190603-133441]§Æt nÒn mãng nhiÖm vô ®Şnh giê thµnh c«ng: lsb_callboss1.lua
[20190603-133441]NhiÖm vô ®Şnh giê 18: lsb_callboss2.lua, Sè lÇn: 0
[20190603-133441]ThiÕt lËp tªn nhiÖm vô ®Şnh giê: Boss L­¬ng S¬n Hoµng Kim
[20190603-133441]ThiÕt lËp thêi gian gi¸n c¸ch nhiÖm vô ®Şnh giê: 86400 gi©y mét lÇn!
[20190603-133441]ThiÕt lËp thêi gian nhiÖm vô ®Şnh giê: 15 giê 30 phót!
[20190603-133441]Thêi gian tr­íc m¾t lµ: 13 giê 34 phót!
[20190603-133441]Thêi gian thùc thi lÇn tíi: 15:30! 1559550641
[20190603-133441]Sè lÇn ®Şnh giê nhiÖm vô: 0 !
[20190603-133441]§Æt nÒn mãng nhiÖm vô ®Şnh giê thµnh c«ng: lsb_callboss2.lua
[20190603-133441]NhiÖm vô ®Şnh giê 19: lsb_callboss3.lua, Sè lÇn: 0
[20190603-133441]ThiÕt lËp tªn nhiÖm vô ®Şnh giê: Boss L­¬ng S¬n Hoµng Kim
[20190603-133441]ThiÕt lËp thêi gian gi¸n c¸ch nhiÖm vô ®Şnh giê: 86400 gi©y mét lÇn!
[20190603-133441]ThiÕt lËp thêi gian nhiÖm vô ®Şnh giê: 19 giê 30 phót!
[20190603-133441]Thêi gian tr­íc m¾t lµ: 13 giê 34 phót!
[20190603-133441]Thêi gian thùc thi lÇn tíi: 19:30! 1559565041
[20190603-133441]Sè lÇn ®Şnh giê nhiÖm vô: 0 !
[20190603-133441]§Æt nÒn mãng nhiÖm vô ®Şnh giê thµnh c«ng: lsb_callboss3.lua
[20190603-133441]NhiÖm vô ®Şnh giê 20: lsb_callboss4.lua, Sè lÇn: 0
[20190603-133441]ThiÕt lËp tªn nhiÖm vô ®Şnh giê: Boss L­¬ng S¬n Hoµng Kim
[20190603-133441]ThiÕt lËp thêi gian gi¸n c¸ch nhiÖm vô ®Şnh giê: 86400 gi©y mét lÇn!
[20190603-133441]ThiÕt lËp thêi gian nhiÖm vô ®Şnh giê: 22 giê 30 phót!
[20190603-133441]Thêi gian tr­íc m¾t lµ: 13 giê 34 phót!
[20190603-133441]Thêi gian thùc thi lÇn tíi: 22:30! 1559575841
[20190603-133441]Sè lÇn ®Şnh giê nhiÖm vô: 0 !
[20190603-133441]§Æt nÒn mãng nhiÖm vô ®Şnh giê thµnh c«ng: lsb_callboss4.lua
[20190603-133441]NhiÖm vô ®Şnh giê 21: oly_generate_lucknum.lua, Sè lÇn: 0
[20190603-133441]ThiÕt lËp tªn nhiÖm vô ®Şnh giê: ThiÕt lËp ch÷ sè may m¾n ho¹t ®éng Olympic
[20190603-133441]ThiÕt lËp thêi gian gi¸n c¸ch nhiÖm vô ®Şnh giê: 86400 gi©y mét lÇn!
[20190603-133441]ThiÕt lËp thêi gian nhiÖm vô ®Şnh giê: 20 giê 58 phót!
[20190603-133441]Thêi gian tr­íc m¾t lµ: 13 giê 34 phót!
[20190603-133441]Thêi gian thùc thi lÇn tíi: 20:58! 1559570321
[20190603-133441]Sè lÇn ®Şnh giê nhiÖm vô: 0 !
[20190603-133441]§Æt nÒn mãng nhiÖm vô ®Şnh giê thµnh c«ng: oly_generate_lucknum.lua
[20190603-133441]NhiÖm vô ®Şnh giê 22: oly_clean_data.lua, Sè lÇn: 0
[20190603-133441]ThiÕt lËp tªn nhiÖm vô ®Şnh giê: CËp nhËt d÷ liÖu ho¹t ®éng Olympic
[20190603-133441]ThiÕt lËp thêi gian gi¸n c¸ch nhiÖm vô ®Şnh giê: 86400 gi©y mét lÇn!
[20190603-133441]ThiÕt lËp thêi gian nhiÖm vô ®Şnh giê: 23 giê 58 phót!
[20190603-133441]Thêi gian tr­íc m¾t lµ: 13 giê 34 phót!
[20190603-133441]Thêi gian thùc thi lÇn tíi: 23:58! 1559581121
[20190603-133441]Sè lÇn ®Şnh giê nhiÖm vô: 0 !
[20190603-133441]§Æt nÒn mãng nhiÖm vô ®Şnh giê thµnh c«ng: oly_clean_data.lua
[20190603-133441]NhiÖm vô ®Şnh giê 23: qht_timer_clean.lua, Sè lÇn: 0
[20190603-133441]ThiÕt lËp tªn nhiÖm vô ®Şnh giê: ThiÕt lËp thêi gian Thiªn TÇm Th¸p
[20190603-133441]ThiÕt lËp thêi gian gi¸n c¸ch nhiÖm vô ®Şnh giê: 86400 gi©y mét lÇn!
[20190603-133441]ThiÕt lËp thêi gian nhiÖm vô ®Şnh giê: 0 giê 30 phót!
[20190603-133441]Thêi gian tr­íc m¾t lµ: 13 giê 34 phót!
[20190603-133441]H«m nay sÏ kh«ng thùc thi: ®· qu¸ thêi gian!
[20190603-133441]Thêi gian thùc thi lÇn tíi: 0:30! 1559583041
[20190603-133441]Sè lÇn ®Şnh giê nhiÖm vô: 0 !
[20190603-133441]§Æt nÒn mãng nhiÖm vô ®Şnh giê thµnh c«ng: qht_timer_clean.lua
[20190603-133441]NhiÖm vô ®Şnh giê 24: dzt_create_boss.lua, Sè lÇn: 0
[20190603-133441]ThiÕt lËp tªn nhiÖm vô ®Şnh giê: §¹i t¸c chiÕn truy t×m l¹i ch÷ viÕt
[20190603-133441]ThiÕt lËp thêi gian gi¸n c¸ch nhiÖm vô ®Şnh giê: 3600 gi©y mét lÇn!
[20190603-133441]ThiÕt lËp thêi gian nhiÖm vô ®Şnh giê: 10 giê 0 phót!
[20190603-133441]Thêi gian tr­íc m¾t lµ: 13 giê 34 phót!
[20190603-133441]H«m nay sÏ kh«ng thùc thi: ®· qu¸ thêi gian!
[20190603-133441]Thêi gian thùc thi lÇn tíi: 10:0! 1559617241
[20190603-133441]Sè lÇn ®Şnh giê nhiÖm vô: 0 !
[20190603-133441]§Æt nÒn mãng nhiÖm vô ®Şnh giê thµnh c«ng: dzt_create_boss.lua
[20190603-133441]NhiÖm vô ®Şnh giê 25: dzt_close.lua, Sè lÇn: 0
[20190603-133441]ThiÕt lËp tªn nhiÖm vô ®Şnh giê: §¹i t¸c chiÕn truy t×m l¹i ch÷ viÕt
[20190603-133441]ThiÕt lËp thêi gian gi¸n c¸ch nhiÖm vô ®Şnh giê: 3600 gi©y mét lÇn!
[20190603-133441]ThiÕt lËp thêi gian nhiÖm vô ®Şnh giê: 10 giê 30 phót!
[20190603-133441]Thêi gian tr­íc m¾t lµ: 13 giê 34 phót!
[20190603-133441]H«m nay sÏ kh«ng thùc thi: ®· qu¸ thêi gian!
[20190603-133441]Thêi gian thùc thi lÇn tíi: 10:30! 1559619041
[20190603-133441]Sè lÇn ®Şnh giê nhiÖm vô: 0 !
[20190603-133441]§Æt nÒn mãng nhiÖm vô ®Şnh giê thµnh c«ng: dzt_close.lua
[20190603-133441]NhiÖm vô ®Şnh giê 26: cc_call_boss1.lua, Sè lÇn: 0
[20190603-133441]ThiÕt lËp tªn nhiÖm vô ®Şnh giê: Lµm míi ThÎ Tù BOSS 
[20190603-133441]ThiÕt lËp thêi gian gi¸n c¸ch nhiÖm vô ®Şnh giê: 86400 gi©y mét lÇn!
[20190603-133441]ThiÕt lËp thêi gian nhiÖm vô ®Şnh giê: 8 giê 30 phót!
[20190603-133441]Thêi gian tr­íc m¾t lµ: 13 giê 34 phót!
[20190603-133441]H«m nay sÏ kh«ng thùc thi: ®· qu¸ thêi gian!
[20190603-133441]Thêi gian thùc thi lÇn tíi: 8:30! 1559611841
[20190603-133441]Sè lÇn ®Şnh giê nhiÖm vô: 0 !
[20190603-133441]§Æt nÒn mãng nhiÖm vô ®Şnh giê thµnh c«ng: cc_call_boss1.lua
[20190603-133441]NhiÖm vô ®Şnh giê 27: cc_call_boss2.lua, Sè lÇn: 0
[20190603-133441]ThiÕt lËp tªn nhiÖm vô ®Şnh giê: Lµm míi ThÎ Tù BOSS 
[20190603-133441]ThiÕt lËp thêi gian gi¸n c¸ch nhiÖm vô ®Şnh giê: 86400 gi©y mét lÇn!
[20190603-133441]ThiÕt lËp thêi gian nhiÖm vô ®Şnh giê: 12 giê 30 phót!
[20190603-133441]Thêi gian tr­íc m¾t lµ: 13 giê 34 phót!
[20190603-133441]H«m nay sÏ kh«ng thùc thi: ®· qu¸ thêi gian!
[20190603-133441]Thêi gian thùc thi lÇn tíi: 12:30! 1559626241
[20190603-133441]Sè lÇn ®Şnh giê nhiÖm vô: 0 !
[20190603-133441]§Æt nÒn mãng nhiÖm vô ®Şnh giê thµnh c«ng: cc_call_boss2.lua
[20190603-133441]NhiÖm vô ®Şnh giê 28: cc_call_boss3.lua, Sè lÇn: 0
[20190603-133441]ThiÕt lËp tªn nhiÖm vô ®Şnh giê: Lµm míi ThÎ Tù BOSS 
[20190603-133441]ThiÕt lËp thêi gian gi¸n c¸ch nhiÖm vô ®Şnh giê: 86400 gi©y mét lÇn!
[20190603-133441]ThiÕt lËp thêi gian nhiÖm vô ®Şnh giê: 17 giê 30 phót!
[20190603-133441]Thêi gian tr­íc m¾t lµ: 13 giê 34 phót!
[20190603-133441]Thêi gian thùc thi lÇn tíi: 17:30! 1559557841
[20190603-133441]Sè lÇn ®Şnh giê nhiÖm vô: 0 !
[20190603-133441]§Æt nÒn mãng nhiÖm vô ®Şnh giê thµnh c«ng: cc_call_boss3.lua
[20190603-133441]NhiÖm vô ®Şnh giê 29: cc_call_boss4.lua, Sè lÇn: 0
[20190603-133441]ThiÕt lËp tªn nhiÖm vô ®Şnh giê: Lµm míi ThÎ Tù BOSS 
[20190603-133441]ThiÕt lËp thêi gian gi¸n c¸ch nhiÖm vô ®Şnh giê: 86400 gi©y mét lÇn!
[20190603-133441]ThiÕt lËp thêi gian nhiÖm vô ®Şnh giê: 22 giê 30 phót!
[20190603-133441]Thêi gian tr­íc m¾t lµ: 13 giê 34 phót!
[20190603-133441]Thêi gian thùc thi lÇn tíi: 22:30! 1559575841
[20190603-133441]Sè lÇn ®Şnh giê nhiÖm vô: 0 !
[20190603-133441]§Æt nÒn mãng nhiÖm vô ®Şnh giê thµnh c«ng: cc_call_boss4.lua
[20190603-133441]NhiÖm vô ®Şnh giê 30: qht_create_gold_boss1.lua, Sè lÇn: 0
[20190603-133441]ThiÕt lËp tªn nhiÖm vô ®Şnh giê: Thiªn TÇm Th¸p Hoµng Kim BOSS xuÊt hiÖn!
[20190603-133441]ThiÕt lËp thêi gian gi¸n c¸ch nhiÖm vô ®Şnh giê: 86400 gi©y mét lÇn!
[20190603-133441]ThiÕt lËp thêi gian nhiÖm vô ®Şnh giê: 12 giê 30 phót!
[20190603-133441]Thêi gian tr­íc m¾t lµ: 13 giê 34 phót!
[20190603-133441]H«m nay sÏ kh«ng thùc thi: ®· qu¸ thêi gian!
[20190603-133441]Thêi gian thùc thi lÇn tíi: 12:30! 1559626241
[20190603-133441]Sè lÇn ®Şnh giê nhiÖm vô: 0 !
[20190603-133441]§Æt nÒn mãng nhiÖm vô ®Şnh giê thµnh c«ng: qht_create_gold_boss1.lua
[20190603-133441]NhiÖm vô ®Şnh giê 31: qht_create_gold_boss2.lua, Sè lÇn: 0
[20190603-133441]ThiÕt lËp tªn nhiÖm vô ®Şnh giê: Thiªn TÇm Th¸p Hoµng Kim BOSS xuÊt hiÖn!
[20190603-133441]ThiÕt lËp thêi gian gi¸n c¸ch nhiÖm vô ®Şnh giê: 86400 gi©y mét lÇn!
[20190603-133441]ThiÕt lËp thêi gian nhiÖm vô ®Şnh giê: 22 giê 0 phót!
[20190603-133441]Thêi gian tr­íc m¾t lµ: 13 giê 34 phót!
[20190603-133441]Thêi gian thùc thi lÇn tíi: 22:0! 1559574041
[20190603-133441]Sè lÇn ®Şnh giê nhiÖm vô: 0 !
[20190603-133441]§Æt nÒn mãng nhiÖm vô ®Şnh giê thµnh c«ng: qht_create_gold_boss2.lua
[20190603-133441]NhiÖm vô ®Şnh giê 32: sp2014_createnpc_1.lua, Sè lÇn: 0
[20190603-133441]ThiÕt lËp tªn nhiÖm vô ®Şnh giê: Niªn Thó 2014
[20190603-133441]ThiÕt lËp thêi gian gi¸n c¸ch nhiÖm vô ®Şnh giê: 86400 gi©y mét lÇn!
[20190603-133441]ThiÕt lËp thêi gian nhiÖm vô ®Şnh giê: 12 giê 0 phót!
[20190603-133441]Thêi gian tr­íc m¾t lµ: 13 giê 34 phót!
[20190603-133441]H«m nay sÏ kh«ng thùc thi: ®· qu¸ thêi gian!
[20190603-133441]Thêi gian thùc thi lÇn tíi: 12:0! 1559624441
[20190603-133441]Sè lÇn ®Şnh giê nhiÖm vô: 0 !
[20190603-133441]§Æt nÒn mãng nhiÖm vô ®Şnh giê thµnh c«ng: sp2014_createnpc_1.lua
[20190603-133441]NhiÖm vô ®Şnh giê 33: sp2014_createnpc_2.lua, Sè lÇn: 0
[20190603-133441]ThiÕt lËp tªn nhiÖm vô ®Şnh giê: Niªn Thó 2014
[20190603-133441]ThiÕt lËp thêi gian gi¸n c¸ch nhiÖm vô ®Şnh giê: 86400 gi©y mét lÇn!
[20190603-133441]ThiÕt lËp thêi gian nhiÖm vô ®Şnh giê: 21 giê 0 phót!
[20190603-133441]Thêi gian tr­íc m¾t lµ: 13 giê 34 phót!
[20190603-133441]Thêi gian thùc thi lÇn tíi: 21:0! 1559570441
[20190603-133441]Sè lÇn ®Şnh giê nhiÖm vô: 0 !
[20190603-133441]§Æt nÒn mãng nhiÖm vô ®Şnh giê thµnh c«ng: sp2014_createnpc_2.lua
[20190603-133441]NhiÖm vô ®Şnh giê 34: clear_gest_jiaoyi.lua, Sè lÇn: 0
[20190603-133441]ThiÕt lËp tªn nhiÖm vô ®Şnh giê: Xãa bá h¹ng tû vâ
[20190603-133441]ThiÕt lËp thêi gian gi¸n c¸ch nhiÖm vô ®Şnh giê: 3600 gi©y mét lÇn!
[20190603-133441]ThiÕt lËp thêi gian nhiÖm vô ®Şnh giê: 13 giê 34 phót!
[20190603-133441]Thêi gian tr­íc m¾t lµ: 13 giê 34 phót!
[20190603-133441]Thêi gian thùc thi lÇn tíi: 13:34! 1559543681
[20190603-133441]Sè lÇn ®Şnh giê nhiÖm vô: 0 !
[20190603-133441]§Æt nÒn mãng nhiÖm vô ®Şnh giê thµnh c«ng: clear_gest_jiaoyi.lua
[20190603-133441]NhiÖm vô ®Şnh giê 35: world_boss.lua, Sè lÇn: 0
[20190603-133441]ThiÕt lËp tªn nhiÖm vô ®Şnh giê: T¹o míi BOSS ThÕ Giíi
[20190603-133441]ThiÕt lËp thêi gian gi¸n c¸ch nhiÖm vô ®Şnh giê: 86400 gi©y mét lÇn!
[20190603-133441]ThiÕt lËp thêi gian nhiÖm vô ®Şnh giê: 14 giê 30 phót!
[20190603-133441]Thêi gian tr­íc m¾t lµ: 13 giê 34 phót!
[20190603-133441]Thêi gian thùc thi lÇn tíi: 14:30! 1559547041
[20190603-133441]Sè lÇn ®Şnh giê nhiÖm vô: 0 !
[20190603-133441]§Æt nÒn mãng nhiÖm vô ®Şnh giê thµnh c«ng: world_boss.lua
[20190603-133441]NhiÖm vô ®Şnh giê 36: world_boss1.lua, Sè lÇn: 0
[20190603-133441]ThiÕt lËp tªn nhiÖm vô ®Şnh giê: T¹o míi BOSS ThÕ Giíi
[20190603-133441]ThiÕt lËp thêi gian gi¸n c¸ch nhiÖm vô ®Şnh giê: 86400 gi©y mét lÇn!
[20190603-133441]ThiÕt lËp thêi gian nhiÖm vô ®Şnh giê: 20 giê 0 phót!
[20190603-133441]Thêi gian tr­íc m¾t lµ: 13 giê 34 phót!
[20190603-133441]Thêi gian thùc thi lÇn tíi: 20:0! 1559566841
[20190603-133441]Sè lÇn ®Şnh giê nhiÖm vô: 0 !
[20190603-133441]§Æt nÒn mãng nhiÖm vô ®Şnh giê thµnh c«ng: world_boss1.lua
[20190603-133441]NhiÖm vô ®Şnh giê 37: hua_deng1.lua, Sè lÇn: 0
[20190603-133441]ThiÕt lËp tªn nhiÖm vô ®Şnh giê: §Ìn Hoa §¨ng
[20190603-133441]ThiÕt lËp thêi gian gi¸n c¸ch nhiÖm vô ®Şnh giê: 86400 gi©y mét lÇn!
[20190603-133441]ThiÕt lËp thêi gian nhiÖm vô ®Şnh giê: 10 giê 0 phót!
[20190603-133441]Thêi gian tr­íc m¾t lµ: 13 giê 34 phót!
[20190603-133441]H«m nay sÏ kh«ng thùc thi: ®· qu¸ thêi gian!
[20190603-133441]Thêi gian thùc thi lÇn tíi: 10:0! 1559617241
[20190603-133441]Sè lÇn ®Şnh giê nhiÖm vô: 0 !
[20190603-133441]§Æt nÒn mãng nhiÖm vô ®Şnh giê thµnh c«ng: hua_deng1.lua
[20190603-133441]NhiÖm vô ®Şnh giê 38: hua_deng2.lua, Sè lÇn: 0
[20190603-133441]ThiÕt lËp tªn nhiÖm vô ®Şnh giê: §Ìn Hoa §¨ng
[20190603-133441]ThiÕt lËp thêi gian gi¸n c¸ch nhiÖm vô ®Şnh giê: 86400 gi©y mét lÇn!
[20190603-133441]ThiÕt lËp thêi gian nhiÖm vô ®Şnh giê: 11 giê 0 phót!
[20190603-133441]Thêi gian tr­íc m¾t lµ: 13 giê 34 phót!
[20190603-133441]H«m nay sÏ kh«ng thùc thi: ®· qu¸ thêi gian!
[20190603-133441]Thêi gian thùc thi lÇn tíi: 11:0! 1559620841
[20190603-133441]Sè lÇn ®Şnh giê nhiÖm vô: 0 !
[20190603-133441]§Æt nÒn mãng nhiÖm vô ®Şnh giê thµnh c«ng: hua_deng2.lua
[20190603-133441]NhiÖm vô ®Şnh giê 39: hua_deng3.lua, Sè lÇn: 0
[20190603-133441]ThiÕt lËp tªn nhiÖm vô ®Şnh giê: §Ìn Hoa §¨ng
[20190603-133441]ThiÕt lËp thêi gian gi¸n c¸ch nhiÖm vô ®Şnh giê: 86400 gi©y mét lÇn!
[20190603-133441]ThiÕt lËp thêi gian nhiÖm vô ®Şnh giê: 16 giê 0 phót!
[20190603-133441]Thêi gian tr­íc m¾t lµ: 13 giê 34 phót!
[20190603-133441]Thêi gian thùc thi lÇn tíi: 16:0! 1559552441
[20190603-133441]Sè lÇn ®Şnh giê nhiÖm vô: 0 !
[20190603-133441]§Æt nÒn mãng nhiÖm vô ®Şnh giê thµnh c«ng: hua_deng3.lua
[20190603-133441]NhiÖm vô ®Şnh giê 40: hua_deng4.lua, Sè lÇn: 0
[20190603-133441]ThiÕt lËp tªn nhiÖm vô ®Şnh giê: §Ìn Hoa §¨ng
[20190603-133441]ThiÕt lËp thêi gian gi¸n c¸ch nhiÖm vô ®Şnh giê: 86400 gi©y mét lÇn!
[20190603-133441]ThiÕt lËp thêi gian nhiÖm vô ®Şnh giê: 17 giê 0 phót!
[20190603-133441]Thêi gian tr­íc m¾t lµ: 13 giê 34 phót!
[20190603-133441]Thêi gian thùc thi lÇn tíi: 17:0! 1559556041
[20190603-133441]Sè lÇn ®Şnh giê nhiÖm vô: 0 !
[20190603-133441]§Æt nÒn mãng nhiÖm vô ®Şnh giê thµnh c«ng: hua_deng4.lua
[20190603-133441]NhiÖm vô ®Şnh giê 41: hua_deng5.lua, Sè lÇn: 0
[20190603-133441]ThiÕt lËp tªn nhiÖm vô ®Şnh giê: §Ìn Hoa §¨ng
[20190603-133441]ThiÕt lËp thêi gian gi¸n c¸ch nhiÖm vô ®Şnh giê: 86400 gi©y mét lÇn!
[20190603-133441]ThiÕt lËp thêi gian nhiÖm vô ®Şnh giê: 21 giê 0 phót!
[20190603-133441]Thêi gian tr­íc m¾t lµ: 13 giê 34 phót!
[20190603-133441]Thêi gian thùc thi lÇn tíi: 21:0! 1559570441
[20190603-133441]Sè lÇn ®Şnh giê nhiÖm vô: 0 !
[20190603-133441]§Æt nÒn mãng nhiÖm vô ®Şnh giê thµnh c«ng: hua_deng5.lua
[20190603-133441]NhiÖm vô ®Şnh giê 42: hua_deng6.lua, Sè lÇn: 0
[20190603-133441]ThiÕt lËp tªn nhiÖm vô ®Şnh giê: §Ìn Hoa §¨ng
[20190603-133441]ThiÕt lËp thêi gian gi¸n c¸ch nhiÖm vô ®Şnh giê: 86400 gi©y mét lÇn!
[20190603-133441]ThiÕt lËp thêi gian nhiÖm vô ®Şnh giê: 22 giê 0 phót!
[20190603-133441]Thêi gian tr­íc m¾t lµ: 13 giê 34 phót!
[20190603-133441]Thêi gian thùc thi lÇn tíi: 22:0! 1559574041
[20190603-133441]Sè lÇn ®Şnh giê nhiÖm vô: 0 !
[20190603-133441]§Æt nÒn mãng nhiÖm vô ®Şnh giê thµnh c«ng: hua_deng6.lua
[20190603-133441]NhiÖm vô ®Şnh giê 43: ibc_boss1.lua, Sè lÇn: 0
[20190603-133441]ThiÕt lËp thêi gian gi¸n c¸ch nhiÖm vô ®Şnh giê: 86400 gi©y mét lÇn!
[20190603-133441]ThiÕt lËp thêi gian nhiÖm vô ®Şnh giê: 13 giê 0 phót!
[20190603-133441]Thêi gian tr­íc m¾t lµ: 13 giê 34 phót!
[20190603-133441]H«m nay sÏ kh«ng thùc thi: ®· qu¸ thêi gian!
[20190603-133441]Thêi gian thùc thi lÇn tíi: 13:0! 1559628041
[20190603-133441]Sè lÇn ®Şnh giê nhiÖm vô: 0 !
[20190603-133441]§Æt nÒn mãng nhiÖm vô ®Şnh giê thµnh c«ng: ibc_boss1.lua
[20190603-133441]NhiÖm vô ®Şnh giê 44: ibc_boss2.lua, Sè lÇn: 0
[20190603-133441]ThiÕt lËp thêi gian gi¸n c¸ch nhiÖm vô ®Şnh giê: 86400 gi©y mét lÇn!
[20190603-133441]ThiÕt lËp thêi gian nhiÖm vô ®Şnh giê: 19 giê 0 phót!
[20190603-133441]Thêi gian tr­íc m¾t lµ: 13 giê 34 phót!
[20190603-133441]Thêi gian thùc thi lÇn tíi: 19:0! 1559563241
[20190603-133441]Sè lÇn ®Şnh giê nhiÖm vô: 0 !
[20190603-133441]§Æt nÒn mãng nhiÖm vô ®Şnh giê thµnh c«ng: ibc_boss2.lua
[20190603-133441]NhiÖm vô ®Şnh giê 45: ibc_boss3.lua, Sè lÇn: 0
[20190603-133441]ThiÕt lËp thêi gian gi¸n c¸ch nhiÖm vô ®Şnh giê: 86400 gi©y mét lÇn!
[20190603-133441]ThiÕt lËp thêi gian nhiÖm vô ®Şnh giê: 22 giê 0 phót!
[20190603-133441]Thêi gian tr­íc m¾t lµ: 13 giê 34 phót!
[20190603-133441]Thêi gian thùc thi lÇn tíi: 22:0! 1559574041
[20190603-133441]Sè lÇn ®Şnh giê nhiÖm vô: 0 !
[20190603-133441]§Æt nÒn mãng nhiÖm vô ®Şnh giê thµnh c«ng: ibc_boss3.lua
[20190603-133442]Thùc thi NhiÖm vô ®Şnh giê: clear_gest_jiaoyi.lua
[20190603-133442]Thêi gian thùc thi lÇn sau: 1559574041!
[20190603-133541]Thùc thi NhiÖm vô ®Şnh giê: biwudahuiqianzou.lua
[20190603-133541]Thêi gian thùc thi lÇn sau: 1559574041!
[20190603-133641]Thùc thi NhiÖm vô ®Şnh giê: biwudahuiqianzou.lua
[20190603-133641]Thêi gian thùc thi lÇn sau: 1559574041!
[20190603-133741]Thùc thi NhiÖm vô ®Şnh giê: biwudahuiqianzou.lua
[20190603-133741]Thêi gian thùc thi lÇn sau: 1559574041!
[20190603-133841]Thùc thi NhiÖm vô ®Şnh giê: biwudahuiqianzou.lua
[20190603-133841]Thêi gian thùc thi lÇn sau: 1559574041!
[20190603-133941]Thùc thi NhiÖm vô ®Şnh giê: biwudahuiqianzou.lua
[20190603-133941]Thêi gian thùc thi lÇn sau: 1559574041!
[20190603-134041]Thùc thi NhiÖm vô ®Şnh giê: biwudahuiqianzou.lua
[20190603-134041]Thêi gian thùc thi lÇn sau: 1559574041!
[20190603-134141]Thùc thi NhiÖm vô ®Şnh giê: biwudahuiqianzou.lua
[20190603-134141]Thêi gian thùc thi lÇn sau: 1559574041!
[20190603-134241]Thùc thi NhiÖm vô ®Şnh giê: biwudahuiqianzou.lua
[20190603-134241]Thêi gian thùc thi lÇn sau: 1559574041!
[20190603-134523]NhËp Settings File cña nhiÖm vô ®Şnh giê: /RelaySetting/Task/TaskList.ini
[20190603-134523]Sè l­îng nhiÖm vô ®Şnh giê: 46
[20190603-134523]NhiÖm vô ®Şnh giê 0: CollectionTaskStart.lua, Sè lÇn: 0
[20190603-134523]ThiÕt lËp tªn nhiÖm vô ®Şnh giê: Thi ®Êu thuyÒn rång
[20190603-134523]ThiÕt lËp thêi gian gi¸n c¸ch nhiÖm vô ®Şnh giê: 5400 gi©y mét lÇn!
[20190603-134523]ThiÕt lËp thêi gian nhiÖm vô ®Şnh giê: 13 giê 55 phót!
[20190603-134523]Thêi gian tr­íc m¾t lµ: 13 giê 45 phót!
[20190603-134523]Thêi gian thùc thi lÇn tíi: 13:55! 1559544923
[20190603-134523]Sè lÇn ®Şnh giê nhiÖm vô: 0 !
[20190603-134523]§Æt nÒn mãng nhiÖm vô ®Şnh giê thµnh c«ng: CollectionTaskStart.lua
[20190603-134523]NhiÖm vô ®Şnh giê 1: CollectionTaskClose.lua, Sè lÇn: 0
[20190603-134523]ThiÕt lËp tªn nhiÖm vô ®Şnh giê: Thi ®Êu thuyÒn rång
[20190603-134523]ThiÕt lËp thêi gian gi¸n c¸ch nhiÖm vô ®Şnh giê: 5400 gi©y mét lÇn!
[20190603-134523]ThiÕt lËp thêi gian nhiÖm vô ®Şnh giê: 14 giê 25 phót!
[20190603-134523]Thêi gian tr­íc m¾t lµ: 13 giê 45 phót!
[20190603-134523]Thêi gian thùc thi lÇn tíi: 14:25! 1559546723
[20190603-134523]Sè lÇn ®Şnh giê nhiÖm vô: 0 !
[20190603-134523]§Æt nÒn mãng nhiÖm vô ®Şnh giê thµnh c«ng: CollectionTaskClose.lua
[20190603-134523]NhiÖm vô ®Şnh giê 2: CallBoss_13.lua, Sè lÇn: 0
[20190603-134523]ThiÕt lËp tªn nhiÖm vô ®Şnh giê: BOSS buæi tr­a
[20190603-134523]ThiÕt lËp thêi gian gi¸n c¸ch nhiÖm vô ®Şnh giê: 86400 gi©y mét lÇn!
[20190603-134523]ThiÕt lËp thêi gian nhiÖm vô ®Şnh giê: 13 giê 0 phót!
[20190603-134523]Thêi gian tr­íc m¾t lµ: 13 giê 45 phót!
[20190603-134523]H«m nay sÏ kh«ng thùc thi: ®· qu¸ thêi gian!
[20190603-134523]Thêi gian thùc thi lÇn tíi: 13:0! 1559628023
[20190603-134523]Sè lÇn ®Şnh giê nhiÖm vô: 0 !
[20190603-134523]§Æt nÒn mãng nhiÖm vô ®Şnh giê thµnh c«ng: CallBoss_13.lua
[20190603-134523]NhiÖm vô ®Şnh giê 3: CallBoss_21.lua, Sè lÇn: 0
[20190603-134523]ThiÕt lËp tªn nhiÖm vô ®Şnh giê: BOSS buæi tr­a
[20190603-134523]ThiÕt lËp thêi gian gi¸n c¸ch nhiÖm vô ®Şnh giê: 86400 gi©y mét lÇn!
[20190603-134523]ThiÕt lËp thêi gian nhiÖm vô ®Şnh giê: 21 giê 0 phót!
[20190603-134523]Thêi gian tr­íc m¾t lµ: 13 giê 45 phót!
[20190603-134523]Thêi gian thùc thi lÇn tíi: 21:0! 1559570423
[20190603-134523]Sè lÇn ®Şnh giê nhiÖm vô: 0 !
[20190603-134523]§Æt nÒn mãng nhiÖm vô ®Şnh giê thµnh c«ng: CallBoss_21.lua
[20190603-134523]NhiÖm vô ®Şnh giê 4: CallBoss_23.lua, Sè lÇn: 0
[20190603-134523]ThiÕt lËp tªn nhiÖm vô ®Şnh giê: BOSS buæi tr­a
[20190603-134523]ThiÕt lËp thêi gian gi¸n c¸ch nhiÖm vô ®Şnh giê: 86400 gi©y mét lÇn!
[20190603-134523]ThiÕt lËp thêi gian nhiÖm vô ®Şnh giê: 23 giê 0 phót!
[20190603-134523]Thêi gian tr­íc m¾t lµ: 13 giê 45 phót!
[20190603-134523]Thêi gian thùc thi lÇn tíi: 23:0! 1559577623
[20190603-134523]Sè lÇn ®Şnh giê nhiÖm vô: 0 !
[20190603-134523]§Æt nÒn mãng nhiÖm vô ®Şnh giê thµnh c«ng: CallBoss_23.lua
[20190603-134523]NhiÖm vô ®Şnh giê 5: random_shop_npc.lua, Sè lÇn: 0
[20190603-134523]ThiÕt lËp tªn nhiÖm vô ®Şnh giê: NPC nhiÖm vô Th­¬ng Héi sÏ thay ®æi c¸c vŞ trİ xuÊt hiÖn
[20190603-134523]ThiÕt lËp thêi gian gi¸n c¸ch nhiÖm vô ®Şnh giê: 1800 gi©y mét lÇn!
[20190603-134523]ThiÕt lËp thêi gian nhiÖm vô ®Şnh giê: 13 giê 55 phót!
[20190603-134523]Thêi gian tr­íc m¾t lµ: 13 giê 45 phót!
[20190603-134523]Thêi gian thùc thi lÇn tíi: 13:55! 1559544923
[20190603-134523]Sè lÇn ®Şnh giê nhiÖm vô: 0 !
[20190603-134523]§Æt nÒn mãng nhiÖm vô ®Şnh giê thµnh c«ng: random_shop_npc.lua
[20190603-134523]NhiÖm vô ®Şnh giê 6: faction_boss_task.lua, Sè lÇn: 0
[20190603-134523]ThiÕt lËp tªn nhiÖm vô ®Şnh giê: NhiÖm vô BOSS m«n ph¸i
[20190603-134523]ThiÕt lËp thêi gian gi¸n c¸ch nhiÖm vô ®Şnh giê: 86400 gi©y mét lÇn!
[20190603-134523]ThiÕt lËp thêi gian nhiÖm vô ®Şnh giê: 21 giê 0 phót!
[20190603-134523]Thêi gian tr­íc m¾t lµ: 13 giê 45 phót!
[20190603-134523]Thêi gian thùc thi lÇn tíi: 21:0! 1559570423
[20190603-134523]Sè lÇn ®Şnh giê nhiÖm vô: 0 !
[20190603-134523]§Æt nÒn mãng nhiÖm vô ®Şnh giê thµnh c«ng: faction_boss_task.lua
[20190603-134523]NhiÖm vô ®Şnh giê 7: gest_convention_rank.lua, Sè lÇn: 0
[20190603-134523]ThiÕt lËp tªn nhiÖm vô ®Şnh giê: XÕp h¹ng t­ c¸ch ®¹i héi tû vâ
[20190603-134523]ThiÕt lËp thêi gian gi¸n c¸ch nhiÖm vô ®Şnh giê: 3600 gi©y mét lÇn!
[20190603-134523]ThiÕt lËp thêi gian nhiÖm vô ®Şnh giê: 23 giê 30 phót!
[20190603-134523]Thêi gian tr­íc m¾t lµ: 13 giê 45 phót!
[20190603-134523]Thêi gian thùc thi lÇn tíi: 23:30! 1559579423
[20190603-134523]Sè lÇn ®Şnh giê nhiÖm vô: 0 !
[20190603-134523]§Æt nÒn mãng nhiÖm vô ®Şnh giê thµnh c«ng: gest_convention_rank.lua
[20190603-134523]NhiÖm vô ®Şnh giê 8: taixu_jwl_liu_crt.lua, Sè lÇn: 0
[20190603-134523]ThiÕt lËp tªn nhiÖm vô ®Şnh giê: Th¨n cÊp nhiÖm vô Trang søc Th¸i H­
[20190603-134523]ThiÕt lËp thêi gian gi¸n c¸ch nhiÖm vô ®Şnh giê: 86400 gi©y mét lÇn!
[20190603-134523]ThiÕt lËp thêi gian nhiÖm vô ®Şnh giê: 21 giê 7 phót!
[20190603-134523]Thêi gian tr­íc m¾t lµ: 13 giê 45 phót!
[20190603-134523]Thêi gian thùc thi lÇn tíi: 21:7! 1559570843
[20190603-134523]Sè lÇn ®Şnh giê nhiÖm vô: 0 !
[20190603-134523]§Æt nÒn mãng nhiÖm vô ®Şnh giê thµnh c«ng: taixu_jwl_liu_crt.lua
[20190603-134523]NhiÖm vô ®Şnh giê 9: WeeklyBackupBR.lua, Sè lÇn: 0
[20190603-134523]ThiÕt lËp tªn nhiÖm vô ®Şnh giê: WeeklyBackupBR
[20190603-134523]ThiÕt lËp thêi gian gi¸n c¸ch nhiÖm vô ®Şnh giê: 3600 gi©y mét lÇn!
[20190603-134523]ThiÕt lËp thêi gian nhiÖm vô ®Şnh giê: 21 giê 1 phót!
[20190603-134523]Thêi gian tr­íc m¾t lµ: 13 giê 45 phót!
[20190603-134523]Thêi gian thùc thi lÇn tíi: 21:1! 1559570483
[20190603-134523]Sè lÇn ®Şnh giê nhiÖm vô: 0 !
[20190603-134523]§Æt nÒn mãng nhiÖm vô ®Şnh giê thµnh c«ng: WeeklyBackupBR.lua
[20190603-134523]NhiÖm vô ®Şnh giê 10: north_west_task.lua, Sè lÇn: 0
[20190603-134523]ThiÕt lËp thêi gian gi¸n c¸ch nhiÖm vô ®Şnh giê: 1800 gi©y mét lÇn!
[20190603-134523]ThiÕt lËp thêi gian nhiÖm vô ®Şnh giê: 13 giê 55 phót!
[20190603-134523]Thêi gian tr­íc m¾t lµ: 13 giê 45 phót!
[20190603-134523]Thêi gian thùc thi lÇn tíi: 13:55! 1559544923
[20190603-134523]Sè lÇn ®Şnh giê nhiÖm vô: 0 !
[20190603-134523]§Æt nÒn mãng nhiÖm vô ®Şnh giê thµnh c«ng: north_west_task.lua
[20190603-134523]NhiÖm vô ®Şnh giê 11: biwudahuiqianzou.lua, Sè lÇn: 0
[20190603-134523]ThiÕt lËp tªn nhiÖm vô ®Şnh giê: GhĞp ®«i tr­íc ®¹i héi tû vâ
[20190603-134523]ThiÕt lËp thêi gian gi¸n c¸ch nhiÖm vô ®Şnh giê: 60 gi©y mét lÇn!
[20190603-134523]ThiÕt lËp thêi gian nhiÖm vô ®Şnh giê: 13 giê 46 phót!
[20190603-134523]Thêi gian tr­íc m¾t lµ: 13 giê 45 phót!
[20190603-134523]Thêi gian thùc thi lÇn tíi: 13:46! 1559544383
[20190603-134523]Sè lÇn ®Şnh giê nhiÖm vô: 0 !
[20190603-134523]§Æt nÒn mãng nhiÖm vô ®Şnh giê thµnh c«ng: biwudahuiqianzou.lua
[20190603-134523]NhiÖm vô ®Şnh giê 12: daliytask.lua, Sè lÇn: 0
[20190603-134523]ThiÕt lËp tªn nhiÖm vô ®Şnh giê: nhiÖm vô th­êng nhËt c¸ nh©nnhiÖm vô th­êng nhËt tæ ®éi
[20190603-134523]ThiÕt lËp thêi gian gi¸n c¸ch nhiÖm vô ®Şnh giê: 86400 gi©y mét lÇn!
[20190603-134523]ThiÕt lËp thêi gian nhiÖm vô ®Şnh giê: 0 giê 0 phót!
[20190603-134523]Thêi gian tr­íc m¾t lµ: 13 giê 45 phót!
[20190603-134523]H«m nay sÏ kh«ng thùc thi: ®· qu¸ thêi gian!
[20190603-134523]Thêi gian thùc thi lÇn tíi: 0:0! 1559581223
[20190603-134523]Sè lÇn ®Şnh giê nhiÖm vô: 0 !
[20190603-134523]§Æt nÒn mãng nhiÖm vô ®Şnh giê thµnh c«ng: daliytask.lua
[20190603-134523]NhiÖm vô ®Şnh giê 13: silingding_11.lua, Sè lÇn: 0
[20190603-134523]ThiÕt lËp thêi gian gi¸n c¸ch nhiÖm vô ®Şnh giê: 86400 gi©y mét lÇn!
[20190603-134523]ThiÕt lËp thêi gian nhiÖm vô ®Şnh giê: 11 giê 0 phót!
[20190603-134523]Thêi gian tr­íc m¾t lµ: 13 giê 45 phót!
[20190603-134523]H«m nay sÏ kh«ng thùc thi: ®· qu¸ thêi gian!
[20190603-134523]Thêi gian thùc thi lÇn tíi: 11:0! 1559620823
[20190603-134523]Sè lÇn ®Şnh giê nhiÖm vô: 0 !
[20190603-134523]§Æt nÒn mãng nhiÖm vô ®Şnh giê thµnh c«ng: silingding_11.lua
[20190603-134523]NhiÖm vô ®Şnh giê 14: silingding_18.lua, Sè lÇn: 0
[20190603-134523]ThiÕt lËp thêi gian gi¸n c¸ch nhiÖm vô ®Şnh giê: 86400 gi©y mét lÇn!
[20190603-134523]ThiÕt lËp thêi gian nhiÖm vô ®Şnh giê: 18 giê 0 phót!
[20190603-134523]Thêi gian tr­íc m¾t lµ: 13 giê 45 phót!
[20190603-134523]Thêi gian thùc thi lÇn tíi: 18:0! 1559559623
[20190603-134523]Sè lÇn ®Şnh giê nhiÖm vô: 0 !
[20190603-134523]§Æt nÒn mãng nhiÖm vô ®Şnh giê thµnh c«ng: silingding_18.lua
[20190603-134523]NhiÖm vô ®Şnh giê 15: silingding_23.lua, Sè lÇn: 0
[20190603-134523]ThiÕt lËp thêi gian gi¸n c¸ch nhiÖm vô ®Şnh giê: 86400 gi©y mét lÇn!
[20190603-134523]ThiÕt lËp thêi gian nhiÖm vô ®Şnh giê: 23 giê 0 phót!
[20190603-134523]Thêi gian tr­íc m¾t lµ: 13 giê 45 phót!
[20190603-134523]Thêi gian thùc thi lÇn tíi: 23:0! 1559577623
[20190603-134523]Sè lÇn ®Şnh giê nhiÖm vô: 0 !
[20190603-134523]§Æt nÒn mãng nhiÖm vô ®Şnh giê thµnh c«ng: silingding_23.lua
[20190603-134523]NhiÖm vô ®Şnh giê 16: EventBoss_201103.lua, Sè lÇn: 0
[20190603-134523]ThiÕt lËp tªn nhiÖm vô ®Şnh giê: Boss Giæ tæ Hïng V­¬ng
[20190603-134523]ThiÕt lËp thêi gian gi¸n c¸ch nhiÖm vô ®Şnh giê: 3600 gi©y mét lÇn!
[20190603-134523]ThiÕt lËp thêi gian nhiÖm vô ®Şnh giê: 14 giê 0 phót!
[20190603-134523]Thêi gian tr­íc m¾t lµ: 13 giê 45 phót!
[20190603-134523]Thêi gian thùc thi lÇn tíi: 14:0! 1559545223
[20190603-134523]Sè lÇn ®Şnh giê nhiÖm vô: 0 !
[20190603-134523]§Æt nÒn mãng nhiÖm vô ®Şnh giê thµnh c«ng: EventBoss_201103.lua
[20190603-134523]NhiÖm vô ®Şnh giê 17: lsb_callboss1.lua, Sè lÇn: 0
[20190603-134523]ThiÕt lËp tªn nhiÖm vô ®Şnh giê: Boss L­¬ng S¬n Hoµng Kim
[20190603-134523]ThiÕt lËp thêi gian gi¸n c¸ch nhiÖm vô ®Şnh giê: 86400 gi©y mét lÇn!
[20190603-134523]ThiÕt lËp thêi gian nhiÖm vô ®Şnh giê: 12 giê 30 phót!
[20190603-134523]Thêi gian tr­íc m¾t lµ: 13 giê 45 phót!
[20190603-134523]H«m nay sÏ kh«ng thùc thi: ®· qu¸ thêi gian!
[20190603-134523]Thêi gian thùc thi lÇn tíi: 12:30! 1559626223
[20190603-134523]Sè lÇn ®Şnh giê nhiÖm vô: 0 !
[20190603-134523]§Æt nÒn mãng nhiÖm vô ®Şnh giê thµnh c«ng: lsb_callboss1.lua
[20190603-134523]NhiÖm vô ®Şnh giê 18: lsb_callboss2.lua, Sè lÇn: 0
[20190603-134523]ThiÕt lËp tªn nhiÖm vô ®Şnh giê: Boss L­¬ng S¬n Hoµng Kim
[20190603-134523]ThiÕt lËp thêi gian gi¸n c¸ch nhiÖm vô ®Şnh giê: 86400 gi©y mét lÇn!
[20190603-134523]ThiÕt lËp thêi gian nhiÖm vô ®Şnh giê: 15 giê 30 phót!
[20190603-134523]Thêi gian tr­íc m¾t lµ: 13 giê 45 phót!
[20190603-134523]Thêi gian thùc thi lÇn tíi: 15:30! 1559550623
[20190603-134523]Sè lÇn ®Şnh giê nhiÖm vô: 0 !
[20190603-134523]§Æt nÒn mãng nhiÖm vô ®Şnh giê thµnh c«ng: lsb_callboss2.lua
[20190603-134523]NhiÖm vô ®Şnh giê 19: lsb_callboss3.lua, Sè lÇn: 0
[20190603-134523]ThiÕt lËp tªn nhiÖm vô ®Şnh giê: Boss L­¬ng S¬n Hoµng Kim
[20190603-134523]ThiÕt lËp thêi gian gi¸n c¸ch nhiÖm vô ®Şnh giê: 86400 gi©y mét lÇn!
[20190603-134523]ThiÕt lËp thêi gian nhiÖm vô ®Şnh giê: 19 giê 30 phót!
[20190603-134523]Thêi gian tr­íc m¾t lµ: 13 giê 45 phót!
[20190603-134523]Thêi gian thùc thi lÇn tíi: 19:30! 1559565023
[20190603-134523]Sè lÇn ®Şnh giê nhiÖm vô: 0 !
[20190603-134523]§Æt nÒn mãng nhiÖm vô ®Şnh giê thµnh c«ng: lsb_callboss3.lua
[20190603-134523]NhiÖm vô ®Şnh giê 20: lsb_callboss4.lua, Sè lÇn: 0
[20190603-134523]ThiÕt lËp tªn nhiÖm vô ®Şnh giê: Boss L­¬ng S¬n Hoµng Kim
[20190603-134523]ThiÕt lËp thêi gian gi¸n c¸ch nhiÖm vô ®Şnh giê: 86400 gi©y mét lÇn!
[20190603-134523]ThiÕt lËp thêi gian nhiÖm vô ®Şnh giê: 22 giê 30 phót!
[20190603-134523]Thêi gian tr­íc m¾t lµ: 13 giê 45 phót!
[20190603-134523]Thêi gian thùc thi lÇn tíi: 22:30! 1559575823
[20190603-134523]Sè lÇn ®Şnh giê nhiÖm vô: 0 !
[20190603-134523]§Æt nÒn mãng nhiÖm vô ®Şnh giê thµnh c«ng: lsb_callboss4.lua
[20190603-134523]NhiÖm vô ®Şnh giê 21: oly_generate_lucknum.lua, Sè lÇn: 0
[20190603-134523]ThiÕt lËp tªn nhiÖm vô ®Şnh giê: ThiÕt lËp ch÷ sè may m¾n ho¹t ®éng Olympic
[20190603-134523]ThiÕt lËp thêi gian gi¸n c¸ch nhiÖm vô ®Şnh giê: 86400 gi©y mét lÇn!
[20190603-134523]ThiÕt lËp thêi gian nhiÖm vô ®Şnh giê: 20 giê 58 phót!
[20190603-134523]Thêi gian tr­íc m¾t lµ: 13 giê 45 phót!
[20190603-134523]Thêi gian thùc thi lÇn tíi: 20:58! 1559570303
[20190603-134523]Sè lÇn ®Şnh giê nhiÖm vô: 0 !
[20190603-134523]§Æt nÒn mãng nhiÖm vô ®Şnh giê thµnh c«ng: oly_generate_lucknum.lua
[20190603-134523]NhiÖm vô ®Şnh giê 22: oly_clean_data.lua, Sè lÇn: 0
[20190603-134523]ThiÕt lËp tªn nhiÖm vô ®Şnh giê: CËp nhËt d÷ liÖu ho¹t ®éng Olympic
[20190603-134523]ThiÕt lËp thêi gian gi¸n c¸ch nhiÖm vô ®Şnh giê: 86400 gi©y mét lÇn!
[20190603-134523]ThiÕt lËp thêi gian nhiÖm vô ®Şnh giê: 23 giê 58 phót!
[20190603-134523]Thêi gian tr­íc m¾t lµ: 13 giê 45 phót!
[20190603-134523]Thêi gian thùc thi lÇn tíi: 23:58! 1559581103
[20190603-134523]Sè lÇn ®Şnh giê nhiÖm vô: 0 !
[20190603-134523]§Æt nÒn mãng nhiÖm vô ®Şnh giê thµnh c«ng: oly_clean_data.lua
[20190603-134523]NhiÖm vô ®Şnh giê 23: qht_timer_clean.lua, Sè lÇn: 0
[20190603-134523]ThiÕt lËp tªn nhiÖm vô ®Şnh giê: ThiÕt lËp thêi gian Thiªn TÇm Th¸p
[20190603-134523]ThiÕt lËp thêi gian gi¸n c¸ch nhiÖm vô ®Şnh giê: 86400 gi©y mét lÇn!
[20190603-134523]ThiÕt lËp thêi gian nhiÖm vô ®Şnh giê: 0 giê 30 phót!
[20190603-134523]Thêi gian tr­íc m¾t lµ: 13 giê 45 phót!
[20190603-134523]H«m nay sÏ kh«ng thùc thi: ®· qu¸ thêi gian!
[20190603-134523]Thêi gian thùc thi lÇn tíi: 0:30! 1559583023
[20190603-134523]Sè lÇn ®Şnh giê nhiÖm vô: 0 !
[20190603-134523]§Æt nÒn mãng nhiÖm vô ®Şnh giê thµnh c«ng: qht_timer_clean.lua
[20190603-134523]NhiÖm vô ®Şnh giê 24: dzt_create_boss.lua, Sè lÇn: 0
[20190603-134523]ThiÕt lËp tªn nhiÖm vô ®Şnh giê: §¹i t¸c chiÕn truy t×m l¹i ch÷ viÕt
[20190603-134523]ThiÕt lËp thêi gian gi¸n c¸ch nhiÖm vô ®Şnh giê: 3600 gi©y mét lÇn!
[20190603-134523]ThiÕt lËp thêi gian nhiÖm vô ®Şnh giê: 10 giê 0 phót!
[20190603-134523]Thêi gian tr­íc m¾t lµ: 13 giê 45 phót!
[20190603-134523]H«m nay sÏ kh«ng thùc thi: ®· qu¸ thêi gian!
[20190603-134523]Thêi gian thùc thi lÇn tíi: 10:0! 1559617223
[20190603-134523]Sè lÇn ®Şnh giê nhiÖm vô: 0 !
[20190603-134523]§Æt nÒn mãng nhiÖm vô ®Şnh giê thµnh c«ng: dzt_create_boss.lua
[20190603-134523]NhiÖm vô ®Şnh giê 25: dzt_close.lua, Sè lÇn: 0
[20190603-134523]ThiÕt lËp tªn nhiÖm vô ®Şnh giê: §¹i t¸c chiÕn truy t×m l¹i ch÷ viÕt
[20190603-134523]ThiÕt lËp thêi gian gi¸n c¸ch nhiÖm vô ®Şnh giê: 3600 gi©y mét lÇn!
[20190603-134523]ThiÕt lËp thêi gian nhiÖm vô ®Şnh giê: 10 giê 30 phót!
[20190603-134523]Thêi gian tr­íc m¾t lµ: 13 giê 45 phót!
[20190603-134523]H«m nay sÏ kh«ng thùc thi: ®· qu¸ thêi gian!
[20190603-134523]Thêi gian thùc thi lÇn tíi: 10:30! 1559619023
[20190603-134523]Sè lÇn ®Şnh giê nhiÖm vô: 0 !
[20190603-134523]§Æt nÒn mãng nhiÖm vô ®Şnh giê thµnh c«ng: dzt_close.lua
[20190603-134523]NhiÖm vô ®Şnh giê 26: cc_call_boss1.lua, Sè lÇn: 0
[20190603-134523]ThiÕt lËp tªn nhiÖm vô ®Şnh giê: Lµm míi ThÎ Tù BOSS 
[20190603-134523]ThiÕt lËp thêi gian gi¸n c¸ch nhiÖm vô ®Şnh giê: 86400 gi©y mét lÇn!
[20190603-134523]ThiÕt lËp thêi gian nhiÖm vô ®Şnh giê: 8 giê 30 phót!
[20190603-134523]Thêi gian tr­íc m¾t lµ: 13 giê 45 phót!
[20190603-134523]H«m nay sÏ kh«ng thùc thi: ®· qu¸ thêi gian!
[20190603-134523]Thêi gian thùc thi lÇn tíi: 8:30! 1559611823
[20190603-134523]Sè lÇn ®Şnh giê nhiÖm vô: 0 !
[20190603-134523]§Æt nÒn mãng nhiÖm vô ®Şnh giê thµnh c«ng: cc_call_boss1.lua
[20190603-134523]NhiÖm vô ®Şnh giê 27: cc_call_boss2.lua, Sè lÇn: 0
[20190603-134523]ThiÕt lËp tªn nhiÖm vô ®Şnh giê: Lµm míi ThÎ Tù BOSS 
[20190603-134523]ThiÕt lËp thêi gian gi¸n c¸ch nhiÖm vô ®Şnh giê: 86400 gi©y mét lÇn!
[20190603-134523]ThiÕt lËp thêi gian nhiÖm vô ®Şnh giê: 12 giê 30 phót!
[20190603-134523]Thêi gian tr­íc m¾t lµ: 13 giê 45 phót!
[20190603-134523]H«m nay sÏ kh«ng thùc thi: ®· qu¸ thêi gian!
[20190603-134523]Thêi gian thùc thi lÇn tíi: 12:30! 1559626223
[20190603-134523]Sè lÇn ®Şnh giê nhiÖm vô: 0 !
[20190603-134523]§Æt nÒn mãng nhiÖm vô ®Şnh giê thµnh c«ng: cc_call_boss2.lua
[20190603-134523]NhiÖm vô ®Şnh giê 28: cc_call_boss3.lua, Sè lÇn: 0
[20190603-134523]ThiÕt lËp tªn nhiÖm vô ®Şnh giê: Lµm míi ThÎ Tù BOSS 
[20190603-134523]ThiÕt lËp thêi gian gi¸n c¸ch nhiÖm vô ®Şnh giê: 86400 gi©y mét lÇn!
[20190603-134523]ThiÕt lËp thêi gian nhiÖm vô ®Şnh giê: 17 giê 30 phót!
[20190603-134523]Thêi gian tr­íc m¾t lµ: 13 giê 45 phót!
[20190603-134523]Thêi gian thùc thi lÇn tíi: 17:30! 1559557823
[20190603-134523]Sè lÇn ®Şnh giê nhiÖm vô: 0 !
[20190603-134523]§Æt nÒn mãng nhiÖm vô ®Şnh giê thµnh c«ng: cc_call_boss3.lua
[20190603-134523]NhiÖm vô ®Şnh giê 29: cc_call_boss4.lua, Sè lÇn: 0
[20190603-134523]ThiÕt lËp tªn nhiÖm vô ®Şnh giê: Lµm míi ThÎ Tù BOSS 
[20190603-134523]ThiÕt lËp thêi gian gi¸n c¸ch nhiÖm vô ®Şnh giê: 86400 gi©y mét lÇn!
[20190603-134523]ThiÕt lËp thêi gian nhiÖm vô ®Şnh giê: 22 giê 30 phót!
[20190603-134523]Thêi gian tr­íc m¾t lµ: 13 giê 45 phót!
[20190603-134523]Thêi gian thùc thi lÇn tíi: 22:30! 1559575823
[20190603-134523]Sè lÇn ®Şnh giê nhiÖm vô: 0 !
[20190603-134523]§Æt nÒn mãng nhiÖm vô ®Şnh giê thµnh c«ng: cc_call_boss4.lua
[20190603-134523]NhiÖm vô ®Şnh giê 30: qht_create_gold_boss1.lua, Sè lÇn: 0
[20190603-134523]ThiÕt lËp tªn nhiÖm vô ®Şnh giê: Thiªn TÇm Th¸p Hoµng Kim BOSS xuÊt hiÖn!
[20190603-134523]ThiÕt lËp thêi gian gi¸n c¸ch nhiÖm vô ®Şnh giê: 86400 gi©y mét lÇn!
[20190603-134523]ThiÕt lËp thêi gian nhiÖm vô ®Şnh giê: 12 giê 30 phót!
[20190603-134523]Thêi gian tr­íc m¾t lµ: 13 giê 45 phót!
[20190603-134523]H«m nay sÏ kh«ng thùc thi: ®· qu¸ thêi gian!
[20190603-134523]Thêi gian thùc thi lÇn tíi: 12:30! 1559626223
[20190603-134523]Sè lÇn ®Şnh giê nhiÖm vô: 0 !
[20190603-134523]§Æt nÒn mãng nhiÖm vô ®Şnh giê thµnh c«ng: qht_create_gold_boss1.lua
[20190603-134523]NhiÖm vô ®Şnh giê 31: qht_create_gold_boss2.lua, Sè lÇn: 0
[20190603-134523]ThiÕt lËp tªn nhiÖm vô ®Şnh giê: Thiªn TÇm Th¸p Hoµng Kim BOSS xuÊt hiÖn!
[20190603-134523]ThiÕt lËp thêi gian gi¸n c¸ch nhiÖm vô ®Şnh giê: 86400 gi©y mét lÇn!
[20190603-134523]ThiÕt lËp thêi gian nhiÖm vô ®Şnh giê: 22 giê 0 phót!
[20190603-134523]Thêi gian tr­íc m¾t lµ: 13 giê 45 phót!
[20190603-134523]Thêi gian thùc thi lÇn tíi: 22:0! 1559574023
[20190603-134523]Sè lÇn ®Şnh giê nhiÖm vô: 0 !
[20190603-134523]§Æt nÒn mãng nhiÖm vô ®Şnh giê thµnh c«ng: qht_create_gold_boss2.lua
[20190603-134523]NhiÖm vô ®Şnh giê 32: sp2014_createnpc_1.lua, Sè lÇn: 0
[20190603-134523]ThiÕt lËp tªn nhiÖm vô ®Şnh giê: Niªn Thó 2014
[20190603-134523]ThiÕt lËp thêi gian gi¸n c¸ch nhiÖm vô ®Şnh giê: 86400 gi©y mét lÇn!
[20190603-134523]ThiÕt lËp thêi gian nhiÖm vô ®Şnh giê: 12 giê 0 phót!
[20190603-134523]Thêi gian tr­íc m¾t lµ: 13 giê 45 phót!
[20190603-134523]H«m nay sÏ kh«ng thùc thi: ®· qu¸ thêi gian!
[20190603-134523]Thêi gian thùc thi lÇn tíi: 12:0! 1559624423
[20190603-134523]Sè lÇn ®Şnh giê nhiÖm vô: 0 !
[20190603-134523]§Æt nÒn mãng nhiÖm vô ®Şnh giê thµnh c«ng: sp2014_createnpc_1.lua
[20190603-134523]NhiÖm vô ®Şnh giê 33: sp2014_createnpc_2.lua, Sè lÇn: 0
[20190603-134523]ThiÕt lËp tªn nhiÖm vô ®Şnh giê: Niªn Thó 2014
[20190603-134523]ThiÕt lËp thêi gian gi¸n c¸ch nhiÖm vô ®Şnh giê: 86400 gi©y mét lÇn!
[20190603-134523]ThiÕt lËp thêi gian nhiÖm vô ®Şnh giê: 21 giê 0 phót!
[20190603-134523]Thêi gian tr­íc m¾t lµ: 13 giê 45 phót!
[20190603-134523]Thêi gian thùc thi lÇn tíi: 21:0! 1559570423
[20190603-134523]Sè lÇn ®Şnh giê nhiÖm vô: 0 !
[20190603-134523]§Æt nÒn mãng nhiÖm vô ®Şnh giê thµnh c«ng: sp2014_createnpc_2.lua
[20190603-134523]NhiÖm vô ®Şnh giê 34: clear_gest_jiaoyi.lua, Sè lÇn: 0
[20190603-134523]ThiÕt lËp tªn nhiÖm vô ®Şnh giê: Xãa bá h¹ng tû vâ
[20190603-134523]ThiÕt lËp thêi gian gi¸n c¸ch nhiÖm vô ®Şnh giê: 3600 gi©y mét lÇn!
[20190603-134523]ThiÕt lËp thêi gian nhiÖm vô ®Şnh giê: 13 giê 45 phót!
[20190603-134523]Thêi gian tr­íc m¾t lµ: 13 giê 45 phót!
[20190603-134523]Thêi gian thùc thi lÇn tíi: 13:45! 1559544323
[20190603-134523]Sè lÇn ®Şnh giê nhiÖm vô: 0 !
[20190603-134523]§Æt nÒn mãng nhiÖm vô ®Şnh giê thµnh c«ng: clear_gest_jiaoyi.lua
[20190603-134523]NhiÖm vô ®Şnh giê 35: world_boss.lua, Sè lÇn: 0
[20190603-134523]ThiÕt lËp tªn nhiÖm vô ®Şnh giê: T¹o míi BOSS ThÕ Giíi
[20190603-134523]ThiÕt lËp thêi gian gi¸n c¸ch nhiÖm vô ®Şnh giê: 86400 gi©y mét lÇn!
[20190603-134523]ThiÕt lËp thêi gian nhiÖm vô ®Şnh giê: 14 giê 30 phót!
[20190603-134523]Thêi gian tr­íc m¾t lµ: 13 giê 45 phót!
[20190603-134523]Thêi gian thùc thi lÇn tíi: 14:30! 1559547023
[20190603-134523]Sè lÇn ®Şnh giê nhiÖm vô: 0 !
[20190603-134523]§Æt nÒn mãng nhiÖm vô ®Şnh giê thµnh c«ng: world_boss.lua
[20190603-134523]NhiÖm vô ®Şnh giê 36: world_boss1.lua, Sè lÇn: 0
[20190603-134523]ThiÕt lËp tªn nhiÖm vô ®Şnh giê: T¹o míi BOSS ThÕ Giíi
[20190603-134523]ThiÕt lËp thêi gian gi¸n c¸ch nhiÖm vô ®Şnh giê: 86400 gi©y mét lÇn!
[20190603-134523]ThiÕt lËp thêi gian nhiÖm vô ®Şnh giê: 20 giê 0 phót!
[20190603-134523]Thêi gian tr­íc m¾t lµ: 13 giê 45 phót!
[20190603-134523]Thêi gian thùc thi lÇn tíi: 20:0! 1559566823
[20190603-134523]Sè lÇn ®Şnh giê nhiÖm vô: 0 !
[20190603-134523]§Æt nÒn mãng nhiÖm vô ®Şnh giê thµnh c«ng: world_boss1.lua
[20190603-134523]NhiÖm vô ®Şnh giê 37: hua_deng1.lua, Sè lÇn: 0
[20190603-134523]ThiÕt lËp tªn nhiÖm vô ®Şnh giê: §Ìn Hoa §¨ng
[20190603-134523]ThiÕt lËp thêi gian gi¸n c¸ch nhiÖm vô ®Şnh giê: 86400 gi©y mét lÇn!
[20190603-134523]ThiÕt lËp thêi gian nhiÖm vô ®Şnh giê: 10 giê 0 phót!
[20190603-134523]Thêi gian tr­íc m¾t lµ: 13 giê 45 phót!
[20190603-134523]H«m nay sÏ kh«ng thùc thi: ®· qu¸ thêi gian!
[20190603-134523]Thêi gian thùc thi lÇn tíi: 10:0! 1559617223
[20190603-134523]Sè lÇn ®Şnh giê nhiÖm vô: 0 !
[20190603-134523]§Æt nÒn mãng nhiÖm vô ®Şnh giê thµnh c«ng: hua_deng1.lua
[20190603-134523]NhiÖm vô ®Şnh giê 38: hua_deng2.lua, Sè lÇn: 0
[20190603-134523]ThiÕt lËp tªn nhiÖm vô ®Şnh giê: §Ìn Hoa §¨ng
[20190603-134523]ThiÕt lËp thêi gian gi¸n c¸ch nhiÖm vô ®Şnh giê: 86400 gi©y mét lÇn!
[20190603-134523]ThiÕt lËp thêi gian nhiÖm vô ®Şnh giê: 11 giê 0 phót!
[20190603-134523]Thêi gian tr­íc m¾t lµ: 13 giê 45 phót!
[20190603-134523]H«m nay sÏ kh«ng thùc thi: ®· qu¸ thêi gian!
[20190603-134523]Thêi gian thùc thi lÇn tíi: 11:0! 1559620823
[20190603-134523]Sè lÇn ®Şnh giê nhiÖm vô: 0 !
[20190603-134523]§Æt nÒn mãng nhiÖm vô ®Şnh giê thµnh c«ng: hua_deng2.lua
[20190603-134523]NhiÖm vô ®Şnh giê 39: hua_deng3.lua, Sè lÇn: 0
[20190603-134523]ThiÕt lËp tªn nhiÖm vô ®Şnh giê: §Ìn Hoa §¨ng
[20190603-134523]ThiÕt lËp thêi gian gi¸n c¸ch nhiÖm vô ®Şnh giê: 86400 gi©y mét lÇn!
[20190603-134523]ThiÕt lËp thêi gian nhiÖm vô ®Şnh giê: 16 giê 0 phót!
[20190603-134523]Thêi gian tr­íc m¾t lµ: 13 giê 45 phót!
[20190603-134523]Thêi gian thùc thi lÇn tíi: 16:0! 1559552423
[20190603-134523]Sè lÇn ®Şnh giê nhiÖm vô: 0 !
[20190603-134523]§Æt nÒn mãng nhiÖm vô ®Şnh giê thµnh c«ng: hua_deng3.lua
[20190603-134523]NhiÖm vô ®Şnh giê 40: hua_deng4.lua, Sè lÇn: 0
[20190603-134523]ThiÕt lËp tªn nhiÖm vô ®Şnh giê: §Ìn Hoa §¨ng
[20190603-134523]ThiÕt lËp thêi gian gi¸n c¸ch nhiÖm vô ®Şnh giê: 86400 gi©y mét lÇn!
[20190603-134523]ThiÕt lËp thêi gian nhiÖm vô ®Şnh giê: 17 giê 0 phót!
[20190603-134523]Thêi gian tr­íc m¾t lµ: 13 giê 45 phót!
[20190603-134523]Thêi gian thùc thi lÇn tíi: 17:0! 1559556023
[20190603-134523]Sè lÇn ®Şnh giê nhiÖm vô: 0 !
[20190603-134523]§Æt nÒn mãng nhiÖm vô ®Şnh giê thµnh c«ng: hua_deng4.lua
[20190603-134523]NhiÖm vô ®Şnh giê 41: hua_deng5.lua, Sè lÇn: 0
[20190603-134523]ThiÕt lËp tªn nhiÖm vô ®Şnh giê: §Ìn Hoa §¨ng
[20190603-134523]ThiÕt lËp thêi gian gi¸n c¸ch nhiÖm vô ®Şnh giê: 86400 gi©y mét lÇn!
[20190603-134523]ThiÕt lËp thêi gian nhiÖm vô ®Şnh giê: 21 giê 0 phót!
[20190603-134523]Thêi gian tr­íc m¾t lµ: 13 giê 45 phót!
[20190603-134523]Thêi gian thùc thi lÇn tíi: 21:0! 1559570423
[20190603-134523]Sè lÇn ®Şnh giê nhiÖm vô: 0 !
[20190603-134523]§Æt nÒn mãng nhiÖm vô ®Şnh giê thµnh c«ng: hua_deng5.lua
[20190603-134523]NhiÖm vô ®Şnh giê 42: hua_deng6.lua, Sè lÇn: 0
[20190603-134523]ThiÕt lËp tªn nhiÖm vô ®Şnh giê: §Ìn Hoa §¨ng
[20190603-134523]ThiÕt lËp thêi gian gi¸n c¸ch nhiÖm vô ®Şnh giê: 86400 gi©y mét lÇn!
[20190603-134523]ThiÕt lËp thêi gian nhiÖm vô ®Şnh giê: 22 giê 0 phót!
[20190603-134523]Thêi gian tr­íc m¾t lµ: 13 giê 45 phót!
[20190603-134523]Thêi gian thùc thi lÇn tíi: 22:0! 1559574023
[20190603-134523]Sè lÇn ®Şnh giê nhiÖm vô: 0 !
[20190603-134523]§Æt nÒn mãng nhiÖm vô ®Şnh giê thµnh c«ng: hua_deng6.lua
[20190603-134523]NhiÖm vô ®Şnh giê 43: ibc_boss1.lua, Sè lÇn: 0
[20190603-134523]ThiÕt lËp thêi gian gi¸n c¸ch nhiÖm vô ®Şnh giê: 86400 gi©y mét lÇn!
[20190603-134523]ThiÕt lËp thêi gian nhiÖm vô ®Şnh giê: 13 giê 0 phót!
[20190603-134523]Thêi gian tr­íc m¾t lµ: 13 giê 45 phót!
[20190603-134523]H«m nay sÏ kh«ng thùc thi: ®· qu¸ thêi gian!
[20190603-134523]Thêi gian thùc thi lÇn tíi: 13:0! 1559628023
[20190603-134523]Sè lÇn ®Şnh giê nhiÖm vô: 0 !
[20190603-134523]§Æt nÒn mãng nhiÖm vô ®Şnh giê thµnh c«ng: ibc_boss1.lua
[20190603-134523]NhiÖm vô ®Şnh giê 44: ibc_boss2.lua, Sè lÇn: 0
[20190603-134523]ThiÕt lËp thêi gian gi¸n c¸ch nhiÖm vô ®Şnh giê: 86400 gi©y mét lÇn!
[20190603-134523]ThiÕt lËp thêi gian nhiÖm vô ®Şnh giê: 19 giê 0 phót!
[20190603-134523]Thêi gian tr­íc m¾t lµ: 13 giê 45 phót!
[20190603-134523]Thêi gian thùc thi lÇn tíi: 19:0! 1559563223
[20190603-134523]Sè lÇn ®Şnh giê nhiÖm vô: 0 !
[20190603-134523]§Æt nÒn mãng nhiÖm vô ®Şnh giê thµnh c«ng: ibc_boss2.lua
[20190603-134523]NhiÖm vô ®Şnh giê 45: ibc_boss3.lua, Sè lÇn: 0
[20190603-134523]ThiÕt lËp thêi gian gi¸n c¸ch nhiÖm vô ®Şnh giê: 86400 gi©y mét lÇn!
[20190603-134523]ThiÕt lËp thêi gian nhiÖm vô ®Şnh giê: 22 giê 0 phót!
[20190603-134523]Thêi gian tr­íc m¾t lµ: 13 giê 45 phót!
[20190603-134523]Thêi gian thùc thi lÇn tíi: 22:0! 1559574023
[20190603-134523]Sè lÇn ®Şnh giê nhiÖm vô: 0 !
[20190603-134523]§Æt nÒn mãng nhiÖm vô ®Şnh giê thµnh c«ng: ibc_boss3.lua
[20190603-134524]Thùc thi NhiÖm vô ®Şnh giê: clear_gest_jiaoyi.lua
[20190603-134524]Thêi gian thùc thi lÇn sau: 1559574023!
[20190603-134623]Thùc thi NhiÖm vô ®Şnh giê: biwudahuiqianzou.lua
[20190603-134623]Thêi gian thùc thi lÇn sau: 1559574023!
[20190603-134723]Thùc thi NhiÖm vô ®Şnh giê: biwudahuiqianzou.lua
[20190603-134723]Thêi gian thùc thi lÇn sau: 1559574023!
[20190603-134823]Thùc thi NhiÖm vô ®Şnh giê: biwudahuiqianzou.lua
[20190603-134823]Thêi gian thùc thi lÇn sau: 1559574023!
[20190603-134923]Thùc thi NhiÖm vô ®Şnh giê: biwudahuiqianzou.lua
[20190603-134923]Thêi gian thùc thi lÇn sau: 1559574023!
[20190603-135023]Thùc thi NhiÖm vô ®Şnh giê: biwudahuiqianzou.lua
[20190603-135023]Thêi gian thùc thi lÇn sau: 1559574023!
[20190603-135123]Thùc thi NhiÖm vô ®Şnh giê: biwudahuiqianzou.lua
[20190603-135123]Thêi gian thùc thi lÇn sau: 1559574023!
[20190603-135223]Thùc thi NhiÖm vô ®Şnh giê: biwudahuiqianzou.lua
[20190603-135223]Thêi gian thùc thi lÇn sau: 1559574023!
[20190603-135323]Thùc thi NhiÖm vô ®Şnh giê: biwudahuiqianzou.lua
[20190603-135323]Thêi gian thùc thi lÇn sau: 1559574023!
[20190603-135423]Thùc thi NhiÖm vô ®Şnh giê: biwudahuiqianzou.lua
[20190603-135423]Thêi gian thùc thi lÇn sau: 1559574023!
[20190603-135523]Thùc thi NhiÖm vô ®Şnh giê: CollectionTaskStart.lua
[20190603-135523]Thêi gian thùc thi lÇn sau: 1559574023!
[20190603-135523]Thùc thi NhiÖm vô ®Şnh giê: random_shop_npc.lua
[20190603-135523]Thêi gian thùc thi lÇn sau: 1559574023!
[20190603-135523]Thùc thi NhiÖm vô ®Şnh giê: north_west_task.lua
[20190603-135523]Thêi gian thùc thi lÇn sau: 1559574023!
[20190603-135523]Thùc thi NhiÖm vô ®Şnh giê: biwudahuiqianzou.lua
[20190603-135523]Thêi gian thùc thi lÇn sau: 1559574023!
[20190603-135623]Thùc thi NhiÖm vô ®Şnh giê: biwudahuiqianzou.lua
[20190603-135623]Thêi gian thùc thi lÇn sau: 1559574023!
[20190603-135723]Thùc thi NhiÖm vô ®Şnh giê: biwudahuiqianzou.lua
[20190603-135723]Thêi gian thùc thi lÇn sau: 1559574023!
[20190603-135823]Thùc thi NhiÖm vô ®Şnh giê: biwudahuiqianzou.lua
[20190603-135823]Thêi gian thùc thi lÇn sau: 1559574023!
[20190603-135923]Thùc thi NhiÖm vô ®Şnh giê: biwudahuiqianzou.lua
[20190603-135923]Thêi gian thùc thi lÇn sau: 1559574023!
[20190603-140023]Thùc thi NhiÖm vô ®Şnh giê: biwudahuiqianzou.lua
[20190603-140023]Thêi gian thùc thi lÇn sau: 1559574023!
[20190603-140023]Thùc thi NhiÖm vô ®Şnh giê: EventBoss_201103.lua
[20190603-140023]Thêi gian thùc thi lÇn sau: 1559574023!
[20190603-140123]Thùc thi NhiÖm vô ®Şnh giê: biwudahuiqianzou.lua
[20190603-140123]Thêi gian thùc thi lÇn sau: 1559574023!
[20190603-140223]Thùc thi NhiÖm vô ®Şnh giê: biwudahuiqianzou.lua
[20190603-140223]Thêi gian thùc thi lÇn sau: 1559574023!
[20190603-140323]Thùc thi NhiÖm vô ®Şnh giê: biwudahuiqianzou.lua
[20190603-140323]Thêi gian thùc thi lÇn sau: 1559574023!
[20190603-140423]Thùc thi NhiÖm vô ®Şnh giê: biwudahuiqianzou.lua
[20190603-140423]Thêi gian thùc thi lÇn sau: 1559574023!
[20190603-140523]Thùc thi NhiÖm vô ®Şnh giê: biwudahuiqianzou.lua
[20190603-140523]Thêi gian thùc thi lÇn sau: 1559574023!
[20190603-140623]Thùc thi NhiÖm vô ®Şnh giê: biwudahuiqianzou.lua
[20190603-140623]Thêi gian thùc thi lÇn sau: 1559574023!
[20190603-140723]Thùc thi NhiÖm vô ®Şnh giê: biwudahuiqianzou.lua
[20190603-140723]Thêi gian thùc thi lÇn sau: 1559574023!
[20190603-140823]Thùc thi NhiÖm vô ®Şnh giê: biwudahuiqianzou.lua
[20190603-140823]Thêi gian thùc thi lÇn sau: 1559574023!
[20190603-140923]Thùc thi NhiÖm vô ®Şnh giê: biwudahuiqianzou.lua
[20190603-140923]Thêi gian thùc thi lÇn sau: 1559574023!
[20190603-141023]Thùc thi NhiÖm vô ®Şnh giê: biwudahuiqianzou.lua
[20190603-141023]Thêi gian thùc thi lÇn sau: 1559574023!
[20190603-141123]Thùc thi NhiÖm vô ®Şnh giê: biwudahuiqianzou.lua
[20190603-141123]Thêi gian thùc thi lÇn sau: 1559574023!
[20190603-141223]Thùc thi NhiÖm vô ®Şnh giê: biwudahuiqianzou.lua
[20190603-141223]Thêi gian thùc thi lÇn sau: 1559574023!
