[20200207-150618]NhËp Settings File cña nhiÖm vô ®Şnh giê: /RelaySetting/Task/TaskList.ini
[20200207-150618]Sè l­îng nhiÖm vô ®Şnh giê: 46
[20200207-150618]NhiÖm vô ®Şnh giê 0: CollectionTaskStart.lua, Sè lÇn: 0
[20200207-150618]ThiÕt lËp tªn nhiÖm vô ®Şnh giê: Thi ®Êu thuyÒn rång
[20200207-150618]ThiÕt lËp thêi gian gi¸n c¸ch nhiÖm vô ®Şnh giê: 5400 gi©y mét lÇn!
[20200207-150618]ThiÕt lËp thêi gian nhiÖm vô ®Şnh giê: 15 giê 16 phót!
[20200207-150618]Thêi gian tr­íc m¾t lµ: 15 giê 6 phót!
[20200207-150618]Thêi gian thùc thi lÇn tíi: 15:16! 1581063378
[20200207-150618]Sè lÇn ®Şnh giê nhiÖm vô: 0 !
[20200207-150618]§Æt nÒn mãng nhiÖm vô ®Şnh giê thµnh c«ng: CollectionTaskStart.lua
[20200207-150618]NhiÖm vô ®Şnh giê 1: CollectionTaskClose.lua, Sè lÇn: 0
[20200207-150618]ThiÕt lËp tªn nhiÖm vô ®Şnh giê: Thi ®Êu thuyÒn rång
[20200207-150618]ThiÕt lËp thêi gian gi¸n c¸ch nhiÖm vô ®Şnh giê: 5400 gi©y mét lÇn!
[20200207-150618]ThiÕt lËp thêi gian nhiÖm vô ®Şnh giê: 15 giê 46 phót!
[20200207-150618]Thêi gian tr­íc m¾t lµ: 15 giê 6 phót!
[20200207-150618]Thêi gian thùc thi lÇn tíi: 15:46! 1581065178
[20200207-150618]Sè lÇn ®Şnh giê nhiÖm vô: 0 !
[20200207-150618]§Æt nÒn mãng nhiÖm vô ®Şnh giê thµnh c«ng: CollectionTaskClose.lua
[20200207-150618]NhiÖm vô ®Şnh giê 2: CallBoss_13.lua, Sè lÇn: 0
[20200207-150618]ThiÕt lËp tªn nhiÖm vô ®Şnh giê: BOSS buæi tr­a
[20200207-150618]ThiÕt lËp thêi gian gi¸n c¸ch nhiÖm vô ®Şnh giê: 86400 gi©y mét lÇn!
[20200207-150618]ThiÕt lËp thêi gian nhiÖm vô ®Şnh giê: 13 giê 0 phót!
[20200207-150618]Thêi gian tr­íc m¾t lµ: 15 giê 6 phót!
[20200207-150618]H«m nay sÏ kh«ng thùc thi: ®· qu¸ thêi gian!
[20200207-150618]Thêi gian thùc thi lÇn tíi: 13:0! 1581141618
[20200207-150618]Sè lÇn ®Şnh giê nhiÖm vô: 0 !
[20200207-150618]§Æt nÒn mãng nhiÖm vô ®Şnh giê thµnh c«ng: CallBoss_13.lua
[20200207-150618]NhiÖm vô ®Şnh giê 3: CallBoss_21.lua, Sè lÇn: 0
[20200207-150618]ThiÕt lËp tªn nhiÖm vô ®Şnh giê: BOSS buæi tr­a
[20200207-150618]ThiÕt lËp thêi gian gi¸n c¸ch nhiÖm vô ®Şnh giê: 86400 gi©y mét lÇn!
[20200207-150618]ThiÕt lËp thêi gian nhiÖm vô ®Şnh giê: 21 giê 0 phót!
[20200207-150618]Thêi gian tr­íc m¾t lµ: 15 giê 6 phót!
[20200207-150618]Thêi gian thùc thi lÇn tíi: 21:0! 1581084018
[20200207-150618]Sè lÇn ®Şnh giê nhiÖm vô: 0 !
[20200207-150618]§Æt nÒn mãng nhiÖm vô ®Şnh giê thµnh c«ng: CallBoss_21.lua
[20200207-150618]NhiÖm vô ®Şnh giê 4: CallBoss_23.lua, Sè lÇn: 0
[20200207-150618]ThiÕt lËp tªn nhiÖm vô ®Şnh giê: BOSS buæi tr­a
[20200207-150618]ThiÕt lËp thêi gian gi¸n c¸ch nhiÖm vô ®Şnh giê: 86400 gi©y mét lÇn!
[20200207-150618]ThiÕt lËp thêi gian nhiÖm vô ®Şnh giê: 23 giê 0 phót!
[20200207-150618]Thêi gian tr­íc m¾t lµ: 15 giê 6 phót!
[20200207-150618]Thêi gian thùc thi lÇn tíi: 23:0! 1581091218
[20200207-150618]Sè lÇn ®Şnh giê nhiÖm vô: 0 !
[20200207-150618]§Æt nÒn mãng nhiÖm vô ®Şnh giê thµnh c«ng: CallBoss_23.lua
[20200207-150618]NhiÖm vô ®Şnh giê 5: random_shop_npc.lua, Sè lÇn: 0
[20200207-150618]ThiÕt lËp tªn nhiÖm vô ®Şnh giê: NPC nhiÖm vô Th­¬ng Héi sÏ thay ®æi c¸c vŞ trİ xuÊt hiÖn
[20200207-150618]ThiÕt lËp thêi gian gi¸n c¸ch nhiÖm vô ®Şnh giê: 1800 gi©y mét lÇn!
[20200207-150618]ThiÕt lËp thêi gian nhiÖm vô ®Şnh giê: 15 giê 16 phót!
[20200207-150618]Thêi gian tr­íc m¾t lµ: 15 giê 6 phót!
[20200207-150618]Thêi gian thùc thi lÇn tíi: 15:16! 1581063378
[20200207-150618]Sè lÇn ®Şnh giê nhiÖm vô: 0 !
[20200207-150618]§Æt nÒn mãng nhiÖm vô ®Şnh giê thµnh c«ng: random_shop_npc.lua
[20200207-150618]NhiÖm vô ®Şnh giê 6: faction_boss_task.lua, Sè lÇn: 0
[20200207-150618]ThiÕt lËp tªn nhiÖm vô ®Şnh giê: NhiÖm vô BOSS m«n ph¸i
[20200207-150618]ThiÕt lËp thêi gian gi¸n c¸ch nhiÖm vô ®Şnh giê: 86400 gi©y mét lÇn!
[20200207-150618]ThiÕt lËp thêi gian nhiÖm vô ®Şnh giê: 21 giê 0 phót!
[20200207-150618]Thêi gian tr­íc m¾t lµ: 15 giê 6 phót!
[20200207-150618]Thêi gian thùc thi lÇn tíi: 21:0! 1581084018
[20200207-150618]Sè lÇn ®Şnh giê nhiÖm vô: 0 !
[20200207-150618]§Æt nÒn mãng nhiÖm vô ®Şnh giê thµnh c«ng: faction_boss_task.lua
[20200207-150618]NhiÖm vô ®Şnh giê 7: gest_convention_rank.lua, Sè lÇn: 0
[20200207-150618]ThiÕt lËp tªn nhiÖm vô ®Şnh giê: XÕp h¹ng t­ c¸ch ®¹i héi tû vâ
[20200207-150618]ThiÕt lËp thêi gian gi¸n c¸ch nhiÖm vô ®Şnh giê: 3600 gi©y mét lÇn!
[20200207-150618]ThiÕt lËp thêi gian nhiÖm vô ®Şnh giê: 23 giê 30 phót!
[20200207-150618]Thêi gian tr­íc m¾t lµ: 15 giê 6 phót!
[20200207-150618]Thêi gian thùc thi lÇn tíi: 23:30! 1581093018
[20200207-150618]Sè lÇn ®Şnh giê nhiÖm vô: 0 !
[20200207-150618]§Æt nÒn mãng nhiÖm vô ®Şnh giê thµnh c«ng: gest_convention_rank.lua
[20200207-150618]NhiÖm vô ®Şnh giê 8: taixu_jwl_liu_crt.lua, Sè lÇn: 0
[20200207-150618]ThiÕt lËp tªn nhiÖm vô ®Şnh giê: Th¨n cÊp nhiÖm vô Trang søc Th¸i H­
[20200207-150618]ThiÕt lËp thêi gian gi¸n c¸ch nhiÖm vô ®Şnh giê: 86400 gi©y mét lÇn!
[20200207-150618]ThiÕt lËp thêi gian nhiÖm vô ®Şnh giê: 21 giê 12 phót!
[20200207-150618]Thêi gian tr­íc m¾t lµ: 15 giê 6 phót!
[20200207-150618]Thêi gian thùc thi lÇn tíi: 21:12! 1581084738
[20200207-150618]Sè lÇn ®Şnh giê nhiÖm vô: 0 !
[20200207-150618]§Æt nÒn mãng nhiÖm vô ®Şnh giê thµnh c«ng: taixu_jwl_liu_crt.lua
[20200207-150618]NhiÖm vô ®Şnh giê 9: WeeklyBackupBR.lua, Sè lÇn: 0
[20200207-150618]ThiÕt lËp tªn nhiÖm vô ®Şnh giê: WeeklyBackupBR
[20200207-150618]ThiÕt lËp thêi gian gi¸n c¸ch nhiÖm vô ®Şnh giê: 3600 gi©y mét lÇn!
[20200207-150618]ThiÕt lËp thêi gian nhiÖm vô ®Şnh giê: 21 giê 1 phót!
[20200207-150618]Thêi gian tr­íc m¾t lµ: 15 giê 6 phót!
[20200207-150618]Thêi gian thùc thi lÇn tíi: 21:1! 1581084078
[20200207-150618]Sè lÇn ®Şnh giê nhiÖm vô: 0 !
[20200207-150618]§Æt nÒn mãng nhiÖm vô ®Şnh giê thµnh c«ng: WeeklyBackupBR.lua
[20200207-150618]NhiÖm vô ®Şnh giê 10: north_west_task.lua, Sè lÇn: 0
[20200207-150618]ThiÕt lËp thêi gian gi¸n c¸ch nhiÖm vô ®Şnh giê: 1800 gi©y mét lÇn!
[20200207-150618]ThiÕt lËp thêi gian nhiÖm vô ®Şnh giê: 15 giê 16 phót!
[20200207-150618]Thêi gian tr­íc m¾t lµ: 15 giê 6 phót!
[20200207-150618]Thêi gian thùc thi lÇn tíi: 15:16! 1581063378
[20200207-150618]Sè lÇn ®Şnh giê nhiÖm vô: 0 !
[20200207-150618]§Æt nÒn mãng nhiÖm vô ®Şnh giê thµnh c«ng: north_west_task.lua
[20200207-150618]NhiÖm vô ®Şnh giê 11: biwudahuiqianzou.lua, Sè lÇn: 0
[20200207-150618]ThiÕt lËp tªn nhiÖm vô ®Şnh giê: GhĞp ®«i tr­íc ®¹i héi tû vâ
[20200207-150618]ThiÕt lËp thêi gian gi¸n c¸ch nhiÖm vô ®Şnh giê: 60 gi©y mét lÇn!
[20200207-150618]ThiÕt lËp thêi gian nhiÖm vô ®Şnh giê: 15 giê 7 phót!
[20200207-150618]Thêi gian tr­íc m¾t lµ: 15 giê 6 phót!
[20200207-150618]Thêi gian thùc thi lÇn tíi: 15:7! 1581062838
[20200207-150618]Sè lÇn ®Şnh giê nhiÖm vô: 0 !
[20200207-150618]§Æt nÒn mãng nhiÖm vô ®Şnh giê thµnh c«ng: biwudahuiqianzou.lua
[20200207-150618]NhiÖm vô ®Şnh giê 12: daliytask.lua, Sè lÇn: 0
[20200207-150618]ThiÕt lËp tªn nhiÖm vô ®Şnh giê: nhiÖm vô th­êng nhËt c¸ nh©nnhiÖm vô th­êng nhËt tæ ®éi
[20200207-150618]ThiÕt lËp thêi gian gi¸n c¸ch nhiÖm vô ®Şnh giê: 86400 gi©y mét lÇn!
[20200207-150618]ThiÕt lËp thêi gian nhiÖm vô ®Şnh giê: 0 giê 0 phót!
[20200207-150618]Thêi gian tr­íc m¾t lµ: 15 giê 6 phót!
[20200207-150618]H«m nay sÏ kh«ng thùc thi: ®· qu¸ thêi gian!
[20200207-150618]Thêi gian thùc thi lÇn tíi: 0:0! 1581094818
[20200207-150618]Sè lÇn ®Şnh giê nhiÖm vô: 0 !
[20200207-150618]§Æt nÒn mãng nhiÖm vô ®Şnh giê thµnh c«ng: daliytask.lua
[20200207-150618]NhiÖm vô ®Şnh giê 13: silingding_11.lua, Sè lÇn: 0
[20200207-150618]ThiÕt lËp thêi gian gi¸n c¸ch nhiÖm vô ®Şnh giê: 86400 gi©y mét lÇn!
[20200207-150618]ThiÕt lËp thêi gian nhiÖm vô ®Şnh giê: 11 giê 0 phót!
[20200207-150618]Thêi gian tr­íc m¾t lµ: 15 giê 6 phót!
[20200207-150618]H«m nay sÏ kh«ng thùc thi: ®· qu¸ thêi gian!
[20200207-150618]Thêi gian thùc thi lÇn tíi: 11:0! 1581134418
[20200207-150618]Sè lÇn ®Şnh giê nhiÖm vô: 0 !
[20200207-150618]§Æt nÒn mãng nhiÖm vô ®Şnh giê thµnh c«ng: silingding_11.lua
[20200207-150618]NhiÖm vô ®Şnh giê 14: silingding_18.lua, Sè lÇn: 0
[20200207-150618]ThiÕt lËp thêi gian gi¸n c¸ch nhiÖm vô ®Şnh giê: 86400 gi©y mét lÇn!
[20200207-150618]ThiÕt lËp thêi gian nhiÖm vô ®Şnh giê: 18 giê 0 phót!
[20200207-150618]Thêi gian tr­íc m¾t lµ: 15 giê 6 phót!
[20200207-150618]Thêi gian thùc thi lÇn tíi: 18:0! 1581073218
[20200207-150618]Sè lÇn ®Şnh giê nhiÖm vô: 0 !
[20200207-150618]§Æt nÒn mãng nhiÖm vô ®Şnh giê thµnh c«ng: silingding_18.lua
[20200207-150618]NhiÖm vô ®Şnh giê 15: silingding_23.lua, Sè lÇn: 0
[20200207-150618]ThiÕt lËp thêi gian gi¸n c¸ch nhiÖm vô ®Şnh giê: 86400 gi©y mét lÇn!
[20200207-150618]ThiÕt lËp thêi gian nhiÖm vô ®Şnh giê: 23 giê 0 phót!
[20200207-150618]Thêi gian tr­íc m¾t lµ: 15 giê 6 phót!
[20200207-150618]Thêi gian thùc thi lÇn tíi: 23:0! 1581091218
[20200207-150618]Sè lÇn ®Şnh giê nhiÖm vô: 0 !
[20200207-150618]§Æt nÒn mãng nhiÖm vô ®Şnh giê thµnh c«ng: silingding_23.lua
[20200207-150618]NhiÖm vô ®Şnh giê 16: EventBoss_201103.lua, Sè lÇn: 0
[20200207-150618]ThiÕt lËp tªn nhiÖm vô ®Şnh giê: Boss Giæ tæ Hïng V­¬ng
[20200207-150618]ThiÕt lËp thêi gian gi¸n c¸ch nhiÖm vô ®Şnh giê: 3600 gi©y mét lÇn!
[20200207-150618]ThiÕt lËp thêi gian nhiÖm vô ®Şnh giê: 16 giê 0 phót!
[20200207-150618]Thêi gian tr­íc m¾t lµ: 15 giê 6 phót!
[20200207-150618]Thêi gian thùc thi lÇn tíi: 16:0! 1581066018
[20200207-150618]Sè lÇn ®Şnh giê nhiÖm vô: 0 !
[20200207-150618]§Æt nÒn mãng nhiÖm vô ®Şnh giê thµnh c«ng: EventBoss_201103.lua
[20200207-150618]NhiÖm vô ®Şnh giê 17: lsb_callboss1.lua, Sè lÇn: 0
[20200207-150618]ThiÕt lËp tªn nhiÖm vô ®Şnh giê: Boss L­¬ng S¬n Hoµng Kim
[20200207-150618]ThiÕt lËp thêi gian gi¸n c¸ch nhiÖm vô ®Şnh giê: 86400 gi©y mét lÇn!
[20200207-150618]ThiÕt lËp thêi gian nhiÖm vô ®Şnh giê: 12 giê 30 phót!
[20200207-150618]Thêi gian tr­íc m¾t lµ: 15 giê 6 phót!
[20200207-150618]H«m nay sÏ kh«ng thùc thi: ®· qu¸ thêi gian!
[20200207-150618]Thêi gian thùc thi lÇn tíi: 12:30! 1581139818
[20200207-150618]Sè lÇn ®Şnh giê nhiÖm vô: 0 !
[20200207-150618]§Æt nÒn mãng nhiÖm vô ®Şnh giê thµnh c«ng: lsb_callboss1.lua
[20200207-150618]NhiÖm vô ®Şnh giê 18: lsb_callboss2.lua, Sè lÇn: 0
[20200207-150618]ThiÕt lËp tªn nhiÖm vô ®Şnh giê: Boss L­¬ng S¬n Hoµng Kim
[20200207-150618]ThiÕt lËp thêi gian gi¸n c¸ch nhiÖm vô ®Şnh giê: 86400 gi©y mét lÇn!
[20200207-150618]ThiÕt lËp thêi gian nhiÖm vô ®Şnh giê: 15 giê 30 phót!
[20200207-150618]Thêi gian tr­íc m¾t lµ: 15 giê 6 phót!
[20200207-150618]Thêi gian thùc thi lÇn tíi: 15:30! 1581064218
[20200207-150618]Sè lÇn ®Şnh giê nhiÖm vô: 0 !
[20200207-150618]§Æt nÒn mãng nhiÖm vô ®Şnh giê thµnh c«ng: lsb_callboss2.lua
[20200207-150618]NhiÖm vô ®Şnh giê 19: lsb_callboss3.lua, Sè lÇn: 0
[20200207-150618]ThiÕt lËp tªn nhiÖm vô ®Şnh giê: Boss L­¬ng S¬n Hoµng Kim
[20200207-150618]ThiÕt lËp thêi gian gi¸n c¸ch nhiÖm vô ®Şnh giê: 86400 gi©y mét lÇn!
[20200207-150618]ThiÕt lËp thêi gian nhiÖm vô ®Şnh giê: 19 giê 30 phót!
[20200207-150618]Thêi gian tr­íc m¾t lµ: 15 giê 6 phót!
[20200207-150618]Thêi gian thùc thi lÇn tíi: 19:30! 1581078618
[20200207-150618]Sè lÇn ®Şnh giê nhiÖm vô: 0 !
[20200207-150618]§Æt nÒn mãng nhiÖm vô ®Şnh giê thµnh c«ng: lsb_callboss3.lua
[20200207-150618]NhiÖm vô ®Şnh giê 20: lsb_callboss4.lua, Sè lÇn: 0
[20200207-150618]ThiÕt lËp tªn nhiÖm vô ®Şnh giê: Boss L­¬ng S¬n Hoµng Kim
[20200207-150618]ThiÕt lËp thêi gian gi¸n c¸ch nhiÖm vô ®Şnh giê: 86400 gi©y mét lÇn!
[20200207-150618]ThiÕt lËp thêi gian nhiÖm vô ®Şnh giê: 22 giê 30 phót!
[20200207-150618]Thêi gian tr­íc m¾t lµ: 15 giê 6 phót!
[20200207-150618]Thêi gian thùc thi lÇn tíi: 22:30! 1581089418
[20200207-150618]Sè lÇn ®Şnh giê nhiÖm vô: 0 !
[20200207-150618]§Æt nÒn mãng nhiÖm vô ®Şnh giê thµnh c«ng: lsb_callboss4.lua
[20200207-150618]NhiÖm vô ®Şnh giê 21: oly_generate_lucknum.lua, Sè lÇn: 0
[20200207-150618]ThiÕt lËp tªn nhiÖm vô ®Şnh giê: ThiÕt lËp ch÷ sè may m¾n ho¹t ®éng Olympic
[20200207-150618]ThiÕt lËp thêi gian gi¸n c¸ch nhiÖm vô ®Şnh giê: 86400 gi©y mét lÇn!
[20200207-150618]ThiÕt lËp thêi gian nhiÖm vô ®Şnh giê: 20 giê 58 phót!
[20200207-150618]Thêi gian tr­íc m¾t lµ: 15 giê 6 phót!
[20200207-150618]Thêi gian thùc thi lÇn tíi: 20:58! 1581083898
[20200207-150618]Sè lÇn ®Şnh giê nhiÖm vô: 0 !
[20200207-150618]§Æt nÒn mãng nhiÖm vô ®Şnh giê thµnh c«ng: oly_generate_lucknum.lua
[20200207-150618]NhiÖm vô ®Şnh giê 22: oly_clean_data.lua, Sè lÇn: 0
[20200207-150618]ThiÕt lËp tªn nhiÖm vô ®Şnh giê: CËp nhËt d÷ liÖu ho¹t ®éng Olympic
[20200207-150618]ThiÕt lËp thêi gian gi¸n c¸ch nhiÖm vô ®Şnh giê: 86400 gi©y mét lÇn!
[20200207-150618]ThiÕt lËp thêi gian nhiÖm vô ®Şnh giê: 23 giê 58 phót!
[20200207-150618]Thêi gian tr­íc m¾t lµ: 15 giê 6 phót!
[20200207-150618]Thêi gian thùc thi lÇn tíi: 23:58! 1581094698
[20200207-150618]Sè lÇn ®Şnh giê nhiÖm vô: 0 !
[20200207-150618]§Æt nÒn mãng nhiÖm vô ®Şnh giê thµnh c«ng: oly_clean_data.lua
[20200207-150618]NhiÖm vô ®Şnh giê 23: qht_timer_clean.lua, Sè lÇn: 0
[20200207-150618]ThiÕt lËp tªn nhiÖm vô ®Şnh giê: ThiÕt lËp thêi gian Thiªn TÇm Th¸p
[20200207-150618]ThiÕt lËp thêi gian gi¸n c¸ch nhiÖm vô ®Şnh giê: 86400 gi©y mét lÇn!
[20200207-150618]ThiÕt lËp thêi gian nhiÖm vô ®Şnh giê: 0 giê 30 phót!
[20200207-150618]Thêi gian tr­íc m¾t lµ: 15 giê 6 phót!
[20200207-150618]H«m nay sÏ kh«ng thùc thi: ®· qu¸ thêi gian!
[20200207-150618]Thêi gian thùc thi lÇn tíi: 0:30! 1581096618
[20200207-150618]Sè lÇn ®Şnh giê nhiÖm vô: 0 !
[20200207-150618]§Æt nÒn mãng nhiÖm vô ®Şnh giê thµnh c«ng: qht_timer_clean.lua
[20200207-150618]NhiÖm vô ®Şnh giê 24: dzt_create_boss.lua, Sè lÇn: 0
[20200207-150618]ThiÕt lËp tªn nhiÖm vô ®Şnh giê: §¹i t¸c chiÕn truy t×m l¹i ch÷ viÕt
[20200207-150618]ThiÕt lËp thêi gian gi¸n c¸ch nhiÖm vô ®Şnh giê: 3600 gi©y mét lÇn!
[20200207-150618]ThiÕt lËp thêi gian nhiÖm vô ®Şnh giê: 10 giê 0 phót!
[20200207-150618]Thêi gian tr­íc m¾t lµ: 15 giê 6 phót!
[20200207-150618]H«m nay sÏ kh«ng thùc thi: ®· qu¸ thêi gian!
[20200207-150618]Thêi gian thùc thi lÇn tíi: 10:0! 1581130818
[20200207-150618]Sè lÇn ®Şnh giê nhiÖm vô: 0 !
[20200207-150618]§Æt nÒn mãng nhiÖm vô ®Şnh giê thµnh c«ng: dzt_create_boss.lua
[20200207-150618]NhiÖm vô ®Şnh giê 25: dzt_close.lua, Sè lÇn: 0
[20200207-150618]ThiÕt lËp tªn nhiÖm vô ®Şnh giê: §¹i t¸c chiÕn truy t×m l¹i ch÷ viÕt
[20200207-150618]ThiÕt lËp thêi gian gi¸n c¸ch nhiÖm vô ®Şnh giê: 3600 gi©y mét lÇn!
[20200207-150618]ThiÕt lËp thêi gian nhiÖm vô ®Şnh giê: 10 giê 30 phót!
[20200207-150618]Thêi gian tr­íc m¾t lµ: 15 giê 6 phót!
[20200207-150618]H«m nay sÏ kh«ng thùc thi: ®· qu¸ thêi gian!
[20200207-150618]Thêi gian thùc thi lÇn tíi: 10:30! 1581132618
[20200207-150618]Sè lÇn ®Şnh giê nhiÖm vô: 0 !
[20200207-150618]§Æt nÒn mãng nhiÖm vô ®Şnh giê thµnh c«ng: dzt_close.lua
[20200207-150618]NhiÖm vô ®Şnh giê 26: cc_call_boss1.lua, Sè lÇn: 0
[20200207-150618]ThiÕt lËp tªn nhiÖm vô ®Şnh giê: Lµm míi ThÎ Tù BOSS 
[20200207-150618]ThiÕt lËp thêi gian gi¸n c¸ch nhiÖm vô ®Şnh giê: 86400 gi©y mét lÇn!
[20200207-150618]ThiÕt lËp thêi gian nhiÖm vô ®Şnh giê: 8 giê 30 phót!
[20200207-150618]Thêi gian tr­íc m¾t lµ: 15 giê 6 phót!
[20200207-150618]H«m nay sÏ kh«ng thùc thi: ®· qu¸ thêi gian!
[20200207-150618]Thêi gian thùc thi lÇn tíi: 8:30! 1581125418
[20200207-150618]Sè lÇn ®Şnh giê nhiÖm vô: 0 !
[20200207-150618]§Æt nÒn mãng nhiÖm vô ®Şnh giê thµnh c«ng: cc_call_boss1.lua
[20200207-150618]NhiÖm vô ®Şnh giê 27: cc_call_boss2.lua, Sè lÇn: 0
[20200207-150618]ThiÕt lËp tªn nhiÖm vô ®Şnh giê: Lµm míi ThÎ Tù BOSS 
[20200207-150618]ThiÕt lËp thêi gian gi¸n c¸ch nhiÖm vô ®Şnh giê: 86400 gi©y mét lÇn!
[20200207-150618]ThiÕt lËp thêi gian nhiÖm vô ®Şnh giê: 12 giê 30 phót!
[20200207-150618]Thêi gian tr­íc m¾t lµ: 15 giê 6 phót!
[20200207-150618]H«m nay sÏ kh«ng thùc thi: ®· qu¸ thêi gian!
[20200207-150618]Thêi gian thùc thi lÇn tíi: 12:30! 1581139818
[20200207-150618]Sè lÇn ®Şnh giê nhiÖm vô: 0 !
[20200207-150618]§Æt nÒn mãng nhiÖm vô ®Şnh giê thµnh c«ng: cc_call_boss2.lua
[20200207-150618]NhiÖm vô ®Şnh giê 28: cc_call_boss3.lua, Sè lÇn: 0
[20200207-150618]ThiÕt lËp tªn nhiÖm vô ®Şnh giê: Lµm míi ThÎ Tù BOSS 
[20200207-150618]ThiÕt lËp thêi gian gi¸n c¸ch nhiÖm vô ®Şnh giê: 86400 gi©y mét lÇn!
[20200207-150618]ThiÕt lËp thêi gian nhiÖm vô ®Şnh giê: 17 giê 30 phót!
[20200207-150618]Thêi gian tr­íc m¾t lµ: 15 giê 6 phót!
[20200207-150618]Thêi gian thùc thi lÇn tíi: 17:30! 1581071418
[20200207-150618]Sè lÇn ®Şnh giê nhiÖm vô: 0 !
[20200207-150618]§Æt nÒn mãng nhiÖm vô ®Şnh giê thµnh c«ng: cc_call_boss3.lua
[20200207-150618]NhiÖm vô ®Şnh giê 29: cc_call_boss4.lua, Sè lÇn: 0
[20200207-150618]ThiÕt lËp tªn nhiÖm vô ®Şnh giê: Lµm míi ThÎ Tù BOSS 
[20200207-150618]ThiÕt lËp thêi gian gi¸n c¸ch nhiÖm vô ®Şnh giê: 86400 gi©y mét lÇn!
[20200207-150618]ThiÕt lËp thêi gian nhiÖm vô ®Şnh giê: 22 giê 30 phót!
[20200207-150618]Thêi gian tr­íc m¾t lµ: 15 giê 6 phót!
[20200207-150618]Thêi gian thùc thi lÇn tíi: 22:30! 1581089418
[20200207-150618]Sè lÇn ®Şnh giê nhiÖm vô: 0 !
[20200207-150618]§Æt nÒn mãng nhiÖm vô ®Şnh giê thµnh c«ng: cc_call_boss4.lua
[20200207-150618]NhiÖm vô ®Şnh giê 30: qht_create_gold_boss1.lua, Sè lÇn: 0
[20200207-150618]ThiÕt lËp tªn nhiÖm vô ®Şnh giê: Thiªn TÇm Th¸p Hoµng Kim BOSS xuÊt hiÖn!
[20200207-150618]ThiÕt lËp thêi gian gi¸n c¸ch nhiÖm vô ®Şnh giê: 86400 gi©y mét lÇn!
[20200207-150618]ThiÕt lËp thêi gian nhiÖm vô ®Şnh giê: 12 giê 30 phót!
[20200207-150618]Thêi gian tr­íc m¾t lµ: 15 giê 6 phót!
[20200207-150618]H«m nay sÏ kh«ng thùc thi: ®· qu¸ thêi gian!
[20200207-150618]Thêi gian thùc thi lÇn tíi: 12:30! 1581139818
[20200207-150618]Sè lÇn ®Şnh giê nhiÖm vô: 0 !
[20200207-150618]§Æt nÒn mãng nhiÖm vô ®Şnh giê thµnh c«ng: qht_create_gold_boss1.lua
[20200207-150618]NhiÖm vô ®Şnh giê 31: qht_create_gold_boss2.lua, Sè lÇn: 0
[20200207-150618]ThiÕt lËp tªn nhiÖm vô ®Şnh giê: Thiªn TÇm Th¸p Hoµng Kim BOSS xuÊt hiÖn!
[20200207-150618]ThiÕt lËp thêi gian gi¸n c¸ch nhiÖm vô ®Şnh giê: 86400 gi©y mét lÇn!
[20200207-150618]ThiÕt lËp thêi gian nhiÖm vô ®Şnh giê: 22 giê 0 phót!
[20200207-150618]Thêi gian tr­íc m¾t lµ: 15 giê 6 phót!
[20200207-150618]Thêi gian thùc thi lÇn tíi: 22:0! 1581087618
[20200207-150618]Sè lÇn ®Şnh giê nhiÖm vô: 0 !
[20200207-150618]§Æt nÒn mãng nhiÖm vô ®Şnh giê thµnh c«ng: qht_create_gold_boss2.lua
[20200207-150618]NhiÖm vô ®Şnh giê 32: sp2014_createnpc_1.lua, Sè lÇn: 0
[20200207-150618]ThiÕt lËp tªn nhiÖm vô ®Şnh giê: Niªn Thó 2014
[20200207-150618]ThiÕt lËp thêi gian gi¸n c¸ch nhiÖm vô ®Şnh giê: 86400 gi©y mét lÇn!
[20200207-150618]ThiÕt lËp thêi gian nhiÖm vô ®Şnh giê: 12 giê 0 phót!
[20200207-150618]Thêi gian tr­íc m¾t lµ: 15 giê 6 phót!
[20200207-150618]H«m nay sÏ kh«ng thùc thi: ®· qu¸ thêi gian!
[20200207-150618]Thêi gian thùc thi lÇn tíi: 12:0! 1581138018
[20200207-150618]Sè lÇn ®Şnh giê nhiÖm vô: 0 !
[20200207-150618]§Æt nÒn mãng nhiÖm vô ®Şnh giê thµnh c«ng: sp2014_createnpc_1.lua
[20200207-150618]NhiÖm vô ®Şnh giê 33: sp2014_createnpc_2.lua, Sè lÇn: 0
[20200207-150618]ThiÕt lËp tªn nhiÖm vô ®Şnh giê: Niªn Thó 2014
[20200207-150618]ThiÕt lËp thêi gian gi¸n c¸ch nhiÖm vô ®Şnh giê: 86400 gi©y mét lÇn!
[20200207-150618]ThiÕt lËp thêi gian nhiÖm vô ®Şnh giê: 21 giê 0 phót!
[20200207-150618]Thêi gian tr­íc m¾t lµ: 15 giê 6 phót!
[20200207-150618]Thêi gian thùc thi lÇn tíi: 21:0! 1581084018
[20200207-150618]Sè lÇn ®Şnh giê nhiÖm vô: 0 !
[20200207-150618]§Æt nÒn mãng nhiÖm vô ®Şnh giê thµnh c«ng: sp2014_createnpc_2.lua
[20200207-150618]NhiÖm vô ®Şnh giê 34: clear_gest_jiaoyi.lua, Sè lÇn: 0
[20200207-150618]ThiÕt lËp tªn nhiÖm vô ®Şnh giê: Xãa bá h¹ng tû vâ
[20200207-150618]ThiÕt lËp thêi gian gi¸n c¸ch nhiÖm vô ®Şnh giê: 3600 gi©y mét lÇn!
[20200207-150618]ThiÕt lËp thêi gian nhiÖm vô ®Şnh giê: 15 giê 6 phót!
[20200207-150618]Thêi gian tr­íc m¾t lµ: 15 giê 6 phót!
[20200207-150618]Thêi gian thùc thi lÇn tíi: 15:6! 1581062778
[20200207-150618]Sè lÇn ®Şnh giê nhiÖm vô: 0 !
[20200207-150618]§Æt nÒn mãng nhiÖm vô ®Şnh giê thµnh c«ng: clear_gest_jiaoyi.lua
[20200207-150618]NhiÖm vô ®Şnh giê 35: world_boss.lua, Sè lÇn: 0
[20200207-150618]ThiÕt lËp tªn nhiÖm vô ®Şnh giê: T¹o míi BOSS ThÕ Giíi
[20200207-150618]ThiÕt lËp thêi gian gi¸n c¸ch nhiÖm vô ®Şnh giê: 86400 gi©y mét lÇn!
[20200207-150618]ThiÕt lËp thêi gian nhiÖm vô ®Şnh giê: 14 giê 30 phót!
[20200207-150618]Thêi gian tr­íc m¾t lµ: 15 giê 6 phót!
[20200207-150618]H«m nay sÏ kh«ng thùc thi: ®· qu¸ thêi gian!
[20200207-150618]Thêi gian thùc thi lÇn tíi: 14:30! 1581147018
[20200207-150618]Sè lÇn ®Şnh giê nhiÖm vô: 0 !
[20200207-150618]§Æt nÒn mãng nhiÖm vô ®Şnh giê thµnh c«ng: world_boss.lua
[20200207-150618]NhiÖm vô ®Şnh giê 36: world_boss1.lua, Sè lÇn: 0
[20200207-150618]ThiÕt lËp tªn nhiÖm vô ®Şnh giê: T¹o míi BOSS ThÕ Giíi
[20200207-150618]ThiÕt lËp thêi gian gi¸n c¸ch nhiÖm vô ®Şnh giê: 86400 gi©y mét lÇn!
[20200207-150618]ThiÕt lËp thêi gian nhiÖm vô ®Şnh giê: 20 giê 0 phót!
[20200207-150618]Thêi gian tr­íc m¾t lµ: 15 giê 6 phót!
[20200207-150618]Thêi gian thùc thi lÇn tíi: 20:0! 1581080418
[20200207-150618]Sè lÇn ®Şnh giê nhiÖm vô: 0 !
[20200207-150618]§Æt nÒn mãng nhiÖm vô ®Şnh giê thµnh c«ng: world_boss1.lua
[20200207-150618]NhiÖm vô ®Şnh giê 37: hua_deng1.lua, Sè lÇn: 0
[20200207-150618]ThiÕt lËp tªn nhiÖm vô ®Şnh giê: §Ìn Hoa §¨ng
[20200207-150618]ThiÕt lËp thêi gian gi¸n c¸ch nhiÖm vô ®Şnh giê: 86400 gi©y mét lÇn!
[20200207-150618]ThiÕt lËp thêi gian nhiÖm vô ®Şnh giê: 10 giê 0 phót!
[20200207-150618]Thêi gian tr­íc m¾t lµ: 15 giê 6 phót!
[20200207-150618]H«m nay sÏ kh«ng thùc thi: ®· qu¸ thêi gian!
[20200207-150618]Thêi gian thùc thi lÇn tíi: 10:0! 1581130818
[20200207-150618]Sè lÇn ®Şnh giê nhiÖm vô: 0 !
[20200207-150618]§Æt nÒn mãng nhiÖm vô ®Şnh giê thµnh c«ng: hua_deng1.lua
[20200207-150618]NhiÖm vô ®Şnh giê 38: hua_deng2.lua, Sè lÇn: 0
[20200207-150618]ThiÕt lËp tªn nhiÖm vô ®Şnh giê: §Ìn Hoa §¨ng
[20200207-150618]ThiÕt lËp thêi gian gi¸n c¸ch nhiÖm vô ®Şnh giê: 86400 gi©y mét lÇn!
[20200207-150618]ThiÕt lËp thêi gian nhiÖm vô ®Şnh giê: 11 giê 0 phót!
[20200207-150618]Thêi gian tr­íc m¾t lµ: 15 giê 6 phót!
[20200207-150618]H«m nay sÏ kh«ng thùc thi: ®· qu¸ thêi gian!
[20200207-150618]Thêi gian thùc thi lÇn tíi: 11:0! 1581134418
[20200207-150618]Sè lÇn ®Şnh giê nhiÖm vô: 0 !
[20200207-150618]§Æt nÒn mãng nhiÖm vô ®Şnh giê thµnh c«ng: hua_deng2.lua
[20200207-150618]NhiÖm vô ®Şnh giê 39: hua_deng3.lua, Sè lÇn: 0
[20200207-150618]ThiÕt lËp tªn nhiÖm vô ®Şnh giê: §Ìn Hoa §¨ng
[20200207-150618]ThiÕt lËp thêi gian gi¸n c¸ch nhiÖm vô ®Şnh giê: 86400 gi©y mét lÇn!
[20200207-150618]ThiÕt lËp thêi gian nhiÖm vô ®Şnh giê: 16 giê 0 phót!
[20200207-150618]Thêi gian tr­íc m¾t lµ: 15 giê 6 phót!
[20200207-150618]Thêi gian thùc thi lÇn tíi: 16:0! 1581066018
[20200207-150618]Sè lÇn ®Şnh giê nhiÖm vô: 0 !
[20200207-150618]§Æt nÒn mãng nhiÖm vô ®Şnh giê thµnh c«ng: hua_deng3.lua
[20200207-150618]NhiÖm vô ®Şnh giê 40: hua_deng4.lua, Sè lÇn: 0
[20200207-150618]ThiÕt lËp tªn nhiÖm vô ®Şnh giê: §Ìn Hoa §¨ng
[20200207-150618]ThiÕt lËp thêi gian gi¸n c¸ch nhiÖm vô ®Şnh giê: 86400 gi©y mét lÇn!
[20200207-150618]ThiÕt lËp thêi gian nhiÖm vô ®Şnh giê: 17 giê 0 phót!
[20200207-150618]Thêi gian tr­íc m¾t lµ: 15 giê 6 phót!
[20200207-150618]Thêi gian thùc thi lÇn tíi: 17:0! 1581069618
[20200207-150618]Sè lÇn ®Şnh giê nhiÖm vô: 0 !
[20200207-150618]§Æt nÒn mãng nhiÖm vô ®Şnh giê thµnh c«ng: hua_deng4.lua
[20200207-150618]NhiÖm vô ®Şnh giê 41: hua_deng5.lua, Sè lÇn: 0
[20200207-150618]ThiÕt lËp tªn nhiÖm vô ®Şnh giê: §Ìn Hoa §¨ng
[20200207-150618]ThiÕt lËp thêi gian gi¸n c¸ch nhiÖm vô ®Şnh giê: 86400 gi©y mét lÇn!
[20200207-150618]ThiÕt lËp thêi gian nhiÖm vô ®Şnh giê: 21 giê 0 phót!
[20200207-150618]Thêi gian tr­íc m¾t lµ: 15 giê 6 phót!
[20200207-150618]Thêi gian thùc thi lÇn tíi: 21:0! 1581084018
[20200207-150618]Sè lÇn ®Şnh giê nhiÖm vô: 0 !
[20200207-150618]§Æt nÒn mãng nhiÖm vô ®Şnh giê thµnh c«ng: hua_deng5.lua
[20200207-150618]NhiÖm vô ®Şnh giê 42: hua_deng6.lua, Sè lÇn: 0
[20200207-150618]ThiÕt lËp tªn nhiÖm vô ®Şnh giê: §Ìn Hoa §¨ng
[20200207-150618]ThiÕt lËp thêi gian gi¸n c¸ch nhiÖm vô ®Şnh giê: 86400 gi©y mét lÇn!
[20200207-150618]ThiÕt lËp thêi gian nhiÖm vô ®Şnh giê: 22 giê 0 phót!
[20200207-150618]Thêi gian tr­íc m¾t lµ: 15 giê 6 phót!
[20200207-150618]Thêi gian thùc thi lÇn tíi: 22:0! 1581087618
[20200207-150618]Sè lÇn ®Şnh giê nhiÖm vô: 0 !
[20200207-150618]§Æt nÒn mãng nhiÖm vô ®Şnh giê thµnh c«ng: hua_deng6.lua
[20200207-150618]NhiÖm vô ®Şnh giê 43: ibc_boss1.lua, Sè lÇn: 0
[20200207-150618]ThiÕt lËp thêi gian gi¸n c¸ch nhiÖm vô ®Şnh giê: 86400 gi©y mét lÇn!
[20200207-150618]ThiÕt lËp thêi gian nhiÖm vô ®Şnh giê: 13 giê 0 phót!
[20200207-150618]Thêi gian tr­íc m¾t lµ: 15 giê 6 phót!
[20200207-150618]H«m nay sÏ kh«ng thùc thi: ®· qu¸ thêi gian!
[20200207-150618]Thêi gian thùc thi lÇn tíi: 13:0! 1581141618
[20200207-150618]Sè lÇn ®Şnh giê nhiÖm vô: 0 !
[20200207-150618]§Æt nÒn mãng nhiÖm vô ®Şnh giê thµnh c«ng: ibc_boss1.lua
[20200207-150618]NhiÖm vô ®Şnh giê 44: ibc_boss2.lua, Sè lÇn: 0
[20200207-150618]ThiÕt lËp thêi gian gi¸n c¸ch nhiÖm vô ®Şnh giê: 86400 gi©y mét lÇn!
[20200207-150618]ThiÕt lËp thêi gian nhiÖm vô ®Şnh giê: 19 giê 0 phót!
[20200207-150618]Thêi gian tr­íc m¾t lµ: 15 giê 6 phót!
[20200207-150618]Thêi gian thùc thi lÇn tíi: 19:0! 1581076818
[20200207-150618]Sè lÇn ®Şnh giê nhiÖm vô: 0 !
[20200207-150618]§Æt nÒn mãng nhiÖm vô ®Şnh giê thµnh c«ng: ibc_boss2.lua
[20200207-150618]NhiÖm vô ®Şnh giê 45: ibc_boss3.lua, Sè lÇn: 0
[20200207-150618]ThiÕt lËp thêi gian gi¸n c¸ch nhiÖm vô ®Şnh giê: 86400 gi©y mét lÇn!
[20200207-150618]ThiÕt lËp thêi gian nhiÖm vô ®Şnh giê: 22 giê 0 phót!
[20200207-150618]Thêi gian tr­íc m¾t lµ: 15 giê 6 phót!
[20200207-150618]Thêi gian thùc thi lÇn tíi: 22:0! 1581087618
[20200207-150618]Sè lÇn ®Şnh giê nhiÖm vô: 0 !
[20200207-150618]§Æt nÒn mãng nhiÖm vô ®Şnh giê thµnh c«ng: ibc_boss3.lua
[20200207-150619]Thùc thi NhiÖm vô ®Şnh giê: clear_gest_jiaoyi.lua
[20200207-150619]Thêi gian thùc thi lÇn sau: 1581087618!
[20200207-150718]Thùc thi NhiÖm vô ®Şnh giê: biwudahuiqianzou.lua
[20200207-150718]Thêi gian thùc thi lÇn sau: 1581087618!
[20200207-150818]Thùc thi NhiÖm vô ®Şnh giê: biwudahuiqianzou.lua
[20200207-150818]Thêi gian thùc thi lÇn sau: 1581087618!
[20200207-150918]Thùc thi NhiÖm vô ®Şnh giê: biwudahuiqianzou.lua
[20200207-150918]Thêi gian thùc thi lÇn sau: 1581087618!
[20200207-151018]Thùc thi NhiÖm vô ®Şnh giê: biwudahuiqianzou.lua
[20200207-151018]Thêi gian thùc thi lÇn sau: 1581087618!
[20200207-151118]Thùc thi NhiÖm vô ®Şnh giê: biwudahuiqianzou.lua
[20200207-151118]Thêi gian thùc thi lÇn sau: 1581087618!
[20200207-151218]Thùc thi NhiÖm vô ®Şnh giê: biwudahuiqianzou.lua
[20200207-151218]Thêi gian thùc thi lÇn sau: 1581087618!
[20200207-151318]Thùc thi NhiÖm vô ®Şnh giê: biwudahuiqianzou.lua
[20200207-151318]Thêi gian thùc thi lÇn sau: 1581087618!
[20200207-151418]Thùc thi NhiÖm vô ®Şnh giê: biwudahuiqianzou.lua
[20200207-151418]Thêi gian thùc thi lÇn sau: 1581087618!
[20200207-151518]Thùc thi NhiÖm vô ®Şnh giê: biwudahuiqianzou.lua
[20200207-151518]Thêi gian thùc thi lÇn sau: 1581087618!
[20200207-151618]Thùc thi NhiÖm vô ®Şnh giê: CollectionTaskStart.lua
[20200207-151618]Thêi gian thùc thi lÇn sau: 1581087618!
[20200207-151618]Thùc thi NhiÖm vô ®Şnh giê: random_shop_npc.lua
[20200207-151618]Thêi gian thùc thi lÇn sau: 1581087618!
[20200207-151618]Thùc thi NhiÖm vô ®Şnh giê: north_west_task.lua
[20200207-151618]Thêi gian thùc thi lÇn sau: 1581087618!
[20200207-151618]Thùc thi NhiÖm vô ®Şnh giê: biwudahuiqianzou.lua
[20200207-151618]Thêi gian thùc thi lÇn sau: 1581087618!
[20200207-151718]Thùc thi NhiÖm vô ®Şnh giê: biwudahuiqianzou.lua
[20200207-151718]Thêi gian thùc thi lÇn sau: 1581087618!
[20200207-151818]Thùc thi NhiÖm vô ®Şnh giê: biwudahuiqianzou.lua
[20200207-151818]Thêi gian thùc thi lÇn sau: 1581087618!
[20200207-151918]Thùc thi NhiÖm vô ®Şnh giê: biwudahuiqianzou.lua
[20200207-151918]Thêi gian thùc thi lÇn sau: 1581087618!
[20200207-152018]Thùc thi NhiÖm vô ®Şnh giê: biwudahuiqianzou.lua
[20200207-152018]Thêi gian thùc thi lÇn sau: 1581087618!
[20200207-152118]Thùc thi NhiÖm vô ®Şnh giê: biwudahuiqianzou.lua
[20200207-152118]Thêi gian thùc thi lÇn sau: 1581087618!
[20200207-232353]Thùc thi NhiÖm vô ®Şnh giê: CollectionTaskStart.lua
[20200207-232353]Thêi gian thùc thi lÇn sau: 1581087618!
[20200207-232353]Thùc thi NhiÖm vô ®Şnh giê: CollectionTaskClose.lua
[20200207-232353]Thêi gian thùc thi lÇn sau: 1581087618!
[20200207-232353]Thùc thi NhiÖm vô ®Şnh giê: CallBoss_21.lua
[20200207-232353]Thêi gian thùc thi lÇn sau: 1581087618!
[20200207-232353]Thùc thi NhiÖm vô ®Şnh giê: CallBoss_23.lua
[20200207-232353]Thêi gian thùc thi lÇn sau: 1581087618!
[20200207-232353]Thùc thi NhiÖm vô ®Şnh giê: random_shop_npc.lua
[20200207-232353]Thêi gian thùc thi lÇn sau: 1581087618!
[20200207-232353]Thùc thi NhiÖm vô ®Şnh giê: faction_boss_task.lua
[20200207-232353]Thêi gian thùc thi lÇn sau: 1581087618!
[20200207-232353]Thùc thi NhiÖm vô ®Şnh giê: taixu_jwl_liu_crt.lua
[20200207-232353]Thêi gian thùc thi lÇn sau: 1581087618!
[20200207-232353]Thùc thi NhiÖm vô ®Şnh giê: WeeklyBackupBR.lua
[20200207-232353]Thêi gian thùc thi lÇn sau: 1581087618!
[20200207-232353]Thùc thi NhiÖm vô ®Şnh giê: north_west_task.lua
[20200207-232353]Thêi gian thùc thi lÇn sau: 1581087618!
[20200207-232353]Thùc thi NhiÖm vô ®Şnh giê: biwudahuiqianzou.lua
[20200207-232353]Thêi gian thùc thi lÇn sau: 1581087618!
[20200207-232353]Thùc thi NhiÖm vô ®Şnh giê: silingding_18.lua
[20200207-232353]Thêi gian thùc thi lÇn sau: 1581087618!
[20200207-232353]Thùc thi NhiÖm vô ®Şnh giê: silingding_23.lua
[20200207-232353]Thêi gian thùc thi lÇn sau: 1581087618!
[20200207-232353]Thùc thi NhiÖm vô ®Şnh giê: EventBoss_201103.lua
[20200207-232353]Thêi gian thùc thi lÇn sau: 1581087618!
[20200207-232353]Thùc thi NhiÖm vô ®Şnh giê: lsb_callboss2.lua
[20200207-232353]Thêi gian thùc thi lÇn sau: 1581087618!
[20200207-232353]Thùc thi NhiÖm vô ®Şnh giê: lsb_callboss3.lua
[20200207-232353]Thêi gian thùc thi lÇn sau: 1581087618!
[20200207-232353]Thùc thi NhiÖm vô ®Şnh giê: lsb_callboss4.lua
[20200207-232353]Thêi gian thùc thi lÇn sau: 1581087618!
[20200207-232353]Thùc thi NhiÖm vô ®Şnh giê: oly_generate_lucknum.lua
[20200207-232353]Thêi gian thùc thi lÇn sau: 1581087618!
[20200207-232353]Thùc thi NhiÖm vô ®Şnh giê: cc_call_boss3.lua
[20200207-232353]Thêi gian thùc thi lÇn sau: 1581087618!
[20200207-232353]Thùc thi NhiÖm vô ®Şnh giê: cc_call_boss4.lua
[20200207-232353]Thêi gian thùc thi lÇn sau: 1581087618!
[20200207-232353]Thùc thi NhiÖm vô ®Şnh giê: qht_create_gold_boss2.lua
[20200207-232353]Thêi gian thùc thi lÇn sau: 1581087618!
[20200207-232353]Thùc thi NhiÖm vô ®Şnh giê: sp2014_createnpc_2.lua
[20200207-232353]Thêi gian thùc thi lÇn sau: 1581087618!
[20200207-232353]Thùc thi NhiÖm vô ®Şnh giê: clear_gest_jiaoyi.lua
[20200207-232353]Thêi gian thùc thi lÇn sau: 1581087618!
[20200207-232353]Thùc thi NhiÖm vô ®Şnh giê: world_boss1.lua
[20200207-232353]Thêi gian thùc thi lÇn sau: 1581087618!
[20200207-232353]Thùc thi NhiÖm vô ®Şnh giê: hua_deng3.lua
[20200207-232353]Thêi gian thùc thi lÇn sau: 1581087618!
[20200207-232353]Thùc thi NhiÖm vô ®Şnh giê: hua_deng4.lua
[20200207-232353]Thêi gian thùc thi lÇn sau: 1581087618!
[20200207-232353]Thùc thi NhiÖm vô ®Şnh giê: hua_deng5.lua
[20200207-232353]Thêi gian thùc thi lÇn sau: 1581087618!
[20200207-232353]Thùc thi NhiÖm vô ®Şnh giê: hua_deng6.lua
[20200207-232353]Thêi gian thùc thi lÇn sau: 1581087618!
[20200207-232353]Thùc thi NhiÖm vô ®Şnh giê: ibc_boss2.lua
[20200207-232353]Thêi gian thùc thi lÇn sau: 1581087618!
[20200207-232353]Thùc thi NhiÖm vô ®Şnh giê: ibc_boss3.lua
[20200207-232353]Thêi gian thùc thi lÇn sau: 1581087618!
[20200207-232354]Thùc thi NhiÖm vô ®Şnh giê: CollectionTaskStart.lua
[20200207-232354]Thêi gian thùc thi lÇn sau: 1581087618!
[20200207-232354]Thùc thi NhiÖm vô ®Şnh giê: CollectionTaskClose.lua
[20200207-232354]Thêi gian thùc thi lÇn sau: 1581087618!
[20200207-232354]Thùc thi NhiÖm vô ®Şnh giê: random_shop_npc.lua
[20200207-232354]Thêi gian thùc thi lÇn sau: 1581087618!
[20200207-232354]Thùc thi NhiÖm vô ®Şnh giê: WeeklyBackupBR.lua
[20200207-232354]Thêi gian thùc thi lÇn sau: 1581087618!
[20200207-232354]Thùc thi NhiÖm vô ®Şnh giê: north_west_task.lua
[20200207-232354]Thêi gian thùc thi lÇn sau: 1581087618!
[20200207-232354]Thùc thi NhiÖm vô ®Şnh giê: biwudahuiqianzou.lua
[20200207-232354]Thêi gian thùc thi lÇn sau: 1581087618!
[20200207-232354]Thùc thi NhiÖm vô ®Şnh giê: EventBoss_201103.lua
[20200207-232354]Thêi gian thùc thi lÇn sau: 1581087618!
[20200207-232354]Thùc thi NhiÖm vô ®Şnh giê: clear_gest_jiaoyi.lua
[20200207-232354]Thêi gian thùc thi lÇn sau: 1581087618!
[20200207-232355]Thùc thi NhiÖm vô ®Şnh giê: CollectionTaskStart.lua
[20200207-232355]Thêi gian thùc thi lÇn sau: 1581087618!
[20200207-232355]Thùc thi NhiÖm vô ®Şnh giê: CollectionTaskClose.lua
[20200207-232355]Thêi gian thùc thi lÇn sau: 1581087618!
[20200207-232355]Thùc thi NhiÖm vô ®Şnh giê: random_shop_npc.lua
[20200207-232355]Thêi gian thùc thi lÇn sau: 1581087618!
[20200207-232355]Thùc thi NhiÖm vô ®Şnh giê: WeeklyBackupBR.lua
[20200207-232355]Thêi gian thùc thi lÇn sau: 1581087618!
[20200207-232355]Thùc thi NhiÖm vô ®Şnh giê: north_west_task.lua
[20200207-232355]Thêi gian thùc thi lÇn sau: 1581087618!
[20200207-232355]Thùc thi NhiÖm vô ®Şnh giê: biwudahuiqianzou.lua
[20200207-232355]Thêi gian thùc thi lÇn sau: 1581087618!
[20200207-232355]Thùc thi NhiÖm vô ®Şnh giê: EventBoss_201103.lua
[20200207-232355]Thêi gian thùc thi lÇn sau: 1581087618!
[20200207-232355]Thùc thi NhiÖm vô ®Şnh giê: clear_gest_jiaoyi.lua
[20200207-232355]Thêi gian thùc thi lÇn sau: 1581087618!
[20200207-232356]Thùc thi NhiÖm vô ®Şnh giê: CollectionTaskStart.lua
[20200207-232356]Thêi gian thùc thi lÇn sau: 1581087618!
[20200207-232356]Thùc thi NhiÖm vô ®Şnh giê: CollectionTaskClose.lua
[20200207-232356]Thêi gian thùc thi lÇn sau: 1581087618!
[20200207-232356]Thùc thi NhiÖm vô ®Şnh giê: random_shop_npc.lua
[20200207-232356]Thêi gian thùc thi lÇn sau: 1581087618!
[20200207-232356]Thùc thi NhiÖm vô ®Şnh giê: north_west_task.lua
[20200207-232356]Thêi gian thùc thi lÇn sau: 1581087618!
[20200207-232356]Thùc thi NhiÖm vô ®Şnh giê: biwudahuiqianzou.lua
[20200207-232356]Thêi gian thùc thi lÇn sau: 1581087618!
[20200207-232356]Thùc thi NhiÖm vô ®Şnh giê: EventBoss_201103.lua
[20200207-232356]Thêi gian thùc thi lÇn sau: 1581087618!
[20200207-232356]Thùc thi NhiÖm vô ®Şnh giê: clear_gest_jiaoyi.lua
[20200207-232356]Thêi gian thùc thi lÇn sau: 1581087618!
[20200207-232357]Thùc thi NhiÖm vô ®Şnh giê: CollectionTaskStart.lua
[20200207-232357]Thêi gian thùc thi lÇn sau: 1581087618!
[20200207-232357]Thùc thi NhiÖm vô ®Şnh giê: CollectionTaskClose.lua
[20200207-232357]Thêi gian thùc thi lÇn sau: 1581087618!
[20200207-232357]Thùc thi NhiÖm vô ®Şnh giê: random_shop_npc.lua
[20200207-232357]Thêi gian thùc thi lÇn sau: 1581087618!
[20200207-232357]Thùc thi NhiÖm vô ®Şnh giê: north_west_task.lua
[20200207-232357]Thêi gian thùc thi lÇn sau: 1581087618!
[20200207-232357]Thùc thi NhiÖm vô ®Şnh giê: biwudahuiqianzou.lua
[20200207-232357]Thêi gian thùc thi lÇn sau: 1581087618!
[20200207-232357]Thùc thi NhiÖm vô ®Şnh giê: EventBoss_201103.lua
[20200207-232357]Thêi gian thùc thi lÇn sau: 1581087618!
[20200207-232357]Thùc thi NhiÖm vô ®Şnh giê: clear_gest_jiaoyi.lua
[20200207-232357]Thêi gian thùc thi lÇn sau: 1581087618!
[20200207-232358]Thùc thi NhiÖm vô ®Şnh giê: CollectionTaskClose.lua
[20200207-232358]Thêi gian thùc thi lÇn sau: 1581087618!
[20200207-232358]Thùc thi NhiÖm vô ®Şnh giê: random_shop_npc.lua
[20200207-232358]Thêi gian thùc thi lÇn sau: 1581087618!
[20200207-232358]Thùc thi NhiÖm vô ®Şnh giê: north_west_task.lua
[20200207-232358]Thêi gian thùc thi lÇn sau: 1581087618!
[20200207-232358]Thùc thi NhiÖm vô ®Şnh giê: biwudahuiqianzou.lua
[20200207-232358]Thêi gian thùc thi lÇn sau: 1581087618!
[20200207-232358]Thùc thi NhiÖm vô ®Şnh giê: EventBoss_201103.lua
[20200207-232358]Thêi gian thùc thi lÇn sau: 1581087618!
[20200207-232358]Thùc thi NhiÖm vô ®Şnh giê: clear_gest_jiaoyi.lua
[20200207-232358]Thêi gian thùc thi lÇn sau: 1581087618!
[20200207-232359]Thùc thi NhiÖm vô ®Şnh giê: random_shop_npc.lua
[20200207-232359]Thêi gian thùc thi lÇn sau: 1581087618!
[20200207-232359]Thùc thi NhiÖm vô ®Şnh giê: north_west_task.lua
[20200207-232359]Thêi gian thùc thi lÇn sau: 1581087618!
[20200207-232359]Thùc thi NhiÖm vô ®Şnh giê: biwudahuiqianzou.lua
[20200207-232359]Thêi gian thùc thi lÇn sau: 1581087618!
[20200207-232359]Thùc thi NhiÖm vô ®Şnh giê: EventBoss_201103.lua
[20200207-232359]Thêi gian thùc thi lÇn sau: 1581087618!
[20200207-232359]Thùc thi NhiÖm vô ®Şnh giê: clear_gest_jiaoyi.lua
[20200207-232359]Thêi gian thùc thi lÇn sau: 1581087618!
[20200207-232400]Thùc thi NhiÖm vô ®Şnh giê: random_shop_npc.lua
[20200207-232400]Thêi gian thùc thi lÇn sau: 1581087618!
[20200207-232400]Thùc thi NhiÖm vô ®Şnh giê: north_west_task.lua
[20200207-232400]Thêi gian thùc thi lÇn sau: 1581087618!
[20200207-232400]Thùc thi NhiÖm vô ®Şnh giê: biwudahuiqianzou.lua
[20200207-232400]Thêi gian thùc thi lÇn sau: 1581087618!
[20200207-232400]Thùc thi NhiÖm vô ®Şnh giê: EventBoss_201103.lua
[20200207-232400]Thêi gian thùc thi lÇn sau: 1581087618!
[20200207-232400]Thùc thi NhiÖm vô ®Şnh giê: clear_gest_jiaoyi.lua
[20200207-232400]Thêi gian thùc thi lÇn sau: 1581087618!
[20200207-232401]Thùc thi NhiÖm vô ®Şnh giê: random_shop_npc.lua
[20200207-232401]Thêi gian thùc thi lÇn sau: 1581087618!
[20200207-232401]Thùc thi NhiÖm vô ®Şnh giê: north_west_task.lua
[20200207-232401]Thêi gian thùc thi lÇn sau: 1581087618!
[20200207-232401]Thùc thi NhiÖm vô ®Şnh giê: biwudahuiqianzou.lua
[20200207-232401]Thêi gian thùc thi lÇn sau: 1581087618!
[20200207-232402]Thùc thi NhiÖm vô ®Şnh giê: random_shop_npc.lua
[20200207-232402]Thêi gian thùc thi lÇn sau: 1581087618!
[20200207-232402]Thùc thi NhiÖm vô ®Şnh giê: north_west_task.lua
[20200207-232402]Thêi gian thùc thi lÇn sau: 1581087618!
[20200207-232402]Thùc thi NhiÖm vô ®Şnh giê: biwudahuiqianzou.lua
[20200207-232402]Thêi gian thùc thi lÇn sau: 1581087618!
[20200207-232403]Thùc thi NhiÖm vô ®Şnh giê: random_shop_npc.lua
[20200207-232403]Thêi gian thùc thi lÇn sau: 1581087618!
[20200207-232403]Thùc thi NhiÖm vô ®Şnh giê: north_west_task.lua
[20200207-232403]Thêi gian thùc thi lÇn sau: 1581087618!
[20200207-232403]Thùc thi NhiÖm vô ®Şnh giê: biwudahuiqianzou.lua
[20200207-232403]Thêi gian thùc thi lÇn sau: 1581087618!
[20200207-232404]Thùc thi NhiÖm vô ®Şnh giê: random_shop_npc.lua
[20200207-232404]Thêi gian thùc thi lÇn sau: 1581087618!
[20200207-232404]Thùc thi NhiÖm vô ®Şnh giê: north_west_task.lua
[20200207-232404]Thêi gian thùc thi lÇn sau: 1581087618!
[20200207-232404]Thùc thi NhiÖm vô ®Şnh giê: biwudahuiqianzou.lua
[20200207-232404]Thêi gian thùc thi lÇn sau: 1581087618!
[20200207-232405]Thùc thi NhiÖm vô ®Şnh giê: random_shop_npc.lua
[20200207-232405]Thêi gian thùc thi lÇn sau: 1581087618!
[20200207-232405]Thùc thi NhiÖm vô ®Şnh giê: north_west_task.lua
[20200207-232405]Thêi gian thùc thi lÇn sau: 1581087618!
[20200207-232405]Thùc thi NhiÖm vô ®Şnh giê: biwudahuiqianzou.lua
[20200207-232405]Thêi gian thùc thi lÇn sau: 1581087618!
[20200207-232406]Thùc thi NhiÖm vô ®Şnh giê: random_shop_npc.lua
[20200207-232406]Thêi gian thùc thi lÇn sau: 1581087618!
[20200207-232406]Thùc thi NhiÖm vô ®Şnh giê: north_west_task.lua
[20200207-232406]Thêi gian thùc thi lÇn sau: 1581087618!
[20200207-232406]Thùc thi NhiÖm vô ®Şnh giê: biwudahuiqianzou.lua
[20200207-232406]Thêi gian thùc thi lÇn sau: 1581087618!
[20200207-232407]Thùc thi NhiÖm vô ®Şnh giê: random_shop_npc.lua
[20200207-232407]Thêi gian thùc thi lÇn sau: 1581087618!
[20200207-232407]Thùc thi NhiÖm vô ®Şnh giê: north_west_task.lua
[20200207-232407]Thêi gian thùc thi lÇn sau: 1581087618!
[20200207-232407]Thùc thi NhiÖm vô ®Şnh giê: biwudahuiqianzou.lua
[20200207-232407]Thêi gian thùc thi lÇn sau: 1581087618!
[20200207-232408]Thùc thi NhiÖm vô ®Şnh giê: random_shop_npc.lua
[20200207-232408]Thêi gian thùc thi lÇn sau: 1581087618!
[20200207-232408]Thùc thi NhiÖm vô ®Şnh giê: north_west_task.lua
[20200207-232408]Thêi gian thùc thi lÇn sau: 1581087618!
[20200207-232408]Thùc thi NhiÖm vô ®Şnh giê: biwudahuiqianzou.lua
[20200207-232408]Thêi gian thùc thi lÇn sau: 1581087618!
[20200207-232409]Thùc thi NhiÖm vô ®Şnh giê: biwudahuiqianzou.lua
[20200207-232409]Thêi gian thùc thi lÇn sau: 1581087618!
[20200207-232410]Thùc thi NhiÖm vô ®Şnh giê: biwudahuiqianzou.lua
[20200207-232410]Thêi gian thùc thi lÇn sau: 1581087618!
[20200207-232411]Thùc thi NhiÖm vô ®Şnh giê: biwudahuiqianzou.lua
[20200207-232411]Thêi gian thùc thi lÇn sau: 1581087618!
[20200207-232412]Thùc thi NhiÖm vô ®Şnh giê: biwudahuiqianzou.lua
[20200207-232412]Thêi gian thùc thi lÇn sau: 1581087618!
[20200207-232413]Thùc thi NhiÖm vô ®Şnh giê: biwudahuiqianzou.lua
[20200207-232413]Thêi gian thùc thi lÇn sau: 1581087618!
[20200207-232414]Thùc thi NhiÖm vô ®Şnh giê: biwudahuiqianzou.lua
[20200207-232414]Thêi gian thùc thi lÇn sau: 1581087618!
[20200207-232415]Thùc thi NhiÖm vô ®Şnh giê: biwudahuiqianzou.lua
[20200207-232415]Thêi gian thùc thi lÇn sau: 1581087618!
[20200207-232416]Thùc thi NhiÖm vô ®Şnh giê: biwudahuiqianzou.lua
[20200207-232416]Thêi gian thùc thi lÇn sau: 1581087618!
[20200207-232417]Thùc thi NhiÖm vô ®Şnh giê: biwudahuiqianzou.lua
[20200207-232417]Thêi gian thùc thi lÇn sau: 1581087618!
[20200207-232418]Thùc thi NhiÖm vô ®Şnh giê: biwudahuiqianzou.lua
[20200207-232418]Thêi gian thùc thi lÇn sau: 1581087618!
[20200207-232419]Thùc thi NhiÖm vô ®Şnh giê: biwudahuiqianzou.lua
[20200207-232419]Thêi gian thùc thi lÇn sau: 1581087618!
[20200207-232420]Thùc thi NhiÖm vô ®Şnh giê: biwudahuiqianzou.lua
[20200207-232420]Thêi gian thùc thi lÇn sau: 1581087618!
[20200207-232421]Thùc thi NhiÖm vô ®Şnh giê: biwudahuiqianzou.lua
[20200207-232421]Thêi gian thùc thi lÇn sau: 1581087618!
[20200207-232422]Thùc thi NhiÖm vô ®Şnh giê: biwudahuiqianzou.lua
[20200207-232422]Thêi gian thùc thi lÇn sau: 1581087618!
[20200207-232423]Thùc thi NhiÖm vô ®Şnh giê: biwudahuiqianzou.lua
[20200207-232423]Thêi gian thùc thi lÇn sau: 1581087618!
[20200207-232424]Thùc thi NhiÖm vô ®Şnh giê: biwudahuiqianzou.lua
[20200207-232424]Thêi gian thùc thi lÇn sau: 1581087618!
[20200207-232425]Thùc thi NhiÖm vô ®Şnh giê: biwudahuiqianzou.lua
[20200207-232425]Thêi gian thùc thi lÇn sau: 1581087618!
[20200207-232426]Thùc thi NhiÖm vô ®Şnh giê: biwudahuiqianzou.lua
[20200207-232426]Thêi gian thùc thi lÇn sau: 1581087618!
[20200207-232427]Thùc thi NhiÖm vô ®Şnh giê: biwudahuiqianzou.lua
[20200207-232427]Thêi gian thùc thi lÇn sau: 1581087618!
[20200207-232428]Thùc thi NhiÖm vô ®Şnh giê: biwudahuiqianzou.lua
[20200207-232428]Thêi gian thùc thi lÇn sau: 1581087618!
[20200207-232429]Thùc thi NhiÖm vô ®Şnh giê: biwudahuiqianzou.lua
[20200207-232429]Thêi gian thùc thi lÇn sau: 1581087618!
[20200207-232430]Thùc thi NhiÖm vô ®Şnh giê: biwudahuiqianzou.lua
[20200207-232430]Thêi gian thùc thi lÇn sau: 1581087618!
[20200207-232431]Thùc thi NhiÖm vô ®Şnh giê: biwudahuiqianzou.lua
[20200207-232431]Thêi gian thùc thi lÇn sau: 1581087618!
[20200207-232432]Thùc thi NhiÖm vô ®Şnh giê: biwudahuiqianzou.lua
[20200207-232432]Thêi gian thùc thi lÇn sau: 1581087618!
[20200207-232433]Thùc thi NhiÖm vô ®Şnh giê: biwudahuiqianzou.lua
[20200207-232433]Thêi gian thùc thi lÇn sau: 1581087618!
[20200207-232434]Thùc thi NhiÖm vô ®Şnh giê: biwudahuiqianzou.lua
[20200207-232434]Thêi gian thùc thi lÇn sau: 1581087618!
[20200207-232435]Thùc thi NhiÖm vô ®Şnh giê: biwudahuiqianzou.lua
[20200207-232435]Thêi gian thùc thi lÇn sau: 1581087618!
[20200207-232436]Thùc thi NhiÖm vô ®Şnh giê: biwudahuiqianzou.lua
[20200207-232436]Thêi gian thùc thi lÇn sau: 1581087618!
[20200207-232437]Thùc thi NhiÖm vô ®Şnh giê: biwudahuiqianzou.lua
[20200207-232437]Thêi gian thùc thi lÇn sau: 1581087618!
[20200207-232438]Thùc thi NhiÖm vô ®Şnh giê: biwudahuiqianzou.lua
[20200207-232438]Thêi gian thùc thi lÇn sau: 1581087618!
[20200207-232439]Thùc thi NhiÖm vô ®Şnh giê: biwudahuiqianzou.lua
[20200207-232439]Thêi gian thùc thi lÇn sau: 1581087618!
[20200207-232440]Thùc thi NhiÖm vô ®Şnh giê: biwudahuiqianzou.lua
[20200207-232440]Thêi gian thùc thi lÇn sau: 1581087618!
[20200207-232441]Thùc thi NhiÖm vô ®Şnh giê: biwudahuiqianzou.lua
[20200207-232441]Thêi gian thùc thi lÇn sau: 1581087618!
[20200207-232442]Thùc thi NhiÖm vô ®Şnh giê: biwudahuiqianzou.lua
[20200207-232442]Thêi gian thùc thi lÇn sau: 1581087618!
[20200207-232443]Thùc thi NhiÖm vô ®Şnh giê: biwudahuiqianzou.lua
[20200207-232443]Thêi gian thùc thi lÇn sau: 1581087618!
[20200207-232444]Thùc thi NhiÖm vô ®Şnh giê: biwudahuiqianzou.lua
[20200207-232444]Thêi gian thùc thi lÇn sau: 1581087618!
[20200207-232445]Thùc thi NhiÖm vô ®Şnh giê: biwudahuiqianzou.lua
[20200207-232445]Thêi gian thùc thi lÇn sau: 1581087618!
[20200207-232446]Thùc thi NhiÖm vô ®Şnh giê: biwudahuiqianzou.lua
[20200207-232446]Thêi gian thùc thi lÇn sau: 1581087618!
[20200207-232447]Thùc thi NhiÖm vô ®Şnh giê: biwudahuiqianzou.lua
[20200207-232447]Thêi gian thùc thi lÇn sau: 1581087618!
[20200207-232448]Thùc thi NhiÖm vô ®Şnh giê: biwudahuiqianzou.lua
[20200207-232448]Thêi gian thùc thi lÇn sau: 1581087618!
[20200207-232449]Thùc thi NhiÖm vô ®Şnh giê: biwudahuiqianzou.lua
[20200207-232449]Thêi gian thùc thi lÇn sau: 1581087618!
[20200207-232450]Thùc thi NhiÖm vô ®Şnh giê: biwudahuiqianzou.lua
[20200207-232450]Thêi gian thùc thi lÇn sau: 1581087618!
[20200207-232451]Thùc thi NhiÖm vô ®Şnh giê: biwudahuiqianzou.lua
[20200207-232451]Thêi gian thùc thi lÇn sau: 1581087618!
[20200207-232452]Thùc thi NhiÖm vô ®Şnh giê: biwudahuiqianzou.lua
[20200207-232452]Thêi gian thùc thi lÇn sau: 1581087618!
[20200207-232453]Thùc thi NhiÖm vô ®Şnh giê: biwudahuiqianzou.lua
[20200207-232453]Thêi gian thùc thi lÇn sau: 1581087618!
[20200207-232454]Thùc thi NhiÖm vô ®Şnh giê: biwudahuiqianzou.lua
[20200207-232454]Thêi gian thùc thi lÇn sau: 1581087618!
[20200207-232455]Thùc thi NhiÖm vô ®Şnh giê: biwudahuiqianzou.lua
[20200207-232455]Thêi gian thùc thi lÇn sau: 1581087618!
[20200207-232456]Thùc thi NhiÖm vô ®Şnh giê: biwudahuiqianzou.lua
[20200207-232456]Thêi gian thùc thi lÇn sau: 1581087618!
[20200207-232457]Thùc thi NhiÖm vô ®Şnh giê: biwudahuiqianzou.lua
[20200207-232457]Thêi gian thùc thi lÇn sau: 1581087618!
[20200207-232458]Thùc thi NhiÖm vô ®Şnh giê: biwudahuiqianzou.lua
[20200207-232458]Thêi gian thùc thi lÇn sau: 1581087618!
[20200207-232459]Thùc thi NhiÖm vô ®Şnh giê: biwudahuiqianzou.lua
[20200207-232459]Thêi gian thùc thi lÇn sau: 1581087618!
[20200207-232500]Thùc thi NhiÖm vô ®Şnh giê: biwudahuiqianzou.lua
[20200207-232500]Thêi gian thùc thi lÇn sau: 1581087618!
[20200207-232501]Thùc thi NhiÖm vô ®Şnh giê: biwudahuiqianzou.lua
[20200207-232501]Thêi gian thùc thi lÇn sau: 1581087618!
[20200207-232502]Thùc thi NhiÖm vô ®Şnh giê: biwudahuiqianzou.lua
[20200207-232502]Thêi gian thùc thi lÇn sau: 1581087618!
[20200207-232503]Thùc thi NhiÖm vô ®Şnh giê: biwudahuiqianzou.lua
[20200207-232503]Thêi gian thùc thi lÇn sau: 1581087618!
[20200207-232504]Thùc thi NhiÖm vô ®Şnh giê: biwudahuiqianzou.lua
[20200207-232504]Thêi gian thùc thi lÇn sau: 1581087618!
[20200207-232505]Thùc thi NhiÖm vô ®Şnh giê: biwudahuiqianzou.lua
[20200207-232505]Thêi gian thùc thi lÇn sau: 1581087618!
[20200207-232506]Thùc thi NhiÖm vô ®Şnh giê: biwudahuiqianzou.lua
[20200207-232506]Thêi gian thùc thi lÇn sau: 1581087618!
[20200207-232507]Thùc thi NhiÖm vô ®Şnh giê: biwudahuiqianzou.lua
[20200207-232507]Thêi gian thùc thi lÇn sau: 1581087618!
[20200207-232508]Thùc thi NhiÖm vô ®Şnh giê: biwudahuiqianzou.lua
[20200207-232508]Thêi gian thùc thi lÇn sau: 1581087618!
[20200207-232509]Thùc thi NhiÖm vô ®Şnh giê: biwudahuiqianzou.lua
[20200207-232509]Thêi gian thùc thi lÇn sau: 1581087618!
[20200207-232510]Thùc thi NhiÖm vô ®Şnh giê: biwudahuiqianzou.lua
[20200207-232510]Thêi gian thùc thi lÇn sau: 1581087618!
[20200207-232511]Thùc thi NhiÖm vô ®Şnh giê: biwudahuiqianzou.lua
[20200207-232511]Thêi gian thùc thi lÇn sau: 1581087618!
[20200207-232512]Thùc thi NhiÖm vô ®Şnh giê: biwudahuiqianzou.lua
[20200207-232512]Thêi gian thùc thi lÇn sau: 1581087618!
[20200207-232513]Thùc thi NhiÖm vô ®Şnh giê: biwudahuiqianzou.lua
[20200207-232513]Thêi gian thùc thi lÇn sau: 1581087618!
[20200207-232514]Thùc thi NhiÖm vô ®Şnh giê: biwudahuiqianzou.lua
[20200207-232514]Thêi gian thùc thi lÇn sau: 1581087618!
[20200207-232515]Thùc thi NhiÖm vô ®Şnh giê: biwudahuiqianzou.lua
[20200207-232515]Thêi gian thùc thi lÇn sau: 1581087618!
[20200207-232516]Thùc thi NhiÖm vô ®Şnh giê: biwudahuiqianzou.lua
[20200207-232516]Thêi gian thùc thi lÇn sau: 1581087618!
[20200207-232517]Thùc thi NhiÖm vô ®Şnh giê: biwudahuiqianzou.lua
[20200207-232517]Thêi gian thùc thi lÇn sau: 1581087618!
[20200207-232518]Thùc thi NhiÖm vô ®Şnh giê: biwudahuiqianzou.lua
[20200207-232518]Thêi gian thùc thi lÇn sau: 1581087618!
[20200207-232519]Thùc thi NhiÖm vô ®Şnh giê: biwudahuiqianzou.lua
[20200207-232519]Thêi gian thùc thi lÇn sau: 1581087618!
[20200207-235829]NhËp Settings File cña nhiÖm vô ®Şnh giê: /RelaySetting/Task/TaskList.ini
[20200207-235829]Sè l­îng nhiÖm vô ®Şnh giê: 46
[20200207-235829]NhiÖm vô ®Şnh giê 0: CollectionTaskStart.lua, Sè lÇn: 0
[20200207-235829]ThiÕt lËp tªn nhiÖm vô ®Şnh giê: Thi ®Êu thuyÒn rång
[20200207-235829]ThiÕt lËp thêi gian gi¸n c¸ch nhiÖm vô ®Şnh giê: 5400 gi©y mét lÇn!
[20200207-235829]ThiÕt lËp thêi gian nhiÖm vô ®Şnh giê: 0 giê 8 phót!
[20200207-235829]Thêi gian tr­íc m¾t lµ: 23 giê 58 phót!
[20200207-235829]H«m nay sÏ kh«ng thùc thi: ®· qu¸ thêi gian!
[20200207-235829]Thêi gian thùc thi lÇn tíi: 0:8! 1581095309
[20200207-235829]Sè lÇn ®Şnh giê nhiÖm vô: 0 !
[20200207-235829]§Æt nÒn mãng nhiÖm vô ®Şnh giê thµnh c«ng: CollectionTaskStart.lua
[20200207-235829]NhiÖm vô ®Şnh giê 1: CollectionTaskClose.lua, Sè lÇn: 0
[20200207-235829]ThiÕt lËp tªn nhiÖm vô ®Şnh giê: Thi ®Êu thuyÒn rång
[20200207-235829]ThiÕt lËp thêi gian gi¸n c¸ch nhiÖm vô ®Şnh giê: 5400 gi©y mét lÇn!
[20200207-235829]ThiÕt lËp thêi gian nhiÖm vô ®Şnh giê: 0 giê 38 phót!
[20200207-235829]Thêi gian tr­íc m¾t lµ: 23 giê 58 phót!
[20200207-235829]H«m nay sÏ kh«ng thùc thi: ®· qu¸ thêi gian!
[20200207-235829]Thêi gian thùc thi lÇn tíi: 0:38! 1581097109
[20200207-235829]Sè lÇn ®Şnh giê nhiÖm vô: 0 !
[20200207-235829]§Æt nÒn mãng nhiÖm vô ®Şnh giê thµnh c«ng: CollectionTaskClose.lua
[20200207-235829]NhiÖm vô ®Şnh giê 2: CallBoss_13.lua, Sè lÇn: 0
[20200207-235829]ThiÕt lËp tªn nhiÖm vô ®Şnh giê: BOSS buæi tr­a
[20200207-235829]ThiÕt lËp thêi gian gi¸n c¸ch nhiÖm vô ®Şnh giê: 86400 gi©y mét lÇn!
[20200207-235829]ThiÕt lËp thêi gian nhiÖm vô ®Şnh giê: 13 giê 0 phót!
[20200207-235829]Thêi gian tr­íc m¾t lµ: 23 giê 58 phót!
[20200207-235829]H«m nay sÏ kh«ng thùc thi: ®· qu¸ thêi gian!
[20200207-235829]Thêi gian thùc thi lÇn tíi: 13:0! 1581141629
[20200207-235829]Sè lÇn ®Şnh giê nhiÖm vô: 0 !
[20200207-235829]§Æt nÒn mãng nhiÖm vô ®Şnh giê thµnh c«ng: CallBoss_13.lua
[20200207-235829]NhiÖm vô ®Şnh giê 3: CallBoss_21.lua, Sè lÇn: 0
[20200207-235829]ThiÕt lËp tªn nhiÖm vô ®Şnh giê: BOSS buæi tr­a
[20200207-235829]ThiÕt lËp thêi gian gi¸n c¸ch nhiÖm vô ®Şnh giê: 86400 gi©y mét lÇn!
[20200207-235829]ThiÕt lËp thêi gian nhiÖm vô ®Şnh giê: 21 giê 0 phót!
[20200207-235829]Thêi gian tr­íc m¾t lµ: 23 giê 58 phót!
[20200207-235829]H«m nay sÏ kh«ng thùc thi: ®· qu¸ thêi gian!
[20200207-235829]Thêi gian thùc thi lÇn tíi: 21:0! 1581170429
[20200207-235829]Sè lÇn ®Şnh giê nhiÖm vô: 0 !
[20200207-235829]§Æt nÒn mãng nhiÖm vô ®Şnh giê thµnh c«ng: CallBoss_21.lua
[20200207-235829]NhiÖm vô ®Şnh giê 4: CallBoss_23.lua, Sè lÇn: 0
[20200207-235829]ThiÕt lËp tªn nhiÖm vô ®Şnh giê: BOSS buæi tr­a
[20200207-235829]ThiÕt lËp thêi gian gi¸n c¸ch nhiÖm vô ®Şnh giê: 86400 gi©y mét lÇn!
[20200207-235829]ThiÕt lËp thêi gian nhiÖm vô ®Şnh giê: 23 giê 0 phót!
[20200207-235829]Thêi gian tr­íc m¾t lµ: 23 giê 58 phót!
[20200207-235829]H«m nay sÏ kh«ng thùc thi: ®· qu¸ thêi gian!
[20200207-235829]Thêi gian thùc thi lÇn tíi: 23:0! 1581177629
[20200207-235829]Sè lÇn ®Şnh giê nhiÖm vô: 0 !
[20200207-235829]§Æt nÒn mãng nhiÖm vô ®Şnh giê thµnh c«ng: CallBoss_23.lua
[20200207-235829]NhiÖm vô ®Şnh giê 5: random_shop_npc.lua, Sè lÇn: 0
[20200207-235829]ThiÕt lËp tªn nhiÖm vô ®Şnh giê: NPC nhiÖm vô Th­¬ng Héi sÏ thay ®æi c¸c vŞ trİ xuÊt hiÖn
[20200207-235829]ThiÕt lËp thêi gian gi¸n c¸ch nhiÖm vô ®Şnh giê: 1800 gi©y mét lÇn!
[20200207-235829]ThiÕt lËp thêi gian nhiÖm vô ®Şnh giê: 0 giê 8 phót!
[20200207-235829]Thêi gian tr­íc m¾t lµ: 23 giê 58 phót!
[20200207-235829]H«m nay sÏ kh«ng thùc thi: ®· qu¸ thêi gian!
[20200207-235829]Thêi gian thùc thi lÇn tíi: 0:8! 1581095309
[20200207-235829]Sè lÇn ®Şnh giê nhiÖm vô: 0 !
[20200207-235829]§Æt nÒn mãng nhiÖm vô ®Şnh giê thµnh c«ng: random_shop_npc.lua
[20200207-235829]NhiÖm vô ®Şnh giê 6: faction_boss_task.lua, Sè lÇn: 0
[20200207-235829]ThiÕt lËp tªn nhiÖm vô ®Şnh giê: NhiÖm vô BOSS m«n ph¸i
[20200207-235829]ThiÕt lËp thêi gian gi¸n c¸ch nhiÖm vô ®Şnh giê: 86400 gi©y mét lÇn!
[20200207-235829]ThiÕt lËp thêi gian nhiÖm vô ®Şnh giê: 21 giê 0 phót!
[20200207-235829]Thêi gian tr­íc m¾t lµ: 23 giê 58 phót!
[20200207-235829]H«m nay sÏ kh«ng thùc thi: ®· qu¸ thêi gian!
[20200207-235829]Thêi gian thùc thi lÇn tíi: 21:0! 1581170429
[20200207-235829]Sè lÇn ®Şnh giê nhiÖm vô: 0 !
[20200207-235829]§Æt nÒn mãng nhiÖm vô ®Şnh giê thµnh c«ng: faction_boss_task.lua
[20200207-235829]NhiÖm vô ®Şnh giê 7: gest_convention_rank.lua, Sè lÇn: 0
[20200207-235829]ThiÕt lËp tªn nhiÖm vô ®Şnh giê: XÕp h¹ng t­ c¸ch ®¹i héi tû vâ
[20200207-235829]ThiÕt lËp thêi gian gi¸n c¸ch nhiÖm vô ®Şnh giê: 3600 gi©y mét lÇn!
[20200207-235829]ThiÕt lËp thêi gian nhiÖm vô ®Şnh giê: 23 giê 30 phót!
[20200207-235829]Thêi gian tr­íc m¾t lµ: 23 giê 58 phót!
[20200207-235829]H«m nay sÏ kh«ng thùc thi: ®· qu¸ thêi gian!
[20200207-235829]Thêi gian thùc thi lÇn tíi: 23:30! 1581179429
[20200207-235829]Sè lÇn ®Şnh giê nhiÖm vô: 0 !
[20200207-235829]§Æt nÒn mãng nhiÖm vô ®Şnh giê thµnh c«ng: gest_convention_rank.lua
[20200207-235829]NhiÖm vô ®Şnh giê 8: taixu_jwl_liu_crt.lua, Sè lÇn: 0
[20200207-235829]ThiÕt lËp tªn nhiÖm vô ®Şnh giê: Th¨n cÊp nhiÖm vô Trang søc Th¸i H­
[20200207-235829]ThiÕt lËp thêi gian gi¸n c¸ch nhiÖm vô ®Şnh giê: 86400 gi©y mét lÇn!
[20200207-235829]ThiÕt lËp thêi gian nhiÖm vô ®Şnh giê: 21 giê 10 phót!
[20200207-235829]Thêi gian tr­íc m¾t lµ: 23 giê 58 phót!
[20200207-235829]H«m nay sÏ kh«ng thùc thi: ®· qu¸ thêi gian!
[20200207-235829]Thêi gian thùc thi lÇn tíi: 21:10! 1581171029
[20200207-235829]Sè lÇn ®Şnh giê nhiÖm vô: 0 !
[20200207-235829]§Æt nÒn mãng nhiÖm vô ®Şnh giê thµnh c«ng: taixu_jwl_liu_crt.lua
[20200207-235829]NhiÖm vô ®Şnh giê 9: WeeklyBackupBR.lua, Sè lÇn: 0
[20200207-235829]ThiÕt lËp tªn nhiÖm vô ®Şnh giê: WeeklyBackupBR
[20200207-235829]ThiÕt lËp thêi gian gi¸n c¸ch nhiÖm vô ®Şnh giê: 3600 gi©y mét lÇn!
[20200207-235829]ThiÕt lËp thêi gian nhiÖm vô ®Şnh giê: 21 giê 1 phót!
[20200207-235829]Thêi gian tr­íc m¾t lµ: 23 giê 58 phót!
[20200207-235829]H«m nay sÏ kh«ng thùc thi: ®· qu¸ thêi gian!
[20200207-235829]Thêi gian thùc thi lÇn tíi: 21:1! 1581170489
[20200207-235829]Sè lÇn ®Şnh giê nhiÖm vô: 0 !
[20200207-235829]§Æt nÒn mãng nhiÖm vô ®Şnh giê thµnh c«ng: WeeklyBackupBR.lua
[20200207-235829]NhiÖm vô ®Şnh giê 10: north_west_task.lua, Sè lÇn: 0
[20200207-235829]ThiÕt lËp thêi gian gi¸n c¸ch nhiÖm vô ®Şnh giê: 1800 gi©y mét lÇn!
[20200207-235829]ThiÕt lËp thêi gian nhiÖm vô ®Şnh giê: 0 giê 8 phót!
[20200207-235829]Thêi gian tr­íc m¾t lµ: 23 giê 58 phót!
[20200207-235829]H«m nay sÏ kh«ng thùc thi: ®· qu¸ thêi gian!
[20200207-235829]Thêi gian thùc thi lÇn tíi: 0:8! 1581095309
[20200207-235829]Sè lÇn ®Şnh giê nhiÖm vô: 0 !
[20200207-235829]§Æt nÒn mãng nhiÖm vô ®Şnh giê thµnh c«ng: north_west_task.lua
[20200207-235829]NhiÖm vô ®Şnh giê 11: biwudahuiqianzou.lua, Sè lÇn: 0
[20200207-235829]ThiÕt lËp tªn nhiÖm vô ®Şnh giê: GhĞp ®«i tr­íc ®¹i héi tû vâ
[20200207-235829]ThiÕt lËp thêi gian gi¸n c¸ch nhiÖm vô ®Şnh giê: 60 gi©y mét lÇn!
[20200207-235829]ThiÕt lËp thêi gian nhiÖm vô ®Şnh giê: 23 giê 59 phót!
[20200207-235829]Thêi gian tr­íc m¾t lµ: 23 giê 58 phót!
[20200207-235829]Thêi gian thùc thi lÇn tíi: 23:59! 1581094769
[20200207-235829]Sè lÇn ®Şnh giê nhiÖm vô: 0 !
[20200207-235829]§Æt nÒn mãng nhiÖm vô ®Şnh giê thµnh c«ng: biwudahuiqianzou.lua
[20200207-235829]NhiÖm vô ®Şnh giê 12: daliytask.lua, Sè lÇn: 0
[20200207-235829]ThiÕt lËp tªn nhiÖm vô ®Şnh giê: nhiÖm vô th­êng nhËt c¸ nh©nnhiÖm vô th­êng nhËt tæ ®éi
[20200207-235829]ThiÕt lËp thêi gian gi¸n c¸ch nhiÖm vô ®Şnh giê: 86400 gi©y mét lÇn!
[20200207-235829]ThiÕt lËp thêi gian nhiÖm vô ®Şnh giê: 0 giê 0 phót!
[20200207-235829]Thêi gian tr­íc m¾t lµ: 23 giê 58 phót!
[20200207-235829]H«m nay sÏ kh«ng thùc thi: ®· qu¸ thêi gian!
[20200207-235829]Thêi gian thùc thi lÇn tíi: 0:0! 1581094829
[20200207-235829]Sè lÇn ®Şnh giê nhiÖm vô: 0 !
[20200207-235829]§Æt nÒn mãng nhiÖm vô ®Şnh giê thµnh c«ng: daliytask.lua
[20200207-235829]NhiÖm vô ®Şnh giê 13: silingding_11.lua, Sè lÇn: 0
[20200207-235829]ThiÕt lËp thêi gian gi¸n c¸ch nhiÖm vô ®Şnh giê: 86400 gi©y mét lÇn!
[20200207-235829]ThiÕt lËp thêi gian nhiÖm vô ®Şnh giê: 11 giê 0 phót!
[20200207-235829]Thêi gian tr­íc m¾t lµ: 23 giê 58 phót!
[20200207-235829]H«m nay sÏ kh«ng thùc thi: ®· qu¸ thêi gian!
[20200207-235829]Thêi gian thùc thi lÇn tíi: 11:0! 1581134429
[20200207-235829]Sè lÇn ®Şnh giê nhiÖm vô: 0 !
[20200207-235829]§Æt nÒn mãng nhiÖm vô ®Şnh giê thµnh c«ng: silingding_11.lua
[20200207-235829]NhiÖm vô ®Şnh giê 14: silingding_18.lua, Sè lÇn: 0
[20200207-235829]ThiÕt lËp thêi gian gi¸n c¸ch nhiÖm vô ®Şnh giê: 86400 gi©y mét lÇn!
[20200207-235829]ThiÕt lËp thêi gian nhiÖm vô ®Şnh giê: 18 giê 0 phót!
[20200207-235829]Thêi gian tr­íc m¾t lµ: 23 giê 58 phót!
[20200207-235829]H«m nay sÏ kh«ng thùc thi: ®· qu¸ thêi gian!
[20200207-235829]Thêi gian thùc thi lÇn tíi: 18:0! 1581159629
[20200207-235829]Sè lÇn ®Şnh giê nhiÖm vô: 0 !
[20200207-235829]§Æt nÒn mãng nhiÖm vô ®Şnh giê thµnh c«ng: silingding_18.lua
[20200207-235829]NhiÖm vô ®Şnh giê 15: silingding_23.lua, Sè lÇn: 0
[20200207-235829]ThiÕt lËp thêi gian gi¸n c¸ch nhiÖm vô ®Şnh giê: 86400 gi©y mét lÇn!
[20200207-235829]ThiÕt lËp thêi gian nhiÖm vô ®Şnh giê: 23 giê 0 phót!
[20200207-235829]Thêi gian tr­íc m¾t lµ: 23 giê 58 phót!
[20200207-235829]H«m nay sÏ kh«ng thùc thi: ®· qu¸ thêi gian!
[20200207-235829]Thêi gian thùc thi lÇn tíi: 23:0! 1581177629
[20200207-235829]Sè lÇn ®Şnh giê nhiÖm vô: 0 !
[20200207-235829]§Æt nÒn mãng nhiÖm vô ®Şnh giê thµnh c«ng: silingding_23.lua
[20200207-235829]NhiÖm vô ®Şnh giê 16: EventBoss_201103.lua, Sè lÇn: 0
[20200207-235829]ThiÕt lËp tªn nhiÖm vô ®Şnh giê: Boss Giæ tæ Hïng V­¬ng
[20200207-235829]ThiÕt lËp thêi gian gi¸n c¸ch nhiÖm vô ®Şnh giê: 3600 gi©y mét lÇn!
[20200207-235829]ThiÕt lËp thêi gian nhiÖm vô ®Şnh giê: 0 giê 0 phót!
[20200207-235829]Thêi gian tr­íc m¾t lµ: 23 giê 58 phót!
[20200207-235829]H«m nay sÏ kh«ng thùc thi: ®· qu¸ thêi gian!
[20200207-235829]Thêi gian thùc thi lÇn tíi: 0:0! 1581094829
[20200207-235829]Sè lÇn ®Şnh giê nhiÖm vô: 0 !
[20200207-235829]§Æt nÒn mãng nhiÖm vô ®Şnh giê thµnh c«ng: EventBoss_201103.lua
[20200207-235829]NhiÖm vô ®Şnh giê 17: lsb_callboss1.lua, Sè lÇn: 0
[20200207-235829]ThiÕt lËp tªn nhiÖm vô ®Şnh giê: Boss L­¬ng S¬n Hoµng Kim
[20200207-235829]ThiÕt lËp thêi gian gi¸n c¸ch nhiÖm vô ®Şnh giê: 86400 gi©y mét lÇn!
[20200207-235829]ThiÕt lËp thêi gian nhiÖm vô ®Şnh giê: 12 giê 30 phót!
[20200207-235829]Thêi gian tr­íc m¾t lµ: 23 giê 58 phót!
[20200207-235829]H«m nay sÏ kh«ng thùc thi: ®· qu¸ thêi gian!
[20200207-235829]Thêi gian thùc thi lÇn tíi: 12:30! 1581139829
[20200207-235829]Sè lÇn ®Şnh giê nhiÖm vô: 0 !
[20200207-235829]§Æt nÒn mãng nhiÖm vô ®Şnh giê thµnh c«ng: lsb_callboss1.lua
[20200207-235829]NhiÖm vô ®Şnh giê 18: lsb_callboss2.lua, Sè lÇn: 0
[20200207-235829]ThiÕt lËp tªn nhiÖm vô ®Şnh giê: Boss L­¬ng S¬n Hoµng Kim
[20200207-235829]ThiÕt lËp thêi gian gi¸n c¸ch nhiÖm vô ®Şnh giê: 86400 gi©y mét lÇn!
[20200207-235829]ThiÕt lËp thêi gian nhiÖm vô ®Şnh giê: 15 giê 30 phót!
[20200207-235829]Thêi gian tr­íc m¾t lµ: 23 giê 58 phót!
[20200207-235829]H«m nay sÏ kh«ng thùc thi: ®· qu¸ thêi gian!
[20200207-235829]Thêi gian thùc thi lÇn tíi: 15:30! 1581150629
[20200207-235829]Sè lÇn ®Şnh giê nhiÖm vô: 0 !
[20200207-235829]§Æt nÒn mãng nhiÖm vô ®Şnh giê thµnh c«ng: lsb_callboss2.lua
[20200207-235829]NhiÖm vô ®Şnh giê 19: lsb_callboss3.lua, Sè lÇn: 0
[20200207-235829]ThiÕt lËp tªn nhiÖm vô ®Şnh giê: Boss L­¬ng S¬n Hoµng Kim
[20200207-235829]ThiÕt lËp thêi gian gi¸n c¸ch nhiÖm vô ®Şnh giê: 86400 gi©y mét lÇn!
[20200207-235829]ThiÕt lËp thêi gian nhiÖm vô ®Şnh giê: 19 giê 30 phót!
[20200207-235829]Thêi gian tr­íc m¾t lµ: 23 giê 58 phót!
[20200207-235829]H«m nay sÏ kh«ng thùc thi: ®· qu¸ thêi gian!
[20200207-235829]Thêi gian thùc thi lÇn tíi: 19:30! 1581165029
[20200207-235829]Sè lÇn ®Şnh giê nhiÖm vô: 0 !
[20200207-235829]§Æt nÒn mãng nhiÖm vô ®Şnh giê thµnh c«ng: lsb_callboss3.lua
[20200207-235829]NhiÖm vô ®Şnh giê 20: lsb_callboss4.lua, Sè lÇn: 0
[20200207-235829]ThiÕt lËp tªn nhiÖm vô ®Şnh giê: Boss L­¬ng S¬n Hoµng Kim
[20200207-235829]ThiÕt lËp thêi gian gi¸n c¸ch nhiÖm vô ®Şnh giê: 86400 gi©y mét lÇn!
[20200207-235829]ThiÕt lËp thêi gian nhiÖm vô ®Şnh giê: 22 giê 30 phót!
[20200207-235829]Thêi gian tr­íc m¾t lµ: 23 giê 58 phót!
[20200207-235829]H«m nay sÏ kh«ng thùc thi: ®· qu¸ thêi gian!
[20200207-235829]Thêi gian thùc thi lÇn tíi: 22:30! 1581175829
[20200207-235829]Sè lÇn ®Şnh giê nhiÖm vô: 0 !
[20200207-235829]§Æt nÒn mãng nhiÖm vô ®Şnh giê thµnh c«ng: lsb_callboss4.lua
[20200207-235829]NhiÖm vô ®Şnh giê 21: oly_generate_lucknum.lua, Sè lÇn: 0
[20200207-235829]ThiÕt lËp tªn nhiÖm vô ®Şnh giê: ThiÕt lËp ch÷ sè may m¾n ho¹t ®éng Olympic
[20200207-235829]ThiÕt lËp thêi gian gi¸n c¸ch nhiÖm vô ®Şnh giê: 86400 gi©y mét lÇn!
[20200207-235829]ThiÕt lËp thêi gian nhiÖm vô ®Şnh giê: 20 giê 58 phót!
[20200207-235829]Thêi gian tr­íc m¾t lµ: 23 giê 58 phót!
[20200207-235829]H«m nay sÏ kh«ng thùc thi: ®· qu¸ thêi gian!
[20200207-235829]Thêi gian thùc thi lÇn tíi: 20:58! 1581170309
[20200207-235829]Sè lÇn ®Şnh giê nhiÖm vô: 0 !
[20200207-235829]§Æt nÒn mãng nhiÖm vô ®Şnh giê thµnh c«ng: oly_generate_lucknum.lua
[20200207-235829]NhiÖm vô ®Şnh giê 22: oly_clean_data.lua, Sè lÇn: 0
[20200207-235829]ThiÕt lËp tªn nhiÖm vô ®Şnh giê: CËp nhËt d÷ liÖu ho¹t ®éng Olympic
[20200207-235829]ThiÕt lËp thêi gian gi¸n c¸ch nhiÖm vô ®Şnh giê: 86400 gi©y mét lÇn!
[20200207-235829]ThiÕt lËp thêi gian nhiÖm vô ®Şnh giê: 23 giê 58 phót!
[20200207-235829]Thêi gian tr­íc m¾t lµ: 23 giê 58 phót!
[20200207-235829]Thêi gian thùc thi lÇn tíi: 23:58! 1581094709
[20200207-235829]Sè lÇn ®Şnh giê nhiÖm vô: 0 !
[20200207-235829]§Æt nÒn mãng nhiÖm vô ®Şnh giê thµnh c«ng: oly_clean_data.lua
[20200207-235829]NhiÖm vô ®Şnh giê 23: qht_timer_clean.lua, Sè lÇn: 0
[20200207-235829]ThiÕt lËp tªn nhiÖm vô ®Şnh giê: ThiÕt lËp thêi gian Thiªn TÇm Th¸p
[20200207-235829]ThiÕt lËp thêi gian gi¸n c¸ch nhiÖm vô ®Şnh giê: 86400 gi©y mét lÇn!
[20200207-235829]ThiÕt lËp thêi gian nhiÖm vô ®Şnh giê: 0 giê 30 phót!
[20200207-235829]Thêi gian tr­íc m¾t lµ: 23 giê 58 phót!
[20200207-235829]H«m nay sÏ kh«ng thùc thi: ®· qu¸ thêi gian!
[20200207-235829]Thêi gian thùc thi lÇn tíi: 0:30! 1581096629
[20200207-235829]Sè lÇn ®Şnh giê nhiÖm vô: 0 !
[20200207-235829]§Æt nÒn mãng nhiÖm vô ®Şnh giê thµnh c«ng: qht_timer_clean.lua
[20200207-235829]NhiÖm vô ®Şnh giê 24: dzt_create_boss.lua, Sè lÇn: 0
[20200207-235829]ThiÕt lËp tªn nhiÖm vô ®Şnh giê: §¹i t¸c chiÕn truy t×m l¹i ch÷ viÕt
[20200207-235829]ThiÕt lËp thêi gian gi¸n c¸ch nhiÖm vô ®Şnh giê: 3600 gi©y mét lÇn!
[20200207-235829]ThiÕt lËp thêi gian nhiÖm vô ®Şnh giê: 10 giê 0 phót!
[20200207-235829]Thêi gian tr­íc m¾t lµ: 23 giê 58 phót!
[20200207-235829]H«m nay sÏ kh«ng thùc thi: ®· qu¸ thêi gian!
[20200207-235829]Thêi gian thùc thi lÇn tíi: 10:0! 1581130829
[20200207-235829]Sè lÇn ®Şnh giê nhiÖm vô: 0 !
[20200207-235829]§Æt nÒn mãng nhiÖm vô ®Şnh giê thµnh c«ng: dzt_create_boss.lua
[20200207-235829]NhiÖm vô ®Şnh giê 25: dzt_close.lua, Sè lÇn: 0
[20200207-235829]ThiÕt lËp tªn nhiÖm vô ®Şnh giê: §¹i t¸c chiÕn truy t×m l¹i ch÷ viÕt
[20200207-235829]ThiÕt lËp thêi gian gi¸n c¸ch nhiÖm vô ®Şnh giê: 3600 gi©y mét lÇn!
[20200207-235829]ThiÕt lËp thêi gian nhiÖm vô ®Şnh giê: 10 giê 30 phót!
[20200207-235829]Thêi gian tr­íc m¾t lµ: 23 giê 58 phót!
[20200207-235829]H«m nay sÏ kh«ng thùc thi: ®· qu¸ thêi gian!
[20200207-235829]Thêi gian thùc thi lÇn tíi: 10:30! 1581132629
[20200207-235829]Sè lÇn ®Şnh giê nhiÖm vô: 0 !
[20200207-235829]§Æt nÒn mãng nhiÖm vô ®Şnh giê thµnh c«ng: dzt_close.lua
[20200207-235829]NhiÖm vô ®Şnh giê 26: cc_call_boss1.lua, Sè lÇn: 0
[20200207-235829]ThiÕt lËp tªn nhiÖm vô ®Şnh giê: Lµm míi ThÎ Tù BOSS 
[20200207-235829]ThiÕt lËp thêi gian gi¸n c¸ch nhiÖm vô ®Şnh giê: 86400 gi©y mét lÇn!
[20200207-235829]ThiÕt lËp thêi gian nhiÖm vô ®Şnh giê: 8 giê 30 phót!
[20200207-235829]Thêi gian tr­íc m¾t lµ: 23 giê 58 phót!
[20200207-235829]H«m nay sÏ kh«ng thùc thi: ®· qu¸ thêi gian!
[20200207-235829]Thêi gian thùc thi lÇn tíi: 8:30! 1581125429
[20200207-235829]Sè lÇn ®Şnh giê nhiÖm vô: 0 !
[20200207-235829]§Æt nÒn mãng nhiÖm vô ®Şnh giê thµnh c«ng: cc_call_boss1.lua
[20200207-235829]NhiÖm vô ®Şnh giê 27: cc_call_boss2.lua, Sè lÇn: 0
[20200207-235829]ThiÕt lËp tªn nhiÖm vô ®Şnh giê: Lµm míi ThÎ Tù BOSS 
[20200207-235829]ThiÕt lËp thêi gian gi¸n c¸ch nhiÖm vô ®Şnh giê: 86400 gi©y mét lÇn!
[20200207-235829]ThiÕt lËp thêi gian nhiÖm vô ®Şnh giê: 12 giê 30 phót!
[20200207-235829]Thêi gian tr­íc m¾t lµ: 23 giê 58 phót!
[20200207-235829]H«m nay sÏ kh«ng thùc thi: ®· qu¸ thêi gian!
[20200207-235829]Thêi gian thùc thi lÇn tíi: 12:30! 1581139829
[20200207-235829]Sè lÇn ®Şnh giê nhiÖm vô: 0 !
[20200207-235829]§Æt nÒn mãng nhiÖm vô ®Şnh giê thµnh c«ng: cc_call_boss2.lua
[20200207-235829]NhiÖm vô ®Şnh giê 28: cc_call_boss3.lua, Sè lÇn: 0
[20200207-235829]ThiÕt lËp tªn nhiÖm vô ®Şnh giê: Lµm míi ThÎ Tù BOSS 
[20200207-235829]ThiÕt lËp thêi gian gi¸n c¸ch nhiÖm vô ®Şnh giê: 86400 gi©y mét lÇn!
[20200207-235829]ThiÕt lËp thêi gian nhiÖm vô ®Şnh giê: 17 giê 30 phót!
[20200207-235829]Thêi gian tr­íc m¾t lµ: 23 giê 58 phót!
[20200207-235829]H«m nay sÏ kh«ng thùc thi: ®· qu¸ thêi gian!
[20200207-235829]Thêi gian thùc thi lÇn tíi: 17:30! 1581157829
[20200207-235829]Sè lÇn ®Şnh giê nhiÖm vô: 0 !
[20200207-235829]§Æt nÒn mãng nhiÖm vô ®Şnh giê thµnh c«ng: cc_call_boss3.lua
[20200207-235829]NhiÖm vô ®Şnh giê 29: cc_call_boss4.lua, Sè lÇn: 0
[20200207-235829]ThiÕt lËp tªn nhiÖm vô ®Şnh giê: Lµm míi ThÎ Tù BOSS 
[20200207-235829]ThiÕt lËp thêi gian gi¸n c¸ch nhiÖm vô ®Şnh giê: 86400 gi©y mét lÇn!
[20200207-235829]ThiÕt lËp thêi gian nhiÖm vô ®Şnh giê: 22 giê 30 phót!
[20200207-235829]Thêi gian tr­íc m¾t lµ: 23 giê 58 phót!
[20200207-235829]H«m nay sÏ kh«ng thùc thi: ®· qu¸ thêi gian!
[20200207-235829]Thêi gian thùc thi lÇn tíi: 22:30! 1581175829
[20200207-235829]Sè lÇn ®Şnh giê nhiÖm vô: 0 !
[20200207-235829]§Æt nÒn mãng nhiÖm vô ®Şnh giê thµnh c«ng: cc_call_boss4.lua
[20200207-235829]NhiÖm vô ®Şnh giê 30: qht_create_gold_boss1.lua, Sè lÇn: 0
[20200207-235829]ThiÕt lËp tªn nhiÖm vô ®Şnh giê: Thiªn TÇm Th¸p Hoµng Kim BOSS xuÊt hiÖn!
[20200207-235829]ThiÕt lËp thêi gian gi¸n c¸ch nhiÖm vô ®Şnh giê: 86400 gi©y mét lÇn!
[20200207-235829]ThiÕt lËp thêi gian nhiÖm vô ®Şnh giê: 12 giê 30 phót!
[20200207-235829]Thêi gian tr­íc m¾t lµ: 23 giê 58 phót!
[20200207-235829]H«m nay sÏ kh«ng thùc thi: ®· qu¸ thêi gian!
[20200207-235829]Thêi gian thùc thi lÇn tíi: 12:30! 1581139829
[20200207-235829]Sè lÇn ®Şnh giê nhiÖm vô: 0 !
[20200207-235829]§Æt nÒn mãng nhiÖm vô ®Şnh giê thµnh c«ng: qht_create_gold_boss1.lua
[20200207-235829]NhiÖm vô ®Şnh giê 31: qht_create_gold_boss2.lua, Sè lÇn: 0
[20200207-235829]ThiÕt lËp tªn nhiÖm vô ®Şnh giê: Thiªn TÇm Th¸p Hoµng Kim BOSS xuÊt hiÖn!
[20200207-235829]ThiÕt lËp thêi gian gi¸n c¸ch nhiÖm vô ®Şnh giê: 86400 gi©y mét lÇn!
[20200207-235829]ThiÕt lËp thêi gian nhiÖm vô ®Şnh giê: 22 giê 0 phót!
[20200207-235829]Thêi gian tr­íc m¾t lµ: 23 giê 58 phót!
[20200207-235829]H«m nay sÏ kh«ng thùc thi: ®· qu¸ thêi gian!
[20200207-235829]Thêi gian thùc thi lÇn tíi: 22:0! 1581174029
[20200207-235829]Sè lÇn ®Şnh giê nhiÖm vô: 0 !
[20200207-235829]§Æt nÒn mãng nhiÖm vô ®Şnh giê thµnh c«ng: qht_create_gold_boss2.lua
[20200207-235829]NhiÖm vô ®Şnh giê 32: sp2014_createnpc_1.lua, Sè lÇn: 0
[20200207-235829]ThiÕt lËp tªn nhiÖm vô ®Şnh giê: Niªn Thó 2014
[20200207-235829]ThiÕt lËp thêi gian gi¸n c¸ch nhiÖm vô ®Şnh giê: 86400 gi©y mét lÇn!
[20200207-235829]ThiÕt lËp thêi gian nhiÖm vô ®Şnh giê: 12 giê 0 phót!
[20200207-235829]Thêi gian tr­íc m¾t lµ: 23 giê 58 phót!
[20200207-235829]H«m nay sÏ kh«ng thùc thi: ®· qu¸ thêi gian!
[20200207-235829]Thêi gian thùc thi lÇn tíi: 12:0! 1581138029
[20200207-235829]Sè lÇn ®Şnh giê nhiÖm vô: 0 !
[20200207-235829]§Æt nÒn mãng nhiÖm vô ®Şnh giê thµnh c«ng: sp2014_createnpc_1.lua
[20200207-235829]NhiÖm vô ®Şnh giê 33: sp2014_createnpc_2.lua, Sè lÇn: 0
[20200207-235829]ThiÕt lËp tªn nhiÖm vô ®Şnh giê: Niªn Thó 2014
[20200207-235829]ThiÕt lËp thêi gian gi¸n c¸ch nhiÖm vô ®Şnh giê: 86400 gi©y mét lÇn!
[20200207-235829]ThiÕt lËp thêi gian nhiÖm vô ®Şnh giê: 21 giê 0 phót!
[20200207-235829]Thêi gian tr­íc m¾t lµ: 23 giê 58 phót!
[20200207-235829]H«m nay sÏ kh«ng thùc thi: ®· qu¸ thêi gian!
[20200207-235829]Thêi gian thùc thi lÇn tíi: 21:0! 1581170429
[20200207-235829]Sè lÇn ®Şnh giê nhiÖm vô: 0 !
[20200207-235829]§Æt nÒn mãng nhiÖm vô ®Şnh giê thµnh c«ng: sp2014_createnpc_2.lua
[20200207-235829]NhiÖm vô ®Şnh giê 34: clear_gest_jiaoyi.lua, Sè lÇn: 0
[20200207-235829]ThiÕt lËp tªn nhiÖm vô ®Şnh giê: Xãa bá h¹ng tû vâ
[20200207-235829]ThiÕt lËp thêi gian gi¸n c¸ch nhiÖm vô ®Şnh giê: 3600 gi©y mét lÇn!
[20200207-235829]ThiÕt lËp thêi gian nhiÖm vô ®Şnh giê: 23 giê 58 phót!
[20200207-235829]Thêi gian tr­íc m¾t lµ: 23 giê 58 phót!
[20200207-235829]Thêi gian thùc thi lÇn tíi: 23:58! 1581094709
[20200207-235829]Sè lÇn ®Şnh giê nhiÖm vô: 0 !
[20200207-235829]§Æt nÒn mãng nhiÖm vô ®Şnh giê thµnh c«ng: clear_gest_jiaoyi.lua
[20200207-235829]NhiÖm vô ®Şnh giê 35: world_boss.lua, Sè lÇn: 0
[20200207-235829]ThiÕt lËp tªn nhiÖm vô ®Şnh giê: T¹o míi BOSS ThÕ Giíi
[20200207-235829]ThiÕt lËp thêi gian gi¸n c¸ch nhiÖm vô ®Şnh giê: 86400 gi©y mét lÇn!
[20200207-235829]ThiÕt lËp thêi gian nhiÖm vô ®Şnh giê: 14 giê 30 phót!
[20200207-235829]Thêi gian tr­íc m¾t lµ: 23 giê 58 phót!
[20200207-235829]H«m nay sÏ kh«ng thùc thi: ®· qu¸ thêi gian!
[20200207-235829]Thêi gian thùc thi lÇn tíi: 14:30! 1581147029
[20200207-235829]Sè lÇn ®Şnh giê nhiÖm vô: 0 !
[20200207-235829]§Æt nÒn mãng nhiÖm vô ®Şnh giê thµnh c«ng: world_boss.lua
[20200207-235829]NhiÖm vô ®Şnh giê 36: world_boss1.lua, Sè lÇn: 0
[20200207-235829]ThiÕt lËp tªn nhiÖm vô ®Şnh giê: T¹o míi BOSS ThÕ Giíi
[20200207-235829]ThiÕt lËp thêi gian gi¸n c¸ch nhiÖm vô ®Şnh giê: 86400 gi©y mét lÇn!
[20200207-235829]ThiÕt lËp thêi gian nhiÖm vô ®Şnh giê: 20 giê 0 phót!
[20200207-235829]Thêi gian tr­íc m¾t lµ: 23 giê 58 phót!
[20200207-235829]H«m nay sÏ kh«ng thùc thi: ®· qu¸ thêi gian!
[20200207-235829]Thêi gian thùc thi lÇn tíi: 20:0! 1581166829
[20200207-235829]Sè lÇn ®Şnh giê nhiÖm vô: 0 !
[20200207-235829]§Æt nÒn mãng nhiÖm vô ®Şnh giê thµnh c«ng: world_boss1.lua
[20200207-235829]NhiÖm vô ®Şnh giê 37: hua_deng1.lua, Sè lÇn: 0
[20200207-235829]ThiÕt lËp tªn nhiÖm vô ®Şnh giê: §Ìn Hoa §¨ng
[20200207-235829]ThiÕt lËp thêi gian gi¸n c¸ch nhiÖm vô ®Şnh giê: 86400 gi©y mét lÇn!
[20200207-235829]ThiÕt lËp thêi gian nhiÖm vô ®Şnh giê: 10 giê 0 phót!
[20200207-235829]Thêi gian tr­íc m¾t lµ: 23 giê 58 phót!
[20200207-235829]H«m nay sÏ kh«ng thùc thi: ®· qu¸ thêi gian!
[20200207-235829]Thêi gian thùc thi lÇn tíi: 10:0! 1581130829
[20200207-235829]Sè lÇn ®Şnh giê nhiÖm vô: 0 !
[20200207-235829]§Æt nÒn mãng nhiÖm vô ®Şnh giê thµnh c«ng: hua_deng1.lua
[20200207-235829]NhiÖm vô ®Şnh giê 38: hua_deng2.lua, Sè lÇn: 0
[20200207-235829]ThiÕt lËp tªn nhiÖm vô ®Şnh giê: §Ìn Hoa §¨ng
[20200207-235829]ThiÕt lËp thêi gian gi¸n c¸ch nhiÖm vô ®Şnh giê: 86400 gi©y mét lÇn!
[20200207-235829]ThiÕt lËp thêi gian nhiÖm vô ®Şnh giê: 11 giê 0 phót!
[20200207-235829]Thêi gian tr­íc m¾t lµ: 23 giê 58 phót!
[20200207-235829]H«m nay sÏ kh«ng thùc thi: ®· qu¸ thêi gian!
[20200207-235829]Thêi gian thùc thi lÇn tíi: 11:0! 1581134429
[20200207-235829]Sè lÇn ®Şnh giê nhiÖm vô: 0 !
[20200207-235829]§Æt nÒn mãng nhiÖm vô ®Şnh giê thµnh c«ng: hua_deng2.lua
[20200207-235829]NhiÖm vô ®Şnh giê 39: hua_deng3.lua, Sè lÇn: 0
[20200207-235829]ThiÕt lËp tªn nhiÖm vô ®Şnh giê: §Ìn Hoa §¨ng
[20200207-235829]ThiÕt lËp thêi gian gi¸n c¸ch nhiÖm vô ®Şnh giê: 86400 gi©y mét lÇn!
[20200207-235829]ThiÕt lËp thêi gian nhiÖm vô ®Şnh giê: 16 giê 0 phót!
[20200207-235829]Thêi gian tr­íc m¾t lµ: 23 giê 58 phót!
[20200207-235829]H«m nay sÏ kh«ng thùc thi: ®· qu¸ thêi gian!
[20200207-235829]Thêi gian thùc thi lÇn tíi: 16:0! 1581152429
[20200207-235829]Sè lÇn ®Şnh giê nhiÖm vô: 0 !
[20200207-235829]§Æt nÒn mãng nhiÖm vô ®Şnh giê thµnh c«ng: hua_deng3.lua
[20200207-235829]NhiÖm vô ®Şnh giê 40: hua_deng4.lua, Sè lÇn: 0
[20200207-235829]ThiÕt lËp tªn nhiÖm vô ®Şnh giê: §Ìn Hoa §¨ng
[20200207-235829]ThiÕt lËp thêi gian gi¸n c¸ch nhiÖm vô ®Şnh giê: 86400 gi©y mét lÇn!
[20200207-235829]ThiÕt lËp thêi gian nhiÖm vô ®Şnh giê: 17 giê 0 phót!
[20200207-235829]Thêi gian tr­íc m¾t lµ: 23 giê 58 phót!
[20200207-235829]H«m nay sÏ kh«ng thùc thi: ®· qu¸ thêi gian!
[20200207-235829]Thêi gian thùc thi lÇn tíi: 17:0! 1581156029
[20200207-235829]Sè lÇn ®Şnh giê nhiÖm vô: 0 !
[20200207-235829]§Æt nÒn mãng nhiÖm vô ®Şnh giê thµnh c«ng: hua_deng4.lua
[20200207-235829]NhiÖm vô ®Şnh giê 41: hua_deng5.lua, Sè lÇn: 0
[20200207-235829]ThiÕt lËp tªn nhiÖm vô ®Şnh giê: §Ìn Hoa §¨ng
[20200207-235829]ThiÕt lËp thêi gian gi¸n c¸ch nhiÖm vô ®Şnh giê: 86400 gi©y mét lÇn!
[20200207-235829]ThiÕt lËp thêi gian nhiÖm vô ®Şnh giê: 21 giê 0 phót!
[20200207-235829]Thêi gian tr­íc m¾t lµ: 23 giê 58 phót!
[20200207-235829]H«m nay sÏ kh«ng thùc thi: ®· qu¸ thêi gian!
[20200207-235829]Thêi gian thùc thi lÇn tíi: 21:0! 1581170429
[20200207-235829]Sè lÇn ®Şnh giê nhiÖm vô: 0 !
[20200207-235829]§Æt nÒn mãng nhiÖm vô ®Şnh giê thµnh c«ng: hua_deng5.lua
[20200207-235829]NhiÖm vô ®Şnh giê 42: hua_deng6.lua, Sè lÇn: 0
[20200207-235829]ThiÕt lËp tªn nhiÖm vô ®Şnh giê: §Ìn Hoa §¨ng
[20200207-235829]ThiÕt lËp thêi gian gi¸n c¸ch nhiÖm vô ®Şnh giê: 86400 gi©y mét lÇn!
[20200207-235829]ThiÕt lËp thêi gian nhiÖm vô ®Şnh giê: 22 giê 0 phót!
[20200207-235829]Thêi gian tr­íc m¾t lµ: 23 giê 58 phót!
[20200207-235829]H«m nay sÏ kh«ng thùc thi: ®· qu¸ thêi gian!
[20200207-235829]Thêi gian thùc thi lÇn tíi: 22:0! 1581174029
[20200207-235829]Sè lÇn ®Şnh giê nhiÖm vô: 0 !
[20200207-235829]§Æt nÒn mãng nhiÖm vô ®Şnh giê thµnh c«ng: hua_deng6.lua
[20200207-235829]NhiÖm vô ®Şnh giê 43: ibc_boss1.lua, Sè lÇn: 0
[20200207-235829]ThiÕt lËp thêi gian gi¸n c¸ch nhiÖm vô ®Şnh giê: 86400 gi©y mét lÇn!
[20200207-235829]ThiÕt lËp thêi gian nhiÖm vô ®Şnh giê: 13 giê 0 phót!
[20200207-235829]Thêi gian tr­íc m¾t lµ: 23 giê 58 phót!
[20200207-235829]H«m nay sÏ kh«ng thùc thi: ®· qu¸ thêi gian!
[20200207-235829]Thêi gian thùc thi lÇn tíi: 13:0! 1581141629
[20200207-235829]Sè lÇn ®Şnh giê nhiÖm vô: 0 !
[20200207-235829]§Æt nÒn mãng nhiÖm vô ®Şnh giê thµnh c«ng: ibc_boss1.lua
[20200207-235829]NhiÖm vô ®Şnh giê 44: ibc_boss2.lua, Sè lÇn: 0
[20200207-235829]ThiÕt lËp thêi gian gi¸n c¸ch nhiÖm vô ®Şnh giê: 86400 gi©y mét lÇn!
[20200207-235829]ThiÕt lËp thêi gian nhiÖm vô ®Şnh giê: 19 giê 0 phót!
[20200207-235829]Thêi gian tr­íc m¾t lµ: 23 giê 58 phót!
[20200207-235829]H«m nay sÏ kh«ng thùc thi: ®· qu¸ thêi gian!
[20200207-235829]Thêi gian thùc thi lÇn tíi: 19:0! 1581163229
[20200207-235829]Sè lÇn ®Şnh giê nhiÖm vô: 0 !
[20200207-235829]§Æt nÒn mãng nhiÖm vô ®Şnh giê thµnh c«ng: ibc_boss2.lua
[20200207-235829]NhiÖm vô ®Şnh giê 45: ibc_boss3.lua, Sè lÇn: 0
[20200207-235829]ThiÕt lËp thêi gian gi¸n c¸ch nhiÖm vô ®Şnh giê: 86400 gi©y mét lÇn!
[20200207-235829]ThiÕt lËp thêi gian nhiÖm vô ®Şnh giê: 22 giê 0 phót!
[20200207-235829]Thêi gian tr­íc m¾t lµ: 23 giê 58 phót!
[20200207-235829]H«m nay sÏ kh«ng thùc thi: ®· qu¸ thêi gian!
[20200207-235829]Thêi gian thùc thi lÇn tíi: 22:0! 1581174029
[20200207-235829]Sè lÇn ®Şnh giê nhiÖm vô: 0 !
[20200207-235829]§Æt nÒn mãng nhiÖm vô ®Şnh giê thµnh c«ng: ibc_boss3.lua
[20200207-235830]Thùc thi NhiÖm vô ®Şnh giê: oly_clean_data.lua
[20200207-235830]Thêi gian thùc thi lÇn sau: 1581174029!
[20200207-235830]Thùc thi NhiÖm vô ®Şnh giê: clear_gest_jiaoyi.lua
[20200207-235830]Thêi gian thùc thi lÇn sau: 1581174029!
[20200207-235929]Thùc thi NhiÖm vô ®Şnh giê: biwudahuiqianzou.lua
[20200207-235929]Thêi gian thùc thi lÇn sau: 1581174029!
[20200208-000029]Thùc thi NhiÖm vô ®Şnh giê: biwudahuiqianzou.lua
[20200208-000029]Thêi gian thùc thi lÇn sau: 1581174029!
[20200208-000029]Thùc thi NhiÖm vô ®Şnh giê: daliytask.lua
[20200208-000029]Thêi gian thùc thi lÇn sau: 1581174029!
[20200208-000029]Thùc thi NhiÖm vô ®Şnh giê: EventBoss_201103.lua
[20200208-000029]Thêi gian thùc thi lÇn sau: 1581174029!
[20200208-000129]Thùc thi NhiÖm vô ®Şnh giê: biwudahuiqianzou.lua
[20200208-000129]Thêi gian thùc thi lÇn sau: 1581174029!
[20200208-000229]Thùc thi NhiÖm vô ®Şnh giê: biwudahuiqianzou.lua
[20200208-000229]Thêi gian thùc thi lÇn sau: 1581174029!
[20200208-000329]Thùc thi NhiÖm vô ®Şnh giê: biwudahuiqianzou.lua
[20200208-000329]Thêi gian thùc thi lÇn sau: 1581174029!
[20200208-000429]Thùc thi NhiÖm vô ®Şnh giê: biwudahuiqianzou.lua
[20200208-000429]Thêi gian thùc thi lÇn sau: 1581174029!
[20200208-000529]Thùc thi NhiÖm vô ®Şnh giê: biwudahuiqianzou.lua
[20200208-000529]Thêi gian thùc thi lÇn sau: 1581174029!
[20200208-000629]Thùc thi NhiÖm vô ®Şnh giê: biwudahuiqianzou.lua
[20200208-000629]Thêi gian thùc thi lÇn sau: 1581174029!
[20200208-000729]Thùc thi NhiÖm vô ®Şnh giê: biwudahuiqianzou.lua
[20200208-000729]Thêi gian thùc thi lÇn sau: 1581174029!
[20200208-000829]Thùc thi NhiÖm vô ®Şnh giê: CollectionTaskStart.lua
[20200208-000829]Thêi gian thùc thi lÇn sau: 1581174029!
[20200208-000829]Thùc thi NhiÖm vô ®Şnh giê: random_shop_npc.lua
[20200208-000829]Thêi gian thùc thi lÇn sau: 1581174029!
[20200208-000829]Thùc thi NhiÖm vô ®Şnh giê: north_west_task.lua
[20200208-000829]Thêi gian thùc thi lÇn sau: 1581174029!
[20200208-000829]Thùc thi NhiÖm vô ®Şnh giê: biwudahuiqianzou.lua
[20200208-000829]Thêi gian thùc thi lÇn sau: 1581174029!
[20200208-000929]Thùc thi NhiÖm vô ®Şnh giê: biwudahuiqianzou.lua
[20200208-000929]Thêi gian thùc thi lÇn sau: 1581174029!
[20200208-001029]Thùc thi NhiÖm vô ®Şnh giê: biwudahuiqianzou.lua
[20200208-001029]Thêi gian thùc thi lÇn sau: 1581174029!
[20200208-001129]Thùc thi NhiÖm vô ®Şnh giê: biwudahuiqianzou.lua
[20200208-001129]Thêi gian thùc thi lÇn sau: 1581174029!
[20200208-001229]Thùc thi NhiÖm vô ®Şnh giê: biwudahuiqianzou.lua
[20200208-001229]Thêi gian thùc thi lÇn sau: 1581174029!
[20200208-001329]Thùc thi NhiÖm vô ®Şnh giê: biwudahuiqianzou.lua
[20200208-001329]Thêi gian thùc thi lÇn sau: 1581174029!
[20200208-001429]Thùc thi NhiÖm vô ®Şnh giê: biwudahuiqianzou.lua
[20200208-001429]Thêi gian thùc thi lÇn sau: 1581174029!
[20200208-001529]Thùc thi NhiÖm vô ®Şnh giê: biwudahuiqianzou.lua
[20200208-001529]Thêi gian thùc thi lÇn sau: 1581174029!
[20200208-001629]Thùc thi NhiÖm vô ®Şnh giê: biwudahuiqianzou.lua
[20200208-001629]Thêi gian thùc thi lÇn sau: 1581174029!
[20200208-001729]Thùc thi NhiÖm vô ®Şnh giê: biwudahuiqianzou.lua
[20200208-001729]Thêi gian thùc thi lÇn sau: 1581174029!
[20200208-001829]Thùc thi NhiÖm vô ®Şnh giê: biwudahuiqianzou.lua
[20200208-001829]Thêi gian thùc thi lÇn sau: 1581174029!
[20200208-001929]Thùc thi NhiÖm vô ®Şnh giê: biwudahuiqianzou.lua
[20200208-001929]Thêi gian thùc thi lÇn sau: 1581174029!
[20200208-002029]Thùc thi NhiÖm vô ®Şnh giê: biwudahuiqianzou.lua
[20200208-002029]Thêi gian thùc thi lÇn sau: 1581174029!
[20200208-002129]Thùc thi NhiÖm vô ®Şnh giê: biwudahuiqianzou.lua
[20200208-002129]Thêi gian thùc thi lÇn sau: 1581174029!
[20200208-002229]Thùc thi NhiÖm vô ®Şnh giê: biwudahuiqianzou.lua
[20200208-002229]Thêi gian thùc thi lÇn sau: 1581174029!
[20200208-002329]Thùc thi NhiÖm vô ®Şnh giê: biwudahuiqianzou.lua
[20200208-002329]Thêi gian thùc thi lÇn sau: 1581174029!
[20200208-002429]Thùc thi NhiÖm vô ®Şnh giê: biwudahuiqianzou.lua
[20200208-002429]Thêi gian thùc thi lÇn sau: 1581174029!
[20200208-002529]Thùc thi NhiÖm vô ®Şnh giê: biwudahuiqianzou.lua
[20200208-002529]Thêi gian thùc thi lÇn sau: 1581174029!
[20200208-002629]Thùc thi NhiÖm vô ®Şnh giê: biwudahuiqianzou.lua
[20200208-002629]Thêi gian thùc thi lÇn sau: 1581174029!
[20200208-002729]Thùc thi NhiÖm vô ®Şnh giê: biwudahuiqianzou.lua
[20200208-002729]Thêi gian thùc thi lÇn sau: 1581174029!
[20200208-002829]Thùc thi NhiÖm vô ®Şnh giê: biwudahuiqianzou.lua
[20200208-002829]Thêi gian thùc thi lÇn sau: 1581174029!
[20200208-002929]Thùc thi NhiÖm vô ®Şnh giê: biwudahuiqianzou.lua
[20200208-002929]Thêi gian thùc thi lÇn sau: 1581174029!
[20200208-003029]Thùc thi NhiÖm vô ®Şnh giê: biwudahuiqianzou.lua
[20200208-003029]Thêi gian thùc thi lÇn sau: 1581174029!
[20200208-003029]Thùc thi NhiÖm vô ®Şnh giê: qht_timer_clean.lua
[20200208-003029]Thêi gian thùc thi lÇn sau: 1581174029!
[20200208-003129]Thùc thi NhiÖm vô ®Şnh giê: biwudahuiqianzou.lua
[20200208-003129]Thêi gian thùc thi lÇn sau: 1581174029!
[20200208-003229]Thùc thi NhiÖm vô ®Şnh giê: biwudahuiqianzou.lua
[20200208-003229]Thêi gian thùc thi lÇn sau: 1581174029!
[20200208-003329]Thùc thi NhiÖm vô ®Şnh giê: biwudahuiqianzou.lua
[20200208-003329]Thêi gian thùc thi lÇn sau: 1581174029!
[20200208-003429]Thùc thi NhiÖm vô ®Şnh giê: biwudahuiqianzou.lua
[20200208-003429]Thêi gian thùc thi lÇn sau: 1581174029!
[20200208-003529]Thùc thi NhiÖm vô ®Şnh giê: biwudahuiqianzou.lua
[20200208-003529]Thêi gian thùc thi lÇn sau: 1581174029!
[20200208-003629]Thùc thi NhiÖm vô ®Şnh giê: biwudahuiqianzou.lua
[20200208-003629]Thêi gian thùc thi lÇn sau: 1581174029!
[20200208-003729]Thùc thi NhiÖm vô ®Şnh giê: biwudahuiqianzou.lua
[20200208-003729]Thêi gian thùc thi lÇn sau: 1581174029!
[20200208-003829]Thùc thi NhiÖm vô ®Şnh giê: CollectionTaskClose.lua
[20200208-003829]Thêi gian thùc thi lÇn sau: 1581174029!
[20200208-003829]Thùc thi NhiÖm vô ®Şnh giê: random_shop_npc.lua
[20200208-003829]Thêi gian thùc thi lÇn sau: 1581174029!
[20200208-003829]Thùc thi NhiÖm vô ®Şnh giê: north_west_task.lua
[20200208-003829]Thêi gian thùc thi lÇn sau: 1581174029!
[20200208-003829]Thùc thi NhiÖm vô ®Şnh giê: biwudahuiqianzou.lua
[20200208-003829]Thêi gian thùc thi lÇn sau: 1581174029!
[20200208-003929]Thùc thi NhiÖm vô ®Şnh giê: biwudahuiqianzou.lua
[20200208-003929]Thêi gian thùc thi lÇn sau: 1581174029!
[20200208-004029]Thùc thi NhiÖm vô ®Şnh giê: biwudahuiqianzou.lua
[20200208-004029]Thêi gian thùc thi lÇn sau: 1581174029!
[20200208-004129]Thùc thi NhiÖm vô ®Şnh giê: biwudahuiqianzou.lua
[20200208-004129]Thêi gian thùc thi lÇn sau: 1581174029!
[20200208-004229]Thùc thi NhiÖm vô ®Şnh giê: biwudahuiqianzou.lua
[20200208-004229]Thêi gian thùc thi lÇn sau: 1581174029!
[20200208-004329]Thùc thi NhiÖm vô ®Şnh giê: biwudahuiqianzou.lua
[20200208-004329]Thêi gian thùc thi lÇn sau: 1581174029!
[20200208-004429]Thùc thi NhiÖm vô ®Şnh giê: biwudahuiqianzou.lua
[20200208-004429]Thêi gian thùc thi lÇn sau: 1581174029!
[20200208-004450]Hñy bá tÊt c¶ nhiÖm vô!
[20200208-004450]Hñy bá nhiÖm vô ®Şnh giê: CollectionTaskStart.lua, Sè lÇn thiÕt lËp nhiÖm vô: 0  Sè lÇn ®· thùc thi: 0
[20200208-004450]Hñy bá nhiÖm vô ®Şnh giê: CollectionTaskClose.lua, Sè lÇn thiÕt lËp nhiÖm vô: 0  Sè lÇn ®· thùc thi: 0
[20200208-004450]Hñy bá nhiÖm vô ®Şnh giê: CallBoss_13.lua, Sè lÇn thiÕt lËp nhiÖm vô: 0  Sè lÇn ®· thùc thi: 0
[20200208-004450]Hñy bá nhiÖm vô ®Şnh giê: CallBoss_21.lua, Sè lÇn thiÕt lËp nhiÖm vô: 0  Sè lÇn ®· thùc thi: 0
[20200208-004450]Hñy bá nhiÖm vô ®Şnh giê: CallBoss_23.lua, Sè lÇn thiÕt lËp nhiÖm vô: 0  Sè lÇn ®· thùc thi: 0
[20200208-004450]Hñy bá nhiÖm vô ®Şnh giê: random_shop_npc.lua, Sè lÇn thiÕt lËp nhiÖm vô: 0  Sè lÇn ®· thùc thi: 0
[20200208-004450]Hñy bá nhiÖm vô ®Şnh giê: faction_boss_task.lua, Sè lÇn thiÕt lËp nhiÖm vô: 0  Sè lÇn ®· thùc thi: 0
[20200208-004450]Hñy bá nhiÖm vô ®Şnh giê: gest_convention_rank.lua, Sè lÇn thiÕt lËp nhiÖm vô: 0  Sè lÇn ®· thùc thi: 0
[20200208-004450]Hñy bá nhiÖm vô ®Şnh giê: taixu_jwl_liu_crt.lua, Sè lÇn thiÕt lËp nhiÖm vô: 0  Sè lÇn ®· thùc thi: 0
[20200208-004450]Hñy bá nhiÖm vô ®Şnh giê: WeeklyBackupBR.lua, Sè lÇn thiÕt lËp nhiÖm vô: 0  Sè lÇn ®· thùc thi: 0
[20200208-004450]Hñy bá nhiÖm vô ®Şnh giê: north_west_task.lua, Sè lÇn thiÕt lËp nhiÖm vô: 0  Sè lÇn ®· thùc thi: 0
[20200208-004450]Hñy bá nhiÖm vô ®Şnh giê: biwudahuiqianzou.lua, Sè lÇn thiÕt lËp nhiÖm vô: 0  Sè lÇn ®· thùc thi: 0
[20200208-004450]Hñy bá nhiÖm vô ®Şnh giê: daliytask.lua, Sè lÇn thiÕt lËp nhiÖm vô: 0  Sè lÇn ®· thùc thi: 0
[20200208-004450]Hñy bá nhiÖm vô ®Şnh giê: silingding_11.lua, Sè lÇn thiÕt lËp nhiÖm vô: 0  Sè lÇn ®· thùc thi: 0
[20200208-004450]Hñy bá nhiÖm vô ®Şnh giê: silingding_18.lua, Sè lÇn thiÕt lËp nhiÖm vô: 0  Sè lÇn ®· thùc thi: 0
[20200208-004450]Hñy bá nhiÖm vô ®Şnh giê: silingding_23.lua, Sè lÇn thiÕt lËp nhiÖm vô: 0  Sè lÇn ®· thùc thi: 0
[20200208-004450]Hñy bá nhiÖm vô ®Şnh giê: EventBoss_201103.lua, Sè lÇn thiÕt lËp nhiÖm vô: 0  Sè lÇn ®· thùc thi: 0
[20200208-004450]Hñy bá nhiÖm vô ®Şnh giê: lsb_callboss1.lua, Sè lÇn thiÕt lËp nhiÖm vô: 0  Sè lÇn ®· thùc thi: 0
[20200208-004450]Hñy bá nhiÖm vô ®Şnh giê: lsb_callboss2.lua, Sè lÇn thiÕt lËp nhiÖm vô: 0  Sè lÇn ®· thùc thi: 0
[20200208-004450]Hñy bá nhiÖm vô ®Şnh giê: lsb_callboss3.lua, Sè lÇn thiÕt lËp nhiÖm vô: 0  Sè lÇn ®· thùc thi: 0
[20200208-004450]Hñy bá nhiÖm vô ®Şnh giê: lsb_callboss4.lua, Sè lÇn thiÕt lËp nhiÖm vô: 0  Sè lÇn ®· thùc thi: 0
[20200208-004450]Hñy bá nhiÖm vô ®Şnh giê: oly_generate_lucknum.lua, Sè lÇn thiÕt lËp nhiÖm vô: 0  Sè lÇn ®· thùc thi: 0
[20200208-004450]Hñy bá nhiÖm vô ®Şnh giê: oly_clean_data.lua, Sè lÇn thiÕt lËp nhiÖm vô: 0  Sè lÇn ®· thùc thi: 0
[20200208-004450]Hñy bá nhiÖm vô ®Şnh giê: qht_timer_clean.lua, Sè lÇn thiÕt lËp nhiÖm vô: 0  Sè lÇn ®· thùc thi: 0
[20200208-004450]Hñy bá nhiÖm vô ®Şnh giê: dzt_create_boss.lua, Sè lÇn thiÕt lËp nhiÖm vô: 0  Sè lÇn ®· thùc thi: 0
[20200208-004450]Hñy bá nhiÖm vô ®Şnh giê: dzt_close.lua, Sè lÇn thiÕt lËp nhiÖm vô: 0  Sè lÇn ®· thùc thi: 0
[20200208-004450]Hñy bá nhiÖm vô ®Şnh giê: cc_call_boss1.lua, Sè lÇn thiÕt lËp nhiÖm vô: 0  Sè lÇn ®· thùc thi: 0
[20200208-004450]Hñy bá nhiÖm vô ®Şnh giê: cc_call_boss2.lua, Sè lÇn thiÕt lËp nhiÖm vô: 0  Sè lÇn ®· thùc thi: 0
[20200208-004450]Hñy bá nhiÖm vô ®Şnh giê: cc_call_boss3.lua, Sè lÇn thiÕt lËp nhiÖm vô: 0  Sè lÇn ®· thùc thi: 0
[20200208-004450]Hñy bá nhiÖm vô ®Şnh giê: cc_call_boss4.lua, Sè lÇn thiÕt lËp nhiÖm vô: 0  Sè lÇn ®· thùc thi: 0
[20200208-004450]Hñy bá nhiÖm vô ®Şnh giê: qht_create_gold_boss1.lua, Sè lÇn thiÕt lËp nhiÖm vô: 0  Sè lÇn ®· thùc thi: 0
[20200208-004450]Hñy bá nhiÖm vô ®Şnh giê: qht_create_gold_boss2.lua, Sè lÇn thiÕt lËp nhiÖm vô: 0  Sè lÇn ®· thùc thi: 0
[20200208-004450]Hñy bá nhiÖm vô ®Şnh giê: sp2014_createnpc_1.lua, Sè lÇn thiÕt lËp nhiÖm vô: 0  Sè lÇn ®· thùc thi: 0
[20200208-004450]Hñy bá nhiÖm vô ®Şnh giê: sp2014_createnpc_2.lua, Sè lÇn thiÕt lËp nhiÖm vô: 0  Sè lÇn ®· thùc thi: 0
[20200208-004450]Hñy bá nhiÖm vô ®Şnh giê: clear_gest_jiaoyi.lua, Sè lÇn thiÕt lËp nhiÖm vô: 0  Sè lÇn ®· thùc thi: 0
[20200208-004450]Hñy bá nhiÖm vô ®Şnh giê: world_boss.lua, Sè lÇn thiÕt lËp nhiÖm vô: 0  Sè lÇn ®· thùc thi: 0
[20200208-004450]Hñy bá nhiÖm vô ®Şnh giê: world_boss1.lua, Sè lÇn thiÕt lËp nhiÖm vô: 0  Sè lÇn ®· thùc thi: 0
[20200208-004450]Hñy bá nhiÖm vô ®Şnh giê: hua_deng1.lua, Sè lÇn thiÕt lËp nhiÖm vô: 0  Sè lÇn ®· thùc thi: 0
[20200208-004450]Hñy bá nhiÖm vô ®Şnh giê: hua_deng2.lua, Sè lÇn thiÕt lËp nhiÖm vô: 0  Sè lÇn ®· thùc thi: 0
[20200208-004450]Hñy bá nhiÖm vô ®Şnh giê: hua_deng3.lua, Sè lÇn thiÕt lËp nhiÖm vô: 0  Sè lÇn ®· thùc thi: 0
[20200208-004450]Hñy bá nhiÖm vô ®Şnh giê: hua_deng4.lua, Sè lÇn thiÕt lËp nhiÖm vô: 0  Sè lÇn ®· thùc thi: 0
[20200208-004450]Hñy bá nhiÖm vô ®Şnh giê: hua_deng5.lua, Sè lÇn thiÕt lËp nhiÖm vô: 0  Sè lÇn ®· thùc thi: 0
[20200208-004450]Hñy bá nhiÖm vô ®Şnh giê: hua_deng6.lua, Sè lÇn thiÕt lËp nhiÖm vô: 0  Sè lÇn ®· thùc thi: 0
[20200208-004450]Hñy bá nhiÖm vô ®Şnh giê: ibc_boss1.lua, Sè lÇn thiÕt lËp nhiÖm vô: 0  Sè lÇn ®· thùc thi: 0
[20200208-004450]Hñy bá nhiÖm vô ®Şnh giê: ibc_boss2.lua, Sè lÇn thiÕt lËp nhiÖm vô: 0  Sè lÇn ®· thùc thi: 0
[20200208-004450]Hñy bá nhiÖm vô ®Şnh giê: ibc_boss3.lua, Sè lÇn thiÕt lËp nhiÖm vô: 0  Sè lÇn ®· thùc thi: 0
[20200208-004450]Hñy bá tÊt c¶ nhiÖm vô!
