[20200122-225217]NhËp Settings File cña nhiÖm vô ®Şnh giê: /RelaySetting/Task/TaskList.ini
[20200122-225217]Sè l­îng nhiÖm vô ®Şnh giê: 46
[20200122-225217]NhiÖm vô ®Şnh giê 0: CollectionTaskStart.lua, Sè lÇn: 0
[20200122-225217]ThiÕt lËp tªn nhiÖm vô ®Şnh giê: Thi ®Êu thuyÒn rång
[20200122-225217]ThiÕt lËp thêi gian gi¸n c¸ch nhiÖm vô ®Şnh giê: 5400 gi©y mét lÇn!
[20200122-225217]ThiÕt lËp thêi gian nhiÖm vô ®Şnh giê: 23 giê 2 phót!
[20200122-225217]Thêi gian tr­íc m¾t lµ: 22 giê 52 phót!
[20200122-225217]Thêi gian thùc thi lÇn tíi: 23:2! 1579708937
[20200122-225217]Sè lÇn ®Şnh giê nhiÖm vô: 0 !
[20200122-225217]§Æt nÒn mãng nhiÖm vô ®Şnh giê thµnh c«ng: CollectionTaskStart.lua
[20200122-225217]NhiÖm vô ®Şnh giê 1: CollectionTaskClose.lua, Sè lÇn: 0
[20200122-225217]ThiÕt lËp tªn nhiÖm vô ®Şnh giê: Thi ®Êu thuyÒn rång
[20200122-225217]ThiÕt lËp thêi gian gi¸n c¸ch nhiÖm vô ®Şnh giê: 5400 gi©y mét lÇn!
[20200122-225217]ThiÕt lËp thêi gian nhiÖm vô ®Şnh giê: 23 giê 32 phót!
[20200122-225217]Thêi gian tr­íc m¾t lµ: 22 giê 52 phót!
[20200122-225217]Thêi gian thùc thi lÇn tíi: 23:32! 1579710737
[20200122-225217]Sè lÇn ®Şnh giê nhiÖm vô: 0 !
[20200122-225217]§Æt nÒn mãng nhiÖm vô ®Şnh giê thµnh c«ng: CollectionTaskClose.lua
[20200122-225217]NhiÖm vô ®Şnh giê 2: CallBoss_13.lua, Sè lÇn: 0
[20200122-225217]ThiÕt lËp tªn nhiÖm vô ®Şnh giê: BOSS buæi tr­a
[20200122-225217]ThiÕt lËp thêi gian gi¸n c¸ch nhiÖm vô ®Şnh giê: 86400 gi©y mét lÇn!
[20200122-225217]ThiÕt lËp thêi gian nhiÖm vô ®Şnh giê: 13 giê 0 phót!
[20200122-225217]Thêi gian tr­íc m¾t lµ: 22 giê 52 phót!
[20200122-225217]H«m nay sÏ kh«ng thùc thi: ®· qu¸ thêi gian!
[20200122-225217]Thêi gian thùc thi lÇn tíi: 13:0! 1579759217
[20200122-225217]Sè lÇn ®Şnh giê nhiÖm vô: 0 !
[20200122-225217]§Æt nÒn mãng nhiÖm vô ®Şnh giê thµnh c«ng: CallBoss_13.lua
[20200122-225217]NhiÖm vô ®Şnh giê 3: CallBoss_21.lua, Sè lÇn: 0
[20200122-225217]ThiÕt lËp tªn nhiÖm vô ®Şnh giê: BOSS buæi tr­a
[20200122-225217]ThiÕt lËp thêi gian gi¸n c¸ch nhiÖm vô ®Şnh giê: 86400 gi©y mét lÇn!
[20200122-225217]ThiÕt lËp thêi gian nhiÖm vô ®Şnh giê: 21 giê 0 phót!
[20200122-225217]Thêi gian tr­íc m¾t lµ: 22 giê 52 phót!
[20200122-225217]H«m nay sÏ kh«ng thùc thi: ®· qu¸ thêi gian!
[20200122-225217]Thêi gian thùc thi lÇn tíi: 21:0! 1579788017
[20200122-225217]Sè lÇn ®Şnh giê nhiÖm vô: 0 !
[20200122-225217]§Æt nÒn mãng nhiÖm vô ®Şnh giê thµnh c«ng: CallBoss_21.lua
[20200122-225217]NhiÖm vô ®Şnh giê 4: CallBoss_23.lua, Sè lÇn: 0
[20200122-225217]ThiÕt lËp tªn nhiÖm vô ®Şnh giê: BOSS buæi tr­a
[20200122-225217]ThiÕt lËp thêi gian gi¸n c¸ch nhiÖm vô ®Şnh giê: 86400 gi©y mét lÇn!
[20200122-225217]ThiÕt lËp thêi gian nhiÖm vô ®Şnh giê: 23 giê 0 phót!
[20200122-225217]Thêi gian tr­íc m¾t lµ: 22 giê 52 phót!
[20200122-225217]Thêi gian thùc thi lÇn tíi: 23:0! 1579708817
[20200122-225217]Sè lÇn ®Şnh giê nhiÖm vô: 0 !
[20200122-225217]§Æt nÒn mãng nhiÖm vô ®Şnh giê thµnh c«ng: CallBoss_23.lua
[20200122-225217]NhiÖm vô ®Şnh giê 5: random_shop_npc.lua, Sè lÇn: 0
[20200122-225217]ThiÕt lËp tªn nhiÖm vô ®Şnh giê: NPC nhiÖm vô Th­¬ng Héi sÏ thay ®æi c¸c vŞ trİ xuÊt hiÖn
[20200122-225217]ThiÕt lËp thêi gian gi¸n c¸ch nhiÖm vô ®Şnh giê: 1800 gi©y mét lÇn!
[20200122-225217]ThiÕt lËp thêi gian nhiÖm vô ®Şnh giê: 23 giê 2 phót!
[20200122-225217]Thêi gian tr­íc m¾t lµ: 22 giê 52 phót!
[20200122-225217]Thêi gian thùc thi lÇn tíi: 23:2! 1579708937
[20200122-225217]Sè lÇn ®Şnh giê nhiÖm vô: 0 !
[20200122-225217]§Æt nÒn mãng nhiÖm vô ®Şnh giê thµnh c«ng: random_shop_npc.lua
[20200122-225217]NhiÖm vô ®Şnh giê 6: faction_boss_task.lua, Sè lÇn: 0
[20200122-225217]ThiÕt lËp tªn nhiÖm vô ®Şnh giê: NhiÖm vô BOSS m«n ph¸i
[20200122-225217]ThiÕt lËp thêi gian gi¸n c¸ch nhiÖm vô ®Şnh giê: 86400 gi©y mét lÇn!
[20200122-225217]ThiÕt lËp thêi gian nhiÖm vô ®Şnh giê: 21 giê 0 phót!
[20200122-225217]Thêi gian tr­íc m¾t lµ: 22 giê 52 phót!
[20200122-225217]H«m nay sÏ kh«ng thùc thi: ®· qu¸ thêi gian!
[20200122-225217]Thêi gian thùc thi lÇn tíi: 21:0! 1579788017
[20200122-225217]Sè lÇn ®Şnh giê nhiÖm vô: 0 !
[20200122-225217]§Æt nÒn mãng nhiÖm vô ®Şnh giê thµnh c«ng: faction_boss_task.lua
[20200122-225217]NhiÖm vô ®Şnh giê 7: gest_convention_rank.lua, Sè lÇn: 0
[20200122-225217]ThiÕt lËp tªn nhiÖm vô ®Şnh giê: XÕp h¹ng t­ c¸ch ®¹i héi tû vâ
[20200122-225217]ThiÕt lËp thêi gian gi¸n c¸ch nhiÖm vô ®Şnh giê: 3600 gi©y mét lÇn!
[20200122-225217]ThiÕt lËp thêi gian nhiÖm vô ®Şnh giê: 23 giê 30 phót!
[20200122-225217]Thêi gian tr­íc m¾t lµ: 22 giê 52 phót!
[20200122-225217]Thêi gian thùc thi lÇn tíi: 23:30! 1579710617
[20200122-225217]Sè lÇn ®Şnh giê nhiÖm vô: 0 !
[20200122-225217]§Æt nÒn mãng nhiÖm vô ®Şnh giê thµnh c«ng: gest_convention_rank.lua
[20200122-225217]NhiÖm vô ®Şnh giê 8: taixu_jwl_liu_crt.lua, Sè lÇn: 0
[20200122-225217]ThiÕt lËp tªn nhiÖm vô ®Şnh giê: Th¨n cÊp nhiÖm vô Trang søc Th¸i H­
[20200122-225217]ThiÕt lËp thêi gian gi¸n c¸ch nhiÖm vô ®Şnh giê: 86400 gi©y mét lÇn!
[20200122-225217]ThiÕt lËp thêi gian nhiÖm vô ®Şnh giê: 21 giê 7 phót!
[20200122-225217]Thêi gian tr­íc m¾t lµ: 22 giê 52 phót!
[20200122-225217]H«m nay sÏ kh«ng thùc thi: ®· qu¸ thêi gian!
[20200122-225217]Thêi gian thùc thi lÇn tíi: 21:7! 1579788437
[20200122-225217]Sè lÇn ®Şnh giê nhiÖm vô: 0 !
[20200122-225217]§Æt nÒn mãng nhiÖm vô ®Şnh giê thµnh c«ng: taixu_jwl_liu_crt.lua
[20200122-225217]NhiÖm vô ®Şnh giê 9: WeeklyBackupBR.lua, Sè lÇn: 0
[20200122-225217]ThiÕt lËp tªn nhiÖm vô ®Şnh giê: WeeklyBackupBR
[20200122-225217]ThiÕt lËp thêi gian gi¸n c¸ch nhiÖm vô ®Şnh giê: 3600 gi©y mét lÇn!
[20200122-225217]ThiÕt lËp thêi gian nhiÖm vô ®Şnh giê: 21 giê 1 phót!
[20200122-225217]Thêi gian tr­íc m¾t lµ: 22 giê 52 phót!
[20200122-225217]H«m nay sÏ kh«ng thùc thi: ®· qu¸ thêi gian!
[20200122-225217]Thêi gian thùc thi lÇn tíi: 21:1! 1579788077
[20200122-225217]Sè lÇn ®Şnh giê nhiÖm vô: 0 !
[20200122-225217]§Æt nÒn mãng nhiÖm vô ®Şnh giê thµnh c«ng: WeeklyBackupBR.lua
[20200122-225217]NhiÖm vô ®Şnh giê 10: north_west_task.lua, Sè lÇn: 0
[20200122-225217]ThiÕt lËp thêi gian gi¸n c¸ch nhiÖm vô ®Şnh giê: 1800 gi©y mét lÇn!
[20200122-225217]ThiÕt lËp thêi gian nhiÖm vô ®Şnh giê: 23 giê 2 phót!
[20200122-225217]Thêi gian tr­íc m¾t lµ: 22 giê 52 phót!
[20200122-225217]Thêi gian thùc thi lÇn tíi: 23:2! 1579708937
[20200122-225217]Sè lÇn ®Şnh giê nhiÖm vô: 0 !
[20200122-225217]§Æt nÒn mãng nhiÖm vô ®Şnh giê thµnh c«ng: north_west_task.lua
[20200122-225217]NhiÖm vô ®Şnh giê 11: biwudahuiqianzou.lua, Sè lÇn: 0
[20200122-225217]ThiÕt lËp tªn nhiÖm vô ®Şnh giê: GhĞp ®«i tr­íc ®¹i héi tû vâ
[20200122-225217]ThiÕt lËp thêi gian gi¸n c¸ch nhiÖm vô ®Şnh giê: 60 gi©y mét lÇn!
[20200122-225217]ThiÕt lËp thêi gian nhiÖm vô ®Şnh giê: 22 giê 53 phót!
[20200122-225217]Thêi gian tr­íc m¾t lµ: 22 giê 52 phót!
[20200122-225217]Thêi gian thùc thi lÇn tíi: 22:53! 1579708397
[20200122-225217]Sè lÇn ®Şnh giê nhiÖm vô: 0 !
[20200122-225217]§Æt nÒn mãng nhiÖm vô ®Şnh giê thµnh c«ng: biwudahuiqianzou.lua
[20200122-225217]NhiÖm vô ®Şnh giê 12: daliytask.lua, Sè lÇn: 0
[20200122-225217]ThiÕt lËp tªn nhiÖm vô ®Şnh giê: nhiÖm vô th­êng nhËt c¸ nh©nnhiÖm vô th­êng nhËt tæ ®éi
[20200122-225217]ThiÕt lËp thêi gian gi¸n c¸ch nhiÖm vô ®Şnh giê: 86400 gi©y mét lÇn!
[20200122-225217]ThiÕt lËp thêi gian nhiÖm vô ®Şnh giê: 0 giê 0 phót!
[20200122-225217]Thêi gian tr­íc m¾t lµ: 22 giê 52 phót!
[20200122-225217]H«m nay sÏ kh«ng thùc thi: ®· qu¸ thêi gian!
[20200122-225217]Thêi gian thùc thi lÇn tíi: 0:0! 1579712417
[20200122-225217]Sè lÇn ®Şnh giê nhiÖm vô: 0 !
[20200122-225217]§Æt nÒn mãng nhiÖm vô ®Şnh giê thµnh c«ng: daliytask.lua
[20200122-225217]NhiÖm vô ®Şnh giê 13: silingding_11.lua, Sè lÇn: 0
[20200122-225217]ThiÕt lËp thêi gian gi¸n c¸ch nhiÖm vô ®Şnh giê: 86400 gi©y mét lÇn!
[20200122-225217]ThiÕt lËp thêi gian nhiÖm vô ®Şnh giê: 11 giê 0 phót!
[20200122-225217]Thêi gian tr­íc m¾t lµ: 22 giê 52 phót!
[20200122-225217]H«m nay sÏ kh«ng thùc thi: ®· qu¸ thêi gian!
[20200122-225217]Thêi gian thùc thi lÇn tíi: 11:0! 1579752017
[20200122-225217]Sè lÇn ®Şnh giê nhiÖm vô: 0 !
[20200122-225217]§Æt nÒn mãng nhiÖm vô ®Şnh giê thµnh c«ng: silingding_11.lua
[20200122-225217]NhiÖm vô ®Şnh giê 14: silingding_18.lua, Sè lÇn: 0
[20200122-225217]ThiÕt lËp thêi gian gi¸n c¸ch nhiÖm vô ®Şnh giê: 86400 gi©y mét lÇn!
[20200122-225217]ThiÕt lËp thêi gian nhiÖm vô ®Şnh giê: 18 giê 0 phót!
[20200122-225217]Thêi gian tr­íc m¾t lµ: 22 giê 52 phót!
[20200122-225217]H«m nay sÏ kh«ng thùc thi: ®· qu¸ thêi gian!
[20200122-225217]Thêi gian thùc thi lÇn tíi: 18:0! 1579777217
[20200122-225217]Sè lÇn ®Şnh giê nhiÖm vô: 0 !
[20200122-225217]§Æt nÒn mãng nhiÖm vô ®Şnh giê thµnh c«ng: silingding_18.lua
[20200122-225217]NhiÖm vô ®Şnh giê 15: silingding_23.lua, Sè lÇn: 0
[20200122-225217]ThiÕt lËp thêi gian gi¸n c¸ch nhiÖm vô ®Şnh giê: 86400 gi©y mét lÇn!
[20200122-225217]ThiÕt lËp thêi gian nhiÖm vô ®Şnh giê: 23 giê 0 phót!
[20200122-225217]Thêi gian tr­íc m¾t lµ: 22 giê 52 phót!
[20200122-225217]Thêi gian thùc thi lÇn tíi: 23:0! 1579708817
[20200122-225217]Sè lÇn ®Şnh giê nhiÖm vô: 0 !
[20200122-225217]§Æt nÒn mãng nhiÖm vô ®Şnh giê thµnh c«ng: silingding_23.lua
[20200122-225217]NhiÖm vô ®Şnh giê 16: EventBoss_201103.lua, Sè lÇn: 0
[20200122-225217]ThiÕt lËp tªn nhiÖm vô ®Şnh giê: Boss Giæ tæ Hïng V­¬ng
[20200122-225217]ThiÕt lËp thêi gian gi¸n c¸ch nhiÖm vô ®Şnh giê: 3600 gi©y mét lÇn!
[20200122-225217]ThiÕt lËp thêi gian nhiÖm vô ®Şnh giê: 23 giê 0 phót!
[20200122-225217]Thêi gian tr­íc m¾t lµ: 22 giê 52 phót!
[20200122-225217]Thêi gian thùc thi lÇn tíi: 23:0! 1579708817
[20200122-225217]Sè lÇn ®Şnh giê nhiÖm vô: 0 !
[20200122-225217]§Æt nÒn mãng nhiÖm vô ®Şnh giê thµnh c«ng: EventBoss_201103.lua
[20200122-225217]NhiÖm vô ®Şnh giê 17: lsb_callboss1.lua, Sè lÇn: 0
[20200122-225217]ThiÕt lËp tªn nhiÖm vô ®Şnh giê: Boss L­¬ng S¬n Hoµng Kim
[20200122-225217]ThiÕt lËp thêi gian gi¸n c¸ch nhiÖm vô ®Şnh giê: 86400 gi©y mét lÇn!
[20200122-225217]ThiÕt lËp thêi gian nhiÖm vô ®Şnh giê: 12 giê 30 phót!
[20200122-225217]Thêi gian tr­íc m¾t lµ: 22 giê 52 phót!
[20200122-225217]H«m nay sÏ kh«ng thùc thi: ®· qu¸ thêi gian!
[20200122-225217]Thêi gian thùc thi lÇn tíi: 12:30! 1579757417
[20200122-225217]Sè lÇn ®Şnh giê nhiÖm vô: 0 !
[20200122-225217]§Æt nÒn mãng nhiÖm vô ®Şnh giê thµnh c«ng: lsb_callboss1.lua
[20200122-225217]NhiÖm vô ®Şnh giê 18: lsb_callboss2.lua, Sè lÇn: 0
[20200122-225217]ThiÕt lËp tªn nhiÖm vô ®Şnh giê: Boss L­¬ng S¬n Hoµng Kim
[20200122-225217]ThiÕt lËp thêi gian gi¸n c¸ch nhiÖm vô ®Şnh giê: 86400 gi©y mét lÇn!
[20200122-225217]ThiÕt lËp thêi gian nhiÖm vô ®Şnh giê: 15 giê 30 phót!
[20200122-225217]Thêi gian tr­íc m¾t lµ: 22 giê 52 phót!
[20200122-225217]H«m nay sÏ kh«ng thùc thi: ®· qu¸ thêi gian!
[20200122-225217]Thêi gian thùc thi lÇn tíi: 15:30! 1579768217
[20200122-225217]Sè lÇn ®Şnh giê nhiÖm vô: 0 !
[20200122-225217]§Æt nÒn mãng nhiÖm vô ®Şnh giê thµnh c«ng: lsb_callboss2.lua
[20200122-225217]NhiÖm vô ®Şnh giê 19: lsb_callboss3.lua, Sè lÇn: 0
[20200122-225217]ThiÕt lËp tªn nhiÖm vô ®Şnh giê: Boss L­¬ng S¬n Hoµng Kim
[20200122-225217]ThiÕt lËp thêi gian gi¸n c¸ch nhiÖm vô ®Şnh giê: 86400 gi©y mét lÇn!
[20200122-225217]ThiÕt lËp thêi gian nhiÖm vô ®Şnh giê: 19 giê 30 phót!
[20200122-225217]Thêi gian tr­íc m¾t lµ: 22 giê 52 phót!
[20200122-225217]H«m nay sÏ kh«ng thùc thi: ®· qu¸ thêi gian!
[20200122-225217]Thêi gian thùc thi lÇn tíi: 19:30! 1579782617
[20200122-225217]Sè lÇn ®Şnh giê nhiÖm vô: 0 !
[20200122-225217]§Æt nÒn mãng nhiÖm vô ®Şnh giê thµnh c«ng: lsb_callboss3.lua
[20200122-225217]NhiÖm vô ®Şnh giê 20: lsb_callboss4.lua, Sè lÇn: 0
[20200122-225217]ThiÕt lËp tªn nhiÖm vô ®Şnh giê: Boss L­¬ng S¬n Hoµng Kim
[20200122-225217]ThiÕt lËp thêi gian gi¸n c¸ch nhiÖm vô ®Şnh giê: 86400 gi©y mét lÇn!
[20200122-225217]ThiÕt lËp thêi gian nhiÖm vô ®Şnh giê: 22 giê 30 phót!
[20200122-225217]Thêi gian tr­íc m¾t lµ: 22 giê 52 phót!
[20200122-225217]H«m nay sÏ kh«ng thùc thi: ®· qu¸ thêi gian!
[20200122-225217]Thêi gian thùc thi lÇn tíi: 22:30! 1579793417
[20200122-225217]Sè lÇn ®Şnh giê nhiÖm vô: 0 !
[20200122-225217]§Æt nÒn mãng nhiÖm vô ®Şnh giê thµnh c«ng: lsb_callboss4.lua
[20200122-225217]NhiÖm vô ®Şnh giê 21: oly_generate_lucknum.lua, Sè lÇn: 0
[20200122-225217]ThiÕt lËp tªn nhiÖm vô ®Şnh giê: ThiÕt lËp ch÷ sè may m¾n ho¹t ®éng Olympic
[20200122-225217]ThiÕt lËp thêi gian gi¸n c¸ch nhiÖm vô ®Şnh giê: 86400 gi©y mét lÇn!
[20200122-225217]ThiÕt lËp thêi gian nhiÖm vô ®Şnh giê: 20 giê 58 phót!
[20200122-225217]Thêi gian tr­íc m¾t lµ: 22 giê 52 phót!
[20200122-225217]H«m nay sÏ kh«ng thùc thi: ®· qu¸ thêi gian!
[20200122-225217]Thêi gian thùc thi lÇn tíi: 20:58! 1579787897
[20200122-225217]Sè lÇn ®Şnh giê nhiÖm vô: 0 !
[20200122-225217]§Æt nÒn mãng nhiÖm vô ®Şnh giê thµnh c«ng: oly_generate_lucknum.lua
[20200122-225217]NhiÖm vô ®Şnh giê 22: oly_clean_data.lua, Sè lÇn: 0
[20200122-225217]ThiÕt lËp tªn nhiÖm vô ®Şnh giê: CËp nhËt d÷ liÖu ho¹t ®éng Olympic
[20200122-225217]ThiÕt lËp thêi gian gi¸n c¸ch nhiÖm vô ®Şnh giê: 86400 gi©y mét lÇn!
[20200122-225217]ThiÕt lËp thêi gian nhiÖm vô ®Şnh giê: 23 giê 58 phót!
[20200122-225217]Thêi gian tr­íc m¾t lµ: 22 giê 52 phót!
[20200122-225217]Thêi gian thùc thi lÇn tíi: 23:58! 1579712297
[20200122-225217]Sè lÇn ®Şnh giê nhiÖm vô: 0 !
[20200122-225217]§Æt nÒn mãng nhiÖm vô ®Şnh giê thµnh c«ng: oly_clean_data.lua
[20200122-225217]NhiÖm vô ®Şnh giê 23: qht_timer_clean.lua, Sè lÇn: 0
[20200122-225217]ThiÕt lËp tªn nhiÖm vô ®Şnh giê: ThiÕt lËp thêi gian Thiªn TÇm Th¸p
[20200122-225217]ThiÕt lËp thêi gian gi¸n c¸ch nhiÖm vô ®Şnh giê: 86400 gi©y mét lÇn!
[20200122-225217]ThiÕt lËp thêi gian nhiÖm vô ®Şnh giê: 0 giê 30 phót!
[20200122-225217]Thêi gian tr­íc m¾t lµ: 22 giê 52 phót!
[20200122-225217]H«m nay sÏ kh«ng thùc thi: ®· qu¸ thêi gian!
[20200122-225217]Thêi gian thùc thi lÇn tíi: 0:30! 1579714217
[20200122-225217]Sè lÇn ®Şnh giê nhiÖm vô: 0 !
[20200122-225217]§Æt nÒn mãng nhiÖm vô ®Şnh giê thµnh c«ng: qht_timer_clean.lua
[20200122-225217]NhiÖm vô ®Şnh giê 24: dzt_create_boss.lua, Sè lÇn: 0
[20200122-225217]ThiÕt lËp tªn nhiÖm vô ®Şnh giê: §¹i t¸c chiÕn truy t×m l¹i ch÷ viÕt
[20200122-225217]ThiÕt lËp thêi gian gi¸n c¸ch nhiÖm vô ®Şnh giê: 3600 gi©y mét lÇn!
[20200122-225217]ThiÕt lËp thêi gian nhiÖm vô ®Şnh giê: 10 giê 0 phót!
[20200122-225217]Thêi gian tr­íc m¾t lµ: 22 giê 52 phót!
[20200122-225217]H«m nay sÏ kh«ng thùc thi: ®· qu¸ thêi gian!
[20200122-225217]Thêi gian thùc thi lÇn tíi: 10:0! 1579748417
[20200122-225217]Sè lÇn ®Şnh giê nhiÖm vô: 0 !
[20200122-225217]§Æt nÒn mãng nhiÖm vô ®Şnh giê thµnh c«ng: dzt_create_boss.lua
[20200122-225217]NhiÖm vô ®Şnh giê 25: dzt_close.lua, Sè lÇn: 0
[20200122-225217]ThiÕt lËp tªn nhiÖm vô ®Şnh giê: §¹i t¸c chiÕn truy t×m l¹i ch÷ viÕt
[20200122-225217]ThiÕt lËp thêi gian gi¸n c¸ch nhiÖm vô ®Şnh giê: 3600 gi©y mét lÇn!
[20200122-225217]ThiÕt lËp thêi gian nhiÖm vô ®Şnh giê: 10 giê 30 phót!
[20200122-225217]Thêi gian tr­íc m¾t lµ: 22 giê 52 phót!
[20200122-225217]H«m nay sÏ kh«ng thùc thi: ®· qu¸ thêi gian!
[20200122-225217]Thêi gian thùc thi lÇn tíi: 10:30! 1579750217
[20200122-225217]Sè lÇn ®Şnh giê nhiÖm vô: 0 !
[20200122-225217]§Æt nÒn mãng nhiÖm vô ®Şnh giê thµnh c«ng: dzt_close.lua
[20200122-225217]NhiÖm vô ®Şnh giê 26: cc_call_boss1.lua, Sè lÇn: 0
[20200122-225217]ThiÕt lËp tªn nhiÖm vô ®Şnh giê: Lµm míi ThÎ Tù BOSS 
[20200122-225217]ThiÕt lËp thêi gian gi¸n c¸ch nhiÖm vô ®Şnh giê: 86400 gi©y mét lÇn!
[20200122-225217]ThiÕt lËp thêi gian nhiÖm vô ®Şnh giê: 8 giê 30 phót!
[20200122-225217]Thêi gian tr­íc m¾t lµ: 22 giê 52 phót!
[20200122-225217]H«m nay sÏ kh«ng thùc thi: ®· qu¸ thêi gian!
[20200122-225217]Thêi gian thùc thi lÇn tíi: 8:30! 1579743017
[20200122-225217]Sè lÇn ®Şnh giê nhiÖm vô: 0 !
[20200122-225217]§Æt nÒn mãng nhiÖm vô ®Şnh giê thµnh c«ng: cc_call_boss1.lua
[20200122-225217]NhiÖm vô ®Şnh giê 27: cc_call_boss2.lua, Sè lÇn: 0
[20200122-225217]ThiÕt lËp tªn nhiÖm vô ®Şnh giê: Lµm míi ThÎ Tù BOSS 
[20200122-225217]ThiÕt lËp thêi gian gi¸n c¸ch nhiÖm vô ®Şnh giê: 86400 gi©y mét lÇn!
[20200122-225217]ThiÕt lËp thêi gian nhiÖm vô ®Şnh giê: 12 giê 30 phót!
[20200122-225217]Thêi gian tr­íc m¾t lµ: 22 giê 52 phót!
[20200122-225217]H«m nay sÏ kh«ng thùc thi: ®· qu¸ thêi gian!
[20200122-225217]Thêi gian thùc thi lÇn tíi: 12:30! 1579757417
[20200122-225217]Sè lÇn ®Şnh giê nhiÖm vô: 0 !
[20200122-225217]§Æt nÒn mãng nhiÖm vô ®Şnh giê thµnh c«ng: cc_call_boss2.lua
[20200122-225217]NhiÖm vô ®Şnh giê 28: cc_call_boss3.lua, Sè lÇn: 0
[20200122-225217]ThiÕt lËp tªn nhiÖm vô ®Şnh giê: Lµm míi ThÎ Tù BOSS 
[20200122-225217]ThiÕt lËp thêi gian gi¸n c¸ch nhiÖm vô ®Şnh giê: 86400 gi©y mét lÇn!
[20200122-225217]ThiÕt lËp thêi gian nhiÖm vô ®Şnh giê: 17 giê 30 phót!
[20200122-225217]Thêi gian tr­íc m¾t lµ: 22 giê 52 phót!
[20200122-225217]H«m nay sÏ kh«ng thùc thi: ®· qu¸ thêi gian!
[20200122-225217]Thêi gian thùc thi lÇn tíi: 17:30! 1579775417
[20200122-225217]Sè lÇn ®Şnh giê nhiÖm vô: 0 !
[20200122-225217]§Æt nÒn mãng nhiÖm vô ®Şnh giê thµnh c«ng: cc_call_boss3.lua
[20200122-225217]NhiÖm vô ®Şnh giê 29: cc_call_boss4.lua, Sè lÇn: 0
[20200122-225217]ThiÕt lËp tªn nhiÖm vô ®Şnh giê: Lµm míi ThÎ Tù BOSS 
[20200122-225217]ThiÕt lËp thêi gian gi¸n c¸ch nhiÖm vô ®Şnh giê: 86400 gi©y mét lÇn!
[20200122-225217]ThiÕt lËp thêi gian nhiÖm vô ®Şnh giê: 22 giê 30 phót!
[20200122-225217]Thêi gian tr­íc m¾t lµ: 22 giê 52 phót!
[20200122-225217]H«m nay sÏ kh«ng thùc thi: ®· qu¸ thêi gian!
[20200122-225217]Thêi gian thùc thi lÇn tíi: 22:30! 1579793417
[20200122-225217]Sè lÇn ®Şnh giê nhiÖm vô: 0 !
[20200122-225217]§Æt nÒn mãng nhiÖm vô ®Şnh giê thµnh c«ng: cc_call_boss4.lua
[20200122-225217]NhiÖm vô ®Şnh giê 30: qht_create_gold_boss1.lua, Sè lÇn: 0
[20200122-225217]ThiÕt lËp tªn nhiÖm vô ®Şnh giê: Thiªn TÇm Th¸p Hoµng Kim BOSS xuÊt hiÖn!
[20200122-225217]ThiÕt lËp thêi gian gi¸n c¸ch nhiÖm vô ®Şnh giê: 86400 gi©y mét lÇn!
[20200122-225217]ThiÕt lËp thêi gian nhiÖm vô ®Şnh giê: 12 giê 30 phót!
[20200122-225217]Thêi gian tr­íc m¾t lµ: 22 giê 52 phót!
[20200122-225217]H«m nay sÏ kh«ng thùc thi: ®· qu¸ thêi gian!
[20200122-225217]Thêi gian thùc thi lÇn tíi: 12:30! 1579757417
[20200122-225217]Sè lÇn ®Şnh giê nhiÖm vô: 0 !
[20200122-225217]§Æt nÒn mãng nhiÖm vô ®Şnh giê thµnh c«ng: qht_create_gold_boss1.lua
[20200122-225217]NhiÖm vô ®Şnh giê 31: qht_create_gold_boss2.lua, Sè lÇn: 0
[20200122-225217]ThiÕt lËp tªn nhiÖm vô ®Şnh giê: Thiªn TÇm Th¸p Hoµng Kim BOSS xuÊt hiÖn!
[20200122-225217]ThiÕt lËp thêi gian gi¸n c¸ch nhiÖm vô ®Şnh giê: 86400 gi©y mét lÇn!
[20200122-225217]ThiÕt lËp thêi gian nhiÖm vô ®Şnh giê: 22 giê 0 phót!
[20200122-225217]Thêi gian tr­íc m¾t lµ: 22 giê 52 phót!
[20200122-225217]H«m nay sÏ kh«ng thùc thi: ®· qu¸ thêi gian!
[20200122-225217]Thêi gian thùc thi lÇn tíi: 22:0! 1579791617
[20200122-225217]Sè lÇn ®Şnh giê nhiÖm vô: 0 !
[20200122-225217]§Æt nÒn mãng nhiÖm vô ®Şnh giê thµnh c«ng: qht_create_gold_boss2.lua
[20200122-225217]NhiÖm vô ®Şnh giê 32: sp2014_createnpc_1.lua, Sè lÇn: 0
[20200122-225217]ThiÕt lËp tªn nhiÖm vô ®Şnh giê: Niªn Thó 2014
[20200122-225217]ThiÕt lËp thêi gian gi¸n c¸ch nhiÖm vô ®Şnh giê: 86400 gi©y mét lÇn!
[20200122-225217]ThiÕt lËp thêi gian nhiÖm vô ®Şnh giê: 12 giê 0 phót!
[20200122-225217]Thêi gian tr­íc m¾t lµ: 22 giê 52 phót!
[20200122-225217]H«m nay sÏ kh«ng thùc thi: ®· qu¸ thêi gian!
[20200122-225217]Thêi gian thùc thi lÇn tíi: 12:0! 1579755617
[20200122-225217]Sè lÇn ®Şnh giê nhiÖm vô: 0 !
[20200122-225217]§Æt nÒn mãng nhiÖm vô ®Şnh giê thµnh c«ng: sp2014_createnpc_1.lua
[20200122-225217]NhiÖm vô ®Şnh giê 33: sp2014_createnpc_2.lua, Sè lÇn: 0
[20200122-225217]ThiÕt lËp tªn nhiÖm vô ®Şnh giê: Niªn Thó 2014
[20200122-225217]ThiÕt lËp thêi gian gi¸n c¸ch nhiÖm vô ®Şnh giê: 86400 gi©y mét lÇn!
[20200122-225217]ThiÕt lËp thêi gian nhiÖm vô ®Şnh giê: 21 giê 0 phót!
[20200122-225217]Thêi gian tr­íc m¾t lµ: 22 giê 52 phót!
[20200122-225217]H«m nay sÏ kh«ng thùc thi: ®· qu¸ thêi gian!
[20200122-225217]Thêi gian thùc thi lÇn tíi: 21:0! 1579788017
[20200122-225217]Sè lÇn ®Şnh giê nhiÖm vô: 0 !
[20200122-225217]§Æt nÒn mãng nhiÖm vô ®Şnh giê thµnh c«ng: sp2014_createnpc_2.lua
[20200122-225217]NhiÖm vô ®Şnh giê 34: clear_gest_jiaoyi.lua, Sè lÇn: 0
[20200122-225217]ThiÕt lËp tªn nhiÖm vô ®Şnh giê: Xãa bá h¹ng tû vâ
[20200122-225217]ThiÕt lËp thêi gian gi¸n c¸ch nhiÖm vô ®Şnh giê: 3600 gi©y mét lÇn!
[20200122-225217]ThiÕt lËp thêi gian nhiÖm vô ®Şnh giê: 22 giê 52 phót!
[20200122-225217]Thêi gian tr­íc m¾t lµ: 22 giê 52 phót!
[20200122-225217]Thêi gian thùc thi lÇn tíi: 22:52! 1579708337
[20200122-225217]Sè lÇn ®Şnh giê nhiÖm vô: 0 !
[20200122-225217]§Æt nÒn mãng nhiÖm vô ®Şnh giê thµnh c«ng: clear_gest_jiaoyi.lua
[20200122-225217]NhiÖm vô ®Şnh giê 35: world_boss.lua, Sè lÇn: 0
[20200122-225217]ThiÕt lËp tªn nhiÖm vô ®Şnh giê: T¹o míi BOSS ThÕ Giíi
[20200122-225217]ThiÕt lËp thêi gian gi¸n c¸ch nhiÖm vô ®Şnh giê: 86400 gi©y mét lÇn!
[20200122-225217]ThiÕt lËp thêi gian nhiÖm vô ®Şnh giê: 14 giê 30 phót!
[20200122-225217]Thêi gian tr­íc m¾t lµ: 22 giê 52 phót!
[20200122-225217]H«m nay sÏ kh«ng thùc thi: ®· qu¸ thêi gian!
[20200122-225217]Thêi gian thùc thi lÇn tíi: 14:30! 1579764617
[20200122-225217]Sè lÇn ®Şnh giê nhiÖm vô: 0 !
[20200122-225217]§Æt nÒn mãng nhiÖm vô ®Şnh giê thµnh c«ng: world_boss.lua
[20200122-225217]NhiÖm vô ®Şnh giê 36: world_boss1.lua, Sè lÇn: 0
[20200122-225217]ThiÕt lËp tªn nhiÖm vô ®Şnh giê: T¹o míi BOSS ThÕ Giíi
[20200122-225217]ThiÕt lËp thêi gian gi¸n c¸ch nhiÖm vô ®Şnh giê: 86400 gi©y mét lÇn!
[20200122-225217]ThiÕt lËp thêi gian nhiÖm vô ®Şnh giê: 20 giê 0 phót!
[20200122-225217]Thêi gian tr­íc m¾t lµ: 22 giê 52 phót!
[20200122-225217]H«m nay sÏ kh«ng thùc thi: ®· qu¸ thêi gian!
[20200122-225217]Thêi gian thùc thi lÇn tíi: 20:0! 1579784417
[20200122-225217]Sè lÇn ®Şnh giê nhiÖm vô: 0 !
[20200122-225217]§Æt nÒn mãng nhiÖm vô ®Şnh giê thµnh c«ng: world_boss1.lua
[20200122-225217]NhiÖm vô ®Şnh giê 37: hua_deng1.lua, Sè lÇn: 0
[20200122-225217]ThiÕt lËp tªn nhiÖm vô ®Şnh giê: §Ìn Hoa §¨ng
[20200122-225217]ThiÕt lËp thêi gian gi¸n c¸ch nhiÖm vô ®Şnh giê: 86400 gi©y mét lÇn!
[20200122-225217]ThiÕt lËp thêi gian nhiÖm vô ®Şnh giê: 10 giê 0 phót!
[20200122-225217]Thêi gian tr­íc m¾t lµ: 22 giê 52 phót!
[20200122-225217]H«m nay sÏ kh«ng thùc thi: ®· qu¸ thêi gian!
[20200122-225217]Thêi gian thùc thi lÇn tíi: 10:0! 1579748417
[20200122-225217]Sè lÇn ®Şnh giê nhiÖm vô: 0 !
[20200122-225217]§Æt nÒn mãng nhiÖm vô ®Şnh giê thµnh c«ng: hua_deng1.lua
[20200122-225217]NhiÖm vô ®Şnh giê 38: hua_deng2.lua, Sè lÇn: 0
[20200122-225217]ThiÕt lËp tªn nhiÖm vô ®Şnh giê: §Ìn Hoa §¨ng
[20200122-225217]ThiÕt lËp thêi gian gi¸n c¸ch nhiÖm vô ®Şnh giê: 86400 gi©y mét lÇn!
[20200122-225217]ThiÕt lËp thêi gian nhiÖm vô ®Şnh giê: 11 giê 0 phót!
[20200122-225217]Thêi gian tr­íc m¾t lµ: 22 giê 52 phót!
[20200122-225217]H«m nay sÏ kh«ng thùc thi: ®· qu¸ thêi gian!
[20200122-225217]Thêi gian thùc thi lÇn tíi: 11:0! 1579752017
[20200122-225217]Sè lÇn ®Şnh giê nhiÖm vô: 0 !
[20200122-225217]§Æt nÒn mãng nhiÖm vô ®Şnh giê thµnh c«ng: hua_deng2.lua
[20200122-225217]NhiÖm vô ®Şnh giê 39: hua_deng3.lua, Sè lÇn: 0
[20200122-225217]ThiÕt lËp tªn nhiÖm vô ®Şnh giê: §Ìn Hoa §¨ng
[20200122-225217]ThiÕt lËp thêi gian gi¸n c¸ch nhiÖm vô ®Şnh giê: 86400 gi©y mét lÇn!
[20200122-225217]ThiÕt lËp thêi gian nhiÖm vô ®Şnh giê: 16 giê 0 phót!
[20200122-225217]Thêi gian tr­íc m¾t lµ: 22 giê 52 phót!
[20200122-225217]H«m nay sÏ kh«ng thùc thi: ®· qu¸ thêi gian!
[20200122-225217]Thêi gian thùc thi lÇn tíi: 16:0! 1579770017
[20200122-225217]Sè lÇn ®Şnh giê nhiÖm vô: 0 !
[20200122-225217]§Æt nÒn mãng nhiÖm vô ®Şnh giê thµnh c«ng: hua_deng3.lua
[20200122-225217]NhiÖm vô ®Şnh giê 40: hua_deng4.lua, Sè lÇn: 0
[20200122-225217]ThiÕt lËp tªn nhiÖm vô ®Şnh giê: §Ìn Hoa §¨ng
[20200122-225217]ThiÕt lËp thêi gian gi¸n c¸ch nhiÖm vô ®Şnh giê: 86400 gi©y mét lÇn!
[20200122-225217]ThiÕt lËp thêi gian nhiÖm vô ®Şnh giê: 17 giê 0 phót!
[20200122-225217]Thêi gian tr­íc m¾t lµ: 22 giê 52 phót!
[20200122-225217]H«m nay sÏ kh«ng thùc thi: ®· qu¸ thêi gian!
[20200122-225217]Thêi gian thùc thi lÇn tíi: 17:0! 1579773617
[20200122-225217]Sè lÇn ®Şnh giê nhiÖm vô: 0 !
[20200122-225217]§Æt nÒn mãng nhiÖm vô ®Şnh giê thµnh c«ng: hua_deng4.lua
[20200122-225217]NhiÖm vô ®Şnh giê 41: hua_deng5.lua, Sè lÇn: 0
[20200122-225217]ThiÕt lËp tªn nhiÖm vô ®Şnh giê: §Ìn Hoa §¨ng
[20200122-225217]ThiÕt lËp thêi gian gi¸n c¸ch nhiÖm vô ®Şnh giê: 86400 gi©y mét lÇn!
[20200122-225217]ThiÕt lËp thêi gian nhiÖm vô ®Şnh giê: 21 giê 0 phót!
[20200122-225217]Thêi gian tr­íc m¾t lµ: 22 giê 52 phót!
[20200122-225217]H«m nay sÏ kh«ng thùc thi: ®· qu¸ thêi gian!
[20200122-225217]Thêi gian thùc thi lÇn tíi: 21:0! 1579788017
[20200122-225217]Sè lÇn ®Şnh giê nhiÖm vô: 0 !
[20200122-225217]§Æt nÒn mãng nhiÖm vô ®Şnh giê thµnh c«ng: hua_deng5.lua
[20200122-225217]NhiÖm vô ®Şnh giê 42: hua_deng6.lua, Sè lÇn: 0
[20200122-225217]ThiÕt lËp tªn nhiÖm vô ®Şnh giê: §Ìn Hoa §¨ng
[20200122-225217]ThiÕt lËp thêi gian gi¸n c¸ch nhiÖm vô ®Şnh giê: 86400 gi©y mét lÇn!
[20200122-225217]ThiÕt lËp thêi gian nhiÖm vô ®Şnh giê: 22 giê 0 phót!
[20200122-225217]Thêi gian tr­íc m¾t lµ: 22 giê 52 phót!
[20200122-225217]H«m nay sÏ kh«ng thùc thi: ®· qu¸ thêi gian!
[20200122-225217]Thêi gian thùc thi lÇn tíi: 22:0! 1579791617
[20200122-225217]Sè lÇn ®Şnh giê nhiÖm vô: 0 !
[20200122-225217]§Æt nÒn mãng nhiÖm vô ®Şnh giê thµnh c«ng: hua_deng6.lua
[20200122-225217]NhiÖm vô ®Şnh giê 43: ibc_boss1.lua, Sè lÇn: 0
[20200122-225217]ThiÕt lËp thêi gian gi¸n c¸ch nhiÖm vô ®Şnh giê: 86400 gi©y mét lÇn!
[20200122-225217]ThiÕt lËp thêi gian nhiÖm vô ®Şnh giê: 13 giê 0 phót!
[20200122-225217]Thêi gian tr­íc m¾t lµ: 22 giê 52 phót!
[20200122-225217]H«m nay sÏ kh«ng thùc thi: ®· qu¸ thêi gian!
[20200122-225217]Thêi gian thùc thi lÇn tíi: 13:0! 1579759217
[20200122-225217]Sè lÇn ®Şnh giê nhiÖm vô: 0 !
[20200122-225217]§Æt nÒn mãng nhiÖm vô ®Şnh giê thµnh c«ng: ibc_boss1.lua
[20200122-225217]NhiÖm vô ®Şnh giê 44: ibc_boss2.lua, Sè lÇn: 0
[20200122-225217]ThiÕt lËp thêi gian gi¸n c¸ch nhiÖm vô ®Şnh giê: 86400 gi©y mét lÇn!
[20200122-225217]ThiÕt lËp thêi gian nhiÖm vô ®Şnh giê: 19 giê 0 phót!
[20200122-225217]Thêi gian tr­íc m¾t lµ: 22 giê 52 phót!
[20200122-225217]H«m nay sÏ kh«ng thùc thi: ®· qu¸ thêi gian!
[20200122-225217]Thêi gian thùc thi lÇn tíi: 19:0! 1579780817
[20200122-225217]Sè lÇn ®Şnh giê nhiÖm vô: 0 !
[20200122-225217]§Æt nÒn mãng nhiÖm vô ®Şnh giê thµnh c«ng: ibc_boss2.lua
[20200122-225217]NhiÖm vô ®Şnh giê 45: ibc_boss3.lua, Sè lÇn: 0
[20200122-225217]ThiÕt lËp thêi gian gi¸n c¸ch nhiÖm vô ®Şnh giê: 86400 gi©y mét lÇn!
[20200122-225217]ThiÕt lËp thêi gian nhiÖm vô ®Şnh giê: 22 giê 0 phót!
[20200122-225217]Thêi gian tr­íc m¾t lµ: 22 giê 52 phót!
[20200122-225217]H«m nay sÏ kh«ng thùc thi: ®· qu¸ thêi gian!
[20200122-225217]Thêi gian thùc thi lÇn tíi: 22:0! 1579791617
[20200122-225217]Sè lÇn ®Şnh giê nhiÖm vô: 0 !
[20200122-225217]§Æt nÒn mãng nhiÖm vô ®Şnh giê thµnh c«ng: ibc_boss3.lua
[20200122-225218]Thùc thi NhiÖm vô ®Şnh giê: clear_gest_jiaoyi.lua
[20200122-225218]Thêi gian thùc thi lÇn sau: 1579791617!
[20200122-225317]Thùc thi NhiÖm vô ®Şnh giê: biwudahuiqianzou.lua
[20200122-225317]Thêi gian thùc thi lÇn sau: 1579791617!
[20200122-225417]Thùc thi NhiÖm vô ®Şnh giê: biwudahuiqianzou.lua
[20200122-225417]Thêi gian thùc thi lÇn sau: 1579791617!
[20200122-225517]Thùc thi NhiÖm vô ®Şnh giê: biwudahuiqianzou.lua
[20200122-225517]Thêi gian thùc thi lÇn sau: 1579791617!
[20200122-225617]Thùc thi NhiÖm vô ®Şnh giê: biwudahuiqianzou.lua
[20200122-225617]Thêi gian thùc thi lÇn sau: 1579791617!
[20200122-225717]Thùc thi NhiÖm vô ®Şnh giê: biwudahuiqianzou.lua
[20200122-225717]Thêi gian thùc thi lÇn sau: 1579791617!
[20200122-225817]Thùc thi NhiÖm vô ®Şnh giê: biwudahuiqianzou.lua
[20200122-225817]Thêi gian thùc thi lÇn sau: 1579791617!
[20200122-225917]Thùc thi NhiÖm vô ®Şnh giê: biwudahuiqianzou.lua
[20200122-225917]Thêi gian thùc thi lÇn sau: 1579791617!
[20200122-230017]Thùc thi NhiÖm vô ®Şnh giê: CallBoss_23.lua
[20200122-230017]Thêi gian thùc thi lÇn sau: 1579791617!
[20200122-230017]Thùc thi NhiÖm vô ®Şnh giê: biwudahuiqianzou.lua
[20200122-230017]Thêi gian thùc thi lÇn sau: 1579791617!
[20200122-230017]Thùc thi NhiÖm vô ®Şnh giê: silingding_23.lua
[20200122-230017]Thêi gian thùc thi lÇn sau: 1579791617!
[20200122-230017]Thùc thi NhiÖm vô ®Şnh giê: EventBoss_201103.lua
[20200122-230017]Thêi gian thùc thi lÇn sau: 1579791617!
[20200122-230117]Thùc thi NhiÖm vô ®Şnh giê: biwudahuiqianzou.lua
[20200122-230117]Thêi gian thùc thi lÇn sau: 1579791617!
[20200122-230217]Thùc thi NhiÖm vô ®Şnh giê: CollectionTaskStart.lua
[20200122-230217]Thêi gian thùc thi lÇn sau: 1579791617!
[20200122-230217]Thùc thi NhiÖm vô ®Şnh giê: random_shop_npc.lua
[20200122-230217]Thêi gian thùc thi lÇn sau: 1579791617!
[20200122-230217]Thùc thi NhiÖm vô ®Şnh giê: north_west_task.lua
[20200122-230217]Thêi gian thùc thi lÇn sau: 1579791617!
[20200122-230217]Thùc thi NhiÖm vô ®Şnh giê: biwudahuiqianzou.lua
[20200122-230217]Thêi gian thùc thi lÇn sau: 1579791617!
[20200122-230317]Thùc thi NhiÖm vô ®Şnh giê: biwudahuiqianzou.lua
[20200122-230317]Thêi gian thùc thi lÇn sau: 1579791617!
[20200122-230417]Thùc thi NhiÖm vô ®Şnh giê: biwudahuiqianzou.lua
[20200122-230417]Thêi gian thùc thi lÇn sau: 1579791617!
[20200122-230517]Thùc thi NhiÖm vô ®Şnh giê: biwudahuiqianzou.lua
[20200122-230517]Thêi gian thùc thi lÇn sau: 1579791617!
[20200122-230617]Thùc thi NhiÖm vô ®Şnh giê: biwudahuiqianzou.lua
[20200122-230617]Thêi gian thùc thi lÇn sau: 1579791617!
[20200122-230717]Thùc thi NhiÖm vô ®Şnh giê: biwudahuiqianzou.lua
[20200122-230717]Thêi gian thùc thi lÇn sau: 1579791617!
[20200122-230817]Thùc thi NhiÖm vô ®Şnh giê: biwudahuiqianzou.lua
[20200122-230817]Thêi gian thùc thi lÇn sau: 1579791617!
[20200122-230917]Thùc thi NhiÖm vô ®Şnh giê: biwudahuiqianzou.lua
[20200122-230917]Thêi gian thùc thi lÇn sau: 1579791617!
[20200122-231017]Thùc thi NhiÖm vô ®Şnh giê: biwudahuiqianzou.lua
[20200122-231017]Thêi gian thùc thi lÇn sau: 1579791617!
[20200122-231117]Thùc thi NhiÖm vô ®Şnh giê: biwudahuiqianzou.lua
[20200122-231117]Thêi gian thùc thi lÇn sau: 1579791617!
[20200122-231217]Thùc thi NhiÖm vô ®Şnh giê: biwudahuiqianzou.lua
[20200122-231217]Thêi gian thùc thi lÇn sau: 1579791617!
[20200122-231317]Thùc thi NhiÖm vô ®Şnh giê: biwudahuiqianzou.lua
[20200122-231317]Thêi gian thùc thi lÇn sau: 1579791617!
[20200122-231843]NhËp Settings File cña nhiÖm vô ®Şnh giê: /RelaySetting/Task/TaskList.ini
[20200122-231843]Sè l­îng nhiÖm vô ®Şnh giê: 46
[20200122-231843]NhiÖm vô ®Şnh giê 0: CollectionTaskStart.lua, Sè lÇn: 0
[20200122-231843]ThiÕt lËp tªn nhiÖm vô ®Şnh giê: Thi ®Êu thuyÒn rång
[20200122-231843]ThiÕt lËp thêi gian gi¸n c¸ch nhiÖm vô ®Şnh giê: 5400 gi©y mét lÇn!
[20200122-231843]ThiÕt lËp thêi gian nhiÖm vô ®Şnh giê: 23 giê 28 phót!
[20200122-231843]Thêi gian tr­íc m¾t lµ: 23 giê 18 phót!
[20200122-231843]Thêi gian thùc thi lÇn tíi: 23:28! 1579710523
[20200122-231843]Sè lÇn ®Şnh giê nhiÖm vô: 0 !
[20200122-231843]§Æt nÒn mãng nhiÖm vô ®Şnh giê thµnh c«ng: CollectionTaskStart.lua
[20200122-231843]NhiÖm vô ®Şnh giê 1: CollectionTaskClose.lua, Sè lÇn: 0
[20200122-231843]ThiÕt lËp tªn nhiÖm vô ®Şnh giê: Thi ®Êu thuyÒn rång
[20200122-231843]ThiÕt lËp thêi gian gi¸n c¸ch nhiÖm vô ®Şnh giê: 5400 gi©y mét lÇn!
[20200122-231843]ThiÕt lËp thêi gian nhiÖm vô ®Şnh giê: 23 giê 58 phót!
[20200122-231843]Thêi gian tr­íc m¾t lµ: 23 giê 18 phót!
[20200122-231843]Thêi gian thùc thi lÇn tíi: 23:58! 1579712323
[20200122-231843]Sè lÇn ®Şnh giê nhiÖm vô: 0 !
[20200122-231843]§Æt nÒn mãng nhiÖm vô ®Şnh giê thµnh c«ng: CollectionTaskClose.lua
[20200122-231843]NhiÖm vô ®Şnh giê 2: CallBoss_13.lua, Sè lÇn: 0
[20200122-231843]ThiÕt lËp tªn nhiÖm vô ®Şnh giê: BOSS buæi tr­a
[20200122-231843]ThiÕt lËp thêi gian gi¸n c¸ch nhiÖm vô ®Şnh giê: 86400 gi©y mét lÇn!
[20200122-231843]ThiÕt lËp thêi gian nhiÖm vô ®Şnh giê: 13 giê 0 phót!
[20200122-231843]Thêi gian tr­íc m¾t lµ: 23 giê 18 phót!
[20200122-231843]H«m nay sÏ kh«ng thùc thi: ®· qu¸ thêi gian!
[20200122-231843]Thêi gian thùc thi lÇn tíi: 13:0! 1579759243
[20200122-231843]Sè lÇn ®Şnh giê nhiÖm vô: 0 !
[20200122-231843]§Æt nÒn mãng nhiÖm vô ®Şnh giê thµnh c«ng: CallBoss_13.lua
[20200122-231843]NhiÖm vô ®Şnh giê 3: CallBoss_21.lua, Sè lÇn: 0
[20200122-231843]ThiÕt lËp tªn nhiÖm vô ®Şnh giê: BOSS buæi tr­a
[20200122-231843]ThiÕt lËp thêi gian gi¸n c¸ch nhiÖm vô ®Şnh giê: 86400 gi©y mét lÇn!
[20200122-231843]ThiÕt lËp thêi gian nhiÖm vô ®Şnh giê: 21 giê 0 phót!
[20200122-231843]Thêi gian tr­íc m¾t lµ: 23 giê 18 phót!
[20200122-231843]H«m nay sÏ kh«ng thùc thi: ®· qu¸ thêi gian!
[20200122-231843]Thêi gian thùc thi lÇn tíi: 21:0! 1579788043
[20200122-231843]Sè lÇn ®Şnh giê nhiÖm vô: 0 !
[20200122-231843]§Æt nÒn mãng nhiÖm vô ®Şnh giê thµnh c«ng: CallBoss_21.lua
[20200122-231843]NhiÖm vô ®Şnh giê 4: CallBoss_23.lua, Sè lÇn: 0
[20200122-231843]ThiÕt lËp tªn nhiÖm vô ®Şnh giê: BOSS buæi tr­a
[20200122-231843]ThiÕt lËp thêi gian gi¸n c¸ch nhiÖm vô ®Şnh giê: 86400 gi©y mét lÇn!
[20200122-231843]ThiÕt lËp thêi gian nhiÖm vô ®Şnh giê: 23 giê 0 phót!
[20200122-231843]Thêi gian tr­íc m¾t lµ: 23 giê 18 phót!
[20200122-231843]H«m nay sÏ kh«ng thùc thi: ®· qu¸ thêi gian!
[20200122-231843]Thêi gian thùc thi lÇn tíi: 23:0! 1579795243
[20200122-231843]Sè lÇn ®Şnh giê nhiÖm vô: 0 !
[20200122-231843]§Æt nÒn mãng nhiÖm vô ®Şnh giê thµnh c«ng: CallBoss_23.lua
[20200122-231843]NhiÖm vô ®Şnh giê 5: random_shop_npc.lua, Sè lÇn: 0
[20200122-231843]ThiÕt lËp tªn nhiÖm vô ®Şnh giê: NPC nhiÖm vô Th­¬ng Héi sÏ thay ®æi c¸c vŞ trİ xuÊt hiÖn
[20200122-231843]ThiÕt lËp thêi gian gi¸n c¸ch nhiÖm vô ®Şnh giê: 1800 gi©y mét lÇn!
[20200122-231843]ThiÕt lËp thêi gian nhiÖm vô ®Şnh giê: 23 giê 28 phót!
[20200122-231843]Thêi gian tr­íc m¾t lµ: 23 giê 18 phót!
[20200122-231843]Thêi gian thùc thi lÇn tíi: 23:28! 1579710523
[20200122-231843]Sè lÇn ®Şnh giê nhiÖm vô: 0 !
[20200122-231843]§Æt nÒn mãng nhiÖm vô ®Şnh giê thµnh c«ng: random_shop_npc.lua
[20200122-231843]NhiÖm vô ®Şnh giê 6: faction_boss_task.lua, Sè lÇn: 0
[20200122-231843]ThiÕt lËp tªn nhiÖm vô ®Şnh giê: NhiÖm vô BOSS m«n ph¸i
[20200122-231843]ThiÕt lËp thêi gian gi¸n c¸ch nhiÖm vô ®Şnh giê: 86400 gi©y mét lÇn!
[20200122-231843]ThiÕt lËp thêi gian nhiÖm vô ®Şnh giê: 21 giê 0 phót!
[20200122-231843]Thêi gian tr­íc m¾t lµ: 23 giê 18 phót!
[20200122-231843]H«m nay sÏ kh«ng thùc thi: ®· qu¸ thêi gian!
[20200122-231843]Thêi gian thùc thi lÇn tíi: 21:0! 1579788043
[20200122-231843]Sè lÇn ®Şnh giê nhiÖm vô: 0 !
[20200122-231843]§Æt nÒn mãng nhiÖm vô ®Şnh giê thµnh c«ng: faction_boss_task.lua
[20200122-231843]NhiÖm vô ®Şnh giê 7: gest_convention_rank.lua, Sè lÇn: 0
[20200122-231843]ThiÕt lËp tªn nhiÖm vô ®Şnh giê: XÕp h¹ng t­ c¸ch ®¹i héi tû vâ
[20200122-231843]ThiÕt lËp thêi gian gi¸n c¸ch nhiÖm vô ®Şnh giê: 3600 gi©y mét lÇn!
[20200122-231843]ThiÕt lËp thêi gian nhiÖm vô ®Şnh giê: 23 giê 30 phót!
[20200122-231843]Thêi gian tr­íc m¾t lµ: 23 giê 18 phót!
[20200122-231843]Thêi gian thùc thi lÇn tíi: 23:30! 1579710643
[20200122-231843]Sè lÇn ®Şnh giê nhiÖm vô: 0 !
[20200122-231843]§Æt nÒn mãng nhiÖm vô ®Şnh giê thµnh c«ng: gest_convention_rank.lua
[20200122-231843]NhiÖm vô ®Şnh giê 8: taixu_jwl_liu_crt.lua, Sè lÇn: 0
[20200122-231843]ThiÕt lËp tªn nhiÖm vô ®Şnh giê: Th¨n cÊp nhiÖm vô Trang søc Th¸i H­
[20200122-231843]ThiÕt lËp thêi gian gi¸n c¸ch nhiÖm vô ®Şnh giê: 86400 gi©y mét lÇn!
[20200122-231843]ThiÕt lËp thêi gian nhiÖm vô ®Şnh giê: 21 giê 11 phót!
[20200122-231843]Thêi gian tr­íc m¾t lµ: 23 giê 18 phót!
[20200122-231843]H«m nay sÏ kh«ng thùc thi: ®· qu¸ thêi gian!
[20200122-231843]Thêi gian thùc thi lÇn tíi: 21:11! 1579788703
[20200122-231843]Sè lÇn ®Şnh giê nhiÖm vô: 0 !
[20200122-231843]§Æt nÒn mãng nhiÖm vô ®Şnh giê thµnh c«ng: taixu_jwl_liu_crt.lua
[20200122-231843]NhiÖm vô ®Şnh giê 9: WeeklyBackupBR.lua, Sè lÇn: 0
[20200122-231843]ThiÕt lËp tªn nhiÖm vô ®Şnh giê: WeeklyBackupBR
[20200122-231843]ThiÕt lËp thêi gian gi¸n c¸ch nhiÖm vô ®Şnh giê: 3600 gi©y mét lÇn!
[20200122-231843]ThiÕt lËp thêi gian nhiÖm vô ®Şnh giê: 21 giê 1 phót!
[20200122-231843]Thêi gian tr­íc m¾t lµ: 23 giê 18 phót!
[20200122-231843]H«m nay sÏ kh«ng thùc thi: ®· qu¸ thêi gian!
[20200122-231843]Thêi gian thùc thi lÇn tíi: 21:1! 1579788103
[20200122-231843]Sè lÇn ®Şnh giê nhiÖm vô: 0 !
[20200122-231843]§Æt nÒn mãng nhiÖm vô ®Şnh giê thµnh c«ng: WeeklyBackupBR.lua
[20200122-231843]NhiÖm vô ®Şnh giê 10: north_west_task.lua, Sè lÇn: 0
[20200122-231843]ThiÕt lËp thêi gian gi¸n c¸ch nhiÖm vô ®Şnh giê: 1800 gi©y mét lÇn!
[20200122-231843]ThiÕt lËp thêi gian nhiÖm vô ®Şnh giê: 23 giê 28 phót!
[20200122-231843]Thêi gian tr­íc m¾t lµ: 23 giê 18 phót!
[20200122-231843]Thêi gian thùc thi lÇn tíi: 23:28! 1579710523
[20200122-231843]Sè lÇn ®Şnh giê nhiÖm vô: 0 !
[20200122-231843]§Æt nÒn mãng nhiÖm vô ®Şnh giê thµnh c«ng: north_west_task.lua
[20200122-231843]NhiÖm vô ®Şnh giê 11: biwudahuiqianzou.lua, Sè lÇn: 0
[20200122-231843]ThiÕt lËp tªn nhiÖm vô ®Şnh giê: GhĞp ®«i tr­íc ®¹i héi tû vâ
[20200122-231843]ThiÕt lËp thêi gian gi¸n c¸ch nhiÖm vô ®Şnh giê: 60 gi©y mét lÇn!
[20200122-231843]ThiÕt lËp thêi gian nhiÖm vô ®Şnh giê: 23 giê 19 phót!
[20200122-231843]Thêi gian tr­íc m¾t lµ: 23 giê 18 phót!
[20200122-231843]Thêi gian thùc thi lÇn tíi: 23:19! 1579709983
[20200122-231843]Sè lÇn ®Şnh giê nhiÖm vô: 0 !
[20200122-231843]§Æt nÒn mãng nhiÖm vô ®Şnh giê thµnh c«ng: biwudahuiqianzou.lua
[20200122-231843]NhiÖm vô ®Şnh giê 12: daliytask.lua, Sè lÇn: 0
[20200122-231843]ThiÕt lËp tªn nhiÖm vô ®Şnh giê: nhiÖm vô th­êng nhËt c¸ nh©nnhiÖm vô th­êng nhËt tæ ®éi
[20200122-231843]ThiÕt lËp thêi gian gi¸n c¸ch nhiÖm vô ®Şnh giê: 86400 gi©y mét lÇn!
[20200122-231843]ThiÕt lËp thêi gian nhiÖm vô ®Şnh giê: 0 giê 0 phót!
[20200122-231843]Thêi gian tr­íc m¾t lµ: 23 giê 18 phót!
[20200122-231843]H«m nay sÏ kh«ng thùc thi: ®· qu¸ thêi gian!
[20200122-231843]Thêi gian thùc thi lÇn tíi: 0:0! 1579712443
[20200122-231843]Sè lÇn ®Şnh giê nhiÖm vô: 0 !
[20200122-231843]§Æt nÒn mãng nhiÖm vô ®Şnh giê thµnh c«ng: daliytask.lua
[20200122-231843]NhiÖm vô ®Şnh giê 13: silingding_11.lua, Sè lÇn: 0
[20200122-231843]ThiÕt lËp thêi gian gi¸n c¸ch nhiÖm vô ®Şnh giê: 86400 gi©y mét lÇn!
[20200122-231843]ThiÕt lËp thêi gian nhiÖm vô ®Şnh giê: 11 giê 0 phót!
[20200122-231843]Thêi gian tr­íc m¾t lµ: 23 giê 18 phót!
[20200122-231843]H«m nay sÏ kh«ng thùc thi: ®· qu¸ thêi gian!
[20200122-231843]Thêi gian thùc thi lÇn tíi: 11:0! 1579752043
[20200122-231843]Sè lÇn ®Şnh giê nhiÖm vô: 0 !
[20200122-231843]§Æt nÒn mãng nhiÖm vô ®Şnh giê thµnh c«ng: silingding_11.lua
[20200122-231843]NhiÖm vô ®Şnh giê 14: silingding_18.lua, Sè lÇn: 0
[20200122-231843]ThiÕt lËp thêi gian gi¸n c¸ch nhiÖm vô ®Şnh giê: 86400 gi©y mét lÇn!
[20200122-231843]ThiÕt lËp thêi gian nhiÖm vô ®Şnh giê: 18 giê 0 phót!
[20200122-231843]Thêi gian tr­íc m¾t lµ: 23 giê 18 phót!
[20200122-231843]H«m nay sÏ kh«ng thùc thi: ®· qu¸ thêi gian!
[20200122-231843]Thêi gian thùc thi lÇn tíi: 18:0! 1579777243
[20200122-231843]Sè lÇn ®Şnh giê nhiÖm vô: 0 !
[20200122-231843]§Æt nÒn mãng nhiÖm vô ®Şnh giê thµnh c«ng: silingding_18.lua
[20200122-231843]NhiÖm vô ®Şnh giê 15: silingding_23.lua, Sè lÇn: 0
[20200122-231843]ThiÕt lËp thêi gian gi¸n c¸ch nhiÖm vô ®Şnh giê: 86400 gi©y mét lÇn!
[20200122-231843]ThiÕt lËp thêi gian nhiÖm vô ®Şnh giê: 23 giê 0 phót!
[20200122-231843]Thêi gian tr­íc m¾t lµ: 23 giê 18 phót!
[20200122-231843]H«m nay sÏ kh«ng thùc thi: ®· qu¸ thêi gian!
[20200122-231843]Thêi gian thùc thi lÇn tíi: 23:0! 1579795243
[20200122-231843]Sè lÇn ®Şnh giê nhiÖm vô: 0 !
[20200122-231843]§Æt nÒn mãng nhiÖm vô ®Şnh giê thµnh c«ng: silingding_23.lua
[20200122-231843]NhiÖm vô ®Şnh giê 16: EventBoss_201103.lua, Sè lÇn: 0
[20200122-231843]ThiÕt lËp tªn nhiÖm vô ®Şnh giê: Boss Giæ tæ Hïng V­¬ng
[20200122-231843]ThiÕt lËp thêi gian gi¸n c¸ch nhiÖm vô ®Şnh giê: 3600 gi©y mét lÇn!
[20200122-231843]ThiÕt lËp thêi gian nhiÖm vô ®Şnh giê: 0 giê 0 phót!
[20200122-231843]Thêi gian tr­íc m¾t lµ: 23 giê 18 phót!
[20200122-231843]H«m nay sÏ kh«ng thùc thi: ®· qu¸ thêi gian!
[20200122-231843]Thêi gian thùc thi lÇn tíi: 0:0! 1579712443
[20200122-231843]Sè lÇn ®Şnh giê nhiÖm vô: 0 !
[20200122-231843]§Æt nÒn mãng nhiÖm vô ®Şnh giê thµnh c«ng: EventBoss_201103.lua
[20200122-231843]NhiÖm vô ®Şnh giê 17: lsb_callboss1.lua, Sè lÇn: 0
[20200122-231843]ThiÕt lËp tªn nhiÖm vô ®Şnh giê: Boss L­¬ng S¬n Hoµng Kim
[20200122-231843]ThiÕt lËp thêi gian gi¸n c¸ch nhiÖm vô ®Şnh giê: 86400 gi©y mét lÇn!
[20200122-231843]ThiÕt lËp thêi gian nhiÖm vô ®Şnh giê: 12 giê 30 phót!
[20200122-231843]Thêi gian tr­íc m¾t lµ: 23 giê 18 phót!
[20200122-231843]H«m nay sÏ kh«ng thùc thi: ®· qu¸ thêi gian!
[20200122-231843]Thêi gian thùc thi lÇn tíi: 12:30! 1579757443
[20200122-231843]Sè lÇn ®Şnh giê nhiÖm vô: 0 !
[20200122-231843]§Æt nÒn mãng nhiÖm vô ®Şnh giê thµnh c«ng: lsb_callboss1.lua
[20200122-231843]NhiÖm vô ®Şnh giê 18: lsb_callboss2.lua, Sè lÇn: 0
[20200122-231843]ThiÕt lËp tªn nhiÖm vô ®Şnh giê: Boss L­¬ng S¬n Hoµng Kim
[20200122-231843]ThiÕt lËp thêi gian gi¸n c¸ch nhiÖm vô ®Şnh giê: 86400 gi©y mét lÇn!
[20200122-231843]ThiÕt lËp thêi gian nhiÖm vô ®Şnh giê: 15 giê 30 phót!
[20200122-231843]Thêi gian tr­íc m¾t lµ: 23 giê 18 phót!
[20200122-231843]H«m nay sÏ kh«ng thùc thi: ®· qu¸ thêi gian!
[20200122-231843]Thêi gian thùc thi lÇn tíi: 15:30! 1579768243
[20200122-231843]Sè lÇn ®Şnh giê nhiÖm vô: 0 !
[20200122-231843]§Æt nÒn mãng nhiÖm vô ®Şnh giê thµnh c«ng: lsb_callboss2.lua
[20200122-231843]NhiÖm vô ®Şnh giê 19: lsb_callboss3.lua, Sè lÇn: 0
[20200122-231843]ThiÕt lËp tªn nhiÖm vô ®Şnh giê: Boss L­¬ng S¬n Hoµng Kim
[20200122-231843]ThiÕt lËp thêi gian gi¸n c¸ch nhiÖm vô ®Şnh giê: 86400 gi©y mét lÇn!
[20200122-231843]ThiÕt lËp thêi gian nhiÖm vô ®Şnh giê: 19 giê 30 phót!
[20200122-231843]Thêi gian tr­íc m¾t lµ: 23 giê 18 phót!
[20200122-231843]H«m nay sÏ kh«ng thùc thi: ®· qu¸ thêi gian!
[20200122-231843]Thêi gian thùc thi lÇn tíi: 19:30! 1579782643
[20200122-231843]Sè lÇn ®Şnh giê nhiÖm vô: 0 !
[20200122-231843]§Æt nÒn mãng nhiÖm vô ®Şnh giê thµnh c«ng: lsb_callboss3.lua
[20200122-231843]NhiÖm vô ®Şnh giê 20: lsb_callboss4.lua, Sè lÇn: 0
[20200122-231843]ThiÕt lËp tªn nhiÖm vô ®Şnh giê: Boss L­¬ng S¬n Hoµng Kim
[20200122-231843]ThiÕt lËp thêi gian gi¸n c¸ch nhiÖm vô ®Şnh giê: 86400 gi©y mét lÇn!
[20200122-231843]ThiÕt lËp thêi gian nhiÖm vô ®Şnh giê: 22 giê 30 phót!
[20200122-231843]Thêi gian tr­íc m¾t lµ: 23 giê 18 phót!
[20200122-231843]H«m nay sÏ kh«ng thùc thi: ®· qu¸ thêi gian!
[20200122-231843]Thêi gian thùc thi lÇn tíi: 22:30! 1579793443
[20200122-231843]Sè lÇn ®Şnh giê nhiÖm vô: 0 !
[20200122-231843]§Æt nÒn mãng nhiÖm vô ®Şnh giê thµnh c«ng: lsb_callboss4.lua
[20200122-231843]NhiÖm vô ®Şnh giê 21: oly_generate_lucknum.lua, Sè lÇn: 0
[20200122-231843]ThiÕt lËp tªn nhiÖm vô ®Şnh giê: ThiÕt lËp ch÷ sè may m¾n ho¹t ®éng Olympic
[20200122-231843]ThiÕt lËp thêi gian gi¸n c¸ch nhiÖm vô ®Şnh giê: 86400 gi©y mét lÇn!
[20200122-231843]ThiÕt lËp thêi gian nhiÖm vô ®Şnh giê: 20 giê 58 phót!
[20200122-231843]Thêi gian tr­íc m¾t lµ: 23 giê 18 phót!
[20200122-231843]H«m nay sÏ kh«ng thùc thi: ®· qu¸ thêi gian!
[20200122-231843]Thêi gian thùc thi lÇn tíi: 20:58! 1579787923
[20200122-231843]Sè lÇn ®Şnh giê nhiÖm vô: 0 !
[20200122-231843]§Æt nÒn mãng nhiÖm vô ®Şnh giê thµnh c«ng: oly_generate_lucknum.lua
[20200122-231843]NhiÖm vô ®Şnh giê 22: oly_clean_data.lua, Sè lÇn: 0
[20200122-231843]ThiÕt lËp tªn nhiÖm vô ®Şnh giê: CËp nhËt d÷ liÖu ho¹t ®éng Olympic
[20200122-231843]ThiÕt lËp thêi gian gi¸n c¸ch nhiÖm vô ®Şnh giê: 86400 gi©y mét lÇn!
[20200122-231843]ThiÕt lËp thêi gian nhiÖm vô ®Şnh giê: 23 giê 58 phót!
[20200122-231843]Thêi gian tr­íc m¾t lµ: 23 giê 18 phót!
[20200122-231843]Thêi gian thùc thi lÇn tíi: 23:58! 1579712323
[20200122-231843]Sè lÇn ®Şnh giê nhiÖm vô: 0 !
[20200122-231843]§Æt nÒn mãng nhiÖm vô ®Şnh giê thµnh c«ng: oly_clean_data.lua
[20200122-231843]NhiÖm vô ®Şnh giê 23: qht_timer_clean.lua, Sè lÇn: 0
[20200122-231843]ThiÕt lËp tªn nhiÖm vô ®Şnh giê: ThiÕt lËp thêi gian Thiªn TÇm Th¸p
[20200122-231843]ThiÕt lËp thêi gian gi¸n c¸ch nhiÖm vô ®Şnh giê: 86400 gi©y mét lÇn!
[20200122-231843]ThiÕt lËp thêi gian nhiÖm vô ®Şnh giê: 0 giê 30 phót!
[20200122-231843]Thêi gian tr­íc m¾t lµ: 23 giê 18 phót!
[20200122-231843]H«m nay sÏ kh«ng thùc thi: ®· qu¸ thêi gian!
[20200122-231843]Thêi gian thùc thi lÇn tíi: 0:30! 1579714243
[20200122-231843]Sè lÇn ®Şnh giê nhiÖm vô: 0 !
[20200122-231843]§Æt nÒn mãng nhiÖm vô ®Şnh giê thµnh c«ng: qht_timer_clean.lua
[20200122-231843]NhiÖm vô ®Şnh giê 24: dzt_create_boss.lua, Sè lÇn: 0
[20200122-231843]ThiÕt lËp tªn nhiÖm vô ®Şnh giê: §¹i t¸c chiÕn truy t×m l¹i ch÷ viÕt
[20200122-231843]ThiÕt lËp thêi gian gi¸n c¸ch nhiÖm vô ®Şnh giê: 3600 gi©y mét lÇn!
[20200122-231843]ThiÕt lËp thêi gian nhiÖm vô ®Şnh giê: 10 giê 0 phót!
[20200122-231843]Thêi gian tr­íc m¾t lµ: 23 giê 18 phót!
[20200122-231843]H«m nay sÏ kh«ng thùc thi: ®· qu¸ thêi gian!
[20200122-231843]Thêi gian thùc thi lÇn tíi: 10:0! 1579748443
[20200122-231843]Sè lÇn ®Şnh giê nhiÖm vô: 0 !
[20200122-231843]§Æt nÒn mãng nhiÖm vô ®Şnh giê thµnh c«ng: dzt_create_boss.lua
[20200122-231843]NhiÖm vô ®Şnh giê 25: dzt_close.lua, Sè lÇn: 0
[20200122-231843]ThiÕt lËp tªn nhiÖm vô ®Şnh giê: §¹i t¸c chiÕn truy t×m l¹i ch÷ viÕt
[20200122-231843]ThiÕt lËp thêi gian gi¸n c¸ch nhiÖm vô ®Şnh giê: 3600 gi©y mét lÇn!
[20200122-231843]ThiÕt lËp thêi gian nhiÖm vô ®Şnh giê: 10 giê 30 phót!
[20200122-231843]Thêi gian tr­íc m¾t lµ: 23 giê 18 phót!
[20200122-231843]H«m nay sÏ kh«ng thùc thi: ®· qu¸ thêi gian!
[20200122-231843]Thêi gian thùc thi lÇn tíi: 10:30! 1579750243
[20200122-231843]Sè lÇn ®Şnh giê nhiÖm vô: 0 !
[20200122-231843]§Æt nÒn mãng nhiÖm vô ®Şnh giê thµnh c«ng: dzt_close.lua
[20200122-231843]NhiÖm vô ®Şnh giê 26: cc_call_boss1.lua, Sè lÇn: 0
[20200122-231843]ThiÕt lËp tªn nhiÖm vô ®Şnh giê: Lµm míi ThÎ Tù BOSS 
[20200122-231843]ThiÕt lËp thêi gian gi¸n c¸ch nhiÖm vô ®Şnh giê: 86400 gi©y mét lÇn!
[20200122-231843]ThiÕt lËp thêi gian nhiÖm vô ®Şnh giê: 8 giê 30 phót!
[20200122-231843]Thêi gian tr­íc m¾t lµ: 23 giê 18 phót!
[20200122-231843]H«m nay sÏ kh«ng thùc thi: ®· qu¸ thêi gian!
[20200122-231843]Thêi gian thùc thi lÇn tíi: 8:30! 1579743043
[20200122-231843]Sè lÇn ®Şnh giê nhiÖm vô: 0 !
[20200122-231843]§Æt nÒn mãng nhiÖm vô ®Şnh giê thµnh c«ng: cc_call_boss1.lua
[20200122-231843]NhiÖm vô ®Şnh giê 27: cc_call_boss2.lua, Sè lÇn: 0
[20200122-231843]ThiÕt lËp tªn nhiÖm vô ®Şnh giê: Lµm míi ThÎ Tù BOSS 
[20200122-231843]ThiÕt lËp thêi gian gi¸n c¸ch nhiÖm vô ®Şnh giê: 86400 gi©y mét lÇn!
[20200122-231843]ThiÕt lËp thêi gian nhiÖm vô ®Şnh giê: 12 giê 30 phót!
[20200122-231843]Thêi gian tr­íc m¾t lµ: 23 giê 18 phót!
[20200122-231843]H«m nay sÏ kh«ng thùc thi: ®· qu¸ thêi gian!
[20200122-231843]Thêi gian thùc thi lÇn tíi: 12:30! 1579757443
[20200122-231843]Sè lÇn ®Şnh giê nhiÖm vô: 0 !
[20200122-231843]§Æt nÒn mãng nhiÖm vô ®Şnh giê thµnh c«ng: cc_call_boss2.lua
[20200122-231843]NhiÖm vô ®Şnh giê 28: cc_call_boss3.lua, Sè lÇn: 0
[20200122-231843]ThiÕt lËp tªn nhiÖm vô ®Şnh giê: Lµm míi ThÎ Tù BOSS 
[20200122-231843]ThiÕt lËp thêi gian gi¸n c¸ch nhiÖm vô ®Şnh giê: 86400 gi©y mét lÇn!
[20200122-231843]ThiÕt lËp thêi gian nhiÖm vô ®Şnh giê: 17 giê 30 phót!
[20200122-231843]Thêi gian tr­íc m¾t lµ: 23 giê 18 phót!
[20200122-231843]H«m nay sÏ kh«ng thùc thi: ®· qu¸ thêi gian!
[20200122-231843]Thêi gian thùc thi lÇn tíi: 17:30! 1579775443
[20200122-231843]Sè lÇn ®Şnh giê nhiÖm vô: 0 !
[20200122-231843]§Æt nÒn mãng nhiÖm vô ®Şnh giê thµnh c«ng: cc_call_boss3.lua
[20200122-231843]NhiÖm vô ®Şnh giê 29: cc_call_boss4.lua, Sè lÇn: 0
[20200122-231843]ThiÕt lËp tªn nhiÖm vô ®Şnh giê: Lµm míi ThÎ Tù BOSS 
[20200122-231843]ThiÕt lËp thêi gian gi¸n c¸ch nhiÖm vô ®Şnh giê: 86400 gi©y mét lÇn!
[20200122-231843]ThiÕt lËp thêi gian nhiÖm vô ®Şnh giê: 22 giê 30 phót!
[20200122-231843]Thêi gian tr­íc m¾t lµ: 23 giê 18 phót!
[20200122-231843]H«m nay sÏ kh«ng thùc thi: ®· qu¸ thêi gian!
[20200122-231843]Thêi gian thùc thi lÇn tíi: 22:30! 1579793443
[20200122-231843]Sè lÇn ®Şnh giê nhiÖm vô: 0 !
[20200122-231843]§Æt nÒn mãng nhiÖm vô ®Şnh giê thµnh c«ng: cc_call_boss4.lua
[20200122-231843]NhiÖm vô ®Şnh giê 30: qht_create_gold_boss1.lua, Sè lÇn: 0
[20200122-231843]ThiÕt lËp tªn nhiÖm vô ®Şnh giê: Thiªn TÇm Th¸p Hoµng Kim BOSS xuÊt hiÖn!
[20200122-231843]ThiÕt lËp thêi gian gi¸n c¸ch nhiÖm vô ®Şnh giê: 86400 gi©y mét lÇn!
[20200122-231843]ThiÕt lËp thêi gian nhiÖm vô ®Şnh giê: 12 giê 30 phót!
[20200122-231843]Thêi gian tr­íc m¾t lµ: 23 giê 18 phót!
[20200122-231843]H«m nay sÏ kh«ng thùc thi: ®· qu¸ thêi gian!
[20200122-231843]Thêi gian thùc thi lÇn tíi: 12:30! 1579757443
[20200122-231843]Sè lÇn ®Şnh giê nhiÖm vô: 0 !
[20200122-231843]§Æt nÒn mãng nhiÖm vô ®Şnh giê thµnh c«ng: qht_create_gold_boss1.lua
[20200122-231843]NhiÖm vô ®Şnh giê 31: qht_create_gold_boss2.lua, Sè lÇn: 0
[20200122-231843]ThiÕt lËp tªn nhiÖm vô ®Şnh giê: Thiªn TÇm Th¸p Hoµng Kim BOSS xuÊt hiÖn!
[20200122-231843]ThiÕt lËp thêi gian gi¸n c¸ch nhiÖm vô ®Şnh giê: 86400 gi©y mét lÇn!
[20200122-231843]ThiÕt lËp thêi gian nhiÖm vô ®Şnh giê: 22 giê 0 phót!
[20200122-231843]Thêi gian tr­íc m¾t lµ: 23 giê 18 phót!
[20200122-231843]H«m nay sÏ kh«ng thùc thi: ®· qu¸ thêi gian!
[20200122-231843]Thêi gian thùc thi lÇn tíi: 22:0! 1579791643
[20200122-231843]Sè lÇn ®Şnh giê nhiÖm vô: 0 !
[20200122-231843]§Æt nÒn mãng nhiÖm vô ®Şnh giê thµnh c«ng: qht_create_gold_boss2.lua
[20200122-231843]NhiÖm vô ®Şnh giê 32: sp2014_createnpc_1.lua, Sè lÇn: 0
[20200122-231843]ThiÕt lËp tªn nhiÖm vô ®Şnh giê: Niªn Thó 2014
[20200122-231843]ThiÕt lËp thêi gian gi¸n c¸ch nhiÖm vô ®Şnh giê: 86400 gi©y mét lÇn!
[20200122-231843]ThiÕt lËp thêi gian nhiÖm vô ®Şnh giê: 12 giê 0 phót!
[20200122-231843]Thêi gian tr­íc m¾t lµ: 23 giê 18 phót!
[20200122-231843]H«m nay sÏ kh«ng thùc thi: ®· qu¸ thêi gian!
[20200122-231843]Thêi gian thùc thi lÇn tíi: 12:0! 1579755643
[20200122-231843]Sè lÇn ®Şnh giê nhiÖm vô: 0 !
[20200122-231843]§Æt nÒn mãng nhiÖm vô ®Şnh giê thµnh c«ng: sp2014_createnpc_1.lua
[20200122-231843]NhiÖm vô ®Şnh giê 33: sp2014_createnpc_2.lua, Sè lÇn: 0
[20200122-231843]ThiÕt lËp tªn nhiÖm vô ®Şnh giê: Niªn Thó 2014
[20200122-231843]ThiÕt lËp thêi gian gi¸n c¸ch nhiÖm vô ®Şnh giê: 86400 gi©y mét lÇn!
[20200122-231843]ThiÕt lËp thêi gian nhiÖm vô ®Şnh giê: 21 giê 0 phót!
[20200122-231843]Thêi gian tr­íc m¾t lµ: 23 giê 18 phót!
[20200122-231843]H«m nay sÏ kh«ng thùc thi: ®· qu¸ thêi gian!
[20200122-231843]Thêi gian thùc thi lÇn tíi: 21:0! 1579788043
[20200122-231843]Sè lÇn ®Şnh giê nhiÖm vô: 0 !
[20200122-231843]§Æt nÒn mãng nhiÖm vô ®Şnh giê thµnh c«ng: sp2014_createnpc_2.lua
[20200122-231843]NhiÖm vô ®Şnh giê 34: clear_gest_jiaoyi.lua, Sè lÇn: 0
[20200122-231843]ThiÕt lËp tªn nhiÖm vô ®Şnh giê: Xãa bá h¹ng tû vâ
[20200122-231843]ThiÕt lËp thêi gian gi¸n c¸ch nhiÖm vô ®Şnh giê: 3600 gi©y mét lÇn!
[20200122-231843]ThiÕt lËp thêi gian nhiÖm vô ®Şnh giê: 23 giê 18 phót!
[20200122-231843]Thêi gian tr­íc m¾t lµ: 23 giê 18 phót!
[20200122-231843]Thêi gian thùc thi lÇn tíi: 23:18! 1579709923
[20200122-231843]Sè lÇn ®Şnh giê nhiÖm vô: 0 !
[20200122-231843]§Æt nÒn mãng nhiÖm vô ®Şnh giê thµnh c«ng: clear_gest_jiaoyi.lua
[20200122-231843]NhiÖm vô ®Şnh giê 35: world_boss.lua, Sè lÇn: 0
[20200122-231843]ThiÕt lËp tªn nhiÖm vô ®Şnh giê: T¹o míi BOSS ThÕ Giíi
[20200122-231843]ThiÕt lËp thêi gian gi¸n c¸ch nhiÖm vô ®Şnh giê: 86400 gi©y mét lÇn!
[20200122-231843]ThiÕt lËp thêi gian nhiÖm vô ®Şnh giê: 14 giê 30 phót!
[20200122-231843]Thêi gian tr­íc m¾t lµ: 23 giê 18 phót!
[20200122-231843]H«m nay sÏ kh«ng thùc thi: ®· qu¸ thêi gian!
[20200122-231843]Thêi gian thùc thi lÇn tíi: 14:30! 1579764643
[20200122-231843]Sè lÇn ®Şnh giê nhiÖm vô: 0 !
[20200122-231843]§Æt nÒn mãng nhiÖm vô ®Şnh giê thµnh c«ng: world_boss.lua
[20200122-231843]NhiÖm vô ®Şnh giê 36: world_boss1.lua, Sè lÇn: 0
[20200122-231843]ThiÕt lËp tªn nhiÖm vô ®Şnh giê: T¹o míi BOSS ThÕ Giíi
[20200122-231843]ThiÕt lËp thêi gian gi¸n c¸ch nhiÖm vô ®Şnh giê: 86400 gi©y mét lÇn!
[20200122-231843]ThiÕt lËp thêi gian nhiÖm vô ®Şnh giê: 20 giê 0 phót!
[20200122-231843]Thêi gian tr­íc m¾t lµ: 23 giê 18 phót!
[20200122-231843]H«m nay sÏ kh«ng thùc thi: ®· qu¸ thêi gian!
[20200122-231843]Thêi gian thùc thi lÇn tíi: 20:0! 1579784443
[20200122-231843]Sè lÇn ®Şnh giê nhiÖm vô: 0 !
[20200122-231843]§Æt nÒn mãng nhiÖm vô ®Şnh giê thµnh c«ng: world_boss1.lua
[20200122-231843]NhiÖm vô ®Şnh giê 37: hua_deng1.lua, Sè lÇn: 0
[20200122-231843]ThiÕt lËp tªn nhiÖm vô ®Şnh giê: §Ìn Hoa §¨ng
[20200122-231843]ThiÕt lËp thêi gian gi¸n c¸ch nhiÖm vô ®Şnh giê: 86400 gi©y mét lÇn!
[20200122-231843]ThiÕt lËp thêi gian nhiÖm vô ®Şnh giê: 10 giê 0 phót!
[20200122-231843]Thêi gian tr­íc m¾t lµ: 23 giê 18 phót!
[20200122-231843]H«m nay sÏ kh«ng thùc thi: ®· qu¸ thêi gian!
[20200122-231843]Thêi gian thùc thi lÇn tíi: 10:0! 1579748443
[20200122-231843]Sè lÇn ®Şnh giê nhiÖm vô: 0 !
[20200122-231843]§Æt nÒn mãng nhiÖm vô ®Şnh giê thµnh c«ng: hua_deng1.lua
[20200122-231843]NhiÖm vô ®Şnh giê 38: hua_deng2.lua, Sè lÇn: 0
[20200122-231843]ThiÕt lËp tªn nhiÖm vô ®Şnh giê: §Ìn Hoa §¨ng
[20200122-231843]ThiÕt lËp thêi gian gi¸n c¸ch nhiÖm vô ®Şnh giê: 86400 gi©y mét lÇn!
[20200122-231843]ThiÕt lËp thêi gian nhiÖm vô ®Şnh giê: 11 giê 0 phót!
[20200122-231843]Thêi gian tr­íc m¾t lµ: 23 giê 18 phót!
[20200122-231843]H«m nay sÏ kh«ng thùc thi: ®· qu¸ thêi gian!
[20200122-231843]Thêi gian thùc thi lÇn tíi: 11:0! 1579752043
[20200122-231843]Sè lÇn ®Şnh giê nhiÖm vô: 0 !
[20200122-231843]§Æt nÒn mãng nhiÖm vô ®Şnh giê thµnh c«ng: hua_deng2.lua
[20200122-231843]NhiÖm vô ®Şnh giê 39: hua_deng3.lua, Sè lÇn: 0
[20200122-231843]ThiÕt lËp tªn nhiÖm vô ®Şnh giê: §Ìn Hoa §¨ng
[20200122-231843]ThiÕt lËp thêi gian gi¸n c¸ch nhiÖm vô ®Şnh giê: 86400 gi©y mét lÇn!
[20200122-231843]ThiÕt lËp thêi gian nhiÖm vô ®Şnh giê: 16 giê 0 phót!
[20200122-231843]Thêi gian tr­íc m¾t lµ: 23 giê 18 phót!
[20200122-231843]H«m nay sÏ kh«ng thùc thi: ®· qu¸ thêi gian!
[20200122-231843]Thêi gian thùc thi lÇn tíi: 16:0! 1579770043
[20200122-231843]Sè lÇn ®Şnh giê nhiÖm vô: 0 !
[20200122-231843]§Æt nÒn mãng nhiÖm vô ®Şnh giê thµnh c«ng: hua_deng3.lua
[20200122-231843]NhiÖm vô ®Şnh giê 40: hua_deng4.lua, Sè lÇn: 0
[20200122-231843]ThiÕt lËp tªn nhiÖm vô ®Şnh giê: §Ìn Hoa §¨ng
[20200122-231843]ThiÕt lËp thêi gian gi¸n c¸ch nhiÖm vô ®Şnh giê: 86400 gi©y mét lÇn!
[20200122-231843]ThiÕt lËp thêi gian nhiÖm vô ®Şnh giê: 17 giê 0 phót!
[20200122-231843]Thêi gian tr­íc m¾t lµ: 23 giê 18 phót!
[20200122-231843]H«m nay sÏ kh«ng thùc thi: ®· qu¸ thêi gian!
[20200122-231843]Thêi gian thùc thi lÇn tíi: 17:0! 1579773643
[20200122-231843]Sè lÇn ®Şnh giê nhiÖm vô: 0 !
[20200122-231843]§Æt nÒn mãng nhiÖm vô ®Şnh giê thµnh c«ng: hua_deng4.lua
[20200122-231843]NhiÖm vô ®Şnh giê 41: hua_deng5.lua, Sè lÇn: 0
[20200122-231843]ThiÕt lËp tªn nhiÖm vô ®Şnh giê: §Ìn Hoa §¨ng
[20200122-231843]ThiÕt lËp thêi gian gi¸n c¸ch nhiÖm vô ®Şnh giê: 86400 gi©y mét lÇn!
[20200122-231843]ThiÕt lËp thêi gian nhiÖm vô ®Şnh giê: 21 giê 0 phót!
[20200122-231843]Thêi gian tr­íc m¾t lµ: 23 giê 18 phót!
[20200122-231843]H«m nay sÏ kh«ng thùc thi: ®· qu¸ thêi gian!
[20200122-231843]Thêi gian thùc thi lÇn tíi: 21:0! 1579788043
[20200122-231843]Sè lÇn ®Şnh giê nhiÖm vô: 0 !
[20200122-231843]§Æt nÒn mãng nhiÖm vô ®Şnh giê thµnh c«ng: hua_deng5.lua
[20200122-231843]NhiÖm vô ®Şnh giê 42: hua_deng6.lua, Sè lÇn: 0
[20200122-231843]ThiÕt lËp tªn nhiÖm vô ®Şnh giê: §Ìn Hoa §¨ng
[20200122-231843]ThiÕt lËp thêi gian gi¸n c¸ch nhiÖm vô ®Şnh giê: 86400 gi©y mét lÇn!
[20200122-231843]ThiÕt lËp thêi gian nhiÖm vô ®Şnh giê: 22 giê 0 phót!
[20200122-231843]Thêi gian tr­íc m¾t lµ: 23 giê 18 phót!
[20200122-231843]H«m nay sÏ kh«ng thùc thi: ®· qu¸ thêi gian!
[20200122-231843]Thêi gian thùc thi lÇn tíi: 22:0! 1579791643
[20200122-231843]Sè lÇn ®Şnh giê nhiÖm vô: 0 !
[20200122-231843]§Æt nÒn mãng nhiÖm vô ®Şnh giê thµnh c«ng: hua_deng6.lua
[20200122-231843]NhiÖm vô ®Şnh giê 43: ibc_boss1.lua, Sè lÇn: 0
[20200122-231843]ThiÕt lËp thêi gian gi¸n c¸ch nhiÖm vô ®Şnh giê: 86400 gi©y mét lÇn!
[20200122-231843]ThiÕt lËp thêi gian nhiÖm vô ®Şnh giê: 13 giê 0 phót!
[20200122-231843]Thêi gian tr­íc m¾t lµ: 23 giê 18 phót!
[20200122-231843]H«m nay sÏ kh«ng thùc thi: ®· qu¸ thêi gian!
[20200122-231843]Thêi gian thùc thi lÇn tíi: 13:0! 1579759243
[20200122-231843]Sè lÇn ®Şnh giê nhiÖm vô: 0 !
[20200122-231843]§Æt nÒn mãng nhiÖm vô ®Şnh giê thµnh c«ng: ibc_boss1.lua
[20200122-231843]NhiÖm vô ®Şnh giê 44: ibc_boss2.lua, Sè lÇn: 0
[20200122-231843]ThiÕt lËp thêi gian gi¸n c¸ch nhiÖm vô ®Şnh giê: 86400 gi©y mét lÇn!
[20200122-231843]ThiÕt lËp thêi gian nhiÖm vô ®Şnh giê: 19 giê 0 phót!
[20200122-231843]Thêi gian tr­íc m¾t lµ: 23 giê 18 phót!
[20200122-231843]H«m nay sÏ kh«ng thùc thi: ®· qu¸ thêi gian!
[20200122-231843]Thêi gian thùc thi lÇn tíi: 19:0! 1579780843
[20200122-231843]Sè lÇn ®Şnh giê nhiÖm vô: 0 !
[20200122-231843]§Æt nÒn mãng nhiÖm vô ®Şnh giê thµnh c«ng: ibc_boss2.lua
[20200122-231843]NhiÖm vô ®Şnh giê 45: ibc_boss3.lua, Sè lÇn: 0
[20200122-231843]ThiÕt lËp thêi gian gi¸n c¸ch nhiÖm vô ®Şnh giê: 86400 gi©y mét lÇn!
[20200122-231843]ThiÕt lËp thêi gian nhiÖm vô ®Şnh giê: 22 giê 0 phót!
[20200122-231843]Thêi gian tr­íc m¾t lµ: 23 giê 18 phót!
[20200122-231843]H«m nay sÏ kh«ng thùc thi: ®· qu¸ thêi gian!
[20200122-231843]Thêi gian thùc thi lÇn tíi: 22:0! 1579791643
[20200122-231843]Sè lÇn ®Şnh giê nhiÖm vô: 0 !
[20200122-231843]§Æt nÒn mãng nhiÖm vô ®Şnh giê thµnh c«ng: ibc_boss3.lua
[20200122-231844]Thùc thi NhiÖm vô ®Şnh giê: clear_gest_jiaoyi.lua
[20200122-231844]Thêi gian thùc thi lÇn sau: 1579791643!
[20200122-231943]Thùc thi NhiÖm vô ®Şnh giê: biwudahuiqianzou.lua
[20200122-231943]Thêi gian thùc thi lÇn sau: 1579791643!
[20200122-232043]Thùc thi NhiÖm vô ®Şnh giê: biwudahuiqianzou.lua
[20200122-232043]Thêi gian thùc thi lÇn sau: 1579791643!
[20200122-232143]Thùc thi NhiÖm vô ®Şnh giê: biwudahuiqianzou.lua
[20200122-232143]Thêi gian thùc thi lÇn sau: 1579791643!
[20200122-232243]Thùc thi NhiÖm vô ®Şnh giê: biwudahuiqianzou.lua
[20200122-232243]Thêi gian thùc thi lÇn sau: 1579791643!
[20200122-232343]Thùc thi NhiÖm vô ®Şnh giê: biwudahuiqianzou.lua
[20200122-232343]Thêi gian thùc thi lÇn sau: 1579791643!
[20200122-232443]Thùc thi NhiÖm vô ®Şnh giê: biwudahuiqianzou.lua
[20200122-232443]Thêi gian thùc thi lÇn sau: 1579791643!
[20200122-232543]Thùc thi NhiÖm vô ®Şnh giê: biwudahuiqianzou.lua
[20200122-232543]Thêi gian thùc thi lÇn sau: 1579791643!
[20200122-232643]Thùc thi NhiÖm vô ®Şnh giê: biwudahuiqianzou.lua
[20200122-232643]Thêi gian thùc thi lÇn sau: 1579791643!
[20200122-232743]Thùc thi NhiÖm vô ®Şnh giê: biwudahuiqianzou.lua
[20200122-232743]Thêi gian thùc thi lÇn sau: 1579791643!
[20200122-232843]Thùc thi NhiÖm vô ®Şnh giê: CollectionTaskStart.lua
[20200122-232843]Thêi gian thùc thi lÇn sau: 1579791643!
[20200122-232843]Thùc thi NhiÖm vô ®Şnh giê: random_shop_npc.lua
[20200122-232843]Thêi gian thùc thi lÇn sau: 1579791643!
[20200122-232843]Thùc thi NhiÖm vô ®Şnh giê: north_west_task.lua
[20200122-232843]Thêi gian thùc thi lÇn sau: 1579791643!
[20200122-232843]Thùc thi NhiÖm vô ®Şnh giê: biwudahuiqianzou.lua
[20200122-232843]Thêi gian thùc thi lÇn sau: 1579791643!
[20200122-232943]Thùc thi NhiÖm vô ®Şnh giê: biwudahuiqianzou.lua
[20200122-232943]Thêi gian thùc thi lÇn sau: 1579791643!
[20200122-233043]Thùc thi NhiÖm vô ®Şnh giê: gest_convention_rank.lua
[20200122-233043]Thêi gian thùc thi lÇn sau: 1579791643!
[20200122-233043]Thùc thi NhiÖm vô ®Şnh giê: biwudahuiqianzou.lua
[20200122-233043]Thêi gian thùc thi lÇn sau: 1579791643!
[20200122-233143]Thùc thi NhiÖm vô ®Şnh giê: biwudahuiqianzou.lua
[20200122-233143]Thêi gian thùc thi lÇn sau: 1579791643!
[20200122-233243]Thùc thi NhiÖm vô ®Şnh giê: biwudahuiqianzou.lua
[20200122-233243]Thêi gian thùc thi lÇn sau: 1579791643!
[20200122-233343]Thùc thi NhiÖm vô ®Şnh giê: biwudahuiqianzou.lua
[20200122-233343]Thêi gian thùc thi lÇn sau: 1579791643!
[20200122-233443]Thùc thi NhiÖm vô ®Şnh giê: biwudahuiqianzou.lua
[20200122-233443]Thêi gian thùc thi lÇn sau: 1579791643!
[20200122-233543]Thùc thi NhiÖm vô ®Şnh giê: biwudahuiqianzou.lua
[20200122-233543]Thêi gian thùc thi lÇn sau: 1579791643!
[20200122-233643]Thùc thi NhiÖm vô ®Şnh giê: biwudahuiqianzou.lua
[20200122-233643]Thêi gian thùc thi lÇn sau: 1579791643!
[20200122-233743]Thùc thi NhiÖm vô ®Şnh giê: biwudahuiqianzou.lua
[20200122-233743]Thêi gian thùc thi lÇn sau: 1579791643!
[20200122-233843]Thùc thi NhiÖm vô ®Şnh giê: biwudahuiqianzou.lua
[20200122-233843]Thêi gian thùc thi lÇn sau: 1579791643!
[20200122-233943]Thùc thi NhiÖm vô ®Şnh giê: biwudahuiqianzou.lua
[20200122-233943]Thêi gian thùc thi lÇn sau: 1579791643!
[20200122-234043]Thùc thi NhiÖm vô ®Şnh giê: biwudahuiqianzou.lua
[20200122-234043]Thêi gian thùc thi lÇn sau: 1579791643!
[20200122-234143]Thùc thi NhiÖm vô ®Şnh giê: biwudahuiqianzou.lua
[20200122-234143]Thêi gian thùc thi lÇn sau: 1579791643!
[20200122-234243]Thùc thi NhiÖm vô ®Şnh giê: biwudahuiqianzou.lua
[20200122-234243]Thêi gian thùc thi lÇn sau: 1579791643!
[20200122-234343]Thùc thi NhiÖm vô ®Şnh giê: biwudahuiqianzou.lua
[20200122-234343]Thêi gian thùc thi lÇn sau: 1579791643!
[20200122-234443]Thùc thi NhiÖm vô ®Şnh giê: biwudahuiqianzou.lua
[20200122-234443]Thêi gian thùc thi lÇn sau: 1579791643!
[20200122-234543]Thùc thi NhiÖm vô ®Şnh giê: biwudahuiqianzou.lua
[20200122-234543]Thêi gian thùc thi lÇn sau: 1579791643!
[20200122-234643]Thùc thi NhiÖm vô ®Şnh giê: biwudahuiqianzou.lua
[20200122-234643]Thêi gian thùc thi lÇn sau: 1579791643!
[20200122-234743]Thùc thi NhiÖm vô ®Şnh giê: biwudahuiqianzou.lua
[20200122-234743]Thêi gian thùc thi lÇn sau: 1579791643!
[20200122-234843]Thùc thi NhiÖm vô ®Şnh giê: biwudahuiqianzou.lua
[20200122-234843]Thêi gian thùc thi lÇn sau: 1579791643!
[20200122-234943]Thùc thi NhiÖm vô ®Şnh giê: biwudahuiqianzou.lua
[20200122-234943]Thêi gian thùc thi lÇn sau: 1579791643!
[20200122-235043]Thùc thi NhiÖm vô ®Şnh giê: biwudahuiqianzou.lua
[20200122-235043]Thêi gian thùc thi lÇn sau: 1579791643!
[20200122-235143]Thùc thi NhiÖm vô ®Şnh giê: biwudahuiqianzou.lua
[20200122-235143]Thêi gian thùc thi lÇn sau: 1579791643!
[20200122-235243]Thùc thi NhiÖm vô ®Şnh giê: biwudahuiqianzou.lua
[20200122-235243]Thêi gian thùc thi lÇn sau: 1579791643!
[20200122-235343]Thùc thi NhiÖm vô ®Şnh giê: biwudahuiqianzou.lua
[20200122-235343]Thêi gian thùc thi lÇn sau: 1579791643!
[20200122-235443]Thùc thi NhiÖm vô ®Şnh giê: biwudahuiqianzou.lua
[20200122-235443]Thêi gian thùc thi lÇn sau: 1579791643!
[20200122-235543]Thùc thi NhiÖm vô ®Şnh giê: biwudahuiqianzou.lua
[20200122-235543]Thêi gian thùc thi lÇn sau: 1579791643!
[20200122-235643]Thùc thi NhiÖm vô ®Şnh giê: biwudahuiqianzou.lua
[20200122-235643]Thêi gian thùc thi lÇn sau: 1579791643!
[20200122-235743]Thùc thi NhiÖm vô ®Şnh giê: biwudahuiqianzou.lua
[20200122-235743]Thêi gian thùc thi lÇn sau: 1579791643!
[20200122-235843]Thùc thi NhiÖm vô ®Şnh giê: CollectionTaskClose.lua
[20200122-235843]Thêi gian thùc thi lÇn sau: 1579791643!
[20200122-235843]Thùc thi NhiÖm vô ®Şnh giê: random_shop_npc.lua
[20200122-235843]Thêi gian thùc thi lÇn sau: 1579791643!
[20200122-235843]Thùc thi NhiÖm vô ®Şnh giê: north_west_task.lua
[20200122-235843]Thêi gian thùc thi lÇn sau: 1579791643!
[20200122-235843]Thùc thi NhiÖm vô ®Şnh giê: biwudahuiqianzou.lua
[20200122-235843]Thêi gian thùc thi lÇn sau: 1579791643!
[20200122-235843]Thùc thi NhiÖm vô ®Şnh giê: oly_clean_data.lua
[20200122-235843]Thêi gian thùc thi lÇn sau: 1579791643!
[20200122-235943]Thùc thi NhiÖm vô ®Şnh giê: biwudahuiqianzou.lua
[20200122-235943]Thêi gian thùc thi lÇn sau: 1579791643!
[20200123-000043]Thùc thi NhiÖm vô ®Şnh giê: biwudahuiqianzou.lua
[20200123-000043]Thêi gian thùc thi lÇn sau: 1579791643!
[20200123-000043]Thùc thi NhiÖm vô ®Şnh giê: daliytask.lua
[20200123-000043]Thêi gian thùc thi lÇn sau: 1579791643!
[20200123-000043]Thùc thi NhiÖm vô ®Şnh giê: EventBoss_201103.lua
[20200123-000043]Thêi gian thùc thi lÇn sau: 1579791643!
[20200123-000143]Thùc thi NhiÖm vô ®Şnh giê: biwudahuiqianzou.lua
[20200123-000143]Thêi gian thùc thi lÇn sau: 1579791643!
[20200123-000243]Thùc thi NhiÖm vô ®Şnh giê: biwudahuiqianzou.lua
[20200123-000243]Thêi gian thùc thi lÇn sau: 1579791643!
[20200123-000343]Thùc thi NhiÖm vô ®Şnh giê: biwudahuiqianzou.lua
[20200123-000343]Thêi gian thùc thi lÇn sau: 1579791643!
[20200123-000443]Thùc thi NhiÖm vô ®Şnh giê: biwudahuiqianzou.lua
[20200123-000443]Thêi gian thùc thi lÇn sau: 1579791643!
[20200123-000543]Thùc thi NhiÖm vô ®Şnh giê: biwudahuiqianzou.lua
[20200123-000543]Thêi gian thùc thi lÇn sau: 1579791643!
[20200123-000643]Thùc thi NhiÖm vô ®Şnh giê: biwudahuiqianzou.lua
[20200123-000643]Thêi gian thùc thi lÇn sau: 1579791643!
[20200123-000743]Thùc thi NhiÖm vô ®Şnh giê: biwudahuiqianzou.lua
[20200123-000743]Thêi gian thùc thi lÇn sau: 1579791643!
[20200123-000843]Thùc thi NhiÖm vô ®Şnh giê: biwudahuiqianzou.lua
[20200123-000843]Thêi gian thùc thi lÇn sau: 1579791643!
[20200123-000943]Thùc thi NhiÖm vô ®Şnh giê: biwudahuiqianzou.lua
[20200123-000943]Thêi gian thùc thi lÇn sau: 1579791643!
[20200123-001043]Thùc thi NhiÖm vô ®Şnh giê: biwudahuiqianzou.lua
[20200123-001043]Thêi gian thùc thi lÇn sau: 1579791643!
[20200123-001143]Thùc thi NhiÖm vô ®Şnh giê: biwudahuiqianzou.lua
[20200123-001143]Thêi gian thùc thi lÇn sau: 1579791643!
[20200123-001243]Thùc thi NhiÖm vô ®Şnh giê: biwudahuiqianzou.lua
[20200123-001243]Thêi gian thùc thi lÇn sau: 1579791643!
[20200123-001343]Thùc thi NhiÖm vô ®Şnh giê: biwudahuiqianzou.lua
[20200123-001343]Thêi gian thùc thi lÇn sau: 1579791643!
[20200123-001443]Thùc thi NhiÖm vô ®Şnh giê: biwudahuiqianzou.lua
[20200123-001443]Thêi gian thùc thi lÇn sau: 1579791643!
[20200123-001543]Thùc thi NhiÖm vô ®Şnh giê: biwudahuiqianzou.lua
[20200123-001543]Thêi gian thùc thi lÇn sau: 1579791643!
[20200123-001643]Thùc thi NhiÖm vô ®Şnh giê: biwudahuiqianzou.lua
[20200123-001643]Thêi gian thùc thi lÇn sau: 1579791643!
[20200123-001743]Thùc thi NhiÖm vô ®Şnh giê: biwudahuiqianzou.lua
[20200123-001743]Thêi gian thùc thi lÇn sau: 1579791643!
[20200123-001843]Thùc thi NhiÖm vô ®Şnh giê: biwudahuiqianzou.lua
[20200123-001843]Thêi gian thùc thi lÇn sau: 1579791643!
[20200123-001843]Thùc thi NhiÖm vô ®Şnh giê: clear_gest_jiaoyi.lua
[20200123-001843]Thêi gian thùc thi lÇn sau: 1579791643!
[20200123-001943]Thùc thi NhiÖm vô ®Şnh giê: biwudahuiqianzou.lua
[20200123-001943]Thêi gian thùc thi lÇn sau: 1579791643!
[20200123-002043]Thùc thi NhiÖm vô ®Şnh giê: biwudahuiqianzou.lua
[20200123-002043]Thêi gian thùc thi lÇn sau: 1579791643!
[20200123-002143]Thùc thi NhiÖm vô ®Şnh giê: biwudahuiqianzou.lua
[20200123-002143]Thêi gian thùc thi lÇn sau: 1579791643!
[20200123-002243]Thùc thi NhiÖm vô ®Şnh giê: biwudahuiqianzou.lua
[20200123-002243]Thêi gian thùc thi lÇn sau: 1579791643!
[20200123-002343]Thùc thi NhiÖm vô ®Şnh giê: biwudahuiqianzou.lua
[20200123-002343]Thêi gian thùc thi lÇn sau: 1579791643!
[20200123-002443]Thùc thi NhiÖm vô ®Şnh giê: biwudahuiqianzou.lua
[20200123-002443]Thêi gian thùc thi lÇn sau: 1579791643!
[20200123-002543]Thùc thi NhiÖm vô ®Şnh giê: biwudahuiqianzou.lua
[20200123-002543]Thêi gian thùc thi lÇn sau: 1579791643!
[20200123-002643]Thùc thi NhiÖm vô ®Şnh giê: biwudahuiqianzou.lua
[20200123-002643]Thêi gian thùc thi lÇn sau: 1579791643!
[20200123-002743]Thùc thi NhiÖm vô ®Şnh giê: biwudahuiqianzou.lua
[20200123-002743]Thêi gian thùc thi lÇn sau: 1579791643!
[20200123-002843]Thùc thi NhiÖm vô ®Şnh giê: random_shop_npc.lua
[20200123-002843]Thêi gian thùc thi lÇn sau: 1579791643!
[20200123-002843]Thùc thi NhiÖm vô ®Şnh giê: north_west_task.lua
[20200123-002843]Thêi gian thùc thi lÇn sau: 1579791643!
[20200123-002843]Thùc thi NhiÖm vô ®Şnh giê: biwudahuiqianzou.lua
[20200123-002843]Thêi gian thùc thi lÇn sau: 1579791643!
[20200123-002943]Thùc thi NhiÖm vô ®Şnh giê: biwudahuiqianzou.lua
[20200123-002943]Thêi gian thùc thi lÇn sau: 1579791643!
[20200123-003043]Thùc thi NhiÖm vô ®Şnh giê: gest_convention_rank.lua
[20200123-003043]Thêi gian thùc thi lÇn sau: 1579791643!
[20200123-003043]Thùc thi NhiÖm vô ®Şnh giê: biwudahuiqianzou.lua
[20200123-003043]Thêi gian thùc thi lÇn sau: 1579791643!
[20200123-003043]Thùc thi NhiÖm vô ®Şnh giê: qht_timer_clean.lua
[20200123-003043]Thêi gian thùc thi lÇn sau: 1579791643!
[20200123-003143]Thùc thi NhiÖm vô ®Şnh giê: biwudahuiqianzou.lua
[20200123-003143]Thêi gian thùc thi lÇn sau: 1579791643!
[20200123-003243]Thùc thi NhiÖm vô ®Şnh giê: biwudahuiqianzou.lua
[20200123-003243]Thêi gian thùc thi lÇn sau: 1579791643!
[20200123-003343]Thùc thi NhiÖm vô ®Şnh giê: biwudahuiqianzou.lua
[20200123-003343]Thêi gian thùc thi lÇn sau: 1579791643!
[20200123-003443]Thùc thi NhiÖm vô ®Şnh giê: biwudahuiqianzou.lua
[20200123-003443]Thêi gian thùc thi lÇn sau: 1579791643!
[20200123-003543]Thùc thi NhiÖm vô ®Şnh giê: biwudahuiqianzou.lua
[20200123-003543]Thêi gian thùc thi lÇn sau: 1579791643!
[20200123-003643]Thùc thi NhiÖm vô ®Şnh giê: biwudahuiqianzou.lua
[20200123-003643]Thêi gian thùc thi lÇn sau: 1579791643!
[20200123-003743]Thùc thi NhiÖm vô ®Şnh giê: biwudahuiqianzou.lua
[20200123-003743]Thêi gian thùc thi lÇn sau: 1579791643!
[20200123-003843]Thùc thi NhiÖm vô ®Şnh giê: biwudahuiqianzou.lua
[20200123-003843]Thêi gian thùc thi lÇn sau: 1579791643!
[20200123-003943]Thùc thi NhiÖm vô ®Şnh giê: biwudahuiqianzou.lua
[20200123-003943]Thêi gian thùc thi lÇn sau: 1579791643!
[20200123-004043]Thùc thi NhiÖm vô ®Şnh giê: biwudahuiqianzou.lua
[20200123-004043]Thêi gian thùc thi lÇn sau: 1579791643!
[20200123-004143]Thùc thi NhiÖm vô ®Şnh giê: biwudahuiqianzou.lua
[20200123-004143]Thêi gian thùc thi lÇn sau: 1579791643!
[20200123-004243]Thùc thi NhiÖm vô ®Şnh giê: biwudahuiqianzou.lua
[20200123-004243]Thêi gian thùc thi lÇn sau: 1579791643!
[20200123-004343]Thùc thi NhiÖm vô ®Şnh giê: biwudahuiqianzou.lua
[20200123-004343]Thêi gian thùc thi lÇn sau: 1579791643!
[20200123-004443]Thùc thi NhiÖm vô ®Şnh giê: biwudahuiqianzou.lua
[20200123-004443]Thêi gian thùc thi lÇn sau: 1579791643!
[20200123-004543]Thùc thi NhiÖm vô ®Şnh giê: biwudahuiqianzou.lua
[20200123-004543]Thêi gian thùc thi lÇn sau: 1579791643!
[20200123-004643]Thùc thi NhiÖm vô ®Şnh giê: biwudahuiqianzou.lua
[20200123-004643]Thêi gian thùc thi lÇn sau: 1579791643!
[20200123-004743]Thùc thi NhiÖm vô ®Şnh giê: biwudahuiqianzou.lua
[20200123-004743]Thêi gian thùc thi lÇn sau: 1579791643!
[20200123-004843]Thùc thi NhiÖm vô ®Şnh giê: biwudahuiqianzou.lua
[20200123-004843]Thêi gian thùc thi lÇn sau: 1579791643!
[20200123-004943]Thùc thi NhiÖm vô ®Şnh giê: biwudahuiqianzou.lua
[20200123-004943]Thêi gian thùc thi lÇn sau: 1579791643!
[20200123-005043]Thùc thi NhiÖm vô ®Şnh giê: biwudahuiqianzou.lua
[20200123-005043]Thêi gian thùc thi lÇn sau: 1579791643!
[20200123-005143]Thùc thi NhiÖm vô ®Şnh giê: biwudahuiqianzou.lua
[20200123-005143]Thêi gian thùc thi lÇn sau: 1579791643!
[20200123-005243]Thùc thi NhiÖm vô ®Şnh giê: biwudahuiqianzou.lua
[20200123-005243]Thêi gian thùc thi lÇn sau: 1579791643!
[20200123-005343]Thùc thi NhiÖm vô ®Şnh giê: biwudahuiqianzou.lua
[20200123-005343]Thêi gian thùc thi lÇn sau: 1579791643!
[20200123-005443]Thùc thi NhiÖm vô ®Şnh giê: biwudahuiqianzou.lua
[20200123-005443]Thêi gian thùc thi lÇn sau: 1579791643!
[20200123-005543]Thùc thi NhiÖm vô ®Şnh giê: biwudahuiqianzou.lua
[20200123-005543]Thêi gian thùc thi lÇn sau: 1579791643!
[20200123-005643]Thùc thi NhiÖm vô ®Şnh giê: biwudahuiqianzou.lua
[20200123-005643]Thêi gian thùc thi lÇn sau: 1579791643!
[20200123-005743]Thùc thi NhiÖm vô ®Şnh giê: biwudahuiqianzou.lua
[20200123-005743]Thêi gian thùc thi lÇn sau: 1579791643!
[20200123-005843]Thùc thi NhiÖm vô ®Şnh giê: CollectionTaskStart.lua
[20200123-005843]Thêi gian thùc thi lÇn sau: 1579791643!
[20200123-005843]Thùc thi NhiÖm vô ®Şnh giê: random_shop_npc.lua
[20200123-005843]Thêi gian thùc thi lÇn sau: 1579791643!
[20200123-005843]Thùc thi NhiÖm vô ®Şnh giê: north_west_task.lua
[20200123-005843]Thêi gian thùc thi lÇn sau: 1579791643!
[20200123-005843]Thùc thi NhiÖm vô ®Şnh giê: biwudahuiqianzou.lua
[20200123-005843]Thêi gian thùc thi lÇn sau: 1579791643!
[20200123-005943]Thùc thi NhiÖm vô ®Şnh giê: biwudahuiqianzou.lua
[20200123-005943]Thêi gian thùc thi lÇn sau: 1579791643!
[20200123-010043]Thùc thi NhiÖm vô ®Şnh giê: biwudahuiqianzou.lua
[20200123-010043]Thêi gian thùc thi lÇn sau: 1579791643!
[20200123-010043]Thùc thi NhiÖm vô ®Şnh giê: EventBoss_201103.lua
[20200123-010043]Thêi gian thùc thi lÇn sau: 1579791643!
[20200123-010143]Thùc thi NhiÖm vô ®Şnh giê: biwudahuiqianzou.lua
[20200123-010143]Thêi gian thùc thi lÇn sau: 1579791643!
[20200123-010243]Thùc thi NhiÖm vô ®Şnh giê: biwudahuiqianzou.lua
[20200123-010243]Thêi gian thùc thi lÇn sau: 1579791643!
[20200123-010343]Thùc thi NhiÖm vô ®Şnh giê: biwudahuiqianzou.lua
[20200123-010343]Thêi gian thùc thi lÇn sau: 1579791643!
[20200123-010443]Thùc thi NhiÖm vô ®Şnh giê: biwudahuiqianzou.lua
[20200123-010443]Thêi gian thùc thi lÇn sau: 1579791643!
[20200123-010543]Thùc thi NhiÖm vô ®Şnh giê: biwudahuiqianzou.lua
[20200123-010543]Thêi gian thùc thi lÇn sau: 1579791643!
[20200123-010643]Thùc thi NhiÖm vô ®Şnh giê: biwudahuiqianzou.lua
[20200123-010643]Thêi gian thùc thi lÇn sau: 1579791643!
[20200123-010743]Thùc thi NhiÖm vô ®Şnh giê: biwudahuiqianzou.lua
[20200123-010743]Thêi gian thùc thi lÇn sau: 1579791643!
[20200123-010843]Thùc thi NhiÖm vô ®Şnh giê: biwudahuiqianzou.lua
[20200123-010843]Thêi gian thùc thi lÇn sau: 1579791643!
[20200123-010943]Thùc thi NhiÖm vô ®Şnh giê: biwudahuiqianzou.lua
[20200123-010943]Thêi gian thùc thi lÇn sau: 1579791643!
[20200123-011043]Thùc thi NhiÖm vô ®Şnh giê: biwudahuiqianzou.lua
[20200123-011043]Thêi gian thùc thi lÇn sau: 1579791643!
[20200123-011143]Thùc thi NhiÖm vô ®Şnh giê: biwudahuiqianzou.lua
[20200123-011143]Thêi gian thùc thi lÇn sau: 1579791643!
[20200123-011243]Thùc thi NhiÖm vô ®Şnh giê: biwudahuiqianzou.lua
[20200123-011243]Thêi gian thùc thi lÇn sau: 1579791643!
[20200123-011343]Thùc thi NhiÖm vô ®Şnh giê: biwudahuiqianzou.lua
[20200123-011343]Thêi gian thùc thi lÇn sau: 1579791643!
[20200123-011443]Thùc thi NhiÖm vô ®Şnh giê: biwudahuiqianzou.lua
[20200123-011443]Thêi gian thùc thi lÇn sau: 1579791643!
[20200123-011543]Thùc thi NhiÖm vô ®Şnh giê: biwudahuiqianzou.lua
[20200123-011543]Thêi gian thùc thi lÇn sau: 1579791643!
[20200123-011643]Thùc thi NhiÖm vô ®Şnh giê: biwudahuiqianzou.lua
[20200123-011643]Thêi gian thùc thi lÇn sau: 1579791643!
[20200123-011743]Thùc thi NhiÖm vô ®Şnh giê: biwudahuiqianzou.lua
[20200123-011743]Thêi gian thùc thi lÇn sau: 1579791643!
[20200123-011843]Thùc thi NhiÖm vô ®Şnh giê: biwudahuiqianzou.lua
[20200123-011843]Thêi gian thùc thi lÇn sau: 1579791643!
[20200123-011843]Thùc thi NhiÖm vô ®Şnh giê: clear_gest_jiaoyi.lua
[20200123-011843]Thêi gian thùc thi lÇn sau: 1579791643!
[20200123-011943]Thùc thi NhiÖm vô ®Şnh giê: biwudahuiqianzou.lua
[20200123-011943]Thêi gian thùc thi lÇn sau: 1579791643!
[20200123-012043]Thùc thi NhiÖm vô ®Şnh giê: biwudahuiqianzou.lua
[20200123-012043]Thêi gian thùc thi lÇn sau: 1579791643!
[20200123-012143]Thùc thi NhiÖm vô ®Şnh giê: biwudahuiqianzou.lua
[20200123-012143]Thêi gian thùc thi lÇn sau: 1579791643!
[20200123-012243]Thùc thi NhiÖm vô ®Şnh giê: biwudahuiqianzou.lua
[20200123-012243]Thêi gian thùc thi lÇn sau: 1579791643!
[20200123-012343]Thùc thi NhiÖm vô ®Şnh giê: biwudahuiqianzou.lua
[20200123-012343]Thêi gian thùc thi lÇn sau: 1579791643!
