[20240718-211953]NhËp Settings File cña nhiÖm vô ®Şnh giê: /RelaySetting/Task/TaskList.ini
[20240718-211953]Sè l­îng nhiÖm vô ®Şnh giê: 46
[20240718-211953]NhiÖm vô ®Şnh giê 0: CollectionTaskStart.lua, Sè lÇn: 0
[20240718-211953]ThiÕt lËp tªn nhiÖm vô ®Şnh giê: Thi ®Êu thuyÒn rång
[20240718-211953]ThiÕt lËp thêi gian gi¸n c¸ch nhiÖm vô ®Şnh giê: 5400 gi©y mét lÇn!
[20240718-211953]ThiÕt lËp thêi gian nhiÖm vô ®Şnh giê: 21 giê 29 phót!
[20240718-211953]Thêi gian tr­íc m¾t lµ: 21 giê 19 phót!
[20240718-211953]Thêi gian thùc thi lÇn tíi: 21:29! 1721312993
[20240718-211953]Sè lÇn ®Şnh giê nhiÖm vô: 0 !
[20240718-211953]§Æt nÒn mãng nhiÖm vô ®Şnh giê thµnh c«ng: CollectionTaskStart.lua
[20240718-211953]NhiÖm vô ®Şnh giê 1: CollectionTaskClose.lua, Sè lÇn: 0
[20240718-211953]ThiÕt lËp tªn nhiÖm vô ®Şnh giê: Thi ®Êu thuyÒn rång
[20240718-211953]ThiÕt lËp thêi gian gi¸n c¸ch nhiÖm vô ®Şnh giê: 5400 gi©y mét lÇn!
[20240718-211953]ThiÕt lËp thêi gian nhiÖm vô ®Şnh giê: 21 giê 59 phót!
[20240718-211953]Thêi gian tr­íc m¾t lµ: 21 giê 19 phót!
[20240718-211953]Thêi gian thùc thi lÇn tíi: 21:59! 1721314793
[20240718-211953]Sè lÇn ®Şnh giê nhiÖm vô: 0 !
[20240718-211953]§Æt nÒn mãng nhiÖm vô ®Şnh giê thµnh c«ng: CollectionTaskClose.lua
[20240718-211953]NhiÖm vô ®Şnh giê 2: CallBoss_13.lua, Sè lÇn: 0
[20240718-211953]ThiÕt lËp tªn nhiÖm vô ®Şnh giê: BOSS buæi tr­a
[20240718-211953]ThiÕt lËp thêi gian gi¸n c¸ch nhiÖm vô ®Şnh giê: 86400 gi©y mét lÇn!
[20240718-211953]ThiÕt lËp thêi gian nhiÖm vô ®Şnh giê: 13 giê 0 phót!
[20240718-211953]Thêi gian tr­íc m¾t lµ: 21 giê 19 phót!
[20240718-211953]H«m nay sÏ kh«ng thùc thi: ®· qu¸ thêi gian!
[20240718-211953]Thêi gian thùc thi lÇn tíi: 13:0! 1721368853
[20240718-211953]Sè lÇn ®Şnh giê nhiÖm vô: 0 !
[20240718-211953]§Æt nÒn mãng nhiÖm vô ®Şnh giê thµnh c«ng: CallBoss_13.lua
[20240718-211953]NhiÖm vô ®Şnh giê 3: CallBoss_21.lua, Sè lÇn: 0
[20240718-211953]ThiÕt lËp tªn nhiÖm vô ®Şnh giê: BOSS buæi tr­a
[20240718-211953]ThiÕt lËp thêi gian gi¸n c¸ch nhiÖm vô ®Şnh giê: 86400 gi©y mét lÇn!
[20240718-211953]ThiÕt lËp thêi gian nhiÖm vô ®Şnh giê: 21 giê 0 phót!
[20240718-211953]Thêi gian tr­íc m¾t lµ: 21 giê 19 phót!
[20240718-211953]H«m nay sÏ kh«ng thùc thi: ®· qu¸ thêi gian!
[20240718-211953]Thêi gian thùc thi lÇn tíi: 21:0! 1721397653
[20240718-211953]Sè lÇn ®Şnh giê nhiÖm vô: 0 !
[20240718-211953]§Æt nÒn mãng nhiÖm vô ®Şnh giê thµnh c«ng: CallBoss_21.lua
[20240718-211953]NhiÖm vô ®Şnh giê 4: CallBoss_23.lua, Sè lÇn: 0
[20240718-211953]ThiÕt lËp tªn nhiÖm vô ®Şnh giê: BOSS buæi tr­a
[20240718-211953]ThiÕt lËp thêi gian gi¸n c¸ch nhiÖm vô ®Şnh giê: 86400 gi©y mét lÇn!
[20240718-211953]ThiÕt lËp thêi gian nhiÖm vô ®Şnh giê: 23 giê 0 phót!
[20240718-211953]Thêi gian tr­íc m¾t lµ: 21 giê 19 phót!
[20240718-211953]Thêi gian thùc thi lÇn tíi: 23:0! 1721318453
[20240718-211953]Sè lÇn ®Şnh giê nhiÖm vô: 0 !
[20240718-211953]§Æt nÒn mãng nhiÖm vô ®Şnh giê thµnh c«ng: CallBoss_23.lua
[20240718-211953]NhiÖm vô ®Şnh giê 5: random_shop_npc.lua, Sè lÇn: 0
[20240718-211953]ThiÕt lËp tªn nhiÖm vô ®Şnh giê: NPC nhiÖm vô Th­¬ng Héi sÏ thay ®æi c¸c vŞ trİ xuÊt hiÖn
[20240718-211953]ThiÕt lËp thêi gian gi¸n c¸ch nhiÖm vô ®Şnh giê: 1800 gi©y mét lÇn!
[20240718-211953]ThiÕt lËp thêi gian nhiÖm vô ®Şnh giê: 21 giê 29 phót!
[20240718-211953]Thêi gian tr­íc m¾t lµ: 21 giê 19 phót!
[20240718-211953]Thêi gian thùc thi lÇn tíi: 21:29! 1721312993
[20240718-211953]Sè lÇn ®Şnh giê nhiÖm vô: 0 !
[20240718-211953]§Æt nÒn mãng nhiÖm vô ®Şnh giê thµnh c«ng: random_shop_npc.lua
[20240718-211953]NhiÖm vô ®Şnh giê 6: faction_boss_task.lua, Sè lÇn: 0
[20240718-211953]ThiÕt lËp tªn nhiÖm vô ®Şnh giê: NhiÖm vô BOSS m«n ph¸i
[20240718-211953]ThiÕt lËp thêi gian gi¸n c¸ch nhiÖm vô ®Şnh giê: 86400 gi©y mét lÇn!
[20240718-211953]ThiÕt lËp thêi gian nhiÖm vô ®Şnh giê: 21 giê 0 phót!
[20240718-211953]Thêi gian tr­íc m¾t lµ: 21 giê 19 phót!
[20240718-211953]H«m nay sÏ kh«ng thùc thi: ®· qu¸ thêi gian!
[20240718-211953]Thêi gian thùc thi lÇn tíi: 21:0! 1721397653
[20240718-211953]Sè lÇn ®Şnh giê nhiÖm vô: 0 !
[20240718-211953]§Æt nÒn mãng nhiÖm vô ®Şnh giê thµnh c«ng: faction_boss_task.lua
[20240718-211953]NhiÖm vô ®Şnh giê 7: gest_convention_rank.lua, Sè lÇn: 0
[20240718-211953]ThiÕt lËp tªn nhiÖm vô ®Şnh giê: XÕp h¹ng t­ c¸ch ®¹i héi tû vâ
[20240718-211953]ThiÕt lËp thêi gian gi¸n c¸ch nhiÖm vô ®Şnh giê: 3600 gi©y mét lÇn!
[20240718-211953]ThiÕt lËp thêi gian nhiÖm vô ®Şnh giê: 23 giê 30 phót!
[20240718-211953]Thêi gian tr­íc m¾t lµ: 21 giê 19 phót!
[20240718-211953]Thêi gian thùc thi lÇn tíi: 23:30! 1721320253
[20240718-211953]Sè lÇn ®Şnh giê nhiÖm vô: 0 !
[20240718-211953]§Æt nÒn mãng nhiÖm vô ®Şnh giê thµnh c«ng: gest_convention_rank.lua
[20240718-211953]NhiÖm vô ®Şnh giê 8: taixu_jwl_liu_crt.lua, Sè lÇn: 0
[20240718-211953]ThiÕt lËp tªn nhiÖm vô ®Şnh giê: Th¨n cÊp nhiÖm vô Trang søc Th¸i H­
[20240718-211953]ThiÕt lËp thêi gian gi¸n c¸ch nhiÖm vô ®Şnh giê: 86400 gi©y mét lÇn!
[20240718-211953]ThiÕt lËp thêi gian nhiÖm vô ®Şnh giê: 21 giê 13 phót!
[20240718-211953]Thêi gian tr­íc m¾t lµ: 21 giê 19 phót!
[20240718-211953]H«m nay sÏ kh«ng thùc thi: ®· qu¸ thêi gian!
[20240718-211953]Thêi gian thùc thi lÇn tíi: 21:13! 1721398433
[20240718-211953]Sè lÇn ®Şnh giê nhiÖm vô: 0 !
[20240718-211953]§Æt nÒn mãng nhiÖm vô ®Şnh giê thµnh c«ng: taixu_jwl_liu_crt.lua
[20240718-211953]NhiÖm vô ®Şnh giê 9: WeeklyBackupBR.lua, Sè lÇn: 0
[20240718-211953]ThiÕt lËp tªn nhiÖm vô ®Şnh giê: WeeklyBackupBR
[20240718-211953]ThiÕt lËp thêi gian gi¸n c¸ch nhiÖm vô ®Şnh giê: 3600 gi©y mét lÇn!
[20240718-211953]ThiÕt lËp thêi gian nhiÖm vô ®Şnh giê: 21 giê 1 phót!
[20240718-211953]Thêi gian tr­íc m¾t lµ: 21 giê 19 phót!
[20240718-211953]H«m nay sÏ kh«ng thùc thi: ®· qu¸ thêi gian!
[20240718-211953]Thêi gian thùc thi lÇn tíi: 21:1! 1721397713
[20240718-211953]Sè lÇn ®Şnh giê nhiÖm vô: 0 !
[20240718-211953]§Æt nÒn mãng nhiÖm vô ®Şnh giê thµnh c«ng: WeeklyBackupBR.lua
[20240718-211953]NhiÖm vô ®Şnh giê 10: north_west_task.lua, Sè lÇn: 0
[20240718-211953]ThiÕt lËp thêi gian gi¸n c¸ch nhiÖm vô ®Şnh giê: 1800 gi©y mét lÇn!
[20240718-211953]ThiÕt lËp thêi gian nhiÖm vô ®Şnh giê: 21 giê 29 phót!
[20240718-211953]Thêi gian tr­íc m¾t lµ: 21 giê 19 phót!
[20240718-211953]Thêi gian thùc thi lÇn tíi: 21:29! 1721312993
[20240718-211953]Sè lÇn ®Şnh giê nhiÖm vô: 0 !
[20240718-211953]§Æt nÒn mãng nhiÖm vô ®Şnh giê thµnh c«ng: north_west_task.lua
[20240718-211953]NhiÖm vô ®Şnh giê 11: biwudahuiqianzou.lua, Sè lÇn: 0
[20240718-211953]ThiÕt lËp tªn nhiÖm vô ®Şnh giê: GhĞp ®«i tr­íc ®¹i héi tû vâ
[20240718-211953]ThiÕt lËp thêi gian gi¸n c¸ch nhiÖm vô ®Şnh giê: 60 gi©y mét lÇn!
[20240718-211953]ThiÕt lËp thêi gian nhiÖm vô ®Şnh giê: 21 giê 20 phót!
[20240718-211953]Thêi gian tr­íc m¾t lµ: 21 giê 19 phót!
[20240718-211953]Thêi gian thùc thi lÇn tíi: 21:20! 1721312453
[20240718-211953]Sè lÇn ®Şnh giê nhiÖm vô: 0 !
[20240718-211953]§Æt nÒn mãng nhiÖm vô ®Şnh giê thµnh c«ng: biwudahuiqianzou.lua
[20240718-211953]NhiÖm vô ®Şnh giê 12: daliytask.lua, Sè lÇn: 0
[20240718-211953]ThiÕt lËp tªn nhiÖm vô ®Şnh giê: nhiÖm vô th­êng nhËt c¸ nh©nnhiÖm vô th­êng nhËt tæ ®éi
[20240718-211953]ThiÕt lËp thêi gian gi¸n c¸ch nhiÖm vô ®Şnh giê: 86400 gi©y mét lÇn!
[20240718-211953]ThiÕt lËp thêi gian nhiÖm vô ®Şnh giê: 0 giê 0 phót!
[20240718-211953]Thêi gian tr­íc m¾t lµ: 21 giê 19 phót!
[20240718-211953]H«m nay sÏ kh«ng thùc thi: ®· qu¸ thêi gian!
[20240718-211953]Thêi gian thùc thi lÇn tíi: 0:0! 1721322053
[20240718-211953]Sè lÇn ®Şnh giê nhiÖm vô: 0 !
[20240718-211953]§Æt nÒn mãng nhiÖm vô ®Şnh giê thµnh c«ng: daliytask.lua
[20240718-211953]NhiÖm vô ®Şnh giê 13: silingding_11.lua, Sè lÇn: 0
[20240718-211953]ThiÕt lËp thêi gian gi¸n c¸ch nhiÖm vô ®Şnh giê: 86400 gi©y mét lÇn!
[20240718-211953]ThiÕt lËp thêi gian nhiÖm vô ®Şnh giê: 11 giê 0 phót!
[20240718-211953]Thêi gian tr­íc m¾t lµ: 21 giê 19 phót!
[20240718-211953]H«m nay sÏ kh«ng thùc thi: ®· qu¸ thêi gian!
[20240718-211953]Thêi gian thùc thi lÇn tíi: 11:0! 1721361653
[20240718-211953]Sè lÇn ®Şnh giê nhiÖm vô: 0 !
[20240718-211953]§Æt nÒn mãng nhiÖm vô ®Şnh giê thµnh c«ng: silingding_11.lua
[20240718-211953]NhiÖm vô ®Şnh giê 14: silingding_18.lua, Sè lÇn: 0
[20240718-211953]ThiÕt lËp thêi gian gi¸n c¸ch nhiÖm vô ®Şnh giê: 86400 gi©y mét lÇn!
[20240718-211953]ThiÕt lËp thêi gian nhiÖm vô ®Şnh giê: 18 giê 0 phót!
[20240718-211953]Thêi gian tr­íc m¾t lµ: 21 giê 19 phót!
[20240718-211953]H«m nay sÏ kh«ng thùc thi: ®· qu¸ thêi gian!
[20240718-211953]Thêi gian thùc thi lÇn tíi: 18:0! 1721386853
[20240718-211953]Sè lÇn ®Şnh giê nhiÖm vô: 0 !
[20240718-211953]§Æt nÒn mãng nhiÖm vô ®Şnh giê thµnh c«ng: silingding_18.lua
[20240718-211953]NhiÖm vô ®Şnh giê 15: silingding_23.lua, Sè lÇn: 0
[20240718-211953]ThiÕt lËp thêi gian gi¸n c¸ch nhiÖm vô ®Şnh giê: 86400 gi©y mét lÇn!
[20240718-211953]ThiÕt lËp thêi gian nhiÖm vô ®Şnh giê: 23 giê 0 phót!
[20240718-211953]Thêi gian tr­íc m¾t lµ: 21 giê 19 phót!
[20240718-211953]Thêi gian thùc thi lÇn tíi: 23:0! 1721318453
[20240718-211953]Sè lÇn ®Şnh giê nhiÖm vô: 0 !
[20240718-211953]§Æt nÒn mãng nhiÖm vô ®Şnh giê thµnh c«ng: silingding_23.lua
[20240718-211953]NhiÖm vô ®Şnh giê 16: EventBoss_201103.lua, Sè lÇn: 0
[20240718-211953]ThiÕt lËp tªn nhiÖm vô ®Şnh giê: Boss Giæ tæ Hïng V­¬ng
[20240718-211953]ThiÕt lËp thêi gian gi¸n c¸ch nhiÖm vô ®Şnh giê: 3600 gi©y mét lÇn!
[20240718-211953]ThiÕt lËp thêi gian nhiÖm vô ®Şnh giê: 22 giê 0 phót!
[20240718-211953]Thêi gian tr­íc m¾t lµ: 21 giê 19 phót!
[20240718-211953]Thêi gian thùc thi lÇn tíi: 22:0! 1721314853
[20240718-211953]Sè lÇn ®Şnh giê nhiÖm vô: 0 !
[20240718-211953]§Æt nÒn mãng nhiÖm vô ®Şnh giê thµnh c«ng: EventBoss_201103.lua
[20240718-211953]NhiÖm vô ®Şnh giê 17: lsb_callboss1.lua, Sè lÇn: 0
[20240718-211953]ThiÕt lËp tªn nhiÖm vô ®Şnh giê: Boss L­¬ng S¬n Hoµng Kim
[20240718-211953]ThiÕt lËp thêi gian gi¸n c¸ch nhiÖm vô ®Şnh giê: 86400 gi©y mét lÇn!
[20240718-211953]ThiÕt lËp thêi gian nhiÖm vô ®Şnh giê: 12 giê 30 phót!
[20240718-211953]Thêi gian tr­íc m¾t lµ: 21 giê 19 phót!
[20240718-211953]H«m nay sÏ kh«ng thùc thi: ®· qu¸ thêi gian!
[20240718-211953]Thêi gian thùc thi lÇn tíi: 12:30! 1721367053
[20240718-211953]Sè lÇn ®Şnh giê nhiÖm vô: 0 !
[20240718-211953]§Æt nÒn mãng nhiÖm vô ®Şnh giê thµnh c«ng: lsb_callboss1.lua
[20240718-211953]NhiÖm vô ®Şnh giê 18: lsb_callboss2.lua, Sè lÇn: 0
[20240718-211953]ThiÕt lËp tªn nhiÖm vô ®Şnh giê: Boss L­¬ng S¬n Hoµng Kim
[20240718-211953]ThiÕt lËp thêi gian gi¸n c¸ch nhiÖm vô ®Şnh giê: 86400 gi©y mét lÇn!
[20240718-211953]ThiÕt lËp thêi gian nhiÖm vô ®Şnh giê: 15 giê 30 phót!
[20240718-211953]Thêi gian tr­íc m¾t lµ: 21 giê 19 phót!
[20240718-211953]H«m nay sÏ kh«ng thùc thi: ®· qu¸ thêi gian!
[20240718-211953]Thêi gian thùc thi lÇn tíi: 15:30! 1721377853
[20240718-211953]Sè lÇn ®Şnh giê nhiÖm vô: 0 !
[20240718-211953]§Æt nÒn mãng nhiÖm vô ®Şnh giê thµnh c«ng: lsb_callboss2.lua
[20240718-211953]NhiÖm vô ®Şnh giê 19: lsb_callboss3.lua, Sè lÇn: 0
[20240718-211953]ThiÕt lËp tªn nhiÖm vô ®Şnh giê: Boss L­¬ng S¬n Hoµng Kim
[20240718-211953]ThiÕt lËp thêi gian gi¸n c¸ch nhiÖm vô ®Şnh giê: 86400 gi©y mét lÇn!
[20240718-211953]ThiÕt lËp thêi gian nhiÖm vô ®Şnh giê: 19 giê 30 phót!
[20240718-211953]Thêi gian tr­íc m¾t lµ: 21 giê 19 phót!
[20240718-211953]H«m nay sÏ kh«ng thùc thi: ®· qu¸ thêi gian!
[20240718-211953]Thêi gian thùc thi lÇn tíi: 19:30! 1721392253
[20240718-211953]Sè lÇn ®Şnh giê nhiÖm vô: 0 !
[20240718-211953]§Æt nÒn mãng nhiÖm vô ®Şnh giê thµnh c«ng: lsb_callboss3.lua
[20240718-211953]NhiÖm vô ®Şnh giê 20: lsb_callboss4.lua, Sè lÇn: 0
[20240718-211953]ThiÕt lËp tªn nhiÖm vô ®Şnh giê: Boss L­¬ng S¬n Hoµng Kim
[20240718-211953]ThiÕt lËp thêi gian gi¸n c¸ch nhiÖm vô ®Şnh giê: 86400 gi©y mét lÇn!
[20240718-211953]ThiÕt lËp thêi gian nhiÖm vô ®Şnh giê: 22 giê 30 phót!
[20240718-211953]Thêi gian tr­íc m¾t lµ: 21 giê 19 phót!
[20240718-211953]Thêi gian thùc thi lÇn tíi: 22:30! 1721316653
[20240718-211953]Sè lÇn ®Şnh giê nhiÖm vô: 0 !
[20240718-211953]§Æt nÒn mãng nhiÖm vô ®Şnh giê thµnh c«ng: lsb_callboss4.lua
[20240718-211953]NhiÖm vô ®Şnh giê 21: oly_generate_lucknum.lua, Sè lÇn: 0
[20240718-211953]ThiÕt lËp tªn nhiÖm vô ®Şnh giê: ThiÕt lËp ch÷ sè may m¾n ho¹t ®éng Olympic
[20240718-211953]ThiÕt lËp thêi gian gi¸n c¸ch nhiÖm vô ®Şnh giê: 86400 gi©y mét lÇn!
[20240718-211953]ThiÕt lËp thêi gian nhiÖm vô ®Şnh giê: 20 giê 58 phót!
[20240718-211953]Thêi gian tr­íc m¾t lµ: 21 giê 19 phót!
[20240718-211953]H«m nay sÏ kh«ng thùc thi: ®· qu¸ thêi gian!
[20240718-211953]Thêi gian thùc thi lÇn tíi: 20:58! 1721397533
[20240718-211953]Sè lÇn ®Şnh giê nhiÖm vô: 0 !
[20240718-211953]§Æt nÒn mãng nhiÖm vô ®Şnh giê thµnh c«ng: oly_generate_lucknum.lua
[20240718-211953]NhiÖm vô ®Şnh giê 22: oly_clean_data.lua, Sè lÇn: 0
[20240718-211953]ThiÕt lËp tªn nhiÖm vô ®Şnh giê: CËp nhËt d÷ liÖu ho¹t ®éng Olympic
[20240718-211953]ThiÕt lËp thêi gian gi¸n c¸ch nhiÖm vô ®Şnh giê: 86400 gi©y mét lÇn!
[20240718-211953]ThiÕt lËp thêi gian nhiÖm vô ®Şnh giê: 23 giê 58 phót!
[20240718-211953]Thêi gian tr­íc m¾t lµ: 21 giê 19 phót!
[20240718-211953]Thêi gian thùc thi lÇn tíi: 23:58! 1721321933
[20240718-211953]Sè lÇn ®Şnh giê nhiÖm vô: 0 !
[20240718-211953]§Æt nÒn mãng nhiÖm vô ®Şnh giê thµnh c«ng: oly_clean_data.lua
[20240718-211953]NhiÖm vô ®Şnh giê 23: qht_timer_clean.lua, Sè lÇn: 0
[20240718-211953]ThiÕt lËp tªn nhiÖm vô ®Şnh giê: ThiÕt lËp thêi gian Thiªn TÇm Th¸p
[20240718-211953]ThiÕt lËp thêi gian gi¸n c¸ch nhiÖm vô ®Şnh giê: 86400 gi©y mét lÇn!
[20240718-211953]ThiÕt lËp thêi gian nhiÖm vô ®Şnh giê: 0 giê 30 phót!
[20240718-211953]Thêi gian tr­íc m¾t lµ: 21 giê 19 phót!
[20240718-211953]H«m nay sÏ kh«ng thùc thi: ®· qu¸ thêi gian!
[20240718-211953]Thêi gian thùc thi lÇn tíi: 0:30! 1721323853
[20240718-211953]Sè lÇn ®Şnh giê nhiÖm vô: 0 !
[20240718-211953]§Æt nÒn mãng nhiÖm vô ®Şnh giê thµnh c«ng: qht_timer_clean.lua
[20240718-211953]NhiÖm vô ®Şnh giê 24: dzt_create_boss.lua, Sè lÇn: 0
[20240718-211953]ThiÕt lËp tªn nhiÖm vô ®Şnh giê: §¹i t¸c chiÕn truy t×m l¹i ch÷ viÕt
[20240718-211953]ThiÕt lËp thêi gian gi¸n c¸ch nhiÖm vô ®Şnh giê: 3600 gi©y mét lÇn!
[20240718-211953]ThiÕt lËp thêi gian nhiÖm vô ®Şnh giê: 10 giê 0 phót!
[20240718-211953]Thêi gian tr­íc m¾t lµ: 21 giê 19 phót!
[20240718-211953]H«m nay sÏ kh«ng thùc thi: ®· qu¸ thêi gian!
[20240718-211953]Thêi gian thùc thi lÇn tíi: 10:0! 1721358053
[20240718-211953]Sè lÇn ®Şnh giê nhiÖm vô: 0 !
[20240718-211953]§Æt nÒn mãng nhiÖm vô ®Şnh giê thµnh c«ng: dzt_create_boss.lua
[20240718-211953]NhiÖm vô ®Şnh giê 25: dzt_close.lua, Sè lÇn: 0
[20240718-211953]ThiÕt lËp tªn nhiÖm vô ®Şnh giê: §¹i t¸c chiÕn truy t×m l¹i ch÷ viÕt
[20240718-211953]ThiÕt lËp thêi gian gi¸n c¸ch nhiÖm vô ®Şnh giê: 3600 gi©y mét lÇn!
[20240718-211953]ThiÕt lËp thêi gian nhiÖm vô ®Şnh giê: 10 giê 30 phót!
[20240718-211953]Thêi gian tr­íc m¾t lµ: 21 giê 19 phót!
[20240718-211953]H«m nay sÏ kh«ng thùc thi: ®· qu¸ thêi gian!
[20240718-211953]Thêi gian thùc thi lÇn tíi: 10:30! 1721359853
[20240718-211953]Sè lÇn ®Şnh giê nhiÖm vô: 0 !
[20240718-211953]§Æt nÒn mãng nhiÖm vô ®Şnh giê thµnh c«ng: dzt_close.lua
[20240718-211953]NhiÖm vô ®Şnh giê 26: cc_call_boss1.lua, Sè lÇn: 0
[20240718-211953]ThiÕt lËp tªn nhiÖm vô ®Şnh giê: Lµm míi ThÎ Tù BOSS 
[20240718-211953]ThiÕt lËp thêi gian gi¸n c¸ch nhiÖm vô ®Şnh giê: 86400 gi©y mét lÇn!
[20240718-211953]ThiÕt lËp thêi gian nhiÖm vô ®Şnh giê: 8 giê 30 phót!
[20240718-211953]Thêi gian tr­íc m¾t lµ: 21 giê 19 phót!
[20240718-211953]H«m nay sÏ kh«ng thùc thi: ®· qu¸ thêi gian!
[20240718-211953]Thêi gian thùc thi lÇn tíi: 8:30! 1721352653
[20240718-211953]Sè lÇn ®Şnh giê nhiÖm vô: 0 !
[20240718-211953]§Æt nÒn mãng nhiÖm vô ®Şnh giê thµnh c«ng: cc_call_boss1.lua
[20240718-211953]NhiÖm vô ®Şnh giê 27: cc_call_boss2.lua, Sè lÇn: 0
[20240718-211953]ThiÕt lËp tªn nhiÖm vô ®Şnh giê: Lµm míi ThÎ Tù BOSS 
[20240718-211953]ThiÕt lËp thêi gian gi¸n c¸ch nhiÖm vô ®Şnh giê: 86400 gi©y mét lÇn!
[20240718-211953]ThiÕt lËp thêi gian nhiÖm vô ®Şnh giê: 12 giê 30 phót!
[20240718-211953]Thêi gian tr­íc m¾t lµ: 21 giê 19 phót!
[20240718-211953]H«m nay sÏ kh«ng thùc thi: ®· qu¸ thêi gian!
[20240718-211953]Thêi gian thùc thi lÇn tíi: 12:30! 1721367053
[20240718-211953]Sè lÇn ®Şnh giê nhiÖm vô: 0 !
[20240718-211953]§Æt nÒn mãng nhiÖm vô ®Şnh giê thµnh c«ng: cc_call_boss2.lua
[20240718-211953]NhiÖm vô ®Şnh giê 28: cc_call_boss3.lua, Sè lÇn: 0
[20240718-211953]ThiÕt lËp tªn nhiÖm vô ®Şnh giê: Lµm míi ThÎ Tù BOSS 
[20240718-211953]ThiÕt lËp thêi gian gi¸n c¸ch nhiÖm vô ®Şnh giê: 86400 gi©y mét lÇn!
[20240718-211953]ThiÕt lËp thêi gian nhiÖm vô ®Şnh giê: 17 giê 30 phót!
[20240718-211953]Thêi gian tr­íc m¾t lµ: 21 giê 19 phót!
[20240718-211953]H«m nay sÏ kh«ng thùc thi: ®· qu¸ thêi gian!
[20240718-211953]Thêi gian thùc thi lÇn tíi: 17:30! 1721385053
[20240718-211953]Sè lÇn ®Şnh giê nhiÖm vô: 0 !
[20240718-211953]§Æt nÒn mãng nhiÖm vô ®Şnh giê thµnh c«ng: cc_call_boss3.lua
[20240718-211953]NhiÖm vô ®Şnh giê 29: cc_call_boss4.lua, Sè lÇn: 0
[20240718-211953]ThiÕt lËp tªn nhiÖm vô ®Şnh giê: Lµm míi ThÎ Tù BOSS 
[20240718-211953]ThiÕt lËp thêi gian gi¸n c¸ch nhiÖm vô ®Şnh giê: 86400 gi©y mét lÇn!
[20240718-211953]ThiÕt lËp thêi gian nhiÖm vô ®Şnh giê: 22 giê 30 phót!
[20240718-211953]Thêi gian tr­íc m¾t lµ: 21 giê 19 phót!
[20240718-211953]Thêi gian thùc thi lÇn tíi: 22:30! 1721316653
[20240718-211953]Sè lÇn ®Şnh giê nhiÖm vô: 0 !
[20240718-211953]§Æt nÒn mãng nhiÖm vô ®Şnh giê thµnh c«ng: cc_call_boss4.lua
[20240718-211953]NhiÖm vô ®Şnh giê 30: qht_create_gold_boss1.lua, Sè lÇn: 0
[20240718-211953]ThiÕt lËp tªn nhiÖm vô ®Şnh giê: Thiªn TÇm Th¸p Hoµng Kim BOSS xuÊt hiÖn!
[20240718-211953]ThiÕt lËp thêi gian gi¸n c¸ch nhiÖm vô ®Şnh giê: 86400 gi©y mét lÇn!
[20240718-211953]ThiÕt lËp thêi gian nhiÖm vô ®Şnh giê: 12 giê 30 phót!
[20240718-211953]Thêi gian tr­íc m¾t lµ: 21 giê 19 phót!
[20240718-211953]H«m nay sÏ kh«ng thùc thi: ®· qu¸ thêi gian!
[20240718-211953]Thêi gian thùc thi lÇn tíi: 12:30! 1721367053
[20240718-211953]Sè lÇn ®Şnh giê nhiÖm vô: 0 !
[20240718-211953]§Æt nÒn mãng nhiÖm vô ®Şnh giê thµnh c«ng: qht_create_gold_boss1.lua
[20240718-211953]NhiÖm vô ®Şnh giê 31: qht_create_gold_boss2.lua, Sè lÇn: 0
[20240718-211953]ThiÕt lËp tªn nhiÖm vô ®Şnh giê: Thiªn TÇm Th¸p Hoµng Kim BOSS xuÊt hiÖn!
[20240718-211953]ThiÕt lËp thêi gian gi¸n c¸ch nhiÖm vô ®Şnh giê: 86400 gi©y mét lÇn!
[20240718-211953]ThiÕt lËp thêi gian nhiÖm vô ®Şnh giê: 22 giê 0 phót!
[20240718-211953]Thêi gian tr­íc m¾t lµ: 21 giê 19 phót!
[20240718-211953]Thêi gian thùc thi lÇn tíi: 22:0! 1721314853
[20240718-211953]Sè lÇn ®Şnh giê nhiÖm vô: 0 !
[20240718-211953]§Æt nÒn mãng nhiÖm vô ®Şnh giê thµnh c«ng: qht_create_gold_boss2.lua
[20240718-211953]NhiÖm vô ®Şnh giê 32: sp2014_createnpc_1.lua, Sè lÇn: 0
[20240718-211953]ThiÕt lËp tªn nhiÖm vô ®Şnh giê: Niªn Thó 2014
[20240718-211953]ThiÕt lËp thêi gian gi¸n c¸ch nhiÖm vô ®Şnh giê: 86400 gi©y mét lÇn!
[20240718-211953]ThiÕt lËp thêi gian nhiÖm vô ®Şnh giê: 12 giê 0 phót!
[20240718-211953]Thêi gian tr­íc m¾t lµ: 21 giê 19 phót!
[20240718-211953]H«m nay sÏ kh«ng thùc thi: ®· qu¸ thêi gian!
[20240718-211953]Thêi gian thùc thi lÇn tíi: 12:0! 1721365253
[20240718-211953]Sè lÇn ®Şnh giê nhiÖm vô: 0 !
[20240718-211953]§Æt nÒn mãng nhiÖm vô ®Şnh giê thµnh c«ng: sp2014_createnpc_1.lua
[20240718-211953]NhiÖm vô ®Şnh giê 33: sp2014_createnpc_2.lua, Sè lÇn: 0
[20240718-211953]ThiÕt lËp tªn nhiÖm vô ®Şnh giê: Niªn Thó 2014
[20240718-211953]ThiÕt lËp thêi gian gi¸n c¸ch nhiÖm vô ®Şnh giê: 86400 gi©y mét lÇn!
[20240718-211953]ThiÕt lËp thêi gian nhiÖm vô ®Şnh giê: 21 giê 0 phót!
[20240718-211953]Thêi gian tr­íc m¾t lµ: 21 giê 19 phót!
[20240718-211953]H«m nay sÏ kh«ng thùc thi: ®· qu¸ thêi gian!
[20240718-211953]Thêi gian thùc thi lÇn tíi: 21:0! 1721397653
[20240718-211953]Sè lÇn ®Şnh giê nhiÖm vô: 0 !
[20240718-211953]§Æt nÒn mãng nhiÖm vô ®Şnh giê thµnh c«ng: sp2014_createnpc_2.lua
[20240718-211953]NhiÖm vô ®Şnh giê 34: clear_gest_jiaoyi.lua, Sè lÇn: 0
[20240718-211953]ThiÕt lËp tªn nhiÖm vô ®Şnh giê: Xãa bá h¹ng tû vâ
[20240718-211953]ThiÕt lËp thêi gian gi¸n c¸ch nhiÖm vô ®Şnh giê: 3600 gi©y mét lÇn!
[20240718-211953]ThiÕt lËp thêi gian nhiÖm vô ®Şnh giê: 21 giê 19 phót!
[20240718-211953]Thêi gian tr­íc m¾t lµ: 21 giê 19 phót!
[20240718-211953]Thêi gian thùc thi lÇn tíi: 21:19! 1721312393
[20240718-211953]Sè lÇn ®Şnh giê nhiÖm vô: 0 !
[20240718-211953]§Æt nÒn mãng nhiÖm vô ®Şnh giê thµnh c«ng: clear_gest_jiaoyi.lua
[20240718-211953]NhiÖm vô ®Şnh giê 35: world_boss.lua, Sè lÇn: 0
[20240718-211953]ThiÕt lËp tªn nhiÖm vô ®Şnh giê: T¹o míi BOSS ThÕ Giíi
[20240718-211953]ThiÕt lËp thêi gian gi¸n c¸ch nhiÖm vô ®Şnh giê: 86400 gi©y mét lÇn!
[20240718-211953]ThiÕt lËp thêi gian nhiÖm vô ®Şnh giê: 14 giê 30 phót!
[20240718-211953]Thêi gian tr­íc m¾t lµ: 21 giê 19 phót!
[20240718-211953]H«m nay sÏ kh«ng thùc thi: ®· qu¸ thêi gian!
[20240718-211953]Thêi gian thùc thi lÇn tíi: 14:30! 1721374253
[20240718-211953]Sè lÇn ®Şnh giê nhiÖm vô: 0 !
[20240718-211953]§Æt nÒn mãng nhiÖm vô ®Şnh giê thµnh c«ng: world_boss.lua
[20240718-211953]NhiÖm vô ®Şnh giê 36: world_boss1.lua, Sè lÇn: 0
[20240718-211953]ThiÕt lËp tªn nhiÖm vô ®Şnh giê: T¹o míi BOSS ThÕ Giíi
[20240718-211953]ThiÕt lËp thêi gian gi¸n c¸ch nhiÖm vô ®Şnh giê: 86400 gi©y mét lÇn!
[20240718-211953]ThiÕt lËp thêi gian nhiÖm vô ®Şnh giê: 20 giê 0 phót!
[20240718-211953]Thêi gian tr­íc m¾t lµ: 21 giê 19 phót!
[20240718-211953]H«m nay sÏ kh«ng thùc thi: ®· qu¸ thêi gian!
[20240718-211953]Thêi gian thùc thi lÇn tíi: 20:0! 1721394053
[20240718-211953]Sè lÇn ®Şnh giê nhiÖm vô: 0 !
[20240718-211953]§Æt nÒn mãng nhiÖm vô ®Şnh giê thµnh c«ng: world_boss1.lua
[20240718-211953]NhiÖm vô ®Şnh giê 37: hua_deng1.lua, Sè lÇn: 0
[20240718-211953]ThiÕt lËp tªn nhiÖm vô ®Şnh giê: §Ìn Hoa §¨ng
[20240718-211953]ThiÕt lËp thêi gian gi¸n c¸ch nhiÖm vô ®Şnh giê: 86400 gi©y mét lÇn!
[20240718-211953]ThiÕt lËp thêi gian nhiÖm vô ®Şnh giê: 10 giê 0 phót!
[20240718-211953]Thêi gian tr­íc m¾t lµ: 21 giê 19 phót!
[20240718-211953]H«m nay sÏ kh«ng thùc thi: ®· qu¸ thêi gian!
[20240718-211953]Thêi gian thùc thi lÇn tíi: 10:0! 1721358053
[20240718-211953]Sè lÇn ®Şnh giê nhiÖm vô: 0 !
[20240718-211953]§Æt nÒn mãng nhiÖm vô ®Şnh giê thµnh c«ng: hua_deng1.lua
[20240718-211953]NhiÖm vô ®Şnh giê 38: hua_deng2.lua, Sè lÇn: 0
[20240718-211953]ThiÕt lËp tªn nhiÖm vô ®Şnh giê: §Ìn Hoa §¨ng
[20240718-211953]ThiÕt lËp thêi gian gi¸n c¸ch nhiÖm vô ®Şnh giê: 86400 gi©y mét lÇn!
[20240718-211953]ThiÕt lËp thêi gian nhiÖm vô ®Şnh giê: 11 giê 0 phót!
[20240718-211953]Thêi gian tr­íc m¾t lµ: 21 giê 19 phót!
[20240718-211953]H«m nay sÏ kh«ng thùc thi: ®· qu¸ thêi gian!
[20240718-211953]Thêi gian thùc thi lÇn tíi: 11:0! 1721361653
[20240718-211953]Sè lÇn ®Şnh giê nhiÖm vô: 0 !
[20240718-211953]§Æt nÒn mãng nhiÖm vô ®Şnh giê thµnh c«ng: hua_deng2.lua
[20240718-211953]NhiÖm vô ®Şnh giê 39: hua_deng3.lua, Sè lÇn: 0
[20240718-211953]ThiÕt lËp tªn nhiÖm vô ®Şnh giê: §Ìn Hoa §¨ng
[20240718-211953]ThiÕt lËp thêi gian gi¸n c¸ch nhiÖm vô ®Şnh giê: 86400 gi©y mét lÇn!
[20240718-211953]ThiÕt lËp thêi gian nhiÖm vô ®Şnh giê: 16 giê 0 phót!
[20240718-211953]Thêi gian tr­íc m¾t lµ: 21 giê 19 phót!
[20240718-211953]H«m nay sÏ kh«ng thùc thi: ®· qu¸ thêi gian!
[20240718-211953]Thêi gian thùc thi lÇn tíi: 16:0! 1721379653
[20240718-211953]Sè lÇn ®Şnh giê nhiÖm vô: 0 !
[20240718-211953]§Æt nÒn mãng nhiÖm vô ®Şnh giê thµnh c«ng: hua_deng3.lua
[20240718-211953]NhiÖm vô ®Şnh giê 40: hua_deng4.lua, Sè lÇn: 0
[20240718-211953]ThiÕt lËp tªn nhiÖm vô ®Şnh giê: §Ìn Hoa §¨ng
[20240718-211953]ThiÕt lËp thêi gian gi¸n c¸ch nhiÖm vô ®Şnh giê: 86400 gi©y mét lÇn!
[20240718-211953]ThiÕt lËp thêi gian nhiÖm vô ®Şnh giê: 17 giê 0 phót!
[20240718-211953]Thêi gian tr­íc m¾t lµ: 21 giê 19 phót!
[20240718-211953]H«m nay sÏ kh«ng thùc thi: ®· qu¸ thêi gian!
[20240718-211953]Thêi gian thùc thi lÇn tíi: 17:0! 1721383253
[20240718-211953]Sè lÇn ®Şnh giê nhiÖm vô: 0 !
[20240718-211953]§Æt nÒn mãng nhiÖm vô ®Şnh giê thµnh c«ng: hua_deng4.lua
[20240718-211953]NhiÖm vô ®Şnh giê 41: hua_deng5.lua, Sè lÇn: 0
[20240718-211953]ThiÕt lËp tªn nhiÖm vô ®Şnh giê: §Ìn Hoa §¨ng
[20240718-211953]ThiÕt lËp thêi gian gi¸n c¸ch nhiÖm vô ®Şnh giê: 86400 gi©y mét lÇn!
[20240718-211953]ThiÕt lËp thêi gian nhiÖm vô ®Şnh giê: 21 giê 0 phót!
[20240718-211953]Thêi gian tr­íc m¾t lµ: 21 giê 19 phót!
[20240718-211953]H«m nay sÏ kh«ng thùc thi: ®· qu¸ thêi gian!
[20240718-211953]Thêi gian thùc thi lÇn tíi: 21:0! 1721397653
[20240718-211953]Sè lÇn ®Şnh giê nhiÖm vô: 0 !
[20240718-211953]§Æt nÒn mãng nhiÖm vô ®Şnh giê thµnh c«ng: hua_deng5.lua
[20240718-211953]NhiÖm vô ®Şnh giê 42: hua_deng6.lua, Sè lÇn: 0
[20240718-211953]ThiÕt lËp tªn nhiÖm vô ®Şnh giê: §Ìn Hoa §¨ng
[20240718-211953]ThiÕt lËp thêi gian gi¸n c¸ch nhiÖm vô ®Şnh giê: 86400 gi©y mét lÇn!
[20240718-211953]ThiÕt lËp thêi gian nhiÖm vô ®Şnh giê: 22 giê 0 phót!
[20240718-211953]Thêi gian tr­íc m¾t lµ: 21 giê 19 phót!
[20240718-211953]Thêi gian thùc thi lÇn tíi: 22:0! 1721314853
[20240718-211953]Sè lÇn ®Şnh giê nhiÖm vô: 0 !
[20240718-211953]§Æt nÒn mãng nhiÖm vô ®Şnh giê thµnh c«ng: hua_deng6.lua
[20240718-211953]NhiÖm vô ®Şnh giê 43: ibc_boss1.lua, Sè lÇn: 0
[20240718-211953]ThiÕt lËp thêi gian gi¸n c¸ch nhiÖm vô ®Şnh giê: 86400 gi©y mét lÇn!
[20240718-211953]ThiÕt lËp thêi gian nhiÖm vô ®Şnh giê: 13 giê 0 phót!
[20240718-211953]Thêi gian tr­íc m¾t lµ: 21 giê 19 phót!
[20240718-211953]H«m nay sÏ kh«ng thùc thi: ®· qu¸ thêi gian!
[20240718-211953]Thêi gian thùc thi lÇn tíi: 13:0! 1721368853
[20240718-211953]Sè lÇn ®Şnh giê nhiÖm vô: 0 !
[20240718-211953]§Æt nÒn mãng nhiÖm vô ®Şnh giê thµnh c«ng: ibc_boss1.lua
[20240718-211953]NhiÖm vô ®Şnh giê 44: ibc_boss2.lua, Sè lÇn: 0
[20240718-211953]ThiÕt lËp thêi gian gi¸n c¸ch nhiÖm vô ®Şnh giê: 86400 gi©y mét lÇn!
[20240718-211953]ThiÕt lËp thêi gian nhiÖm vô ®Şnh giê: 19 giê 0 phót!
[20240718-211953]Thêi gian tr­íc m¾t lµ: 21 giê 19 phót!
[20240718-211953]H«m nay sÏ kh«ng thùc thi: ®· qu¸ thêi gian!
[20240718-211953]Thêi gian thùc thi lÇn tíi: 19:0! 1721390453
[20240718-211953]Sè lÇn ®Şnh giê nhiÖm vô: 0 !
[20240718-211953]§Æt nÒn mãng nhiÖm vô ®Şnh giê thµnh c«ng: ibc_boss2.lua
[20240718-211953]NhiÖm vô ®Şnh giê 45: ibc_boss3.lua, Sè lÇn: 0
[20240718-211953]ThiÕt lËp thêi gian gi¸n c¸ch nhiÖm vô ®Şnh giê: 86400 gi©y mét lÇn!
[20240718-211953]ThiÕt lËp thêi gian nhiÖm vô ®Şnh giê: 22 giê 0 phót!
[20240718-211953]Thêi gian tr­íc m¾t lµ: 21 giê 19 phót!
[20240718-211953]Thêi gian thùc thi lÇn tíi: 22:0! 1721314853
[20240718-211953]Sè lÇn ®Şnh giê nhiÖm vô: 0 !
[20240718-211953]§Æt nÒn mãng nhiÖm vô ®Şnh giê thµnh c«ng: ibc_boss3.lua
[20240718-211954]Thùc thi NhiÖm vô ®Şnh giê: clear_gest_jiaoyi.lua
[20240718-211954]Thêi gian thùc thi lÇn sau: 1721314853!
[20240718-212053]Thùc thi NhiÖm vô ®Şnh giê: biwudahuiqianzou.lua
[20240718-212053]Thêi gian thùc thi lÇn sau: 1721314853!
[20240718-212153]Thùc thi NhiÖm vô ®Şnh giê: biwudahuiqianzou.lua
[20240718-212153]Thêi gian thùc thi lÇn sau: 1721314853!
[20240718-212253]Thùc thi NhiÖm vô ®Şnh giê: biwudahuiqianzou.lua
[20240718-212253]Thêi gian thùc thi lÇn sau: 1721314853!
[20240718-212353]Thùc thi NhiÖm vô ®Şnh giê: biwudahuiqianzou.lua
[20240718-212353]Thêi gian thùc thi lÇn sau: 1721314853!
[20240718-212453]Thùc thi NhiÖm vô ®Şnh giê: biwudahuiqianzou.lua
[20240718-212453]Thêi gian thùc thi lÇn sau: 1721314853!
[20240718-212553]Thùc thi NhiÖm vô ®Şnh giê: biwudahuiqianzou.lua
[20240718-212553]Thêi gian thùc thi lÇn sau: 1721314853!
[20240718-212653]Thùc thi NhiÖm vô ®Şnh giê: biwudahuiqianzou.lua
[20240718-212653]Thêi gian thùc thi lÇn sau: 1721314853!
[20240718-212753]Thùc thi NhiÖm vô ®Şnh giê: biwudahuiqianzou.lua
[20240718-212753]Thêi gian thùc thi lÇn sau: 1721314853!
[20240718-212853]Thùc thi NhiÖm vô ®Şnh giê: biwudahuiqianzou.lua
[20240718-212853]Thêi gian thùc thi lÇn sau: 1721314853!
[20240718-212953]Thùc thi NhiÖm vô ®Şnh giê: CollectionTaskStart.lua
[20240718-212953]Thêi gian thùc thi lÇn sau: 1721314853!
[20240718-212953]Thùc thi NhiÖm vô ®Şnh giê: random_shop_npc.lua
[20240718-212953]Thêi gian thùc thi lÇn sau: 1721314853!
[20240718-212953]Thùc thi NhiÖm vô ®Şnh giê: north_west_task.lua
[20240718-212953]Thêi gian thùc thi lÇn sau: 1721314853!
[20240718-212953]Thùc thi NhiÖm vô ®Şnh giê: biwudahuiqianzou.lua
[20240718-212953]Thêi gian thùc thi lÇn sau: 1721314853!
[20240718-213053]Thùc thi NhiÖm vô ®Şnh giê: biwudahuiqianzou.lua
[20240718-213053]Thêi gian thùc thi lÇn sau: 1721314853!
[20240718-213153]Thùc thi NhiÖm vô ®Şnh giê: biwudahuiqianzou.lua
[20240718-213153]Thêi gian thùc thi lÇn sau: 1721314853!
[20240718-213253]Thùc thi NhiÖm vô ®Şnh giê: biwudahuiqianzou.lua
[20240718-213253]Thêi gian thùc thi lÇn sau: 1721314853!
[20240718-213353]Thùc thi NhiÖm vô ®Şnh giê: biwudahuiqianzou.lua
[20240718-213353]Thêi gian thùc thi lÇn sau: 1721314853!
[20240718-213453]Thùc thi NhiÖm vô ®Şnh giê: biwudahuiqianzou.lua
[20240718-213453]Thêi gian thùc thi lÇn sau: 1721314853!
[20240718-213553]Thùc thi NhiÖm vô ®Şnh giê: biwudahuiqianzou.lua
[20240718-213553]Thêi gian thùc thi lÇn sau: 1721314853!
[20240718-213653]Thùc thi NhiÖm vô ®Şnh giê: biwudahuiqianzou.lua
[20240718-213653]Thêi gian thùc thi lÇn sau: 1721314853!
[20240718-213753]Thùc thi NhiÖm vô ®Şnh giê: biwudahuiqianzou.lua
[20240718-213753]Thêi gian thùc thi lÇn sau: 1721314853!
[20240718-213853]Thùc thi NhiÖm vô ®Şnh giê: biwudahuiqianzou.lua
[20240718-213853]Thêi gian thùc thi lÇn sau: 1721314853!
[20240718-213953]Thùc thi NhiÖm vô ®Şnh giê: biwudahuiqianzou.lua
[20240718-213953]Thêi gian thùc thi lÇn sau: 1721314853!
[20240718-214053]Thùc thi NhiÖm vô ®Şnh giê: biwudahuiqianzou.lua
[20240718-214053]Thêi gian thùc thi lÇn sau: 1721314853!
[20240718-214153]Thùc thi NhiÖm vô ®Şnh giê: biwudahuiqianzou.lua
[20240718-214153]Thêi gian thùc thi lÇn sau: 1721314853!
[20240718-214253]Thùc thi NhiÖm vô ®Şnh giê: biwudahuiqianzou.lua
[20240718-214253]Thêi gian thùc thi lÇn sau: 1721314853!
[20240718-214353]Thùc thi NhiÖm vô ®Şnh giê: biwudahuiqianzou.lua
[20240718-214353]Thêi gian thùc thi lÇn sau: 1721314853!
[20240718-214453]Thùc thi NhiÖm vô ®Şnh giê: biwudahuiqianzou.lua
[20240718-214453]Thêi gian thùc thi lÇn sau: 1721314853!
[20240718-214553]Thùc thi NhiÖm vô ®Şnh giê: biwudahuiqianzou.lua
[20240718-214553]Thêi gian thùc thi lÇn sau: 1721314853!
