20240624-221018	INFO	[vËt phÈm lªn tay ng­êi ch¬i] [Tµi kho¶n : kan] [Nh©n vËt: Jx2iiTieuKan][Tªn vËt phÈm:CÈm Nang §¹i Sù KiÖn]
20240624-221018	INFO	[vËt phÈm lªn tay ng­êi ch¬i] [Tµi kho¶n : kan] [Nh©n vËt: Jx2iiTieuKan][Tªn vËt phÈm:NguyÖt L­îng Thè luy]
20240624-221018	INFO	[vËt phÈm lªn tay ng­êi ch¬i] [Tµi kho¶n : kan] [Nh©n vËt: Jx2iiTieuKan][Tªn vËt phÈm:TiÕu ng¹o giang hå l]
20240624-221018	INFO	[vËt phÈm lªn tay ng­êi ch¬i] [Tµi kho¶n : kan] [Nh©n vËt: Jx2iiTieuKan][Tªn vËt phÈm:Bøc th­ thÇn bİ]
20240624-221553	INFO	[vËt phÈm lªn tay ng­êi ch¬i] [Tµi kho¶n : kan] [Nh©n vËt: Jx2iiTieuKan][Tªn vËt phÈm:GM Item]
20240624-221604	INFO	[vËt phÈm lªn tay ng­êi ch¬i] [Tµi kho¶n : kan] [Nh©n vËt: Jx2iiTieuKan][Tªn vËt phÈm:CÈm Nang §¹i Sù KiÖn]
20240624-221604	INFO	[vËt phÈm lªn tay ng­êi ch¬i] [Tµi kho¶n : kan] [Nh©n vËt: Jx2iiTieuKan][Tªn vËt phÈm:NguyÖt L­îng Thè luy]
20240624-221604	INFO	[vËt phÈm lªn tay ng­êi ch¬i] [Tµi kho¶n : kan] [Nh©n vËt: Jx2iiTieuKan][Tªn vËt phÈm:TiÕu ng¹o giang hå l]
20240624-221604	INFO	[vËt phÈm lªn tay ng­êi ch¬i] [Tµi kho¶n : kan] [Nh©n vËt: Jx2iiTieuKan][Tªn vËt phÈm:Bøc th­ thÇn bİ]
20240624-222339	INFO	[vËt phÈm lªn tay ng­êi ch¬i] [Tµi kho¶n : kan] [Nh©n vËt: Jx2iiTieuKan][Tªn vËt phÈm:§¹i hång bao hoµng k]
20240624-222339	INFO	[vËt phÈm lªn tay ng­êi ch¬i] [Tµi kho¶n : kan] [Nh©n vËt: Jx2iiTieuKan][Tªn vËt phÈm:B¹ch Kim Hång Bao]
20240624-222413	INFO	[vËt phÈm lªn tay ng­êi ch¬i] [Tµi kho¶n : kan] [Nh©n vËt: Jx2iiTieuKan][Tªn vËt phÈm:N÷ Oa Tinh Th¹ch]
20240624-222422	INFO	[vËt phÈm lªn tay ng­êi ch¬i] [Tµi kho¶n : kan] [Nh©n vËt: Jx2iiTieuKan][Tªn vËt phÈm:Liªu Nguyªn So¸i chi]
20240624-222436	INFO	[vËt phÈm lªn tay ng­êi ch¬i] [Tµi kho¶n : kan] [Nh©n vËt: Jx2iiTieuKan][Tªn vËt phÈm:N÷ Oa Tinh Th¹ch]
20240624-222438	INFO	[vËt phÈm lªn tay ng­êi ch¬i] [Tµi kho¶n : kan] [Nh©n vËt: Jx2iiTieuKan][Tªn vËt phÈm:N÷ Oa Tinh Th¹ch]
20240624-222445	INFO	[vËt phÈm lªn tay ng­êi ch¬i] [Tµi kho¶n : kan] [Nh©n vËt: Jx2iiTieuKan][Tªn vËt phÈm:Liªu nguyªn so¸i chi]
20240624-222521	INFO	[vËt phÈm lªn tay ng­êi ch¬i] [Tµi kho¶n : kan] [Nh©n vËt: Jx2iiTieuKan][Tªn vËt phÈm:Liªu nguyªn so¸i chi]
20240624-222527	INFO	[vËt phÈm lªn tay ng­êi ch¬i] [Tµi kho¶n : kan] [Nh©n vËt: Jx2iiTieuKan][Tªn vËt phÈm:N÷ Oa Tinh Th¹ch]
20240624-222537	INFO	[vËt phÈm lªn tay ng­êi ch¬i] [Tµi kho¶n : kan] [Nh©n vËt: Jx2iiTieuKan][Tªn vËt phÈm:Liªu so¸i kú]
20240624-222544	INFO	[vËt phÈm lªn tay ng­êi ch¬i] [Tµi kho¶n : kan] [Nh©n vËt: Jx2iiTieuKan][Tªn vËt phÈm:N÷ Oa Tinh Th¹ch]
20240624-222556	INFO	[vËt phÈm lªn tay ng­êi ch¬i] [Tµi kho¶n : kan] [Nh©n vËt: Jx2iiTieuKan][Tªn vËt phÈm:Liªu so¸i phï]
20240624-222605	INFO	[vËt phÈm lªn tay ng­êi ch¬i] [Tµi kho¶n : kan] [Nh©n vËt: Jx2iiTieuKan][Tªn vËt phÈm:N÷ Oa Tinh Th¹ch]
20240624-222608	INFO	[vËt phÈm lªn tay ng­êi ch¬i] [Tµi kho¶n : kan] [Nh©n vËt: Jx2iiTieuKan][Tªn vËt phÈm:N÷ Oa Tinh Th¹ch]
20240624-222621	INFO	[vËt phÈm lªn tay ng­êi ch¬i] [Tµi kho¶n : kan] [Nh©n vËt: Jx2iiTieuKan][Tªn vËt phÈm:Liªu nguyªn so¸i lÖn]
