20240624-223417	INFO	[vËt phÈm lªn tay ng­êi ch¬i] [Tµi kho¶n : kan] [Nh©n vËt: Jx2iiTieuKan][Tªn vËt phÈm:Liªu_Uy Hæ Nguyªn So]
20240624-223417	INFO	[vËt phÈm lªn tay ng­êi ch¬i] [Tµi kho¶n : kan] [Nh©n vËt: Jx2iiTieuKan][Tªn vËt phÈm:Liªu_Uy Hæ Nguyªn So]
20240624-223417	INFO	[vËt phÈm lªn tay ng­êi ch¬i] [Tµi kho¶n : kan] [Nh©n vËt: Jx2iiTieuKan][Tªn vËt phÈm:Liªu_Uy Hæ Nguyªn So]
20240624-223417	INFO	[vËt phÈm lªn tay ng­êi ch¬i] [Tµi kho¶n : kan] [Nh©n vËt: Jx2iiTieuKan][Tªn vËt phÈm:Liªu_Uy Hæ Nguyªn So]
20240624-223417	INFO	[vËt phÈm lªn tay ng­êi ch¬i] [Tµi kho¶n : kan] [Nh©n vËt: Jx2iiTieuKan][Tªn vËt phÈm:Liªu_Uy Hæ Nguyªn So]
20240624-223417	INFO	[vËt phÈm lªn tay ng­êi ch¬i] [Tµi kho¶n : kan] [Nh©n vËt: Jx2iiTieuKan][Tªn vËt phÈm:Liªu_Uy Hæ Nguyªn So]
20240624-223417	INFO	[vËt phÈm lªn tay ng­êi ch¬i] [Tµi kho¶n : kan] [Nh©n vËt: Jx2iiTieuKan][Tªn vËt phÈm:Liªu_Uy Hæ Nguyªn So]
20240624-223417	INFO	[vËt phÈm lªn tay ng­êi ch¬i] [Tµi kho¶n : kan] [Nh©n vËt: Jx2iiTieuKan][Tªn vËt phÈm:Liªu_Uy Hæ Nguyªn So]
20240624-223747	INFO	[§Æt vËt phÈm vµo r­¬ng][Account: kan][Role: Jx2iiTieuKan][ItemName: Liªu_Uy Hæ Nguyªn So][Price: 10000][G:0 D:102 P:11032 Randseed:-461418476 GenTime:2024-06-24 22:34:17 Sock:14450 14495 413 SockLevel:2 1 1 Series:0 Curdur:100 enhance:15][Map: BiÖn Kinh(186, 184)]
20240624-223747	INFO	[§Æt vËt phÈm vµo r­¬ng][Account: kan][Role: Jx2iiTieuKan][ItemName: Liªu_Uy Hæ Nguyªn So][Price: 10000][G:0 D:102 P:10968 Randseed:-1050444473 GenTime:2024-06-24 22:34:17 Sock:14450 14495 412 SockLevel:2 1 1 Series:0 Curdur:100 enhance:15][Map: BiÖn Kinh(186, 184)]
20240624-223747	INFO	[§Æt vËt phÈm vµo r­¬ng][Account: kan][Role: Jx2iiTieuKan][ItemName: Liªu_Uy Hæ Nguyªn So][Price: 40000][G:0 D:103 P:20752 Randseed:693572434 GenTime:2024-06-24 22:34:17 Sock:14450 14493 414 SockLevel:2 1 2 Series:0 Curdur:360 enhance:15][Map: BiÖn Kinh(186, 184)]
20240624-223748	INFO	[§Æt vËt phÈm vµo r­¬ng][Account: kan][Role: Jx2iiTieuKan][ItemName: Liªu_Uy Hæ Nguyªn So][Price: 40000][G:0 D:101 P:20752 Randseed:-1144590789 GenTime:2024-06-24 22:34:17 Sock:14450 14493 415 SockLevel:2 1 2 Series:0 Curdur:360 enhance:15][Map: BiÖn Kinh(186, 184)]
20240624-223748	INFO	[§Æt vËt phÈm vµo r­¬ng][Account: kan][Role: Jx2iiTieuKan][ItemName: Liªu_Uy Hæ Nguyªn So][Price: 40000][G:0 D:100 P:20752 Randseed:-767504616 GenTime:2024-06-24 22:34:17 Sock:14450 14493 416 SockLevel:2 1 2 Series:0 Curdur:360 enhance:15][Map: BiÖn Kinh(186, 184)]
20240624-223748	INFO	[§Æt vËt phÈm vµo r­¬ng][Account: kan][Role: Jx2iiTieuKan][ItemName: Liªu_Uy Hæ Nguyªn So][Price: 10000][G:0 D:102 P:10840 Randseed:-546363399 GenTime:2024-06-24 22:34:17 Sock:14450 14495 418 SockLevel:2 1 2 Series:0 Curdur:100 enhance:15][Map: BiÖn Kinh(186, 184)]
20240624-223749	INFO	[§Æt vËt phÈm vµo r­¬ng][Account: kan][Role: Jx2iiTieuKan][ItemName: Liªu_Uy Hæ Nguyªn So][Price: 10000][G:0 D:102 P:10904 Randseed:-2031603666 GenTime:2024-06-24 22:34:17 Sock:14450 14495 417 SockLevel:2 1 5 Series:0 Curdur:100 enhance:15][Map: BiÖn Kinh(186, 184)]
20240624-223757	INFO	[§Æt vËt phÈm vµo r­¬ng][Account: kan][Role: Jx2iiTieuKan][ItemName: Liªu_Uy Hæ Nguyªn So][Price: 18000][G:0 D:0 P:20752 Randseed:1130014117 GenTime:2024-06-24 22:34:17 Sock:14516 14519 14485 SockLevel:1 1 2 Series:0 Curdur:300 enhance:15][Map: BiÖn Kinh(186, 184)]
20240624-223806	INFO	[vËt phÈm lªn tay ng­êi ch¬i] [Tµi kho¶n : kan] [Nh©n vËt: Jx2iiTieuKan][Tªn vËt phÈm:Liªu_Uy Hæ T­íng Qu©]
20240624-223806	INFO	[vËt phÈm lªn tay ng­êi ch¬i] [Tµi kho¶n : kan] [Nh©n vËt: Jx2iiTieuKan][Tªn vËt phÈm:Liªu_Uy Hæ T­íng Qu©]
20240624-223806	INFO	[vËt phÈm lªn tay ng­êi ch¬i] [Tµi kho¶n : kan] [Nh©n vËt: Jx2iiTieuKan][Tªn vËt phÈm:Liªu_Uy Hæ T­íng Qu©]
20240624-223806	INFO	[vËt phÈm lªn tay ng­êi ch¬i] [Tµi kho¶n : kan] [Nh©n vËt: Jx2iiTieuKan][Tªn vËt phÈm:Liªu_Uy Hæ T­íng Qu©]
20240624-223806	INFO	[vËt phÈm lªn tay ng­êi ch¬i] [Tµi kho¶n : kan] [Nh©n vËt: Jx2iiTieuKan][Tªn vËt phÈm:Liªu_Uy Hæ T­íng Qu©]
20240624-223806	INFO	[vËt phÈm lªn tay ng­êi ch¬i] [Tµi kho¶n : kan] [Nh©n vËt: Jx2iiTieuKan][Tªn vËt phÈm:Liªu_Uy Hæ T­íng Qu©]
20240624-223806	INFO	[vËt phÈm lªn tay ng­êi ch¬i] [Tµi kho¶n : kan] [Nh©n vËt: Jx2iiTieuKan][Tªn vËt phÈm:Liªu_Uy Hæ T­íng Qu©]
20240624-223808	INFO	[§Æt vËt phÈm vµo r­¬ng][Account: kan][Role: Jx2iiTieuKan][ItemName: Liªu_Uy Hæ T­íng Qu©][Price: 10000][G:0 D:102 P:10776 Randseed:-105243035 GenTime:2024-06-24 22:38:06 Sock:14450 14456 13067 SockLevel:1 1 4 Series:1 Curdur:100 enhance:15][Map: BiÖn Kinh(186, 184)]
20240624-223809	INFO	[§Æt vËt phÈm vµo r­¬ng][Account: kan][Role: Jx2iiTieuKan][ItemName: Liªu_Uy Hæ T­íng Qu©][Price: 40000][G:0 D:103 P:20688 Randseed:-223981352 GenTime:2024-06-24 22:38:06 Sock:14450 14530 14452 SockLevel:1 1 1 Series:1 Curdur:360 enhance:15][Map: BiÖn Kinh(186, 184)]
20240624-223809	INFO	[§Æt vËt phÈm vµo r­¬ng][Account: kan][Role: Jx2iiTieuKan][ItemName: Liªu_Uy Hæ T­íng Qu©][Price: 40000][G:0 D:101 P:20688 Randseed:1746984121 GenTime:2024-06-24 22:38:06 Sock:14450 14530 14453 SockLevel:1 1 1 Series:1 Curdur:360 enhance:15][Map: BiÖn Kinh(186, 184)]
20240624-223809	INFO	[§Æt vËt phÈm vµo r­¬ng][Account: kan][Role: Jx2iiTieuKan][ItemName: Liªu_Uy Hæ T­íng Qu©][Price: 18000][G:0 D:0 P:20688 Randseed:1511625738 GenTime:2024-06-24 22:38:06 Sock:14478 14481 14485 SockLevel:1 1 2 Series:1 Curdur:300 enhance:15][Map: BiÖn Kinh(186, 184)]
20240624-223810	INFO	[§Æt vËt phÈm vµo r­¬ng][Account: kan][Role: Jx2iiTieuKan][ItemName: Liªu_Uy Hæ T­íng Qu©][Price: 40000][G:0 D:100 P:20688 Randseed:219108334 GenTime:2024-06-24 22:38:06 Sock:14450 14530 14454 SockLevel:1 1 1 Series:1 Curdur:360 enhance:15][Map: BiÖn Kinh(186, 184)]
20240624-223810	INFO	[§Æt vËt phÈm vµo r­¬ng][Account: kan][Role: Jx2iiTieuKan][ItemName: Liªu_Uy Hæ T­íng Qu©][Price: 10000][G:0 D:102 P:10648 Randseed:-1078264825 GenTime:2024-06-24 22:38:06 Sock:14450 14456 14460 SockLevel:1 1 1 Series:1 Curdur:100 enhance:15][Map: BiÖn Kinh(186, 184)]
