ChangeLogFile: FirstWrite=1, CurrentLine=0/65536 LastTime=1900-1-0 0:0:0
20200103-134319<INFO :0xf73e1700>: [KG_Angel][Version:Oct 31 2014 15:04:45] begin initial...
20200103-134319<INFO :0xf73e1700>: Data OK! Current max Service ID is: 2318756
20200103-135622<INFO :0xf53ffb40>: [CheckCRC] CheckRoleData thuong.EoPiCon dwCRC=BC1A7EAF/BC1A7EAF nResult=1
20200103-141218<INFO :0xf5dffb40>: [PlayerCreator] Created role DemoDemo, ServerID=2318756
20200103-141259<INFO :0xf53ffb40>: [CheckCRC] CheckRoleData thuong.DemoDemo dwCRC=71599524/71599524 nResult=1
20200103-142827<INFO :0xf53ffb40>: [CheckCRC] CheckRoleData thuong.DemoDemo dwCRC=E45E221D/E45E221D nResult=1
20200103-144327<INFO :0xf53ffb40>: [CheckCRC] CheckRoleData thuong.DemoDemo dwCRC=9B150A6A/9B150A6A nResult=1
20200103-145819<INFO :0xf53ffb40>: [CheckCRC] CheckRoleData thuong.EopiThuong dwCRC=B5F58298/B5F58298 nResult=1
20200103-151353<INFO :0xf53ffb40>: [CheckCRC] CheckRoleData thuong.EoPiCon dwCRC=DE2421B0/DE2421B0 nResult=1
20200103-151533<INFO :0xf53ffb40>: [CheckCRC] CheckRoleData thuong.EoPiCon dwCRC=00A90A3E/00A90A3E nResult=1
20200103-151755<INFO :0xf5dffb40>: [PlayerCreator] Created role Demo123, ServerID=2318757
20200103-151859<INFO :0xf53ffb40>: [CheckCRC] CheckRoleData thuong2.Demo123 dwCRC=04EC8DC0/04EC8DC0 nResult=1
20200103-152645<INFO :0xf53ffb40>: [CheckCRC] CheckRoleData thuong2.Demo123 dwCRC=01CAA02A/01CAA02A nResult=1
20200103-154717<INFO :0xf53ffb40>: [CheckCRC] CheckRoleData thuong2.Demo123 dwCRC=0420D554/0420D554 nResult=1
20200103-154907<INFO :0xf5dffb40>: [PlayerCreator] Created role 123123123, ServerID=2318758
20200103-154932<INFO :0xf53ffb40>: [CheckCRC] CheckRoleData thuong2.123123123 dwCRC=6F337AFE/6F337AFE nResult=1
20200103-155032<INFO :0xf53ffb40>: [CheckCRC] CheckRoleData thuong2.123123123 dwCRC=313B6C11/313B6C11 nResult=1
20200103-155107<INFO :0xf53ffb40>: [CheckCRC] CheckRoleData thuong2.123123123 dwCRC=54A22737/54A22737 nResult=1
20200103-155618<INFO :0xf53ffb40>: [CheckCRC] CheckRoleData thuong2.123123123 dwCRC=159FD864/159FD864 nResult=1
20200103-160121<INFO :0xf53ffb40>: [CheckCRC] CheckRoleData thuong2.123123123 dwCRC=C4639901/C4639901 nResult=1
20200103-160121<INFO :0xf53ffb40>: [CheckCRC] CheckRoleData thuong2.123123123 dwCRC=FB25B099/FB25B099 nResult=1
20200103-160121<INFO :0xf53ffb40>: [CheckCRC] CheckRoleData thuong2.123123123 dwCRC=CAADE2CF/CAADE2CF nResult=1
20200103-160122<INFO :0xf53ffb40>: [CheckCRC] CheckRoleData thuong2.123123123 dwCRC=1BA6165A/1BA6165A nResult=1
20200103-160122<INFO :0xf53ffb40>: [CheckCRC] CheckRoleData thuong2.123123123 dwCRC=F1A37AE2/F1A37AE2 nResult=1
20200103-160208<INFO :0xf53ffb40>: [CheckCRC] CheckRoleData thuong2.123123123 dwCRC=395BF8B3/395BF8B3 nResult=1
20200103-160539<INFO :0xf53ffb40>: [CheckCRC] CheckRoleData thuong2.123123123 dwCRC=430778C5/430778C5 nResult=1
20200103-160612<INFO :0xf5dffb40>: [PlayerCreator] Created role 12312312312312, ServerID=2318759
20200103-160631<INFO :0xf53ffb40>: [CheckCRC] CheckRoleData thuong2.12312312312312 dwCRC=8F89BE82/8F89BE82 nResult=1
20200103-160834<INFO :0xf53ffb40>: [CheckCRC] CheckRoleData thuong2.12312312312312 dwCRC=5459115F/5459115F nResult=1
20200103-160835<INFO :0xf53ffb40>: [CheckCRC] CheckRoleData thuong2.12312312312312 dwCRC=35B4BECA/35B4BECA nResult=1
20200103-160853<INFO :0xf53ffb40>: [CheckCRC] CheckRoleData thuong2.12312312312312 dwCRC=65594B58/65594B58 nResult=1
20200103-161225<INFO :0xf53ffb40>: [CheckCRC] CheckRoleData thuong2.12312312312312 dwCRC=AA2D2303/AA2D2303 nResult=1
20200103-161226<INFO :0xf53ffb40>: [CheckCRC] CheckRoleData thuong2.12312312312312 dwCRC=08194F06/08194F06 nResult=1
20200103-161226<INFO :0xf53ffb40>: [CheckCRC] CheckRoleData thuong2.12312312312312 dwCRC=93179FEC/93179FEC nResult=1
20200103-161226<INFO :0xf53ffb40>: [CheckCRC] CheckRoleData thuong2.12312312312312 dwCRC=3F52C85C/3F52C85C nResult=1
20200103-161227<INFO :0xf53ffb40>: [CheckCRC] CheckRoleData thuong2.12312312312312 dwCRC=B0F83247/B0F83247 nResult=1
20200103-161344<INFO :0xf53ffb40>: [CheckCRC] CheckRoleData thuong2.12312312312312 dwCRC=BFBAAAB0/BFBAAAB0 nResult=1
20200103-161352<INFO :0xf53ffb40>: [CheckCRC] CheckRoleData thuong2.12312312312312 dwCRC=1F677B07/1F677B07 nResult=1
20200103-161940<INFO :0xf53ffb40>: [CheckCRC] CheckRoleData thuong2.Demo123 dwCRC=4F2D98EF/4F2D98EF nResult=1
20200103-161956<INFO :0xf53ffb40>: [CheckCRC] CheckRoleData thuong2.Demo123 dwCRC=7DDC34A7/7DDC34A7 nResult=1
