ChangeLogFile: FirstWrite=1, CurrentLine=0/65536 LastTime=1900-1-0 0:0:0
20200207-150618<INFO :0xf73b6700>: [verify_up2date]...
20200207-150618<INFO :0xf73b6700>: >Current lang is [gb18030]
20200207-150618<INFO :0xf73b6700>: >Welcome to use [verify_up2date](version: 2.3.4 [2018-02-25]) tool. 
20200207-150618<INFO :0xf73b6700>: >Time duration: 7.200668ms 
20200207-150618<INFO :0xf73b6700>: >
20200207-150618<INFO :0xf73b6700>: >Finish, my exit code is: 0
20200207-150618<INFO :0xf73b6700>: |shell cmd result is 0
20200207-150618<INFO :0xf73b6700>: ExecShellCmd [./verify_up2date -op=vef -d="/home/server/gw/Relay" ] ret=0
20200207-150618<INFO :0xf73b6700>: [verify_up2date] ok
20200207-150618<INFO :0xf73b6700>: [Relay][Version:Nov 14 2014 15:55:12] Begin to start ... ...
20200207-150618<INFO :0xf73b6700>: [KG_Relay] Set log level ... ... KGLOG_UPTO(KGLOG_DEBUG)
20200207-150618<INFO :0xf73b6700>: [KG_Relay] Loading relay.ini
20200207-150618<INFO :0xf73b6700>: Run without GMC!
20200207-150618<INFO :0xf73b6700>: [KGD] Mysql info: client[5.1.69] host[Localhost via UNIX socket] server[5.5.64-MariaDB]
20200207-150618<DEBUG:0xf73b6700>: [KGD] Success connect to localhost:3306, character set switch to latin1
20200207-150618<INFO :0xf73b6700>: [KGD] Mysql info: client[5.1.69] host[Localhost via UNIX socket] server[5.5.64-MariaDB]
20200207-150618<DEBUG:0xf73b6700>: [KGD] KGD_PROCESS_ERROR(nRetCode, KGD_ERROR_NOT_SUPPORT), at line 1467 in (0x0x918fba0)->_LoadTable()
20200207-150618<DEBUG:0xf73b6700>: [KGD] (0x0x918fba0)->_LoadTable("fightteam")
20200207-150618<DEBUG:0xf73b6700>: [KGD] KGD_PROCESS_ERROR(nRetCode, KGD_ERROR_NOT_SUPPORT), at line 1467 in (0x0x918fba0)->_LoadTable()
20200207-150618<DEBUG:0xf73b6700>: [KGD] (0x0x918fba0)->_LoadTable("playerfightteam")
20200207-150618<DEBUG:0xf73b6700>: [KGD] Success connect to localhost:3306, character set switch to latin1
20200207-150618<INFO :0xf7084b40>: [KGD] Mysql info: client[5.1.69] host[Localhost via UNIX socket] server[5.5.64-MariaDB]
20200207-150618<INFO :0xf73b6700>: [KGD] Mysql info: client[5.1.69] host[Localhost via UNIX socket] server[5.5.64-MariaDB]
20200207-150618<DEBUG:0xf7084b40>: [KGD] KGD_PROCESS_ERROR(nRetCode, KGD_ERROR_NOT_SUPPORT), at line 1467 in (0x0xf6700470)->_LoadTable()
20200207-150618<DEBUG:0xf7084b40>: [KGD] (0x0xf6700470)->_LoadTable("fightteam")
20200207-150618<DEBUG:0xf73b6700>: [KGD] KGD_PROCESS_ERROR(nRetCode, KGD_ERROR_NOT_SUPPORT), at line 1467 in (0x0x91be5d8)->_LoadTable()
20200207-150618<DEBUG:0xf73b6700>: [KGD] (0x0x91be5d8)->_LoadTable("fightteam")
20200207-150618<DEBUG:0xf7084b40>: [KGD] KGD_PROCESS_ERROR(nRetCode, KGD_ERROR_NOT_SUPPORT), at line 1467 in (0x0xf6700470)->_LoadTable()
20200207-150618<DEBUG:0xf7084b40>: [KGD] (0x0xf6700470)->_LoadTable("playerfightteam")
20200207-150618<DEBUG:0xf73b6700>: [KGD] KGD_PROCESS_ERROR(nRetCode, KGD_ERROR_NOT_SUPPORT), at line 1467 in (0x0x91be5d8)->_LoadTable()
20200207-150618<DEBUG:0xf73b6700>: [KGD] (0x0x91be5d8)->_LoadTable("playerfightteam")
20200207-150618<DEBUG:0xf7084b40>: [KGD] Success connect to localhost:3306, character set switch to latin1
20200207-150618<DEBUG:0xf73b6700>: [KGD] Success connect to localhost:3306, character set switch to latin1
20200207-150618<INFO :0xf66ffb40>: [KGD] Mysql info: client[5.1.69] host[Localhost via UNIX socket] server[5.5.64-MariaDB]
20200207-150618<INFO :0xf73b6700>: [KGD] Mysql info: client[5.1.69] host[Localhost via UNIX socket] server[5.5.64-MariaDB]
20200207-150618<DEBUG:0xf66ffb40>: [KGD] KGD_PROCESS_ERROR(nRetCode, KGD_ERROR_NOT_SUPPORT), at line 1467 in (0x0xf5d00470)->_LoadTable()
20200207-150618<DEBUG:0xf66ffb40>: [KGD] (0x0xf5d00470)->_LoadTable("fightteam")
20200207-150618<DEBUG:0xf73b6700>: [KGD] KGD_PROCESS_ERROR(nRetCode, KGD_ERROR_NOT_SUPPORT), at line 1467 in (0x0x91bd1c8)->_LoadTable()
20200207-150618<DEBUG:0xf73b6700>: [KGD] (0x0x91bd1c8)->_LoadTable("fightteam")
20200207-150618<DEBUG:0xf66ffb40>: [KGD] KGD_PROCESS_ERROR(nRetCode, KGD_ERROR_NOT_SUPPORT), at line 1467 in (0x0xf5d00470)->_LoadTable()
20200207-150618<DEBUG:0xf66ffb40>: [KGD] (0x0xf5d00470)->_LoadTable("playerfightteam")
20200207-150618<DEBUG:0xf73b6700>: [KGD] KGD_PROCESS_ERROR(nRetCode, KGD_ERROR_NOT_SUPPORT), at line 1467 in (0x0x91bd1c8)->_LoadTable()
20200207-150618<DEBUG:0xf73b6700>: [KGD] (0x0x91bd1c8)->_LoadTable("playerfightteam")
20200207-150618<DEBUG:0xf66ffb40>: [KGD] Success connect to localhost:3306, character set switch to latin1
20200207-150618<DEBUG:0xf73b6700>: [KGD] Success connect to localhost:3306, character set switch to latin1
20200207-150618<INFO :0xf73b6700>: [KGD] Mysql info: client[5.1.69] host[Localhost via UNIX socket] server[5.5.64-MariaDB]
20200207-150618<INFO :0xf5cffb40>: [KGD] Mysql info: client[5.1.69] host[Localhost via UNIX socket] server[5.5.64-MariaDB]
20200207-150618<DEBUG:0xf73b6700>: [KGD] KGD_PROCESS_ERROR(nRetCode, KGD_ERROR_NOT_SUPPORT), at line 1467 in (0x0x91d1788)->_LoadTable()
20200207-150618<DEBUG:0xf73b6700>: [KGD] (0x0x91d1788)->_LoadTable("fightteam")
20200207-150618<DEBUG:0xf5cffb40>: [KGD] KGD_PROCESS_ERROR(nRetCode, KGD_ERROR_NOT_SUPPORT), at line 1467 in (0x0xf5300470)->_LoadTable()
20200207-150618<DEBUG:0xf5cffb40>: [KGD] (0x0xf5300470)->_LoadTable("fightteam")
20200207-150618<DEBUG:0xf73b6700>: [KGD] KGD_PROCESS_ERROR(nRetCode, KGD_ERROR_NOT_SUPPORT), at line 1467 in (0x0x91d1788)->_LoadTable()
20200207-150618<DEBUG:0xf73b6700>: [KGD] (0x0x91d1788)->_LoadTable("playerfightteam")
20200207-150618<DEBUG:0xf5cffb40>: [KGD] KGD_PROCESS_ERROR(nRetCode, KGD_ERROR_NOT_SUPPORT), at line 1467 in (0x0xf5300470)->_LoadTable()
20200207-150618<DEBUG:0xf5cffb40>: [KGD] (0x0xf5300470)->_LoadTable("playerfightteam")
20200207-150618<DEBUG:0xf73b6700>: [KGD] Success connect to localhost:3306, character set switch to latin1
20200207-150618<DEBUG:0xf5cffb40>: [KGD] Success connect to localhost:3306, character set switch to latin1
20200207-150618<INFO :0xf52ffb40>: [KGD] Mysql info: client[5.1.69] host[Localhost via UNIX socket] server[5.5.64-MariaDB]
20200207-150618<INFO :0xf73b6700>: [KGD] Mysql info: client[5.1.69] host[Localhost via UNIX socket] server[5.5.64-MariaDB]
20200207-150618<DEBUG:0xf73b6700>: [KGD] KGD_PROCESS_ERROR(nRetCode, KGD_ERROR_NOT_SUPPORT), at line 1467 in (0x0x91f47a8)->_LoadTable()
20200207-150618<DEBUG:0xf73b6700>: [KGD] (0x0x91f47a8)->_LoadTable("fightteam")
20200207-150618<DEBUG:0xf73b6700>: [KGD] KGD_PROCESS_ERROR(nRetCode, KGD_ERROR_NOT_SUPPORT), at line 1467 in (0x0x91f47a8)->_LoadTable()
20200207-150618<DEBUG:0xf73b6700>: [KGD] (0x0x91f47a8)->_LoadTable("playerfightteam")
20200207-150618<DEBUG:0xf73b6700>: [KGD] Success connect to localhost:3306, character set switch to latin1
20200207-150618<INFO :0xf73b6700>: [KGD] Mysql info: client[5.1.69] host[Localhost via UNIX socket] server[5.5.64-MariaDB]
20200207-150618<DEBUG:0xf73b6700>: [KGD] KGD_PROCESS_ERROR(nRetCode, KGD_ERROR_NOT_SUPPORT), at line 1467 in (0x0x921a858)->_LoadTable()
20200207-150618<DEBUG:0xf73b6700>: [KGD] (0x0x921a858)->_LoadTable("fightteam")
20200207-150618<DEBUG:0xf73b6700>: [KGD] KGD_PROCESS_ERROR(nRetCode, KGD_ERROR_NOT_SUPPORT), at line 1467 in (0x0x921a858)->_LoadTable()
20200207-150618<DEBUG:0xf73b6700>: [KGD] (0x0x921a858)->_LoadTable("playerfightteam")
20200207-150618<DEBUG:0xf73b6700>: [KGD] Success connect to localhost:3306, character set switch to latin1
20200207-150618<DEBUG:0xf52ffb40>: [KGD] KGD_PROCESS_ERROR(nRetCode, KGD_ERROR_NOT_SUPPORT), at line 1467 in (0x0xf4900470)->_LoadTable()
20200207-150618<DEBUG:0xf52ffb40>: [KGD] (0x0xf4900470)->_LoadTable("fightteam")
20200207-150618<DEBUG:0xf52ffb40>: [KGD] KGD_PROCESS_ERROR(nRetCode, KGD_ERROR_NOT_SUPPORT), at line 1467 in (0x0xf4900470)->_LoadTable()
20200207-150618<DEBUG:0xf52ffb40>: [KGD] (0x0xf4900470)->_LoadTable("playerfightteam")
20200207-150618<DEBUG:0xf52ffb40>: [KGD] Success connect to localhost:3306, character set switch to latin1
20200207-150618<INFO :0xf48ffb40>: [KGD] Mysql info: client[5.1.69] host[Localhost via UNIX socket] server[5.5.64-MariaDB]
20200207-150618<DEBUG:0xf48ffb40>: [KGD] KGD_PROCESS_ERROR(nRetCode, KGD_ERROR_NOT_SUPPORT), at line 1467 in (0x0xf3f00470)->_LoadTable()
20200207-150618<DEBUG:0xf48ffb40>: [KGD] (0x0xf3f00470)->_LoadTable("fightteam")
20200207-150618<DEBUG:0xf48ffb40>: [KGD] KGD_PROCESS_ERROR(nRetCode, KGD_ERROR_NOT_SUPPORT), at line 1467 in (0x0xf3f00470)->_LoadTable()
20200207-150618<DEBUG:0xf48ffb40>: [KGD] (0x0xf3f00470)->_LoadTable("playerfightteam")
20200207-150618<DEBUG:0xf48ffb40>: [KGD] Success connect to localhost:3306, character set switch to latin1
20200207-150618<INFO :0xf73b6700>: [KGD] Mysql info: client[5.1.69] host[Localhost via UNIX socket] server[5.5.64-MariaDB]
20200207-150618<DEBUG:0xf73b6700>: [KGD] KGD_PROCESS_ERROR(nRetCode, KGD_ERROR_NOT_SUPPORT), at line 1467 in (0x0x93d9ab8)->_LoadTable()
20200207-150618<DEBUG:0xf73b6700>: [KGD] (0x0x93d9ab8)->_LoadTable("fightteam")
20200207-150618<DEBUG:0xf73b6700>: [KGD] KGD_PROCESS_ERROR(nRetCode, KGD_ERROR_NOT_SUPPORT), at line 1467 in (0x0x93d9ab8)->_LoadTable()
20200207-150618<DEBUG:0xf73b6700>: [KGD] (0x0x93d9ab8)->_LoadTable("playerfightteam")
20200207-150618<DEBUG:0xf73b6700>: [KGD] Success connect to localhost:3306, character set switch to latin1
20200207-150618<INFO :0xf73b6700>: [MySQLDatabase] Connecting to `127.0.0.1`, database `jx2ib_database`...
20200207-150618<INFO :0xf73b6700>: [MySQLDatabase] Connecting to `127.0.0.1`, database `jx2ib_database`...
20200207-150618<INFO :0xf73b6700>: [RuntimeStat] ServerName=SONGLONG_GW FlushIntervalSec=300
20200207-150618<INFO :0xf73b6700>: set runtime statistic result path is [runtime_stat_result/2020_02_07/stat_result_ksg_2020_02_07_@SONGLONG_GW.txt]
20200207-150618<DEBUG:0xf73b6700>: [Tong_Operation] Update Tong Competition List Start...
20200207-150618<DEBUG:0xf73b6700>: [Tong_Operation] Update Tong Competition List Step1.
20200207-150618<DEBUG:0xf73b6700>: [Tong_Operation] Update Tong Competition List Step2.
20200207-150618<DEBUG:0xf73b6700>: [Tong_Operation] Update Tong Competition List Step3.
20200207-150618<DEBUG:0xf73b6700>: [Tong_Operation] Update Tong Competition List Finished.
20200207-150618<WARN :0xf73b6700>: [RuntimeDataStatRelay] FlushStat: File=runtime_stat_result/2020_02_07/stat_result_ksg_2020_02_07_@SONGLONG_GW.txt Count=363
20200207-150618<WARN :0xf73b6700>: [RuntimeDataStatRelay] FlushStat: File=runtime_stat_result/2020_02_07/stat_result_vng_2020-02-07_@SONGLONG_GW.txt Count=1
20200207-150632<INFO :0xf73b6700>: New connection from 127.0.0.1:29152, index = 0
20200207-150632<DEBUG:0xf73b6700>: Send log info to gs(100007f) when connect ret=1
20200207-150632<INFO :0xf73b6700>: New connection from 127.0.0.1:4556, index = 0
20200207-150632<INFO :0xf73b6700>: New connection from 127.0.0.1:17033, index = 0
20200207-150632<INFO :0xf73b6700>: [verify_up2date] GetUp2dateVersion: code=8DA68FCD
20200207-150632<ERROR:0xf73b6700>: [KG_RelayTongGameSvr] [Error Protocol] [Protocol=52]
20200207-150632<DEBUG:0xf73b6700>: KGLOG_PROCESS_ERROR(false) at line 83 in ProcessMessage
20200207-150632<ERROR:0xf73b6700>: [KG_RelayTongGameSvr] [Error Protocol] [Protocol=52]
20200207-150632<DEBUG:0xf73b6700>: KGLOG_PROCESS_ERROR(false) at line 83 in ProcessMessage
20200207-150632<ERROR:0xf73b6700>: [KG_RelayTongGameSvr] [Error Protocol] [Protocol=52]
20200207-150632<DEBUG:0xf73b6700>: KGLOG_PROCESS_ERROR(false) at line 83 in ProcessMessage
20200207-150632<INFO :0xf73b6700>: Proc0_GameSvrLogin
20200207-150632<INFO :0xf73b6700>: [MAP_INDEX_INFO] Notify map count 290 for gs: 0100007F
20200207-150633<WARN :0xf73b6700>: Router NOT connected
20200207-151149<DEBUG:0xf73b6700>: [RelationMgr] SomeoneLogin("ioNaruto")
20200207-151149<DEBUG:0xf73b6700>: [RelationMgr] SomeoneLoad("ioNaruto")
20200207-151149<DEBUG:0xf73b6700>: [Relation Database] Load "ioNaruto"
20200207-151149<WARN :0xf73b6700>: Router NOT connected
20200207-152118<WARN :0xf73b6700>: [RuntimeDataStatRelay] FlushStat: File=runtime_stat_result/2020_02_07/stat_result_ksg_2020_02_07_@SONGLONG_GW.txt Count=364
20200207-152118<WARN :0xf73b6700>: [RuntimeDataStatRelay] FlushStat: File=runtime_stat_result/2020_02_07/stat_result_vng_2020-02-07_@SONGLONG_GW.txt Count=1
20200207-232358<DEBUG:0xf73b6700>: [RelationMgr] SomeoneLogout("ioNaruto")
20200207-232359<INFO :0xf73b6700>: Connection lost: 1(127.0.0.1, 1)
20200207-232359<DEBUG:0xf73b6700>: gs(100007f) crashed
20200207-232359<INFO :0xf73b6700>: Connection lost: 1(127.0.0.1, 1)
20200207-232359<INFO :0xf73b6700>: Connection lost: 1(127.0.0.1, 1)
