ChangeLogFile: FirstWrite=1, CurrentLine=0/65536 LastTime=1900-1-0 0:0:0
20200125-213715<INFO :0xf746a700>: [verify_up2date]...
20200125-213715<INFO :0xf746a700>: >Current lang is [gb18030]
20200125-213715<INFO :0xf746a700>: >Welcome to use [verify_up2date](version: 2.3.4 [2018-02-25]) tool. 
20200125-213715<INFO :0xf746a700>: >Time duration: 7.284893ms 
20200125-213715<INFO :0xf746a700>: >
20200125-213715<INFO :0xf746a700>: >Finish, my exit code is: 0
20200125-213715<INFO :0xf746a700>: |shell cmd result is 0
20200125-213715<INFO :0xf746a700>: ExecShellCmd [./verify_up2date -op=vef -d="/home/server/gw/Relay" ] ret=0
20200125-213715<INFO :0xf746a700>: [verify_up2date] ok
20200125-213715<INFO :0xf746a700>: [Relay][Version:Nov 14 2014 15:55:12] Begin to start ... ...
20200125-213715<INFO :0xf746a700>: [KG_Relay] Set log level ... ... KGLOG_UPTO(KGLOG_DEBUG)
20200125-213715<INFO :0xf746a700>: [KG_Relay] Loading relay.ini
20200125-213715<INFO :0xf746a700>: Run without GMC!
20200125-213715<INFO :0xf746a700>: [KGD] Mysql info: client[5.1.69] host[Localhost via UNIX socket] server[5.5.64-MariaDB]
20200125-213715<DEBUG:0xf746a700>: [KGD] Success connect to localhost:3306, character set switch to latin1
20200125-213715<INFO :0xf746a700>: [KGD] Mysql info: client[5.1.69] host[Localhost via UNIX socket] server[5.5.64-MariaDB]
20200125-213715<DEBUG:0xf746a700>: [KGD] KGD_PROCESS_ERROR(nRetCode, KGD_ERROR_NOT_SUPPORT), at line 1467 in (0x0x9525ba0)->_LoadTable()
20200125-213715<DEBUG:0xf746a700>: [KGD] (0x0x9525ba0)->_LoadTable("fightteam")
20200125-213715<DEBUG:0xf746a700>: [KGD] KGD_PROCESS_ERROR(nRetCode, KGD_ERROR_NOT_SUPPORT), at line 1467 in (0x0x9525ba0)->_LoadTable()
20200125-213715<DEBUG:0xf746a700>: [KGD] (0x0x9525ba0)->_LoadTable("playerfightteam")
20200125-213715<DEBUG:0xf746a700>: [KGD] Success connect to localhost:3306, character set switch to latin1
20200125-213715<INFO :0xf746a700>: [KGD] Mysql info: client[5.1.69] host[Localhost via UNIX socket] server[5.5.64-MariaDB]
20200125-213715<INFO :0xf7138b40>: [KGD] Mysql info: client[5.1.69] host[Localhost via UNIX socket] server[5.5.64-MariaDB]
20200125-213715<DEBUG:0xf746a700>: [KGD] KGD_PROCESS_ERROR(nRetCode, KGD_ERROR_NOT_SUPPORT), at line 1467 in (0x0x95545d8)->_LoadTable()
20200125-213715<DEBUG:0xf746a700>: [KGD] (0x0x95545d8)->_LoadTable("fightteam")
20200125-213715<DEBUG:0xf7138b40>: [KGD] KGD_PROCESS_ERROR(nRetCode, KGD_ERROR_NOT_SUPPORT), at line 1467 in (0x0xf6800470)->_LoadTable()
20200125-213715<DEBUG:0xf7138b40>: [KGD] (0x0xf6800470)->_LoadTable("fightteam")
20200125-213715<DEBUG:0xf746a700>: [KGD] KGD_PROCESS_ERROR(nRetCode, KGD_ERROR_NOT_SUPPORT), at line 1467 in (0x0x95545d8)->_LoadTable()
20200125-213715<DEBUG:0xf746a700>: [KGD] (0x0x95545d8)->_LoadTable("playerfightteam")
20200125-213715<DEBUG:0xf7138b40>: [KGD] KGD_PROCESS_ERROR(nRetCode, KGD_ERROR_NOT_SUPPORT), at line 1467 in (0x0xf6800470)->_LoadTable()
20200125-213715<DEBUG:0xf7138b40>: [KGD] (0x0xf6800470)->_LoadTable("playerfightteam")
20200125-213715<DEBUG:0xf746a700>: [KGD] Success connect to localhost:3306, character set switch to latin1
20200125-213715<DEBUG:0xf7138b40>: [KGD] Success connect to localhost:3306, character set switch to latin1
20200125-213715<INFO :0xf67ffb40>: [KGD] Mysql info: client[5.1.69] host[Localhost via UNIX socket] server[5.5.64-MariaDB]
20200125-213715<INFO :0xf746a700>: [KGD] Mysql info: client[5.1.69] host[Localhost via UNIX socket] server[5.5.64-MariaDB]
20200125-213715<DEBUG:0xf67ffb40>: [KGD] KGD_PROCESS_ERROR(nRetCode, KGD_ERROR_NOT_SUPPORT), at line 1467 in (0x0xf5e00470)->_LoadTable()
20200125-213715<DEBUG:0xf746a700>: [KGD] KGD_PROCESS_ERROR(nRetCode, KGD_ERROR_NOT_SUPPORT), at line 1467 in (0x0x95531c8)->_LoadTable()
20200125-213715<DEBUG:0xf67ffb40>: [KGD] (0x0xf5e00470)->_LoadTable("fightteam")
20200125-213715<DEBUG:0xf746a700>: [KGD] (0x0x95531c8)->_LoadTable("fightteam")
20200125-213715<DEBUG:0xf67ffb40>: [KGD] KGD_PROCESS_ERROR(nRetCode, KGD_ERROR_NOT_SUPPORT), at line 1467 in (0x0xf5e00470)->_LoadTable()
20200125-213715<DEBUG:0xf67ffb40>: [KGD] (0x0xf5e00470)->_LoadTable("playerfightteam")
20200125-213715<DEBUG:0xf746a700>: [KGD] KGD_PROCESS_ERROR(nRetCode, KGD_ERROR_NOT_SUPPORT), at line 1467 in (0x0x95531c8)->_LoadTable()
20200125-213715<DEBUG:0xf746a700>: [KGD] (0x0x95531c8)->_LoadTable("playerfightteam")
20200125-213715<DEBUG:0xf67ffb40>: [KGD] Success connect to localhost:3306, character set switch to latin1
20200125-213715<DEBUG:0xf746a700>: [KGD] Success connect to localhost:3306, character set switch to latin1
20200125-213715<INFO :0xf746a700>: [KGD] Mysql info: client[5.1.69] host[Localhost via UNIX socket] server[5.5.64-MariaDB]
20200125-213715<INFO :0xf5dffb40>: [KGD] Mysql info: client[5.1.69] host[Localhost via UNIX socket] server[5.5.64-MariaDB]
20200125-213715<DEBUG:0xf746a700>: [KGD] KGD_PROCESS_ERROR(nRetCode, KGD_ERROR_NOT_SUPPORT), at line 1467 in (0x0x9567788)->_LoadTable()
20200125-213715<DEBUG:0xf746a700>: [KGD] (0x0x9567788)->_LoadTable("fightteam")
20200125-213715<DEBUG:0xf746a700>: [KGD] KGD_PROCESS_ERROR(nRetCode, KGD_ERROR_NOT_SUPPORT), at line 1467 in (0x0x9567788)->_LoadTable()
20200125-213715<DEBUG:0xf746a700>: [KGD] (0x0x9567788)->_LoadTable("playerfightteam")
20200125-213715<DEBUG:0xf5dffb40>: [KGD] KGD_PROCESS_ERROR(nRetCode, KGD_ERROR_NOT_SUPPORT), at line 1467 in (0x0xf5400470)->_LoadTable()
20200125-213715<DEBUG:0xf5dffb40>: [KGD] (0x0xf5400470)->_LoadTable("fightteam")
20200125-213715<DEBUG:0xf746a700>: [KGD] Success connect to localhost:3306, character set switch to latin1
20200125-213715<DEBUG:0xf5dffb40>: [KGD] KGD_PROCESS_ERROR(nRetCode, KGD_ERROR_NOT_SUPPORT), at line 1467 in (0x0xf5400470)->_LoadTable()
20200125-213715<DEBUG:0xf5dffb40>: [KGD] (0x0xf5400470)->_LoadTable("playerfightteam")
20200125-213715<DEBUG:0xf5dffb40>: [KGD] Success connect to localhost:3306, character set switch to latin1
20200125-213715<INFO :0xf53ffb40>: [KGD] Mysql info: client[5.1.69] host[Localhost via UNIX socket] server[5.5.64-MariaDB]
20200125-213715<DEBUG:0xf53ffb40>: [KGD] KGD_PROCESS_ERROR(nRetCode, KGD_ERROR_NOT_SUPPORT), at line 1467 in (0x0xf4a00470)->_LoadTable()
20200125-213715<DEBUG:0xf53ffb40>: [KGD] (0x0xf4a00470)->_LoadTable("fightteam")
20200125-213715<DEBUG:0xf53ffb40>: [KGD] KGD_PROCESS_ERROR(nRetCode, KGD_ERROR_NOT_SUPPORT), at line 1467 in (0x0xf4a00470)->_LoadTable()
20200125-213715<DEBUG:0xf53ffb40>: [KGD] (0x0xf4a00470)->_LoadTable("playerfightteam")
20200125-213715<DEBUG:0xf53ffb40>: [KGD] Success connect to localhost:3306, character set switch to latin1
20200125-213715<INFO :0xf746a700>: [KGD] Mysql info: client[5.1.69] host[Localhost via UNIX socket] server[5.5.64-MariaDB]
20200125-213715<DEBUG:0xf746a700>: [KGD] KGD_PROCESS_ERROR(nRetCode, KGD_ERROR_NOT_SUPPORT), at line 1467 in (0x0x958a7a8)->_LoadTable()
20200125-213715<DEBUG:0xf746a700>: [KGD] (0x0x958a7a8)->_LoadTable("fightteam")
20200125-213715<DEBUG:0xf746a700>: [KGD] KGD_PROCESS_ERROR(nRetCode, KGD_ERROR_NOT_SUPPORT), at line 1467 in (0x0x958a7a8)->_LoadTable()
20200125-213715<DEBUG:0xf746a700>: [KGD] (0x0x958a7a8)->_LoadTable("playerfightteam")
20200125-213715<DEBUG:0xf746a700>: [KGD] Success connect to localhost:3306, character set switch to latin1
20200125-213715<INFO :0xf746a700>: [KGD] Mysql info: client[5.1.69] host[Localhost via UNIX socket] server[5.5.64-MariaDB]
20200125-213715<DEBUG:0xf746a700>: [KGD] KGD_PROCESS_ERROR(nRetCode, KGD_ERROR_NOT_SUPPORT), at line 1467 in (0x0x95b0858)->_LoadTable()
20200125-213715<DEBUG:0xf746a700>: [KGD] (0x0x95b0858)->_LoadTable("fightteam")
20200125-213715<DEBUG:0xf746a700>: [KGD] KGD_PROCESS_ERROR(nRetCode, KGD_ERROR_NOT_SUPPORT), at line 1467 in (0x0x95b0858)->_LoadTable()
20200125-213715<DEBUG:0xf746a700>: [KGD] (0x0x95b0858)->_LoadTable("playerfightteam")
20200125-213715<DEBUG:0xf746a700>: [KGD] Success connect to localhost:3306, character set switch to latin1
20200125-213715<INFO :0xf49ffb40>: [KGD] Mysql info: client[5.1.69] host[Localhost via UNIX socket] server[5.5.64-MariaDB]
20200125-213715<DEBUG:0xf49ffb40>: [KGD] KGD_PROCESS_ERROR(nRetCode, KGD_ERROR_NOT_SUPPORT), at line 1467 in (0x0xf4000470)->_LoadTable()
20200125-213715<DEBUG:0xf49ffb40>: [KGD] (0x0xf4000470)->_LoadTable("fightteam")
20200125-213715<DEBUG:0xf49ffb40>: [KGD] KGD_PROCESS_ERROR(nRetCode, KGD_ERROR_NOT_SUPPORT), at line 1467 in (0x0xf4000470)->_LoadTable()
20200125-213715<DEBUG:0xf49ffb40>: [KGD] (0x0xf4000470)->_LoadTable("playerfightteam")
20200125-213715<DEBUG:0xf49ffb40>: [KGD] Success connect to localhost:3306, character set switch to latin1
20200125-213715<INFO :0xf746a700>: [KGD] Mysql info: client[5.1.69] host[Localhost via UNIX socket] server[5.5.64-MariaDB]
20200125-213715<DEBUG:0xf746a700>: [KGD] KGD_PROCESS_ERROR(nRetCode, KGD_ERROR_NOT_SUPPORT), at line 1467 in (0x0x976fab8)->_LoadTable()
20200125-213715<DEBUG:0xf746a700>: [KGD] (0x0x976fab8)->_LoadTable("fightteam")
20200125-213715<DEBUG:0xf746a700>: [KGD] KGD_PROCESS_ERROR(nRetCode, KGD_ERROR_NOT_SUPPORT), at line 1467 in (0x0x976fab8)->_LoadTable()
20200125-213715<DEBUG:0xf746a700>: [KGD] (0x0x976fab8)->_LoadTable("playerfightteam")
20200125-213715<DEBUG:0xf746a700>: [KGD] Success connect to localhost:3306, character set switch to latin1
20200125-213715<INFO :0xf746a700>: [MySQLDatabase] Connecting to `127.0.0.1`, database `jx2ib_database`...
20200125-213715<INFO :0xf746a700>: [MySQLDatabase] Connecting to `127.0.0.1`, database `jx2ib_database`...
20200125-213715<INFO :0xf746a700>: [RuntimeStat] ServerName=SONGLONG_GW FlushIntervalSec=300
20200125-213715<INFO :0xf746a700>: set runtime statistic result path is [runtime_stat_result/2020_01_25/stat_result_ksg_2020_01_25_@SONGLONG_GW.txt]
20200125-213715<WARN :0xf746a700>: [RuntimeDataStatRelay] FlushStat: File=runtime_stat_result/2020_01_25/stat_result_ksg_2020_01_25_@SONGLONG_GW.txt Count=364
20200125-213715<WARN :0xf746a700>: [RuntimeDataStatRelay] FlushStat: File=runtime_stat_result/2020_01_25/stat_result_vng_2020-01-25_@SONGLONG_GW.txt Count=1
20200125-213725<INFO :0xf746a700>: New connection from 127.0.0.1:32917, index = 0
20200125-213725<DEBUG:0xf746a700>: Send log info to gs(100007f) when connect ret=1
20200125-213725<INFO :0xf746a700>: New connection from 127.0.0.1:46988, index = 0
20200125-213725<INFO :0xf746a700>: New connection from 127.0.0.1:40429, index = 0
20200125-213725<INFO :0xf746a700>: [verify_up2date] GetUp2dateVersion: code=8DA68FCD
20200125-213725<ERROR:0xf746a700>: [KG_RelayTongGameSvr] [Error Protocol] [Protocol=52]
20200125-213725<DEBUG:0xf746a700>: KGLOG_PROCESS_ERROR(false) at line 83 in ProcessMessage
20200125-213725<ERROR:0xf746a700>: [KG_RelayTongGameSvr] [Error Protocol] [Protocol=52]
20200125-213725<DEBUG:0xf746a700>: KGLOG_PROCESS_ERROR(false) at line 83 in ProcessMessage
20200125-213725<ERROR:0xf746a700>: [KG_RelayTongGameSvr] [Error Protocol] [Protocol=52]
20200125-213725<DEBUG:0xf746a700>: KGLOG_PROCESS_ERROR(false) at line 83 in ProcessMessage
20200125-213725<INFO :0xf746a700>: Proc0_GameSvrLogin
20200125-213725<INFO :0xf746a700>: [MAP_INDEX_INFO] Notify map count 290 for gs: 0100007F
20200125-213727<WARN :0xf746a700>: Router NOT connected
