ChangeLogFile: FirstWrite=1, CurrentLine=0/65536 LastTime=1900-1-0 0:0:0
20200125-184617<INFO :0xf73a8700>: [verify_up2date]...
20200125-184617<INFO :0xf73a8700>: >Current lang is [gb18030]
20200125-184617<INFO :0xf73a8700>: >Welcome to use [verify_up2date](version: 2.3.4 [2018-02-25]) tool. 
20200125-184617<INFO :0xf73a8700>: >Time duration: 17.170473ms 
20200125-184617<INFO :0xf73a8700>: >
20200125-184617<INFO :0xf73a8700>: >Finish, my exit code is: 0
20200125-184617<INFO :0xf73a8700>: |shell cmd result is 0
20200125-184617<INFO :0xf73a8700>: ExecShellCmd [./verify_up2date -op=vef -d="/home/server/gw/Relay" ] ret=0
20200125-184617<INFO :0xf73a8700>: [verify_up2date] ok
20200125-184617<INFO :0xf73a8700>: [Relay][Version:Nov 14 2014 15:55:12] Begin to start ... ...
20200125-184617<INFO :0xf73a8700>: [KG_Relay] Set log level ... ... KGLOG_UPTO(KGLOG_DEBUG)
20200125-184617<INFO :0xf73a8700>: [KG_Relay] Loading relay.ini
20200125-184617<INFO :0xf73a8700>: Run without GMC!
20200125-184617<INFO :0xf73a8700>: [KGD] Mysql info: client[5.1.69] host[Localhost via UNIX socket] server[5.5.64-MariaDB]
20200125-184617<DEBUG:0xf73a8700>: [KGD] Success connect to localhost:3306, character set switch to latin1
20200125-184617<INFO :0xf73a8700>: [KGD] Mysql info: client[5.1.69] host[Localhost via UNIX socket] server[5.5.64-MariaDB]
20200125-184617<DEBUG:0xf73a8700>: [KGD] KGD_PROCESS_ERROR(nRetCode, KGD_ERROR_NOT_SUPPORT), at line 1467 in (0x0x8dd3ba0)->_LoadTable()
20200125-184617<DEBUG:0xf73a8700>: [KGD] (0x0x8dd3ba0)->_LoadTable("fightteam")
20200125-184617<DEBUG:0xf73a8700>: [KGD] KGD_PROCESS_ERROR(nRetCode, KGD_ERROR_NOT_SUPPORT), at line 1467 in (0x0x8dd3ba0)->_LoadTable()
20200125-184617<DEBUG:0xf73a8700>: [KGD] (0x0x8dd3ba0)->_LoadTable("playerfightteam")
20200125-184617<DEBUG:0xf73a8700>: [KGD] Success connect to localhost:3306, character set switch to latin1
20200125-184617<INFO :0xf73a8700>: [KGD] Mysql info: client[5.1.69] host[Localhost via UNIX socket] server[5.5.64-MariaDB]
20200125-184617<INFO :0xf7076b40>: [KGD] Mysql info: client[5.1.69] host[Localhost via UNIX socket] server[5.5.64-MariaDB]
20200125-184617<DEBUG:0xf73a8700>: [KGD] KGD_PROCESS_ERROR(nRetCode, KGD_ERROR_NOT_SUPPORT), at line 1467 in (0x0x8e025d8)->_LoadTable()
20200125-184617<DEBUG:0xf73a8700>: [KGD] (0x0x8e025d8)->_LoadTable("fightteam")
20200125-184617<DEBUG:0xf73a8700>: [KGD] KGD_PROCESS_ERROR(nRetCode, KGD_ERROR_NOT_SUPPORT), at line 1467 in (0x0x8e025d8)->_LoadTable()
20200125-184617<DEBUG:0xf73a8700>: [KGD] (0x0x8e025d8)->_LoadTable("playerfightteam")
20200125-184617<DEBUG:0xf7076b40>: [KGD] KGD_PROCESS_ERROR(nRetCode, KGD_ERROR_NOT_SUPPORT), at line 1467 in (0x0xf6700470)->_LoadTable()
20200125-184617<DEBUG:0xf7076b40>: [KGD] (0x0xf6700470)->_LoadTable("fightteam")
20200125-184617<DEBUG:0xf73a8700>: [KGD] Success connect to localhost:3306, character set switch to latin1
20200125-184617<DEBUG:0xf7076b40>: [KGD] KGD_PROCESS_ERROR(nRetCode, KGD_ERROR_NOT_SUPPORT), at line 1467 in (0x0xf6700470)->_LoadTable()
20200125-184617<DEBUG:0xf7076b40>: [KGD] (0x0xf6700470)->_LoadTable("playerfightteam")
20200125-184617<DEBUG:0xf7076b40>: [KGD] Success connect to localhost:3306, character set switch to latin1
20200125-184617<INFO :0xf66ffb40>: [KGD] Mysql info: client[5.1.69] host[Localhost via UNIX socket] server[5.5.64-MariaDB]
20200125-184617<DEBUG:0xf66ffb40>: [KGD] KGD_PROCESS_ERROR(nRetCode, KGD_ERROR_NOT_SUPPORT), at line 1467 in (0x0xf5d00470)->_LoadTable()
20200125-184617<DEBUG:0xf66ffb40>: [KGD] (0x0xf5d00470)->_LoadTable("fightteam")
20200125-184617<DEBUG:0xf66ffb40>: [KGD] KGD_PROCESS_ERROR(nRetCode, KGD_ERROR_NOT_SUPPORT), at line 1467 in (0x0xf5d00470)->_LoadTable()
20200125-184617<DEBUG:0xf66ffb40>: [KGD] (0x0xf5d00470)->_LoadTable("playerfightteam")
20200125-184617<INFO :0xf73a8700>: [KGD] Mysql info: client[5.1.69] host[Localhost via UNIX socket] server[5.5.64-MariaDB]
20200125-184617<DEBUG:0xf66ffb40>: [KGD] Success connect to localhost:3306, character set switch to latin1
20200125-184617<DEBUG:0xf73a8700>: [KGD] KGD_PROCESS_ERROR(nRetCode, KGD_ERROR_NOT_SUPPORT), at line 1467 in (0x0x8e011c8)->_LoadTable()
20200125-184617<DEBUG:0xf73a8700>: [KGD] (0x0x8e011c8)->_LoadTable("fightteam")
20200125-184617<DEBUG:0xf73a8700>: [KGD] KGD_PROCESS_ERROR(nRetCode, KGD_ERROR_NOT_SUPPORT), at line 1467 in (0x0x8e011c8)->_LoadTable()
20200125-184617<DEBUG:0xf73a8700>: [KGD] (0x0x8e011c8)->_LoadTable("playerfightteam")
20200125-184617<DEBUG:0xf73a8700>: [KGD] Success connect to localhost:3306, character set switch to latin1
20200125-184617<INFO :0xf73a8700>: [KGD] Mysql info: client[5.1.69] host[Localhost via UNIX socket] server[5.5.64-MariaDB]
20200125-184617<INFO :0xf5cffb40>: [KGD] Mysql info: client[5.1.69] host[Localhost via UNIX socket] server[5.5.64-MariaDB]
20200125-184617<DEBUG:0xf73a8700>: [KGD] KGD_PROCESS_ERROR(nRetCode, KGD_ERROR_NOT_SUPPORT), at line 1467 in (0x0x8e15788)->_LoadTable()
20200125-184617<DEBUG:0xf73a8700>: [KGD] (0x0x8e15788)->_LoadTable("fightteam")
20200125-184617<DEBUG:0xf73a8700>: [KGD] KGD_PROCESS_ERROR(nRetCode, KGD_ERROR_NOT_SUPPORT), at line 1467 in (0x0x8e15788)->_LoadTable()
20200125-184617<DEBUG:0xf73a8700>: [KGD] (0x0x8e15788)->_LoadTable("playerfightteam")
20200125-184617<DEBUG:0xf5cffb40>: [KGD] KGD_PROCESS_ERROR(nRetCode, KGD_ERROR_NOT_SUPPORT), at line 1467 in (0x0xf5300470)->_LoadTable()
20200125-184617<DEBUG:0xf5cffb40>: [KGD] (0x0xf5300470)->_LoadTable("fightteam")
20200125-184617<DEBUG:0xf5cffb40>: [KGD] KGD_PROCESS_ERROR(nRetCode, KGD_ERROR_NOT_SUPPORT), at line 1467 in (0x0xf5300470)->_LoadTable()
20200125-184617<DEBUG:0xf5cffb40>: [KGD] (0x0xf5300470)->_LoadTable("playerfightteam")
20200125-184617<DEBUG:0xf73a8700>: [KGD] Success connect to localhost:3306, character set switch to latin1
20200125-184617<DEBUG:0xf5cffb40>: [KGD] Success connect to localhost:3306, character set switch to latin1
20200125-184617<INFO :0xf52ffb40>: [KGD] Mysql info: client[5.1.69] host[Localhost via UNIX socket] server[5.5.64-MariaDB]
20200125-184617<DEBUG:0xf52ffb40>: [KGD] KGD_PROCESS_ERROR(nRetCode, KGD_ERROR_NOT_SUPPORT), at line 1467 in (0x0xf4900470)->_LoadTable()
20200125-184617<DEBUG:0xf52ffb40>: [KGD] (0x0xf4900470)->_LoadTable("fightteam")
20200125-184617<DEBUG:0xf52ffb40>: [KGD] KGD_PROCESS_ERROR(nRetCode, KGD_ERROR_NOT_SUPPORT), at line 1467 in (0x0xf4900470)->_LoadTable()
20200125-184617<DEBUG:0xf52ffb40>: [KGD] (0x0xf4900470)->_LoadTable("playerfightteam")
20200125-184617<DEBUG:0xf52ffb40>: [KGD] Success connect to localhost:3306, character set switch to latin1
20200125-184617<INFO :0xf73a8700>: [KGD] Mysql info: client[5.1.69] host[Localhost via UNIX socket] server[5.5.64-MariaDB]
20200125-184617<DEBUG:0xf73a8700>: [KGD] KGD_PROCESS_ERROR(nRetCode, KGD_ERROR_NOT_SUPPORT), at line 1467 in (0x0x8e387a8)->_LoadTable()
20200125-184617<DEBUG:0xf73a8700>: [KGD] (0x0x8e387a8)->_LoadTable("fightteam")
20200125-184617<DEBUG:0xf73a8700>: [KGD] KGD_PROCESS_ERROR(nRetCode, KGD_ERROR_NOT_SUPPORT), at line 1467 in (0x0x8e387a8)->_LoadTable()
20200125-184617<DEBUG:0xf73a8700>: [KGD] (0x0x8e387a8)->_LoadTable("playerfightteam")
20200125-184617<DEBUG:0xf73a8700>: [KGD] Success connect to localhost:3306, character set switch to latin1
20200125-184617<INFO :0xf73a8700>: [KGD] Mysql info: client[5.1.69] host[Localhost via UNIX socket] server[5.5.64-MariaDB]
20200125-184617<DEBUG:0xf73a8700>: [KGD] KGD_PROCESS_ERROR(nRetCode, KGD_ERROR_NOT_SUPPORT), at line 1467 in (0x0x8e5e858)->_LoadTable()
20200125-184617<DEBUG:0xf73a8700>: [KGD] (0x0x8e5e858)->_LoadTable("fightteam")
20200125-184617<DEBUG:0xf73a8700>: [KGD] KGD_PROCESS_ERROR(nRetCode, KGD_ERROR_NOT_SUPPORT), at line 1467 in (0x0x8e5e858)->_LoadTable()
20200125-184617<DEBUG:0xf73a8700>: [KGD] (0x0x8e5e858)->_LoadTable("playerfightteam")
20200125-184617<DEBUG:0xf73a8700>: [KGD] Success connect to localhost:3306, character set switch to latin1
20200125-184617<INFO :0xf48ffb40>: [KGD] Mysql info: client[5.1.69] host[Localhost via UNIX socket] server[5.5.64-MariaDB]
20200125-184617<DEBUG:0xf48ffb40>: [KGD] KGD_PROCESS_ERROR(nRetCode, KGD_ERROR_NOT_SUPPORT), at line 1467 in (0x0xf3f00470)->_LoadTable()
20200125-184617<DEBUG:0xf48ffb40>: [KGD] (0x0xf3f00470)->_LoadTable("fightteam")
20200125-184617<DEBUG:0xf48ffb40>: [KGD] KGD_PROCESS_ERROR(nRetCode, KGD_ERROR_NOT_SUPPORT), at line 1467 in (0x0xf3f00470)->_LoadTable()
20200125-184617<DEBUG:0xf48ffb40>: [KGD] (0x0xf3f00470)->_LoadTable("playerfightteam")
20200125-184617<DEBUG:0xf48ffb40>: [KGD] Success connect to localhost:3306, character set switch to latin1
20200125-184617<INFO :0xf73a8700>: [KGD] Mysql info: client[5.1.69] host[Localhost via UNIX socket] server[5.5.64-MariaDB]
20200125-184617<DEBUG:0xf73a8700>: [KGD] KGD_PROCESS_ERROR(nRetCode, KGD_ERROR_NOT_SUPPORT), at line 1467 in (0x0x901dab8)->_LoadTable()
20200125-184617<DEBUG:0xf73a8700>: [KGD] (0x0x901dab8)->_LoadTable("fightteam")
20200125-184617<DEBUG:0xf73a8700>: [KGD] KGD_PROCESS_ERROR(nRetCode, KGD_ERROR_NOT_SUPPORT), at line 1467 in (0x0x901dab8)->_LoadTable()
20200125-184617<DEBUG:0xf73a8700>: [KGD] (0x0x901dab8)->_LoadTable("playerfightteam")
20200125-184617<DEBUG:0xf73a8700>: [KGD] Success connect to localhost:3306, character set switch to latin1
20200125-184617<INFO :0xf73a8700>: [MySQLDatabase] Connecting to `127.0.0.1`, database `jx2ib_database`...
20200125-184617<INFO :0xf73a8700>: [MySQLDatabase] Connecting to `127.0.0.1`, database `jx2ib_database`...
20200125-184617<INFO :0xf73a8700>: [RuntimeStat] ServerName=SONGLONG_GW FlushIntervalSec=300
20200125-184617<INFO :0xf73a8700>: set runtime statistic result path is [runtime_stat_result/2020_01_25/stat_result_ksg_2020_01_25_@SONGLONG_GW.txt]
20200125-184617<DEBUG:0xf73a8700>: [Tong_Operation] Update Tong Competition List Start...
20200125-184617<DEBUG:0xf73a8700>: [Tong_Operation] Update Tong Competition List Step1.
20200125-184617<DEBUG:0xf73a8700>: [Tong_Operation] Update Tong Competition List Step2.
20200125-184617<DEBUG:0xf73a8700>: [Tong_Operation] Update Tong Competition List Step3.
20200125-184617<DEBUG:0xf73a8700>: [Tong_Operation] Update Tong Competition List Finished.
20200125-184617<WARN :0xf73a8700>: [RuntimeDataStatRelay] FlushStat: File=runtime_stat_result/2020_01_25/stat_result_ksg_2020_01_25_@SONGLONG_GW.txt Count=363
20200125-184617<WARN :0xf73a8700>: [RuntimeDataStatRelay] FlushStat: File=runtime_stat_result/2020_01_25/stat_result_vng_2020-01-25_@SONGLONG_GW.txt Count=1
20200125-184640<INFO :0xf73a8700>: New connection from 127.0.0.1:3970, index = 0
20200125-184640<DEBUG:0xf73a8700>: Send log info to gs(100007f) when connect ret=1
20200125-184640<INFO :0xf73a8700>: New connection from 127.0.0.1:7388, index = 0
20200125-184640<INFO :0xf73a8700>: New connection from 127.0.0.1:10944, index = 0
20200125-184640<INFO :0xf73a8700>: [verify_up2date] GetUp2dateVersion: code=8DA68FCD
20200125-184640<ERROR:0xf73a8700>: [KG_RelayTongGameSvr] [Error Protocol] [Protocol=52]
20200125-184640<DEBUG:0xf73a8700>: KGLOG_PROCESS_ERROR(false) at line 83 in ProcessMessage
20200125-184640<ERROR:0xf73a8700>: [KG_RelayTongGameSvr] [Error Protocol] [Protocol=52]
20200125-184640<DEBUG:0xf73a8700>: KGLOG_PROCESS_ERROR(false) at line 83 in ProcessMessage
20200125-184640<ERROR:0xf73a8700>: [KG_RelayTongGameSvr] [Error Protocol] [Protocol=52]
20200125-184640<DEBUG:0xf73a8700>: KGLOG_PROCESS_ERROR(false) at line 83 in ProcessMessage
20200125-184640<INFO :0xf73a8700>: Proc0_GameSvrLogin
20200125-184640<INFO :0xf73a8700>: [MAP_INDEX_INFO] Notify map count 276 for gs: 0100007F
20200125-184642<WARN :0xf73a8700>: Router NOT connected
20200125-184655<DEBUG:0xf73a8700>: [RelationMgr] SomeoneLogin("ioNaruto")
20200125-184655<DEBUG:0xf73a8700>: [RelationMgr] SomeoneLoad("ioNaruto")
20200125-184655<DEBUG:0xf73a8700>: [Relation Database] Load "ioNaruto"
20200125-184655<WARN :0xf73a8700>: Router NOT connected
20200125-184704<DEBUG:0xf73a8700>: [RelationMgr] SomeoneLogout("ioNaruto")
20200125-184715<DEBUG:0xf73a8700>: [RelationMgr] SomeoneLogin("ioNaruto")
20200125-184715<WARN :0xf73a8700>: Router NOT connected
20200125-185117<WARN :0xf73a8700>: [RuntimeDataStatRelay] FlushStat: File=runtime_stat_result/2020_01_25/stat_result_ksg_2020_01_25_@SONGLONG_GW.txt Count=364
20200125-185117<WARN :0xf73a8700>: [RuntimeDataStatRelay] FlushStat: File=runtime_stat_result/2020_01_25/stat_result_vng_2020-01-25_@SONGLONG_GW.txt Count=1
20200125-190044<DEBUG:0xf73a8700>: [RelationMgr] SomeoneLogout("ioNaruto")
