ChangeLogFile: FirstWrite=1, CurrentLine=0/65535 LastTime=1900-1-0 0:0:0
20191228-082633<INFO :0xf7760950>: [GameSvr][Version:Nov 14 2014 15:55:00] begin start up...
20191228-082633<INFO :0xf7760950>: Succeeded in loading version.ini. Lower Version:341 Upper Version:345
20191228-082633<INFO :0xf7760950>: [verify_up2date]...
20191228-082633<INFO :0xf7760950>: >Current lang is [gb18030]
20191228-082633<INFO :0xf7760950>: >Welcome to use [verify_up2date](version: 2.3.4 [2018-02-25]) tool. 
20191228-082633<INFO :0xf7760950>: >Time duration: 7.682093ms 
20191228-082633<INFO :0xf7760950>: >
20191228-082633<INFO :0xf7760950>: >Finish, my exit code is: 0
20191228-082633<INFO :0xf7760950>: |shell cmd result is 0
20191228-082633<INFO :0xf7760950>: ExecShellCmd [./verify_up2date -op=vef -d="/home/jx2JQ/gs" ] ret=0
20191228-082633<INFO :0xf7760950>: [verify_up2date] ok
20191228-082633<INFO :0xf7760950>: This ServerIP : 127.0.0.1 : 192.168.136.146
20191228-082633<INFO :0xf7760950>: [GameServer Type] RealmType=0, IsMatchRealm=0
20191228-082633<INFO :0xf7760950>: IS_KINGSOFT_INNER_VERSION=0|0
20191228-082633<INFO :0xf7760950>: IS_EXP_SVR=0|0
20191228-082633<ERROR:0xf7760950>: SetSpecialSwitch(Index=3,bOpen=1,AccessCode=1024232298) ok, result=1
20191228-082633<INFO :0xf7760950>: [GameServer] ServerCount=1, ServerIndex=1
20191228-082633<INFO :0xf7760950>: [GlovalVariable] gblvarDefaultCriticalHitRate=5
20191228-082633<INFO :0xf7760950>: [GlovalVariable] gblvarMinCriticalHitRate=0
20191228-082633<INFO :0xf7760950>: [GlovalVariable] gblvarMaxCriticalHitRate=50
20191228-082633<INFO :0xf7760950>: [GlovalVariable] gblvarDefaultCriticalHitDamageAddPct=10
20191228-082633<INFO :0xf7760950>: [GlovalVariable] gblvarMinCriticalHitDamageAddPct=0
20191228-082633<INFO :0xf7760950>: [GlovalVariable] gblvarMaxCriticalHitDamageAddPct=300
20191228-082633<INFO :0xf7760950>: [GlovalVariable] gblvarPlayerDogeParaA=5
20191228-082633<INFO :0xf7760950>: [GlovalVariable] gblvarPlayerDogeParaB=5
20191228-082633<INFO :0xf7760950>: [GlovalVariable] gblvarMinHitRatePlayer=75
20191228-082633<INFO :0xf7760950>: [GlovalVariable] gblvarMaxHitRatePlayer=100
20191228-082633<INFO :0xf7760950>: [GlovalVariable] gblvarNpcDogeParaA=10
20191228-082633<INFO :0xf7760950>: [GlovalVariable] gblvarNpcDogeParaB=10
20191228-082633<INFO :0xf7760950>: [GlovalVariable] gblvarMinHitRateNpc=50
20191228-082633<INFO :0xf7760950>: [GlovalVariable] gblvarMaxHitRateNpc=100
20191228-082633<INFO :0xf7760950>: [GlovalVariable] gblvarTransLife2DogePara=10000
20191228-082633<INFO :0xf7760950>: [GlovalVariable] gblvarLevel2DogePara=1000
20191228-082633<INFO :0xf7760950>: [GlovalVariable] gblvarStrength2DogePara=100
20191228-082633<INFO :0xf7760950>: [GlovalVariable] gblvarDesterity2DogePara=100
20191228-082633<INFO :0xf7760950>: [GlovalVariable] gblvarEnergy2DogePara=100
20191228-082633<INFO :0xf7760950>: [GlovalVariable] gblvarVitality2DogePara=100
20191228-082633<INFO :0xf7760950>: [GlovalVariable] gblvarObserve2DogePara=100
20191228-082633<INFO :0xf7760950>: [GlovalVariable] gblvarTransLife2HitPara=8500
20191228-082633<INFO :0xf7760950>: [GlovalVariable] gblvarLevel2HitPara=850
20191228-082633<INFO :0xf7760950>: [GlovalVariable] gblvarStrength2HitPara=85
20191228-082633<INFO :0xf7760950>: [GlovalVariable] gblvarDesterity2HitPara=85
20191228-082633<INFO :0xf7760950>: [GlovalVariable] gblvarEnergy2HitPara=85
20191228-082633<INFO :0xf7760950>: [GlovalVariable] gblvarVitality2HitPara=85
20191228-082633<INFO :0xf7760950>: [GlovalVariable] gblvarObserve2HitPara=85
20191228-082633<INFO :0xf7760950>: [CustomAward] 45 lines loaded from [\settings\item\custom_award\custom_award_group.txt]
20191228-082633<INFO :0xf7760950>: [CustomAward] 469 lines loaded from \settings\item\custom_award\custom_award_list.txt
20191228-082633<INFO :0xf7760950>: [CustomAward] 5 lines loaded from \settings\item\custom_award\custom_consume_list.txt
20191228-082633<INFO :0xf7760950>: [CustomAward] total AwardId=469/474/65534
20191228-082633<INFO :0xf7760950>: [CustomAward] RandSeed = 4215083026
20191228-082634<ERROR:0xf7760950>: Skill	Unexpected Skill ID 1261 at row SkillSet22, section SkillStateMutex of file \settings\skill\skill_mutex.ini!
20191228-082634<ERROR:0xf7760950>: Skill	Unexpected Skill ID 1202 at row SkillSet20, section SkillCDShare of file \settings\skill\skill_mutex.ini!
20191228-082634<INFO :0xf7760950>: Loading All Scripts....................
20191228-082634<WARN :0xf7760950>: ****PreOpen [3/1365] packed script file (\settings\static_script\missions\cangjianshanzhuang\mission.lua) fail, file maybe in out pack directory****
20191228-082634<WARN :0xf7760950>: ****PreOpen [5/1365] packed script file (\settings\static_script\vip_feedback_system\ib_consumme_level.lua) fail, file maybe in out pack directory****
20191228-082634<WARN :0xf7760950>: ****PreOpen [11/1365] packed script file (\settings\static_script\missions\hunduantongtianding\trap\trap3.lua) fail, file maybe in out pack directory****
20191228-082634<WARN :0xf7760950>: ****PreOpen [12/1365] packed script file (\settings\static_script\missions\hunduantongtianding\head.lua) fail, file maybe in out pack directory****
20191228-082634<WARN :0xf7760950>: ****PreOpen [14/1365] packed script file (\settings\static_script\online\olympic\oly_define.lua) fail, file maybe in out pack directory****
20191228-082634<WARN :0xf7760950>: ****PreOpen [16/1365] packed script file (\settings\static_script\meridian\meridian_level_update_4.lua) fail, file maybe in out pack directory****
20191228-082634<WARN :0xf7760950>: ****PreOpen [21/1365] packed script file (\settings\static_script\meridian\meridian_level_update_3.lua) fail, file maybe in out pack directory****
20191228-082634<WARN :0xf7760950>: ****PreOpen [29/1365] packed script file (\settings\static_script\lib\item_define.lua) fail, file maybe in out pack directory****
20191228-082634<WARN :0xf7760950>: ****PreOpen [33/1365] packed script file (\settings\static_script\kf_newbattles\battle_medicine_item.lua) fail, file maybe in out pack directory****
20191228-082634<WARN :0xf7760950>: ****PreOpen [36/1365] packed script file (\settings\static_script\missions\hunduantongtianding\trap\trap2.lua) fail, file maybe in out pack directory****
20191228-082634<WARN :0xf7760950>: ****PreOpen [40/1365] packed script file (\settings\static_script\kf_newbattles\emplacementbattle\shaqi_box.lua) fail, file maybe in out pack directory****
20191228-082634<WARN :0xf7760950>: ****PreOpen [42/1365] packed script file (\settings\static_script\kf_newbattles\resourcebattle\resourcebattle_head.lua) fail, file maybe in out pack directory****
20191228-082634<WARN :0xf7760950>: ****PreOpen [43/1365] packed script file (\settings\static_script\exchg_server\exchange_server_npc.lua) fail, file maybe in out pack directory****
20191228-082634<WARN :0xf7760950>: ****PreOpen [45/1365] packed script file (\settings\static_script\kf_newbattles\mainbattle\soldier_npc.lua) fail, file maybe in out pack directory****
20191228-082634<WARN :0xf7760950>: ****PreOpen [47/1365] packed script file (\settings\static_script\meridian\meridian_level_update_2.lua) fail, file maybe in out pack directory****
20191228-082634<WARN :0xf7760950>: ****PreOpen [51/1365] packed script file (\settings\static_script\missions\hunduantongtianding\trap\trap1.lua) fail, file maybe in out pack directory****
20191228-082634<WARN :0xf7760950>: ****PreOpen [65/1365] packed script file (\settings\static_script\global\regular_clear_task_byapp.lua) fail, file maybe in out pack directory****
20191228-082634<WARN :0xf7760950>: ****PreOpen [68/1365] packed script file (\settings\static_script\kf_newbattles\mainbattle_primary\mainbattle_head.lua) fail, file maybe in out pack directory****
20191228-082634<WARN :0xf7760950>: ****PreOpen [70/1365] packed script file (\settings\static_script\meridian\meridian_level_update_1.lua) fail, file maybe in out pack directory****
20191228-082634<WARN :0xf7760950>: ****PreOpen [75/1365] packed script file (\settings\static_script\kf_newbattles\mainbattle\refugee_receive_npc.lua) fail, file maybe in out pack directory****
20191228-082634<WARN :0xf7760950>: ****PreOpen [88/1365] packed script file (\settings\static_script\kf_newbattles\villagebattle\targetnpc_npc.lua) fail, file maybe in out pack directory****
20191228-082634<WARN :0xf7760950>: ****PreOpen [97/1365] packed script file (\settings\static_script\missions\hunduantongtianding\trap\trap6.lua) fail, file maybe in out pack directory****
20191228-082634<WARN :0xf7760950>: ****PreOpen [99/1365] packed script file (\settings\static_script\missions\cangjianshanzhuang\jt_npc.lua) fail, file maybe in out pack directory****
20191228-082634<WARN :0xf7760950>: ****PreOpen [111/1365] packed script file (\settings\static_script\misc\observer\observer_ksg_reg.lua) fail, file maybe in out pack directory****
20191228-082634<WARN :0xf7760950>: ****PreOpen [112/1365] packed script file (\settings\static_script\kf_newbattles\sign_up_primary_npc.lua) fail, file maybe in out pack directory****
20191228-082634<WARN :0xf7760950>: ****PreOpen [113/1365] packed script file (\settings\static_script\meridian\meridian_level_update_6.lua) fail, file maybe in out pack directory****
20191228-082634<WARN :0xf7760950>: ****PreOpen [114/1365] packed script file (\settings\static_script\kf_newbattles\emplacementbattle\position.lua) fail, file maybe in out pack directory****
20191228-082634<WARN :0xf7760950>: ****PreOpen [118/1365] packed script file (\settings\static_script\kf_newbattles\mainbattle\mission\mission_head.lua) fail, file maybe in out pack directory****
20191228-082634<WARN :0xf7760950>: ****PreOpen [119/1365] packed script file (\settings\static_script\missions\hunduantongtianding\trap\trap5.lua) fail, file maybe in out pack directory****
20191228-082634<WARN :0xf7760950>: ****PreOpen [122/1365] packed script file (\settings\static_script\kf_newbattles\mainbattle\anti_cheat\npc_monster.lua) fail, file maybe in out pack directory****
20191228-082634<WARN :0xf7760950>: ****PreOpen [123/1365] packed script file (\settings\static_script\kf_newbattles\battleaward.lua) fail, file maybe in out pack directory****
20191228-082634<WARN :0xf7760950>: ****PreOpen [125/1365] packed script file (\settings\static_script\kf_newbattles\resourcebattle\resource_npc.lua) fail, file maybe in out pack directory****
20191228-082634<WARN :0xf7760950>: ****PreOpen [126/1365] packed script file (\settings\static_script\missions\hunduantongtianding\trap\trap4.lua) fail, file maybe in out pack directory****
20191228-082634<WARN :0xf7760950>: ****PreOpen [128/1365] packed script file (\settings\static_script\kf_newbattles\mainbattle\trap_front.lua) fail, file maybe in out pack directory****
20191228-082634<WARN :0xf7760950>: ****PreOpen [145/1365] packed script file (\settings\static_script\meridian\meridian_level_update_5.lua) fail, file maybe in out pack directory****
20191228-082634<WARN :0xf7760950>: ****PreOpen [166/1365] packed script file (\settings\static_script\vip_feedback_system\yinjuan_api.lua) fail, file maybe in out pack directory****
20191228-082634<WARN :0xf7760950>: ****PreOpen [174/1365] packed script file (\settings\static_script\kf_newbattles\resourcebattle\quartermaster_npc.lua) fail, file maybe in out pack directory****
20191228-082634<WARN :0xf7760950>: ****PreOpen [182/1365] packed script file (\settings\static_script\exchg_server\exchange_paycoin_head.lua) fail, file maybe in out pack directory****
20191228-082634<WARN :0xf7760950>: ****PreOpen [183/1365] packed script file (\settings\static_script\kf_newbattles\resourcebattle\cateran_louluo_death.lua) fail, file maybe in out pack directory****
20191228-082634<WARN :0xf7760950>: ****PreOpen [194/1365] packed script file (\settings\static_script\kf_newbattles\emplacementbattle\trap.lua) fail, file maybe in out pack directory****
20191228-082634<WARN :0xf7760950>: ****PreOpen [195/1365] packed script file (\settings\static_script\online\olympic\oly_award_table.lua) fail, file maybe in out pack directory****
20191228-082634<WARN :0xf7760950>: ****PreOpen [205/1365] packed script file (\settings\static_script\kf_newbattles\villagebattle\knowmandeath.lua) fail, file maybe in out pack directory****
20191228-082634<WARN :0xf7760950>: ****PreOpen [213/1365] packed script file (\settings\static_script\exchg_server\exchange_server_func.lua) fail, file maybe in out pack directory****
20191228-082634<WARN :0xf7760950>: ****PreOpen [239/1365] packed script file (\settings\static_script\kf_newbattles\battlestatistic.lua) fail, file maybe in out pack directory****
20191228-082634<WARN :0xf7760950>: ****PreOpen [241/1365] packed script file (\settings\static_script\kf_newbattles\mainbattle_primary\box_death.lua) fail, file maybe in out pack directory****
20191228-082634<WARN :0xf7760950>: ****PreOpen [250/1365] packed script file (\settings\static_script\kf_newbattles\emplacementbattle\emplacement_death.lua) fail, file maybe in out pack directory****
20191228-082634<WARN :0xf7760950>: ****PreOpen [251/1365] packed script file (\settings\static_script\kf_newbattles\liao_primary_npc.lua) fail, file maybe in out pack directory****
20191228-082634<WARN :0xf7760950>: ****PreOpen [259/1365] packed script file (\settings\static_script\global\tonginfo_task.lua) fail, file maybe in out pack directory****
20191228-082634<WARN :0xf7760950>: ****PreOpen [263/1365] packed script file (\settings\static_script\kf_newbattles\mainbattle_primary\trigger.lua) fail, file maybe in out pack directory****
20191228-082634<WARN :0xf7760950>: ****PreOpen [274/1365] packed script file (\settings\static_script\global\everyday_do.lua) fail, file maybe in out pack directory****
20191228-082634<WARN :0xf7760950>: ****PreOpen [284/1365] packed script file (\settings\static_script\kf_newbattles\emplacementbattle\boss_death.lua) fail, file maybe in out pack directory****
20191228-082634<WARN :0xf7760950>: ****PreOpen [285/1365] packed script file (\settings\static_script\meridian\meridian_title.lua) fail, file maybe in out pack directory****
20191228-082634<WARN :0xf7760950>: ****PreOpen [320/1365] packed script file (\settings\static_script\missions\base\tmission.lua) fail, file maybe in out pack directory****
20191228-082634<WARN :0xf7760950>: ****PreOpen [323/1365] packed script file (\settings\static_script\kf_newbattles\mainbattle_primary\npc_death.lua) fail, file maybe in out pack directory****
20191228-082634<WARN :0xf7760950>: ****PreOpen [335/1365] packed script file (\settings\static_script\kf_newbattles\resourcebattle\hoe_item.lua) fail, file maybe in out pack directory****
20191228-082634<WARN :0xf7760950>: ****PreOpen [347/1365] packed script file (\settings\static_script\kf_newbattles\mainbattle_primary\position.lua) fail, file maybe in out pack directory****
20191228-082634<WARN :0xf7760950>: ****PreOpen [348/1365] packed script file (\settings\static_script\missions\base\missionaward_equip_tbl.lua) fail, file maybe in out pack directory****
20191228-082634<WARN :0xf7760950>: ****PreOpen [349/1365] packed script file (\settings\static_script\kf_newbattles\battleactivity_head.lua) fail, file maybe in out pack directory****
20191228-082634<WARN :0xf7760950>: ****PreOpen [354/1365] packed script file (\settings\static_script\gem\imp_item_gem_box.lua) fail, file maybe in out pack directory****
20191228-082634<WARN :0xf7760950>: ****PreOpen [359/1365] packed script file (\settings\static_script\missions\cangjianshanzhuang\box_jingli.lua) fail, file maybe in out pack directory****
20191228-082634<WARN :0xf7760950>: ****PreOpen [360/1365] packed script file (\settings\static_script\kf_newbattles\functions.lua) fail, file maybe in out pack directory****
20191228-082634<WARN :0xf7760950>: ****PreOpen [362/1365] packed script file (\settings\static_script\missions\cangjianshanzhuang\mission_award.lua) fail, file maybe in out pack directory****
20191228-082634<WARN :0xf7760950>: ****PreOpen [369/1365] packed script file (\settings\static_script\kf_newbattles\resourcebattle\position.lua) fail, file maybe in out pack directory****
20191228-082634<WARN :0xf7760950>: ****PreOpen [374/1365] packed script file (\settings\static_script\kf_newbattles\mainbattle\anti_cheat\npc_jiaoguan.lua) fail, file maybe in out pack directory****
20191228-082634<WARN :0xf7760950>: ****PreOpen [390/1365] packed script file (\settings\static_script\kf_newbattles\emplacementbattle\maingeneral_npc.lua) fail, file maybe in out pack directory****
20191228-082634<WARN :0xf7760950>: ****PreOpen [393/1365] packed script file (\settings\static_script\missions\cangjianshanzhuang\npc\box_tong3.lua) fail, file maybe in out pack directory****
20191228-082634<WARN :0xf7760950>: ****PreOpen [400/1365] packed script file (\settings\static_script\kf_newbattles\villagebattle\villagebattle_head.lua) fail, file maybe in out pack directory****
20191228-082634<WARN :0xf7760950>: ****PreOpen [401/1365] packed script file (\settings\static_script\kf_newbattles\emplacementbattle\emplacementbattle_head.lua) fail, file maybe in out pack directory****
20191228-082634<WARN :0xf7760950>: ****PreOpen [402/1365] packed script file (\settings\static_script\kf_newbattles\villagebattle\header_npc.lua) fail, file maybe in out pack directory****
20191228-082634<WARN :0xf7760950>: ****PreOpen [412/1365] packed script file (\settings\static_script\gem\imp_npc_gem.lua) fail, file maybe in out pack directory****
20191228-082634<WARN :0xf7760950>: ****PreOpen [438/1365] packed script file (\settings\static_script\kf_newbattles\resourcebattle\cateran_header_npc.lua) fail, file maybe in out pack directory****
20191228-082634<WARN :0xf7760950>: ****PreOpen [450/1365] packed script file (\settings\static_script\kf_newbattles\trigger.lua) fail, file maybe in out pack directory****
20191228-082634<WARN :0xf7760950>: ****PreOpen [459/1365] packed script file (\settings\static_script\kf_newbattles\battle_equipment_item.lua) fail, file maybe in out pack directory****
20191228-082634<WARN :0xf7760950>: ****PreOpen [467/1365] packed script file (\settings\static_script\kf_newbattles\mainbattle\druggist_npc.lua) fail, file maybe in out pack directory****
20191228-082634<WARN :0xf7760950>: ****PreOpen [472/1365] packed script file (\settings\static_script\kf_newbattles\resourcebattle\trap.lua) fail, file maybe in out pack directory****
20191228-082634<WARN :0xf7760950>: ****PreOpen [478/1365] packed script file (\settings\static_script\kf_newbattles\resourcebattle\drum_item.lua) fail, file maybe in out pack directory****
20191228-082634<WARN :0xf7760950>: ****PreOpen [482/1365] packed script file (\settings\static_script\kf_newbattles\mainbattle\anti_cheat\player_cheat_op.lua) fail, file maybe in out pack directory****
20191228-082634<WARN :0xf7760950>: ****PreOpen [492/1365] packed script file (\settings\static_script\kf_newbattles\battle_book_item.lua) fail, file maybe in out pack directory****
20191228-082634<WARN :0xf7760950>: ****PreOpen [494/1365] packed script file (\settings\static_script\lib\floyd.lua) fail, file maybe in out pack directory****
20191228-082634<WARN :0xf7760950>: ****PreOpen [495/1365] packed script file (\settings\static_script\cheat\gm_item_tifuzhiyin.lua) fail, file maybe in out pack directory****
20191228-082634<WARN :0xf7760950>: ****PreOpen [503/1365] packed script file (\settings\static_script\meridian\meridian_level_update_condition.lua) fail, file maybe in out pack directory****
20191228-082634<WARN :0xf7760950>: ****PreOpen [521/1365] packed script file (\settings\static_script\missions\cangjianshanzhuang\runtime_data_stat.lua) fail, file maybe in out pack directory****
20191228-082634<WARN :0xf7760950>: ****PreOpen [523/1365] packed script file (\settings\static_script\kf_newbattles\resourcebattle\refugee_npc.lua) fail, file maybe in out pack directory****
20191228-082634<WARN :0xf7760950>: ****PreOpen [527/1365] packed script file (\settings\static_script\server_script.lua) fail, file maybe in out pack directory****
20191228-082634<WARN :0xf7760950>: ****PreOpen [529/1365] packed script file (\settings\static_script\meridian\item_meridian_restore.lua) fail, file maybe in out pack directory****
20191228-082634<WARN :0xf7760950>: ****PreOpen [541/1365] packed script file (\settings\static_script\kf_newbattles\quartermaster_npc.lua) fail, file maybe in out pack directory****
20191228-082634<WARN :0xf7760950>: ****PreOpen [543/1365] packed script file (\settings\static_script\kf_newbattles\mainbattle\mission\timer.lua) fail, file maybe in out pack directory****
20191228-082634<WARN :0xf7760950>: ****PreOpen [544/1365] packed script file (\settings\static_script\kf_newbattles\resourcebattle\maingeneral_npc.lua) fail, file maybe in out pack directory****
20191228-082634<WARN :0xf7760950>: ****PreOpen [545/1365] packed script file (\settings\static_script\kf_newbattles\villagebattle\mission\mission.lua) fail, file maybe in out pack directory****
20191228-082634<WARN :0xf7760950>: ****PreOpen [547/1365] packed script file (\settings\static_script\kf_newbattles\villagebattle\maingeneral_npc.lua) fail, file maybe in out pack directory****
20191228-082634<WARN :0xf7760950>: ****PreOpen [562/1365] packed script file (\settings\static_script\missions\hunduantongtianding\player_death.lua) fail, file maybe in out pack directory****
20191228-082634<WARN :0xf7760950>: ****PreOpen [571/1365] packed script file (\settings\static_script\kf_newbattles\mainbattle_primary\playerdeath.lua) fail, file maybe in out pack directory****
20191228-082634<WARN :0xf7760950>: ****PreOpen [574/1365] packed script file (\settings\static_script\kf_newbattles\emplacementbattle\mission\timer.lua) fail, file maybe in out pack directory****
20191228-082634<WARN :0xf7760950>: ****PreOpen [575/1365] packed script file (\settings\static_script\kf_newbattles\mainbattle\playerdeath.lua) fail, file maybe in out pack directory****
20191228-082634<WARN :0xf7760950>: ****PreOpen [579/1365] packed script file (\settings\static_script\vip_feedback_system\vfs_define.lua) fail, file maybe in out pack directory****
20191228-082634<WARN :0xf7760950>: ****PreOpen [588/1365] packed script file (\settings\static_script\kf_newbattles\resourcebattle\playerdeath.lua) fail, file maybe in out pack directory****
20191228-082634<WARN :0xf7760950>: ****PreOpen [593/1365] packed script file (\settings\static_script\online\qianhe_tower\qht_define.lua) fail, file maybe in out pack directory****
20191228-082634<WARN :0xf7760950>: ****PreOpen [598/1365] packed script file (\settings\static_script\kf_newbattles\mainbattle_primary\mission\injure_timer.lua) fail, file maybe in out pack directory****
20191228-082634<WARN :0xf7760950>: ****PreOpen [603/1365] packed script file (\settings\static_script\missions\cangjianshanzhuang\npc\box_tong2.lua) fail, file maybe in out pack directory****
20191228-082634<WARN :0xf7760950>: ****PreOpen [608/1365] packed script file (\settings\static_script\missions\cangjianshanzhuang\npc\box_tong1.lua) fail, file maybe in out pack directory****
20191228-082634<WARN :0xf7760950>: ****PreOpen [617/1365] packed script file (\settings\static_script\kf_newbattles\resourcebattle\flag_item.lua) fail, file maybe in out pack directory****
20191228-082634<WARN :0xf7760950>: ****PreOpen [626/1365] packed script file (\settings\static_script\missions\hunduantongtianding\runtime_data_stat.lua) fail, file maybe in out pack directory****
20191228-082634<WARN :0xf7760950>: ****PreOpen [628/1365] packed script file (\settings\static_script\kf_newbattles\resourcebattle\mission\timer.lua) fail, file maybe in out pack directory****
20191228-082634<WARN :0xf7760950>: ****PreOpen [634/1365] packed script file (\settings\static_script\kf_newbattles\mainbattle_primary\mission\mission_head.lua) fail, file maybe in out pack directory****
20191228-082634<WARN :0xf7760950>: ****PreOpen [641/1365] packed script file (\settings\static_script\meridian\meridian_level_update.lua) fail, file maybe in out pack directory****
20191228-082634<WARN :0xf7760950>: ****PreOpen [644/1365] packed script file (\settings\static_script\meridian\item_silingguiyuandan.lua) fail, file maybe in out pack directory****
20191228-082634<WARN :0xf7760950>: ****PreOpen [648/1365] packed script file (\settings\static_script\misc\missionaward.lua) fail, file maybe in out pack directory****
20191228-082634<WARN :0xf7760950>: ****PreOpen [662/1365] packed script file (\settings\static_script\kf_newbattles\mainbattle\maingeneral_npc.lua) fail, file maybe in out pack directory****
20191228-082634<WARN :0xf7760950>: ****PreOpen [663/1365] packed script file (\settings\static_script\meridian\item_peiyuandan.lua) fail, file maybe in out pack directory****
20191228-082634<WARN :0xf7760950>: ****PreOpen [667/1365] packed script file (\settings\static_script\kf_newbattles\emplacementbattle\mission\mission_head.lua) fail, file maybe in out pack directory****
20191228-082634<WARN :0xf7760950>: ****PreOpen [669/1365] packed script file (\settings\static_script\global\regular_clear_task.lua) fail, file maybe in out pack directory****
20191228-082634<WARN :0xf7760950>: ****PreOpen [681/1365] packed script file (\settings\static_script\meridian\item_xichendan_imp.lua) fail, file maybe in out pack directory****
20191228-082634<WARN :0xf7760950>: ****PreOpen [686/1365] packed script file (\settings\static_script\kf_newbattles\emplacementbattle\soldier_npc.lua) fail, file maybe in out pack directory****
20191228-082634<WARN :0xf7760950>: ****PreOpen [697/1365] packed script file (\settings\static_script\kf_newbattles\villagebattle\mission\mission_head.lua) fail, file maybe in out pack directory****
20191228-082634<WARN :0xf7760950>: ****PreOpen [702/1365] packed script file (\settings\static_script\kf_newbattles\villagebattle\targetnpcdeath.lua) fail, file maybe in out pack directory****
20191228-082634<WARN :0xf7760950>: ****PreOpen [713/1365] packed script file (\settings\static_script\kf_newbattles\mainbattle\trap_royal_road.lua) fail, file maybe in out pack directory****
20191228-082634<WARN :0xf7760950>: ****PreOpen [714/1365] packed script file (\settings\static_script\kf_newbattles\emplacementbattle\mission\mission.lua) fail, file maybe in out pack directory****
20191228-082634<WARN :0xf7760950>: ****PreOpen [720/1365] packed script file (\settings\static_script\misc\autocleaner\autocleaner_head.lua) fail, file maybe in out pack directory****
20191228-082634<WARN :0xf7760950>: ****PreOpen [739/1365] packed script file (\settings\static_script\kf_newbattles\mainbattle_primary\trap_royal_road.lua) fail, file maybe in out pack directory****
20191228-082634<WARN :0xf7760950>: ****PreOpen [743/1365] packed script file (\settings\static_script\kf_newbattles\mainbattle\anti_cheat\npc_caiji.lua) fail, file maybe in out pack directory****
20191228-082634<WARN :0xf7760950>: ****PreOpen [746/1365] packed script file (\settings\static_script\kf_newbattles\villagebattle\trap.lua) fail, file maybe in out pack directory****
20191228-082634<WARN :0xf7760950>: ****PreOpen [751/1365] packed script file (\settings\static_script\kf_newbattles\villagebattle\mission\timer.lua) fail, file maybe in out pack directory****
20191228-082634<WARN :0xf7760950>: ****PreOpen [754/1365] packed script file (\settings\static_script\lib\teamfunctions.lua) fail, file maybe in out pack directory****
20191228-082634<WARN :0xf7760950>: ****PreOpen [770/1365] packed script file (\settings\static_script\kf_newbattles\resourcebattle\soldier_npc.lua) fail, file maybe in out pack directory****
20191228-082634<WARN :0xf7760950>: ****PreOpen [781/1365] packed script file (\settings\static_script\kf_newbattles\box_effect_head.lua) fail, file maybe in out pack directory****
20191228-082634<WARN :0xf7760950>: ****PreOpen [782/1365] packed script file (\settings\static_script\kf_newbattles\emplacementbattle\playerdeath.lua) fail, file maybe in out pack directory****
20191228-082634<WARN :0xf7760950>: ****PreOpen [794/1365] packed script file (\settings\static_script\meridian\npc_meridian_level_update.lua) fail, file maybe in out pack directory****
20191228-082634<WARN :0xf7760950>: ****PreOpen [806/1365] packed script file (\settings\static_script\missions\hunduantongtianding\mission.lua) fail, file maybe in out pack directory****
20191228-082634<WARN :0xf7760950>: ****PreOpen [809/1365] packed script file (\settings\static_script\kf_newbattles\mainbattle\refugee_talk_npc.lua) fail, file maybe in out pack directory****
20191228-082634<WARN :0xf7760950>: ****PreOpen [815/1365] packed script file (\settings\static_script\runtime_data_stat\runtime_game_data_stat.lua) fail, file maybe in out pack directory****
20191228-082634<WARN :0xf7760950>: ****PreOpen [816/1365] packed script file (\settings\static_script\missions\base\missionbase.lua) fail, file maybe in out pack directory****
20191228-082634<WARN :0xf7760950>: ****PreOpen [820/1365] packed script file (\settings\static_script\exchg_server\exchgsvr_player_login.lua) fail, file maybe in out pack directory****
20191228-082634<WARN :0xf7760950>: ****PreOpen [827/1365] packed script file (\settings\static_script\kf_newbattles\resourcebattle\mission\mission_head.lua) fail, file maybe in out pack directory****
20191228-082634<WARN :0xf7760950>: ****PreOpen [831/1365] packed script file (\settings\static_script\vip_feedback_system\vfs_item_drug.lua) fail, file maybe in out pack directory****
20191228-082634<WARN :0xf7760950>: ****PreOpen [833/1365] packed script file (\settings\static_script\missions\base\runtime_data_stat.lua) fail, file maybe in out pack directory****
20191228-082634<WARN :0xf7760950>: ****PreOpen [834/1365] packed script file (\settings\static_script\kf_newbattles\mainbattle_primary\mission\timer.lua) fail, file maybe in out pack directory****
20191228-082634<WARN :0xf7760950>: ****PreOpen [841/1365] packed script file (\settings\static_script\kf_newbattles\mainbattle\assistant_hirer_npc.lua) fail, file maybe in out pack directory****
20191228-082634<WARN :0xf7760950>: ****PreOpen [842/1365] packed script file (\settings\static_script\kf_newbattles\mainbattle_primary\maingeneral_npc.lua) fail, file maybe in out pack directory****
20191228-082634<WARN :0xf7760950>: ****PreOpen [846/1365] packed script file (\settings\static_script\item\item_jungongzhang_exchg_imp.lua) fail, file maybe in out pack directory****
20191228-082634<WARN :0xf7760950>: ****PreOpen [902/1365] packed script file (\settings\static_script\kf_newbattles\battle_equipment_jungong_or_junxian.lua) fail, file maybe in out pack directory****
20191228-082634<WARN :0xf7760950>: ****PreOpen [909/1365] packed script file (\settings\static_script\kf_newbattles\villagebattle\playerdeath.lua) fail, file maybe in out pack directory****
20191228-082634<WARN :0xf7760950>: ****PreOpen [912/1365] packed script file (\settings\static_script\missions\hunduantongtianding\item\item_smatianmensuipian.lua) fail, file maybe in out pack directory****
20191228-082634<WARN :0xf7760950>: ****PreOpen [928/1365] packed script file (\settings\static_script\kf_newbattles\systemtimemessage\sub_battle_signup.lua) fail, file maybe in out pack directory****
20191228-082634<WARN :0xf7760950>: ****PreOpen [934/1365] packed script file (\settings\static_script\online\general_award_group.lua) fail, file maybe in out pack directory****
20191228-082634<WARN :0xf7760950>: ****PreOpen [935/1365] packed script file (\settings\static_script\kf_newbattles\resourcebattle\mission\mission.lua) fail, file maybe in out pack directory****
20191228-082634<WARN :0xf7760950>: ****PreOpen [943/1365] packed script file (\settings\static_script\missions\base\mission_head.lua) fail, file maybe in out pack directory****
20191228-082634<WARN :0xf7760950>: ****PreOpen [945/1365] packed script file (\settings\static_script\vip_feedback_system\vfs_main.lua) fail, file maybe in out pack directory****
20191228-082634<WARN :0xf7760950>: ****PreOpen [946/1365] packed script file (\settings\static_script\missions\cangjianshanzhuang\wrx_npc.lua) fail, file maybe in out pack directory****
20191228-082634<WARN :0xf7760950>: ****PreOpen [949/1365] packed script file (\settings\static_script\meridian\meridian_zhenqi_transmission.lua) fail, file maybe in out pack directory****
20191228-082634<WARN :0xf7760950>: ****PreOpen [955/1365] packed script file (\settings\static_script\kf_newbattles\resourcebattle\angryvillager_death.lua) fail, file maybe in out pack directory****
20191228-082634<WARN :0xf7760950>: ****PreOpen [963/1365] packed script file (\settings\static_script\missions\base\phasebase.lua) fail, file maybe in out pack directory****
20191228-082634<WARN :0xf7760950>: ****PreOpen [964/1365] packed script file (\settings\static_script\kf_newbattles\emplacementbattle\npc_death.lua) fail, file maybe in out pack directory****
20191228-082634<WARN :0xf7760950>: ****PreOpen [969/1365] packed script file (\settings\static_script\kf_newbattles\mainbattle\anti_cheat\palyer_cheat_detect.lua) fail, file maybe in out pack directory****
20191228-082634<WARN :0xf7760950>: ****PreOpen [975/1365] packed script file (\settings\static_script\kf_newbattles\resourcebattle\environmentalist_death.lua) fail, file maybe in out pack directory****
20191228-082634<WARN :0xf7760950>: ****PreOpen [976/1365] packed script file (\settings\static_script\missions\base\tstage.lua) fail, file maybe in out pack directory****
20191228-082634<WARN :0xf7760950>: ****PreOpen [981/1365] packed script file (\settings\static_script\missions\cangjianshanzhuang\npc\box_tong.lua) fail, file maybe in out pack directory****
20191228-082634<WARN :0xf7760950>: ****PreOpen [983/1365] packed script file (\settings\static_script\global\merit.lua) fail, file maybe in out pack directory****
20191228-082634<WARN :0xf7760950>: ****PreOpen [991/1365] packed script file (\settings\static_script\kf_newbattles\mainbattle\trigger.lua) fail, file maybe in out pack directory****
20191228-082634<WARN :0xf7760950>: ****PreOpen [994/1365] packed script file (\settings\static_script\missions\hunduantongtianding\ttd_award.lua) fail, file maybe in out pack directory****
20191228-082634<WARN :0xf7760950>: ****PreOpen [999/1365] packed script file (\settings\static_script\kf_newbattles\battle_equipment_jungong.lua) fail, file maybe in out pack directory****
20191228-082634<WARN :0xf7760950>: ****PreOpen [1011/1365] packed script file (\settings\static_script\kf_newbattles\mainbattle\box_death.lua) fail, file maybe in out pack directory****
20191228-082634<WARN :0xf7760950>: ****PreOpen [1017/1365] packed script file (\settings\static_script\missions\hunduantongtianding\qrs_npc.lua) fail, file maybe in out pack directory****
20191228-082634<WARN :0xf7760950>: ****PreOpen [1020/1365] packed script file (\settings\static_script\kf_newbattles\mainbattle\mission\mission.lua) fail, file maybe in out pack directory****
20191228-082634<WARN :0xf7760950>: ****PreOpen [1045/1365] packed script file (\settings\static_script\meridian\meridian_payer_login.lua) fail, file maybe in out pack directory****
20191228-082634<WARN :0xf7760950>: ****PreOpen [1046/1365] packed script file (\settings\static_script\misc\missionaward_head.lua) fail, file maybe in out pack directory****
20191228-082634<WARN :0xf7760950>: ****PreOpen [1064/1365] packed script file (\settings\static_script\lib\tag.lua) fail, file maybe in out pack directory****
20191228-082634<WARN :0xf7760950>: ****PreOpen [1074/1365] packed script file (\settings\static_script\kf_newbattles\mainbattle_primary\soldier_npc.lua) fail, file maybe in out pack directory****
20191228-082634<WARN :0xf7760950>: ****PreOpen [1086/1365] packed script file (\settings\static_script\kf_newbattles\villagebattle\armyguide_npc.lua) fail, file maybe in out pack directory****
20191228-082634<WARN :0xf7760950>: ****PreOpen [1087/1365] packed script file (\settings\static_script\kf_newbattles\resourcebattle\cateran_death.lua) fail, file maybe in out pack directory****
20191228-082634<WARN :0xf7760950>: ****PreOpen [1099/1365] packed script file (\settings\static_script\kf_newbattles\mainbattle_primary\refugee_receive_npc.lua) fail, file maybe in out pack directory****
20191228-082634<WARN :0xf7760950>: ****PreOpen [1103/1365] packed script file (\settings\static_script\meridian\vet_jihuo_wuzun.lua) fail, file maybe in out pack directory****
20191228-082634<WARN :0xf7760950>: ****PreOpen [1113/1365] packed script file (\settings\static_script\missions\base\mission_award_base.lua) fail, file maybe in out pack directory****
20191228-082634<WARN :0xf7760950>: ****PreOpen [1114/1365] packed script file (\settings\static_script\online\qianhe_tower\qht_award_table.lua) fail, file maybe in out pack directory****
20191228-082634<WARN :0xf7760950>: ****PreOpen [1132/1365] packed script file (\settings\static_script\misc\autocleaner\autocleaner.lua) fail, file maybe in out pack directory****
20191228-082634<WARN :0xf7760950>: ****PreOpen [1140/1365] packed script file (\settings\static_script\missions\hunduantongtianding\item\item_bigtianmensuipian.lua) fail, file maybe in out pack directory****
20191228-082634<WARN :0xf7760950>: ****PreOpen [1147/1365] packed script file (\settings\static_script\kf_newbattles\sign_up_npc_kf.lua) fail, file maybe in out pack directory****
20191228-082634<WARN :0xf7760950>: ****PreOpen [1150/1365] packed script file (\settings\static_script\missions\base\tphase.lua) fail, file maybe in out pack directory****
20191228-082634<WARN :0xf7760950>: ****PreOpen [1154/1365] packed script file (\settings\static_script\lib\itemfunctions.lua) fail, file maybe in out pack directory****
20191228-082634<WARN :0xf7760950>: ****PreOpen [1160/1365] packed script file (\settings\static_script\missions\hunduantongtianding\entrynpc.lua) fail, file maybe in out pack directory****
20191228-082634<WARN :0xf7760950>: ****PreOpen [1165/1365] packed script file (\settings\static_script\kf_newbattles\emplacementbattle\mission\injure_timer.lua) fail, file maybe in out pack directory****
20191228-082634<WARN :0xf7760950>: ****PreOpen [1167/1365] packed script file (\settings\static_script\kf_newbattles\resourcebattle\mission\sp_timer.lua) fail, file maybe in out pack directory****
20191228-082634<WARN :0xf7760950>: ****PreOpen [1170/1365] packed script file (\settings\static_script\kf_newbattles\battlepoint_head.lua) fail, file maybe in out pack directory****
20191228-082634<WARN :0xf7760950>: ****PreOpen [1178/1365] packed script file (\settings\static_script\global\weekly_do.lua) fail, file maybe in out pack directory****
20191228-082634<WARN :0xf7760950>: ****PreOpen [1187/1365] packed script file (\settings\static_script\missions\mission_task\ttd_wjz_task.lua) fail, file maybe in out pack directory****
20191228-082634<WARN :0xf7760950>: ****PreOpen [1191/1365] packed script file (\settings\static_script\kf_newbattles\mainbattle\mainbattle_head.lua) fail, file maybe in out pack directory****
20191228-082634<WARN :0xf7760950>: ****PreOpen [1192/1365] packed script file (\settings\static_script\kf_newbattles\mainbattle\npc_death.lua) fail, file maybe in out pack directory****
20191228-082634<WARN :0xf7760950>: ****PreOpen [1202/1365] packed script file (\settings\static_script\kf_newbattles\villagebattle\soldier_npc.lua) fail, file maybe in out pack directory****
20191228-082634<WARN :0xf7760950>: ****PreOpen [1218/1365] packed script file (\settings\static_script\kf_newbattles\systemtimemessage\main_battle_signup.lua) fail, file maybe in out pack directory****
20191228-082634<WARN :0xf7760950>: ****PreOpen [1227/1365] packed script file (\settings\static_script\vip_feedback_system\vfs_item_sdrug.lua) fail, file maybe in out pack directory****
20191228-082634<WARN :0xf7760950>: ****PreOpen [1228/1365] packed script file (\settings\static_script\missions\hunduantongtianding\trap\trap8.lua) fail, file maybe in out pack directory****
20191228-082634<WARN :0xf7760950>: ****PreOpen [1233/1365] packed script file (\settings\static_script\kf_newbattles\mainbattle\trap_mid.lua) fail, file maybe in out pack directory****
20191228-082634<WARN :0xf7760950>: ****PreOpen [1237/1365] packed script file (\settings\static_script\missions\hunduantongtianding\trap\trap7.lua) fail, file maybe in out pack directory****
20191228-082634<WARN :0xf7760950>: ****PreOpen [1245/1365] packed script file (\settings\static_script\kf_newbattles\mainbattle\mission\injure_timer.lua) fail, file maybe in out pack directory****
20191228-082634<WARN :0xf7760950>: ****PreOpen [1252/1365] packed script file (\settings\static_script\kf_newbattles\emplacementbattle\box_death.lua) fail, file maybe in out pack directory****
20191228-082634<WARN :0xf7760950>: ****PreOpen [1254/1365] packed script file (\settings\static_script\global\daily_award_limit_api.lua) fail, file maybe in out pack directory****
20191228-082634<WARN :0xf7760950>: ****PreOpen [1257/1365] packed script file (\settings\static_script\kf_newbattles\mainbattle\trap_back.lua) fail, file maybe in out pack directory****
20191228-082634<WARN :0xf7760950>: ****PreOpen [1259/1365] packed script file (\settings\static_script\kf_newbattles\mainbattle_primary\mission\mission.lua) fail, file maybe in out pack directory****
20191228-082634<WARN :0xf7760950>: ****PreOpen [1272/1365] packed script file (\settings\static_script\global\bit_task_support.lua) fail, file maybe in out pack directory****
20191228-082634<WARN :0xf7760950>: ****PreOpen [1276/1365] packed script file (\settings\static_script\missions\hunduantongtianding\wrd_npc.lua) fail, file maybe in out pack directory****
20191228-082634<WARN :0xf7760950>: ****PreOpen [1278/1365] packed script file (\settings\static_script\missions\hunduantongtianding\item\item_tianmensuipian.lua) fail, file maybe in out pack directory****
20191228-082634<WARN :0xf7760950>: ****PreOpen [1302/1365] packed script file (\settings\static_script\missions\cangjianshanzhuang\head.lua) fail, file maybe in out pack directory****
20191228-082634<WARN :0xf7760950>: ****PreOpen [1304/1365] packed script file (\settings\static_script\kf_newbattles\head.lua) fail, file maybe in out pack directory****
20191228-082634<WARN :0xf7760950>: ****PreOpen [1306/1365] packed script file (\settings\static_script\meridian\item_julingwan.lua) fail, file maybe in out pack directory****
20191228-082634<WARN :0xf7760950>: ****PreOpen [1307/1365] packed script file (\settings\static_script\missions\cangjianshanzhuang\npc\box_yin.lua) fail, file maybe in out pack directory****
20191228-082634<WARN :0xf7760950>: ****PreOpen [1315/1365] packed script file (\settings\static_script\misc\data_state\state.lua) fail, file maybe in out pack directory****
20191228-082634<WARN :0xf7760950>: ****PreOpen [1331/1365] packed script file (\settings\static_script\kf_newbattles\sign_up_npc.lua) fail, file maybe in out pack directory****
20191228-082634<WARN :0xf7760950>: ****PreOpen [1333/1365] packed script file (\settings\static_script\kf_newbattles\song_primary_npc.lua) fail, file maybe in out pack directory****
20191228-082634<WARN :0xf7760950>: ****PreOpen [1339/1365] packed script file (\settings\static_script\missions\cangjianshanzhuang\entrynpc.lua) fail, file maybe in out pack directory****
20191228-082634<WARN :0xf7760950>: ****PreOpen [1342/1365] packed script file (\settings\static_script\kf_newbattles\mainbattle\position.lua) fail, file maybe in out pack directory****
20191228-082634<WARN :0xf7760950>: ****PreOpen [1344/1365] packed script file (\settings\static_script\kf_newbattles\villagebattle\position.lua) fail, file maybe in out pack directory****
20191228-082634<WARN :0xf7760950>: ****PreOpen [1354/1365] packed script file (\settings\static_script\lib\val2str.lua) fail, file maybe in out pack directory****
20191228-082634<WARN :0xf7760950>: ****PreOpen [1355/1365] packed script file (\settings\static_script\item\item_gutianmenbaoxiang.lua) fail, file maybe in out pack directory****
20191228-082634<WARN :0xf7760950>: ****PreOpen [1356/1365] packed script file (\settings\static_script\missions\hunduantongtianding\trap\trap_head.lua) fail, file maybe in out pack directory****
20191228-082634<WARN :0xf7760950>: ****PreOpen [1359/1365] packed script file (\settings\static_script\kf_newbattles\mainbattle_primary\refugee_talk_npc.lua) fail, file maybe in out pack directory****
20191228-082634<INFO :0xf7760950>: All Scripts Have Been Loaded! ScriptCount = 5614
20191228-082634<WARN :0xf7760950>: g_GetScript find unpreloaded file [\script\skill\普通攻击\npc普通攻击.lua]
20191228-082635<WARN :0xf7760950>: g_GetScript find unpreloaded file [\script\skill\npc技能\npc减速攻击.lua]
20191228-082635<WARN :0xf7760950>: g_GetScript find unpreloaded file [\script\skill\npc技能\npc眩晕攻击.lua]
20191228-082635<WARN :0xf7760950>: g_GetScript find unpreloaded file [\script\skill\npc技能\npc施毒.lua]
20191228-082635<WARN :0xf7760950>: g_GetScript find unpreloaded file [\script\skill\npc技能\npc定身.lua]
20191228-082635<WARN :0xf7760950>: g_GetScript find unpreloaded file [\script\skill\npc技能\npc破防攻击.lua]
20191228-082635<WARN :0xf7760950>: g_GetScript find unpreloaded file [\script\skill\npc技能\npc吸血攻击.lua]
20191228-082635<WARN :0xf7760950>: g_GetScript find unpreloaded file [\script\skill\npc技能\npc击退攻击.lua]
20191228-082635<WARN :0xf7760950>: g_GetScript find unpreloaded file [\script\skill\npc技能\npc混乱.lua]
20191228-082635<WARN :0xf7760950>: g_GetScript find unpreloaded file [\script\skill\npc技能\npc眩晕.lua]
20191228-082635<WARN :0xf7760950>: g_GetScript find unpreloaded file [\script\skill\npc技能\npc封招.lua]
20191228-082635<WARN :0xf7760950>: g_GetScript find unpreloaded file [\script\skill\npc技能\npc睡眠.lua]
20191228-082635<WARN :0xf7760950>: g_GetScript find unpreloaded file [\script\skill\npc技能\npc火攻击.lua]
20191228-082635<WARN :0xf7760950>: g_GetScript find unpreloaded file [\script\skill\npc技能\npc迟缓攻击.lua]
20191228-082635<WARN :0xf7760950>: g_GetScript find unpreloaded file [\script\skill\npc技能\npc驱散.lua]
20191228-082636<WARN :0xf7760950>: g_GetScript find unpreloaded file [\script\skill\npc技能\npc混乱攻击.lua]
20191228-082636<ERROR:0xf7760950>: [LoadMap] [\maps\.wor] open failed!!!
20191228-082636<ERROR:0xf7760950>: Load map 708 failed!
20191228-082636<ERROR:0xf7760950>: [LoadMap] [\maps\.wor] open failed!!!
20191228-082636<ERROR:0xf7760950>: Load map 709 failed!
20191228-082636<ERROR:0xf7760950>: [LoadRandomNpc] [\maps\世界地图\琅琊洞府.ini] open failed!!!
20191228-082636<INFO :0xf7760950>: 192/400 map(s) has been loaded.
20191228-082636<ERROR:0xf7760950>: SetSpecialSwitch(Index=1,bOpen=0,AccessCode=1157247768) ok, result=0
20191228-082636<ERROR:0xf7760950>: SetSpecialSwitch(Index=2,bOpen=0,AccessCode=3238223681) ok, result=0
20191228-082636<WARN :0xf7760950>: *********[/script/global/autoexec.lua]Unable include script file  {\script\online\春节活动\newyear_head.lua}
20191228-082636<WARN :0xf7760950>: g_GetScript find unpreloaded file [\script\skill\npc技能\boss大范围击退.lua]
20191228-082636<WARN :0xf7760950>: g_GetScript find unpreloaded file [\script\skill\npc技能\boss大范围定身.lua]
20191228-082636<WARN :0xf7760950>: g_GetScript find unpreloaded file [\script\skill\npc技能\boss大范围中毒.lua]
20191228-082636<WARN :0xf7760950>: g_GetScript find unpreloaded file [\script\skill\npc技能\boss普通攻击.lua]
20191228-082636<WARN :0xf7760950>: g_GetScript find unpreloaded file [\script\skill\npc技能\boss大范围封招.lua]
20191228-082636<WARN :0xf7760950>: g_GetScript find unpreloaded file [\script\skill\npc技能\boss大范围混乱.lua]
20191228-082636<WARN :0xf7760950>: g_GetScript find unpreloaded file [\script\skill\npc技能\boss大范围击倒.lua]
20191228-082636<WARN :0xf7760950>: g_GetScript find unpreloaded file [\script\skill\npc技能\boss散射剑气.lua]
20191228-082636<WARN :0xf7760950>: g_GetScript find unpreloaded file [\script\skill\npc技能\boss乱射剑气.lua]
20191228-082636<WARN :0xf7760950>: [Load] Invalid template: template ID=472328933l,
20191228-082636<WARN :0xf7760950>: load  npc template [0] fail
20191228-082636<WARN :0xf7760950>: g_GetScript find unpreloaded file [\script\skill\npc技能\boss大范围眩晕.lua]
20191228-082636<WARN :0xf7760950>: g_GetScript find unpreloaded file [\script\skill\npc技能\boss范围毒伤害.lua]
20191228-082636<WARN :0xf7760950>: g_GetScript find unpreloaded file [\script\skill\宠物技能\宠物普通攻击.lua]
20191228-082636<WARN :0xf7760950>: g_GetScript find unpreloaded file [\script\skill\宠物技能\调用招式.lua]
20191228-082636<INFO :0xf7760950>: [SystimeTask] load 96/96 systemtimetasks from {\settings\systemtimetask.txt}
20191228-082637<INFO :0xf7760950>: start to connect Database, IP: 192.168.136.146 - Port: 5001 ... ok!
20191228-082637<INFO :0xf7760950>: start to connect RelayHost, IP: 192.168.136.146 - Port: 5003 ... ok!
20191228-082637<INFO :0xf7760950>: start to connect RelayChat, IP: 192.168.136.146 - Port: 5004 ... ok!
20191228-082637<INFO :0xf7760950>: start to connect RelayTong, IP: 192.168.136.146 - Port: 5005 ... ok!
20191228-082637<INFO :0xf7760950>: start to connect Gateway, IP: 192.168.136.146 - Port: 5633 ... ok!
20191228-082637<INFO :0xf7760950>: [verify_up2date] send Goddess|Relay|Router version request...
20191228-082637<INFO :0xf7760950>: [GameSvr] start up OK----------.
20191228-082637<DEBUG:0xf7760950>: [net dbg] [SendNetMsgToTransfer] frame=0 send=1/39|1 avg=0 
20191228-082637<DEBUG:0xf7760950>: [net dbg] [TransferMessageProcess] [frame -1] total process 0/0=0 trans message
20191228-082637<INFO :0xf7760950>: Start init log database.
20191228-082637<INFO :0xf7760950>: Init log database end.
20191228-082637<INFO :0xf7760950>: Recv Bishop time sync(2019-12-28 8:26:37)
20191228-082637<INFO :0xf7760950>: [verify_up2date] send Bishop version request...
20191228-082637<INFO :0xf7760950>: [verify_up2date] VerifyUp2dateVersion: Server=Goddess code=8DA68FCD need=8DA68FCD result=1
20191228-082637<DEBUG:0xf7760950>: [net dbg] [SendNetMsgToTransfer] frame=1 send=1/38|2 avg=0 
20191228-082637<INFO :0xf7760950>: [SOSever::Breathe] MsgLoop:-925 ,MainLoop:4, TotalMsgLoop:-900, Elapse:4 CurBreathCost:4294966375 BreathCount:2
20191228-082637<DEBUG:0xf7760950>: [net dbg] [SendNetMsgToTransfer] frame=2 send=1/37|3 avg=0 
20191228-082637<INFO :0xf7760950>: [verify_up2date] VerifyUp2dateVersion: Server=Bishop code=DCA253A9 need=DCA253A9 result=1
20191228-082637<DEBUG:0xf7760950>: [net dbg] [SendNetMsgToTransfer] frame=3 send=1/36|4 avg=0 
20191228-082637<DEBUG:0xf7760950>: [net dbg] [TransferMessageProcess] [frame 0] total process 298/2=99 trans message
20191228-082637<INFO :0xf7760950>: [verify_up2date] VerifyUp2dateVersion: Server=Relay code=8DA68FCD need=8DA68FCD result=1
20191228-082637<DEBUG:0xf7760950>: [NormalSmallPackPorcess] Received packet MAP_INDEX_INFO from relay
20191228-082637<INFO :0xf7760950>: Received map index notification from relay (192 maps)
20191228-082637<DEBUG:0xf7760950>: [net dbg] [SendNetMsgToTransfer] frame=4 send=1/35|5 avg=0 
20191228-082637<DEBUG:0xf7760950>: [net dbg] [SendNetMsgToTransfer] frame=5 send=1/34|6 avg=0 
20191228-082637<DEBUG:0xf7760950>: [net dbg] [TransferMessageProcess] [frame 3] total process 1703/8=340 trans message
20191228-082637<DEBUG:0xf7760950>: [net dbg] [SendNetMsgToTransfer] frame=6 send=1/33|7 avg=0 
20191228-082637<DEBUG:0xf7760950>: [net dbg] [TransferMessageProcess] [frame 5] total process 1763/9=293 trans message
20191228-082637<DEBUG:0xf7760950>: [net dbg] [SendNetMsgToTransfer] frame=7 send=1/32|8 avg=0 
20191228-082637<DEBUG:0xf7760950>: [net dbg] [TransferMessageProcess] [frame 6] total process 1823/10=260 trans message
20191228-082637<DEBUG:0xf7760950>: [net dbg] [SendNetMsgToTransfer] frame=8 send=1/31|9 avg=0 
20191228-082637<DEBUG:0xf7760950>: [net dbg] [TransferMessageProcess] [frame 7] total process 1883/11=235 trans message
20191228-082637<DEBUG:0xf7760950>: [net dbg] [SendNetMsgToTransfer] frame=9 send=1/30|10 avg=0 
20191228-082637<DEBUG:0xf7760950>: [net dbg] [SendNetMsgToTransfer] frame=10 send=1/29|11 avg=0 
20191228-082637<DEBUG:0xf7760950>: [net dbg] [TransferMessageProcess] [frame 8] total process 2003/13=200 trans message
20191228-082637<DEBUG:0xf7760950>: [net dbg] [SendNetMsgToTransfer] frame=11 send=1/28|12 avg=0 
20191228-082637<DEBUG:0xf7760950>: [net dbg] [TransferMessageProcess] [frame 10] total process 2063/14=187 trans message
20191228-082637<DEBUG:0xf7760950>: [net dbg] [SendNetMsgToTransfer] frame=12 send=1/27|13 avg=0 
20191228-082637<DEBUG:0xf7760950>: [net dbg] [TransferMessageProcess] [frame 11] total process 2123/15=176 trans message
20191228-082637<DEBUG:0xf7760950>: [net dbg] [SendNetMsgToTransfer] frame=13 send=1/26|14 avg=0 
20191228-082637<DEBUG:0xf7760950>: [net dbg] [SendNetMsgToTransfer] frame=14 send=1/25|15 avg=0 
20191228-082637<DEBUG:0xf7760950>: [net dbg] [TransferMessageProcess] [frame 12] total process 2243/17=160 trans message
20191228-082637<DEBUG:0xf7760950>: [net dbg] [SendNetMsgToTransfer] frame=15 send=1/24|16 avg=0 
20191228-082637<DEBUG:0xf7760950>: [net dbg] [TransferMessageProcess] [frame 14] total process 2363/19=157 trans message
20191228-082637<DEBUG:0xf7760950>: [net dbg] [SendNetMsgToTransfer] frame=16 send=1/23|17 avg=0 
20191228-082637<DEBUG:0xf7760950>: [net dbg] [SendNetMsgToTransfer] frame=17 send=1/22|18 avg=0 
20191228-082637<DEBUG:0xf7760950>: [net dbg] [TransferMessageProcess] [frame 15] total process 2423/20=142 trans message
20191228-082637<DEBUG:0xf7760950>: [net dbg] [SendNetMsgToTransfer] frame=18 send=1/21|19 avg=0 
20191228-082637<DEBUG:0xf7760950>: [net dbg] [TransferMessageProcess] [frame 17] total process 2483/21=137 trans message
20191228-082637<DEBUG:0xf7760950>: [net dbg] [SendNetMsgToTransfer] frame=19 send=1/20|20 avg=0 
20191228-082637<DEBUG:0xf7760950>: [net dbg] [TransferMessageProcess] [frame 18] total process 2543/22=133 trans message
20191228-082638<DEBUG:0xf7760950>: [net dbg] [SendNetMsgToTransfer] frame=20 send=1/19|21 avg=0 
20191228-082638<DEBUG:0xf7760950>: [net dbg] [TransferMessageProcess] [frame 19] total process 2673/23=133 trans message
20191228-082638<DEBUG:0xf7760950>: [net dbg] [SendNetMsgToTransfer] frame=21 send=1/18|22 avg=0 
20191228-082638<DEBUG:0xf7760950>: [net dbg] [TransferMessageProcess] [frame 20] total process 2793/25=133 trans message
20191228-082638<DEBUG:0xf7760950>: [net dbg] [SendNetMsgToTransfer] frame=22 send=1/17|23 avg=0 
20191228-082638<DEBUG:0xf7760950>: [net dbg] [SendNetMsgToTransfer] frame=23 send=1/16|24 avg=0 
20191228-082638<DEBUG:0xf7760950>: [net dbg] [TransferMessageProcess] [frame 21] total process 2913/27=126 trans message
20191228-082638<DEBUG:0xf7760950>: [net dbg] [SendNetMsgToTransfer] frame=24 send=1/15|25 avg=0 
20191228-082638<DEBUG:0xf7760950>: [net dbg] [SendNetMsgToTransfer] frame=25 send=1/14|26 avg=0 
20191228-082638<DEBUG:0xf7760950>: [net dbg] [TransferMessageProcess] [frame 23] total process 3033/29=121 trans message
20191228-082638<DEBUG:0xf7760950>: [net dbg] [SendNetMsgToTransfer] frame=26 send=1/13|27 avg=0 
20191228-082638<DEBUG:0xf7760950>: [net dbg] [TransferMessageProcess] [frame 25] total process 3093/30=118 trans message
20191228-082638<DEBUG:0xf7760950>: [net dbg] [SendNetMsgToTransfer] frame=27 send=1/12|28 avg=0 
20191228-082638<DEBUG:0xf7760950>: [net dbg] [TransferMessageProcess] [frame 26] total process 3153/31=116 trans message
20191228-082638<DEBUG:0xf7760950>: [net dbg] [SendNetMsgToTransfer] frame=28 send=1/11|29 avg=0 
20191228-082638<DEBUG:0xf7760950>: [net dbg] [TransferMessageProcess] [frame 27] total process 3213/32=114 trans message
20191228-082638<DEBUG:0xf7760950>: [net dbg] [SendNetMsgToTransfer] frame=29 send=1/10|30 avg=0 
20191228-082638<DEBUG:0xf7760950>: [net dbg] [SendNetMsgToTransfer] frame=30 send=1/9|31 avg=0 
20191228-082638<DEBUG:0xf7760950>: [net dbg] [TransferMessageProcess] [frame 28] total process 3333/34=111 trans message
20191228-082638<DEBUG:0xf7760950>: [net dbg] [SendNetMsgToTransfer] frame=31 send=1/8|32 avg=0 
20191228-082638<DEBUG:0xf7760950>: [net dbg] [TransferMessageProcess] [frame 30] total process 3393/35=109 trans message
20191228-082638<DEBUG:0xf7760950>: [net dbg] [SendNetMsgToTransfer] frame=32 send=1/7|33 avg=0 
20191228-082638<DEBUG:0xf7760950>: [net dbg] [TransferMessageProcess] [frame 31] total process 3453/36=107 trans message
20191228-082638<DEBUG:0xf7760950>: [net dbg] [SendNetMsgToTransfer] frame=33 send=1/6|34 avg=0 
20191228-082638<DEBUG:0xf7760950>: [net dbg] [SendNetMsgToTransfer] frame=34 send=1/5|35 avg=0 
20191228-082638<DEBUG:0xf7760950>: [net dbg] [TransferMessageProcess] [frame 32] total process 3574/38=105 trans message
20191228-082638<DEBUG:0xf7760950>: [net dbg] [SendNetMsgToTransfer] frame=35 send=1/4|36 avg=0 
20191228-082638<DEBUG:0xf7760950>: [net dbg] [TransferMessageProcess] [frame 34] total process 3635/39=103 trans message
20191228-082638<DEBUG:0xf7760950>: [net dbg] [SendNetMsgToTransfer] frame=36 send=1/3|37 avg=0 
20191228-082638<DEBUG:0xf7760950>: [net dbg] [TransferMessageProcess] [frame 35] total process 3696/40=102 trans message
20191228-082638<DEBUG:0xf7760950>: [net dbg] [SendNetMsgToTransfer] frame=37 send=1/2|38 avg=0 
20191228-082638<DEBUG:0xf7760950>: [net dbg] [TransferMessageProcess] [frame 36] total process 3757/41=101 trans message
20191228-082639<DEBUG:0xf7760950>: [net dbg] [SendNetMsgToTransfer] frame=38 send=1/1|39 avg=0 
20191228-082639<DEBUG:0xf7760950>: [net dbg] [TransferMessageProcess] [frame 37] total process 3887/42=102 trans message
20191228-082639<DEBUG:0xf7760950>: [net dbg] [SendNetMsgToTransfer] frame=39 send=1/0|40 avg=0 
20191228-082639<DEBUG:0xf7760950>: [net dbg] [TransferMessageProcess] [frame 38] total process 4009/44=102 trans message
20191228-082639<DEBUG:0xf7760950>: [net dbg] [TransferMessageProcess] [frame 39] total process 4070/45=74 trans message
20191228-082640<DEBUG:0xf7760950>: [net dbg] [TransferMessageProcess] [frame 55] total process 4200/46=58 trans message
20191228-082641<DEBUG:0xf7760950>: [net dbg] [TransferMessageProcess] [frame 72] total process 4330/47=48 trans message
20191228-082642<DEBUG:0xf7760950>: [net dbg] [TransferMessageProcess] [frame 90] total process 4460/48=41 trans message
20191228-082643<DEBUG:0xf7760950>: [net dbg] [TransferMessageProcess] [frame 108] total process 4590/49=36 trans message
20191228-082644<DEBUG:0xf7760950>: [net dbg] [TransferMessageProcess] [frame 126] total process 4720/50=32 trans message
20191228-082645<DEBUG:0xf7760950>: [net dbg] [TransferMessageProcess] [frame 144] total process 4850/51=29 trans message
20191228-082646<DEBUG:0xf7760950>: [net dbg] [TransferMessageProcess] [frame 162] total process 4980/52=27 trans message
20191228-082657<ERROR:0xf7760950>: gs ping bishop[result=1], CurFrame[362] LastFrame[1] NewFrame[362]
20191228-082657<INFO :0xf7760950>: [BiShopPing] Ping return at 70970485.
20191228-082707<INFO :0xf7760950>: gs ping goddess[result=1], CurFrame[556] LastFrame[15] NewFrame[556]
20191228-082707<INFO :0xf7760950>: receieve goddess ping reply, goddess time = 70981230
20191228-082717<ERROR:0xf7760950>: gs ping bishop[result=1], CurFrame[723] LastFrame[362] NewFrame[723]
20191228-082717<INFO :0xf7760950>: [BiShopPing] Ping return at 70990524.
20191228-082718<INFO :0xf7760950>: [Gateway Kick] Can't find account jiqinghk
20191228-082733<WARN :0xf7760950>: # GameLogicSpeed : 17 fps.(abnormal!!!)
20191228-082737<INFO :0xf7760950>: gs ping goddess[result=1], CurFrame[1097] LastFrame[556] NewFrame[1097]
20191228-082737<INFO :0xf7760950>: receieve goddess ping reply, goddess time = 71011271
20191228-082738<ERROR:0xf7760950>: gs ping bishop[result=1], CurFrame[1108] LastFrame[747] NewFrame[1108]
20191228-082738<INFO :0xf7760950>: [BiShopPing] Ping return at 71011908.
20191228-082742<INFO :0xf7760950>: [LOGIN/OUT] G2B_ROLE_LOGIN_PERMIT permit acc:jiqinghk role:JiaXQing.
20191228-082744<INFO :0xf7760950>: [LOGIN/OUT] connection created ln:0 from 192.168.136.1.
20191228-082744<INFO :0xf7760950>: Found player[1] jiqinghk(JiaXQing) is logging in system!Ip:192.168.136.1 mac:0050-56C0-0008
20191228-082744<INFO :0xf7760950>: [CheckCRC] LoadPlayerBaseInfo(jiqinghk, JiaXQing) dwCRC=A6942BA0 len=3187
20191228-082744<WARN :0xf7760950>: g_GetScript find unpreloaded file [\script\skill\普通攻击\普通攻击.lua]
20191228-082744<WARN :0xf7760950>: g_GetScript find unpreloaded file [\script\skill\翠烟舞仙\鸾凤九天.lua]
20191228-082744<WARN :0xf7760950>: g_GetScript find unpreloaded file [\script\skill\翠烟舞仙\枫舞心法.lua]
20191228-082744<WARN :0xf7760950>: g_GetScript find unpreloaded file [\script\skill\翠烟舞仙\起舞.lua]
20191228-082744<WARN :0xf7760950>: g_GetScript find unpreloaded file [\script\skill\翠烟舞仙\灵猫韵.lua]
20191228-082744<WARN :0xf7760950>: g_GetScript find unpreloaded file [\script\skill\翠烟舞仙\舞云心法.lua]
20191228-082744<WARN :0xf7760950>: g_GetScript find unpreloaded file [\script\skill\翠烟舞仙\媚花.lua]
20191228-082744<WARN :0xf7760950>: g_GetScript find unpreloaded file [\script\skill\翠烟舞仙\断云诀.lua]
20191228-082744<WARN :0xf7760950>: g_GetScript find unpreloaded file [\script\skill\翠烟舞仙\秋月赋.lua]
20191228-082744<WARN :0xf7760950>: g_GetScript find unpreloaded file [\script\skill\翠烟舞仙\天籁心经.lua]
20191228-082744<WARN :0xf7760950>: g_GetScript find unpreloaded file [\script\skill\翠烟舞仙\蝶怨.lua]
20191228-082744<WARN :0xf7760950>: g_GetScript find unpreloaded file [\script\skill\翠烟舞仙\天火艳阳.lua]
20191228-082744<WARN :0xf7760950>: g_GetScript find unpreloaded file [\script\skill\翠烟舞仙\踏云巧步.lua]
20191228-082744<WARN :0xf7760950>: g_GetScript find unpreloaded file [\script\skill\翠烟舞仙\梦蛇.lua]
20191228-082744<INFO :0xf7760950>: [PlayerItem] acc=jiqinghk, @svr=0/300000
20191228-082744<INFO :0xf7760950>: [PlayerItem] load=11/11 acc=jiqinghk @svr=11/300000
20191228-082744<INFO :0xf7760950>: PlayerName = JiaXQing, sucess load itemlock head data; 72, 72
20191228-082744<INFO :0xf7760950>: PlayerName = JiaXQing, 0, 0, 0, 0
20191228-082744<ERROR:0xf7760950>: [Weapon Effect Error]Weapon effect save data of player JiaXQing is INVALID.
20191228-082744<INFO :0xf7760950>: [LOGIN/OUT] C2G_ROLE_LOGIN success, idx:1, ln:0, acc:jiqinghk, role:JiaXQing lv:90
20191228-082744<WARN :0xf7760950>: g_GetScript find unpreloaded file [\script\global\储物箱.lua]
20191228-082747<WARN :0xf7760950>: g_GetScript find unpreloaded file [\script\master_prentice\国子监学官.lua]
20191228-082747<ERROR:0xf7760950>: ****{JiaXQing}Excute npc[Quc T gim] script[\script\master_prentice\国子监学官.lua] fail****
20191228-082749<WARN :0xf7760950>: g_GetScript find unpreloaded file [\script\中原一区\汴京\npc\禁军.lua]
20191228-082749<ERROR:0xf7760950>: ****{JiaXQing}Excute npc[Cm qun] script[\script\中原一区\汴京\npc\禁军.lua] fail****
20191228-082751<WARN :0xf7760950>: g_GetScript find unpreloaded file [\script\中原一区\汴京\npc\大内总管.lua]
20191228-082751<ERROR:0xf7760950>: ****{JiaXQing}Excute npc[L quan] script[\script\中原一区\汴京\npc\大内总管.lua] fail****
20191228-082758<WARN :0xf7760950>: g_GetScript find unpreloaded file [\script\中原一区\汴京\npc\店铺管理人.lua]
20191228-082758<ERROR:0xf7760950>: ****{JiaXQing}Excute npc[Qun l ca hiu] script[\script\中原一区\汴京\npc\店铺管理人.lua] fail****
20191228-082800<WARN :0xf7760950>: g_GetScript find unpreloaded file [\script\中原一区\汴京\npc\门派接引人.lua]
20191228-082800<ERROR:0xf7760950>: ****{JiaXQing}Excute npc[S gi mn phi] script[\script\中原一区\汴京\npc\门派接引人.lua] fail****
20191228-082802<ERROR:0xf7760950>: ****{JiaXQing}Excute npc[S gi mn phi] script[\script\中原一区\汴京\npc\门派接引人.lua] fail****
20191228-082804<ERROR:0xf7760950>: gs ping bishop[result=1], CurFrame[1573] LastFrame[1212] NewFrame[1573]
20191228-082804<INFO :0xf7760950>: [BiShopPing] Ping return at 71037728.
20191228-082814<INFO :0xf7760950>: gs ping goddess[result=1], CurFrame[1754] LastFrame[1213] NewFrame[1754]
20191228-082814<INFO :0xf7760950>: receieve goddess ping reply, goddess time = 71047758
20191228-082816<WARN :0xf7760950>: # GameLogicSpeed : 17 fps.(abnormal!!!)
20191228-082824<ERROR:0xf7760950>: gs ping bishop[result=1], CurFrame[1934] LastFrame[1573] NewFrame[1934]
20191228-082824<INFO :0xf7760950>: [BiShopPing] Ping return at 71057772.
20191228-082844<INFO :0xf7760950>: gs ping goddess[result=1], CurFrame[2295] LastFrame[1754] NewFrame[2295]
20191228-082844<ERROR:0xf7760950>: gs ping bishop[result=1], CurFrame[2295] LastFrame[1934] NewFrame[2295]
20191228-082844<INFO :0xf7760950>: [BiShopPing] Ping return at 71077794.
20191228-082844<INFO :0xf7760950>: receieve goddess ping reply, goddess time = 71077797
20191228-082844<WARN :0xf7760950>: # GameLogicSpeed : 17 fps.(abnormal!!!)
20191228-082904<ERROR:0xf7760950>: gs ping bishop[result=1], CurFrame[2656] LastFrame[2295] NewFrame[2656]
20191228-082904<INFO :0xf7760950>: [BiShopPing] Ping return at 71097871.
20191228-082914<INFO :0xf7760950>: gs ping goddess[result=1], CurFrame[2836] LastFrame[2295] NewFrame[2836]
20191228-082914<INFO :0xf7760950>: receieve goddess ping reply, goddess time = 71107831
20191228-082924<ERROR:0xf7760950>: gs ping bishop[result=1], CurFrame[3017] LastFrame[2656] NewFrame[3017]
20191228-082924<INFO :0xf7760950>: [BiShopPing] Ping return at 71117898.
20191228-082927<WARN :0xf7760950>: # GameLogicSpeed : 17 fps.(abnormal!!!)
20191228-082936<INFO :0xf7760950>: [Frame debug] Frame 3240
20191228-082944<INFO :0xf7760950>: gs ping goddess[result=1], CurFrame[3377] LastFrame[2836] NewFrame[3377]
20191228-082944<INFO :0xf7760950>: receieve goddess ping reply, goddess time = 71137874
20191228-082944<ERROR:0xf7760950>: gs ping bishop[result=1], CurFrame[3378] LastFrame[3017] NewFrame[3378]
20191228-082944<INFO :0xf7760950>: [BiShopPing] Ping return at 71137941.
20191228-083004<ERROR:0xf7760950>: gs ping bishop[result=1], CurFrame[3739] LastFrame[3378] NewFrame[3739]
20191228-083004<INFO :0xf7760950>: [BiShopPing] Ping return at 71158010.
20191228-083010<WARN :0xf7760950>: # GameLogicSpeed : 17 fps.(abnormal!!!)
20191228-083014<INFO :0xf7760950>: gs ping goddess[result=1], CurFrame[3918] LastFrame[3377] NewFrame[3918]
20191228-083014<INFO :0xf7760950>: receieve goddess ping reply, goddess time = 71167918
20191228-083024<ERROR:0xf7760950>: gs ping bishop[result=1], CurFrame[4100] LastFrame[3739] NewFrame[4100]
20191228-083024<INFO :0xf7760950>: [BiShopPing] Ping return at 71178033.
20191228-083044<INFO :0xf7760950>: gs ping goddess[result=1], CurFrame[4459] LastFrame[3918] NewFrame[4459]
20191228-083044<INFO :0xf7760950>: receieve goddess ping reply, goddess time = 71197955
20191228-083044<ERROR:0xf7760950>: gs ping bishop[result=1], CurFrame[4461] LastFrame[4100] NewFrame[4461]
20191228-083044<INFO :0xf7760950>: [BiShopPing] Ping return at 71198084.
20191228-083055<ERROR:0xf7760950>: ****{JiaXQing}Excute npc[S gi mn phi] script[\script\中原一区\汴京\npc\门派接引人.lua] fail****
20191228-083104<ERROR:0xf7760950>: gs ping bishop[result=1], CurFrame[4822] LastFrame[4461] NewFrame[4822]
20191228-083104<INFO :0xf7760950>: [BiShopPing] Ping return at 71218119.
20191228-083114<INFO :0xf7760950>: gs ping goddess[result=1], CurFrame[5000] LastFrame[4459] NewFrame[5000]
20191228-083114<INFO :0xf7760950>: receieve goddess ping reply, goddess time = 71227997
20191228-083124<ERROR:0xf7760950>: gs ping bishop[result=1], CurFrame[5183] LastFrame[4822] NewFrame[5183]
20191228-083124<INFO :0xf7760950>: [BiShopPing] Ping return at 71238249.
20191228-083135<WARN :0xf7760950>: # GameLogicSpeed : 17 fps.(abnormal!!!)
20191228-083144<INFO :0xf7760950>: gs ping goddess[result=1], CurFrame[5541] LastFrame[5000] NewFrame[5541]
20191228-083144<INFO :0xf7760950>: receieve goddess ping reply, goddess time = 71258052
20191228-083144<ERROR:0xf7760950>: gs ping bishop[result=1], CurFrame[5544] LastFrame[5183] NewFrame[5544]
20191228-083144<INFO :0xf7760950>: [BiShopPing] Ping return at 71258232.
20191228-083204<ERROR:0xf7760950>: gs ping bishop[result=1], CurFrame[5905] LastFrame[5544] NewFrame[5905]
20191228-083204<INFO :0xf7760950>: [BiShopPing] Ping return at 71278249.
20191228-083208<WARN :0xf7760950>: [_IsFrameNew] force new frame from clock() uTimeElapse=331237 GameLogicFrameTime=5964 GameLogicFrameTimeBeforeChangeSpeed=1 GameLogicFps=18 r=734 c_cur=42880000 c_diff=1360000ms e_diff=2036 ms
20191228-083214<INFO :0xf7760950>: gs ping goddess[result=1], CurFrame[6082] LastFrame[5541] NewFrame[6082]
20191228-083214<INFO :0xf7760950>: receieve goddess ping reply, goddess time = 71288079
20191228-083218<WARN :0xf7760950>: # GameLogicSpeed : 19 fps.(abnormal!!!)
20191228-083225<ERROR:0xf7760950>: gs ping bishop[result=1], CurFrame[6266] LastFrame[5905] NewFrame[6266]
20191228-083225<INFO :0xf7760950>: [BiShopPing] Ping return at 71298297.
20191228-083236<INFO :0xf7760950>: [Frame debug] Frame 6480
20191228-083244<INFO :0xf7760950>: gs ping goddess[result=1], CurFrame[6623] LastFrame[6082] NewFrame[6623]
20191228-083244<INFO :0xf7760950>: receieve goddess ping reply, goddess time = 71318117
20191228-083245<ERROR:0xf7760950>: gs ping bishop[result=1], CurFrame[6627] LastFrame[6266] NewFrame[6627]
20191228-083245<INFO :0xf7760950>: [BiShopPing] Ping return at 71318364.
20191228-083300<WARN :0xf7760950>: # GameLogicSpeed : 17 fps.(abnormal!!!)
20191228-083305<ERROR:0xf7760950>: gs ping bishop[result=1], CurFrame[6988] LastFrame[6627] NewFrame[6988]
20191228-083305<INFO :0xf7760950>: [BiShopPing] Ping return at 71338414.
20191228-083314<INFO :0xf7760950>: gs ping goddess[result=1], CurFrame[7164] LastFrame[6623] NewFrame[7164]
20191228-083314<INFO :0xf7760950>: receieve goddess ping reply, goddess time = 71348160
20191228-083325<ERROR:0xf7760950>: gs ping bishop[result=1], CurFrame[7349] LastFrame[6988] NewFrame[7349]
20191228-083325<INFO :0xf7760950>: [BiShopPing] Ping return at 71358478.
20191228-083329<WARN :0xf7760950>: # GameLogicSpeed : 17 fps.(abnormal!!!)
20191228-083344<INFO :0xf7760950>: gs ping goddess[result=1], CurFrame[7705] LastFrame[7164] NewFrame[7705]
20191228-083344<INFO :0xf7760950>: receieve goddess ping reply, goddess time = 71378206
20191228-083345<ERROR:0xf7760950>: gs ping bishop[result=1], CurFrame[7710] LastFrame[7349] NewFrame[7710]
20191228-083345<INFO :0xf7760950>: [BiShopPing] Ping return at 71378480.
20191228-083405<ERROR:0xf7760950>: gs ping bishop[result=1], CurFrame[8071] LastFrame[7710] NewFrame[8071]
20191228-083405<INFO :0xf7760950>: [BiShopPing] Ping return at 71398540.
20191228-083415<INFO :0xf7760950>: gs ping goddess[result=1], CurFrame[8246] LastFrame[7705] NewFrame[8246]
20191228-083415<INFO :0xf7760950>: receieve goddess ping reply, goddess time = 71408245
20191228-083425<ERROR:0xf7760950>: gs ping bishop[result=1], CurFrame[8432] LastFrame[8071] NewFrame[8432]
20191228-083425<INFO :0xf7760950>: [BiShopPing] Ping return at 71418582.
20191228-083445<INFO :0xf7760950>: gs ping goddess[result=1], CurFrame[8787] LastFrame[8246] NewFrame[8787]
20191228-083445<INFO :0xf7760950>: receieve goddess ping reply, goddess time = 71438304
20191228-083445<ERROR:0xf7760950>: gs ping bishop[result=1], CurFrame[8793] LastFrame[8432] NewFrame[8793]
20191228-083445<INFO :0xf7760950>: [BiShopPing] Ping return at 71438612.
20191228-083505<ERROR:0xf7760950>: gs ping bishop[result=1], CurFrame[9154] LastFrame[8793] NewFrame[9154]
20191228-083505<INFO :0xf7760950>: [BiShopPing] Ping return at 71458680.
20191228-083515<INFO :0xf7760950>: gs ping goddess[result=1], CurFrame[9328] LastFrame[8787] NewFrame[9328]
20191228-083515<INFO :0xf7760950>: receieve goddess ping reply, goddess time = 71468323
20191228-083525<ERROR:0xf7760950>: gs ping bishop[result=1], CurFrame[9515] LastFrame[9154] NewFrame[9515]
20191228-083525<INFO :0xf7760950>: [BiShopPing] Ping return at 71478736.
20191228-083536<INFO :0xf7760950>: [Frame debug] Frame 9720
20191228-083537<WARN :0xf7760950>: # GameLogicSpeed : 17 fps.(abnormal!!!)
20191228-083545<INFO :0xf7760950>: gs ping goddess[result=1], CurFrame[9869] LastFrame[9328] NewFrame[9869]
20191228-083545<INFO :0xf7760950>: receieve goddess ping reply, goddess time = 71498364
20191228-083545<ERROR:0xf7760950>: gs ping bishop[result=1], CurFrame[9876] LastFrame[9515] NewFrame[9876]
20191228-083545<INFO :0xf7760950>: [BiShopPing] Ping return at 71498799.
20191228-083605<ERROR:0xf7760950>: gs ping bishop[result=1], CurFrame[10237] LastFrame[9876] NewFrame[10237]
20191228-083605<INFO :0xf7760950>: [BiShopPing] Ping return at 71518817.
20191228-083606<ERROR:0xf7760950>: [Script] [4042852611, 1800]{/script/online_activites/treasure_box/trigger.lua}remove a none copy map dialog npc[100:Tuyn Chu].[28836:Thng nhn Ty Vc].
20191228-083606<ERROR:0xf7760950>: [Script] [4042852611, 1500]{/script/online_activites/treasure_box/trigger.lua}remove a none copy map dialog npc[510:Dc Vng ng].[28837:Dc Nhn Tho].
20191228-083606<ERROR:0xf7760950>: [Script] [4042852611, 1500]{/script/online_activites/treasure_box/trigger.lua}remove a none copy map dialog npc[510:Dc Vng ng].[28838:Dc Nhn Tho].
20191228-083606<ERROR:0xf7760950>: [Script] [4042852611, 1500]{/script/online_activites/treasure_box/trigger.lua}remove a none copy map dialog npc[510:Dc Vng ng].[28839:Dc Nhn Tho].
20191228-083606<ERROR:0xf7760950>: [Script] [4042852611, 1500]{/script/online_activites/treasure_box/trigger.lua}remove a none copy map dialog npc[510:Dc Vng ng].[28840:Dc Nhn Tho].
20191228-083606<ERROR:0xf7760950>: [Script] [4042852611, 1500]{/script/online_activites/treasure_box/trigger.lua}remove a none copy map dialog npc[510:Dc Vng ng].[28841:Dc Nhn Tho].
20191228-083606<ERROR:0xf7760950>: [Script] [4042852611, 1500]{/script/online_activites/treasure_box/trigger.lua}remove a none copy map dialog npc[510:Dc Vng ng].[28842:Dc Nhn Tho].
20191228-083606<ERROR:0xf7760950>: [Script] [4042852611, 1500]{/script/online_activites/treasure_box/trigger.lua}remove a none copy map dialog npc[510:Dc Vng ng].[28843:Dc Nhn Tho].
20191228-083606<ERROR:0xf7760950>: [Script] [4042852611, 1500]{/script/online_activites/treasure_box/trigger.lua}remove a none copy map dialog npc[510:Dc Vng ng].[28844:Dc Nhn Tho].
20191228-083606<ERROR:0xf7760950>: [Script] [4042852611, 1500]{/script/online_activites/treasure_box/trigger.lua}remove a none copy map dialog npc[510:Dc Vng ng].[28845:Dc Nhn Tho].
20191228-083606<ERROR:0xf7760950>: [Script] [4042852611, 1500]{/script/online_activites/treasure_box/trigger.lua}remove a none copy map dialog npc[510:Dc Vng ng].[28846:Dc Nhn Tho].
20191228-083606<ERROR:0xf7760950>: [Script] [4042852611, 1500]{/script/online_activites/treasure_box/trigger.lua}remove a none copy map dialog npc[510:Dc Vng ng].[28847:Dc Nhn Tho].
20191228-083606<ERROR:0xf7760950>: [Script] [4042852611, 1500]{/script/online_activites/treasure_box/trigger.lua}remove a none copy map dialog npc[510:Dc Vng ng].[28848:Dc Nhn Tho].
20191228-083606<ERROR:0xf7760950>: [Script] [4042852611, 1500]{/script/online_activites/treasure_box/trigger.lua}remove a none copy map dialog npc[510:Dc Vng ng].[28849:Dc Nhn Tho].
20191228-083606<ERROR:0xf7760950>: [Script] [4042852611, 1500]{/script/online_activites/treasure_box/trigger.lua}remove a none copy map dialog npc[510:Dc Vng ng].[28850:Dc Nhn Tho].
20191228-083606<ERROR:0xf7760950>: [Script] [4042852611, 1500]{/script/online_activites/treasure_box/trigger.lua}remove a none copy map dialog npc[510:Dc Vng ng].[28851:Dc Nhn Tho].
20191228-083606<ERROR:0xf7760950>: [Script] [4042852611, 1500]{/script/online_activites/treasure_box/trigger.lua}remove a none copy map dialog npc[510:Dc Vng ng].[28852:Dc Nhn Tho].
20191228-083606<ERROR:0xf7760950>: [Script] [4042852611, 1500]{/script/online_activites/treasure_box/trigger.lua}remove a none copy map dialog npc[510:Dc Vng ng].[28853:Dc Nhn Tho].
20191228-083606<ERROR:0xf7760950>: [Script] [4042852611, 1500]{/script/online_activites/treasure_box/trigger.lua}remove a none copy map dialog npc[510:Dc Vng ng].[28854:Dc Nhn Tho].
20191228-083606<ERROR:0xf7760950>: [Script] [4042852611, 1500]{/script/online_activites/treasure_box/trigger.lua}remove a none copy map dialog npc[510:Dc Vng ng].[28855:Dc Nhn Tho].
20191228-083606<ERROR:0xf7760950>: [Script] [4042852611, 1500]{/script/online_activites/treasure_box/trigger.lua}remove a none copy map dialog npc[510:Dc Vng ng].[28856:Dc Nhn Tho].
20191228-083606<ERROR:0xf7760950>: [Script] [4042852611, 1500]{/script/online_activites/treasure_box/trigger.lua}remove a none copy map dialog npc[510:Dc Vng ng].[28857:Dc Nhn Tho].
20191228-083606<ERROR:0xf7760950>: [Script] [4042852611, 1500]{/script/online_activites/treasure_box/trigger.lua}remove a none copy map dialog npc[510:Dc Vng ng].[28858:Dc Nhn Tho].
20191228-083606<ERROR:0xf7760950>: [Script] [4042852611, 1500]{/script/online_activites/treasure_box/trigger.lua}remove a none copy map dialog npc[510:Dc Vng ng].[28859:Dc Nhn Tho].
20191228-083606<ERROR:0xf7760950>: [Script] [4042852611, 1500]{/script/online_activites/treasure_box/trigger.lua}remove a none copy map dialog npc[510:Dc Vng ng].[28860:Dc Nhn Tho].
20191228-083606<ERROR:0xf7760950>: [Script] [4042852611, 1500]{/script/online_activites/treasure_box/trigger.lua}remove a none copy map dialog npc[510:Dc Vng ng].[28861:Dc Nhn Tho].
20191228-083606<ERROR:0xf7760950>: [Script] [4042852611, 1500]{/script/online_activites/treasure_box/trigger.lua}remove a none copy map dialog npc[510:Dc Vng ng].[28862:Dc Nhn Tho].
20191228-083606<ERROR:0xf7760950>: [Script] [4042852611, 1500]{/script/online_activites/treasure_box/trigger.lua}remove a none copy map dialog npc[510:Dc Vng ng].[28863:Dc Nhn Tho].
20191228-083606<ERROR:0xf7760950>: [Script] [4042852611, 1500]{/script/online_activites/treasure_box/trigger.lua}remove a none copy map dialog npc[510:Dc Vng ng].[28864:Dc Nhn Tho].
20191228-083606<ERROR:0xf7760950>: [Script] [4042852611, 1500]{/script/online_activites/treasure_box/trigger.lua}remove a none copy map dialog npc[510:Dc Vng ng].[28865:Dc Nhn Tho].
20191228-083606<ERROR:0xf7760950>: [Script] [4042852611, 1500]{/script/online_activites/treasure_box/trigger.lua}remove a none copy map dialog npc[510:Dc Vng ng].[28866:Dc Nhn Tho].
20191228-083606<ERROR:0xf7760950>: [Script] [4042852611, 1500]{/script/online_activites/treasure_box/trigger.lua}remove a none copy map dialog npc[510:Dc Vng ng].[28867:Dc Nhn Tho].
20191228-083606<ERROR:0xf7760950>: [Script] [4042852611, 1500]{/script/online_activites/treasure_box/trigger.lua}remove a none copy map dialog npc[510:Dc Vng ng].[28868:Dc Nhn Tho].
20191228-083606<ERROR:0xf7760950>: [Script] [4042852611, 1500]{/script/online_activites/treasure_box/trigger.lua}remove a none copy map dialog npc[510:Dc Vng ng].[28869:Dc Nhn Tho].
20191228-083606<ERROR:0xf7760950>: [Script] [4042852611, 1500]{/script/online_activites/treasure_box/trigger.lua}remove a none copy map dialog npc[510:Dc Vng ng].[28870:Dc Nhn Tho].
20191228-083606<ERROR:0xf7760950>: [Script] [4042852611, 1500]{/script/online_activites/treasure_box/trigger.lua}remove a none copy map dialog npc[510:Dc Vng ng].[28871:Dc Nhn Tho].
20191228-083606<ERROR:0xf7760950>: [Script] [4042852611, 1500]{/script/online_activites/treasure_box/trigger.lua}remove a none copy map dialog npc[506:M cung sa mc].[28872:Tch Dng cn].
20191228-083606<ERROR:0xf7760950>: [Script] [4042852611, 1500]{/script/online_activites/treasure_box/trigger.lua}remove a none copy map dialog npc[506:M cung sa mc].[28873:Tch Dng cn].
20191228-083606<ERROR:0xf7760950>: [Script] [4042852611, 1500]{/script/online_activites/treasure_box/trigger.lua}remove a none copy map dialog npc[506:M cung sa mc].[28874:Tch Dng cn].
20191228-083606<ERROR:0xf7760950>: [Script] [4042852611, 1500]{/script/online_activites/treasure_box/trigger.lua}remove a none copy map dialog npc[506:M cung sa mc].[28875:Tch Dng cn].
20191228-083606<ERROR:0xf7760950>: [Script] [4042852611, 1500]{/script/online_activites/treasure_box/trigger.lua}remove a none copy map dialog npc[506:M cung sa mc].[28876:Tch Dng cn].
20191228-083606<ERROR:0xf7760950>: [Script] [4042852611, 1500]{/script/online_activites/treasure_box/trigger.lua}remove a none copy map dialog npc[506:M cung sa mc].[28877:Tch Dng cn].
20191228-083606<ERROR:0xf7760950>: [Script] [4042852611, 1500]{/script/online_activites/treasure_box/trigger.lua}remove a none copy map dialog npc[506:M cung sa mc].[28878:Tch Dng cn].
20191228-083606<ERROR:0xf7760950>: [Script] [4042852611, 1500]{/script/online_activites/treasure_box/trigger.lua}remove a none copy map dialog npc[506:M cung sa mc].[28879:Tch Dng cn].
20191228-083606<ERROR:0xf7760950>: [Script] [4042852611, 1500]{/script/online_activites/treasure_box/trigger.lua}remove a none copy map dialog npc[506:M cung sa mc].[28880:Tch Dng cn].
20191228-083606<ERROR:0xf7760950>: [Script] [4042852611, 1500]{/script/online_activites/treasure_box/trigger.lua}remove a none copy map dialog npc[506:M cung sa mc].[28881:Tch Dng cn].
20191228-083606<ERROR:0xf7760950>: [Script] [4042852611, 1500]{/script/online_activites/treasure_box/trigger.lua}remove a none copy map dialog npc[506:M cung sa mc].[28882:Tch Dng cn].
20191228-083606<ERROR:0xf7760950>: [Script] [4042852611, 1500]{/script/online_activites/treasure_box/trigger.lua}remove a none copy map dialog npc[506:M cung sa mc].[28883:Tch Dng cn].
20191228-083606<ERROR:0xf7760950>: [Script] [4042852611, 1500]{/script/online_activites/treasure_box/trigger.lua}remove a none copy map dialog npc[506:M cung sa mc].[28884:Tch Dng cn].
20191228-083606<ERROR:0xf7760950>: [Script] [4042852611, 1500]{/script/online_activites/treasure_box/trigger.lua}remove a none copy map dialog npc[506:M cung sa mc].[28885:Tch Dng cn].
20191228-083606<ERROR:0xf7760950>: [Script] [4042852611, 1500]{/script/online_activites/treasure_box/trigger.lua}remove a none copy map dialog npc[506:M cung sa mc].[28886:Tch Dng cn].
20191228-083606<ERROR:0xf7760950>: [Script] [4042852611, 1500]{/script/online_activites/treasure_box/trigger.lua}remove a none copy map dialog npc[506:M cung sa mc].[28887:Tch Dng cn].
20191228-083606<ERROR:0xf7760950>: [Script] [4042852611, 1500]{/script/online_activites/treasure_box/trigger.lua}remove a none copy map dialog npc[506:M cung sa mc].[28888:Tch Dng cn].
20191228-083606<ERROR:0xf7760950>: [Script] [4042852611, 1500]{/script/online_activites/treasure_box/trigger.lua}remove a none copy map dialog npc[506:M cung sa mc].[28889:Tch Dng cn].
20191228-083606<ERROR:0xf7760950>: [Script] [4042852611, 1500]{/script/online_activites/treasure_box/trigger.lua}remove a none copy map dialog npc[506:M cung sa mc].[28890:Tch Dng cn].
20191228-083606<ERROR:0xf7760950>: [Script] [4042852611, 1500]{/script/online_activites/treasure_box/trigger.lua}remove a none copy map dialog npc[506:M cung sa mc].[28891:Tch Dng cn].
20191228-083606<ERROR:0xf7760950>: [Script] [4042852611, 1500]{/script/online_activites/treasure_box/trigger.lua}remove a none copy map dialog npc[506:M cung sa mc].[28892:Tch Dng cn].
20191228-083606<ERROR:0xf7760950>: [Script] [4042852611, 1500]{/script/online_activites/treasure_box/trigger.lua}remove a none copy map dialog npc[506:M cung sa mc].[28893:Tch Dng cn].
20191228-083606<ERROR:0xf7760950>: [Script] [4042852611, 1500]{/script/online_activites/treasure_box/trigger.lua}remove a none copy map dialog npc[506:M cung sa mc].[28894:Tch Dng cn].
20191228-083606<ERROR:0xf7760950>: [Script] [4042852611, 1500]{/script/online_activites/treasure_box/trigger.lua}remove a none copy map dialog npc[506:M cung sa mc].[28895:Tch Dng cn].
20191228-083606<ERROR:0xf7760950>: [Script] [4042852611, 1500]{/script/online_activites/treasure_box/trigger.lua}remove a none copy map dialog npc[506:M cung sa mc].[28896:Tch Dng cn].
20191228-083606<ERROR:0xf7760950>: [Script] [4042852611, 1500]{/script/online_activites/treasure_box/trigger.lua}remove a none copy map dialog npc[506:M cung sa mc].[28897:Tch Dng cn].
20191228-083606<ERROR:0xf7760950>: [Script] [4042852611, 1500]{/script/online_activites/treasure_box/trigger.lua}remove a none copy map dialog npc[506:M cung sa mc].[28898:Tch Dng cn].
20191228-083606<ERROR:0xf7760950>: [Script] [4042852611, 1500]{/script/online_activites/treasure_box/trigger.lua}remove a none copy map dialog npc[506:M cung sa mc].[28899:Tch Dng cn].
20191228-083606<ERROR:0xf7760950>: [Script] [4042852611, 1500]{/script/online_activites/treasure_box/trigger.lua}remove a none copy map dialog npc[506:M cung sa mc].[28900:Tch Dng cn].
20191228-083606<ERROR:0xf7760950>: [Script] [4042852611, 1500]{/script/online_activites/treasure_box/trigger.lua}remove a none copy map dialog npc[506:M cung sa mc].[28901:Tch Dng cn].
20191228-083606<ERROR:0xf7760950>: [Script] [4042852611, 1500]{/script/online_activites/treasure_box/trigger.lua}remove a none copy map dialog npc[506:M cung sa mc].[28902:Tch Dng cn].
20191228-083606<ERROR:0xf7760950>: [Script] [4042852611, 1500]{/script/online_activites/treasure_box/trigger.lua}remove a none copy map dialog npc[506:M cung sa mc].[28903:Tch Dng cn].
20191228-083606<ERROR:0xf7760950>: [Script] [4042852611, 1500]{/script/online_activites/treasure_box/trigger.lua}remove a none copy map dialog npc[506:M cung sa mc].[28904:Tch Dng cn].
20191228-083606<ERROR:0xf7760950>: [Script] [4042852611, 1500]{/script/online_activites/treasure_box/trigger.lua}remove a none copy map dialog npc[506:M cung sa mc].[28905:Tch Dng cn].
20191228-083606<ERROR:0xf7760950>: [Script] [4042852611, 1500]{/script/online_activites/treasure_box/trigger.lua}remove a none copy map dialog npc[506:M cung sa mc].[28906:Tch Dng cn].
20191228-083606<ERROR:0xf7760950>: [Script] [4042852611, 1500]{/script/online_activites/treasure_box/trigger.lua}remove a none copy map dialog npc[506:M cung sa mc].[28907:Tch Dng cn].
20191228-083606<ERROR:0xf7760950>: [Script] [4042852611, 1500]{/script/online_activites/treasure_box/trigger.lua}remove a none copy map dialog npc[506:M cung sa mc].[28908:Tch Dng cn].
20191228-083606<ERROR:0xf7760950>: [Script] [4042852611, 1500]{/script/online_activites/treasure_box/trigger.lua}remove a none copy map dialog npc[506:M cung sa mc].[28909:Tch Dng cn].
20191228-083606<ERROR:0xf7760950>: [Script] [4042852611, 1500]{/script/online_activites/treasure_box/trigger.lua}remove a none copy map dialog npc[506:M cung sa mc].[28910:Tch Dng cn].
20191228-083606<ERROR:0xf7760950>: [Script] [4042852611, 1500]{/script/online_activites/treasure_box/trigger.lua}remove a none copy map dialog npc[506:M cung sa mc].[28911:Tch Dng cn].
20191228-083606<ERROR:0xf7760950>: [Script] [4042852611, 1500]{/script/online_activites/treasure_box/trigger.lua}remove a none copy map dialog npc[506:M cung sa mc].[28912:Tch Dng cn].
20191228-083606<ERROR:0xf7760950>: [Script] [4042852611, 1500]{/script/online_activites/treasure_box/trigger.lua}remove a none copy map dialog npc[506:M cung sa mc].[28913:Tch Dng cn].
20191228-083606<ERROR:0xf7760950>: [Script] [4042852611, 1500]{/script/online_activites/treasure_box/trigger.lua}remove a none copy map dialog npc[506:M cung sa mc].[28914:Tch Dng cn].
20191228-083606<ERROR:0xf7760950>: [Script] [4042852611, 1500]{/script/online_activites/treasure_box/trigger.lua}remove a none copy map dialog npc[506:M cung sa mc].[28915:Tch Dng cn].
20191228-083606<ERROR:0xf7760950>: [Script] [4042852611, 1500]{/script/online_activites/treasure_box/trigger.lua}remove a none copy map dialog npc[506:M cung sa mc].[28916:Tch Dng cn].
20191228-083606<ERROR:0xf7760950>: [Script] [4042852611, 1500]{/script/online_activites/treasure_box/trigger.lua}remove a none copy map dialog npc[506:M cung sa mc].[28917:Tch Dng cn].
20191228-083606<ERROR:0xf7760950>: [Script] [4042852611, 1500]{/script/online_activites/treasure_box/trigger.lua}remove a none copy map dialog npc[506:M cung sa mc].[28918:Tch Dng cn].
20191228-083606<ERROR:0xf7760950>: [Script] [4042852611, 1500]{/script/online_activites/treasure_box/trigger.lua}remove a none copy map dialog npc[506:M cung sa mc].[28919:Tch Dng cn].
20191228-083606<ERROR:0xf7760950>: [Script] [4042852611, 1500]{/script/online_activites/treasure_box/trigger.lua}remove a none copy map dialog npc[506:M cung sa mc].[28920:Tch Dng cn].
20191228-083606<ERROR:0xf7760950>: [Script] [4042852611, 1500]{/script/online_activites/treasure_box/trigger.lua}remove a none copy map dialog npc[506:M cung sa mc].[28921:Tch Dng cn].
20191228-083615<INFO :0xf7760950>: gs ping goddess[result=1], CurFrame[10410] LastFrame[9869] NewFrame[10410]
20191228-083615<INFO :0xf7760950>: receieve goddess ping reply, goddess time = 71528405
20191228-083625<ERROR:0xf7760950>: gs ping bishop[result=1], CurFrame[10598] LastFrame[10237] NewFrame[10598]
20191228-083625<INFO :0xf7760950>: [BiShopPing] Ping return at 71538877.
20191228-083645<INFO :0xf7760950>: gs ping goddess[result=1], CurFrame[10951] LastFrame[10410] NewFrame[10951]
20191228-083645<INFO :0xf7760950>: receieve goddess ping reply, goddess time = 71558442
20191228-083645<ERROR:0xf7760950>: gs ping bishop[result=1], CurFrame[10959] LastFrame[10598] NewFrame[10959]
20191228-083645<INFO :0xf7760950>: [BiShopPing] Ping return at 71558904.
20191228-083705<ERROR:0xf7760950>: gs ping bishop[result=1], CurFrame[11320] LastFrame[10959] NewFrame[11320]
20191228-083705<INFO :0xf7760950>: [BiShopPing] Ping return at 71578964.
20191228-083715<INFO :0xf7760950>: gs ping goddess[result=1], CurFrame[11492] LastFrame[10951] NewFrame[11492]
20191228-083715<INFO :0xf7760950>: receieve goddess ping reply, goddess time = 71588490
20191228-083723<WARN :0xf7760950>: g_GetScript find unpreloaded file [\script\task\teach\新手指引npc.lua]
20191228-083723<ERROR:0xf7760950>: ****{JiaXQing}Excute npc[Vn S Thng] script[\script\task\teach\新手指引npc.lua] fail****
20191228-083725<ERROR:0xf7760950>: gs ping bishop[result=1], CurFrame[11681] LastFrame[11320] NewFrame[11681]
20191228-083725<INFO :0xf7760950>: [BiShopPing] Ping return at 71599068.
20191228-083729<WARN :0xf7760950>: g_GetScript find unpreloaded file [\script\中原一区\汴京\npc\钱庄老板.lua]
20191228-083729<ERROR:0xf7760950>: ****{JiaXQing}Excute npc[Ch tin trang] script[\script\中原一区\汴京\npc\钱庄老板.lua] fail****
20191228-083743<WARN :0xf7760950>: [_IsFrameNew] force new frame from clock() uTimeElapse=666037 GameLogicFrameTime=11990 GameLogicFrameTimeBeforeChangeSpeed=1 GameLogicFps=18 r=334 c_cur=83700000 c_diff=1490000ms e_diff=1128 ms
20191228-083745<WARN :0xf7760950>: # GameLogicSpeed : 17 fps.(abnormal!!!)
20191228-083745<INFO :0xf7760950>: gs ping goddess[result=1], CurFrame[12033] LastFrame[11492] NewFrame[12033]
20191228-083745<INFO :0xf7760950>: receieve goddess ping reply, goddess time = 71618565
20191228-083745<ERROR:0xf7760950>: gs ping bishop[result=1], CurFrame[12042] LastFrame[11681] NewFrame[12042]
20191228-083745<INFO :0xf7760950>: [BiShopPing] Ping return at 71619065.
20191228-083748<WARN :0xf7760950>: g_GetScript find unpreloaded file [\script\中原一区\汴京\npc\物品保管人东.lua]
20191228-083748<ERROR:0xf7760950>: ****{JiaXQing}Excute npc[Th kh] script[\script\中原一区\汴京\npc\物品保管人东.lua] fail****
20191228-083751<ERROR:0xf7760950>: ****{JiaXQing}Excute npc[Th kh] script[\script\中原一区\汴京\npc\物品保管人东.lua] fail****
20191228-083758<WARN :0xf7760950>: g_GetScript find unpreloaded file [\script\中原一区\汴京\npc\行脚商人.lua]
20191228-083758<ERROR:0xf7760950>: ****{JiaXQing}Excute npc[Hnh Cc Thng Nhn] script[\script\中原一区\汴京\npc\行脚商人.lua] fail****
20191228-083759<ERROR:0xf7760950>: ****{JiaXQing}Excute npc[Hnh Cc Thng Nhn] script[\script\中原一区\汴京\npc\行脚商人.lua] fail****
20191228-083804<WARN :0xf7760950>: g_GetScript find unpreloaded file [\script\中原一区\汴京\npc\萧远楼.lua]
20191228-083804<ERROR:0xf7760950>: ****{JiaXQing}Excute npc[Tiu Ngc] script[\script\中原一区\汴京\npc\萧远楼.lua] fail****
20191228-083805<ERROR:0xf7760950>: gs ping bishop[result=1], CurFrame[12403] LastFrame[12042] NewFrame[12403]
20191228-083805<INFO :0xf7760950>: [BiShopPing] Ping return at 71639075.
20191228-083808<WARN :0xf7760950>: g_GetScript find unpreloaded file [\script\task\WeekEnd\甄子丹.lua]
20191228-083808<ERROR:0xf7760950>: ****{JiaXQing}Excute npc[Чi s hot ng cui tun] script[\script\task\WeekEnd\甄子丹.lua] fail****
20191228-083810<ERROR:0xf7760950>: ****{JiaXQing}Excute npc[Чi s hot ng cui tun] script[\script\task\WeekEnd\甄子丹.lua] fail****
20191228-083813<WARN :0xf7760950>: # GameLogicSpeed : 17 fps.(abnormal!!!)
20191228-083816<INFO :0xf7760950>: gs ping goddess[result=1], CurFrame[12574] LastFrame[12033] NewFrame[12574]
20191228-083816<INFO :0xf7760950>: receieve goddess ping reply, goddess time = 71649122
20191228-083826<ERROR:0xf7760950>: gs ping bishop[result=1], CurFrame[12764] LastFrame[12403] NewFrame[12764]
20191228-083826<INFO :0xf7760950>: [BiShopPing] Ping return at 71659143.
20191228-083828<WARN :0xf7760950>: # GameLogicSpeed : 17 fps.(abnormal!!!)
20191228-083835<WARN :0xf7760950>: g_GetScript find unpreloaded file [\script\中原一区\汴京\npc\西洋传教士.lua]
20191228-083835<ERROR:0xf7760950>: ****{JiaXQing}Excute npc[Gio s] script[\script\中原一区\汴京\npc\西洋传教士.lua] fail****
20191228-083836<INFO :0xf7760950>: [Frame debug] Frame 12960
20191228-083842<WARN :0xf7760950>: # GameLogicSpeed : 17 fps.(abnormal!!!)
20191228-083845<INFO :0xf7760950>: gs ping goddess[result=1], CurFrame[13115] LastFrame[12574] NewFrame[13115]
20191228-083845<INFO :0xf7760950>: receieve goddess ping reply, goddess time = 71678607
20191228-083846<ERROR:0xf7760950>: gs ping bishop[result=1], CurFrame[13125] LastFrame[12764] NewFrame[13125]
20191228-083846<INFO :0xf7760950>: [BiShopPing] Ping return at 71679162.
20191228-083846<WARN :0xf7760950>: g_GetScript find unpreloaded file [\script\中原一区\汴京\npc\汴京车夫.lua]
20191228-083846<ERROR:0xf7760950>: ****{JiaXQing}Excute npc[Xa phu] script[\script\中原一区\汴京\npc\汴京车夫.lua] fail****
20191228-083848<ERROR:0xf7760950>: ****{JiaXQing}Excute npc[Xa phu] script[\script\中原一区\汴京\npc\汴京车夫.lua] fail****
20191228-083849<WARN :0xf7760950>: [_IsFrameNew] force new frame from clock() uTimeElapse=732359 GameLogicFrameTime=13184 GameLogicFrameTimeBeforeChangeSpeed=1 GameLogicFps=18 r=538 c_cur=99840000 c_diff=1250000ms e_diff=1250 ms
20191228-083906<ERROR:0xf7760950>: gs ping bishop[result=1], CurFrame[13486] LastFrame[13125] NewFrame[13486]
20191228-083906<INFO :0xf7760950>: [BiShopPing] Ping return at 71699220.
20191228-083907<ERROR:0xf7760950>: ****tagGLOBAL_FUNCTIONS::ExecuteScript2:Cannot find script[2494411944][OnUse]****
20191228-083910<WARN :0xf7760950>: # GameLogicSpeed : 17 fps.(abnormal!!!)
20191228-083915<INFO :0xf7760950>: gs ping goddess[result=1], CurFrame[13656] LastFrame[13115] NewFrame[13656]
20191228-083915<INFO :0xf7760950>: receieve goddess ping reply, goddess time = 71708647
20191228-083917<WARN :0xf7760950>: [_IsFrameNew] force new frame from clock() uTimeElapse=760200 GameLogicFrameTime=13685 GameLogicFrameTimeBeforeChangeSpeed=1 GameLogicFps=18 r=400 c_cur=106560000 c_diff=1200000ms e_diff=1203 ms
20191228-083924<WARN :0xf7760950>: # GameLogicSpeed : 17 fps.(abnormal!!!)
20191228-083926<ERROR:0xf7760950>: gs ping bishop[result=1], CurFrame[13847] LastFrame[13486] NewFrame[13847]
20191228-083926<INFO :0xf7760950>: [BiShopPing] Ping return at 71719371.
20191228-083938<WARN :0xf7760950>: g_GetScript find unpreloaded file [\script\skill\秘籍武功\凌波微步.lua]
20191228-083945<INFO :0xf7760950>: gs ping goddess[result=1], CurFrame[14197] LastFrame[13656] NewFrame[14197]
20191228-083945<INFO :0xf7760950>: receieve goddess ping reply, goddess time = 71738694
20191228-083946<ERROR:0xf7760950>: gs ping bishop[result=1], CurFrame[14208] LastFrame[13847] NewFrame[14208]
20191228-083946<INFO :0xf7760950>: [BiShopPing] Ping return at 71739310.
20191228-084002<WARN :0xf7760950>: g_GetScript find unpreloaded file [\script\中原一区\汴京\npc\舞娘.lua]
20191228-084002<ERROR:0xf7760950>: ****{JiaXQing}Excute npc[V Nng] script[\script\中原一区\汴京\npc\舞娘.lua] fail****
20191228-084006<ERROR:0xf7760950>: gs ping bishop[result=1], CurFrame[14569] LastFrame[14208] NewFrame[14569]
20191228-084006<INFO :0xf7760950>: [BiShopPing] Ping return at 71759410.
20191228-084015<INFO :0xf7760950>: gs ping goddess[result=1], CurFrame[14738] LastFrame[14197] NewFrame[14738]
20191228-084015<INFO :0xf7760950>: receieve goddess ping reply, goddess time = 71768744
20191228-084026<ERROR:0xf7760950>: gs ping bishop[result=1], CurFrame[14930] LastFrame[14569] NewFrame[14930]
20191228-084026<INFO :0xf7760950>: [BiShopPing] Ping return at 71779388.
20191228-084028<WARN :0xf7760950>: g_GetScript find unpreloaded file [\script\中原一区\汴京\npc\男服装店老板.lua]
20191228-084028<ERROR:0xf7760950>: ****{JiaXQing}Excute npc[Ch Tim Nam phc] script[\script\中原一区\汴京\npc\男服装店老板.lua] fail****
20191228-084042<ERROR:0xf7760950>: Recv data error, shutdown(linkindex:0)
20191228-084042<INFO :0xf7760950>: [LOGIN/OUT] Connection[0] lost, idx:1, acc:jiqinghk, role:JiaXQing, GameStatus:PlayerPlaying, ExchangeStatus:ExchangeBegin, LastPingTime:[2019-12-28 08:40:39]
20191228-084042<INFO :0xf7760950>: PlayerName = JiaXQing, KItemLockMgr::SaveData, 0, 0, 0
20191228-084042<INFO :0xf7760950>: [CheckCRC] UpdateDBPlayerInfo(jiqinghk, JiaXQing) dwCRC=3BE038DA dwDataLen=4203
20191228-084042<INFO :0xf7760950>: [SavePlayerData] send save request to goddess bUnLock=1, acc:jiqinghk, role:JiaXQing
20191228-084042<INFO :0xf7760950>: [LOGIN/OUT] G2B_ROLE_LOGOUT idx:1, acc:jiqinghk, role:JiaXQing
20191228-084042<INFO :0xf7760950>: acc:jiqinghk leave game!
20191228-084042<INFO :0xf7760950>: Remove player object . acc jiqinghk, role JiaXQing
