ChangeLogFile: FirstWrite=1, CurrentLine=0/65536 LastTime=1900-1-0 0:0:0
20240706-144802<INFO :0xf7429700>: [KG_Angel][Version:Oct 31 2014 15:04:45] begin initial...
20240706-144802<INFO :0xf7429700>: Data OK! Current max Service ID is: 2325366
20240706-144915<INFO :0xf4affb40>: [CheckCRC] CheckRoleData khang.Jx2iiTieuKhang dwCRC=E47CDE64/E47CDE64 nResult=1
20240706-144922<INFO :0xf36ffb40>: [CheckCRC] CheckRoleData khang.Jx2iiTieuKhang dwCRC=886D323D/886D323D nResult=1
20240706-144929<INFO :0xf36ffb40>: [CheckCRC] CheckRoleData khang.Jx2iiTieuKhang dwCRC=05FFA24A/05FFA24A nResult=1
20240706-144935<INFO :0xf36ffb40>: [CheckCRC] CheckRoleData khang.Jx2iiTieuKhang dwCRC=3E4EB411/3E4EB411 nResult=1
20240706-144939<INFO :0xf4affb40>: [CheckCRC] CheckRoleData khang.Jx2iiTieuKhang dwCRC=594D4BE8/594D4BE8 nResult=1
20240706-144943<INFO :0xf2cffb40>: [CheckCRC] CheckRoleData khang.Jx2iiTieuKhang dwCRC=129CA4BC/129CA4BC nResult=1
20240706-145013<INFO :0xf2cffb40>: [CheckCRC] CheckRoleData khang.Jx2iiTieuKhang dwCRC=DF168189/DF168189 nResult=1
20240706-145019<INFO :0xf2cffb40>: [CheckCRC] CheckRoleData khang.Jx2iiTieuKhang dwCRC=83732928/83732928 nResult=1
20240706-145030<INFO :0xf2cffb40>: [CheckCRC] CheckRoleData khang.Jx2iiTieuKhang dwCRC=D6FD0A6E/D6FD0A6E nResult=1
20240706-145102<INFO :0xf2cffb40>: [CheckCRC] CheckRoleData khang.Jx2iiTieuKhang dwCRC=EDE9BA1F/EDE9BA1F nResult=1
20240706-145108<INFO :0xf2cffb40>: [CheckCRC] CheckRoleData khang.Jx2iiTieuKhang dwCRC=FE9F5E56/FE9F5E56 nResult=1
20240706-145121<INFO :0xf2cffb40>: [CheckCRC] CheckRoleData khang.Jx2iiTieuKhang dwCRC=E954085B/E954085B nResult=1
20240706-145308<INFO :0xf2cffb40>: [CheckCRC] CheckRoleData khang.Jx2iiTieuKhang dwCRC=2417D4C6/2417D4C6 nResult=1
20240706-145314<INFO :0xf2cffb40>: [CheckCRC] CheckRoleData khang.Jx2iiTieuKhang dwCRC=99C66525/99C66525 nResult=1
20240706-145320<INFO :0xf2cffb40>: [CheckCRC] CheckRoleData khang.Jx2iiTieuKhang dwCRC=3677793C/3677793C nResult=1
20240706-145326<INFO :0xf4affb40>: [CheckCRC] CheckRoleData khang.Jx2iiTieuKhang dwCRC=EF8708C8/EF8708C8 nResult=1
20240706-145331<INFO :0xf4affb40>: [CheckCRC] CheckRoleData khang.Jx2iiTieuKhang dwCRC=7E9BF945/7E9BF945 nResult=1
