ChangeLogFile: FirstWrite=1, CurrentLine=0/65536 LastTime=1900-1-0 0:0:0
20240624-224418<INFO :0xf7385700>: [KG_Angel][Version:Oct 31 2014 15:04:45] begin initial...
20240624-224418<INFO :0xf7385700>: Data OK! Current max Service ID is: 2318756
20240624-225046<INFO :0xf52ffb40>: [CheckCRC] CheckRoleData kan.Jx2iiTieuKan dwCRC=2EC512B2/2EC512B2 nResult=1
20240624-225729<INFO :0xf52ffb40>: [CheckCRC] CheckRoleData kan.Jx2iiTieuKan dwCRC=D2C5290E/D2C5290E nResult=1
20240624-225730<INFO :0xf52ffb40>: [CheckCRC] CheckRoleData kan.Jx2iiTieuKan dwCRC=B87D45D2/B87D45D2 nResult=1
20240624-225730<INFO :0xf52ffb40>: [CheckCRC] CheckRoleData kan.Jx2iiTieuKan dwCRC=7C10F3E4/7C10F3E4 nResult=1
20240624-225730<INFO :0xf52ffb40>: [CheckCRC] CheckRoleData kan.Jx2iiTieuKan dwCRC=E02E57D8/E02E57D8 nResult=1
20240624-225731<INFO :0xf52ffb40>: [CheckCRC] CheckRoleData kan.Jx2iiTieuKan dwCRC=6D0722DE/6D0722DE nResult=1
20240624-225731<INFO :0xf52ffb40>: [CheckCRC] CheckRoleData kan.Jx2iiTieuKan dwCRC=6778ABEE/6778ABEE nResult=1
20240624-225731<INFO :0xf52ffb40>: [CheckCRC] CheckRoleData kan.Jx2iiTieuKan dwCRC=8619934C/8619934C nResult=1
20240624-225731<INFO :0xf52ffb40>: [CheckCRC] CheckRoleData kan.Jx2iiTieuKan dwCRC=C5F90F25/C5F90F25 nResult=1
20240624-225732<INFO :0xf52ffb40>: [CheckCRC] CheckRoleData kan.Jx2iiTieuKan dwCRC=67E45587/67E45587 nResult=1
20240624-225732<INFO :0xf52ffb40>: [CheckCRC] CheckRoleData kan.Jx2iiTieuKan dwCRC=5F76EC43/5F76EC43 nResult=1
20240624-225732<INFO :0xf52ffb40>: [CheckCRC] CheckRoleData kan.Jx2iiTieuKan dwCRC=B72897E6/B72897E6 nResult=1
20240624-225733<INFO :0xf52ffb40>: [CheckCRC] CheckRoleData kan.Jx2iiTieuKan dwCRC=8971DDE3/8971DDE3 nResult=1
20240624-225733<INFO :0xf52ffb40>: [CheckCRC] CheckRoleData kan.Jx2iiTieuKan dwCRC=51AFF7F3/51AFF7F3 nResult=1
20240624-225733<INFO :0xf52ffb40>: [CheckCRC] CheckRoleData kan.Jx2iiTieuKan dwCRC=653EE64D/653EE64D nResult=1
20240624-225734<INFO :0xf52ffb40>: [CheckCRC] CheckRoleData kan.Jx2iiTieuKan dwCRC=2E6A55DE/2E6A55DE nResult=1
20240624-225734<INFO :0xf52ffb40>: [CheckCRC] CheckRoleData kan.Jx2iiTieuKan dwCRC=5F797337/5F797337 nResult=1
20240624-225734<INFO :0xf52ffb40>: [CheckCRC] CheckRoleData kan.Jx2iiTieuKan dwCRC=C3FCE0A9/C3FCE0A9 nResult=1
20240624-225735<INFO :0xf52ffb40>: [CheckCRC] CheckRoleData kan.Jx2iiTieuKan dwCRC=1FD8CDED/1FD8CDED nResult=1
20240624-225735<INFO :0xf52ffb40>: [CheckCRC] CheckRoleData kan.Jx2iiTieuKan dwCRC=5CDEAB37/5CDEAB37 nResult=1
20240624-225736<INFO :0xf52ffb40>: [CheckCRC] CheckRoleData kan.Jx2iiTieuKan dwCRC=436BC4FF/436BC4FF nResult=1
20240624-225736<INFO :0xf52ffb40>: [CheckCRC] CheckRoleData kan.Jx2iiTieuKan dwCRC=EAA1A037/EAA1A037 nResult=1
20240624-225736<INFO :0xf52ffb40>: [CheckCRC] CheckRoleData kan.Jx2iiTieuKan dwCRC=0609305D/0609305D nResult=1
20240624-225736<INFO :0xf52ffb40>: [CheckCRC] CheckRoleData kan.Jx2iiTieuKan dwCRC=C6AE693D/C6AE693D nResult=1
20240624-225737<INFO :0xf52ffb40>: [CheckCRC] CheckRoleData kan.Jx2iiTieuKan dwCRC=EC82CE7E/EC82CE7E nResult=1
20240624-225737<INFO :0xf52ffb40>: [CheckCRC] CheckRoleData kan.Jx2iiTieuKan dwCRC=203A0FE7/203A0FE7 nResult=1
20240624-225738<INFO :0xf52ffb40>: [CheckCRC] CheckRoleData kan.Jx2iiTieuKan dwCRC=266D5A86/266D5A86 nResult=1
20240624-225812<INFO :0xf52ffb40>: [CheckCRC] CheckRoleData kan.Jx2iiTieuKan dwCRC=A15AB17C/A15AB17C nResult=1
20240624-225812<INFO :0xf52ffb40>: [CheckCRC] CheckRoleData kan.Jx2iiTieuKan dwCRC=A137BACF/A137BACF nResult=1
20240624-225813<INFO :0xf52ffb40>: [CheckCRC] CheckRoleData kan.Jx2iiTieuKan dwCRC=41558F04/41558F04 nResult=1
20240624-225813<INFO :0xf52ffb40>: [CheckCRC] CheckRoleData kan.Jx2iiTieuKan dwCRC=144ABBEC/144ABBEC nResult=1
20240624-225813<INFO :0xf52ffb40>: [CheckCRC] CheckRoleData kan.Jx2iiTieuKan dwCRC=502F13E1/502F13E1 nResult=1
20240624-225814<INFO :0xf52ffb40>: [CheckCRC] CheckRoleData kan.Jx2iiTieuKan dwCRC=7DE8F50B/7DE8F50B nResult=1
20240624-225814<INFO :0xf52ffb40>: [CheckCRC] CheckRoleData kan.Jx2iiTieuKan dwCRC=5F31B33E/5F31B33E nResult=1
20240624-225814<INFO :0xf52ffb40>: [CheckCRC] CheckRoleData kan.Jx2iiTieuKan dwCRC=E42C83EB/E42C83EB nResult=1
20240624-225815<INFO :0xf52ffb40>: [CheckCRC] CheckRoleData kan.Jx2iiTieuKan dwCRC=C9B13CF6/C9B13CF6 nResult=1
20240624-225815<INFO :0xf52ffb40>: [CheckCRC] CheckRoleData kan.Jx2iiTieuKan dwCRC=F3CED6AE/F3CED6AE nResult=1
20240624-225815<INFO :0xf52ffb40>: [CheckCRC] CheckRoleData kan.Jx2iiTieuKan dwCRC=58F4993F/58F4993F nResult=1
20240624-225816<INFO :0xf52ffb40>: [CheckCRC] CheckRoleData kan.Jx2iiTieuKan dwCRC=8CCE4823/8CCE4823 nResult=1
20240624-225816<INFO :0xf52ffb40>: [CheckCRC] CheckRoleData kan.Jx2iiTieuKan dwCRC=3A343570/3A343570 nResult=1
20240624-225829<INFO :0xf52ffb40>: [CheckCRC] CheckRoleData kan.Jx2iiTieuKan dwCRC=5FB8EAC4/5FB8EAC4 nResult=1
20240624-230022<INFO :0xf52ffb40>: [CheckCRC] CheckRoleData kan.Jx2iiTieuKan dwCRC=B72EFB5C/B72EFB5C nResult=1
20240624-230122<INFO :0xf52ffb40>: [CheckCRC] CheckRoleData kan.Jx2iiTieuKan dwCRC=8D539F54/8D539F54 nResult=1
20240624-230149<INFO :0xf52ffb40>: [CheckCRC] CheckRoleData kan.Jx2iiTieuKan dwCRC=DFF40466/DFF40466 nResult=1
20240624-230149<INFO :0xf52ffb40>: [CheckCRC] CheckRoleData kan.Jx2iiTieuKan dwCRC=33FEFCCA/33FEFCCA nResult=1
20240624-230150<INFO :0xf52ffb40>: [CheckCRC] CheckRoleData kan.Jx2iiTieuKan dwCRC=31A990B7/31A990B7 nResult=1
20240624-230150<INFO :0xf52ffb40>: [CheckCRC] CheckRoleData kan.Jx2iiTieuKan dwCRC=71B7A167/71B7A167 nResult=1
20240624-230151<INFO :0xf52ffb40>: [CheckCRC] CheckRoleData kan.Jx2iiTieuKan dwCRC=56876923/56876923 nResult=1
20240624-230151<INFO :0xf52ffb40>: [CheckCRC] CheckRoleData kan.Jx2iiTieuKan dwCRC=BF55F105/BF55F105 nResult=1
20240624-230151<INFO :0xf52ffb40>: [CheckCRC] CheckRoleData kan.Jx2iiTieuKan dwCRC=FCEED720/FCEED720 nResult=1
20240624-230152<INFO :0xf52ffb40>: [CheckCRC] CheckRoleData kan.Jx2iiTieuKan dwCRC=DDE1BF17/DDE1BF17 nResult=1
20240624-230152<INFO :0xf52ffb40>: [CheckCRC] CheckRoleData kan.Jx2iiTieuKan dwCRC=317F13AB/317F13AB nResult=1
20240624-230152<INFO :0xf52ffb40>: [CheckCRC] CheckRoleData kan.Jx2iiTieuKan dwCRC=6D46326A/6D46326A nResult=1
20240624-230153<INFO :0xf52ffb40>: [CheckCRC] CheckRoleData kan.Jx2iiTieuKan dwCRC=B9A4B84B/B9A4B84B nResult=1
20240624-230153<INFO :0xf52ffb40>: [CheckCRC] CheckRoleData kan.Jx2iiTieuKan dwCRC=BCB87848/BCB87848 nResult=1
20240624-230625<INFO :0xf52ffb40>: [CheckCRC] CheckRoleData kan.Jx2iiTieuKan dwCRC=B5306A6B/B5306A6B nResult=1
20240624-230625<INFO :0xf52ffb40>: [CheckCRC] CheckRoleData kan.Jx2iiTieuKan dwCRC=B57A0A2F/B57A0A2F nResult=1
20240624-230721<INFO :0xf52ffb40>: [CheckCRC] CheckRoleData kan.Jx2iiTieuKan dwCRC=58A2E72B/58A2E72B nResult=1
20240624-230721<INFO :0xf52ffb40>: [CheckCRC] CheckRoleData kan.Jx2iiTieuKan dwCRC=5CE7BA6F/5CE7BA6F nResult=1
20240624-230817<INFO :0xf52ffb40>: [CheckCRC] CheckRoleData kan.Jx2iiTieuKan dwCRC=0847E4F4/0847E4F4 nResult=1
20240624-230817<INFO :0xf52ffb40>: [CheckCRC] CheckRoleData kan.Jx2iiTieuKan dwCRC=F91FB16E/F91FB16E nResult=1
20240624-230909<INFO :0xf52ffb40>: [CheckCRC] CheckRoleData kan.Jx2iiTieuKan dwCRC=EB8098E7/EB8098E7 nResult=1
20240624-230910<INFO :0xf52ffb40>: [CheckCRC] CheckRoleData kan.Jx2iiTieuKan dwCRC=F8DD9B25/F8DD9B25 nResult=1
20240624-231005<INFO :0xf52ffb40>: [CheckCRC] CheckRoleData kan.Jx2iiTieuKan dwCRC=7ED33524/7ED33524 nResult=1
20240624-231006<INFO :0xf52ffb40>: [CheckCRC] CheckRoleData kan.Jx2iiTieuKan dwCRC=B13D3273/B13D3273 nResult=1
20240624-231006<INFO :0xf52ffb40>: [CheckCRC] CheckRoleData kan.Jx2iiTieuKan dwCRC=B855EF3F/B855EF3F nResult=1
20240624-231119<INFO :0xf52ffb40>: [CheckCRC] CheckRoleData kan.Jx2iiTieuKan dwCRC=0353AAD7/0353AAD7 nResult=1
20240624-231120<INFO :0xf52ffb40>: [CheckCRC] CheckRoleData kan.Jx2iiTieuKan dwCRC=B20FB680/B20FB680 nResult=1
20240624-231120<INFO :0xf52ffb40>: [CheckCRC] CheckRoleData kan.Jx2iiTieuKan dwCRC=76F1DAE1/76F1DAE1 nResult=1
20240624-231226<INFO :0xf52ffb40>: [CheckCRC] CheckRoleData kan.Jx2iiTieuKan dwCRC=36E8ADF3/36E8ADF3 nResult=1
20240624-231226<INFO :0xf52ffb40>: [CheckCRC] CheckRoleData kan.Jx2iiTieuKan dwCRC=4C801EA9/4C801EA9 nResult=1
20240624-231227<INFO :0xf52ffb40>: [CheckCRC] CheckRoleData kan.Jx2iiTieuKan dwCRC=E455C738/E455C738 nResult=1
20240624-231227<INFO :0xf52ffb40>: [CheckCRC] CheckRoleData kan.Jx2iiTieuKan dwCRC=BD804211/BD804211 nResult=1
20240624-231406<INFO :0xf52ffb40>: [CheckCRC] CheckRoleData kan.Jx2iiTieuKan dwCRC=3FC83B26/3FC83B26 nResult=1
20240624-231406<INFO :0xf52ffb40>: [CheckCRC] CheckRoleData kan.Jx2iiTieuKan dwCRC=2D041489/2D041489 nResult=1
20240624-231407<INFO :0xf52ffb40>: [CheckCRC] CheckRoleData kan.Jx2iiTieuKan dwCRC=1F39F9F6/1F39F9F6 nResult=1
20240624-231407<INFO :0xf52ffb40>: [CheckCRC] CheckRoleData kan.Jx2iiTieuKan dwCRC=FF58F4C8/FF58F4C8 nResult=1
20240624-231407<INFO :0xf52ffb40>: [CheckCRC] CheckRoleData kan.Jx2iiTieuKan dwCRC=00440130/00440130 nResult=1
20240624-231408<INFO :0xf52ffb40>: [CheckCRC] CheckRoleData kan.Jx2iiTieuKan dwCRC=F8529654/F8529654 nResult=1
20240624-231700<INFO :0xf52ffb40>: [CheckCRC] CheckRoleData kan.Jx2iiTieuKan dwCRC=D9306DED/D9306DED nResult=1
20240624-231701<INFO :0xf52ffb40>: [CheckCRC] CheckRoleData kan.Jx2iiTieuKan dwCRC=A29F3BD7/A29F3BD7 nResult=1
20240624-231701<INFO :0xf52ffb40>: [CheckCRC] CheckRoleData kan.Jx2iiTieuKan dwCRC=A460CCDB/A460CCDB nResult=1
20240624-231701<INFO :0xf52ffb40>: [CheckCRC] CheckRoleData kan.Jx2iiTieuKan dwCRC=42444DEF/42444DEF nResult=1
20240624-231702<INFO :0xf52ffb40>: [CheckCRC] CheckRoleData kan.Jx2iiTieuKan dwCRC=9E2D1535/9E2D1535 nResult=1
20240624-231702<INFO :0xf52ffb40>: [CheckCRC] CheckRoleData kan.Jx2iiTieuKan dwCRC=656B4C91/656B4C91 nResult=1
20240624-231702<INFO :0xf52ffb40>: [CheckCRC] CheckRoleData kan.Jx2iiTieuKan dwCRC=25F99144/25F99144 nResult=1
20240624-231703<INFO :0xf52ffb40>: [CheckCRC] CheckRoleData kan.Jx2iiTieuKan dwCRC=F69935A6/F69935A6 nResult=1
20240624-231703<INFO :0xf52ffb40>: [CheckCRC] CheckRoleData kan.Jx2iiTieuKan dwCRC=7345A087/7345A087 nResult=1
20240624-231704<INFO :0xf52ffb40>: [CheckCRC] CheckRoleData kan.Jx2iiTieuKan dwCRC=37BA580A/37BA580A nResult=1
20240624-231704<INFO :0xf52ffb40>: [CheckCRC] CheckRoleData kan.Jx2iiTieuKan dwCRC=28BFE347/28BFE347 nResult=1
20240624-231704<INFO :0xf52ffb40>: [CheckCRC] CheckRoleData kan.Jx2iiTieuKan dwCRC=7CF53B2B/7CF53B2B nResult=1
20240624-231705<INFO :0xf52ffb40>: [CheckCRC] CheckRoleData kan.Jx2iiTieuKan dwCRC=11B002C3/11B002C3 nResult=1
20240624-231705<INFO :0xf52ffb40>: [CheckCRC] CheckRoleData kan.Jx2iiTieuKan dwCRC=39B50636/39B50636 nResult=1
20240624-231705<INFO :0xf52ffb40>: [CheckCRC] CheckRoleData kan.Jx2iiTieuKan dwCRC=FD537B13/FD537B13 nResult=1
20240624-231706<INFO :0xf52ffb40>: [CheckCRC] CheckRoleData kan.Jx2iiTieuKan dwCRC=0BCC42ED/0BCC42ED nResult=1
20240624-231706<INFO :0xf52ffb40>: [CheckCRC] CheckRoleData kan.Jx2iiTieuKan dwCRC=7976B82D/7976B82D nResult=1
20240624-231707<INFO :0xf52ffb40>: [CheckCRC] CheckRoleData kan.Jx2iiTieuKan dwCRC=8691AB7E/8691AB7E nResult=1
20240624-231707<INFO :0xf52ffb40>: [CheckCRC] CheckRoleData kan.Jx2iiTieuKan dwCRC=D9536DB8/D9536DB8 nResult=1
20240624-231707<INFO :0xf52ffb40>: [CheckCRC] CheckRoleData kan.Jx2iiTieuKan dwCRC=322FD8C1/322FD8C1 nResult=1
20240624-231707<INFO :0xf52ffb40>: [CheckCRC] CheckRoleData kan.Jx2iiTieuKan dwCRC=3683A1EB/3683A1EB nResult=1
20240624-231708<INFO :0xf52ffb40>: [CheckCRC] CheckRoleData kan.Jx2iiTieuKan dwCRC=9CBEAC9B/9CBEAC9B nResult=1
20240624-231708<INFO :0xf52ffb40>: [CheckCRC] CheckRoleData kan.Jx2iiTieuKan dwCRC=5127A59F/5127A59F nResult=1
20240624-232712<INFO :0xf52ffb40>: [CheckCRC] CheckRoleData kan.Jx2iiTieuKan dwCRC=C4E7CE26/C4E7CE26 nResult=1
20240624-233112<INFO :0xf52ffb40>: [CheckCRC] CheckRoleData kan.Jx2iiTieuKan dwCRC=D659FD66/D659FD66 nResult=1
