ChangeLogFile: FirstWrite=1, CurrentLine=0/65536 LastTime=1900-1-0 0:0:0
20200105-230739<INFO :0xf7455700>: [verify_up2date]...
20200105-230739<INFO :0xf7455700>: >Current lang is [gb18030]
20200105-230739<INFO :0xf7455700>: >Welcome to use [verify_up2date](version: 2.3.4 [2018-02-25]) tool. 
20200105-230739<INFO :0xf7455700>: >Time duration: 9.701547ms 
20200105-230739<INFO :0xf7455700>: >
20200105-230739<INFO :0xf7455700>: >Finish, my exit code is: 0
20200105-230739<INFO :0xf7455700>: |shell cmd result is 0
20200105-230739<INFO :0xf7455700>: ExecShellCmd [./verify_up2date -op=vef -d="/home/server/gw/Relay" ] ret=0
20200105-230739<INFO :0xf7455700>: [verify_up2date] ok
20200105-230739<INFO :0xf7455700>: [Relay][Version:Nov 14 2014 15:55:12] Begin to start ... ...
20200105-230739<INFO :0xf7455700>: [KG_Relay] Set log level ... ... KGLOG_UPTO(KGLOG_DEBUG)
20200105-230739<INFO :0xf7455700>: [KG_Relay] Loading relay.ini
20200105-230739<INFO :0xf7455700>: Run without GMC!
20200105-230739<INFO :0xf7455700>: [KGD] Mysql info: client[5.1.69] host[Localhost via UNIX socket] server[5.5.64-MariaDB]
20200105-230739<DEBUG:0xf7455700>: [KGD] Success connect to localhost:3306, character set switch to latin1
20200105-230739<INFO :0xf7455700>: [KGD] Mysql info: client[5.1.69] host[Localhost via UNIX socket] server[5.5.64-MariaDB]
20200105-230739<DEBUG:0xf7455700>: [KGD] KGD_PROCESS_ERROR(nRetCode, KGD_ERROR_NOT_SUPPORT), at line 1467 in (0x0x9c42b18)->_LoadTable()
20200105-230739<DEBUG:0xf7455700>: [KGD] (0x0x9c42b18)->_LoadTable("fightteam")
20200105-230739<DEBUG:0xf7455700>: [KGD] KGD_PROCESS_ERROR(nRetCode, KGD_ERROR_NOT_SUPPORT), at line 1467 in (0x0x9c42b18)->_LoadTable()
20200105-230739<DEBUG:0xf7455700>: [KGD] (0x0x9c42b18)->_LoadTable("playerfightteam")
20200105-230739<DEBUG:0xf7455700>: [KGD] Success connect to localhost:3306, character set switch to latin1
20200105-230739<INFO :0xf7455700>: [KGD] Mysql info: client[5.1.69] host[Localhost via UNIX socket] server[5.5.64-MariaDB]
20200105-230739<DEBUG:0xf7455700>: [KGD] KGD_PROCESS_ERROR(nRetCode, KGD_ERROR_NOT_SUPPORT), at line 1467 in (0x0x9c71550)->_LoadTable()
20200105-230739<DEBUG:0xf7455700>: [KGD] (0x0x9c71550)->_LoadTable("fightteam")
20200105-230739<DEBUG:0xf7455700>: [KGD] KGD_PROCESS_ERROR(nRetCode, KGD_ERROR_NOT_SUPPORT), at line 1467 in (0x0x9c71550)->_LoadTable()
20200105-230739<DEBUG:0xf7455700>: [KGD] (0x0x9c71550)->_LoadTable("playerfightteam")
20200105-230739<DEBUG:0xf7455700>: [KGD] Success connect to localhost:3306, character set switch to latin1
20200105-230739<INFO :0xf67ffb40>: [KGD] Mysql info: client[5.1.69] host[Localhost via UNIX socket] server[5.5.64-MariaDB]
20200105-230739<DEBUG:0xf67ffb40>: [KGD] KGD_PROCESS_ERROR(nRetCode, KGD_ERROR_NOT_SUPPORT), at line 1467 in (0x0xf5e00470)->_LoadTable()
20200105-230739<DEBUG:0xf67ffb40>: [KGD] (0x0xf5e00470)->_LoadTable("fightteam")
20200105-230739<DEBUG:0xf67ffb40>: [KGD] KGD_PROCESS_ERROR(nRetCode, KGD_ERROR_NOT_SUPPORT), at line 1467 in (0x0xf5e00470)->_LoadTable()
20200105-230739<DEBUG:0xf67ffb40>: [KGD] (0x0xf5e00470)->_LoadTable("playerfightteam")
20200105-230739<DEBUG:0xf67ffb40>: [KGD] Success connect to localhost:3306, character set switch to latin1
20200105-230739<INFO :0xf7455700>: [KGD] Mysql info: client[5.1.69] host[Localhost via UNIX socket] server[5.5.64-MariaDB]
20200105-230739<DEBUG:0xf7455700>: [KGD] KGD_PROCESS_ERROR(nRetCode, KGD_ERROR_NOT_SUPPORT), at line 1467 in (0x0x9c70140)->_LoadTable()
20200105-230739<DEBUG:0xf7455700>: [KGD] (0x0x9c70140)->_LoadTable("fightteam")
20200105-230739<DEBUG:0xf7455700>: [KGD] KGD_PROCESS_ERROR(nRetCode, KGD_ERROR_NOT_SUPPORT), at line 1467 in (0x0x9c70140)->_LoadTable()
20200105-230739<DEBUG:0xf7455700>: [KGD] (0x0x9c70140)->_LoadTable("playerfightteam")
20200105-230739<DEBUG:0xf7455700>: [KGD] Success connect to localhost:3306, character set switch to latin1
20200105-230739<INFO :0xf5dffb40>: [KGD] Mysql info: client[5.1.69] host[Localhost via UNIX socket] server[5.5.64-MariaDB]
20200105-230739<DEBUG:0xf5dffb40>: [KGD] KGD_PROCESS_ERROR(nRetCode, KGD_ERROR_NOT_SUPPORT), at line 1467 in (0x0xf5400470)->_LoadTable()
20200105-230739<DEBUG:0xf5dffb40>: [KGD] (0x0xf5400470)->_LoadTable("fightteam")
20200105-230739<DEBUG:0xf5dffb40>: [KGD] KGD_PROCESS_ERROR(nRetCode, KGD_ERROR_NOT_SUPPORT), at line 1467 in (0x0xf5400470)->_LoadTable()
20200105-230739<DEBUG:0xf5dffb40>: [KGD] (0x0xf5400470)->_LoadTable("playerfightteam")
20200105-230739<DEBUG:0xf5dffb40>: [KGD] Success connect to localhost:3306, character set switch to latin1
20200105-230739<INFO :0xf7455700>: [KGD] Mysql info: client[5.1.69] host[Localhost via UNIX socket] server[5.5.64-MariaDB]
20200105-230739<DEBUG:0xf7455700>: [KGD] KGD_PROCESS_ERROR(nRetCode, KGD_ERROR_NOT_SUPPORT), at line 1467 in (0x0x9c84700)->_LoadTable()
20200105-230739<DEBUG:0xf7455700>: [KGD] (0x0x9c84700)->_LoadTable("fightteam")
20200105-230739<DEBUG:0xf7455700>: [KGD] KGD_PROCESS_ERROR(nRetCode, KGD_ERROR_NOT_SUPPORT), at line 1467 in (0x0x9c84700)->_LoadTable()
20200105-230739<DEBUG:0xf7455700>: [KGD] (0x0x9c84700)->_LoadTable("playerfightteam")
20200105-230739<DEBUG:0xf7455700>: [KGD] Success connect to localhost:3306, character set switch to latin1
20200105-230739<INFO :0xf53ffb40>: [KGD] Mysql info: client[5.1.69] host[Localhost via UNIX socket] server[5.5.64-MariaDB]
20200105-230739<DEBUG:0xf53ffb40>: [KGD] KGD_PROCESS_ERROR(nRetCode, KGD_ERROR_NOT_SUPPORT), at line 1467 in (0x0x9c8fe28)->_LoadTable()
20200105-230739<DEBUG:0xf53ffb40>: [KGD] (0x0x9c8fe28)->_LoadTable("fightteam")
20200105-230739<DEBUG:0xf53ffb40>: [KGD] KGD_PROCESS_ERROR(nRetCode, KGD_ERROR_NOT_SUPPORT), at line 1467 in (0x0x9c8fe28)->_LoadTable()
20200105-230739<DEBUG:0xf53ffb40>: [KGD] (0x0x9c8fe28)->_LoadTable("playerfightteam")
20200105-230739<DEBUG:0xf53ffb40>: [KGD] Success connect to localhost:3306, character set switch to latin1
20200105-230739<INFO :0xf7123b40>: [KGD] Mysql info: client[5.1.69] host[Localhost via UNIX socket] server[5.5.64-MariaDB]
20200105-230739<DEBUG:0xf7123b40>: [KGD] KGD_PROCESS_ERROR(nRetCode, KGD_ERROR_NOT_SUPPORT), at line 1467 in (0x0xf6800470)->_LoadTable()
20200105-230739<DEBUG:0xf7123b40>: [KGD] (0x0xf6800470)->_LoadTable("fightteam")
20200105-230739<DEBUG:0xf7123b40>: [KGD] KGD_PROCESS_ERROR(nRetCode, KGD_ERROR_NOT_SUPPORT), at line 1467 in (0x0xf6800470)->_LoadTable()
20200105-230739<DEBUG:0xf7123b40>: [KGD] (0x0xf6800470)->_LoadTable("playerfightteam")
20200105-230739<DEBUG:0xf7123b40>: [KGD] Success connect to localhost:3306, character set switch to latin1
20200105-230739<INFO :0xf7455700>: [KGD] Mysql info: client[5.1.69] host[Localhost via UNIX socket] server[5.5.64-MariaDB]
20200105-230739<DEBUG:0xf7455700>: [KGD] KGD_PROCESS_ERROR(nRetCode, KGD_ERROR_NOT_SUPPORT), at line 1467 in (0x0x9caeeb8)->_LoadTable()
20200105-230739<DEBUG:0xf7455700>: [KGD] (0x0x9caeeb8)->_LoadTable("fightteam")
20200105-230739<DEBUG:0xf7455700>: [KGD] KGD_PROCESS_ERROR(nRetCode, KGD_ERROR_NOT_SUPPORT), at line 1467 in (0x0x9caeeb8)->_LoadTable()
20200105-230739<DEBUG:0xf7455700>: [KGD] (0x0x9caeeb8)->_LoadTable("playerfightteam")
20200105-230739<DEBUG:0xf7455700>: [KGD] Success connect to localhost:3306, character set switch to latin1
20200105-230739<INFO :0xf7455700>: [KGD] Mysql info: client[5.1.69] host[Localhost via UNIX socket] server[5.5.64-MariaDB]
20200105-230739<DEBUG:0xf7455700>: [KGD] KGD_PROCESS_ERROR(nRetCode, KGD_ERROR_NOT_SUPPORT), at line 1467 in (0x0x9cd4e18)->_LoadTable()
20200105-230739<DEBUG:0xf7455700>: [KGD] (0x0x9cd4e18)->_LoadTable("fightteam")
20200105-230739<DEBUG:0xf7455700>: [KGD] KGD_PROCESS_ERROR(nRetCode, KGD_ERROR_NOT_SUPPORT), at line 1467 in (0x0x9cd4e18)->_LoadTable()
20200105-230739<DEBUG:0xf7455700>: [KGD] (0x0x9cd4e18)->_LoadTable("playerfightteam")
20200105-230739<DEBUG:0xf7455700>: [KGD] Success connect to localhost:3306, character set switch to latin1
20200105-230739<INFO :0xf4bfeb40>: [KGD] Mysql info: client[5.1.69] host[Localhost via UNIX socket] server[5.5.64-MariaDB]
20200105-230739<DEBUG:0xf4bfeb40>: [KGD] KGD_PROCESS_ERROR(nRetCode, KGD_ERROR_NOT_SUPPORT), at line 1467 in (0x0xf5407ac0)->_LoadTable()
20200105-230739<DEBUG:0xf4bfeb40>: [KGD] (0x0xf5407ac0)->_LoadTable("fightteam")
20200105-230739<DEBUG:0xf4bfeb40>: [KGD] KGD_PROCESS_ERROR(nRetCode, KGD_ERROR_NOT_SUPPORT), at line 1467 in (0x0xf5407ac0)->_LoadTable()
20200105-230739<DEBUG:0xf4bfeb40>: [KGD] (0x0xf5407ac0)->_LoadTable("playerfightteam")
20200105-230739<DEBUG:0xf4bfeb40>: [KGD] Success connect to localhost:3306, character set switch to latin1
20200105-230739<INFO :0xf7455700>: [KGD] Mysql info: client[5.1.69] host[Localhost via UNIX socket] server[5.5.64-MariaDB]
20200105-230739<DEBUG:0xf7455700>: [KGD] KGD_PROCESS_ERROR(nRetCode, KGD_ERROR_NOT_SUPPORT), at line 1467 in (0x0x9e77f58)->_LoadTable()
20200105-230739<DEBUG:0xf7455700>: [KGD] (0x0x9e77f58)->_LoadTable("fightteam")
20200105-230739<DEBUG:0xf7455700>: [KGD] KGD_PROCESS_ERROR(nRetCode, KGD_ERROR_NOT_SUPPORT), at line 1467 in (0x0x9e77f58)->_LoadTable()
20200105-230739<DEBUG:0xf7455700>: [KGD] (0x0x9e77f58)->_LoadTable("playerfightteam")
20200105-230739<DEBUG:0xf7455700>: [KGD] Success connect to localhost:3306, character set switch to latin1
20200105-230739<INFO :0xf7455700>: [MySQLDatabase] Connecting to `127.0.0.1`, database `jx2ib_database`...
20200105-230739<INFO :0xf7455700>: [MySQLDatabase] Connecting to `127.0.0.1`, database `jx2ib_database`...
20200105-230739<INFO :0xf7455700>: [RuntimeStat] ServerName=SONGLONG_GW FlushIntervalSec=300
20200105-230739<INFO :0xf7455700>: set runtime statistic result path is [runtime_stat_result/2020_01_05/stat_result_ksg_2020_01_05_@SONGLONG_GW.txt]
20200105-230739<WARN :0xf7455700>: [RuntimeDataStatRelay] FlushStat: File=runtime_stat_result/2020_01_05/stat_result_ksg_2020_01_05_@SONGLONG_GW.txt Count=367
20200105-230739<WARN :0xf7455700>: [RuntimeDataStatRelay] FlushStat: File=runtime_stat_result/2020_01_05/stat_result_vng_2020-01-05_@SONGLONG_GW.txt Count=1
20200105-230754<INFO :0xf7455700>: New connection from 127.0.0.1:6049, index = 0
20200105-230754<DEBUG:0xf7455700>: Send log info to gs(100007f) when connect ret=1
20200105-230754<INFO :0xf7455700>: New connection from 127.0.0.1:7138, index = 0
20200105-230754<INFO :0xf7455700>: New connection from 127.0.0.1:29156, index = 0
20200105-230754<INFO :0xf7455700>: [verify_up2date] GetUp2dateVersion: code=8DA68FCD
20200105-230754<ERROR:0xf7455700>: [KG_RelayTongGameSvr] [Error Protocol] [Protocol=52]
20200105-230754<DEBUG:0xf7455700>: KGLOG_PROCESS_ERROR(false) at line 83 in ProcessMessage
20200105-230754<ERROR:0xf7455700>: [KG_RelayTongGameSvr] [Error Protocol] [Protocol=52]
20200105-230754<DEBUG:0xf7455700>: KGLOG_PROCESS_ERROR(false) at line 83 in ProcessMessage
20200105-230754<ERROR:0xf7455700>: [KG_RelayTongGameSvr] [Error Protocol] [Protocol=52]
20200105-230754<DEBUG:0xf7455700>: KGLOG_PROCESS_ERROR(false) at line 83 in ProcessMessage
20200105-230754<INFO :0xf7455700>: Proc0_GameSvrLogin
20200105-230754<INFO :0xf7455700>: [MAP_INDEX_INFO] Notify map count 247 for gs: 0100007F
20200105-230756<WARN :0xf7455700>: Router NOT connected
20200105-230930<DEBUG:0xf7455700>: [RelationMgr] SomeoneLogin("demooooooooo")
20200105-230930<DEBUG:0xf7455700>: [RelationMgr] SomeoneLoad("demooooooooo")
20200105-230930<DEBUG:0xf7455700>: [Relation Database] Load "demooooooooo"
20200105-230930<WARN :0xf7455700>: Router NOT connected
20200105-230958<DEBUG:0xf7455700>: [RelationMgr] SomeoneLogout("demooooooooo")
20200105-231116<DEBUG:0xf7455700>: [RelationMgr] SomeoneLogin("demooooooooo")
20200105-231116<WARN :0xf7455700>: Router NOT connected
20200105-231342<DEBUG:0xf7455700>: [RelationMgr] SomeoneLogout("demooooooooo")
20200105-231345<INFO :0xf7455700>: Connection lost: 1(127.0.0.1, 1)
20200105-231345<DEBUG:0xf7455700>: gs(100007f) crashed
20200105-231345<INFO :0xf7455700>: Connection lost: 1(127.0.0.1, 1)
20200105-231345<INFO :0xf7455700>: Connection lost: 1(127.0.0.1, 1)
20200105-231346<INFO :0xf7455700>: [Relay] Get quit signal!
20200105-231346<INFO :0xf7455700>: Relay stopping!
