ChangeLogFile: FirstWrite=1, CurrentLine=0/160000 LastTime=1900-1-0 0:0:0
20200207-235825<INFO :0xf740d700>: [verify_up2date]...
20200207-235825<INFO :0xf740d700>: >Current lang is [gb18030]
20200207-235825<INFO :0xf740d700>: >Welcome to use [verify_up2date](version: 2.3.4 [2018-02-25]) tool. 
20200207-235825<INFO :0xf740d700>: >Time duration: 6.398233ms 
20200207-235825<INFO :0xf740d700>: >
20200207-235825<INFO :0xf740d700>: >Finish, my exit code is: 0
20200207-235825<INFO :0xf740d700>: |shell cmd result is 0
20200207-235825<INFO :0xf740d700>: ExecShellCmd [./verify_up2date -op=vef -d="/home/server/gw/Bishop" ] ret=0
20200207-235825<INFO :0xf740d700>: [verify_up2date] ok
20200207-235825<INFO :0xf740d700>: [Bishop][Version:Aug 22 2014 15:43:10] begin start up...
20200207-235825<INFO :0xf740d700>: [Bishop] Log level is set to "KGLOG_DEBUG"
20200207-235825<INFO :0xf740d700>: [Paysys] Login() Connect to (127.0.0.1 : 8000) SocketStream = 0x9aef0b8
20200207-235825<INFO :0xf740d700>: [Local machine info] InternalMacAddress: 00-0c-29-d7-3d-ab, InternalIPAddress: 192.168.1.8
20200207-235825<INFO :0xf740d700>: [Local machine info] ExternalMacAddress: 00-0c-29-d7-3d-ab, ExternalIPAddress: 192.168.1.8
20200207-235825<DEBUG:0xf740d700>: [Paysys] Login() Send Login Information to PaySys nRetCode = 1
20200207-235825<DEBUG:0xf740d700>: [Paysys] Login() Recv Verify Information From PaySys nRetCode = 1
20200207-235825<INFO :0xf740d700>: [Paysys] Login() Paysys Verify , RetCode  = 1 ... ... [OK]
20200207-235825<INFO :0xf740d700>: [Paysys] Login() nResult = 1
20200207-235825<INFO :0xf740d700>: [Goddess] Connect to (127.0.0.1: 5001) SocketStream = 0x9aef3c8
20200207-235825<INFO :0xf740d700>: [Goddess] Login() nResult = 1
20200207-235825<INFO :0xf740d700>: [Relay] Init() Acceptor Open(127.0.0.1: 5632), nRetCode = 1
20200207-235825<INFO :0xf740d700>: [PlayerManager] Init() Acceptor Open(192.168.1.8: 5622), nRetCode = 1
20200207-235829<INFO :0xf5f80b40>: [Relay] ThreadFunction() Accept from (127.0.0.1: 49267) SocketStream = 0xdb6004c8
20200207-235829<INFO :0xf5f80b40>: [Relay] ThreadFunction() RelayConnectedInit nRetCode = 1
20200207-235835<DEBUG:0xf6f82b40>: [Paysys] ReceivePackages() RecvPackage From PaySys Protocol = 127; Size = 5; Key = 0
20200207-235835<DEBUG:0xf6f82b40>: KGLOG_PROCESS_ERROR(m_uHeadPos != m_uTailPos) at line 63 in pop
20200207-235844<INFO :0xf577fb40>: [GameServerManager] ThreadFunction() Accept from (127.0.0.1: 32955) SocketStream = 0xdb5004c8
20200207-235844<INFO :0xdb3ffb40>: [GameServer 0] Connected from 127.0.0.1, internet address = 192.168.1.8, open port = 6661, protocol version (341-->345)
20200207-235844<DEBUG:0xdb3ffb40>: [GameServer 0] GameServerConnectedInit() nResult = 1
20200207-235844<INFO :0xdb3ffb40>: [GameServer 0] from [127.0.0.1 : 48000] === Start ===
20200207-235844<INFO :0xdb3ffb40>: [verify_up2date] GetUp2dateVersion: code=DCA253A9
20200207-235844<DEBUG:0xf5f80b40>: [Relay] SendRequests() SendPackage to Relay Protocol = 32; Size = 1173; Key = 1
20200207-235844<INFO :0xf6781b40>: receive goddess ping reply, goddess time = 4372823
20200207-235844<DEBUG:0xf6f82b40>: [Paysys] ReceivePackages() RecvPackage From PaySys Protocol = 127; Size = 5; Key = 0
20200207-235844<DEBUG:0xf6f82b40>: KGLOG_PROCESS_ERROR(m_uHeadPos != m_uTailPos) at line 63 in pop
20200207-235854<DEBUG:0xf6f82b40>: [Paysys] ReceivePackages() RecvPackage From PaySys Protocol = 127; Size = 5; Key = 0
20200207-235854<DEBUG:0xf6f82b40>: KGLOG_PROCESS_ERROR(m_uHeadPos != m_uTailPos) at line 63 in pop
20200207-235904<INFO :0xf6781b40>: receive goddess ping reply, goddess time = 4392857
20200207-235904<DEBUG:0xf6f82b40>: [Paysys] ReceivePackages() RecvPackage From PaySys Protocol = 127; Size = 5; Key = 0
20200207-235904<DEBUG:0xf6f82b40>: KGLOG_PROCESS_ERROR(m_uHeadPos != m_uTailPos) at line 63 in pop
20200207-235904<DEBUG:0xf4f7eb40>: [Player 0] ThreadFunction() Accept from (192.168.1.9 : 50007) SocketStream = 0x9af9840
20200207-235904<DEBUG:0xf4f7eb40>: [Player 0] Account an login bishop ... ... [OK]
20200207-235904<DEBUG:0xf4f7eb40>: [InterlockedAccountStateTable] an, Orign = NONE, Exchange = INGAETWAY, Comperand = NONE
20200207-235904<DEBUG:0xf4f7eb40>: [Player 0] Push request package into paysys module OK, package id = 1, cost time 0 ms
20200207-235905<DEBUG:0xf6f82b40>: [Paysys] SendRequests() SendPackage to PaySys Protocol = 62; Size = 227; Key = 1
20200207-235905<DEBUG:0xf6f82b40>: [Paysys] ReceivePackages() RecvPackage From PaySys Protocol = 62; Size = 167; Key = 1
20200207-235905<DEBUG:0xf4f7eb40>: [Player 0] Pop respond package from paysys module OK, package id = 1, cost time 699 ms
20200207-235905<DEBUG:0xf4f7eb40>: [InterlockedAccountStateTable] an, Orign = INGAETWAY, Exchange = NONE, Comperand = NONE
20200207-235905<INFO :0xf4f7eb40>: [Player 0] Player verify to paysys, result = 1, Account an
20200207-235905<INFO :0xf4f7eb40>: [Player 0] Account an EndOfDayTime = 2344030846, LeftTimeOfPoint = 4294967295, TotalLeftTime = 762936100
20200207-235905<DEBUG:0xdb3ffb40>: [GameServer 0] SendRequestsFromPlayer() SendPackage to GameServer Protocol = 41; Size = 37; Key = 1
20200207-235906<DEBUG:0xf6781b40>: [Goddess] SendRequests() SendPackage to Goddess Protocol = 33; Size = 14; Key = 1
20200207-235906<DEBUG:0xf6781b40>: [Goddess] ReceivePackages() RecvPackage From Goddess Protocol = 33; Size = 99; Key = 1
20200207-235907<DEBUG:0xf4f7eb40>: [Player 0] ProcessRoleList() RoleCount = 1!
20200207-235908<DEBUG:0xf4f7eb40>: [Player 0] ReadPlayerRequest() Protocol = 35, Size = 37!
20200207-235908<DEBUG:0xf4f7eb40>: [Player 0] EnterGame_QueryRoleData() RoleName = ioNaruto
20200207-235908<DEBUG:0xf6781b40>: [Goddess] SendRequests() SendPackage to Goddess Protocol = 34; Size = 19; Key = 2
20200207-235908<DEBUG:0xf6781b40>: [Goddess] ReceivePackages() RecvPackage From Goddess Protocol = 11; Size = 5961; Key = 2
20200207-235910<DEBUG:0xf4f7eb40>: [InterlockedAccountStateTable] an, Orign = INGAETWAY, Exchange = INGAMESERVER, Comperand = INGAETWAY
20200207-235910<DEBUG:0xf4f7eb40>: [Player 0] Request enter game: ask for permission, account = an, role name = ioNaruto ... ... [OK]
20200207-235910<DEBUG:0xdb3ffb40>: [GameServer 0] SendRequestsFromPlayer() SendPackage to GameServer Protocol = 11; Size = 6059; Key = 2
20200207-235910<DEBUG:0xdb3ffb40>: [GameServer 0] g2b_player_login_permission() , Account = an, Role = ioNaruto, Permit = true
20200207-235911<DEBUG:0xf4f7eb40>: [Player 0] Notify player login game: ip = 192.168.1.8, port = 6661, account = an, role = ioNaruto
20200207-235911<DEBUG:0xdb3ffb40>: [GameServer 0] g2b_player_enter_game() AccountName = an
20200207-235915<DEBUG:0xf6f82b40>: [Paysys] ReceivePackages() RecvPackage From PaySys Protocol = 127; Size = 5; Key = 0
20200207-235915<DEBUG:0xf6f82b40>: KGLOG_PROCESS_ERROR(m_uHeadPos != m_uTailPos) at line 63 in pop
20200207-235925<DEBUG:0xf6f82b40>: [Paysys] ReceivePackages() RecvPackage From PaySys Protocol = 127; Size = 5; Key = 0
20200207-235925<DEBUG:0xf6f82b40>: KGLOG_PROCESS_ERROR(m_uHeadPos != m_uTailPos) at line 63 in pop
20200207-235928<INFO :0xf6781b40>: receive goddess ping reply, goddess time = 4417442
20200207-235935<DEBUG:0xf6f82b40>: [Paysys] ReceivePackages() RecvPackage From PaySys Protocol = 127; Size = 5; Key = 0
20200207-235935<DEBUG:0xf6f82b40>: KGLOG_PROCESS_ERROR(m_uHeadPos != m_uTailPos) at line 63 in pop
20200207-235945<DEBUG:0xf6f82b40>: [Paysys] ReceivePackages() RecvPackage From PaySys Protocol = 127; Size = 5; Key = 0
20200207-235945<DEBUG:0xf6f82b40>: KGLOG_PROCESS_ERROR(m_uHeadPos != m_uTailPos) at line 63 in pop
20200207-235948<INFO :0xf6781b40>: receive goddess ping reply, goddess time = 4437488
20200207-235955<DEBUG:0xf6f82b40>: [Paysys] ReceivePackages() RecvPackage From PaySys Protocol = 127; Size = 5; Key = 0
20200207-235955<DEBUG:0xf6f82b40>: KGLOG_PROCESS_ERROR(m_uHeadPos != m_uTailPos) at line 63 in pop
