[20180504-165811]NhËp Settings File cña nhiÖm vô ®Şnh giê: /RelaySetting/Task/TaskList.ini
[20180504-165811]Sè l­îng nhiÖm vô ®Şnh giê: 46
[20180504-165811]NhiÖm vô ®Şnh giê 0: CollectionTaskStart.lua, Sè lÇn: 0
[20180504-165811]ThiÕt lËp tªn nhiÖm vô ®Şnh giê: Thi ®Êu thuyÒn rång
[20180504-165811]ThiÕt lËp thêi gian gi¸n c¸ch nhiÖm vô ®Şnh giê: 5400 gi©y mét lÇn!
[20180504-165811]ThiÕt lËp thêi gian nhiÖm vô ®Şnh giê: 17 giê 8 phót!
[20180504-165811]Thêi gian tr­íc m¾t lµ: 16 giê 58 phót!
[20180504-165811]Thêi gian thùc thi lÇn tíi: 17:8! 1525428491
[20180504-165811]Sè lÇn ®Şnh giê nhiÖm vô: 0 !
[20180504-165811]§Æt nÒn mãng nhiÖm vô ®Şnh giê thµnh c«ng: CollectionTaskStart.lua
[20180504-165811]NhiÖm vô ®Şnh giê 1: CollectionTaskClose.lua, Sè lÇn: 0
[20180504-165811]ThiÕt lËp tªn nhiÖm vô ®Şnh giê: Thi ®Êu thuyÒn rång
[20180504-165811]ThiÕt lËp thêi gian gi¸n c¸ch nhiÖm vô ®Şnh giê: 5400 gi©y mét lÇn!
[20180504-165811]ThiÕt lËp thêi gian nhiÖm vô ®Şnh giê: 17 giê 38 phót!
[20180504-165811]Thêi gian tr­íc m¾t lµ: 16 giê 58 phót!
[20180504-165811]Thêi gian thùc thi lÇn tíi: 17:38! 1525430291
[20180504-165811]Sè lÇn ®Şnh giê nhiÖm vô: 0 !
[20180504-165811]§Æt nÒn mãng nhiÖm vô ®Şnh giê thµnh c«ng: CollectionTaskClose.lua
[20180504-165811]NhiÖm vô ®Şnh giê 2: CallBoss_13.lua, Sè lÇn: 0
[20180504-165811]ThiÕt lËp tªn nhiÖm vô ®Şnh giê: BOSS buæi tr­a
[20180504-165811]ThiÕt lËp thêi gian gi¸n c¸ch nhiÖm vô ®Şnh giê: 86400 gi©y mét lÇn!
[20180504-165811]ThiÕt lËp thêi gian nhiÖm vô ®Şnh giê: 13 giê 0 phót!
[20180504-165811]Thêi gian tr­íc m¾t lµ: 16 giê 58 phót!
[20180504-165811]H«m nay sÏ kh«ng thùc thi: ®· qu¸ thêi gian!
[20180504-165811]Thêi gian thùc thi lÇn tíi: 13:0! 1525500011
[20180504-165811]Sè lÇn ®Şnh giê nhiÖm vô: 0 !
[20180504-165811]§Æt nÒn mãng nhiÖm vô ®Şnh giê thµnh c«ng: CallBoss_13.lua
[20180504-165811]NhiÖm vô ®Şnh giê 3: CallBoss_21.lua, Sè lÇn: 0
[20180504-165811]ThiÕt lËp tªn nhiÖm vô ®Şnh giê: BOSS buæi tr­a
[20180504-165811]ThiÕt lËp thêi gian gi¸n c¸ch nhiÖm vô ®Şnh giê: 86400 gi©y mét lÇn!
[20180504-165811]ThiÕt lËp thêi gian nhiÖm vô ®Şnh giê: 21 giê 0 phót!
[20180504-165811]Thêi gian tr­íc m¾t lµ: 16 giê 58 phót!
[20180504-165811]Thêi gian thùc thi lÇn tíi: 21:0! 1525442411
[20180504-165811]Sè lÇn ®Şnh giê nhiÖm vô: 0 !
[20180504-165811]§Æt nÒn mãng nhiÖm vô ®Şnh giê thµnh c«ng: CallBoss_21.lua
[20180504-165811]NhiÖm vô ®Şnh giê 4: CallBoss_23.lua, Sè lÇn: 0
[20180504-165811]ThiÕt lËp tªn nhiÖm vô ®Şnh giê: BOSS buæi tr­a
[20180504-165811]ThiÕt lËp thêi gian gi¸n c¸ch nhiÖm vô ®Şnh giê: 86400 gi©y mét lÇn!
[20180504-165811]ThiÕt lËp thêi gian nhiÖm vô ®Şnh giê: 23 giê 0 phót!
[20180504-165811]Thêi gian tr­íc m¾t lµ: 16 giê 58 phót!
[20180504-165811]Thêi gian thùc thi lÇn tíi: 23:0! 1525449611
[20180504-165811]Sè lÇn ®Şnh giê nhiÖm vô: 0 !
[20180504-165811]§Æt nÒn mãng nhiÖm vô ®Şnh giê thµnh c«ng: CallBoss_23.lua
[20180504-165811]NhiÖm vô ®Şnh giê 5: random_shop_npc.lua, Sè lÇn: 0
[20180504-165811]ThiÕt lËp tªn nhiÖm vô ®Şnh giê: NPC nhiÖm vô Th­¬ng Héi sÏ thay ®æi c¸c vŞ trİ xuÊt hiÖn
[20180504-165811]ThiÕt lËp thêi gian gi¸n c¸ch nhiÖm vô ®Şnh giê: 1800 gi©y mét lÇn!
[20180504-165811]ThiÕt lËp thêi gian nhiÖm vô ®Şnh giê: 17 giê 8 phót!
[20180504-165811]Thêi gian tr­íc m¾t lµ: 16 giê 58 phót!
[20180504-165811]Thêi gian thùc thi lÇn tíi: 17:8! 1525428491
[20180504-165811]Sè lÇn ®Şnh giê nhiÖm vô: 0 !
[20180504-165811]§Æt nÒn mãng nhiÖm vô ®Şnh giê thµnh c«ng: random_shop_npc.lua
[20180504-165811]NhiÖm vô ®Şnh giê 6: faction_boss_task.lua, Sè lÇn: 0
[20180504-165811]ThiÕt lËp tªn nhiÖm vô ®Şnh giê: NhiÖm vô BOSS m«n ph¸i
[20180504-165811]ThiÕt lËp thêi gian gi¸n c¸ch nhiÖm vô ®Şnh giê: 86400 gi©y mét lÇn!
[20180504-165811]ThiÕt lËp thêi gian nhiÖm vô ®Şnh giê: 21 giê 0 phót!
[20180504-165811]Thêi gian tr­íc m¾t lµ: 16 giê 58 phót!
[20180504-165811]Thêi gian thùc thi lÇn tíi: 21:0! 1525442411
[20180504-165811]Sè lÇn ®Şnh giê nhiÖm vô: 0 !
[20180504-165811]§Æt nÒn mãng nhiÖm vô ®Şnh giê thµnh c«ng: faction_boss_task.lua
[20180504-165811]NhiÖm vô ®Şnh giê 7: gest_convention_rank.lua, Sè lÇn: 0
[20180504-165811]ThiÕt lËp tªn nhiÖm vô ®Şnh giê: XÕp h¹ng t­ c¸ch ®¹i héi tû vâ
[20180504-165811]ThiÕt lËp thêi gian gi¸n c¸ch nhiÖm vô ®Şnh giê: 3600 gi©y mét lÇn!
[20180504-165811]ThiÕt lËp thêi gian nhiÖm vô ®Şnh giê: 23 giê 30 phót!
[20180504-165811]Thêi gian tr­íc m¾t lµ: 16 giê 58 phót!
[20180504-165811]Thêi gian thùc thi lÇn tíi: 23:30! 1525451411
[20180504-165811]Sè lÇn ®Şnh giê nhiÖm vô: 0 !
[20180504-165811]§Æt nÒn mãng nhiÖm vô ®Şnh giê thµnh c«ng: gest_convention_rank.lua
[20180504-165811]NhiÖm vô ®Şnh giê 8: taixu_jwl_liu_crt.lua, Sè lÇn: 0
[20180504-165811]ThiÕt lËp tªn nhiÖm vô ®Şnh giê: Th¨n cÊp nhiÖm vô Trang søc Th¸i H­
[20180504-165811]ThiÕt lËp thêi gian gi¸n c¸ch nhiÖm vô ®Şnh giê: 86400 gi©y mét lÇn!
[20180504-165811]ThiÕt lËp thêi gian nhiÖm vô ®Şnh giê: 21 giê 27 phót!
[20180504-165811]Thêi gian tr­íc m¾t lµ: 16 giê 58 phót!
[20180504-165811]Thêi gian thùc thi lÇn tíi: 21:27! 1525444031
[20180504-165811]Sè lÇn ®Şnh giê nhiÖm vô: 0 !
[20180504-165811]§Æt nÒn mãng nhiÖm vô ®Şnh giê thµnh c«ng: taixu_jwl_liu_crt.lua
[20180504-165811]NhiÖm vô ®Şnh giê 9: WeeklyBackupBR.lua, Sè lÇn: 0
[20180504-165811]ThiÕt lËp tªn nhiÖm vô ®Şnh giê: WeeklyBackupBR
[20180504-165811]ThiÕt lËp thêi gian gi¸n c¸ch nhiÖm vô ®Şnh giê: 3600 gi©y mét lÇn!
[20180504-165811]ThiÕt lËp thêi gian nhiÖm vô ®Şnh giê: 21 giê 1 phót!
[20180504-165811]Thêi gian tr­íc m¾t lµ: 16 giê 58 phót!
[20180504-165811]Thêi gian thùc thi lÇn tíi: 21:1! 1525442471
[20180504-165811]Sè lÇn ®Şnh giê nhiÖm vô: 0 !
[20180504-165811]§Æt nÒn mãng nhiÖm vô ®Şnh giê thµnh c«ng: WeeklyBackupBR.lua
[20180504-165811]NhiÖm vô ®Şnh giê 10: north_west_task.lua, Sè lÇn: 0
[20180504-165811]ThiÕt lËp thêi gian gi¸n c¸ch nhiÖm vô ®Şnh giê: 1800 gi©y mét lÇn!
[20180504-165811]ThiÕt lËp thêi gian nhiÖm vô ®Şnh giê: 17 giê 8 phót!
[20180504-165811]Thêi gian tr­íc m¾t lµ: 16 giê 58 phót!
[20180504-165811]Thêi gian thùc thi lÇn tíi: 17:8! 1525428491
[20180504-165811]Sè lÇn ®Şnh giê nhiÖm vô: 0 !
[20180504-165811]§Æt nÒn mãng nhiÖm vô ®Şnh giê thµnh c«ng: north_west_task.lua
[20180504-165811]NhiÖm vô ®Şnh giê 11: biwudahuiqianzou.lua, Sè lÇn: 0
[20180504-165811]ThiÕt lËp tªn nhiÖm vô ®Şnh giê: GhĞp ®«i tr­íc ®¹i héi tû vâ
[20180504-165811]ThiÕt lËp thêi gian gi¸n c¸ch nhiÖm vô ®Şnh giê: 60 gi©y mét lÇn!
[20180504-165811]ThiÕt lËp thêi gian nhiÖm vô ®Şnh giê: 16 giê 59 phót!
[20180504-165811]Thêi gian tr­íc m¾t lµ: 16 giê 58 phót!
[20180504-165811]Thêi gian thùc thi lÇn tíi: 16:59! 1525427951
[20180504-165811]Sè lÇn ®Şnh giê nhiÖm vô: 0 !
[20180504-165811]§Æt nÒn mãng nhiÖm vô ®Şnh giê thµnh c«ng: biwudahuiqianzou.lua
[20180504-165811]NhiÖm vô ®Şnh giê 12: daliytask.lua, Sè lÇn: 0
[20180504-165811]ThiÕt lËp tªn nhiÖm vô ®Şnh giê: nhiÖm vô th­êng nhËt c¸ nh©nnhiÖm vô th­êng nhËt tæ ®éi
[20180504-165811]ThiÕt lËp thêi gian gi¸n c¸ch nhiÖm vô ®Şnh giê: 86400 gi©y mét lÇn!
[20180504-165811]ThiÕt lËp thêi gian nhiÖm vô ®Şnh giê: 0 giê 0 phót!
[20180504-165811]Thêi gian tr­íc m¾t lµ: 16 giê 58 phót!
[20180504-165811]H«m nay sÏ kh«ng thùc thi: ®· qu¸ thêi gian!
[20180504-165811]Thêi gian thùc thi lÇn tíi: 0:0! 1525453211
[20180504-165811]Sè lÇn ®Şnh giê nhiÖm vô: 0 !
[20180504-165811]§Æt nÒn mãng nhiÖm vô ®Şnh giê thµnh c«ng: daliytask.lua
[20180504-165811]NhiÖm vô ®Şnh giê 13: silingding_11.lua, Sè lÇn: 0
[20180504-165811]ThiÕt lËp thêi gian gi¸n c¸ch nhiÖm vô ®Şnh giê: 86400 gi©y mét lÇn!
[20180504-165811]ThiÕt lËp thêi gian nhiÖm vô ®Şnh giê: 11 giê 0 phót!
[20180504-165811]Thêi gian tr­íc m¾t lµ: 16 giê 58 phót!
[20180504-165811]H«m nay sÏ kh«ng thùc thi: ®· qu¸ thêi gian!
[20180504-165811]Thêi gian thùc thi lÇn tíi: 11:0! 1525492811
[20180504-165811]Sè lÇn ®Şnh giê nhiÖm vô: 0 !
[20180504-165811]§Æt nÒn mãng nhiÖm vô ®Şnh giê thµnh c«ng: silingding_11.lua
[20180504-165811]NhiÖm vô ®Şnh giê 14: silingding_18.lua, Sè lÇn: 0
[20180504-165811]ThiÕt lËp thêi gian gi¸n c¸ch nhiÖm vô ®Şnh giê: 86400 gi©y mét lÇn!
[20180504-165811]ThiÕt lËp thêi gian nhiÖm vô ®Şnh giê: 18 giê 0 phót!
[20180504-165811]Thêi gian tr­íc m¾t lµ: 16 giê 58 phót!
[20180504-165811]Thêi gian thùc thi lÇn tíi: 18:0! 1525431611
[20180504-165811]Sè lÇn ®Şnh giê nhiÖm vô: 0 !
[20180504-165811]§Æt nÒn mãng nhiÖm vô ®Şnh giê thµnh c«ng: silingding_18.lua
[20180504-165811]NhiÖm vô ®Şnh giê 15: silingding_23.lua, Sè lÇn: 0
[20180504-165811]ThiÕt lËp thêi gian gi¸n c¸ch nhiÖm vô ®Şnh giê: 86400 gi©y mét lÇn!
[20180504-165811]ThiÕt lËp thêi gian nhiÖm vô ®Şnh giê: 23 giê 0 phót!
[20180504-165811]Thêi gian tr­íc m¾t lµ: 16 giê 58 phót!
[20180504-165811]Thêi gian thùc thi lÇn tíi: 23:0! 1525449611
[20180504-165811]Sè lÇn ®Şnh giê nhiÖm vô: 0 !
[20180504-165811]§Æt nÒn mãng nhiÖm vô ®Şnh giê thµnh c«ng: silingding_23.lua
[20180504-165811]NhiÖm vô ®Şnh giê 16: EventBoss_201103.lua, Sè lÇn: 0
[20180504-165811]ThiÕt lËp tªn nhiÖm vô ®Şnh giê: Boss Giæ tæ Hïng V­¬ng
[20180504-165811]ThiÕt lËp thêi gian gi¸n c¸ch nhiÖm vô ®Şnh giê: 3600 gi©y mét lÇn!
[20180504-165811]ThiÕt lËp thêi gian nhiÖm vô ®Şnh giê: 17 giê 0 phót!
[20180504-165811]Thêi gian tr­íc m¾t lµ: 16 giê 58 phót!
[20180504-165811]Thêi gian thùc thi lÇn tíi: 17:0! 1525428011
[20180504-165811]Sè lÇn ®Şnh giê nhiÖm vô: 0 !
[20180504-165811]§Æt nÒn mãng nhiÖm vô ®Şnh giê thµnh c«ng: EventBoss_201103.lua
[20180504-165811]NhiÖm vô ®Şnh giê 17: lsb_callboss1.lua, Sè lÇn: 0
[20180504-165811]ThiÕt lËp tªn nhiÖm vô ®Şnh giê: Boss L­¬ng S¬n Hoµng Kim
[20180504-165811]ThiÕt lËp thêi gian gi¸n c¸ch nhiÖm vô ®Şnh giê: 86400 gi©y mét lÇn!
[20180504-165811]ThiÕt lËp thêi gian nhiÖm vô ®Şnh giê: 12 giê 30 phót!
[20180504-165811]Thêi gian tr­íc m¾t lµ: 16 giê 58 phót!
[20180504-165811]H«m nay sÏ kh«ng thùc thi: ®· qu¸ thêi gian!
[20180504-165811]Thêi gian thùc thi lÇn tíi: 12:30! 1525498211
[20180504-165811]Sè lÇn ®Şnh giê nhiÖm vô: 0 !
[20180504-165811]§Æt nÒn mãng nhiÖm vô ®Şnh giê thµnh c«ng: lsb_callboss1.lua
[20180504-165811]NhiÖm vô ®Şnh giê 18: lsb_callboss2.lua, Sè lÇn: 0
[20180504-165811]ThiÕt lËp tªn nhiÖm vô ®Şnh giê: Boss L­¬ng S¬n Hoµng Kim
[20180504-165811]ThiÕt lËp thêi gian gi¸n c¸ch nhiÖm vô ®Şnh giê: 86400 gi©y mét lÇn!
[20180504-165811]ThiÕt lËp thêi gian nhiÖm vô ®Şnh giê: 15 giê 30 phót!
[20180504-165811]Thêi gian tr­íc m¾t lµ: 16 giê 58 phót!
[20180504-165811]H«m nay sÏ kh«ng thùc thi: ®· qu¸ thêi gian!
[20180504-165811]Thêi gian thùc thi lÇn tíi: 15:30! 1525509011
[20180504-165811]Sè lÇn ®Şnh giê nhiÖm vô: 0 !
[20180504-165811]§Æt nÒn mãng nhiÖm vô ®Şnh giê thµnh c«ng: lsb_callboss2.lua
[20180504-165811]NhiÖm vô ®Şnh giê 19: lsb_callboss3.lua, Sè lÇn: 0
[20180504-165811]ThiÕt lËp tªn nhiÖm vô ®Şnh giê: Boss L­¬ng S¬n Hoµng Kim
[20180504-165811]ThiÕt lËp thêi gian gi¸n c¸ch nhiÖm vô ®Şnh giê: 86400 gi©y mét lÇn!
[20180504-165811]ThiÕt lËp thêi gian nhiÖm vô ®Şnh giê: 19 giê 30 phót!
[20180504-165811]Thêi gian tr­íc m¾t lµ: 16 giê 58 phót!
[20180504-165811]Thêi gian thùc thi lÇn tíi: 19:30! 1525437011
[20180504-165811]Sè lÇn ®Şnh giê nhiÖm vô: 0 !
[20180504-165811]§Æt nÒn mãng nhiÖm vô ®Şnh giê thµnh c«ng: lsb_callboss3.lua
[20180504-165811]NhiÖm vô ®Şnh giê 20: lsb_callboss4.lua, Sè lÇn: 0
[20180504-165811]ThiÕt lËp tªn nhiÖm vô ®Şnh giê: Boss L­¬ng S¬n Hoµng Kim
[20180504-165811]ThiÕt lËp thêi gian gi¸n c¸ch nhiÖm vô ®Şnh giê: 86400 gi©y mét lÇn!
[20180504-165811]ThiÕt lËp thêi gian nhiÖm vô ®Şnh giê: 22 giê 30 phót!
[20180504-165811]Thêi gian tr­íc m¾t lµ: 16 giê 58 phót!
[20180504-165811]Thêi gian thùc thi lÇn tíi: 22:30! 1525447811
[20180504-165811]Sè lÇn ®Şnh giê nhiÖm vô: 0 !
[20180504-165811]§Æt nÒn mãng nhiÖm vô ®Şnh giê thµnh c«ng: lsb_callboss4.lua
[20180504-165811]NhiÖm vô ®Şnh giê 21: oly_generate_lucknum.lua, Sè lÇn: 0
[20180504-165811]ThiÕt lËp tªn nhiÖm vô ®Şnh giê: ThiÕt lËp ch÷ sè may m¾n ho¹t ®éng Olympic
[20180504-165811]ThiÕt lËp thêi gian gi¸n c¸ch nhiÖm vô ®Şnh giê: 86400 gi©y mét lÇn!
[20180504-165811]ThiÕt lËp thêi gian nhiÖm vô ®Şnh giê: 20 giê 58 phót!
[20180504-165811]Thêi gian tr­íc m¾t lµ: 16 giê 58 phót!
[20180504-165811]Thêi gian thùc thi lÇn tíi: 20:58! 1525442291
[20180504-165811]Sè lÇn ®Şnh giê nhiÖm vô: 0 !
[20180504-165811]§Æt nÒn mãng nhiÖm vô ®Şnh giê thµnh c«ng: oly_generate_lucknum.lua
[20180504-165811]NhiÖm vô ®Şnh giê 22: oly_clean_data.lua, Sè lÇn: 0
[20180504-165811]ThiÕt lËp tªn nhiÖm vô ®Şnh giê: CËp nhËt d÷ liÖu ho¹t ®éng Olympic
[20180504-165811]ThiÕt lËp thêi gian gi¸n c¸ch nhiÖm vô ®Şnh giê: 86400 gi©y mét lÇn!
[20180504-165811]ThiÕt lËp thêi gian nhiÖm vô ®Şnh giê: 23 giê 58 phót!
[20180504-165811]Thêi gian tr­íc m¾t lµ: 16 giê 58 phót!
[20180504-165811]Thêi gian thùc thi lÇn tíi: 23:58! 1525453091
[20180504-165811]Sè lÇn ®Şnh giê nhiÖm vô: 0 !
[20180504-165811]§Æt nÒn mãng nhiÖm vô ®Şnh giê thµnh c«ng: oly_clean_data.lua
[20180504-165811]NhiÖm vô ®Şnh giê 23: qht_timer_clean.lua, Sè lÇn: 0
[20180504-165811]ThiÕt lËp tªn nhiÖm vô ®Şnh giê: ThiÕt lËp thêi gian Thiªn TÇm Th¸p
[20180504-165811]ThiÕt lËp thêi gian gi¸n c¸ch nhiÖm vô ®Şnh giê: 86400 gi©y mét lÇn!
[20180504-165811]ThiÕt lËp thêi gian nhiÖm vô ®Şnh giê: 0 giê 30 phót!
[20180504-165811]Thêi gian tr­íc m¾t lµ: 16 giê 58 phót!
[20180504-165811]H«m nay sÏ kh«ng thùc thi: ®· qu¸ thêi gian!
[20180504-165811]Thêi gian thùc thi lÇn tíi: 0:30! 1525455011
[20180504-165811]Sè lÇn ®Şnh giê nhiÖm vô: 0 !
[20180504-165811]§Æt nÒn mãng nhiÖm vô ®Şnh giê thµnh c«ng: qht_timer_clean.lua
[20180504-165811]NhiÖm vô ®Şnh giê 24: dzt_create_boss.lua, Sè lÇn: 0
[20180504-165811]ThiÕt lËp tªn nhiÖm vô ®Şnh giê: §¹i t¸c chiÕn truy t×m l¹i ch÷ viÕt
[20180504-165811]ThiÕt lËp thêi gian gi¸n c¸ch nhiÖm vô ®Şnh giê: 3600 gi©y mét lÇn!
[20180504-165811]ThiÕt lËp thêi gian nhiÖm vô ®Şnh giê: 10 giê 0 phót!
[20180504-165811]Thêi gian tr­íc m¾t lµ: 16 giê 58 phót!
[20180504-165811]H«m nay sÏ kh«ng thùc thi: ®· qu¸ thêi gian!
[20180504-165811]Thêi gian thùc thi lÇn tíi: 10:0! 1525489211
[20180504-165811]Sè lÇn ®Şnh giê nhiÖm vô: 0 !
[20180504-165811]§Æt nÒn mãng nhiÖm vô ®Şnh giê thµnh c«ng: dzt_create_boss.lua
[20180504-165811]NhiÖm vô ®Şnh giê 25: dzt_close.lua, Sè lÇn: 0
[20180504-165811]ThiÕt lËp tªn nhiÖm vô ®Şnh giê: §¹i t¸c chiÕn truy t×m l¹i ch÷ viÕt
[20180504-165811]ThiÕt lËp thêi gian gi¸n c¸ch nhiÖm vô ®Şnh giê: 3600 gi©y mét lÇn!
[20180504-165811]ThiÕt lËp thêi gian nhiÖm vô ®Şnh giê: 10 giê 30 phót!
[20180504-165811]Thêi gian tr­íc m¾t lµ: 16 giê 58 phót!
[20180504-165811]H«m nay sÏ kh«ng thùc thi: ®· qu¸ thêi gian!
[20180504-165811]Thêi gian thùc thi lÇn tíi: 10:30! 1525491011
[20180504-165811]Sè lÇn ®Şnh giê nhiÖm vô: 0 !
[20180504-165811]§Æt nÒn mãng nhiÖm vô ®Şnh giê thµnh c«ng: dzt_close.lua
[20180504-165811]NhiÖm vô ®Şnh giê 26: cc_call_boss1.lua, Sè lÇn: 0
[20180504-165811]ThiÕt lËp tªn nhiÖm vô ®Şnh giê: Lµm míi ThÎ Tù BOSS 
[20180504-165811]ThiÕt lËp thêi gian gi¸n c¸ch nhiÖm vô ®Şnh giê: 86400 gi©y mét lÇn!
[20180504-165811]ThiÕt lËp thêi gian nhiÖm vô ®Şnh giê: 8 giê 30 phót!
[20180504-165811]Thêi gian tr­íc m¾t lµ: 16 giê 58 phót!
[20180504-165811]H«m nay sÏ kh«ng thùc thi: ®· qu¸ thêi gian!
[20180504-165811]Thêi gian thùc thi lÇn tíi: 8:30! 1525483811
[20180504-165811]Sè lÇn ®Şnh giê nhiÖm vô: 0 !
[20180504-165811]§Æt nÒn mãng nhiÖm vô ®Şnh giê thµnh c«ng: cc_call_boss1.lua
[20180504-165811]NhiÖm vô ®Şnh giê 27: cc_call_boss2.lua, Sè lÇn: 0
[20180504-165811]ThiÕt lËp tªn nhiÖm vô ®Şnh giê: Lµm míi ThÎ Tù BOSS 
[20180504-165811]ThiÕt lËp thêi gian gi¸n c¸ch nhiÖm vô ®Şnh giê: 86400 gi©y mét lÇn!
[20180504-165811]ThiÕt lËp thêi gian nhiÖm vô ®Şnh giê: 12 giê 30 phót!
[20180504-165811]Thêi gian tr­íc m¾t lµ: 16 giê 58 phót!
[20180504-165811]H«m nay sÏ kh«ng thùc thi: ®· qu¸ thêi gian!
[20180504-165811]Thêi gian thùc thi lÇn tíi: 12:30! 1525498211
[20180504-165811]Sè lÇn ®Şnh giê nhiÖm vô: 0 !
[20180504-165811]§Æt nÒn mãng nhiÖm vô ®Şnh giê thµnh c«ng: cc_call_boss2.lua
[20180504-165811]NhiÖm vô ®Şnh giê 28: cc_call_boss3.lua, Sè lÇn: 0
[20180504-165811]ThiÕt lËp tªn nhiÖm vô ®Şnh giê: Lµm míi ThÎ Tù BOSS 
[20180504-165811]ThiÕt lËp thêi gian gi¸n c¸ch nhiÖm vô ®Şnh giê: 86400 gi©y mét lÇn!
[20180504-165811]ThiÕt lËp thêi gian nhiÖm vô ®Şnh giê: 17 giê 30 phót!
[20180504-165811]Thêi gian tr­íc m¾t lµ: 16 giê 58 phót!
[20180504-165811]Thêi gian thùc thi lÇn tíi: 17:30! 1525429811
[20180504-165811]Sè lÇn ®Şnh giê nhiÖm vô: 0 !
[20180504-165811]§Æt nÒn mãng nhiÖm vô ®Şnh giê thµnh c«ng: cc_call_boss3.lua
[20180504-165811]NhiÖm vô ®Şnh giê 29: cc_call_boss4.lua, Sè lÇn: 0
[20180504-165811]ThiÕt lËp tªn nhiÖm vô ®Şnh giê: Lµm míi ThÎ Tù BOSS 
[20180504-165811]ThiÕt lËp thêi gian gi¸n c¸ch nhiÖm vô ®Şnh giê: 86400 gi©y mét lÇn!
[20180504-165811]ThiÕt lËp thêi gian nhiÖm vô ®Şnh giê: 22 giê 30 phót!
[20180504-165811]Thêi gian tr­íc m¾t lµ: 16 giê 58 phót!
[20180504-165811]Thêi gian thùc thi lÇn tíi: 22:30! 1525447811
[20180504-165811]Sè lÇn ®Şnh giê nhiÖm vô: 0 !
[20180504-165811]§Æt nÒn mãng nhiÖm vô ®Şnh giê thµnh c«ng: cc_call_boss4.lua
[20180504-165811]NhiÖm vô ®Şnh giê 30: qht_create_gold_boss1.lua, Sè lÇn: 0
[20180504-165811]ThiÕt lËp tªn nhiÖm vô ®Şnh giê: Thiªn TÇm Th¸p Hoµng Kim BOSS xuÊt hiÖn!
[20180504-165811]ThiÕt lËp thêi gian gi¸n c¸ch nhiÖm vô ®Şnh giê: 86400 gi©y mét lÇn!
[20180504-165811]ThiÕt lËp thêi gian nhiÖm vô ®Şnh giê: 12 giê 30 phót!
[20180504-165811]Thêi gian tr­íc m¾t lµ: 16 giê 58 phót!
[20180504-165811]H«m nay sÏ kh«ng thùc thi: ®· qu¸ thêi gian!
[20180504-165811]Thêi gian thùc thi lÇn tíi: 12:30! 1525498211
[20180504-165811]Sè lÇn ®Şnh giê nhiÖm vô: 0 !
[20180504-165811]§Æt nÒn mãng nhiÖm vô ®Şnh giê thµnh c«ng: qht_create_gold_boss1.lua
[20180504-165811]NhiÖm vô ®Şnh giê 31: qht_create_gold_boss2.lua, Sè lÇn: 0
[20180504-165811]ThiÕt lËp tªn nhiÖm vô ®Şnh giê: Thiªn TÇm Th¸p Hoµng Kim BOSS xuÊt hiÖn!
[20180504-165811]ThiÕt lËp thêi gian gi¸n c¸ch nhiÖm vô ®Şnh giê: 86400 gi©y mét lÇn!
[20180504-165811]ThiÕt lËp thêi gian nhiÖm vô ®Şnh giê: 22 giê 0 phót!
[20180504-165811]Thêi gian tr­íc m¾t lµ: 16 giê 58 phót!
[20180504-165811]Thêi gian thùc thi lÇn tíi: 22:0! 1525446011
[20180504-165811]Sè lÇn ®Şnh giê nhiÖm vô: 0 !
[20180504-165811]§Æt nÒn mãng nhiÖm vô ®Şnh giê thµnh c«ng: qht_create_gold_boss2.lua
[20180504-165811]NhiÖm vô ®Şnh giê 32: sp2014_createnpc_1.lua, Sè lÇn: 0
[20180504-165811]ThiÕt lËp tªn nhiÖm vô ®Şnh giê: Niªn Thó 2014
[20180504-165811]ThiÕt lËp thêi gian gi¸n c¸ch nhiÖm vô ®Şnh giê: 86400 gi©y mét lÇn!
[20180504-165811]ThiÕt lËp thêi gian nhiÖm vô ®Şnh giê: 12 giê 0 phót!
[20180504-165811]Thêi gian tr­íc m¾t lµ: 16 giê 58 phót!
[20180504-165811]H«m nay sÏ kh«ng thùc thi: ®· qu¸ thêi gian!
[20180504-165811]Thêi gian thùc thi lÇn tíi: 12:0! 1525496411
[20180504-165811]Sè lÇn ®Şnh giê nhiÖm vô: 0 !
[20180504-165811]§Æt nÒn mãng nhiÖm vô ®Şnh giê thµnh c«ng: sp2014_createnpc_1.lua
[20180504-165811]NhiÖm vô ®Şnh giê 33: sp2014_createnpc_2.lua, Sè lÇn: 0
[20180504-165811]ThiÕt lËp tªn nhiÖm vô ®Şnh giê: Niªn Thó 2014
[20180504-165811]ThiÕt lËp thêi gian gi¸n c¸ch nhiÖm vô ®Şnh giê: 86400 gi©y mét lÇn!
[20180504-165811]ThiÕt lËp thêi gian nhiÖm vô ®Şnh giê: 21 giê 0 phót!
[20180504-165811]Thêi gian tr­íc m¾t lµ: 16 giê 58 phót!
[20180504-165811]Thêi gian thùc thi lÇn tíi: 21:0! 1525442411
[20180504-165811]Sè lÇn ®Şnh giê nhiÖm vô: 0 !
[20180504-165811]§Æt nÒn mãng nhiÖm vô ®Şnh giê thµnh c«ng: sp2014_createnpc_2.lua
[20180504-165811]NhiÖm vô ®Şnh giê 34: clear_gest_jiaoyi.lua, Sè lÇn: 0
[20180504-165811]ThiÕt lËp tªn nhiÖm vô ®Şnh giê: Xãa bá h¹ng tû vâ
[20180504-165811]ThiÕt lËp thêi gian gi¸n c¸ch nhiÖm vô ®Şnh giê: 3600 gi©y mét lÇn!
[20180504-165811]ThiÕt lËp thêi gian nhiÖm vô ®Şnh giê: 16 giê 58 phót!
[20180504-165811]Thêi gian tr­íc m¾t lµ: 16 giê 58 phót!
[20180504-165811]Thêi gian thùc thi lÇn tíi: 16:58! 1525427891
[20180504-165811]Sè lÇn ®Şnh giê nhiÖm vô: 0 !
[20180504-165811]§Æt nÒn mãng nhiÖm vô ®Şnh giê thµnh c«ng: clear_gest_jiaoyi.lua
[20180504-165811]NhiÖm vô ®Şnh giê 35: world_boss.lua, Sè lÇn: 0
[20180504-165811]ThiÕt lËp tªn nhiÖm vô ®Şnh giê: T¹o míi BOSS ThÕ Giíi
[20180504-165811]ThiÕt lËp thêi gian gi¸n c¸ch nhiÖm vô ®Şnh giê: 86400 gi©y mét lÇn!
[20180504-165811]ThiÕt lËp thêi gian nhiÖm vô ®Şnh giê: 14 giê 30 phót!
[20180504-165811]Thêi gian tr­íc m¾t lµ: 16 giê 58 phót!
[20180504-165811]H«m nay sÏ kh«ng thùc thi: ®· qu¸ thêi gian!
[20180504-165811]Thêi gian thùc thi lÇn tíi: 14:30! 1525505411
[20180504-165811]Sè lÇn ®Şnh giê nhiÖm vô: 0 !
[20180504-165811]§Æt nÒn mãng nhiÖm vô ®Şnh giê thµnh c«ng: world_boss.lua
[20180504-165811]NhiÖm vô ®Şnh giê 36: world_boss1.lua, Sè lÇn: 0
[20180504-165811]ThiÕt lËp tªn nhiÖm vô ®Şnh giê: T¹o míi BOSS ThÕ Giíi
[20180504-165811]ThiÕt lËp thêi gian gi¸n c¸ch nhiÖm vô ®Şnh giê: 86400 gi©y mét lÇn!
[20180504-165811]ThiÕt lËp thêi gian nhiÖm vô ®Şnh giê: 20 giê 0 phót!
[20180504-165811]Thêi gian tr­íc m¾t lµ: 16 giê 58 phót!
[20180504-165811]Thêi gian thùc thi lÇn tíi: 20:0! 1525438811
[20180504-165811]Sè lÇn ®Şnh giê nhiÖm vô: 0 !
[20180504-165811]§Æt nÒn mãng nhiÖm vô ®Şnh giê thµnh c«ng: world_boss1.lua
[20180504-165811]NhiÖm vô ®Şnh giê 37: hua_deng1.lua, Sè lÇn: 0
[20180504-165811]ThiÕt lËp tªn nhiÖm vô ®Şnh giê: §Ìn Hoa §¨ng
[20180504-165811]ThiÕt lËp thêi gian gi¸n c¸ch nhiÖm vô ®Şnh giê: 86400 gi©y mét lÇn!
[20180504-165811]ThiÕt lËp thêi gian nhiÖm vô ®Şnh giê: 10 giê 0 phót!
[20180504-165811]Thêi gian tr­íc m¾t lµ: 16 giê 58 phót!
[20180504-165811]H«m nay sÏ kh«ng thùc thi: ®· qu¸ thêi gian!
[20180504-165811]Thêi gian thùc thi lÇn tíi: 10:0! 1525489211
[20180504-165811]Sè lÇn ®Şnh giê nhiÖm vô: 0 !
[20180504-165811]§Æt nÒn mãng nhiÖm vô ®Şnh giê thµnh c«ng: hua_deng1.lua
[20180504-165811]NhiÖm vô ®Şnh giê 38: hua_deng2.lua, Sè lÇn: 0
[20180504-165811]ThiÕt lËp tªn nhiÖm vô ®Şnh giê: §Ìn Hoa §¨ng
[20180504-165811]ThiÕt lËp thêi gian gi¸n c¸ch nhiÖm vô ®Şnh giê: 86400 gi©y mét lÇn!
[20180504-165811]ThiÕt lËp thêi gian nhiÖm vô ®Şnh giê: 11 giê 0 phót!
[20180504-165811]Thêi gian tr­íc m¾t lµ: 16 giê 58 phót!
[20180504-165811]H«m nay sÏ kh«ng thùc thi: ®· qu¸ thêi gian!
[20180504-165811]Thêi gian thùc thi lÇn tíi: 11:0! 1525492811
[20180504-165811]Sè lÇn ®Şnh giê nhiÖm vô: 0 !
[20180504-165811]§Æt nÒn mãng nhiÖm vô ®Şnh giê thµnh c«ng: hua_deng2.lua
[20180504-165811]NhiÖm vô ®Şnh giê 39: hua_deng3.lua, Sè lÇn: 0
[20180504-165811]ThiÕt lËp tªn nhiÖm vô ®Şnh giê: §Ìn Hoa §¨ng
[20180504-165811]ThiÕt lËp thêi gian gi¸n c¸ch nhiÖm vô ®Şnh giê: 86400 gi©y mét lÇn!
[20180504-165811]ThiÕt lËp thêi gian nhiÖm vô ®Şnh giê: 16 giê 0 phót!
[20180504-165811]Thêi gian tr­íc m¾t lµ: 16 giê 58 phót!
[20180504-165811]H«m nay sÏ kh«ng thùc thi: ®· qu¸ thêi gian!
[20180504-165811]Thêi gian thùc thi lÇn tíi: 16:0! 1525510811
[20180504-165811]Sè lÇn ®Şnh giê nhiÖm vô: 0 !
[20180504-165811]§Æt nÒn mãng nhiÖm vô ®Şnh giê thµnh c«ng: hua_deng3.lua
[20180504-165811]NhiÖm vô ®Şnh giê 40: hua_deng4.lua, Sè lÇn: 0
[20180504-165811]ThiÕt lËp tªn nhiÖm vô ®Şnh giê: §Ìn Hoa §¨ng
[20180504-165811]ThiÕt lËp thêi gian gi¸n c¸ch nhiÖm vô ®Şnh giê: 86400 gi©y mét lÇn!
[20180504-165811]ThiÕt lËp thêi gian nhiÖm vô ®Şnh giê: 17 giê 0 phót!
[20180504-165811]Thêi gian tr­íc m¾t lµ: 16 giê 58 phót!
[20180504-165811]Thêi gian thùc thi lÇn tíi: 17:0! 1525428011
[20180504-165811]Sè lÇn ®Şnh giê nhiÖm vô: 0 !
[20180504-165811]§Æt nÒn mãng nhiÖm vô ®Şnh giê thµnh c«ng: hua_deng4.lua
[20180504-165811]NhiÖm vô ®Şnh giê 41: hua_deng5.lua, Sè lÇn: 0
[20180504-165811]ThiÕt lËp tªn nhiÖm vô ®Şnh giê: §Ìn Hoa §¨ng
[20180504-165811]ThiÕt lËp thêi gian gi¸n c¸ch nhiÖm vô ®Şnh giê: 86400 gi©y mét lÇn!
[20180504-165811]ThiÕt lËp thêi gian nhiÖm vô ®Şnh giê: 21 giê 0 phót!
[20180504-165811]Thêi gian tr­íc m¾t lµ: 16 giê 58 phót!
[20180504-165811]Thêi gian thùc thi lÇn tíi: 21:0! 1525442411
[20180504-165811]Sè lÇn ®Şnh giê nhiÖm vô: 0 !
[20180504-165811]§Æt nÒn mãng nhiÖm vô ®Şnh giê thµnh c«ng: hua_deng5.lua
[20180504-165811]NhiÖm vô ®Şnh giê 42: hua_deng6.lua, Sè lÇn: 0
[20180504-165811]ThiÕt lËp tªn nhiÖm vô ®Şnh giê: §Ìn Hoa §¨ng
[20180504-165811]ThiÕt lËp thêi gian gi¸n c¸ch nhiÖm vô ®Şnh giê: 86400 gi©y mét lÇn!
[20180504-165811]ThiÕt lËp thêi gian nhiÖm vô ®Şnh giê: 22 giê 0 phót!
[20180504-165811]Thêi gian tr­íc m¾t lµ: 16 giê 58 phót!
[20180504-165811]Thêi gian thùc thi lÇn tíi: 22:0! 1525446011
[20180504-165811]Sè lÇn ®Şnh giê nhiÖm vô: 0 !
[20180504-165811]§Æt nÒn mãng nhiÖm vô ®Şnh giê thµnh c«ng: hua_deng6.lua
[20180504-165811]NhiÖm vô ®Şnh giê 43: ibc_boss1.lua, Sè lÇn: 0
[20180504-165811]ThiÕt lËp thêi gian gi¸n c¸ch nhiÖm vô ®Şnh giê: 86400 gi©y mét lÇn!
[20180504-165811]ThiÕt lËp thêi gian nhiÖm vô ®Şnh giê: 13 giê 0 phót!
[20180504-165811]Thêi gian tr­íc m¾t lµ: 16 giê 58 phót!
[20180504-165811]H«m nay sÏ kh«ng thùc thi: ®· qu¸ thêi gian!
[20180504-165811]Thêi gian thùc thi lÇn tíi: 13:0! 1525500011
[20180504-165811]Sè lÇn ®Şnh giê nhiÖm vô: 0 !
[20180504-165811]§Æt nÒn mãng nhiÖm vô ®Şnh giê thµnh c«ng: ibc_boss1.lua
[20180504-165811]NhiÖm vô ®Şnh giê 44: ibc_boss2.lua, Sè lÇn: 0
[20180504-165811]ThiÕt lËp thêi gian gi¸n c¸ch nhiÖm vô ®Şnh giê: 86400 gi©y mét lÇn!
[20180504-165811]ThiÕt lËp thêi gian nhiÖm vô ®Şnh giê: 19 giê 0 phót!
[20180504-165811]Thêi gian tr­íc m¾t lµ: 16 giê 58 phót!
[20180504-165811]Thêi gian thùc thi lÇn tíi: 19:0! 1525435211
[20180504-165811]Sè lÇn ®Şnh giê nhiÖm vô: 0 !
[20180504-165811]§Æt nÒn mãng nhiÖm vô ®Şnh giê thµnh c«ng: ibc_boss2.lua
[20180504-165811]NhiÖm vô ®Şnh giê 45: ibc_boss3.lua, Sè lÇn: 0
[20180504-165811]ThiÕt lËp thêi gian gi¸n c¸ch nhiÖm vô ®Şnh giê: 86400 gi©y mét lÇn!
[20180504-165811]ThiÕt lËp thêi gian nhiÖm vô ®Şnh giê: 22 giê 0 phót!
[20180504-165811]Thêi gian tr­íc m¾t lµ: 16 giê 58 phót!
[20180504-165811]Thêi gian thùc thi lÇn tíi: 22:0! 1525446011
[20180504-165811]Sè lÇn ®Şnh giê nhiÖm vô: 0 !
[20180504-165811]§Æt nÒn mãng nhiÖm vô ®Şnh giê thµnh c«ng: ibc_boss3.lua
[20180504-165812]Thùc thi NhiÖm vô ®Şnh giê: clear_gest_jiaoyi.lua
[20180504-165812]Thêi gian thùc thi lÇn sau: 1525446011!
[20180504-165911]Thùc thi NhiÖm vô ®Şnh giê: biwudahuiqianzou.lua
[20180504-165911]Thêi gian thùc thi lÇn sau: 1525446011!
[20180504-170011]Thùc thi NhiÖm vô ®Şnh giê: biwudahuiqianzou.lua
[20180504-170011]Thêi gian thùc thi lÇn sau: 1525446011!
[20180504-170011]Thùc thi NhiÖm vô ®Şnh giê: EventBoss_201103.lua
[20180504-170011]Thêi gian thùc thi lÇn sau: 1525446011!
[20180504-170011]Thùc thi NhiÖm vô ®Şnh giê: hua_deng4.lua
[20180504-170011]Thêi gian thùc thi lÇn sau: 1525446011!
[20180504-170111]Thùc thi NhiÖm vô ®Şnh giê: biwudahuiqianzou.lua
[20180504-170111]Thêi gian thùc thi lÇn sau: 1525446011!
[20180504-170211]Thùc thi NhiÖm vô ®Şnh giê: biwudahuiqianzou.lua
[20180504-170211]Thêi gian thùc thi lÇn sau: 1525446011!
[20180504-170311]Thùc thi NhiÖm vô ®Şnh giê: biwudahuiqianzou.lua
[20180504-170311]Thêi gian thùc thi lÇn sau: 1525446011!
[20180504-170411]Thùc thi NhiÖm vô ®Şnh giê: biwudahuiqianzou.lua
[20180504-170411]Thêi gian thùc thi lÇn sau: 1525446011!
[20180504-170511]Thùc thi NhiÖm vô ®Şnh giê: biwudahuiqianzou.lua
[20180504-170511]Thêi gian thùc thi lÇn sau: 1525446011!
[20180504-170611]Thùc thi NhiÖm vô ®Şnh giê: biwudahuiqianzou.lua
[20180504-170611]Thêi gian thùc thi lÇn sau: 1525446011!
[20180504-170711]Thùc thi NhiÖm vô ®Şnh giê: biwudahuiqianzou.lua
[20180504-170711]Thêi gian thùc thi lÇn sau: 1525446011!
[20180504-170811]Thùc thi NhiÖm vô ®Şnh giê: CollectionTaskStart.lua
[20180504-170811]Thêi gian thùc thi lÇn sau: 1525446011!
[20180504-170811]Thùc thi NhiÖm vô ®Şnh giê: random_shop_npc.lua
[20180504-170811]Thêi gian thùc thi lÇn sau: 1525446011!
[20180504-170811]Thùc thi NhiÖm vô ®Şnh giê: north_west_task.lua
[20180504-170811]Thêi gian thùc thi lÇn sau: 1525446011!
[20180504-170811]Thùc thi NhiÖm vô ®Şnh giê: biwudahuiqianzou.lua
[20180504-170811]Thêi gian thùc thi lÇn sau: 1525446011!
[20180504-172640]NhËp Settings File cña nhiÖm vô ®Şnh giê: /RelaySetting/Task/TaskList.ini
[20180504-172640]Sè l­îng nhiÖm vô ®Şnh giê: 46
[20180504-172640]NhiÖm vô ®Şnh giê 0: CollectionTaskStart.lua, Sè lÇn: 0
[20180504-172640]ThiÕt lËp tªn nhiÖm vô ®Şnh giê: Thi ®Êu thuyÒn rång
[20180504-172640]ThiÕt lËp thêi gian gi¸n c¸ch nhiÖm vô ®Şnh giê: 5400 gi©y mét lÇn!
[20180504-172640]ThiÕt lËp thêi gian nhiÖm vô ®Şnh giê: 17 giê 36 phót!
[20180504-172640]Thêi gian tr­íc m¾t lµ: 17 giê 26 phót!
[20180504-172640]Thêi gian thùc thi lÇn tíi: 17:36! 1525430200
[20180504-172640]Sè lÇn ®Şnh giê nhiÖm vô: 0 !
[20180504-172640]§Æt nÒn mãng nhiÖm vô ®Şnh giê thµnh c«ng: CollectionTaskStart.lua
[20180504-172640]NhiÖm vô ®Şnh giê 1: CollectionTaskClose.lua, Sè lÇn: 0
[20180504-172640]ThiÕt lËp tªn nhiÖm vô ®Şnh giê: Thi ®Êu thuyÒn rång
[20180504-172640]ThiÕt lËp thêi gian gi¸n c¸ch nhiÖm vô ®Şnh giê: 5400 gi©y mét lÇn!
[20180504-172640]ThiÕt lËp thêi gian nhiÖm vô ®Şnh giê: 18 giê 6 phót!
[20180504-172640]Thêi gian tr­íc m¾t lµ: 17 giê 26 phót!
[20180504-172640]Thêi gian thùc thi lÇn tíi: 18:6! 1525432000
[20180504-172640]Sè lÇn ®Şnh giê nhiÖm vô: 0 !
[20180504-172640]§Æt nÒn mãng nhiÖm vô ®Şnh giê thµnh c«ng: CollectionTaskClose.lua
[20180504-172640]NhiÖm vô ®Şnh giê 2: CallBoss_13.lua, Sè lÇn: 0
[20180504-172640]ThiÕt lËp tªn nhiÖm vô ®Şnh giê: BOSS buæi tr­a
[20180504-172640]ThiÕt lËp thêi gian gi¸n c¸ch nhiÖm vô ®Şnh giê: 86400 gi©y mét lÇn!
[20180504-172640]ThiÕt lËp thêi gian nhiÖm vô ®Şnh giê: 13 giê 0 phót!
[20180504-172640]Thêi gian tr­íc m¾t lµ: 17 giê 26 phót!
[20180504-172640]H«m nay sÏ kh«ng thùc thi: ®· qu¸ thêi gian!
[20180504-172640]Thêi gian thùc thi lÇn tíi: 13:0! 1525500040
[20180504-172640]Sè lÇn ®Şnh giê nhiÖm vô: 0 !
[20180504-172640]§Æt nÒn mãng nhiÖm vô ®Şnh giê thµnh c«ng: CallBoss_13.lua
[20180504-172640]NhiÖm vô ®Şnh giê 3: CallBoss_21.lua, Sè lÇn: 0
[20180504-172640]ThiÕt lËp tªn nhiÖm vô ®Şnh giê: BOSS buæi tr­a
[20180504-172640]ThiÕt lËp thêi gian gi¸n c¸ch nhiÖm vô ®Şnh giê: 86400 gi©y mét lÇn!
[20180504-172640]ThiÕt lËp thêi gian nhiÖm vô ®Şnh giê: 21 giê 0 phót!
[20180504-172640]Thêi gian tr­íc m¾t lµ: 17 giê 26 phót!
[20180504-172640]Thêi gian thùc thi lÇn tíi: 21:0! 1525442440
[20180504-172640]Sè lÇn ®Şnh giê nhiÖm vô: 0 !
[20180504-172640]§Æt nÒn mãng nhiÖm vô ®Şnh giê thµnh c«ng: CallBoss_21.lua
[20180504-172640]NhiÖm vô ®Şnh giê 4: CallBoss_23.lua, Sè lÇn: 0
[20180504-172640]ThiÕt lËp tªn nhiÖm vô ®Şnh giê: BOSS buæi tr­a
[20180504-172640]ThiÕt lËp thêi gian gi¸n c¸ch nhiÖm vô ®Şnh giê: 86400 gi©y mét lÇn!
[20180504-172640]ThiÕt lËp thêi gian nhiÖm vô ®Şnh giê: 23 giê 0 phót!
[20180504-172640]Thêi gian tr­íc m¾t lµ: 17 giê 26 phót!
[20180504-172640]Thêi gian thùc thi lÇn tíi: 23:0! 1525449640
[20180504-172640]Sè lÇn ®Şnh giê nhiÖm vô: 0 !
[20180504-172640]§Æt nÒn mãng nhiÖm vô ®Şnh giê thµnh c«ng: CallBoss_23.lua
[20180504-172640]NhiÖm vô ®Şnh giê 5: random_shop_npc.lua, Sè lÇn: 0
[20180504-172640]ThiÕt lËp tªn nhiÖm vô ®Şnh giê: NPC nhiÖm vô Th­¬ng Héi sÏ thay ®æi c¸c vŞ trİ xuÊt hiÖn
[20180504-172640]ThiÕt lËp thêi gian gi¸n c¸ch nhiÖm vô ®Şnh giê: 1800 gi©y mét lÇn!
[20180504-172640]ThiÕt lËp thêi gian nhiÖm vô ®Şnh giê: 17 giê 36 phót!
[20180504-172640]Thêi gian tr­íc m¾t lµ: 17 giê 26 phót!
[20180504-172640]Thêi gian thùc thi lÇn tíi: 17:36! 1525430200
[20180504-172640]Sè lÇn ®Şnh giê nhiÖm vô: 0 !
[20180504-172640]§Æt nÒn mãng nhiÖm vô ®Şnh giê thµnh c«ng: random_shop_npc.lua
[20180504-172640]NhiÖm vô ®Şnh giê 6: faction_boss_task.lua, Sè lÇn: 0
[20180504-172640]ThiÕt lËp tªn nhiÖm vô ®Şnh giê: NhiÖm vô BOSS m«n ph¸i
[20180504-172640]ThiÕt lËp thêi gian gi¸n c¸ch nhiÖm vô ®Şnh giê: 86400 gi©y mét lÇn!
[20180504-172640]ThiÕt lËp thêi gian nhiÖm vô ®Şnh giê: 21 giê 0 phót!
[20180504-172640]Thêi gian tr­íc m¾t lµ: 17 giê 26 phót!
[20180504-172640]Thêi gian thùc thi lÇn tíi: 21:0! 1525442440
[20180504-172640]Sè lÇn ®Şnh giê nhiÖm vô: 0 !
[20180504-172640]§Æt nÒn mãng nhiÖm vô ®Şnh giê thµnh c«ng: faction_boss_task.lua
[20180504-172640]NhiÖm vô ®Şnh giê 7: gest_convention_rank.lua, Sè lÇn: 0
[20180504-172640]ThiÕt lËp tªn nhiÖm vô ®Şnh giê: XÕp h¹ng t­ c¸ch ®¹i héi tû vâ
[20180504-172640]ThiÕt lËp thêi gian gi¸n c¸ch nhiÖm vô ®Şnh giê: 3600 gi©y mét lÇn!
[20180504-172640]ThiÕt lËp thêi gian nhiÖm vô ®Şnh giê: 23 giê 30 phót!
[20180504-172640]Thêi gian tr­íc m¾t lµ: 17 giê 26 phót!
[20180504-172640]Thêi gian thùc thi lÇn tíi: 23:30! 1525451440
[20180504-172640]Sè lÇn ®Şnh giê nhiÖm vô: 0 !
[20180504-172640]§Æt nÒn mãng nhiÖm vô ®Şnh giê thµnh c«ng: gest_convention_rank.lua
[20180504-172640]NhiÖm vô ®Şnh giê 8: taixu_jwl_liu_crt.lua, Sè lÇn: 0
[20180504-172640]ThiÕt lËp tªn nhiÖm vô ®Şnh giê: Th¨n cÊp nhiÖm vô Trang søc Th¸i H­
[20180504-172640]ThiÕt lËp thêi gian gi¸n c¸ch nhiÖm vô ®Şnh giê: 86400 gi©y mét lÇn!
[20180504-172640]ThiÕt lËp thêi gian nhiÖm vô ®Şnh giê: 21 giê 9 phót!
[20180504-172640]Thêi gian tr­íc m¾t lµ: 17 giê 26 phót!
[20180504-172640]Thêi gian thùc thi lÇn tíi: 21:9! 1525442980
[20180504-172640]Sè lÇn ®Şnh giê nhiÖm vô: 0 !
[20180504-172640]§Æt nÒn mãng nhiÖm vô ®Şnh giê thµnh c«ng: taixu_jwl_liu_crt.lua
[20180504-172640]NhiÖm vô ®Şnh giê 9: WeeklyBackupBR.lua, Sè lÇn: 0
[20180504-172640]ThiÕt lËp tªn nhiÖm vô ®Şnh giê: WeeklyBackupBR
[20180504-172640]ThiÕt lËp thêi gian gi¸n c¸ch nhiÖm vô ®Şnh giê: 3600 gi©y mét lÇn!
[20180504-172640]ThiÕt lËp thêi gian nhiÖm vô ®Şnh giê: 21 giê 1 phót!
[20180504-172640]Thêi gian tr­íc m¾t lµ: 17 giê 26 phót!
[20180504-172640]Thêi gian thùc thi lÇn tíi: 21:1! 1525442500
[20180504-172640]Sè lÇn ®Şnh giê nhiÖm vô: 0 !
[20180504-172640]§Æt nÒn mãng nhiÖm vô ®Şnh giê thµnh c«ng: WeeklyBackupBR.lua
[20180504-172640]NhiÖm vô ®Şnh giê 10: north_west_task.lua, Sè lÇn: 0
[20180504-172640]ThiÕt lËp thêi gian gi¸n c¸ch nhiÖm vô ®Şnh giê: 1800 gi©y mét lÇn!
[20180504-172640]ThiÕt lËp thêi gian nhiÖm vô ®Şnh giê: 17 giê 36 phót!
[20180504-172640]Thêi gian tr­íc m¾t lµ: 17 giê 26 phót!
[20180504-172640]Thêi gian thùc thi lÇn tíi: 17:36! 1525430200
[20180504-172640]Sè lÇn ®Şnh giê nhiÖm vô: 0 !
[20180504-172640]§Æt nÒn mãng nhiÖm vô ®Şnh giê thµnh c«ng: north_west_task.lua
[20180504-172640]NhiÖm vô ®Şnh giê 11: biwudahuiqianzou.lua, Sè lÇn: 0
[20180504-172640]ThiÕt lËp tªn nhiÖm vô ®Şnh giê: GhĞp ®«i tr­íc ®¹i héi tû vâ
[20180504-172640]ThiÕt lËp thêi gian gi¸n c¸ch nhiÖm vô ®Şnh giê: 60 gi©y mét lÇn!
[20180504-172640]ThiÕt lËp thêi gian nhiÖm vô ®Şnh giê: 17 giê 27 phót!
[20180504-172640]Thêi gian tr­íc m¾t lµ: 17 giê 26 phót!
[20180504-172640]Thêi gian thùc thi lÇn tíi: 17:27! 1525429660
[20180504-172640]Sè lÇn ®Şnh giê nhiÖm vô: 0 !
[20180504-172640]§Æt nÒn mãng nhiÖm vô ®Şnh giê thµnh c«ng: biwudahuiqianzou.lua
[20180504-172640]NhiÖm vô ®Şnh giê 12: daliytask.lua, Sè lÇn: 0
[20180504-172640]ThiÕt lËp tªn nhiÖm vô ®Şnh giê: nhiÖm vô th­êng nhËt c¸ nh©nnhiÖm vô th­êng nhËt tæ ®éi
[20180504-172640]ThiÕt lËp thêi gian gi¸n c¸ch nhiÖm vô ®Şnh giê: 86400 gi©y mét lÇn!
[20180504-172640]ThiÕt lËp thêi gian nhiÖm vô ®Şnh giê: 0 giê 0 phót!
[20180504-172640]Thêi gian tr­íc m¾t lµ: 17 giê 26 phót!
[20180504-172640]H«m nay sÏ kh«ng thùc thi: ®· qu¸ thêi gian!
[20180504-172640]Thêi gian thùc thi lÇn tíi: 0:0! 1525453240
[20180504-172640]Sè lÇn ®Şnh giê nhiÖm vô: 0 !
[20180504-172640]§Æt nÒn mãng nhiÖm vô ®Şnh giê thµnh c«ng: daliytask.lua
[20180504-172640]NhiÖm vô ®Şnh giê 13: silingding_11.lua, Sè lÇn: 0
[20180504-172640]ThiÕt lËp thêi gian gi¸n c¸ch nhiÖm vô ®Şnh giê: 86400 gi©y mét lÇn!
[20180504-172640]ThiÕt lËp thêi gian nhiÖm vô ®Şnh giê: 11 giê 0 phót!
[20180504-172640]Thêi gian tr­íc m¾t lµ: 17 giê 26 phót!
[20180504-172640]H«m nay sÏ kh«ng thùc thi: ®· qu¸ thêi gian!
[20180504-172640]Thêi gian thùc thi lÇn tíi: 11:0! 1525492840
[20180504-172640]Sè lÇn ®Şnh giê nhiÖm vô: 0 !
[20180504-172640]§Æt nÒn mãng nhiÖm vô ®Şnh giê thµnh c«ng: silingding_11.lua
[20180504-172640]NhiÖm vô ®Şnh giê 14: silingding_18.lua, Sè lÇn: 0
[20180504-172640]ThiÕt lËp thêi gian gi¸n c¸ch nhiÖm vô ®Şnh giê: 86400 gi©y mét lÇn!
[20180504-172640]ThiÕt lËp thêi gian nhiÖm vô ®Şnh giê: 18 giê 0 phót!
[20180504-172640]Thêi gian tr­íc m¾t lµ: 17 giê 26 phót!
[20180504-172640]Thêi gian thùc thi lÇn tíi: 18:0! 1525431640
[20180504-172640]Sè lÇn ®Şnh giê nhiÖm vô: 0 !
[20180504-172640]§Æt nÒn mãng nhiÖm vô ®Şnh giê thµnh c«ng: silingding_18.lua
[20180504-172640]NhiÖm vô ®Şnh giê 15: silingding_23.lua, Sè lÇn: 0
[20180504-172640]ThiÕt lËp thêi gian gi¸n c¸ch nhiÖm vô ®Şnh giê: 86400 gi©y mét lÇn!
[20180504-172640]ThiÕt lËp thêi gian nhiÖm vô ®Şnh giê: 23 giê 0 phót!
[20180504-172640]Thêi gian tr­íc m¾t lµ: 17 giê 26 phót!
[20180504-172640]Thêi gian thùc thi lÇn tíi: 23:0! 1525449640
[20180504-172640]Sè lÇn ®Şnh giê nhiÖm vô: 0 !
[20180504-172640]§Æt nÒn mãng nhiÖm vô ®Şnh giê thµnh c«ng: silingding_23.lua
[20180504-172640]NhiÖm vô ®Şnh giê 16: EventBoss_201103.lua, Sè lÇn: 0
[20180504-172640]ThiÕt lËp tªn nhiÖm vô ®Şnh giê: Boss Giæ tæ Hïng V­¬ng
[20180504-172640]ThiÕt lËp thêi gian gi¸n c¸ch nhiÖm vô ®Şnh giê: 3600 gi©y mét lÇn!
[20180504-172640]ThiÕt lËp thêi gian nhiÖm vô ®Şnh giê: 18 giê 0 phót!
[20180504-172640]Thêi gian tr­íc m¾t lµ: 17 giê 26 phót!
[20180504-172640]Thêi gian thùc thi lÇn tíi: 18:0! 1525431640
[20180504-172640]Sè lÇn ®Şnh giê nhiÖm vô: 0 !
[20180504-172640]§Æt nÒn mãng nhiÖm vô ®Şnh giê thµnh c«ng: EventBoss_201103.lua
[20180504-172640]NhiÖm vô ®Şnh giê 17: lsb_callboss1.lua, Sè lÇn: 0
[20180504-172640]ThiÕt lËp tªn nhiÖm vô ®Şnh giê: Boss L­¬ng S¬n Hoµng Kim
[20180504-172640]ThiÕt lËp thêi gian gi¸n c¸ch nhiÖm vô ®Şnh giê: 86400 gi©y mét lÇn!
[20180504-172640]ThiÕt lËp thêi gian nhiÖm vô ®Şnh giê: 12 giê 30 phót!
[20180504-172640]Thêi gian tr­íc m¾t lµ: 17 giê 26 phót!
[20180504-172640]H«m nay sÏ kh«ng thùc thi: ®· qu¸ thêi gian!
[20180504-172640]Thêi gian thùc thi lÇn tíi: 12:30! 1525498240
[20180504-172640]Sè lÇn ®Şnh giê nhiÖm vô: 0 !
[20180504-172640]§Æt nÒn mãng nhiÖm vô ®Şnh giê thµnh c«ng: lsb_callboss1.lua
[20180504-172640]NhiÖm vô ®Şnh giê 18: lsb_callboss2.lua, Sè lÇn: 0
[20180504-172640]ThiÕt lËp tªn nhiÖm vô ®Şnh giê: Boss L­¬ng S¬n Hoµng Kim
[20180504-172640]ThiÕt lËp thêi gian gi¸n c¸ch nhiÖm vô ®Şnh giê: 86400 gi©y mét lÇn!
[20180504-172640]ThiÕt lËp thêi gian nhiÖm vô ®Şnh giê: 15 giê 30 phót!
[20180504-172640]Thêi gian tr­íc m¾t lµ: 17 giê 26 phót!
[20180504-172640]H«m nay sÏ kh«ng thùc thi: ®· qu¸ thêi gian!
[20180504-172640]Thêi gian thùc thi lÇn tíi: 15:30! 1525509040
[20180504-172640]Sè lÇn ®Şnh giê nhiÖm vô: 0 !
[20180504-172640]§Æt nÒn mãng nhiÖm vô ®Şnh giê thµnh c«ng: lsb_callboss2.lua
[20180504-172640]NhiÖm vô ®Şnh giê 19: lsb_callboss3.lua, Sè lÇn: 0
[20180504-172640]ThiÕt lËp tªn nhiÖm vô ®Şnh giê: Boss L­¬ng S¬n Hoµng Kim
[20180504-172640]ThiÕt lËp thêi gian gi¸n c¸ch nhiÖm vô ®Şnh giê: 86400 gi©y mét lÇn!
[20180504-172640]ThiÕt lËp thêi gian nhiÖm vô ®Şnh giê: 19 giê 30 phót!
[20180504-172640]Thêi gian tr­íc m¾t lµ: 17 giê 26 phót!
[20180504-172640]Thêi gian thùc thi lÇn tíi: 19:30! 1525437040
[20180504-172640]Sè lÇn ®Şnh giê nhiÖm vô: 0 !
[20180504-172640]§Æt nÒn mãng nhiÖm vô ®Şnh giê thµnh c«ng: lsb_callboss3.lua
[20180504-172640]NhiÖm vô ®Şnh giê 20: lsb_callboss4.lua, Sè lÇn: 0
[20180504-172640]ThiÕt lËp tªn nhiÖm vô ®Şnh giê: Boss L­¬ng S¬n Hoµng Kim
[20180504-172640]ThiÕt lËp thêi gian gi¸n c¸ch nhiÖm vô ®Şnh giê: 86400 gi©y mét lÇn!
[20180504-172640]ThiÕt lËp thêi gian nhiÖm vô ®Şnh giê: 22 giê 30 phót!
[20180504-172640]Thêi gian tr­íc m¾t lµ: 17 giê 26 phót!
[20180504-172640]Thêi gian thùc thi lÇn tíi: 22:30! 1525447840
[20180504-172640]Sè lÇn ®Şnh giê nhiÖm vô: 0 !
[20180504-172640]§Æt nÒn mãng nhiÖm vô ®Şnh giê thµnh c«ng: lsb_callboss4.lua
[20180504-172640]NhiÖm vô ®Şnh giê 21: oly_generate_lucknum.lua, Sè lÇn: 0
[20180504-172640]ThiÕt lËp tªn nhiÖm vô ®Şnh giê: ThiÕt lËp ch÷ sè may m¾n ho¹t ®éng Olympic
[20180504-172640]ThiÕt lËp thêi gian gi¸n c¸ch nhiÖm vô ®Şnh giê: 86400 gi©y mét lÇn!
[20180504-172640]ThiÕt lËp thêi gian nhiÖm vô ®Şnh giê: 20 giê 58 phót!
[20180504-172640]Thêi gian tr­íc m¾t lµ: 17 giê 26 phót!
[20180504-172640]Thêi gian thùc thi lÇn tíi: 20:58! 1525442320
[20180504-172640]Sè lÇn ®Şnh giê nhiÖm vô: 0 !
[20180504-172640]§Æt nÒn mãng nhiÖm vô ®Şnh giê thµnh c«ng: oly_generate_lucknum.lua
[20180504-172640]NhiÖm vô ®Şnh giê 22: oly_clean_data.lua, Sè lÇn: 0
[20180504-172640]ThiÕt lËp tªn nhiÖm vô ®Şnh giê: CËp nhËt d÷ liÖu ho¹t ®éng Olympic
[20180504-172640]ThiÕt lËp thêi gian gi¸n c¸ch nhiÖm vô ®Şnh giê: 86400 gi©y mét lÇn!
[20180504-172640]ThiÕt lËp thêi gian nhiÖm vô ®Şnh giê: 23 giê 58 phót!
[20180504-172640]Thêi gian tr­íc m¾t lµ: 17 giê 26 phót!
[20180504-172640]Thêi gian thùc thi lÇn tíi: 23:58! 1525453120
[20180504-172640]Sè lÇn ®Şnh giê nhiÖm vô: 0 !
[20180504-172640]§Æt nÒn mãng nhiÖm vô ®Şnh giê thµnh c«ng: oly_clean_data.lua
[20180504-172640]NhiÖm vô ®Şnh giê 23: qht_timer_clean.lua, Sè lÇn: 0
[20180504-172640]ThiÕt lËp tªn nhiÖm vô ®Şnh giê: ThiÕt lËp thêi gian Thiªn TÇm Th¸p
[20180504-172640]ThiÕt lËp thêi gian gi¸n c¸ch nhiÖm vô ®Şnh giê: 86400 gi©y mét lÇn!
[20180504-172640]ThiÕt lËp thêi gian nhiÖm vô ®Şnh giê: 0 giê 30 phót!
[20180504-172640]Thêi gian tr­íc m¾t lµ: 17 giê 26 phót!
[20180504-172640]H«m nay sÏ kh«ng thùc thi: ®· qu¸ thêi gian!
[20180504-172640]Thêi gian thùc thi lÇn tíi: 0:30! 1525455040
[20180504-172640]Sè lÇn ®Şnh giê nhiÖm vô: 0 !
[20180504-172640]§Æt nÒn mãng nhiÖm vô ®Şnh giê thµnh c«ng: qht_timer_clean.lua
[20180504-172640]NhiÖm vô ®Şnh giê 24: dzt_create_boss.lua, Sè lÇn: 0
[20180504-172640]ThiÕt lËp tªn nhiÖm vô ®Şnh giê: §¹i t¸c chiÕn truy t×m l¹i ch÷ viÕt
[20180504-172640]ThiÕt lËp thêi gian gi¸n c¸ch nhiÖm vô ®Şnh giê: 3600 gi©y mét lÇn!
[20180504-172640]ThiÕt lËp thêi gian nhiÖm vô ®Şnh giê: 10 giê 0 phót!
[20180504-172640]Thêi gian tr­íc m¾t lµ: 17 giê 26 phót!
[20180504-172640]H«m nay sÏ kh«ng thùc thi: ®· qu¸ thêi gian!
[20180504-172640]Thêi gian thùc thi lÇn tíi: 10:0! 1525489240
[20180504-172640]Sè lÇn ®Şnh giê nhiÖm vô: 0 !
[20180504-172640]§Æt nÒn mãng nhiÖm vô ®Şnh giê thµnh c«ng: dzt_create_boss.lua
[20180504-172640]NhiÖm vô ®Şnh giê 25: dzt_close.lua, Sè lÇn: 0
[20180504-172640]ThiÕt lËp tªn nhiÖm vô ®Şnh giê: §¹i t¸c chiÕn truy t×m l¹i ch÷ viÕt
[20180504-172640]ThiÕt lËp thêi gian gi¸n c¸ch nhiÖm vô ®Şnh giê: 3600 gi©y mét lÇn!
[20180504-172640]ThiÕt lËp thêi gian nhiÖm vô ®Şnh giê: 10 giê 30 phót!
[20180504-172640]Thêi gian tr­íc m¾t lµ: 17 giê 26 phót!
[20180504-172640]H«m nay sÏ kh«ng thùc thi: ®· qu¸ thêi gian!
[20180504-172640]Thêi gian thùc thi lÇn tíi: 10:30! 1525491040
[20180504-172640]Sè lÇn ®Şnh giê nhiÖm vô: 0 !
[20180504-172640]§Æt nÒn mãng nhiÖm vô ®Şnh giê thµnh c«ng: dzt_close.lua
[20180504-172640]NhiÖm vô ®Şnh giê 26: cc_call_boss1.lua, Sè lÇn: 0
[20180504-172640]ThiÕt lËp tªn nhiÖm vô ®Şnh giê: Lµm míi ThÎ Tù BOSS 
[20180504-172640]ThiÕt lËp thêi gian gi¸n c¸ch nhiÖm vô ®Şnh giê: 86400 gi©y mét lÇn!
[20180504-172640]ThiÕt lËp thêi gian nhiÖm vô ®Şnh giê: 8 giê 30 phót!
[20180504-172640]Thêi gian tr­íc m¾t lµ: 17 giê 26 phót!
[20180504-172640]H«m nay sÏ kh«ng thùc thi: ®· qu¸ thêi gian!
[20180504-172640]Thêi gian thùc thi lÇn tíi: 8:30! 1525483840
[20180504-172640]Sè lÇn ®Şnh giê nhiÖm vô: 0 !
[20180504-172640]§Æt nÒn mãng nhiÖm vô ®Şnh giê thµnh c«ng: cc_call_boss1.lua
[20180504-172640]NhiÖm vô ®Şnh giê 27: cc_call_boss2.lua, Sè lÇn: 0
[20180504-172640]ThiÕt lËp tªn nhiÖm vô ®Şnh giê: Lµm míi ThÎ Tù BOSS 
[20180504-172640]ThiÕt lËp thêi gian gi¸n c¸ch nhiÖm vô ®Şnh giê: 86400 gi©y mét lÇn!
[20180504-172640]ThiÕt lËp thêi gian nhiÖm vô ®Şnh giê: 12 giê 30 phót!
[20180504-172640]Thêi gian tr­íc m¾t lµ: 17 giê 26 phót!
[20180504-172640]H«m nay sÏ kh«ng thùc thi: ®· qu¸ thêi gian!
[20180504-172640]Thêi gian thùc thi lÇn tíi: 12:30! 1525498240
[20180504-172640]Sè lÇn ®Şnh giê nhiÖm vô: 0 !
[20180504-172640]§Æt nÒn mãng nhiÖm vô ®Şnh giê thµnh c«ng: cc_call_boss2.lua
[20180504-172640]NhiÖm vô ®Şnh giê 28: cc_call_boss3.lua, Sè lÇn: 0
[20180504-172640]ThiÕt lËp tªn nhiÖm vô ®Şnh giê: Lµm míi ThÎ Tù BOSS 
[20180504-172640]ThiÕt lËp thêi gian gi¸n c¸ch nhiÖm vô ®Şnh giê: 86400 gi©y mét lÇn!
[20180504-172640]ThiÕt lËp thêi gian nhiÖm vô ®Şnh giê: 17 giê 30 phót!
[20180504-172640]Thêi gian tr­íc m¾t lµ: 17 giê 26 phót!
[20180504-172640]Thêi gian thùc thi lÇn tíi: 17:30! 1525429840
[20180504-172640]Sè lÇn ®Şnh giê nhiÖm vô: 0 !
[20180504-172640]§Æt nÒn mãng nhiÖm vô ®Şnh giê thµnh c«ng: cc_call_boss3.lua
[20180504-172640]NhiÖm vô ®Şnh giê 29: cc_call_boss4.lua, Sè lÇn: 0
[20180504-172640]ThiÕt lËp tªn nhiÖm vô ®Şnh giê: Lµm míi ThÎ Tù BOSS 
[20180504-172640]ThiÕt lËp thêi gian gi¸n c¸ch nhiÖm vô ®Şnh giê: 86400 gi©y mét lÇn!
[20180504-172640]ThiÕt lËp thêi gian nhiÖm vô ®Şnh giê: 22 giê 30 phót!
[20180504-172640]Thêi gian tr­íc m¾t lµ: 17 giê 26 phót!
[20180504-172640]Thêi gian thùc thi lÇn tíi: 22:30! 1525447840
[20180504-172640]Sè lÇn ®Şnh giê nhiÖm vô: 0 !
[20180504-172640]§Æt nÒn mãng nhiÖm vô ®Şnh giê thµnh c«ng: cc_call_boss4.lua
[20180504-172640]NhiÖm vô ®Şnh giê 30: qht_create_gold_boss1.lua, Sè lÇn: 0
[20180504-172640]ThiÕt lËp tªn nhiÖm vô ®Şnh giê: Thiªn TÇm Th¸p Hoµng Kim BOSS xuÊt hiÖn!
[20180504-172640]ThiÕt lËp thêi gian gi¸n c¸ch nhiÖm vô ®Şnh giê: 86400 gi©y mét lÇn!
[20180504-172640]ThiÕt lËp thêi gian nhiÖm vô ®Şnh giê: 12 giê 30 phót!
[20180504-172640]Thêi gian tr­íc m¾t lµ: 17 giê 26 phót!
[20180504-172640]H«m nay sÏ kh«ng thùc thi: ®· qu¸ thêi gian!
[20180504-172640]Thêi gian thùc thi lÇn tíi: 12:30! 1525498240
[20180504-172640]Sè lÇn ®Şnh giê nhiÖm vô: 0 !
[20180504-172640]§Æt nÒn mãng nhiÖm vô ®Şnh giê thµnh c«ng: qht_create_gold_boss1.lua
[20180504-172640]NhiÖm vô ®Şnh giê 31: qht_create_gold_boss2.lua, Sè lÇn: 0
[20180504-172640]ThiÕt lËp tªn nhiÖm vô ®Şnh giê: Thiªn TÇm Th¸p Hoµng Kim BOSS xuÊt hiÖn!
[20180504-172640]ThiÕt lËp thêi gian gi¸n c¸ch nhiÖm vô ®Şnh giê: 86400 gi©y mét lÇn!
[20180504-172640]ThiÕt lËp thêi gian nhiÖm vô ®Şnh giê: 22 giê 0 phót!
[20180504-172640]Thêi gian tr­íc m¾t lµ: 17 giê 26 phót!
[20180504-172640]Thêi gian thùc thi lÇn tíi: 22:0! 1525446040
[20180504-172640]Sè lÇn ®Şnh giê nhiÖm vô: 0 !
[20180504-172640]§Æt nÒn mãng nhiÖm vô ®Şnh giê thµnh c«ng: qht_create_gold_boss2.lua
[20180504-172640]NhiÖm vô ®Şnh giê 32: sp2014_createnpc_1.lua, Sè lÇn: 0
[20180504-172640]ThiÕt lËp tªn nhiÖm vô ®Şnh giê: Niªn Thó 2014
[20180504-172640]ThiÕt lËp thêi gian gi¸n c¸ch nhiÖm vô ®Şnh giê: 86400 gi©y mét lÇn!
[20180504-172640]ThiÕt lËp thêi gian nhiÖm vô ®Şnh giê: 12 giê 0 phót!
[20180504-172640]Thêi gian tr­íc m¾t lµ: 17 giê 26 phót!
[20180504-172640]H«m nay sÏ kh«ng thùc thi: ®· qu¸ thêi gian!
[20180504-172640]Thêi gian thùc thi lÇn tíi: 12:0! 1525496440
[20180504-172640]Sè lÇn ®Şnh giê nhiÖm vô: 0 !
[20180504-172640]§Æt nÒn mãng nhiÖm vô ®Şnh giê thµnh c«ng: sp2014_createnpc_1.lua
[20180504-172640]NhiÖm vô ®Şnh giê 33: sp2014_createnpc_2.lua, Sè lÇn: 0
[20180504-172640]ThiÕt lËp tªn nhiÖm vô ®Şnh giê: Niªn Thó 2014
[20180504-172640]ThiÕt lËp thêi gian gi¸n c¸ch nhiÖm vô ®Şnh giê: 86400 gi©y mét lÇn!
[20180504-172640]ThiÕt lËp thêi gian nhiÖm vô ®Şnh giê: 21 giê 0 phót!
[20180504-172640]Thêi gian tr­íc m¾t lµ: 17 giê 26 phót!
[20180504-172640]Thêi gian thùc thi lÇn tíi: 21:0! 1525442440
[20180504-172640]Sè lÇn ®Şnh giê nhiÖm vô: 0 !
[20180504-172640]§Æt nÒn mãng nhiÖm vô ®Şnh giê thµnh c«ng: sp2014_createnpc_2.lua
[20180504-172640]NhiÖm vô ®Şnh giê 34: clear_gest_jiaoyi.lua, Sè lÇn: 0
[20180504-172640]ThiÕt lËp tªn nhiÖm vô ®Şnh giê: Xãa bá h¹ng tû vâ
[20180504-172640]ThiÕt lËp thêi gian gi¸n c¸ch nhiÖm vô ®Şnh giê: 3600 gi©y mét lÇn!
[20180504-172640]ThiÕt lËp thêi gian nhiÖm vô ®Şnh giê: 17 giê 26 phót!
[20180504-172640]Thêi gian tr­íc m¾t lµ: 17 giê 26 phót!
[20180504-172640]Thêi gian thùc thi lÇn tíi: 17:26! 1525429600
[20180504-172640]Sè lÇn ®Şnh giê nhiÖm vô: 0 !
[20180504-172640]§Æt nÒn mãng nhiÖm vô ®Şnh giê thµnh c«ng: clear_gest_jiaoyi.lua
[20180504-172640]NhiÖm vô ®Şnh giê 35: world_boss.lua, Sè lÇn: 0
[20180504-172640]ThiÕt lËp tªn nhiÖm vô ®Şnh giê: T¹o míi BOSS ThÕ Giíi
[20180504-172640]ThiÕt lËp thêi gian gi¸n c¸ch nhiÖm vô ®Şnh giê: 86400 gi©y mét lÇn!
[20180504-172640]ThiÕt lËp thêi gian nhiÖm vô ®Şnh giê: 14 giê 30 phót!
[20180504-172640]Thêi gian tr­íc m¾t lµ: 17 giê 26 phót!
[20180504-172640]H«m nay sÏ kh«ng thùc thi: ®· qu¸ thêi gian!
[20180504-172640]Thêi gian thùc thi lÇn tíi: 14:30! 1525505440
[20180504-172640]Sè lÇn ®Şnh giê nhiÖm vô: 0 !
[20180504-172640]§Æt nÒn mãng nhiÖm vô ®Şnh giê thµnh c«ng: world_boss.lua
[20180504-172640]NhiÖm vô ®Şnh giê 36: world_boss1.lua, Sè lÇn: 0
[20180504-172640]ThiÕt lËp tªn nhiÖm vô ®Şnh giê: T¹o míi BOSS ThÕ Giíi
[20180504-172640]ThiÕt lËp thêi gian gi¸n c¸ch nhiÖm vô ®Şnh giê: 86400 gi©y mét lÇn!
[20180504-172640]ThiÕt lËp thêi gian nhiÖm vô ®Şnh giê: 20 giê 0 phót!
[20180504-172640]Thêi gian tr­íc m¾t lµ: 17 giê 26 phót!
[20180504-172640]Thêi gian thùc thi lÇn tíi: 20:0! 1525438840
[20180504-172640]Sè lÇn ®Şnh giê nhiÖm vô: 0 !
[20180504-172640]§Æt nÒn mãng nhiÖm vô ®Şnh giê thµnh c«ng: world_boss1.lua
[20180504-172640]NhiÖm vô ®Şnh giê 37: hua_deng1.lua, Sè lÇn: 0
[20180504-172640]ThiÕt lËp tªn nhiÖm vô ®Şnh giê: §Ìn Hoa §¨ng
[20180504-172640]ThiÕt lËp thêi gian gi¸n c¸ch nhiÖm vô ®Şnh giê: 86400 gi©y mét lÇn!
[20180504-172640]ThiÕt lËp thêi gian nhiÖm vô ®Şnh giê: 10 giê 0 phót!
[20180504-172640]Thêi gian tr­íc m¾t lµ: 17 giê 26 phót!
[20180504-172640]H«m nay sÏ kh«ng thùc thi: ®· qu¸ thêi gian!
[20180504-172640]Thêi gian thùc thi lÇn tíi: 10:0! 1525489240
[20180504-172640]Sè lÇn ®Şnh giê nhiÖm vô: 0 !
[20180504-172640]§Æt nÒn mãng nhiÖm vô ®Şnh giê thµnh c«ng: hua_deng1.lua
[20180504-172640]NhiÖm vô ®Şnh giê 38: hua_deng2.lua, Sè lÇn: 0
[20180504-172640]ThiÕt lËp tªn nhiÖm vô ®Şnh giê: §Ìn Hoa §¨ng
[20180504-172640]ThiÕt lËp thêi gian gi¸n c¸ch nhiÖm vô ®Şnh giê: 86400 gi©y mét lÇn!
[20180504-172640]ThiÕt lËp thêi gian nhiÖm vô ®Şnh giê: 11 giê 0 phót!
[20180504-172640]Thêi gian tr­íc m¾t lµ: 17 giê 26 phót!
[20180504-172640]H«m nay sÏ kh«ng thùc thi: ®· qu¸ thêi gian!
[20180504-172640]Thêi gian thùc thi lÇn tíi: 11:0! 1525492840
[20180504-172640]Sè lÇn ®Şnh giê nhiÖm vô: 0 !
[20180504-172640]§Æt nÒn mãng nhiÖm vô ®Şnh giê thµnh c«ng: hua_deng2.lua
[20180504-172640]NhiÖm vô ®Şnh giê 39: hua_deng3.lua, Sè lÇn: 0
[20180504-172640]ThiÕt lËp tªn nhiÖm vô ®Şnh giê: §Ìn Hoa §¨ng
[20180504-172640]ThiÕt lËp thêi gian gi¸n c¸ch nhiÖm vô ®Şnh giê: 86400 gi©y mét lÇn!
[20180504-172640]ThiÕt lËp thêi gian nhiÖm vô ®Şnh giê: 16 giê 0 phót!
[20180504-172640]Thêi gian tr­íc m¾t lµ: 17 giê 26 phót!
[20180504-172640]H«m nay sÏ kh«ng thùc thi: ®· qu¸ thêi gian!
[20180504-172640]Thêi gian thùc thi lÇn tíi: 16:0! 1525510840
[20180504-172640]Sè lÇn ®Şnh giê nhiÖm vô: 0 !
[20180504-172640]§Æt nÒn mãng nhiÖm vô ®Şnh giê thµnh c«ng: hua_deng3.lua
[20180504-172640]NhiÖm vô ®Şnh giê 40: hua_deng4.lua, Sè lÇn: 0
[20180504-172640]ThiÕt lËp tªn nhiÖm vô ®Şnh giê: §Ìn Hoa §¨ng
[20180504-172640]ThiÕt lËp thêi gian gi¸n c¸ch nhiÖm vô ®Şnh giê: 86400 gi©y mét lÇn!
[20180504-172640]ThiÕt lËp thêi gian nhiÖm vô ®Şnh giê: 17 giê 0 phót!
[20180504-172640]Thêi gian tr­íc m¾t lµ: 17 giê 26 phót!
[20180504-172640]H«m nay sÏ kh«ng thùc thi: ®· qu¸ thêi gian!
[20180504-172640]Thêi gian thùc thi lÇn tíi: 17:0! 1525514440
[20180504-172640]Sè lÇn ®Şnh giê nhiÖm vô: 0 !
[20180504-172640]§Æt nÒn mãng nhiÖm vô ®Şnh giê thµnh c«ng: hua_deng4.lua
[20180504-172640]NhiÖm vô ®Şnh giê 41: hua_deng5.lua, Sè lÇn: 0
[20180504-172640]ThiÕt lËp tªn nhiÖm vô ®Şnh giê: §Ìn Hoa §¨ng
[20180504-172640]ThiÕt lËp thêi gian gi¸n c¸ch nhiÖm vô ®Şnh giê: 86400 gi©y mét lÇn!
[20180504-172640]ThiÕt lËp thêi gian nhiÖm vô ®Şnh giê: 21 giê 0 phót!
[20180504-172640]Thêi gian tr­íc m¾t lµ: 17 giê 26 phót!
[20180504-172640]Thêi gian thùc thi lÇn tíi: 21:0! 1525442440
[20180504-172640]Sè lÇn ®Şnh giê nhiÖm vô: 0 !
[20180504-172640]§Æt nÒn mãng nhiÖm vô ®Şnh giê thµnh c«ng: hua_deng5.lua
[20180504-172640]NhiÖm vô ®Şnh giê 42: hua_deng6.lua, Sè lÇn: 0
[20180504-172640]ThiÕt lËp tªn nhiÖm vô ®Şnh giê: §Ìn Hoa §¨ng
[20180504-172640]ThiÕt lËp thêi gian gi¸n c¸ch nhiÖm vô ®Şnh giê: 86400 gi©y mét lÇn!
[20180504-172640]ThiÕt lËp thêi gian nhiÖm vô ®Şnh giê: 22 giê 0 phót!
[20180504-172640]Thêi gian tr­íc m¾t lµ: 17 giê 26 phót!
[20180504-172640]Thêi gian thùc thi lÇn tíi: 22:0! 1525446040
[20180504-172640]Sè lÇn ®Şnh giê nhiÖm vô: 0 !
[20180504-172640]§Æt nÒn mãng nhiÖm vô ®Şnh giê thµnh c«ng: hua_deng6.lua
[20180504-172640]NhiÖm vô ®Şnh giê 43: ibc_boss1.lua, Sè lÇn: 0
[20180504-172640]ThiÕt lËp thêi gian gi¸n c¸ch nhiÖm vô ®Şnh giê: 86400 gi©y mét lÇn!
[20180504-172640]ThiÕt lËp thêi gian nhiÖm vô ®Şnh giê: 13 giê 0 phót!
[20180504-172640]Thêi gian tr­íc m¾t lµ: 17 giê 26 phót!
[20180504-172640]H«m nay sÏ kh«ng thùc thi: ®· qu¸ thêi gian!
[20180504-172640]Thêi gian thùc thi lÇn tíi: 13:0! 1525500040
[20180504-172640]Sè lÇn ®Şnh giê nhiÖm vô: 0 !
[20180504-172640]§Æt nÒn mãng nhiÖm vô ®Şnh giê thµnh c«ng: ibc_boss1.lua
[20180504-172640]NhiÖm vô ®Şnh giê 44: ibc_boss2.lua, Sè lÇn: 0
[20180504-172640]ThiÕt lËp thêi gian gi¸n c¸ch nhiÖm vô ®Şnh giê: 86400 gi©y mét lÇn!
[20180504-172640]ThiÕt lËp thêi gian nhiÖm vô ®Şnh giê: 19 giê 0 phót!
[20180504-172640]Thêi gian tr­íc m¾t lµ: 17 giê 26 phót!
[20180504-172640]Thêi gian thùc thi lÇn tíi: 19:0! 1525435240
[20180504-172640]Sè lÇn ®Şnh giê nhiÖm vô: 0 !
[20180504-172640]§Æt nÒn mãng nhiÖm vô ®Şnh giê thµnh c«ng: ibc_boss2.lua
[20180504-172640]NhiÖm vô ®Şnh giê 45: ibc_boss3.lua, Sè lÇn: 0
[20180504-172640]ThiÕt lËp thêi gian gi¸n c¸ch nhiÖm vô ®Şnh giê: 86400 gi©y mét lÇn!
[20180504-172640]ThiÕt lËp thêi gian nhiÖm vô ®Şnh giê: 22 giê 0 phót!
[20180504-172640]Thêi gian tr­íc m¾t lµ: 17 giê 26 phót!
[20180504-172640]Thêi gian thùc thi lÇn tíi: 22:0! 1525446040
[20180504-172640]Sè lÇn ®Şnh giê nhiÖm vô: 0 !
[20180504-172640]§Æt nÒn mãng nhiÖm vô ®Şnh giê thµnh c«ng: ibc_boss3.lua
[20180504-172641]Thùc thi NhiÖm vô ®Şnh giê: clear_gest_jiaoyi.lua
[20180504-172641]Thêi gian thùc thi lÇn sau: 1525446040!
[20180504-172740]Thùc thi NhiÖm vô ®Şnh giê: biwudahuiqianzou.lua
[20180504-172740]Thêi gian thùc thi lÇn sau: 1525446040!
[20180504-172840]Thùc thi NhiÖm vô ®Şnh giê: biwudahuiqianzou.lua
[20180504-172840]Thêi gian thùc thi lÇn sau: 1525446040!
[20180504-172940]Thùc thi NhiÖm vô ®Şnh giê: biwudahuiqianzou.lua
[20180504-172940]Thêi gian thùc thi lÇn sau: 1525446040!
[20180504-173040]Thùc thi NhiÖm vô ®Şnh giê: biwudahuiqianzou.lua
[20180504-173040]Thêi gian thùc thi lÇn sau: 1525446040!
[20180504-173040]Thùc thi NhiÖm vô ®Şnh giê: cc_call_boss3.lua
[20180504-173040]Thêi gian thùc thi lÇn sau: 1525446040!
[20180504-173140]Thùc thi NhiÖm vô ®Şnh giê: biwudahuiqianzou.lua
[20180504-173140]Thêi gian thùc thi lÇn sau: 1525446040!
[20180504-173240]Thùc thi NhiÖm vô ®Şnh giê: biwudahuiqianzou.lua
[20180504-173240]Thêi gian thùc thi lÇn sau: 1525446040!
[20180504-173340]Thùc thi NhiÖm vô ®Şnh giê: biwudahuiqianzou.lua
[20180504-173340]Thêi gian thùc thi lÇn sau: 1525446040!
[20180504-173440]Thùc thi NhiÖm vô ®Şnh giê: biwudahuiqianzou.lua
[20180504-173440]Thêi gian thùc thi lÇn sau: 1525446040!
[20180504-173540]Thùc thi NhiÖm vô ®Şnh giê: biwudahuiqianzou.lua
[20180504-173540]Thêi gian thùc thi lÇn sau: 1525446040!
[20180504-173640]Thùc thi NhiÖm vô ®Şnh giê: CollectionTaskStart.lua
[20180504-173640]Thêi gian thùc thi lÇn sau: 1525446040!
[20180504-173640]Thùc thi NhiÖm vô ®Şnh giê: random_shop_npc.lua
[20180504-173640]Thêi gian thùc thi lÇn sau: 1525446040!
[20180504-173640]Thùc thi NhiÖm vô ®Şnh giê: north_west_task.lua
[20180504-173640]Thêi gian thùc thi lÇn sau: 1525446040!
[20180504-173640]Thùc thi NhiÖm vô ®Şnh giê: biwudahuiqianzou.lua
[20180504-173640]Thêi gian thùc thi lÇn sau: 1525446040!
