ChangeLogFile: FirstWrite=1, CurrentLine=0/65536 LastTime=1900-1-0 0:0:0
20200106-201459<INFO :0xf73f2700>: [KG_Goddess] Loading KG_Goddess.ini
20200106-201459<INFO :0xf73f2700>: [verify_up2date]...
20200106-201459<INFO :0xf73f2700>: >Current lang is [gb18030]
20200106-201459<INFO :0xf73f2700>: >Welcome to use [verify_up2date](version: 2.3.4 [2018-02-25]) tool. 
20200106-201459<INFO :0xf73f2700>: >Time duration: 19.341573ms 
20200106-201459<INFO :0xf73f2700>: >
20200106-201459<INFO :0xf73f2700>: >Finish, my exit code is: 0
20200106-201459<INFO :0xf73f2700>: |shell cmd result is 0
20200106-201459<INFO :0xf73f2700>: ExecShellCmd [./verify_up2date -op=vef -d="." ] ret=0
20200106-201459<INFO :0xf73f2700>: [verify_up2date] ok
20200106-201459<INFO :0xf73f2700>: [Goddess][Version:Aug 22 2014 15:43:09] Begin to start ... ...
20200106-201459<INFO :0xf73f2700>: [KG_Goddess] Set log level ... ... KGLOG_UPTO(KGLOG_DEBUG)
20200106-201459<INFO :0xf73f2700>: [KG_Goddess] Loaded KG_Angel, version 2.5
20200106-201459<INFO :0xf73f2700>: [KG_Goddess] Initializing role database ...
20200106-201459<INFO :0xf73f2700>: [KGD] Mysql info: client[5.1.69] host[Localhost via UNIX socket] server[5.5.64-MariaDB]
20200106-201459<DEBUG:0xf73f2700>: [KGD] Success connect to localhost:3306, character set switch to latin1
20200106-201459<DEBUG:0xf73f2700>: [KGD] KGD_PROCESS_ERROR(nRetCode, KGD_ERROR_NOT_SUPPORT), at line 1467 in (0x0x96ec2a8)->_LoadTable()
20200106-201459<DEBUG:0xf73f2700>: [KGD] (0x0x96ec2a8)->_LoadTable("fightteam")
20200106-201459<DEBUG:0xf73f2700>: [KGD] KGD_PROCESS_ERROR(nRetCode, KGD_ERROR_NOT_SUPPORT), at line 1467 in (0x0x96ec2a8)->_LoadTable()
20200106-201459<DEBUG:0xf73f2700>: [KGD] (0x0x96ec2a8)->_LoadTable("playerfightteam")
20200106-201459<INFO :0xf73f2700>: [KG_Goddess] Initializing role statistic ...
20200106-201459<INFO :0xf73f2700>: load Top10_KG_RoleStatistic.dat when init: size=10792
20200106-201459<INFO :0xf73f2700>: [RoleStatistic] listen 127.0.0.1 : 6001 result=1
20200106-201459<INFO :0xf73f2700>: [RoleStatistic] Listening at 127.0.0.1:6001
20200106-201459<INFO :0xf73f2700>: [KG_Goddess] Initializing server manager ...
20200106-201459<INFO :0xf73f2700>: [ServerManager] Listening at 127.0.0.1:5001
20200106-201459<INFO :0xf73f2700>: [KG_Goddess] Started successful
