20200122-232012	INFO	[vËt phÈm lªn tay ng­êi ch¬i] [Tµi kho¶n : an] [Nh©n vËt: ioNaruto][Tªn vËt phÈm:S­ §å ThiÕp]
20200122-232012	INFO	[vËt phÈm lªn tay ng­êi ch¬i] [Tµi kho¶n : an] [Nh©n vËt: ioNaruto][Tªn vËt phÈm:CÈm Nang §¹i Sù KiÖn]
20200122-232012	INFO	[vËt phÈm lªn tay ng­êi ch¬i] [Tµi kho¶n : an] [Nh©n vËt: ioNaruto][Tªn vËt phÈm:NguyÖt L­îng Thè luy]
20200122-232012	INFO	[vËt phÈm lªn tay ng­êi ch¬i] [Tµi kho¶n : an] [Nh©n vËt: ioNaruto][Tªn vËt phÈm:TiÕu ng¹o giang hå l]
20200122-232012	INFO	[vËt phÈm lªn tay ng­êi ch¬i] [Tµi kho¶n : an] [Nh©n vËt: ioNaruto][Tªn vËt phÈm:GM Item]
20200122-232012	INFO	[vËt phÈm lªn tay ng­êi ch¬i] [Tµi kho¶n : an] [Nh©n vËt: ioNaruto][Tªn vËt phÈm:Tñ ¸o Thiªn BiÕn TiÕ]
20200122-232040	INFO	[vËt phÈm lªn tay ng­êi ch¬i] [Tµi kho¶n : an] [Nh©n vËt: ioNaruto][Tªn vËt phÈm:T©y B¾c Väng]
20200122-232040	INFO	[vËt phÈm lªn tay ng­êi ch¬i] [Tµi kho¶n : an] [Nh©n vËt: ioNaruto][Tªn vËt phÈm:B¸nh Bét vµng]
20200122-232040	INFO	[vËt phÈm lªn tay ng­êi ch¬i] [Tµi kho¶n : an] [Nh©n vËt: ioNaruto][Tªn vËt phÈm:Minh NguyÖt D¹]
20200122-232040	INFO	[vËt phÈm lªn tay ng­êi ch¬i] [Tµi kho¶n : an] [Nh©n vËt: ioNaruto][Tªn vËt phÈm:Thiªn th¹ch]
20200122-232040	INFO	[vËt phÈm lªn tay ng­êi ch¬i] [Tµi kho¶n : an] [Nh©n vËt: ioNaruto][Tªn vËt phÈm:M¶nh Thiªn th¹ch]
20200122-232055	ERR!	[playerattr abnormal][Account: an][RoleName: ioNaruto][Level: 99][Attr: 4,4,2,5,5 - 1 (1004)][Task: 0]
20200122-232055	INFO	[vËt phÈm lªn tay ng­êi ch¬i] [Tµi kho¶n : an] [Nh©n vËt: ioNaruto][Tªn vËt phÈm:Bøc th­ thÇn bİ]
20200122-232114	INFO	[vËt phÈm lªn tay ng­êi ch¬i] [Tµi kho¶n : an] [Nh©n vËt: ioNaruto][Tªn vËt phÈm:Hoan L¨ng Ngoa]
20200122-232114	INFO	[vËt phÈm lªn tay ng­êi ch¬i] [Tµi kho¶n : an] [Nh©n vËt: ioNaruto][Tªn vËt phÈm:Hoan L¨ng Ch­¬ng]
20200122-232114	INFO	[vËt phÈm lªn tay ng­êi ch¬i] [Tµi kho¶n : an] [Nh©n vËt: ioNaruto][Tªn vËt phÈm:Hoan L¨ng Phi Phong]
20200122-232114	INFO	[vËt phÈm lªn tay ng­êi ch¬i] [Tµi kho¶n : an] [Nh©n vËt: ioNaruto][Tªn vËt phÈm:§»ng Giao Ngoa]
20200122-232114	INFO	[vËt phÈm lªn tay ng­êi ch¬i] [Tµi kho¶n : an] [Nh©n vËt: ioNaruto][Tªn vËt phÈm:§»ng Giao Ch­¬ng]
20200122-232114	INFO	[vËt phÈm lªn tay ng­êi ch¬i] [Tµi kho¶n : an] [Nh©n vËt: ioNaruto][Tªn vËt phÈm:§»ng Giao Phi Phong]
20200122-232114	INFO	[vËt phÈm lªn tay ng­êi ch¬i] [Tµi kho¶n : an] [Nh©n vËt: ioNaruto][Tªn vËt phÈm:Khëi Ph­îng Ngoa]
20200122-232114	INFO	[vËt phÈm lªn tay ng­êi ch¬i] [Tµi kho¶n : an] [Nh©n vËt: ioNaruto][Tªn vËt phÈm:Khëi Ph­îng Ch­¬ng]
20200122-232114	INFO	[vËt phÈm lªn tay ng­êi ch¬i] [Tµi kho¶n : an] [Nh©n vËt: ioNaruto][Tªn vËt phÈm:Khëi Ph­îng Phi Phon]
20200122-232123	INFO	[vËt phÈm lªn tay ng­êi ch¬i] [Tµi kho¶n : an] [Nh©n vËt: ioNaruto][Tªn vËt phÈm:GM Item]
20200122-232126	INFO	[vËt phÈm lªn tay ng­êi ch¬i] [Tµi kho¶n : an] [Nh©n vËt: ioNaruto][Tªn vËt phÈm:Long tö Ên]
20200122-232126	INFO	[vËt phÈm lªn tay ng­êi ch¬i] [Tµi kho¶n : an] [Nh©n vËt: ioNaruto][Tªn vËt phÈm:Phông tö Ên]
20200122-232126	INFO	[vËt phÈm lªn tay ng­êi ch¬i] [Tµi kho¶n : an] [Nh©n vËt: ioNaruto][Tªn vËt phÈm:Hæ tö Ên]
20200122-232126	INFO	[vËt phÈm lªn tay ng­êi ch¬i] [Tµi kho¶n : an] [Nh©n vËt: ioNaruto][Tªn vËt phÈm:¦ng tö Ên]
20200122-232126	INFO	[vËt phÈm lªn tay ng­êi ch¬i] [Tµi kho¶n : an] [Nh©n vËt: ioNaruto][Tªn vËt phÈm:Vâ l©m thËp nhŞ sø]
20200122-232155	INFO	[vËt phÈm lªn tay ng­êi ch¬i] [Tµi kho¶n : an] [Nh©n vËt: ioNaruto][Tªn vËt phÈm:DiÖu D­¬ng Thiªn Cun]
20200122-232155	INFO	[vËt phÈm lªn tay ng­êi ch¬i] [Tµi kho¶n : an] [Nh©n vËt: ioNaruto][Tªn vËt phÈm:DiÖu D­¬ng Thiªn Cun]
20200122-232155	INFO	[vËt phÈm lªn tay ng­êi ch¬i] [Tµi kho¶n : an] [Nh©n vËt: ioNaruto][Tªn vËt phÈm:DiÖu D­¬ng Thiªn Cun]
20200122-232155	INFO	[vËt phÈm lªn tay ng­êi ch¬i] [Tµi kho¶n : an] [Nh©n vËt: ioNaruto][Tªn vËt phÈm:DiÖu D­¬ng Thiªn Cun]
20200122-232155	INFO	[vËt phÈm lªn tay ng­êi ch¬i] [Tµi kho¶n : an] [Nh©n vËt: ioNaruto][Tªn vËt phÈm:DiÖu D­¬ng Thiªn Cun]
20200122-232155	INFO	[vËt phÈm lªn tay ng­êi ch¬i] [Tµi kho¶n : an] [Nh©n vËt: ioNaruto][Tªn vËt phÈm:DiÖu D­¬ng-§é KiÕp T]
20200122-232155	INFO	[vËt phÈm lªn tay ng­êi ch¬i] [Tµi kho¶n : an] [Nh©n vËt: ioNaruto][Tªn vËt phÈm:DiÖu D­¬ng-§é KiÕp T]
20200122-232155	INFO	[vËt phÈm lªn tay ng­êi ch¬i] [Tµi kho¶n : an] [Nh©n vËt: ioNaruto][Tªn vËt phÈm:DiÖu D­¬ng-§é KiÕp T]
20200122-232155	INFO	[vËt phÈm lªn tay ng­êi ch¬i] [Tµi kho¶n : an] [Nh©n vËt: ioNaruto][Tªn vËt phÈm:DiÖu D­¬ng-§é KiÕp T]
20200122-232414	INFO	[vËt phÈm lªn tay ng­êi ch¬i] [Tµi kho¶n : an] [Nh©n vËt: ioNaruto][Tªn vËt phÈm:Hoan L¨ng Ngoa]
20200122-232414	INFO	[vËt phÈm lªn tay ng­êi ch¬i] [Tµi kho¶n : an] [Nh©n vËt: ioNaruto][Tªn vËt phÈm:Hoan L¨ng Ch­¬ng]
20200122-232414	INFO	[vËt phÈm lªn tay ng­êi ch¬i] [Tµi kho¶n : an] [Nh©n vËt: ioNaruto][Tªn vËt phÈm:Hoan L¨ng Phi Phong]
20200122-232414	INFO	[vËt phÈm lªn tay ng­êi ch¬i] [Tµi kho¶n : an] [Nh©n vËt: ioNaruto][Tªn vËt phÈm:§»ng Giao Ngoa]
20200122-232414	INFO	[vËt phÈm lªn tay ng­êi ch¬i] [Tµi kho¶n : an] [Nh©n vËt: ioNaruto][Tªn vËt phÈm:§»ng Giao Ch­¬ng]
20200122-232414	INFO	[vËt phÈm lªn tay ng­êi ch¬i] [Tµi kho¶n : an] [Nh©n vËt: ioNaruto][Tªn vËt phÈm:§»ng Giao Phi Phong]
20200122-232414	INFO	[vËt phÈm lªn tay ng­êi ch¬i] [Tµi kho¶n : an] [Nh©n vËt: ioNaruto][Tªn vËt phÈm:Khëi Ph­îng Ngoa]
20200122-232414	INFO	[vËt phÈm lªn tay ng­êi ch¬i] [Tµi kho¶n : an] [Nh©n vËt: ioNaruto][Tªn vËt phÈm:Khëi Ph­îng Ch­¬ng]
20200122-232414	INFO	[vËt phÈm lªn tay ng­êi ch¬i] [Tµi kho¶n : an] [Nh©n vËt: ioNaruto][Tªn vËt phÈm:Khëi Ph­îng Phi Phon]
20200122-232545	INFO	[vËt phÈm lªn tay ng­êi ch¬i] [Tµi kho¶n : an] [Nh©n vËt: ioNaruto][Tªn vËt phÈm:GM Item]
20200122-232622	INFO	[vËt phÈm lªn tay ng­êi ch¬i] [Tµi kho¶n : an] [Nh©n vËt: ioNaruto][Tªn vËt phÈm:Kinh M¹ch §ång Nh©n]
20200122-232627	INFO	[vËt phÈm lªn tay ng­êi ch¬i] [Tµi kho¶n : an] [Nh©n vËt: ioNaruto][Tªn vËt phÈm:Kinh M¹ch §ång Nh©n]
20200122-232637	INFO	[vËt phÈm lªn tay ng­êi ch¬i] [Tµi kho¶n : an] [Nh©n vËt: ioNaruto][Tªn vËt phÈm:Kinh M¹ch §ång Nh©n]
20200122-232921	INFO	[vËt phÈm lªn tay ng­êi ch¬i] [Tµi kho¶n : an] [Nh©n vËt: ioNaruto][Tªn vËt phÈm:Kinh M¹ch §ång Nh©n]
20200122-233904	INFO	[vËt phÈm lªn tay ng­êi ch¬i] [Tµi kho¶n : an] [Nh©n vËt: ioNaruto][Tªn vËt phÈm:TiÒm Long Tóc DiÖt C]
20200122-233904	INFO	[vËt phÈm lªn tay ng­êi ch¬i] [Tµi kho¶n : an] [Nh©n vËt: ioNaruto][Tªn vËt phÈm:TiÒm Long TŞch DiÖt ]
20200122-233904	INFO	[vËt phÈm lªn tay ng­êi ch¬i] [Tµi kho¶n : an] [Nh©n vËt: ioNaruto][Tªn vËt phÈm:L¨ng Ba Vi Bé toµn t]
20200122-234922	INFO	[vËt phÈm lªn tay ng­êi ch¬i] [Tµi kho¶n : an] [Nh©n vËt: ioNaruto][Tªn vËt phÈm:ThÊt TŞch-ngo¹i tran]
20200122-234940	INFO	[vËt phÈm lªn tay ng­êi ch¬i] [Tµi kho¶n : an] [Nh©n vËt: ioNaruto][Tªn vËt phÈm:ThÊt TŞch-ngo¹i tran]
20200122-235025	INFO	[vËt phÈm lªn tay ng­êi ch¬i] [Tµi kho¶n : an] [Nh©n vËt: ioNaruto][Tªn vËt phÈm:Tiªu Dao Qu¸n (n©u)]
20200122-235035	INFO	[vËt phÈm lªn tay ng­êi ch¬i] [Tµi kho¶n : an] [Nh©n vËt: ioNaruto][Tªn vËt phÈm:T­¬ng D­¬ng ®Çu kh«i]
20200122-235048	INFO	[vËt phÈm lªn tay ng­êi ch¬i] [Tµi kho¶n : an] [Nh©n vËt: ioNaruto][Tªn vËt phÈm:Tiªu Dao Th­êng (®en]
20200122-235118	INFO	[vËt phÈm lªn tay ng­êi ch¬i] [Tµi kho¶n : an] [Nh©n vËt: ioNaruto][Tªn vËt phÈm:Tiªu Dao Th­êng (n©u]
20200122-235155	INFO	[vËt phÈm lªn tay ng­êi ch¬i] [Tµi kho¶n : an] [Nh©n vËt: ioNaruto][Tªn vËt phÈm:Tiªu Dao Th­êng (lôc]
20200122-235205	INFO	[vËt phÈm lªn tay ng­êi ch¬i] [Tµi kho¶n : an] [Nh©n vËt: ioNaruto][Tªn vËt phÈm:Tiªu Dao Th­êng (n©u]
20200122-235225	INFO	[vËt phÈm lªn tay ng­êi ch¬i] [Tµi kho¶n : an] [Nh©n vËt: ioNaruto][Tªn vËt phÈm:Tiªu Dao Th­êng (lôc]
20200122-235234	INFO	[vËt phÈm lªn tay ng­êi ch¬i] [Tµi kho¶n : an] [Nh©n vËt: ioNaruto][Tªn vËt phÈm:Tiªu Dao Th­êng (lôc]
20200122-235306	INFO	[vËt phÈm lªn tay ng­êi ch¬i] [Tµi kho¶n : an] [Nh©n vËt: ioNaruto][Tªn vËt phÈm:Thµnh §« ®Çu kh«i ng]
20200122-235315	INFO	[vËt phÈm lªn tay ng­êi ch¬i] [Tµi kho¶n : an] [Nh©n vËt: ioNaruto][Tªn vËt phÈm:Tiªu Dao Th­êng (n©u]
20200122-235328	INFO	[vËt phÈm lªn tay ng­êi ch¬i] [Tµi kho¶n : an] [Nh©n vËt: ioNaruto][Tªn vËt phÈm:Thµnh §« ®Çu kh«i ng]
20200122-235346	INFO	[vËt phÈm lªn tay ng­êi ch¬i] [Tµi kho¶n : an] [Nh©n vËt: ioNaruto][Tªn vËt phÈm:]
20200122-235354	INFO	[vËt phÈm lªn tay ng­êi ch¬i] [Tµi kho¶n : an] [Nh©n vËt: ioNaruto][Tªn vËt phÈm:]
20200122-235541	INFO	[vËt phÈm lªn tay ng­êi ch¬i] [Tµi kho¶n : an] [Nh©n vËt: ioNaruto][Tªn vËt phÈm:Thµnh §« Th­îng y ng]
