ChangeLogFile: FirstWrite=1, CurrentLine=0/65536 LastTime=1900-1-0 0:0:0
20191005-194618<INFO :0xf7473700>: [KG_Angel][Version:Oct 31 2014 15:04:45] begin initial...
20191005-194618<INFO :0xf7473700>: Data OK! Current max Service ID is: 2325366
20191005-195024<INFO :0xf4affb40>: [CheckCRC] CheckRoleData test03.32323aa3a3a3 dwCRC=1419BA97/1419BA97 nResult=1
20191005-195205<INFO :0xf4affb40>: [CheckCRC] CheckRoleData test.321312323a3a dwCRC=D7EF31FA/D7EF31FA nResult=1
20191005-195253<INFO :0xf4affb40>: [CheckCRC] CheckRoleData test.321312323a3a dwCRC=51DF57E9/51DF57E9 nResult=1
20191005-195342<INFO :0xf40ffb40>: [CheckCRC] CheckRoleData test.321312323a3a dwCRC=8F5AE0DD/8F5AE0DD nResult=1
20191005-195346<INFO :0xf4affb40>: [CheckCRC] CheckRoleData test.321312323a3a dwCRC=B3AB413E/B3AB413E nResult=1
20191005-195638<INFO :0xf4affb40>: [CheckCRC] CheckRoleData test.321312323a3a dwCRC=7792A78F/7792A78F nResult=1
20191005-211524<INFO :0xf5effb40>: [PlayerCreator] Created role LongHo, ServerID=2325366
20191005-211708<INFO :0xf4affb40>: [CheckCRC] CheckRoleData test.321312323a3a dwCRC=FAA2A187/FAA2A187 nResult=1
20191005-211753<INFO :0xf40ffb40>: [CheckCRC] CheckRoleData test.321312323a3a dwCRC=9D96976C/9D96976C nResult=1
20191005-211955<INFO :0xf40ffb40>: [CheckCRC] CheckRoleData test00.LongHo dwCRC=D53D4C93/D53D4C93 nResult=1
20191005-211957<INFO :0xf40ffb40>: [CheckCRC] CheckRoleData test00.LongHo dwCRC=31244387/31244387 nResult=1
20191005-212429<INFO :0xf40ffb40>: [CheckCRC] CheckRoleData test.321312323a3a dwCRC=1CCDAC75/1CCDAC75 nResult=1
20191005-212621<INFO :0xf40ffb40>: [CheckCRC] CheckRoleData test00.LongHo dwCRC=0809A4F1/0809A4F1 nResult=1
20191005-213729<INFO :0xf40ffb40>: [CheckCRC] CheckRoleData test00.LongHo dwCRC=7E691021/7E691021 nResult=1
20191005-213944<INFO :0xf40ffb40>: [CheckCRC] CheckRoleData test.321312323a3a dwCRC=83357D6E/83357D6E nResult=1
20191005-214055<INFO :0xf40ffb40>: [CheckCRC] CheckRoleData test00.LongHo dwCRC=A1C21C83/A1C21C83 nResult=1
20191005-215443<INFO :0xf40ffb40>: [CheckCRC] CheckRoleData test.321312323a3a dwCRC=962C4D04/962C4D04 nResult=1
20191005-215554<INFO :0xf36ffb40>: [CheckCRC] CheckRoleData test00.LongHo dwCRC=171DCEA2/171DCEA2 nResult=1
20191005-220943<INFO :0xf40ffb40>: [CheckCRC] CheckRoleData test.321312323a3a dwCRC=97988F70/97988F70 nResult=1
20191005-221054<INFO :0xf36ffb40>: [CheckCRC] CheckRoleData test00.LongHo dwCRC=3F5CDA49/3F5CDA49 nResult=1
20191005-222443<INFO :0xf40ffb40>: [CheckCRC] CheckRoleData test.321312323a3a dwCRC=DBA31D7E/DBA31D7E nResult=1
20191005-222554<INFO :0xf36ffb40>: [CheckCRC] CheckRoleData test00.LongHo dwCRC=74EF77C5/74EF77C5 nResult=1
20191005-223905<INFO :0xf36ffb40>: [CheckCRC] CheckRoleData test00.LongHo dwCRC=ED4565FC/ED4565FC nResult=1
20191005-223943<INFO :0xf40ffb40>: [CheckCRC] CheckRoleData test.321312323a3a dwCRC=33C8482C/33C8482C nResult=1
20191005-224309<INFO :0xf40ffb40>: [CheckCRC] CheckRoleData test.321312323a3a dwCRC=E720601F/E720601F nResult=1
20191005-225405<INFO :0xf4affb40>: [CheckCRC] CheckRoleData test00.LongHo dwCRC=133A974E/133A974E nResult=1
20191005-225808<INFO :0xf36ffb40>: [CheckCRC] CheckRoleData test.321312323a3a dwCRC=2A4B0FE3/2A4B0FE3 nResult=1
