ChangeLogFile: FirstWrite=1, CurrentLine=0/65536 LastTime=1900-1-0 0:0:0
20240706-143040<INFO :0xf73b5700>: [verify_up2date]...
20240706-143040<INFO :0xf73b5700>: >Current lang is [gb18030]
20240706-143040<INFO :0xf73b5700>: >Welcome to use [verify_up2date](version: 2.3.4 [2018-02-25]) tool. 
20240706-143040<INFO :0xf73b5700>: >Time duration: 11.724315ms 
20240706-143040<INFO :0xf73b5700>: >
20240706-143040<INFO :0xf73b5700>: >Finish, my exit code is: 0
20240706-143040<INFO :0xf73b5700>: |shell cmd result is 0
20240706-143040<INFO :0xf73b5700>: ExecShellCmd [./verify_up2date -op=vef -d="/home/server/gw/Relay" ] ret=0
20240706-143040<INFO :0xf73b5700>: [verify_up2date] ok
20240706-143040<INFO :0xf73b5700>: [Relay][Version:Nov 14 2014 15:55:12] Begin to start ... ...
20240706-143040<INFO :0xf73b5700>: [KG_Relay] Set log level ... ... KGLOG_UPTO(KGLOG_DEBUG)
20240706-143040<INFO :0xf73b5700>: [KG_Relay] Loading relay.ini
20240706-143040<INFO :0xf73b5700>: Run without GMC!
20240706-143040<INFO :0xf73b5700>: [KGD] Mysql info: client[5.1.69] host[Localhost via UNIX socket] server[5.5.65-MariaDB]
20240706-143040<DEBUG:0xf73b5700>: [KGD] Success connect to localhost:3306, character set switch to latin1
20240706-143040<INFO :0xf73b5700>: [KGD] Mysql info: client[5.1.69] host[Localhost via UNIX socket] server[5.5.65-MariaDB]
20240706-143040<DEBUG:0xf73b5700>: [KGD] KGD_PROCESS_ERROR(nRetCode, KGD_ERROR_NOT_SUPPORT), at line 1467 in (0x0x898bb80)->_LoadTable()
20240706-143040<DEBUG:0xf73b5700>: [KGD] (0x0x898bb80)->_LoadTable("fightteam")
20240706-143040<DEBUG:0xf73b5700>: [KGD] KGD_PROCESS_ERROR(nRetCode, KGD_ERROR_NOT_SUPPORT), at line 1467 in (0x0x898bb80)->_LoadTable()
20240706-143040<DEBUG:0xf73b5700>: [KGD] (0x0x898bb80)->_LoadTable("playerfightteam")
20240706-143040<DEBUG:0xf73b5700>: [KGD] Success connect to localhost:3306, character set switch to latin1
20240706-143040<INFO :0xf71b3b40>: [KGD] Mysql info: client[5.1.69] host[Localhost via UNIX socket] server[5.5.65-MariaDB]
20240706-143040<INFO :0xf73b5700>: [KGD] Mysql info: client[5.1.69] host[Localhost via UNIX socket] server[5.5.65-MariaDB]
20240706-143040<DEBUG:0xf71b3b40>: [KGD] KGD_PROCESS_ERROR(nRetCode, KGD_ERROR_NOT_SUPPORT), at line 1467 in (0x0xf6800470)->_LoadTable()
20240706-143040<DEBUG:0xf71b3b40>: [KGD] (0x0xf6800470)->_LoadTable("fightteam")
20240706-143040<DEBUG:0xf73b5700>: [KGD] KGD_PROCESS_ERROR(nRetCode, KGD_ERROR_NOT_SUPPORT), at line 1467 in (0x0x89ba5b8)->_LoadTable()
20240706-143040<DEBUG:0xf73b5700>: [KGD] (0x0x89ba5b8)->_LoadTable("fightteam")
20240706-143040<DEBUG:0xf71b3b40>: [KGD] KGD_PROCESS_ERROR(nRetCode, KGD_ERROR_NOT_SUPPORT), at line 1467 in (0x0xf6800470)->_LoadTable()
20240706-143040<DEBUG:0xf71b3b40>: [KGD] (0x0xf6800470)->_LoadTable("playerfightteam")
20240706-143040<DEBUG:0xf73b5700>: [KGD] KGD_PROCESS_ERROR(nRetCode, KGD_ERROR_NOT_SUPPORT), at line 1467 in (0x0x89ba5b8)->_LoadTable()
20240706-143040<DEBUG:0xf73b5700>: [KGD] (0x0x89ba5b8)->_LoadTable("playerfightteam")
20240706-143040<DEBUG:0xf71b3b40>: [KGD] Success connect to localhost:3306, character set switch to latin1
20240706-143040<DEBUG:0xf73b5700>: [KGD] Success connect to localhost:3306, character set switch to latin1
20240706-143040<INFO :0xf67ffb40>: [KGD] Mysql info: client[5.1.69] host[Localhost via UNIX socket] server[5.5.65-MariaDB]
20240706-143040<DEBUG:0xf67ffb40>: [KGD] KGD_PROCESS_ERROR(nRetCode, KGD_ERROR_NOT_SUPPORT), at line 1467 in (0x0xf5e00470)->_LoadTable()
20240706-143040<DEBUG:0xf67ffb40>: [KGD] (0x0xf5e00470)->_LoadTable("fightteam")
20240706-143040<DEBUG:0xf67ffb40>: [KGD] KGD_PROCESS_ERROR(nRetCode, KGD_ERROR_NOT_SUPPORT), at line 1467 in (0x0xf5e00470)->_LoadTable()
20240706-143040<DEBUG:0xf67ffb40>: [KGD] (0x0xf5e00470)->_LoadTable("playerfightteam")
20240706-143040<DEBUG:0xf67ffb40>: [KGD] Success connect to localhost:3306, character set switch to latin1
20240706-143040<INFO :0xf73b5700>: [KGD] Mysql info: client[5.1.69] host[Localhost via UNIX socket] server[5.5.65-MariaDB]
20240706-143040<DEBUG:0xf73b5700>: [KGD] KGD_PROCESS_ERROR(nRetCode, KGD_ERROR_NOT_SUPPORT), at line 1467 in (0x0x89b91a8)->_LoadTable()
20240706-143040<DEBUG:0xf73b5700>: [KGD] (0x0x89b91a8)->_LoadTable("fightteam")
20240706-143040<DEBUG:0xf73b5700>: [KGD] KGD_PROCESS_ERROR(nRetCode, KGD_ERROR_NOT_SUPPORT), at line 1467 in (0x0x89b91a8)->_LoadTable()
20240706-143040<DEBUG:0xf73b5700>: [KGD] (0x0x89b91a8)->_LoadTable("playerfightteam")
20240706-143040<DEBUG:0xf73b5700>: [KGD] Success connect to localhost:3306, character set switch to latin1
20240706-143040<INFO :0xf5dffb40>: [KGD] Mysql info: client[5.1.69] host[Localhost via UNIX socket] server[5.5.65-MariaDB]
20240706-143040<INFO :0xf73b5700>: [KGD] Mysql info: client[5.1.69] host[Localhost via UNIX socket] server[5.5.65-MariaDB]
20240706-143040<DEBUG:0xf5dffb40>: [KGD] KGD_PROCESS_ERROR(nRetCode, KGD_ERROR_NOT_SUPPORT), at line 1467 in (0x0xf5400470)->_LoadTable()
20240706-143040<DEBUG:0xf5dffb40>: [KGD] (0x0xf5400470)->_LoadTable("fightteam")
20240706-143040<DEBUG:0xf5dffb40>: [KGD] KGD_PROCESS_ERROR(nRetCode, KGD_ERROR_NOT_SUPPORT), at line 1467 in (0x0xf5400470)->_LoadTable()
20240706-143040<DEBUG:0xf5dffb40>: [KGD] (0x0xf5400470)->_LoadTable("playerfightteam")
20240706-143040<DEBUG:0xf73b5700>: [KGD] KGD_PROCESS_ERROR(nRetCode, KGD_ERROR_NOT_SUPPORT), at line 1467 in (0x0x89cd768)->_LoadTable()
20240706-143040<DEBUG:0xf5dffb40>: [KGD] Success connect to localhost:3306, character set switch to latin1
20240706-143040<DEBUG:0xf73b5700>: [KGD] (0x0x89cd768)->_LoadTable("fightteam")
20240706-143040<DEBUG:0xf73b5700>: [KGD] KGD_PROCESS_ERROR(nRetCode, KGD_ERROR_NOT_SUPPORT), at line 1467 in (0x0x89cd768)->_LoadTable()
20240706-143040<DEBUG:0xf73b5700>: [KGD] (0x0x89cd768)->_LoadTable("playerfightteam")
20240706-143040<DEBUG:0xf73b5700>: [KGD] Success connect to localhost:3306, character set switch to latin1
20240706-143040<INFO :0xf53ffb40>: [KGD] Mysql info: client[5.1.69] host[Localhost via UNIX socket] server[5.5.65-MariaDB]
20240706-143040<DEBUG:0xf53ffb40>: [KGD] KGD_PROCESS_ERROR(nRetCode, KGD_ERROR_NOT_SUPPORT), at line 1467 in (0x0xf4a00470)->_LoadTable()
20240706-143040<DEBUG:0xf53ffb40>: [KGD] (0x0xf4a00470)->_LoadTable("fightteam")
20240706-143040<DEBUG:0xf53ffb40>: [KGD] KGD_PROCESS_ERROR(nRetCode, KGD_ERROR_NOT_SUPPORT), at line 1467 in (0x0xf4a00470)->_LoadTable()
20240706-143040<DEBUG:0xf53ffb40>: [KGD] (0x0xf4a00470)->_LoadTable("playerfightteam")
20240706-143040<DEBUG:0xf53ffb40>: [KGD] Success connect to localhost:3306, character set switch to latin1
20240706-143040<INFO :0xf73b5700>: [KGD] Mysql info: client[5.1.69] host[Localhost via UNIX socket] server[5.5.65-MariaDB]
20240706-143040<DEBUG:0xf73b5700>: [KGD] KGD_PROCESS_ERROR(nRetCode, KGD_ERROR_NOT_SUPPORT), at line 1467 in (0x0x89f0788)->_LoadTable()
20240706-143040<DEBUG:0xf73b5700>: [KGD] (0x0x89f0788)->_LoadTable("fightteam")
20240706-143040<DEBUG:0xf73b5700>: [KGD] KGD_PROCESS_ERROR(nRetCode, KGD_ERROR_NOT_SUPPORT), at line 1467 in (0x0x89f0788)->_LoadTable()
20240706-143040<DEBUG:0xf73b5700>: [KGD] (0x0x89f0788)->_LoadTable("playerfightteam")
20240706-143040<DEBUG:0xf73b5700>: [KGD] Success connect to localhost:3306, character set switch to latin1
20240706-143040<INFO :0xf73b5700>: [KGD] Mysql info: client[5.1.69] host[Localhost via UNIX socket] server[5.5.65-MariaDB]
20240706-143040<DEBUG:0xf73b5700>: [KGD] KGD_PROCESS_ERROR(nRetCode, KGD_ERROR_NOT_SUPPORT), at line 1467 in (0x0x8a16838)->_LoadTable()
20240706-143040<DEBUG:0xf73b5700>: [KGD] (0x0x8a16838)->_LoadTable("fightteam")
20240706-143040<DEBUG:0xf73b5700>: [KGD] KGD_PROCESS_ERROR(nRetCode, KGD_ERROR_NOT_SUPPORT), at line 1467 in (0x0x8a16838)->_LoadTable()
20240706-143040<DEBUG:0xf73b5700>: [KGD] (0x0x8a16838)->_LoadTable("playerfightteam")
20240706-143040<DEBUG:0xf73b5700>: [KGD] Success connect to localhost:3306, character set switch to latin1
20240706-143040<INFO :0xf49ffb40>: [KGD] Mysql info: client[5.1.69] host[Localhost via UNIX socket] server[5.5.65-MariaDB]
20240706-143040<DEBUG:0xf49ffb40>: [KGD] KGD_PROCESS_ERROR(nRetCode, KGD_ERROR_NOT_SUPPORT), at line 1467 in (0x0xf4000470)->_LoadTable()
20240706-143040<DEBUG:0xf49ffb40>: [KGD] (0x0xf4000470)->_LoadTable("fightteam")
20240706-143040<DEBUG:0xf49ffb40>: [KGD] KGD_PROCESS_ERROR(nRetCode, KGD_ERROR_NOT_SUPPORT), at line 1467 in (0x0xf4000470)->_LoadTable()
20240706-143040<DEBUG:0xf49ffb40>: [KGD] (0x0xf4000470)->_LoadTable("playerfightteam")
20240706-143040<DEBUG:0xf49ffb40>: [KGD] Success connect to localhost:3306, character set switch to latin1
20240706-143040<INFO :0xf73b5700>: [KGD] Mysql info: client[5.1.69] host[Localhost via UNIX socket] server[5.5.65-MariaDB]
20240706-143040<DEBUG:0xf73b5700>: [KGD] KGD_PROCESS_ERROR(nRetCode, KGD_ERROR_NOT_SUPPORT), at line 1467 in (0x0x8b9d7b0)->_LoadTable()
20240706-143040<DEBUG:0xf73b5700>: [KGD] (0x0x8b9d7b0)->_LoadTable("fightteam")
20240706-143040<DEBUG:0xf73b5700>: [KGD] KGD_PROCESS_ERROR(nRetCode, KGD_ERROR_NOT_SUPPORT), at line 1467 in (0x0x8b9d7b0)->_LoadTable()
20240706-143040<DEBUG:0xf73b5700>: [KGD] (0x0x8b9d7b0)->_LoadTable("playerfightteam")
20240706-143040<DEBUG:0xf73b5700>: [KGD] Success connect to localhost:3306, character set switch to latin1
20240706-143040<INFO :0xf73b5700>: [MySQLDatabase] Connecting to `127.0.0.1`, database `jx2ib_database`...
20240706-143040<INFO :0xf73b5700>: [MySQLDatabase] Connecting to `127.0.0.1`, database `jx2ib_database`...
20240706-143040<INFO :0xf73b5700>: [RuntimeStat] ServerName=SONGLONG_GW FlushIntervalSec=300
20240706-143040<INFO :0xf73b5700>: set runtime statistic result path is [runtime_stat_result/2024_07_06/stat_result_ksg_2024_07_06_@SONGLONG_GW.txt]
20240706-143040<DEBUG:0xf73b5700>: [Tong_Operation] Update Tong Competition List Start...
20240706-143040<DEBUG:0xf73b5700>: [Tong_Operation] Update Tong Competition List Step1.
20240706-143040<DEBUG:0xf73b5700>: [Tong_Operation] Update Tong Competition List Step2.
20240706-143040<DEBUG:0xf73b5700>: [Tong_Operation] Update Tong Competition List Step3.
20240706-143040<DEBUG:0xf73b5700>: [Tong_Operation] Update Tong Competition List Finished.
20240706-143040<WARN :0xf73b5700>: [RuntimeDataStatRelay] FlushStat: File=runtime_stat_result/2024_07_06/stat_result_ksg_2024_07_06_@SONGLONG_GW.txt Count=363
20240706-143040<WARN :0xf73b5700>: [RuntimeDataStatRelay] FlushStat: File=runtime_stat_result/2024_07_06/stat_result_vng_2024-07-06_@SONGLONG_GW.txt Count=1
20240706-143059<INFO :0xf73b5700>: New connection from 127.0.0.1:747, index = 0
20240706-143059<DEBUG:0xf73b5700>: Send log info to gs(100007f) when connect ret=1
20240706-143059<INFO :0xf73b5700>: New connection from 127.0.0.1:4292, index = 0
20240706-143059<INFO :0xf73b5700>: New connection from 127.0.0.1:4994, index = 0
20240706-143059<INFO :0xf73b5700>: [verify_up2date] GetUp2dateVersion: code=8DA68FCD
20240706-143059<ERROR:0xf73b5700>: [KG_RelayTongGameSvr] [Error Protocol] [Protocol=52]
20240706-143059<DEBUG:0xf73b5700>: KGLOG_PROCESS_ERROR(false) at line 83 in ProcessMessage
20240706-143059<ERROR:0xf73b5700>: [KG_RelayTongGameSvr] [Error Protocol] [Protocol=52]
20240706-143059<DEBUG:0xf73b5700>: KGLOG_PROCESS_ERROR(false) at line 83 in ProcessMessage
20240706-143059<ERROR:0xf73b5700>: [KG_RelayTongGameSvr] [Error Protocol] [Protocol=52]
20240706-143059<DEBUG:0xf73b5700>: KGLOG_PROCESS_ERROR(false) at line 83 in ProcessMessage
20240706-143059<INFO :0xf73b5700>: Proc0_GameSvrLogin
20240706-143059<INFO :0xf73b5700>: [MAP_INDEX_INFO] Notify map count 98 for gs: 0100007F
20240706-143101<WARN :0xf73b5700>: Router NOT connected
20240706-143119<INFO :0xf73b5700>: New connection from 127.0.0.2:27805, index = 1
20240706-143119<DEBUG:0xf73b5700>: Send log info to gs(200007f) when connect ret=1
20240706-143119<INFO :0xf73b5700>: New connection from 127.0.0.2:18358, index = 1
20240706-143119<INFO :0xf73b5700>: New connection from 127.0.0.2:43395, index = 1
20240706-143119<INFO :0xf73b5700>: [verify_up2date] GetUp2dateVersion: code=8DA68FCD
20240706-143119<ERROR:0xf73b5700>: [KG_RelayTongGameSvr] [Error Protocol] [Protocol=52]
20240706-143119<DEBUG:0xf73b5700>: KGLOG_PROCESS_ERROR(false) at line 83 in ProcessMessage
20240706-143119<ERROR:0xf73b5700>: [KG_RelayTongGameSvr] [Error Protocol] [Protocol=52]
20240706-143119<DEBUG:0xf73b5700>: KGLOG_PROCESS_ERROR(false) at line 83 in ProcessMessage
20240706-143119<ERROR:0xf73b5700>: [KG_RelayTongGameSvr] [Error Protocol] [Protocol=52]
20240706-143119<DEBUG:0xf73b5700>: KGLOG_PROCESS_ERROR(false) at line 83 in ProcessMessage
20240706-143119<INFO :0xf73b5700>: Proc0_GameSvrLogin
20240706-143119<INFO :0xf73b5700>: [MAP_INDEX_INFO] Notify map count 107 for gs: 0200007F
20240706-143121<WARN :0xf73b5700>: Router NOT connected
20240706-143128<INFO :0xf73b5700>: New connection from 127.0.0.3:47329, index = 2
20240706-143128<DEBUG:0xf73b5700>: Send log info to gs(300007f) when connect ret=1
20240706-143128<INFO :0xf73b5700>: New connection from 127.0.0.3:30873, index = 2
20240706-143128<INFO :0xf73b5700>: New connection from 127.0.0.3:2015, index = 2
20240706-143128<INFO :0xf73b5700>: [verify_up2date] GetUp2dateVersion: code=8DA68FCD
20240706-143128<ERROR:0xf73b5700>: [KG_RelayTongGameSvr] [Error Protocol] [Protocol=52]
20240706-143128<DEBUG:0xf73b5700>: KGLOG_PROCESS_ERROR(false) at line 83 in ProcessMessage
20240706-143128<ERROR:0xf73b5700>: [KG_RelayTongGameSvr] [Error Protocol] [Protocol=52]
20240706-143128<DEBUG:0xf73b5700>: KGLOG_PROCESS_ERROR(false) at line 83 in ProcessMessage
20240706-143128<ERROR:0xf73b5700>: [KG_RelayTongGameSvr] [Error Protocol] [Protocol=52]
20240706-143128<DEBUG:0xf73b5700>: KGLOG_PROCESS_ERROR(false) at line 83 in ProcessMessage
20240706-143128<INFO :0xf73b5700>: Proc0_GameSvrLogin
20240706-143128<INFO :0xf73b5700>: [MAP_INDEX_INFO] Notify map count 98 for gs: 0300007F
20240706-143130<WARN :0xf73b5700>: Router NOT connected
20240706-143136<INFO :0xf73b5700>: New connection from 127.0.0.4:4482, index = 3
20240706-143136<DEBUG:0xf73b5700>: Send log info to gs(400007f) when connect ret=1
20240706-143136<INFO :0xf73b5700>: New connection from 127.0.0.4:29139, index = 3
20240706-143136<INFO :0xf73b5700>: New connection from 127.0.0.4:167, index = 3
20240706-143136<INFO :0xf73b5700>: [verify_up2date] GetUp2dateVersion: code=8DA68FCD
20240706-143136<ERROR:0xf73b5700>: [KG_RelayTongGameSvr] [Error Protocol] [Protocol=52]
20240706-143136<DEBUG:0xf73b5700>: KGLOG_PROCESS_ERROR(false) at line 83 in ProcessMessage
20240706-143136<ERROR:0xf73b5700>: [KG_RelayTongGameSvr] [Error Protocol] [Protocol=52]
20240706-143136<DEBUG:0xf73b5700>: KGLOG_PROCESS_ERROR(false) at line 83 in ProcessMessage
20240706-143136<ERROR:0xf73b5700>: [KG_RelayTongGameSvr] [Error Protocol] [Protocol=52]
20240706-143136<DEBUG:0xf73b5700>: KGLOG_PROCESS_ERROR(false) at line 83 in ProcessMessage
20240706-143136<INFO :0xf73b5700>: Proc0_GameSvrLogin
20240706-143136<INFO :0xf73b5700>: [MAP_INDEX_INFO] Notify map count 108 for gs: 0400007F
20240706-143138<WARN :0xf73b5700>: Router NOT connected
20240706-143142<INFO :0xf73b5700>: New connection from 127.0.0.5:62670, index = 4
20240706-143142<DEBUG:0xf73b5700>: Send log info to gs(500007f) when connect ret=1
20240706-143142<INFO :0xf73b5700>: New connection from 127.0.0.5:41194, index = 4
20240706-143142<INFO :0xf73b5700>: New connection from 127.0.0.5:23956, index = 4
20240706-143142<INFO :0xf73b5700>: [verify_up2date] GetUp2dateVersion: code=8DA68FCD
20240706-143142<ERROR:0xf73b5700>: [KG_RelayTongGameSvr] [Error Protocol] [Protocol=52]
20240706-143142<DEBUG:0xf73b5700>: KGLOG_PROCESS_ERROR(false) at line 83 in ProcessMessage
20240706-143142<ERROR:0xf73b5700>: [KG_RelayTongGameSvr] [Error Protocol] [Protocol=52]
20240706-143142<DEBUG:0xf73b5700>: KGLOG_PROCESS_ERROR(false) at line 83 in ProcessMessage
20240706-143142<ERROR:0xf73b5700>: [KG_RelayTongGameSvr] [Error Protocol] [Protocol=52]
20240706-143142<DEBUG:0xf73b5700>: KGLOG_PROCESS_ERROR(false) at line 83 in ProcessMessage
20240706-143142<INFO :0xf73b5700>: Proc0_GameSvrLogin
20240706-143142<INFO :0xf73b5700>: [MAP_INDEX_INFO] Notify map count 74 for gs: 0500007F
20240706-143144<WARN :0xf73b5700>: Router NOT connected
20240706-143148<INFO :0xf73b5700>: New connection from 127.0.0.6:29373, index = 5
20240706-143148<DEBUG:0xf73b5700>: Send log info to gs(600007f) when connect ret=1
20240706-143148<INFO :0xf73b5700>: New connection from 127.0.0.6:48559, index = 5
20240706-143149<INFO :0xf73b5700>: New connection from 127.0.0.6:58341, index = 5
20240706-143149<INFO :0xf73b5700>: [verify_up2date] GetUp2dateVersion: code=8DA68FCD
20240706-143149<ERROR:0xf73b5700>: [KG_RelayTongGameSvr] [Error Protocol] [Protocol=52]
20240706-143149<DEBUG:0xf73b5700>: KGLOG_PROCESS_ERROR(false) at line 83 in ProcessMessage
20240706-143149<ERROR:0xf73b5700>: [KG_RelayTongGameSvr] [Error Protocol] [Protocol=52]
20240706-143149<DEBUG:0xf73b5700>: KGLOG_PROCESS_ERROR(false) at line 83 in ProcessMessage
20240706-143149<ERROR:0xf73b5700>: [KG_RelayTongGameSvr] [Error Protocol] [Protocol=52]
20240706-143149<DEBUG:0xf73b5700>: KGLOG_PROCESS_ERROR(false) at line 83 in ProcessMessage
20240706-143149<INFO :0xf73b5700>: Proc0_GameSvrLogin
20240706-143149<INFO :0xf73b5700>: [MAP_INDEX_INFO] Notify map count 4 for gs: 0600007F
20240706-143151<WARN :0xf73b5700>: Router NOT connected
20240706-143155<INFO :0xf73b5700>: New connection from 127.0.0.7:14756, index = 6
20240706-143155<DEBUG:0xf73b5700>: Send log info to gs(700007f) when connect ret=1
20240706-143155<INFO :0xf73b5700>: New connection from 127.0.0.7:45475, index = 6
20240706-143155<INFO :0xf73b5700>: New connection from 127.0.0.7:36798, index = 6
20240706-143155<INFO :0xf73b5700>: [verify_up2date] GetUp2dateVersion: code=8DA68FCD
20240706-143155<ERROR:0xf73b5700>: [KG_RelayTongGameSvr] [Error Protocol] [Protocol=52]
20240706-143155<DEBUG:0xf73b5700>: KGLOG_PROCESS_ERROR(false) at line 83 in ProcessMessage
20240706-143155<ERROR:0xf73b5700>: [KG_RelayTongGameSvr] [Error Protocol] [Protocol=52]
20240706-143155<DEBUG:0xf73b5700>: KGLOG_PROCESS_ERROR(false) at line 83 in ProcessMessage
20240706-143155<ERROR:0xf73b5700>: [KG_RelayTongGameSvr] [Error Protocol] [Protocol=52]
20240706-143155<DEBUG:0xf73b5700>: KGLOG_PROCESS_ERROR(false) at line 83 in ProcessMessage
20240706-143155<INFO :0xf73b5700>: Proc0_GameSvrLogin
20240706-143155<INFO :0xf73b5700>: [MAP_INDEX_INFO] Notify map count 8 for gs: 0700007F
20240706-143157<WARN :0xf73b5700>: Router NOT connected
20240706-143231<DEBUG:0xf73b5700>: [RelationMgr] SomeoneLogin("Jx2iiTieuKhang")
20240706-143231<DEBUG:0xf73b5700>: [RelationMgr] SomeoneLoad("Jx2iiTieuKhang")
20240706-143231<DEBUG:0xf73b5700>: [Relation Database] Load "Jx2iiTieuKhang"
20240706-143231<WARN :0xf73b5700>: Router NOT connected
