ChangeLogFile: FirstWrite=1, CurrentLine=0/65536 LastTime=1900-1-0 0:0:0
20240706-214743<INFO :0xf73d4700>: [verify_up2date]...
20240706-214743<INFO :0xf73d4700>: >Current lang is [gb18030]
20240706-214743<INFO :0xf73d4700>: >Welcome to use [verify_up2date](version: 2.3.4 [2018-02-25]) tool. 
20240706-214743<INFO :0xf73d4700>: >Time duration: 6.365671ms 
20240706-214743<INFO :0xf73d4700>: >
20240706-214743<INFO :0xf73d4700>: >Finish, my exit code is: 0
20240706-214743<INFO :0xf73d4700>: |shell cmd result is 0
20240706-214743<INFO :0xf73d4700>: ExecShellCmd [./verify_up2date -op=vef -d="/home/server/gw/Relay" ] ret=0
20240706-214743<INFO :0xf73d4700>: [verify_up2date] ok
20240706-214743<INFO :0xf73d4700>: [Relay][Version:Nov 14 2014 15:55:12] Begin to start ... ...
20240706-214743<INFO :0xf73d4700>: [KG_Relay] Set log level ... ... KGLOG_UPTO(KGLOG_DEBUG)
20240706-214743<INFO :0xf73d4700>: [KG_Relay] Loading relay.ini
20240706-214743<INFO :0xf73d4700>: Run without GMC!
20240706-214743<INFO :0xf73d4700>: [KGD] Mysql info: client[5.1.69] host[Localhost via UNIX socket] server[5.5.65-MariaDB]
20240706-214743<DEBUG:0xf73d4700>: [KGD] Success connect to localhost:3306, character set switch to latin1
20240706-214743<INFO :0xf73d4700>: [KGD] Mysql info: client[5.1.69] host[Localhost via UNIX socket] server[5.5.65-MariaDB]
20240706-214743<DEBUG:0xf73d4700>: [KGD] KGD_PROCESS_ERROR(nRetCode, KGD_ERROR_NOT_SUPPORT), at line 1467 in (0x0x9f2bb80)->_LoadTable()
20240706-214743<DEBUG:0xf73d4700>: [KGD] (0x0x9f2bb80)->_LoadTable("fightteam")
20240706-214743<DEBUG:0xf73d4700>: [KGD] KGD_PROCESS_ERROR(nRetCode, KGD_ERROR_NOT_SUPPORT), at line 1467 in (0x0x9f2bb80)->_LoadTable()
20240706-214743<DEBUG:0xf73d4700>: [KGD] (0x0x9f2bb80)->_LoadTable("playerfightteam")
20240706-214743<DEBUG:0xf73d4700>: [KGD] Success connect to localhost:3306, character set switch to latin1
20240706-214743<INFO :0xf71d2b40>: [KGD] Mysql info: client[5.1.69] host[Localhost via UNIX socket] server[5.5.65-MariaDB]
20240706-214743<INFO :0xf73d4700>: [KGD] Mysql info: client[5.1.69] host[Localhost via UNIX socket] server[5.5.65-MariaDB]
20240706-214743<DEBUG:0xf73d4700>: [KGD] KGD_PROCESS_ERROR(nRetCode, KGD_ERROR_NOT_SUPPORT), at line 1467 in (0x0x9f5a5b8)->_LoadTable()
20240706-214743<DEBUG:0xf73d4700>: [KGD] (0x0x9f5a5b8)->_LoadTable("fightteam")
20240706-214743<DEBUG:0xf71d2b40>: [KGD] KGD_PROCESS_ERROR(nRetCode, KGD_ERROR_NOT_SUPPORT), at line 1467 in (0x0xf6800470)->_LoadTable()
20240706-214743<DEBUG:0xf71d2b40>: [KGD] (0x0xf6800470)->_LoadTable("fightteam")
20240706-214743<DEBUG:0xf73d4700>: [KGD] KGD_PROCESS_ERROR(nRetCode, KGD_ERROR_NOT_SUPPORT), at line 1467 in (0x0x9f5a5b8)->_LoadTable()
20240706-214743<DEBUG:0xf73d4700>: [KGD] (0x0x9f5a5b8)->_LoadTable("playerfightteam")
20240706-214743<DEBUG:0xf71d2b40>: [KGD] KGD_PROCESS_ERROR(nRetCode, KGD_ERROR_NOT_SUPPORT), at line 1467 in (0x0xf6800470)->_LoadTable()
20240706-214743<DEBUG:0xf71d2b40>: [KGD] (0x0xf6800470)->_LoadTable("playerfightteam")
20240706-214743<DEBUG:0xf71d2b40>: [KGD] Success connect to localhost:3306, character set switch to latin1
20240706-214743<DEBUG:0xf73d4700>: [KGD] Success connect to localhost:3306, character set switch to latin1
20240706-214743<INFO :0xf67ffb40>: [KGD] Mysql info: client[5.1.69] host[Localhost via UNIX socket] server[5.5.65-MariaDB]
20240706-214743<INFO :0xf73d4700>: [KGD] Mysql info: client[5.1.69] host[Localhost via UNIX socket] server[5.5.65-MariaDB]
20240706-214743<DEBUG:0xf67ffb40>: [KGD] KGD_PROCESS_ERROR(nRetCode, KGD_ERROR_NOT_SUPPORT), at line 1467 in (0x0xf5e00470)->_LoadTable()
20240706-214743<DEBUG:0xf73d4700>: [KGD] KGD_PROCESS_ERROR(nRetCode, KGD_ERROR_NOT_SUPPORT), at line 1467 in (0x0x9f591a8)->_LoadTable()
20240706-214743<DEBUG:0xf67ffb40>: [KGD] (0x0xf5e00470)->_LoadTable("fightteam")
20240706-214743<DEBUG:0xf73d4700>: [KGD] (0x0x9f591a8)->_LoadTable("fightteam")
20240706-214743<DEBUG:0xf67ffb40>: [KGD] KGD_PROCESS_ERROR(nRetCode, KGD_ERROR_NOT_SUPPORT), at line 1467 in (0x0xf5e00470)->_LoadTable()
20240706-214743<DEBUG:0xf67ffb40>: [KGD] (0x0xf5e00470)->_LoadTable("playerfightteam")
20240706-214743<DEBUG:0xf73d4700>: [KGD] KGD_PROCESS_ERROR(nRetCode, KGD_ERROR_NOT_SUPPORT), at line 1467 in (0x0x9f591a8)->_LoadTable()
20240706-214743<DEBUG:0xf73d4700>: [KGD] (0x0x9f591a8)->_LoadTable("playerfightteam")
20240706-214743<DEBUG:0xf67ffb40>: [KGD] Success connect to localhost:3306, character set switch to latin1
20240706-214743<DEBUG:0xf73d4700>: [KGD] Success connect to localhost:3306, character set switch to latin1
20240706-214743<INFO :0xf73d4700>: [KGD] Mysql info: client[5.1.69] host[Localhost via UNIX socket] server[5.5.65-MariaDB]
20240706-214743<INFO :0xf5dffb40>: [KGD] Mysql info: client[5.1.69] host[Localhost via UNIX socket] server[5.5.65-MariaDB]
20240706-214743<DEBUG:0xf73d4700>: [KGD] KGD_PROCESS_ERROR(nRetCode, KGD_ERROR_NOT_SUPPORT), at line 1467 in (0x0x9f6d768)->_LoadTable()
20240706-214743<DEBUG:0xf73d4700>: [KGD] (0x0x9f6d768)->_LoadTable("fightteam")
20240706-214743<DEBUG:0xf73d4700>: [KGD] KGD_PROCESS_ERROR(nRetCode, KGD_ERROR_NOT_SUPPORT), at line 1467 in (0x0x9f6d768)->_LoadTable()
20240706-214743<DEBUG:0xf73d4700>: [KGD] (0x0x9f6d768)->_LoadTable("playerfightteam")
20240706-214743<DEBUG:0xf5dffb40>: [KGD] KGD_PROCESS_ERROR(nRetCode, KGD_ERROR_NOT_SUPPORT), at line 1467 in (0x0xf5400470)->_LoadTable()
20240706-214743<DEBUG:0xf73d4700>: [KGD] Success connect to localhost:3306, character set switch to latin1
20240706-214743<DEBUG:0xf5dffb40>: [KGD] (0x0xf5400470)->_LoadTable("fightteam")
20240706-214743<DEBUG:0xf5dffb40>: [KGD] KGD_PROCESS_ERROR(nRetCode, KGD_ERROR_NOT_SUPPORT), at line 1467 in (0x0xf5400470)->_LoadTable()
20240706-214743<DEBUG:0xf5dffb40>: [KGD] (0x0xf5400470)->_LoadTable("playerfightteam")
20240706-214743<DEBUG:0xf5dffb40>: [KGD] Success connect to localhost:3306, character set switch to latin1
20240706-214743<INFO :0xf53ffb40>: [KGD] Mysql info: client[5.1.69] host[Localhost via UNIX socket] server[5.5.65-MariaDB]
20240706-214743<DEBUG:0xf53ffb40>: [KGD] KGD_PROCESS_ERROR(nRetCode, KGD_ERROR_NOT_SUPPORT), at line 1467 in (0x0xf4a00470)->_LoadTable()
20240706-214743<DEBUG:0xf53ffb40>: [KGD] (0x0xf4a00470)->_LoadTable("fightteam")
20240706-214743<DEBUG:0xf53ffb40>: [KGD] KGD_PROCESS_ERROR(nRetCode, KGD_ERROR_NOT_SUPPORT), at line 1467 in (0x0xf4a00470)->_LoadTable()
20240706-214743<DEBUG:0xf53ffb40>: [KGD] (0x0xf4a00470)->_LoadTable("playerfightteam")
20240706-214743<INFO :0xf73d4700>: [KGD] Mysql info: client[5.1.69] host[Localhost via UNIX socket] server[5.5.65-MariaDB]
20240706-214743<DEBUG:0xf53ffb40>: [KGD] Success connect to localhost:3306, character set switch to latin1
20240706-214743<DEBUG:0xf73d4700>: [KGD] KGD_PROCESS_ERROR(nRetCode, KGD_ERROR_NOT_SUPPORT), at line 1467 in (0x0x9f90788)->_LoadTable()
20240706-214743<DEBUG:0xf73d4700>: [KGD] (0x0x9f90788)->_LoadTable("fightteam")
20240706-214743<DEBUG:0xf73d4700>: [KGD] KGD_PROCESS_ERROR(nRetCode, KGD_ERROR_NOT_SUPPORT), at line 1467 in (0x0x9f90788)->_LoadTable()
20240706-214743<DEBUG:0xf73d4700>: [KGD] (0x0x9f90788)->_LoadTable("playerfightteam")
20240706-214743<DEBUG:0xf73d4700>: [KGD] Success connect to localhost:3306, character set switch to latin1
20240706-214743<INFO :0xf73d4700>: [KGD] Mysql info: client[5.1.69] host[Localhost via UNIX socket] server[5.5.65-MariaDB]
20240706-214743<DEBUG:0xf73d4700>: [KGD] KGD_PROCESS_ERROR(nRetCode, KGD_ERROR_NOT_SUPPORT), at line 1467 in (0x0x9fb6838)->_LoadTable()
20240706-214743<DEBUG:0xf73d4700>: [KGD] (0x0x9fb6838)->_LoadTable("fightteam")
20240706-214743<DEBUG:0xf73d4700>: [KGD] KGD_PROCESS_ERROR(nRetCode, KGD_ERROR_NOT_SUPPORT), at line 1467 in (0x0x9fb6838)->_LoadTable()
20240706-214743<DEBUG:0xf73d4700>: [KGD] (0x0x9fb6838)->_LoadTable("playerfightteam")
20240706-214743<DEBUG:0xf73d4700>: [KGD] Success connect to localhost:3306, character set switch to latin1
20240706-214743<INFO :0xf49ffb40>: [KGD] Mysql info: client[5.1.69] host[Localhost via UNIX socket] server[5.5.65-MariaDB]
20240706-214743<DEBUG:0xf49ffb40>: [KGD] KGD_PROCESS_ERROR(nRetCode, KGD_ERROR_NOT_SUPPORT), at line 1467 in (0x0xf4000470)->_LoadTable()
20240706-214743<DEBUG:0xf49ffb40>: [KGD] (0x0xf4000470)->_LoadTable("fightteam")
20240706-214743<DEBUG:0xf49ffb40>: [KGD] KGD_PROCESS_ERROR(nRetCode, KGD_ERROR_NOT_SUPPORT), at line 1467 in (0x0xf4000470)->_LoadTable()
20240706-214743<DEBUG:0xf49ffb40>: [KGD] (0x0xf4000470)->_LoadTable("playerfightteam")
20240706-214743<DEBUG:0xf49ffb40>: [KGD] Success connect to localhost:3306, character set switch to latin1
20240706-214743<INFO :0xf73d4700>: [KGD] Mysql info: client[5.1.69] host[Localhost via UNIX socket] server[5.5.65-MariaDB]
20240706-214743<DEBUG:0xf73d4700>: [KGD] KGD_PROCESS_ERROR(nRetCode, KGD_ERROR_NOT_SUPPORT), at line 1467 in (0x0xa13d7b0)->_LoadTable()
20240706-214743<DEBUG:0xf73d4700>: [KGD] (0x0xa13d7b0)->_LoadTable("fightteam")
20240706-214743<DEBUG:0xf73d4700>: [KGD] KGD_PROCESS_ERROR(nRetCode, KGD_ERROR_NOT_SUPPORT), at line 1467 in (0x0xa13d7b0)->_LoadTable()
20240706-214743<DEBUG:0xf73d4700>: [KGD] (0x0xa13d7b0)->_LoadTable("playerfightteam")
20240706-214743<DEBUG:0xf73d4700>: [KGD] Success connect to localhost:3306, character set switch to latin1
20240706-214743<INFO :0xf73d4700>: [MySQLDatabase] Connecting to `127.0.0.1`, database `jx2ib_database`...
20240706-214743<INFO :0xf73d4700>: [MySQLDatabase] Connecting to `127.0.0.1`, database `jx2ib_database`...
20240706-214743<INFO :0xf73d4700>: [RuntimeStat] ServerName=SONGLONG_GW FlushIntervalSec=300
20240706-214743<INFO :0xf73d4700>: set runtime statistic result path is [runtime_stat_result/2024_07_06/stat_result_ksg_2024_07_06_@SONGLONG_GW.txt]
20240706-214743<WARN :0xf73d4700>: [RuntimeDataStatRelay] FlushStat: File=runtime_stat_result/2024_07_06/stat_result_ksg_2024_07_06_@SONGLONG_GW.txt Count=365
20240706-214743<WARN :0xf73d4700>: [RuntimeDataStatRelay] FlushStat: File=runtime_stat_result/2024_07_06/stat_result_vng_2024-07-06_@SONGLONG_GW.txt Count=1
20240706-214756<INFO :0xf73d4700>: New connection from 127.0.0.1:19127, index = 0
20240706-214756<DEBUG:0xf73d4700>: Send log info to gs(100007f) when connect ret=1
20240706-214756<INFO :0xf73d4700>: New connection from 127.0.0.1:63212, index = 0
20240706-214756<INFO :0xf73d4700>: New connection from 127.0.0.1:30181, index = 0
20240706-214756<INFO :0xf73d4700>: [verify_up2date] GetUp2dateVersion: code=8DA68FCD
20240706-214756<ERROR:0xf73d4700>: [KG_RelayTongGameSvr] [Error Protocol] [Protocol=52]
20240706-214756<DEBUG:0xf73d4700>: KGLOG_PROCESS_ERROR(false) at line 83 in ProcessMessage
20240706-214756<ERROR:0xf73d4700>: [KG_RelayTongGameSvr] [Error Protocol] [Protocol=52]
20240706-214756<DEBUG:0xf73d4700>: KGLOG_PROCESS_ERROR(false) at line 83 in ProcessMessage
20240706-214756<ERROR:0xf73d4700>: [KG_RelayTongGameSvr] [Error Protocol] [Protocol=52]
20240706-214756<DEBUG:0xf73d4700>: KGLOG_PROCESS_ERROR(false) at line 83 in ProcessMessage
20240706-214756<INFO :0xf73d4700>: Proc0_GameSvrLogin
20240706-214756<INFO :0xf73d4700>: [MAP_INDEX_INFO] Notify map count 98 for gs: 0100007F
20240706-214758<WARN :0xf73d4700>: Router NOT connected
20240706-214805<INFO :0xf73d4700>: New connection from 127.0.0.2:9662, index = 1
20240706-214805<DEBUG:0xf73d4700>: Send log info to gs(200007f) when connect ret=1
20240706-214806<INFO :0xf73d4700>: New connection from 127.0.0.2:59801, index = 1
20240706-214806<INFO :0xf73d4700>: New connection from 127.0.0.2:52891, index = 1
20240706-214806<INFO :0xf73d4700>: [verify_up2date] GetUp2dateVersion: code=8DA68FCD
20240706-214806<ERROR:0xf73d4700>: [KG_RelayTongGameSvr] [Error Protocol] [Protocol=52]
20240706-214806<DEBUG:0xf73d4700>: KGLOG_PROCESS_ERROR(false) at line 83 in ProcessMessage
20240706-214806<ERROR:0xf73d4700>: [KG_RelayTongGameSvr] [Error Protocol] [Protocol=52]
20240706-214806<DEBUG:0xf73d4700>: KGLOG_PROCESS_ERROR(false) at line 83 in ProcessMessage
20240706-214806<ERROR:0xf73d4700>: [KG_RelayTongGameSvr] [Error Protocol] [Protocol=52]
20240706-214806<DEBUG:0xf73d4700>: KGLOG_PROCESS_ERROR(false) at line 83 in ProcessMessage
20240706-214806<INFO :0xf73d4700>: Proc0_GameSvrLogin
20240706-214806<INFO :0xf73d4700>: [MAP_INDEX_INFO] Notify map count 107 for gs: 0200007F
20240706-214808<WARN :0xf73d4700>: Router NOT connected
20240706-214808<DEBUG:0xf73d4700>: [RelationMgr] SomeoneLogin("Jx2iiTieuKanNT")
20240706-214808<DEBUG:0xf73d4700>: [RelationMgr] SomeoneLoad("Jx2iiTieuKanNT")
20240706-214808<DEBUG:0xf73d4700>: [Relation Database] Load "Jx2iiTieuKanNT"
20240706-214808<WARN :0xf73d4700>: Router NOT connected
20240706-214815<INFO :0xf73d4700>: New connection from 127.0.0.3:62356, index = 2
20240706-214815<DEBUG:0xf73d4700>: Send log info to gs(300007f) when connect ret=1
20240706-214815<INFO :0xf73d4700>: New connection from 127.0.0.3:36232, index = 2
20240706-214816<INFO :0xf73d4700>: New connection from 127.0.0.3:53898, index = 2
20240706-214816<INFO :0xf73d4700>: [verify_up2date] GetUp2dateVersion: code=8DA68FCD
20240706-214816<ERROR:0xf73d4700>: [KG_RelayTongGameSvr] [Error Protocol] [Protocol=52]
20240706-214816<DEBUG:0xf73d4700>: KGLOG_PROCESS_ERROR(false) at line 83 in ProcessMessage
20240706-214816<ERROR:0xf73d4700>: [KG_RelayTongGameSvr] [Error Protocol] [Protocol=52]
20240706-214816<DEBUG:0xf73d4700>: KGLOG_PROCESS_ERROR(false) at line 83 in ProcessMessage
20240706-214816<ERROR:0xf73d4700>: [KG_RelayTongGameSvr] [Error Protocol] [Protocol=52]
20240706-214816<DEBUG:0xf73d4700>: KGLOG_PROCESS_ERROR(false) at line 83 in ProcessMessage
20240706-214816<INFO :0xf73d4700>: Proc0_GameSvrLogin
20240706-214816<INFO :0xf73d4700>: [MAP_INDEX_INFO] Notify map count 98 for gs: 0300007F
20240706-214818<WARN :0xf73d4700>: Router NOT connected
20240706-214826<INFO :0xf73d4700>: New connection from 127.0.0.4:50908, index = 3
20240706-214826<DEBUG:0xf73d4700>: Send log info to gs(400007f) when connect ret=1
20240706-214826<INFO :0xf73d4700>: New connection from 127.0.0.4:25045, index = 3
20240706-214826<INFO :0xf73d4700>: New connection from 127.0.0.4:63166, index = 3
20240706-214826<INFO :0xf73d4700>: [verify_up2date] GetUp2dateVersion: code=8DA68FCD
20240706-214826<ERROR:0xf73d4700>: [KG_RelayTongGameSvr] [Error Protocol] [Protocol=52]
20240706-214826<DEBUG:0xf73d4700>: KGLOG_PROCESS_ERROR(false) at line 83 in ProcessMessage
20240706-214826<ERROR:0xf73d4700>: [KG_RelayTongGameSvr] [Error Protocol] [Protocol=52]
20240706-214826<DEBUG:0xf73d4700>: KGLOG_PROCESS_ERROR(false) at line 83 in ProcessMessage
20240706-214826<ERROR:0xf73d4700>: [KG_RelayTongGameSvr] [Error Protocol] [Protocol=52]
20240706-214826<DEBUG:0xf73d4700>: KGLOG_PROCESS_ERROR(false) at line 83 in ProcessMessage
20240706-214826<INFO :0xf73d4700>: Proc0_GameSvrLogin
20240706-214826<INFO :0xf73d4700>: [MAP_INDEX_INFO] Notify map count 108 for gs: 0400007F
20240706-214828<WARN :0xf73d4700>: Router NOT connected
