20200123-000049	INFO	[vËt phÈm lªn tay ng­êi ch¬i] [Tµi kho¶n : an] [Nh©n vËt: ioNaruto][Tªn vËt phÈm:§« ngo¹i trang h¹ y]
20200123-000902	INFO	[vËt phÈm lªn tay ng­êi ch¬i] [Tµi kho¶n : an] [Nh©n vËt: ioNaruto][Tªn vËt phÈm:§« ngo¹i trang h¹ y]
20200123-000915	INFO	[vËt phÈm lªn tay ng­êi ch¬i] [Tµi kho¶n : an] [Nh©n vËt: ioNaruto][Tªn vËt phÈm:Thµnh §« Th­îng y ng]
20200123-001003	INFO	[vËt phÈm lªn tay ng­êi ch¬i] [Tµi kho¶n : an] [Nh©n vËt: ioNaruto][Tªn vËt phÈm:]
20200123-001011	INFO	[vËt phÈm lªn tay ng­êi ch¬i] [Tµi kho¶n : an] [Nh©n vËt: ioNaruto][Tªn vËt phÈm:Thµnh §« ®Çu kh«i ng]
20200123-001533	INFO	[vËt phÈm lªn tay ng­êi ch¬i] [Tµi kho¶n : an] [Nh©n vËt: ioNaruto][Tªn vËt phÈm:§« ngo¹i trang h¹ y]
20200123-001732	INFO	[vËt phÈm lªn tay ng­êi ch¬i] [Tµi kho¶n : an] [Nh©n vËt: ioNaruto][Tªn vËt phÈm:T­¬ng D­¬ng ®Çu kh«i]
20200123-001805	INFO	[vËt phÈm lªn tay ng­êi ch¬i] [Tµi kho¶n : an] [Nh©n vËt: ioNaruto][Tªn vËt phÈm:T­¬ng D­¬ng Th­îng y]
20200123-001828	INFO	[vËt phÈm lªn tay ng­êi ch¬i] [Tµi kho¶n : an] [Nh©n vËt: ioNaruto][Tªn vËt phÈm:T©n Nguyªn ngo¹i tra]
20200123-001857	INFO	[vËt phÈm lªn tay ng­êi ch¬i] [Tµi kho¶n : an] [Nh©n vËt: ioNaruto][Tªn vËt phÈm:TriÒu Hoa ngo¹i tran]
20200123-001908	INFO	[vËt phÈm lªn tay ng­êi ch¬i] [Tµi kho¶n : an] [Nh©n vËt: ioNaruto][Tªn vËt phÈm:GM Item]
20200123-001924	INFO	[vËt phÈm lªn tay ng­êi ch¬i] [Tµi kho¶n : an] [Nh©n vËt: ioNaruto][Tªn vËt phÈm:Tiªm Vò Th­êng]
20200123-001935	INFO	[vËt phÈm lªn tay ng­êi ch¬i] [Tµi kho¶n : an] [Nh©n vËt: ioNaruto][Tªn vËt phÈm:Tiªm Vò Th­êng]
20200123-001941	INFO	[vËt phÈm lªn tay ng­êi ch¬i] [Tµi kho¶n : an] [Nh©n vËt: ioNaruto][Tªn vËt phÈm:Tiªm Vò trang]
20200123-001952	INFO	[vËt phÈm lªn tay ng­êi ch¬i] [Tµi kho¶n : an] [Nh©n vËt: ioNaruto][Tªn vËt phÈm:Tiªm Vò trang]
20200123-002016	INFO	[vËt phÈm lªn tay ng­êi ch¬i] [Tµi kho¶n : an] [Nh©n vËt: ioNaruto][Tªn vËt phÈm:B¶o Tiªu ChiÕn Y]
20200123-002054	INFO	[vËt phÈm lªn tay ng­êi ch¬i] [Tµi kho¶n : an] [Nh©n vËt: ioNaruto][Tªn vËt phÈm:Vò §iÖp Tó Trang]
20200123-002101	INFO	[vËt phÈm lªn tay ng­êi ch¬i] [Tµi kho¶n : an] [Nh©n vËt: ioNaruto][Tªn vËt phÈm:ChuyÓn Sinh Y]
20200123-002117	INFO	[vËt phÈm lªn tay ng­êi ch¬i] [Tµi kho¶n : an] [Nh©n vËt: ioNaruto][Tªn vËt phÈm:Hµm Yªn Tó Trang]
20200123-002133	INFO	[vËt phÈm lªn tay ng­êi ch¬i] [Tµi kho¶n : an] [Nh©n vËt: ioNaruto][Tªn vËt phÈm:ThÊt ThÇn Y]
20200123-002155	INFO	[vËt phÈm lªn tay ng­êi ch¬i] [Tµi kho¶n : an] [Nh©n vËt: ioNaruto][Tªn vËt phÈm:]
20200123-002201	INFO	[vËt phÈm lªn tay ng­êi ch¬i] [Tµi kho¶n : an] [Nh©n vËt: ioNaruto][Tªn vËt phÈm:B¸ch ChiÕn]
20200123-002213	INFO	[vËt phÈm lªn tay ng­êi ch¬i] [Tµi kho¶n : an] [Nh©n vËt: ioNaruto][Tªn vËt phÈm:Së Ca]
20200123-002233	INFO	[vËt phÈm lªn tay ng­êi ch¬i] [Tµi kho¶n : an] [Nh©n vËt: ioNaruto][Tªn vËt phÈm:Long L©n ¤ Kim Gi¸p]
20200123-002245	INFO	[vËt phÈm lªn tay ng­êi ch¬i] [Tµi kho¶n : an] [Nh©n vËt: ioNaruto][Tªn vËt phÈm:Lôc Oanh Vò Y]
20200123-002255	INFO	[vËt phÈm lªn tay ng­êi ch¬i] [Tµi kho¶n : an] [Nh©n vËt: ioNaruto][Tªn vËt phÈm:Doanh Vò Th­êng]
20200123-002351	INFO	[vËt phÈm lªn tay ng­êi ch¬i] [Tµi kho¶n : an] [Nh©n vËt: ioNaruto][Tªn vËt phÈm:A C¨n chiÕn bµo]
20200123-002413	INFO	[vËt phÈm lªn tay ng­êi ch¬i] [Tµi kho¶n : an] [Nh©n vËt: ioNaruto][Tªn vËt phÈm:TØ T¸t chiÕn bµo]
20200123-002431	INFO	[vËt phÈm lªn tay ng­êi ch¬i] [Tµi kho¶n : an] [Nh©n vËt: ioNaruto][Tªn vËt phÈm:¸i Phi chiÕn bµo]
20200123-002452	INFO	[vËt phÈm lªn tay ng­êi ch¬i] [Tµi kho¶n : an] [Nh©n vËt: ioNaruto][Tªn vËt phÈm:TØ T¸t chiÕn bµo]
20200123-002544	INFO	[vËt phÈm lªn tay ng­êi ch¬i] [Tµi kho¶n : an] [Nh©n vËt: ioNaruto][Tªn vËt phÈm:BÊt DiÖt chiÕn bµo]
20200123-002702	INFO	[vËt phÈm lªn tay ng­êi ch¬i] [Tµi kho¶n : an] [Nh©n vËt: ioNaruto][Tªn vËt phÈm:Bå Quèc chiÕn bµo]
20200123-002720	INFO	[vËt phÈm lªn tay ng­êi ch¬i] [Tµi kho¶n : an] [Nh©n vËt: ioNaruto][Tªn vËt phÈm:TiÖp Kh¸ch chiÕn bµo]
20200123-002741	INFO	[vËt phÈm lªn tay ng­êi ch¬i] [Tµi kho¶n : an] [Nh©n vËt: ioNaruto][Tªn vËt phÈm:Tr­êng Kh«ng ChiÕn g]
20200123-002749	INFO	[vËt phÈm lªn tay ng­êi ch¬i] [Tµi kho¶n : an] [Nh©n vËt: ioNaruto][Tªn vËt phÈm:Tr­êng Kh«ng ChiÕn g]
20200123-002821	INFO	[vËt phÈm lªn tay ng­êi ch¬i] [Tµi kho¶n : an] [Nh©n vËt: ioNaruto][Tªn vËt phÈm:§Êu Ng­u chiÕn bµo]
20200123-002836	INFO	[vËt phÈm lªn tay ng­êi ch¬i] [Tµi kho¶n : an] [Nh©n vËt: ioNaruto][Tªn vËt phÈm:Phong Xa chiÕn bµo]
20200123-002935	INFO	[vËt phÈm lªn tay ng­êi ch¬i] [Tµi kho¶n : an] [Nh©n vËt: ioNaruto][Tªn vËt phÈm:T©n lang lÔ phôc]
20200123-002944	INFO	[vËt phÈm lªn tay ng­êi ch¬i] [Tµi kho¶n : an] [Nh©n vËt: ioNaruto][Tªn vËt phÈm:GM Item]
20200123-003030	INFO	[vËt phÈm lªn tay ng­êi ch¬i] [Tµi kho¶n : an] [Nh©n vËt: ioNaruto][Tªn vËt phÈm:BiÖn Kinh phï th¹ch]
20200123-003125	INFO	[vËt phÈm lªn tay ng­êi ch¬i] [Tµi kho¶n : an] [Nh©n vËt: ioNaruto][Tªn vËt phÈm:Tèng qu©n trang(Nam ]
20200123-003159	INFO	[vËt phÈm lªn tay ng­êi ch¬i] [Tµi kho¶n : an] [Nh©n vËt: ioNaruto][Tªn vËt phÈm:Thµnh Chñ TriÒu Phôc]
20200123-003216	INFO	[vËt phÈm lªn tay ng­êi ch¬i] [Tµi kho¶n : an] [Nh©n vËt: ioNaruto][Tªn vËt phÈm:Thµnh Chñ TriÒu Phôc]
20200123-003228	INFO	[vËt phÈm lªn tay ng­êi ch¬i] [Tµi kho¶n : an] [Nh©n vËt: ioNaruto][Tªn vËt phÈm:QuËn Chñ TriÒu Phôc]
20200123-003239	INFO	[vËt phÈm lªn tay ng­êi ch¬i] [Tµi kho¶n : an] [Nh©n vËt: ioNaruto][Tªn vËt phÈm:Qu©n S­ Bµo]
20200123-003252	INFO	[vËt phÈm lªn tay ng­êi ch¬i] [Tµi kho¶n : an] [Nh©n vËt: ioNaruto][Tªn vËt phÈm:Danh Bé Y]
20200123-003306	INFO	[vËt phÈm lªn tay ng­êi ch¬i] [Tµi kho¶n : an] [Nh©n vËt: ioNaruto][Tªn vËt phÈm:]
20200123-003434	INFO	[vËt phÈm lªn tay ng­êi ch¬i] [Tµi kho¶n : an] [Nh©n vËt: ioNaruto][Tªn vËt phÈm:Danh Bé Trang]
20200123-003620	INFO	[vËt phÈm lªn tay ng­êi ch¬i] [Tµi kho¶n : an] [Nh©n vËt: ioNaruto][Tªn vËt phÈm:ChØ Tóy Kim Mª y]
20200123-003645	INFO	[vËt phÈm lªn tay ng­êi ch¬i] [Tµi kho¶n : an] [Nh©n vËt: ioNaruto][Tªn vËt phÈm:¸o ngo¹i trang n¨m m]
20200123-003704	INFO	[vËt phÈm lªn tay ng­êi ch¬i] [Tµi kho¶n : an] [Nh©n vËt: ioNaruto][Tªn vËt phÈm:Hång S©m y]
20200123-003725	INFO	[vËt phÈm lªn tay ng­êi ch¬i] [Tµi kho¶n : an] [Nh©n vËt: ioNaruto][Tªn vËt phÈm:Tinh Kh¾c-ngo¹i tran]
20200123-003745	INFO	[vËt phÈm lªn tay ng­êi ch¬i] [Tµi kho¶n : an] [Nh©n vËt: ioNaruto][Tªn vËt phÈm:ThÊt TŞch-ngo¹i tran]
20200123-003753	INFO	[vËt phÈm lªn tay ng­êi ch¬i] [Tµi kho¶n : an] [Nh©n vËt: ioNaruto][Tªn vËt phÈm:ThÊt TŞch-ngo¹i tran]
20200123-003814	INFO	[vËt phÈm lªn tay ng­êi ch¬i] [Tµi kho¶n : an] [Nh©n vËt: ioNaruto][Tªn vËt phÈm:Thiªn Ba Ph¸ TrËn kh]
20200123-003828	INFO	[vËt phÈm lªn tay ng­êi ch¬i] [Tµi kho¶n : an] [Nh©n vËt: ioNaruto][Tªn vËt phÈm:Thiªn Ba Ph¸ TrËn bµ]
20200123-003846	INFO	[vËt phÈm lªn tay ng­êi ch¬i] [Tµi kho¶n : an] [Nh©n vËt: ioNaruto][Tªn vËt phÈm:¢m Hån Kim Gi¸p]
20200123-003902	INFO	[vËt phÈm lªn tay ng­êi ch¬i] [Tµi kho¶n : an] [Nh©n vËt: ioNaruto][Tªn vËt phÈm:Thanh Minh Gi¸p]
20200123-003916	INFO	[vËt phÈm lªn tay ng­êi ch¬i] [Tµi kho¶n : an] [Nh©n vËt: ioNaruto][Tªn vËt phÈm:Thanh Minh Kh«i]
20200123-003926	INFO	[vËt phÈm lªn tay ng­êi ch¬i] [Tµi kho¶n : an] [Nh©n vËt: ioNaruto][Tªn vËt phÈm:Thanh Minh Bµo]
20200123-003947	INFO	[vËt phÈm lªn tay ng­êi ch¬i] [Tµi kho¶n : an] [Nh©n vËt: ioNaruto][Tªn vËt phÈm:Phån Háa ¸m S­¬ng Y ]
20200123-004000	INFO	[vËt phÈm lªn tay ng­êi ch¬i] [Tµi kho¶n : an] [Nh©n vËt: ioNaruto][Tªn vËt phÈm:ThiÕu Niªn Du (Y)]
20200123-004012	INFO	[vËt phÈm lªn tay ng­êi ch¬i] [Tµi kho¶n : an] [Nh©n vËt: ioNaruto][Tªn vËt phÈm:ThiÕu Niªn Du (Kh«i)]
20200123-004020	INFO	[vËt phÈm lªn tay ng­êi ch¬i] [Tµi kho¶n : an] [Nh©n vËt: ioNaruto][Tªn vËt phÈm:ThiÕu Niªn Du (h¹ tr]
20200123-004139	INFO	[vËt phÈm lªn tay ng­êi ch¬i] [Tµi kho¶n : an] [Nh©n vËt: ioNaruto][Tªn vËt phÈm:T­¬ng KiÕn Huan (Y)]
20200123-004149	INFO	[vËt phÈm lªn tay ng­êi ch¬i] [Tµi kho¶n : an] [Nh©n vËt: ioNaruto][Tªn vËt phÈm:T­¬ng KiÕn Huan (Kh«]
20200123-004158	INFO	[vËt phÈm lªn tay ng­êi ch¬i] [Tµi kho¶n : an] [Nh©n vËt: ioNaruto][Tªn vËt phÈm:T­¬ng KiÕn Huan (h¹ ]
20200123-004333	INFO	[vËt phÈm lªn tay ng­êi ch¬i] [Tµi kho¶n : an] [Nh©n vËt: ioNaruto][Tªn vËt phÈm:Phån Háa ¸m S­¬ng Y ]
20200123-004352	INFO	[vËt phÈm lªn tay ng­êi ch¬i] [Tµi kho¶n : an] [Nh©n vËt: ioNaruto][Tªn vËt phÈm:Phån Háa ¸m S­¬ng Y ]
20200123-004408	INFO	[vËt phÈm lªn tay ng­êi ch¬i] [Tµi kho¶n : an] [Nh©n vËt: ioNaruto][Tªn vËt phÈm:GM Item]
20200123-004419	INFO	[vËt phÈm lªn tay ng­êi ch¬i] [Tµi kho¶n : an] [Nh©n vËt: ioNaruto][Tªn vËt phÈm:Phån Háa ¸m S­¬ng Y ]
20200123-004440	INFO	[vËt phÈm lªn tay ng­êi ch¬i] [Tµi kho¶n : an] [Nh©n vËt: ioNaruto][Tªn vËt phÈm:Song §¸n Y]
20200123-004527	INFO	[vËt phÈm lªn tay ng­êi ch¬i] [Tµi kho¶n : an] [Nh©n vËt: ioNaruto][Tªn vËt phÈm:Khæng T­íc Minh V­¬n]
20200123-004549	INFO	[vËt phÈm lªn tay ng­êi ch¬i] [Tµi kho¶n : an] [Nh©n vËt: ioNaruto][Tªn vËt phÈm:Tñ ¸o Thiªn BiÕn TiÕ]
20200123-004711	INFO	[vËt phÈm lªn tay ng­êi ch¬i] [Tµi kho¶n : an] [Nh©n vËt: ioNaruto][Tªn vËt phÈm:TiÒn Long y]
20200123-005017	INFO	[vËt phÈm lªn tay ng­êi ch¬i] [Tµi kho¶n : an] [Nh©n vËt: ioNaruto][Tªn vËt phÈm:GM Item]
20200123-005208	INFO	[vËt phÈm lªn tay ng­êi ch¬i] [Tµi kho¶n : an] [Nh©n vËt: ioNaruto][Tªn vËt phÈm:Liªu L«i Hæ T­íng Bµ]
20200123-005301	INFO	[vËt phÈm lªn tay ng­êi ch¬i] [Tµi kho¶n : an] [Nh©n vËt: ioNaruto][Tªn vËt phÈm:Liªu L«i Hæ T­íng Bµ]
20200123-005435	INFO	[vËt phÈm lªn tay ng­êi ch¬i] [Tµi kho¶n : an] [Nh©n vËt: ioNaruto][Tªn vËt phÈm:Liªu_Thanh Long T­ín]
20200123-005443	INFO	[vËt phÈm lªn tay ng­êi ch¬i] [Tµi kho¶n : an] [Nh©n vËt: ioNaruto][Tªn vËt phÈm:Liªu_Thanh Long T­ín]
20200123-005515	INFO	[vËt phÈm lªn tay ng­êi ch¬i] [Tµi kho¶n : an] [Nh©n vËt: ioNaruto][Tªn vËt phÈm:V« Song ChiÕn ThÇn G]
20200123-005536	INFO	[vËt phÈm lªn tay ng­êi ch¬i] [Tµi kho¶n : an] [Nh©n vËt: ioNaruto][Tªn vËt phÈm:V« Song ChiÕn ThÇn G]
20200123-005550	INFO	[vËt phÈm lªn tay ng­êi ch¬i] [Tµi kho¶n : an] [Nh©n vËt: ioNaruto][Tªn vËt phÈm:V« Song ChiÕn ThÇn G]
20200123-005602	INFO	[vËt phÈm lªn tay ng­êi ch¬i] [Tµi kho¶n : an] [Nh©n vËt: ioNaruto][Tªn vËt phÈm:V« Song ChiÕn ThÇn G]
20200123-005659	INFO	[vËt phÈm lªn tay ng­êi ch¬i] [Tµi kho¶n : an] [Nh©n vËt: ioNaruto][Tªn vËt phÈm:Th¸i Vò tè y]
20200123-005730	INFO	[vËt phÈm lªn tay ng­êi ch¬i] [Tµi kho¶n : an] [Nh©n vËt: ioNaruto][Tªn vËt phÈm:Du HiÖp Y]
20200123-005802	INFO	[vËt phÈm lªn tay ng­êi ch¬i] [Tµi kho¶n : an] [Nh©n vËt: ioNaruto][Tªn vËt phÈm:§«ng Hoµng Phông Min]
20200123-005848	INFO	[vËt phÈm lªn tay ng­êi ch¬i] [Tµi kho¶n : an] [Nh©n vËt: ioNaruto][Tªn vËt phÈm:§«ng Hoµng Phông Min]
20200123-005914	INFO	[vËt phÈm lªn tay ng­êi ch¬i] [Tµi kho¶n : an] [Nh©n vËt: ioNaruto][Tªn vËt phÈm:§«ng Hoµng Phông Min]
20200123-005934	INFO	[vËt phÈm lªn tay ng­êi ch¬i] [Tµi kho¶n : an] [Nh©n vËt: ioNaruto][Tªn vËt phÈm:Liªu_Háa Phông T­íng]
20200123-010010	INFO	[vËt phÈm lªn tay ng­êi ch¬i] [Tµi kho¶n : an] [Nh©n vËt: ioNaruto][Tªn vËt phÈm:Liªu-Uy Hæ Nguyªn So]
20200123-010019	INFO	[vËt phÈm lªn tay ng­êi ch¬i] [Tµi kho¶n : an] [Nh©n vËt: ioNaruto][Tªn vËt phÈm:Liªu-Uy Hæ Nguyªn So]
20200123-010027	INFO	[vËt phÈm lªn tay ng­êi ch¬i] [Tµi kho¶n : an] [Nh©n vËt: ioNaruto][Tªn vËt phÈm:Méc R­¬ng]
20200123-010102	INFO	[vËt phÈm lªn tay ng­êi ch¬i] [Tµi kho¶n : an] [Nh©n vËt: ioNaruto][Tªn vËt phÈm:H¾c B¹ch V« Song Y]
20200123-010123	INFO	[vËt phÈm lªn tay ng­êi ch¬i] [Tµi kho¶n : an] [Nh©n vËt: ioNaruto][Tªn vËt phÈm:H¾c B¹ch V« Song Y]
20200123-010131	INFO	[vËt phÈm lªn tay ng­êi ch¬i] [Tµi kho¶n : an] [Nh©n vËt: ioNaruto][Tªn vËt phÈm:H¾c B¹ch V« Song Y]
20200123-010154	INFO	[vËt phÈm lªn tay ng­êi ch¬i] [Tµi kho¶n : an] [Nh©n vËt: ioNaruto][Tªn vËt phÈm:Th«ng Thiªn Bµo]
20200123-010230	INFO	[vËt phÈm lªn tay ng­êi ch¬i] [Tµi kho¶n : an] [Nh©n vËt: ioNaruto][Tªn vËt phÈm:ChiÕn Cuång Bµn V©n ]
20200123-010302	INFO	[vËt phÈm lªn tay ng­êi ch¬i] [Tµi kho¶n : an] [Nh©n vËt: ioNaruto][Tªn vËt phÈm:ChiÕn Cuång Tr¶m Ma ]
20200123-010331	INFO	[vËt phÈm lªn tay ng­êi ch¬i] [Tµi kho¶n : an] [Nh©n vËt: ioNaruto][Tªn vËt phÈm:Quang Chiªu LiÖt Vò ]
20200123-010356	INFO	[vËt phÈm lªn tay ng­êi ch¬i] [Tµi kho¶n : an] [Nh©n vËt: ioNaruto][Tªn vËt phÈm:LiÖt Vò Bµo]
20200123-010421	INFO	[vËt phÈm lªn tay ng­êi ch¬i] [Tµi kho¶n : an] [Nh©n vËt: ioNaruto][Tªn vËt phÈm:Tr¶m Ma §¹o Nh©n-Tha]
20200123-010448	INFO	[vËt phÈm lªn tay ng­êi ch¬i] [Tµi kho¶n : an] [Nh©n vËt: ioNaruto][Tªn vËt phÈm:Du HiÖp Y]
20200123-010540	INFO	[vËt phÈm lªn tay ng­êi ch¬i] [Tµi kho¶n : an] [Nh©n vËt: ioNaruto][Tªn vËt phÈm:Hµo HiÖp y]
20200123-010546	INFO	[vËt phÈm lªn tay ng­êi ch¬i] [Tµi kho¶n : an] [Nh©n vËt: ioNaruto][Tªn vËt phÈm:¸o Hµo HiÖp (PhÕ)]
20200123-010621	INFO	[vËt phÈm lªn tay ng­êi ch¬i] [Tµi kho¶n : an] [Nh©n vËt: ioNaruto][Tªn vËt phÈm:¸o Hµo HiÖp (PhÕ)]
20200123-010645	INFO	[vËt phÈm lªn tay ng­êi ch¬i] [Tµi kho¶n : an] [Nh©n vËt: ioNaruto][Tªn vËt phÈm:¸o Hµo HiÖp (PhÕ)]
20200123-010653	INFO	[vËt phÈm lªn tay ng­êi ch¬i] [Tµi kho¶n : an] [Nh©n vËt: ioNaruto][Tªn vËt phÈm:¸o Hµo HiÖp (PhÕ)]
20200123-010703	INFO	[vËt phÈm lªn tay ng­êi ch¬i] [Tµi kho¶n : an] [Nh©n vËt: ioNaruto][Tªn vËt phÈm:¸o Hµo HiÖp (PhÕ)]
20200123-010822	INFO	[vËt phÈm lªn tay ng­êi ch¬i] [Tµi kho¶n : an] [Nh©n vËt: ioNaruto][Tªn vËt phÈm:Thiªn H¹ V« Song Gi¸]
20200123-010850	INFO	[vËt phÈm lªn tay ng­êi ch¬i] [Tµi kho¶n : an] [Nh©n vËt: ioNaruto][Tªn vËt phÈm:Thiªn H¹ V« Song Tra]
20200123-010910	INFO	[vËt phÈm lªn tay ng­êi ch¬i] [Tµi kho¶n : an] [Nh©n vËt: ioNaruto][Tªn vËt phÈm:Thiªn H¹ V« Song Tra]
20200123-010932	INFO	[vËt phÈm lªn tay ng­êi ch¬i] [Tµi kho¶n : an] [Nh©n vËt: ioNaruto][Tªn vËt phÈm:GM Item]
20200123-010949	INFO	[vËt phÈm lªn tay ng­êi ch¬i] [Tµi kho¶n : an] [Nh©n vËt: ioNaruto][Tªn vËt phÈm:GM Item]
20200123-011045	INFO	[vËt phÈm lªn tay ng­êi ch¬i] [Tµi kho¶n : an] [Nh©n vËt: ioNaruto][Tªn vËt phÈm:Thiªn H¹ V« Song Kh«]
20200123-011101	INFO	[vËt phÈm lªn tay ng­êi ch¬i] [Tµi kho¶n : an] [Nh©n vËt: ioNaruto][Tªn vËt phÈm:Liªu L«i Hæ T­íng Kh]
20200123-011401	INFO	[vËt phÈm lªn tay ng­êi ch¬i] [Tµi kho¶n : an] [Nh©n vËt: ioNaruto][Tªn vËt phÈm:Liªu L«i Hæ T­íng Kh]
20200123-011435	INFO	[vËt phÈm lªn tay ng­êi ch¬i] [Tµi kho¶n : an] [Nh©n vËt: ioNaruto][Tªn vËt phÈm:Liªu L«i Hæ T­íng Kh]
20200123-011536	INFO	[vËt phÈm lªn tay ng­êi ch¬i] [Tµi kho¶n : an] [Nh©n vËt: ioNaruto][Tªn vËt phÈm:Liªu L«i Hæ T­íng Kh]
20200123-011732	INFO	[vËt phÈm lªn tay ng­êi ch¬i] [Tµi kho¶n : an] [Nh©n vËt: ioNaruto][Tªn vËt phÈm:Liªu L«i Hæ T­íng Kh]
20200123-011830	INFO	[vËt phÈm lªn tay ng­êi ch¬i] [Tµi kho¶n : an] [Nh©n vËt: ioNaruto][Tªn vËt phÈm:Liªu L«i Hæ T­íng Kh]
20200123-011852	INFO	[vËt phÈm lªn tay ng­êi ch¬i] [Tµi kho¶n : an] [Nh©n vËt: ioNaruto][Tªn vËt phÈm:Liªu L«i Hæ T­íng Kh]
20200123-012310	INFO	[vËt phÈm lªn tay ng­êi ch¬i] [Tµi kho¶n : an] [Nh©n vËt: ioNaruto][Tªn vËt phÈm:DiÖu D­¬ng Thiªn Cun]
20200123-012310	INFO	[vËt phÈm lªn tay ng­êi ch¬i] [Tµi kho¶n : an] [Nh©n vËt: ioNaruto][Tªn vËt phÈm:DiÖu D­¬ng Thiªn Cun]
20200123-012310	INFO	[vËt phÈm lªn tay ng­êi ch¬i] [Tµi kho¶n : an] [Nh©n vËt: ioNaruto][Tªn vËt phÈm:DiÖu D­¬ng Thiªn Cun]
20200123-012310	INFO	[vËt phÈm lªn tay ng­êi ch¬i] [Tµi kho¶n : an] [Nh©n vËt: ioNaruto][Tªn vËt phÈm:DiÖu D­¬ng Thiªn Cun]
20200123-012310	INFO	[vËt phÈm lªn tay ng­êi ch¬i] [Tµi kho¶n : an] [Nh©n vËt: ioNaruto][Tªn vËt phÈm:DiÖu D­¬ng Thiªn Cun]
20200123-012310	INFO	[vËt phÈm lªn tay ng­êi ch¬i] [Tµi kho¶n : an] [Nh©n vËt: ioNaruto][Tªn vËt phÈm:DiÖu D­¬ng-§é KiÕp T]
20200123-012310	INFO	[vËt phÈm lªn tay ng­êi ch¬i] [Tµi kho¶n : an] [Nh©n vËt: ioNaruto][Tªn vËt phÈm:DiÖu D­¬ng-§é KiÕp T]
20200123-012310	INFO	[vËt phÈm lªn tay ng­êi ch¬i] [Tµi kho¶n : an] [Nh©n vËt: ioNaruto][Tªn vËt phÈm:DiÖu D­¬ng-§é KiÕp T]
