ChangeLogFile: FirstWrite=1, CurrentLine=0/65536 LastTime=1900-1-0 0:0:0
20200103-103112<INFO :0xf7377700>: [KG_Goddess] Loading KG_Goddess.ini
20200103-103112<INFO :0xf7377700>: [verify_up2date]...
20200103-103112<INFO :0xf7377700>: >Current lang is [gb18030]
20200103-103112<INFO :0xf7377700>: >Welcome to use [verify_up2date](version: 2.3.4 [2018-02-25]) tool. 
20200103-103112<INFO :0xf7377700>: >Time duration: 9.954604ms 
20200103-103112<INFO :0xf7377700>: >
20200103-103112<INFO :0xf7377700>: >Finish, my exit code is: 0
20200103-103112<INFO :0xf7377700>: |shell cmd result is 0
20200103-103113<INFO :0xf7377700>: ExecShellCmd [./verify_up2date -op=vef -d="." ] ret=0
20200103-103113<INFO :0xf7377700>: [verify_up2date] ok
20200103-103113<INFO :0xf7377700>: [Goddess][Version:Aug 22 2014 15:43:09] Begin to start ... ...
20200103-103113<INFO :0xf7377700>: [KG_Goddess] Set log level ... ... KGLOG_UPTO(KGLOG_DEBUG)
20200103-103113<INFO :0xf7377700>: [KG_Goddess] Loaded KG_Angel, version 2.5
20200103-103113<INFO :0xf7377700>: [KG_Goddess] Initializing role database ...
20200103-103113<INFO :0xf7377700>: [KGD] Mysql info: client[5.1.69] host[Localhost via UNIX socket] server[5.5.64-MariaDB]
20200103-103113<DEBUG:0xf7377700>: [KGD] Success connect to localhost:3306, character set switch to latin1
20200103-103113<DEBUG:0xf7377700>: [KGD] KGD_PROCESS_ERROR(nRetCode, KGD_ERROR_NOT_SUPPORT), at line 1467 in (0x0x8deaf68)->_LoadTable()
20200103-103113<DEBUG:0xf7377700>: [KGD] (0x0x8deaf68)->_LoadTable("fightteam")
20200103-103113<DEBUG:0xf7377700>: [KGD] KGD_PROCESS_ERROR(nRetCode, KGD_ERROR_NOT_SUPPORT), at line 1467 in (0x0x8deaf68)->_LoadTable()
20200103-103113<DEBUG:0xf7377700>: [KGD] (0x0x8deaf68)->_LoadTable("playerfightteam")
20200103-103113<INFO :0xf7377700>: [KG_Goddess] Initializing role statistic ...
20200103-103113<INFO :0xf7377700>: [RoleStatistic] listen 127.0.0.1 : 6001 result=1
20200103-103113<INFO :0xf7377700>: [RoleStatistic] Listening at 127.0.0.1:6001
20200103-103113<INFO :0xf7377700>: [KG_Goddess] Initializing server manager ...
20200103-103113<INFO :0xf7377700>: [ServerManager] Listening at 127.0.0.1:5001
20200103-103113<INFO :0xf7377700>: [KG_Goddess] Started successful
20200103-103114<INFO :0xf66ebb40>: [ServerManager] RemoteServer from (127.0.0.1:39487) connect ok
20200103-103114<INFO :0xf66ebb40>: [ServerManager] Accept from (127.0.0.1:39487) SocketStream = 0xf5d00528
20200103-103114<INFO :0xf66ebb40>: [[Group 1 Server 00]] Server 0 created ok!
20200103-103114<INFO :0xf5cffb40>: [Group 1 Server 00] Started, service for 127.0.0.1:39487
20200103-103114<INFO :0xf5cffb40>: [KGD] Mysql info: client[5.1.69] host[Localhost via UNIX socket] server[5.5.64-MariaDB]
20200103-103114<DEBUG:0xf5cffb40>: [KGD] KGD_PROCESS_ERROR(nRetCode, KGD_ERROR_NOT_SUPPORT), at line 1467 in (0x0xf5300470)->_LoadTable()
20200103-103114<DEBUG:0xf5cffb40>: [KGD] (0x0xf5300470)->_LoadTable("fightteam")
20200103-103114<DEBUG:0xf5cffb40>: [KGD] KGD_PROCESS_ERROR(nRetCode, KGD_ERROR_NOT_SUPPORT), at line 1467 in (0x0xf5300470)->_LoadTable()
20200103-103114<DEBUG:0xf5cffb40>: [KGD] (0x0xf5300470)->_LoadTable("playerfightteam")
20200103-103114<DEBUG:0xf5cffb40>: [KGD] Success connect to localhost:3306, character set switch to latin1
20200103-103122<INFO :0xf66ebb40>: [ServerManager] RemoteServer from (127.0.0.1:59542) connect ok
20200103-103122<INFO :0xf66ebb40>: [ServerManager] Accept from (127.0.0.1:59542) SocketStream = 0xf5d00a30
20200103-103122<INFO :0xf66ebb40>: [[Group 1 Server 01]] Server 1 created ok!
20200103-103122<INFO :0xf52ffb40>: [Group 1 Server 01] Started, service for 127.0.0.1:59542
20200103-103122<INFO :0xf52ffb40>: [KGD] Mysql info: client[5.1.69] host[Localhost via UNIX socket] server[5.5.64-MariaDB]
20200103-103122<DEBUG:0xf52ffb40>: [KGD] KGD_PROCESS_ERROR(nRetCode, KGD_ERROR_NOT_SUPPORT), at line 1467 in (0x0xf4900470)->_LoadTable()
20200103-103122<DEBUG:0xf52ffb40>: [KGD] (0x0xf4900470)->_LoadTable("fightteam")
20200103-103122<DEBUG:0xf52ffb40>: [KGD] KGD_PROCESS_ERROR(nRetCode, KGD_ERROR_NOT_SUPPORT), at line 1467 in (0x0xf4900470)->_LoadTable()
20200103-103122<DEBUG:0xf52ffb40>: [KGD] (0x0xf4900470)->_LoadTable("playerfightteam")
20200103-103122<DEBUG:0xf52ffb40>: [KGD] Success connect to localhost:3306, character set switch to latin1
20200103-103122<INFO :0xf52ffb40>: [verify_up2date] GetUp2dateVersion: code=8DA68FCD
20200103-103122<DEBUG:0xf52ffb40>: [Group 1 Server 01] Enter _query_statistic_info()
20200103-103122<DEBUG:0xf52ffb40>: KGLOG_PROCESS_ERROR(piStatistic) at line 2088 in _query_statistic_info
20200103-103122<DEBUG:0xf52ffb40>: [Group 1 Server 01] Leave _query_statistic_info() size =0 ret=0
20200103-103133<DEBUG:0xf5cffb40>: [Group 1 Server 00] Enter _ping(time=4278608)
20200103-103152<DEBUG:0xf52ffb40>: [Group 1 Server 01] Enter _ping(time=4297746)
20200103-103153<DEBUG:0xf5cffb40>: [Group 1 Server 00] Enter _ping(time=4298659)
20200103-103153<INFO :0xf5cffb40>: [Group 1 Server 00] Query roles list of account "thuong"
20200103-103153<DEBUG:0xf5cffb40>: [Group 1 Server 00] Leave _query_role_list(thuong) uRoleCount=1 nResult=1
20200103-103213<DEBUG:0xf5cffb40>: [Group 1 Server 00] Enter _ping(time=4318975)
20200103-103216<INFO :0xf5cffb40>: [Group 1 Server 00] Get role "EopiThuong" nResult=1
20200103-103219<DEBUG:0xf52ffb40>: [ServerManager] Role "EopiThuong" locked by Server 01
20200103-103219<DEBUG:0xf52ffb40>: [Group 1 Server 01] Leave _lock_or_unlock_role(Role=EopiThuong, Lock=1) nResult=1
20200103-103236<DEBUG:0xf5cffb40>: [Group 1 Server 00] Enter _ping(time=4341663)
20200103-103249<DEBUG:0xf52ffb40>: [Group 1 Server 01] Enter _ping(time=4353623)
20200103-103257<DEBUG:0xf5cffb40>: [Group 1 Server 00] Enter _ping(time=4361691)
20200103-103317<DEBUG:0xf5cffb40>: [Group 1 Server 00] Enter _ping(time=4381722)
20200103-103319<DEBUG:0xf52ffb40>: [Group 1 Server 01] Enter _ping(time=4383302)
20200103-103337<DEBUG:0xf5cffb40>: [Group 1 Server 00] Enter _ping(time=4401749)
20200103-103349<DEBUG:0xf52ffb40>: [Group 1 Server 01] Enter _ping(time=4413346)
20200103-103357<DEBUG:0xf5cffb40>: [Group 1 Server 00] Enter _ping(time=4421795)
20200103-103417<DEBUG:0xf5cffb40>: [Group 1 Server 00] Enter _ping(time=4441801)
20200103-103419<DEBUG:0xf52ffb40>: [Group 1 Server 01] Enter _ping(time=4443403)
20200103-103432<DEBUG:0xf52ffb40>: KGLOG_PROCESS_ERROR(nRetCode && "Receive packet failed") at line 978 in ProcessRequest
20200103-103432<ERROR:0xf52ffb40>: [Group 1 Server 01] Connection with 127.0.0.1 have been disconnected, wait for being reconnectted!
20200103-103432<WARN :0xf52ffb40>: [[Group 1 Server 01]] RemoteServer 127.0.0.1:59542 crashed
20200103-103432<ERROR:0xf52ffb40>: [ServerManager] Server 01 will stop, but role "EopiThuong" still be locked, auto unlocked it!
20200103-103432<INFO :0xf52ffb40>: [ServerManager] Server 1 will stop, unlock all role [count=1] 
20200103-103437<DEBUG:0xf5cffb40>: [Group 1 Server 00] Enter _ping(time=4461828)
20200103-103444<INFO :0xf66ebb40>: [ServerManager] RemoteServer from (127.0.0.1:52275) connect ok
20200103-103444<INFO :0xf66ebb40>: [ServerManager] Accept from (127.0.0.1:52275) SocketStream = 0xf5d00a30
20200103-103444<INFO :0xf66ebb40>: Server 1 reconnect ok!
20200103-103444<INFO :0xf52ffb40>: [verify_up2date] GetUp2dateVersion: code=8DA68FCD
20200103-103444<DEBUG:0xf52ffb40>: [Group 1 Server 01] Enter _query_statistic_info()
20200103-103444<DEBUG:0xf52ffb40>: KGLOG_PROCESS_ERROR(piStatistic) at line 2088 in _query_statistic_info
20200103-103444<DEBUG:0xf52ffb40>: [Group 1 Server 01] Leave _query_statistic_info() size =0 ret=0
20200103-103457<DEBUG:0xf5cffb40>: [Group 1 Server 00] Enter _ping(time=4481838)
20200103-103459<INFO :0xf5cffb40>: [Group 1 Server 00] Query roles list of account "thuong"
20200103-103459<DEBUG:0xf5cffb40>: [Group 1 Server 00] Leave _query_role_list(thuong) uRoleCount=1 nResult=1
20200103-103514<DEBUG:0xf52ffb40>: [Group 1 Server 01] Enter _ping(time=4499041)
20200103-103519<DEBUG:0xf5cffb40>: [Group 1 Server 00] Enter _ping(time=4503667)
20200103-103539<DEBUG:0xf5cffb40>: [Group 1 Server 00] Enter _ping(time=4523720)
20200103-103544<DEBUG:0xf52ffb40>: [Group 1 Server 01] Enter _ping(time=4528926)
20200103-103559<DEBUG:0xf5cffb40>: [Group 1 Server 00] Enter _ping(time=4543739)
20200103-103614<DEBUG:0xf52ffb40>: [Group 1 Server 01] Enter _ping(time=4558723)
20200103-103619<DEBUG:0xf5cffb40>: [Group 1 Server 00] Enter _ping(time=4563767)
20200103-103620<INFO :0xf5cffb40>: [Group 1 Server 00] Get role "EopiThuong" nResult=1
20200103-103623<DEBUG:0xf52ffb40>: [ServerManager] Role "EopiThuong" locked by Server 01
20200103-103623<DEBUG:0xf52ffb40>: [Group 1 Server 01] Leave _lock_or_unlock_role(Role=EopiThuong, Lock=1) nResult=1
20200103-103640<DEBUG:0xf5cffb40>: [Group 1 Server 00] Enter _ping(time=4584698)
20200103-103653<DEBUG:0xf52ffb40>: [Group 1 Server 01] Enter _ping(time=4597154)
20200103-103700<INFO :0xf52ffb40>: [Group 1 Server 01] Save role end [thuong].[EopiThuong], LeaveFlag = 0 nResult=1
20200103-103701<DEBUG:0xf5cffb40>: [Group 1 Server 00] Enter _ping(time=4604709)
20200103-103713<INFO :0xf52ffb40>: [Group 1 Server 01] Save role end [thuong].[EopiThuong], LeaveFlag = 0 nResult=1
20200103-103721<DEBUG:0xf5cffb40>: [Group 1 Server 00] Enter _ping(time=4624736)
20200103-103741<DEBUG:0xf5cffb40>: [Group 1 Server 00] Enter _ping(time=4644768)
20200103-103743<DEBUG:0xf52ffb40>: [Group 1 Server 01] Enter _ping(time=4647126)
20200103-103801<DEBUG:0xf5cffb40>: [Group 1 Server 00] Enter _ping(time=4664807)
20200103-103813<DEBUG:0xf52ffb40>: [Group 1 Server 01] Enter _ping(time=4677099)
20200103-103821<DEBUG:0xf5cffb40>: [Group 1 Server 00] Enter _ping(time=4684819)
20200103-103841<DEBUG:0xf5cffb40>: [Group 1 Server 00] Enter _ping(time=4704830)
20200103-103843<DEBUG:0xf52ffb40>: [Group 1 Server 01] Enter _ping(time=4707075)
20200103-103901<DEBUG:0xf5cffb40>: [Group 1 Server 00] Enter _ping(time=4724872)
20200103-103904<DEBUG:0xf52ffb40>: [ServerManager] Role "EopiThuong" unlocked by Server 1
20200103-103904<INFO :0xf52ffb40>: [Group 1 Server 01] Save role end [thuong].[EopiThuong], LeaveFlag = 1 nResult=1
20200103-103913<DEBUG:0xf52ffb40>: KGLOG_PROCESS_ERROR(nRetCode && "Receive packet failed") at line 978 in ProcessRequest
20200103-103913<ERROR:0xf52ffb40>: [Group 1 Server 01] Connection with 127.0.0.1 have been disconnected, wait for being reconnectted!
20200103-103913<WARN :0xf52ffb40>: [[Group 1 Server 01]] RemoteServer 127.0.0.1:59542 crashed
20200103-103913<INFO :0xf52ffb40>: [ServerManager] Server 1 will stop, unlock all role [count=0] 
20200103-103921<DEBUG:0xf5cffb40>: [Group 1 Server 00] Enter _ping(time=4744902)
20200103-103941<DEBUG:0xf5cffb40>: [Group 1 Server 00] Enter _ping(time=4764905)
20200103-104001<DEBUG:0xf5cffb40>: [Group 1 Server 00] Enter _ping(time=4784920)
20200103-104021<DEBUG:0xf5cffb40>: [Group 1 Server 00] Enter _ping(time=4804933)
20200103-104041<DEBUG:0xf5cffb40>: [Group 1 Server 00] Enter _ping(time=4824947)
20200103-104059<INFO :0xf66ebb40>: [ServerManager] RemoteServer from (127.0.0.1:53989) connect ok
20200103-104059<INFO :0xf66ebb40>: [ServerManager] Accept from (127.0.0.1:53989) SocketStream = 0xf5d00a30
20200103-104059<INFO :0xf66ebb40>: Server 1 reconnect ok!
20200103-104059<INFO :0xf52ffb40>: [verify_up2date] GetUp2dateVersion: code=8DA68FCD
20200103-104059<DEBUG:0xf52ffb40>: [Group 1 Server 01] Enter _query_statistic_info()
20200103-104059<DEBUG:0xf52ffb40>: KGLOG_PROCESS_ERROR(piStatistic) at line 2088 in _query_statistic_info
20200103-104059<DEBUG:0xf52ffb40>: [Group 1 Server 01] Leave _query_statistic_info() size =0 ret=0
20200103-104101<DEBUG:0xf5cffb40>: [Group 1 Server 00] Enter _ping(time=4844980)
20200103-104120<DEBUG:0xf5cffb40>: [Group 1 Server 00] Enter _ping(time=4864981)
20200103-104129<DEBUG:0xf52ffb40>: [Group 1 Server 01] Enter _ping(time=4873813)
20200103-104140<DEBUG:0xf5cffb40>: [Group 1 Server 00] Enter _ping(time=4885006)
20200103-104146<INFO :0xf5cffb40>: [Group 1 Server 00] Query roles list of account "thuong"
20200103-104146<DEBUG:0xf5cffb40>: [Group 1 Server 00] Leave _query_role_list(thuong) uRoleCount=1 nResult=1
20200103-104159<DEBUG:0xf52ffb40>: [Group 1 Server 01] Enter _ping(time=4903862)
20200103-104206<DEBUG:0xf5cffb40>: [Group 1 Server 00] Enter _ping(time=4910526)
20200103-104210<INFO :0xf5cffb40>: [Group 1 Server 00] Get role "EopiThuong" nResult=1
20200103-104212<DEBUG:0xf52ffb40>: [ServerManager] Role "EopiThuong" locked by Server 01
20200103-104212<DEBUG:0xf52ffb40>: [Group 1 Server 01] Leave _lock_or_unlock_role(Role=EopiThuong, Lock=1) nResult=1
20200103-104230<DEBUG:0xf5cffb40>: [Group 1 Server 00] Enter _ping(time=4934586)
20200103-104242<DEBUG:0xf52ffb40>: [Group 1 Server 01] Enter _ping(time=4946526)
20200103-104250<DEBUG:0xf5cffb40>: [Group 1 Server 00] Enter _ping(time=4954617)
20200103-104310<DEBUG:0xf5cffb40>: [Group 1 Server 00] Enter _ping(time=4974636)
20200103-104312<DEBUG:0xf52ffb40>: [Group 1 Server 01] Enter _ping(time=4976510)
20200103-104330<DEBUG:0xf5cffb40>: [Group 1 Server 00] Enter _ping(time=4994676)
20200103-104342<DEBUG:0xf52ffb40>: [Group 1 Server 01] Enter _ping(time=5006466)
20200103-104350<DEBUG:0xf52ffb40>: [ServerManager] Role "EopiThuong" unlocked by Server 1
20200103-104350<INFO :0xf52ffb40>: [Group 1 Server 01] Save role end [thuong].[EopiThuong], LeaveFlag = 1 nResult=1
20200103-104351<DEBUG:0xf5cffb40>: [Group 1 Server 00] Enter _ping(time=5014712)
20200103-104411<DEBUG:0xf5cffb40>: [Group 1 Server 00] Enter _ping(time=5034747)
20200103-104420<DEBUG:0xf52ffb40>: [Group 1 Server 01] Enter _ping(time=5044498)
20200103-104431<DEBUG:0xf5cffb40>: [Group 1 Server 00] Enter _ping(time=5054786)
20200103-104451<DEBUG:0xf52ffb40>: [Group 1 Server 01] Enter _ping(time=5074549)
20200103-104451<DEBUG:0xf5cffb40>: [Group 1 Server 00] Enter _ping(time=5074830)
20200103-104511<DEBUG:0xf5cffb40>: [Group 1 Server 00] Enter _ping(time=5094849)
20200103-104521<DEBUG:0xf52ffb40>: [Group 1 Server 01] Enter _ping(time=5104607)
20200103-104531<DEBUG:0xf5cffb40>: [Group 1 Server 00] Enter _ping(time=5114862)
20200103-104551<DEBUG:0xf52ffb40>: [Group 1 Server 01] Enter _ping(time=5134649)
20200103-104551<DEBUG:0xf5cffb40>: [Group 1 Server 00] Enter _ping(time=5134887)
20200103-104611<DEBUG:0xf5cffb40>: [Group 1 Server 00] Enter _ping(time=5154917)
20200103-104621<DEBUG:0xf52ffb40>: [Group 1 Server 01] Enter _ping(time=5164704)
20200103-104631<DEBUG:0xf5cffb40>: [Group 1 Server 00] Enter _ping(time=5174911)
20200103-104651<DEBUG:0xf52ffb40>: [Group 1 Server 01] Enter _ping(time=5194751)
20200103-104651<DEBUG:0xf5cffb40>: [Group 1 Server 00] Enter _ping(time=5194952)
20200103-104711<DEBUG:0xf5cffb40>: [Group 1 Server 00] Enter _ping(time=5214991)
20200103-104721<DEBUG:0xf52ffb40>: [Group 1 Server 01] Enter _ping(time=5224809)
20200103-104731<DEBUG:0xf5cffb40>: [Group 1 Server 00] Enter _ping(time=5235018)
20200103-104751<DEBUG:0xf52ffb40>: [Group 1 Server 01] Enter _ping(time=5254961)
20200103-104751<DEBUG:0xf5cffb40>: [Group 1 Server 00] Enter _ping(time=5255055)
20200103-104811<DEBUG:0xf5cffb40>: [Group 1 Server 00] Enter _ping(time=5275075)
20200103-104821<DEBUG:0xf52ffb40>: [Group 1 Server 01] Enter _ping(time=5285017)
20200103-104831<DEBUG:0xf5cffb40>: [Group 1 Server 00] Enter _ping(time=5295109)
20200103-104851<DEBUG:0xf52ffb40>: [Group 1 Server 01] Enter _ping(time=5315079)
20200103-104851<DEBUG:0xf5cffb40>: [Group 1 Server 00] Enter _ping(time=5315131)
20200103-104911<DEBUG:0xf5cffb40>: [Group 1 Server 00] Enter _ping(time=5335134)
20200103-104921<DEBUG:0xf52ffb40>: [Group 1 Server 01] Enter _ping(time=5345127)
20200103-104931<DEBUG:0xf5cffb40>: [Group 1 Server 00] Enter _ping(time=5355140)
20200103-104951<DEBUG:0xf5cffb40>: [Group 1 Server 00] Enter _ping(time=5375168)
20200103-104951<DEBUG:0xf52ffb40>: [Group 1 Server 01] Enter _ping(time=5375189)
20200103-105011<DEBUG:0xf5cffb40>: [Group 1 Server 00] Enter _ping(time=5395189)
20200103-105021<DEBUG:0xf52ffb40>: [Group 1 Server 01] Enter _ping(time=5405247)
20200103-105031<DEBUG:0xf5cffb40>: [Group 1 Server 00] Enter _ping(time=5415230)
20200103-105051<DEBUG:0xf5cffb40>: [Group 1 Server 00] Enter _ping(time=5435271)
20200103-105051<DEBUG:0xf52ffb40>: [Group 1 Server 01] Enter _ping(time=5435294)
20200103-105111<DEBUG:0xf5cffb40>: [Group 1 Server 00] Enter _ping(time=5455294)
20200103-105121<DEBUG:0xf52ffb40>: [Group 1 Server 01] Enter _ping(time=5465356)
20200103-105131<DEBUG:0xf5cffb40>: [Group 1 Server 00] Enter _ping(time=5475303)
20200103-105151<DEBUG:0xf5cffb40>: [Group 1 Server 00] Enter _ping(time=5495349)
20200103-105151<DEBUG:0xf52ffb40>: [Group 1 Server 01] Enter _ping(time=5495412)
20200103-105211<DEBUG:0xf5cffb40>: [Group 1 Server 00] Enter _ping(time=5515375)
20200103-105221<DEBUG:0xf52ffb40>: [Group 1 Server 01] Enter _ping(time=5525466)
20200103-105231<DEBUG:0xf5cffb40>: [Group 1 Server 00] Enter _ping(time=5535428)
20200103-105251<DEBUG:0xf5cffb40>: [Group 1 Server 00] Enter _ping(time=5555431)
20200103-105251<DEBUG:0xf52ffb40>: [Group 1 Server 01] Enter _ping(time=5555515)
20200103-105311<DEBUG:0xf5cffb40>: [Group 1 Server 00] Enter _ping(time=5575474)
20200103-105321<DEBUG:0xf52ffb40>: [Group 1 Server 01] Enter _ping(time=5585579)
20200103-105331<DEBUG:0xf5cffb40>: [Group 1 Server 00] Enter _ping(time=5595522)
20200103-105351<DEBUG:0xf52ffb40>: KGLOG_PROCESS_ERROR(nRetCode && "Receive packet failed") at line 978 in ProcessRequest
20200103-105351<ERROR:0xf52ffb40>: [Group 1 Server 01] Connection with 127.0.0.1 have been disconnected, wait for being reconnectted!
20200103-105351<WARN :0xf52ffb40>: [[Group 1 Server 01]] RemoteServer 127.0.0.1:59542 crashed
20200103-105351<INFO :0xf52ffb40>: [ServerManager] Server 1 will stop, unlock all role [count=0] 
20200103-105351<DEBUG:0xf5cffb40>: [Group 1 Server 00] Enter _ping(time=5615564)
20200103-105411<DEBUG:0xf5cffb40>: [Group 1 Server 00] Enter _ping(time=5635600)
20200103-105427<INFO :0xf66ebb40>: [ServerManager] RemoteServer from (127.0.0.1:59868) connect ok
20200103-105427<INFO :0xf66ebb40>: [ServerManager] Accept from (127.0.0.1:59868) SocketStream = 0xf5d00a30
20200103-105427<INFO :0xf66ebb40>: Server 1 reconnect ok!
20200103-105428<INFO :0xf52ffb40>: [verify_up2date] GetUp2dateVersion: code=8DA68FCD
20200103-105428<DEBUG:0xf52ffb40>: [Group 1 Server 01] Enter _query_statistic_info()
20200103-105428<DEBUG:0xf52ffb40>: KGLOG_PROCESS_ERROR(piStatistic) at line 2088 in _query_statistic_info
20200103-105428<DEBUG:0xf52ffb40>: [Group 1 Server 01] Leave _query_statistic_info() size =0 ret=0
20200103-105431<DEBUG:0xf5cffb40>: [Group 1 Server 00] Enter _ping(time=5655605)
20200103-105442<INFO :0xf5cffb40>: [Group 1 Server 00] Query roles list of account "thuong"
20200103-105442<DEBUG:0xf5cffb40>: [Group 1 Server 00] Leave _query_role_list(thuong) uRoleCount=1 nResult=1
20200103-105458<DEBUG:0xf52ffb40>: [Group 1 Server 01] Enter _ping(time=5682496)
20200103-105502<DEBUG:0xf5cffb40>: [Group 1 Server 00] Enter _ping(time=5686510)
20200103-105504<INFO :0xf5cffb40>: [Group 1 Server 00] Get role "EopiThuong" nResult=1
20200103-105507<DEBUG:0xf52ffb40>: [ServerManager] Role "EopiThuong" locked by Server 01
20200103-105507<DEBUG:0xf52ffb40>: [Group 1 Server 01] Leave _lock_or_unlock_role(Role=EopiThuong, Lock=1) nResult=1
20200103-105525<DEBUG:0xf5cffb40>: [Group 1 Server 00] Enter _ping(time=5708742)
20200103-105537<DEBUG:0xf52ffb40>: [Group 1 Server 01] Enter _ping(time=5720807)
20200103-105545<DEBUG:0xf5cffb40>: [Group 1 Server 00] Enter _ping(time=5728772)
20200103-105605<DEBUG:0xf5cffb40>: [Group 1 Server 00] Enter _ping(time=5748774)
20200103-105607<DEBUG:0xf52ffb40>: [Group 1 Server 01] Enter _ping(time=5750841)
20200103-105625<DEBUG:0xf5cffb40>: [Group 1 Server 00] Enter _ping(time=5768815)
20200103-105637<DEBUG:0xf52ffb40>: [Group 1 Server 01] Enter _ping(time=5780856)
20200103-105645<DEBUG:0xf5cffb40>: [Group 1 Server 00] Enter _ping(time=5788824)
20200103-105705<DEBUG:0xf5cffb40>: [Group 1 Server 00] Enter _ping(time=5808857)
20200103-105705<DEBUG:0xf52ffb40>: [ServerManager] Role "EopiThuong" unlocked by Server 1
20200103-105705<INFO :0xf52ffb40>: [Group 1 Server 01] Save role end [thuong].[EopiThuong], LeaveFlag = 1 nResult=1
20200103-105717<DEBUG:0xf52ffb40>: KGLOG_PROCESS_ERROR(nRetCode && "Receive packet failed") at line 978 in ProcessRequest
20200103-105717<ERROR:0xf52ffb40>: [Group 1 Server 01] Connection with 127.0.0.1 have been disconnected, wait for being reconnectted!
20200103-105717<WARN :0xf52ffb40>: [[Group 1 Server 01]] RemoteServer 127.0.0.1:59542 crashed
20200103-105717<INFO :0xf52ffb40>: [ServerManager] Server 1 will stop, unlock all role [count=0] 
20200103-105725<DEBUG:0xf5cffb40>: [Group 1 Server 00] Enter _ping(time=5828901)
20200103-105729<INFO :0xf66ebb40>: [ServerManager] RemoteServer from (127.0.0.1:44485) connect ok
20200103-105729<INFO :0xf66ebb40>: [ServerManager] Accept from (127.0.0.1:44485) SocketStream = 0xf5d00a30
20200103-105729<INFO :0xf66ebb40>: Server 1 reconnect ok!
20200103-105729<INFO :0xf52ffb40>: [verify_up2date] GetUp2dateVersion: code=8DA68FCD
20200103-105729<DEBUG:0xf52ffb40>: [Group 1 Server 01] Enter _query_statistic_info()
20200103-105729<DEBUG:0xf52ffb40>: KGLOG_PROCESS_ERROR(piStatistic) at line 2088 in _query_statistic_info
20200103-105729<DEBUG:0xf52ffb40>: [Group 1 Server 01] Leave _query_statistic_info() size =0 ret=0
20200103-105735<INFO :0xf5cffb40>: [Group 1 Server 00] Query roles list of account "thuong"
20200103-105735<DEBUG:0xf5cffb40>: [Group 1 Server 00] Leave _query_role_list(thuong) uRoleCount=1 nResult=1
20200103-105755<DEBUG:0xf5cffb40>: [Group 1 Server 00] Enter _ping(time=5859517)
20200103-105756<INFO :0xf5cffb40>: [Group 1 Server 00] Get role "EopiThuong" nResult=1
20200103-105758<DEBUG:0xf52ffb40>: [ServerManager] Role "EopiThuong" locked by Server 01
20200103-105758<DEBUG:0xf52ffb40>: [Group 1 Server 01] Leave _lock_or_unlock_role(Role=EopiThuong, Lock=1) nResult=1
20200103-105816<DEBUG:0xf5cffb40>: [Group 1 Server 00] Enter _ping(time=5880736)
20200103-105828<DEBUG:0xf52ffb40>: [Group 1 Server 01] Enter _ping(time=5892402)
20200103-105836<DEBUG:0xf5cffb40>: [Group 1 Server 00] Enter _ping(time=5900764)
20200103-105855<DEBUG:0xf52ffb40>: KGLOG_PROCESS_ERROR(nRetCode && "Receive packet failed") at line 978 in ProcessRequest
20200103-105855<ERROR:0xf52ffb40>: [Group 1 Server 01] Connection with 127.0.0.1 have been disconnected, wait for being reconnectted!
20200103-105855<WARN :0xf52ffb40>: [[Group 1 Server 01]] RemoteServer 127.0.0.1:59542 crashed
20200103-105855<ERROR:0xf52ffb40>: [ServerManager] Server 01 will stop, but role "EopiThuong" still be locked, auto unlocked it!
20200103-105855<INFO :0xf52ffb40>: [ServerManager] Server 1 will stop, unlock all role [count=1] 
20200103-105856<DEBUG:0xf5cffb40>: [Group 1 Server 00] Enter _ping(time=5920772)
20200103-105902<INFO :0xf66ebb40>: [ServerManager] RemoteServer from (127.0.0.1:56063) connect ok
20200103-105902<INFO :0xf66ebb40>: [ServerManager] Accept from (127.0.0.1:56063) SocketStream = 0xf5d00a30
20200103-105902<INFO :0xf66ebb40>: Server 1 reconnect ok!
20200103-105902<INFO :0xf52ffb40>: [verify_up2date] GetUp2dateVersion: code=8DA68FCD
20200103-105902<DEBUG:0xf52ffb40>: [Group 1 Server 01] Enter _query_statistic_info()
20200103-105902<DEBUG:0xf52ffb40>: KGLOG_PROCESS_ERROR(piStatistic) at line 2088 in _query_statistic_info
20200103-105902<DEBUG:0xf52ffb40>: [Group 1 Server 01] Leave _query_statistic_info() size =0 ret=0
20200103-105916<INFO :0xf5cffb40>: [Group 1 Server 00] Query roles list of account "thuong"
20200103-105916<DEBUG:0xf5cffb40>: [Group 1 Server 00] Leave _query_role_list(thuong) uRoleCount=1 nResult=1
20200103-105932<DEBUG:0xf52ffb40>: [Group 1 Server 01] Enter _ping(time=5956852)
20200103-105936<DEBUG:0xf5cffb40>: [Group 1 Server 00] Enter _ping(time=5960689)
20200103-105937<INFO :0xf5cffb40>: [Group 1 Server 00] Get role "EopiThuong" nResult=1
20200103-105939<DEBUG:0xf52ffb40>: [ServerManager] Role "EopiThuong" locked by Server 01
20200103-105939<DEBUG:0xf52ffb40>: [Group 1 Server 01] Leave _lock_or_unlock_role(Role=EopiThuong, Lock=1) nResult=1
20200103-105958<DEBUG:0xf5cffb40>: [Group 1 Server 00] Enter _ping(time=5981912)
20200103-110009<DEBUG:0xf52ffb40>: [Group 1 Server 01] Enter _ping(time=5993255)
20200103-110018<DEBUG:0xf5cffb40>: [Group 1 Server 00] Enter _ping(time=6001934)
20200103-110038<DEBUG:0xf5cffb40>: [Group 1 Server 00] Enter _ping(time=6021969)
20200103-110039<DEBUG:0xf52ffb40>: [Group 1 Server 01] Enter _ping(time=6023183)
20200103-110058<DEBUG:0xf5cffb40>: [Group 1 Server 00] Enter _ping(time=6042003)
20200103-110109<DEBUG:0xf52ffb40>: [Group 1 Server 01] Enter _ping(time=6053087)
20200103-110118<DEBUG:0xf5cffb40>: [Group 1 Server 00] Enter _ping(time=6062005)
20200103-110118<DEBUG:0xf52ffb40>: [ServerManager] Role "EopiThuong" unlocked by Server 1
20200103-110118<INFO :0xf52ffb40>: [Group 1 Server 01] Save role end [thuong].[EopiThuong], LeaveFlag = 1 nResult=1
20200103-110121<INFO :0xf5cffb40>: [Group 1 Server 00] Query roles list of account "thuong"
20200103-110121<DEBUG:0xf5cffb40>: [Group 1 Server 00] Leave _query_role_list(thuong) uRoleCount=1 nResult=1
20200103-110141<DEBUG:0xf5cffb40>: [Group 1 Server 00] Enter _ping(time=6084804)
20200103-110143<INFO :0xf5cffb40>: [Group 1 Server 00] Get role "EopiThuong" nResult=1
20200103-110145<DEBUG:0xf52ffb40>: [ServerManager] Role "EopiThuong" locked by Server 01
20200103-110145<DEBUG:0xf52ffb40>: [Group 1 Server 01] Leave _lock_or_unlock_role(Role=EopiThuong, Lock=1) nResult=1
20200103-110203<DEBUG:0xf5cffb40>: [Group 1 Server 00] Enter _ping(time=6106591)
20200103-110215<DEBUG:0xf52ffb40>: [Group 1 Server 01] Enter _ping(time=6118617)
20200103-110223<DEBUG:0xf5cffb40>: [Group 1 Server 00] Enter _ping(time=6126609)
20200103-110243<DEBUG:0xf5cffb40>: [Group 1 Server 00] Enter _ping(time=6146657)
20200103-110245<DEBUG:0xf52ffb40>: [Group 1 Server 01] Enter _ping(time=6148644)
20200103-110303<DEBUG:0xf5cffb40>: [Group 1 Server 00] Enter _ping(time=6166672)
20200103-110315<DEBUG:0xf52ffb40>: [Group 1 Server 01] Enter _ping(time=6178685)
20200103-110323<DEBUG:0xf5cffb40>: [Group 1 Server 00] Enter _ping(time=6186698)
20200103-110336<DEBUG:0xf52ffb40>: KGLOG_PROCESS_ERROR(nRetCode && "Receive packet failed") at line 978 in ProcessRequest
20200103-110336<ERROR:0xf52ffb40>: [Group 1 Server 01] Connection with 127.0.0.1 have been disconnected, wait for being reconnectted!
20200103-110336<WARN :0xf52ffb40>: [[Group 1 Server 01]] RemoteServer 127.0.0.1:59542 crashed
20200103-110336<ERROR:0xf52ffb40>: [ServerManager] Server 01 will stop, but role "EopiThuong" still be locked, auto unlocked it!
20200103-110336<INFO :0xf52ffb40>: [ServerManager] Server 1 will stop, unlock all role [count=1] 
20200103-110342<INFO :0xf66ebb40>: [ServerManager] RemoteServer from (127.0.0.1:47434) connect ok
20200103-110342<INFO :0xf66ebb40>: [ServerManager] Accept from (127.0.0.1:47434) SocketStream = 0xf5d00a30
20200103-110342<INFO :0xf66ebb40>: Server 1 reconnect ok!
20200103-110342<INFO :0xf52ffb40>: [verify_up2date] GetUp2dateVersion: code=8DA68FCD
20200103-110342<DEBUG:0xf5cffb40>: [Group 1 Server 00] Enter _ping(time=6206702)
20200103-110342<DEBUG:0xf52ffb40>: [Group 1 Server 01] Enter _query_statistic_info()
20200103-110342<DEBUG:0xf52ffb40>: KGLOG_PROCESS_ERROR(piStatistic) at line 2088 in _query_statistic_info
20200103-110342<DEBUG:0xf52ffb40>: [Group 1 Server 01] Leave _query_statistic_info() size =0 ret=0
20200103-110356<INFO :0xf5cffb40>: [Group 1 Server 00] Query roles list of account "thuong"
20200103-110356<DEBUG:0xf5cffb40>: [Group 1 Server 00] Leave _query_role_list(thuong) uRoleCount=1 nResult=1
20200103-110412<DEBUG:0xf52ffb40>: [Group 1 Server 01] Enter _ping(time=6237085)
20200103-110416<DEBUG:0xf5cffb40>: [Group 1 Server 00] Enter _ping(time=6240462)
20200103-110418<INFO :0xf5cffb40>: [Group 1 Server 00] Get role "EopiThuong" nResult=1
20200103-110420<DEBUG:0xf52ffb40>: [ServerManager] Role "EopiThuong" locked by Server 01
20200103-110420<DEBUG:0xf52ffb40>: [Group 1 Server 01] Leave _lock_or_unlock_role(Role=EopiThuong, Lock=1) nResult=1
20200103-110428<DEBUG:0xf52ffb40>: [ServerManager] Role "EopiThuong" unlocked by Server 1
20200103-110428<INFO :0xf52ffb40>: [Group 1 Server 01] Save role end [thuong].[EopiThuong], LeaveFlag = 1 nResult=1
20200103-110431<INFO :0xf5cffb40>: [Group 1 Server 00] Query roles list of account "thuong"
20200103-110431<DEBUG:0xf5cffb40>: [Group 1 Server 00] Leave _query_role_list(thuong) uRoleCount=1 nResult=1
20200103-110451<DEBUG:0xf5cffb40>: [Group 1 Server 00] Enter _ping(time=6275841)
20200103-110452<INFO :0xf5cffb40>: [Group 1 Server 00] Get role "EopiThuong" nResult=1
20200103-110454<DEBUG:0xf52ffb40>: [ServerManager] Role "EopiThuong" locked by Server 01
20200103-110454<DEBUG:0xf52ffb40>: [Group 1 Server 01] Leave _lock_or_unlock_role(Role=EopiThuong, Lock=1) nResult=1
20200103-110512<DEBUG:0xf5cffb40>: [Group 1 Server 00] Enter _ping(time=6296749)
20200103-110524<DEBUG:0xf52ffb40>: [Group 1 Server 01] Enter _ping(time=6308335)
20200103-110532<DEBUG:0xf5cffb40>: [Group 1 Server 00] Enter _ping(time=6316765)
20200103-110552<DEBUG:0xf5cffb40>: [Group 1 Server 00] Enter _ping(time=6336807)
20200103-110554<DEBUG:0xf52ffb40>: [Group 1 Server 01] Enter _ping(time=6338222)
20200103-110612<DEBUG:0xf5cffb40>: [Group 1 Server 00] Enter _ping(time=6356842)
20200103-110624<DEBUG:0xf52ffb40>: [Group 1 Server 01] Enter _ping(time=6368004)
20200103-110633<DEBUG:0xf5cffb40>: [Group 1 Server 00] Enter _ping(time=6376886)
20200103-110653<DEBUG:0xf5cffb40>: [Group 1 Server 00] Enter _ping(time=6396922)
20200103-110654<DEBUG:0xf52ffb40>: [Group 1 Server 01] Enter _ping(time=6397964)
20200103-110713<DEBUG:0xf5cffb40>: [Group 1 Server 00] Enter _ping(time=6416951)
20200103-110724<DEBUG:0xf52ffb40>: [Group 1 Server 01] Enter _ping(time=6427843)
20200103-110733<DEBUG:0xf5cffb40>: [Group 1 Server 00] Enter _ping(time=6436996)
20200103-110739<DEBUG:0xf52ffb40>: [ServerManager] Role "EopiThuong" unlocked by Server 1
20200103-110739<INFO :0xf52ffb40>: [Group 1 Server 01] Save role end [thuong].[EopiThuong], LeaveFlag = 1 nResult=1
20200103-110753<DEBUG:0xf5cffb40>: [Group 1 Server 00] Enter _ping(time=6457028)
20200103-110809<DEBUG:0xf52ffb40>: [Group 1 Server 01] Enter _ping(time=6472974)
20200103-110813<DEBUG:0xf5cffb40>: [Group 1 Server 00] Enter _ping(time=6477060)
20200103-110833<DEBUG:0xf5cffb40>: [Group 1 Server 00] Enter _ping(time=6497088)
20200103-110839<DEBUG:0xf52ffb40>: [Group 1 Server 01] Enter _ping(time=6503019)
20200103-110853<DEBUG:0xf5cffb40>: [Group 1 Server 00] Enter _ping(time=6517117)
20200103-110909<DEBUG:0xf52ffb40>: [Group 1 Server 01] Enter _ping(time=6533075)
20200103-110913<DEBUG:0xf5cffb40>: [Group 1 Server 00] Enter _ping(time=6537147)
20200103-110933<DEBUG:0xf5cffb40>: [Group 1 Server 00] Enter _ping(time=6557189)
20200103-110939<DEBUG:0xf52ffb40>: [Group 1 Server 01] Enter _ping(time=6563129)
20200103-110953<DEBUG:0xf5cffb40>: [Group 1 Server 00] Enter _ping(time=6577228)
20200103-111009<DEBUG:0xf52ffb40>: [Group 1 Server 01] Enter _ping(time=6593357)
20200103-111013<DEBUG:0xf5cffb40>: [Group 1 Server 00] Enter _ping(time=6597250)
20200103-111033<DEBUG:0xf5cffb40>: [Group 1 Server 00] Enter _ping(time=6617283)
20200103-111039<DEBUG:0xf52ffb40>: [Group 1 Server 01] Enter _ping(time=6623405)
20200103-111053<DEBUG:0xf5cffb40>: [Group 1 Server 00] Enter _ping(time=6637304)
20200103-111109<DEBUG:0xf52ffb40>: [Group 1 Server 01] Enter _ping(time=6653466)
20200103-111113<DEBUG:0xf5cffb40>: [Group 1 Server 00] Enter _ping(time=6657347)
20200103-111126<DEBUG:0xf52ffb40>: KGLOG_PROCESS_ERROR(nRetCode && "Receive packet failed") at line 978 in ProcessRequest
20200103-111126<ERROR:0xf52ffb40>: [Group 1 Server 01] Connection with 127.0.0.1 have been disconnected, wait for being reconnectted!
20200103-111126<WARN :0xf52ffb40>: [[Group 1 Server 01]] RemoteServer 127.0.0.1:59542 crashed
20200103-111126<INFO :0xf52ffb40>: [ServerManager] Server 1 will stop, unlock all role [count=0] 
20200103-111132<INFO :0xf66ebb40>: [ServerManager] RemoteServer from (127.0.0.1:51540) connect ok
20200103-111132<INFO :0xf66ebb40>: [ServerManager] Accept from (127.0.0.1:51540) SocketStream = 0xf5d00a30
20200103-111132<INFO :0xf66ebb40>: Server 1 reconnect ok!
20200103-111132<INFO :0xf52ffb40>: [verify_up2date] GetUp2dateVersion: code=8DA68FCD
20200103-111132<DEBUG:0xf52ffb40>: [Group 1 Server 01] Enter _query_statistic_info()
20200103-111132<DEBUG:0xf52ffb40>: KGLOG_PROCESS_ERROR(piStatistic) at line 2088 in _query_statistic_info
20200103-111132<DEBUG:0xf52ffb40>: [Group 1 Server 01] Leave _query_statistic_info() size =0 ret=0
20200103-111132<DEBUG:0xf5cffb40>: [Group 1 Server 00] Enter _ping(time=6677386)
20200103-111152<DEBUG:0xf5cffb40>: [Group 1 Server 00] Enter _ping(time=6697424)
20200103-111155<INFO :0xf5cffb40>: [Group 1 Server 00] Query roles list of account "thuong"
20200103-111155<DEBUG:0xf5cffb40>: [Group 1 Server 00] Leave _query_role_list(thuong) uRoleCount=1 nResult=1
20200103-111202<DEBUG:0xf52ffb40>: [Group 1 Server 01] Enter _ping(time=6707202)
20200103-111215<DEBUG:0xf5cffb40>: [Group 1 Server 00] Enter _ping(time=6720397)
20200103-111217<INFO :0xf5cffb40>: [Group 1 Server 00] Get role "EopiThuong" nResult=1
20200103-111219<DEBUG:0xf52ffb40>: [ServerManager] Role "EopiThuong" locked by Server 01
20200103-111219<DEBUG:0xf52ffb40>: [Group 1 Server 01] Leave _lock_or_unlock_role(Role=EopiThuong, Lock=1) nResult=1
20200103-111238<DEBUG:0xf5cffb40>: [Group 1 Server 00] Enter _ping(time=6742411)
20200103-111249<DEBUG:0xf52ffb40>: [Group 1 Server 01] Enter _ping(time=6753529)
20200103-111258<DEBUG:0xf5cffb40>: [Group 1 Server 00] Enter _ping(time=6762423)
20200103-111318<DEBUG:0xf5cffb40>: [Group 1 Server 00] Enter _ping(time=6782430)
20200103-111319<DEBUG:0xf52ffb40>: [Group 1 Server 01] Enter _ping(time=6783501)
20200103-111338<DEBUG:0xf5cffb40>: [Group 1 Server 00] Enter _ping(time=6802462)
20200103-111349<DEBUG:0xf52ffb40>: [Group 1 Server 01] Enter _ping(time=6813404)
20200103-111358<DEBUG:0xf5cffb40>: [Group 1 Server 00] Enter _ping(time=6822488)
20200103-111418<DEBUG:0xf5cffb40>: [Group 1 Server 00] Enter _ping(time=6842506)
20200103-111419<DEBUG:0xf52ffb40>: [Group 1 Server 01] Enter _ping(time=6843353)
20200103-111438<DEBUG:0xf5cffb40>: [Group 1 Server 00] Enter _ping(time=6862541)
20200103-111449<DEBUG:0xf52ffb40>: [Group 1 Server 01] Enter _ping(time=6873346)
20200103-111458<DEBUG:0xf5cffb40>: [Group 1 Server 00] Enter _ping(time=6882577)
20200103-111504<INFO :0xf52ffb40>: [Group 1 Server 01] Save role end [thuong].[EopiThuong], LeaveFlag = 0 nResult=1
20200103-111519<DEBUG:0xf5cffb40>: [Group 1 Server 00] Enter _ping(time=6902622)
20200103-111534<DEBUG:0xf52ffb40>: [Group 1 Server 01] Enter _ping(time=6918423)
20200103-111539<DEBUG:0xf5cffb40>: [Group 1 Server 00] Enter _ping(time=6922652)
20200103-111559<DEBUG:0xf5cffb40>: [Group 1 Server 00] Enter _ping(time=6942698)
20200103-111604<DEBUG:0xf52ffb40>: [Group 1 Server 01] Enter _ping(time=6948442)
20200103-111619<DEBUG:0xf5cffb40>: [Group 1 Server 00] Enter _ping(time=6962750)
20200103-111634<DEBUG:0xf52ffb40>: [Group 1 Server 01] Enter _ping(time=6978475)
20200103-111639<DEBUG:0xf5cffb40>: [Group 1 Server 00] Enter _ping(time=6982788)
20200103-111659<DEBUG:0xf5cffb40>: [Group 1 Server 00] Enter _ping(time=7002811)
20200103-111705<DEBUG:0xf52ffb40>: [Group 1 Server 01] Enter _ping(time=7008509)
20200103-111719<DEBUG:0xf5cffb40>: [Group 1 Server 00] Enter _ping(time=7022841)
20200103-111735<DEBUG:0xf52ffb40>: [Group 1 Server 01] Enter _ping(time=7038605)
20200103-111739<DEBUG:0xf5cffb40>: [Group 1 Server 00] Enter _ping(time=7042856)
20200103-111750<DEBUG:0xf52ffb40>: [ServerManager] Role "EopiThuong" unlocked by Server 1
20200103-111750<INFO :0xf52ffb40>: [Group 1 Server 01] Save role end [thuong].[EopiThuong], LeaveFlag = 1 nResult=1
20200103-111759<DEBUG:0xf5cffb40>: [Group 1 Server 00] Enter _ping(time=7062893)
20200103-111819<DEBUG:0xf5cffb40>: [Group 1 Server 00] Enter _ping(time=7082935)
20200103-111820<DEBUG:0xf52ffb40>: [Group 1 Server 01] Enter _ping(time=7084010)
20200103-111823<INFO :0xf5cffb40>: [Group 1 Server 00] Query roles list of account "thuong"
20200103-111823<DEBUG:0xf5cffb40>: [Group 1 Server 00] Leave _query_role_list(thuong) uRoleCount=1 nResult=1
20200103-111843<DEBUG:0xf5cffb40>: [Group 1 Server 00] Enter _ping(time=7107379)
20200103-111845<INFO :0xf5cffb40>: [Group 1 Server 00] Get role "EopiThuong" nResult=1
20200103-111847<DEBUG:0xf52ffb40>: [ServerManager] Role "EopiThuong" locked by Server 01
20200103-111847<DEBUG:0xf52ffb40>: [Group 1 Server 01] Leave _lock_or_unlock_role(Role=EopiThuong, Lock=1) nResult=1
20200103-111905<DEBUG:0xf5cffb40>: [Group 1 Server 00] Enter _ping(time=7128675)
20200103-111917<DEBUG:0xf52ffb40>: [Group 1 Server 01] Enter _ping(time=7141069)
20200103-111925<DEBUG:0xf5cffb40>: [Group 1 Server 00] Enter _ping(time=7148684)
20200103-111945<DEBUG:0xf5cffb40>: [Group 1 Server 00] Enter _ping(time=7168705)
20200103-111947<DEBUG:0xf52ffb40>: [Group 1 Server 01] Enter _ping(time=7171123)
20200103-112005<DEBUG:0xf5cffb40>: [Group 1 Server 00] Enter _ping(time=7188721)
20200103-112017<DEBUG:0xf52ffb40>: [Group 1 Server 01] Enter _ping(time=7201179)
20200103-112025<DEBUG:0xf5cffb40>: [Group 1 Server 00] Enter _ping(time=7208736)
20200103-112045<DEBUG:0xf5cffb40>: [Group 1 Server 00] Enter _ping(time=7228768)
20200103-112047<DEBUG:0xf52ffb40>: [Group 1 Server 01] Enter _ping(time=7231234)
20200103-112105<DEBUG:0xf5cffb40>: [Group 1 Server 00] Enter _ping(time=7248784)
20200103-112117<DEBUG:0xf52ffb40>: [Group 1 Server 01] Enter _ping(time=7261291)
20200103-112125<DEBUG:0xf5cffb40>: [Group 1 Server 00] Enter _ping(time=7268802)
20200103-112145<DEBUG:0xf5cffb40>: [Group 1 Server 00] Enter _ping(time=7288829)
20200103-112147<DEBUG:0xf52ffb40>: [Group 1 Server 01] Enter _ping(time=7291340)
20200103-112205<DEBUG:0xf5cffb40>: [Group 1 Server 00] Enter _ping(time=7308832)
20200103-112217<DEBUG:0xf52ffb40>: [Group 1 Server 01] Enter _ping(time=7321399)
20200103-112225<DEBUG:0xf5cffb40>: [Group 1 Server 00] Enter _ping(time=7328833)
20200103-112245<DEBUG:0xf5cffb40>: [Group 1 Server 00] Enter _ping(time=7348865)
20200103-112247<DEBUG:0xf52ffb40>: [Group 1 Server 01] Enter _ping(time=7351459)
20200103-112249<INFO :0xf52ffb40>: [Group 1 Server 01] Save role end [thuong].[EopiThuong], LeaveFlag = 0 nResult=1
20200103-112305<DEBUG:0xf5cffb40>: [Group 1 Server 00] Enter _ping(time=7368871)
20200103-112319<DEBUG:0xf52ffb40>: [Group 1 Server 01] Enter _ping(time=7382847)
20200103-112319<INFO :0xf52ffb40>: [Group 1 Server 01] Save role end [thuong].[EopiThuong], LeaveFlag = 0 nResult=1
20200103-112325<DEBUG:0xf5cffb40>: [Group 1 Server 00] Enter _ping(time=7388908)
20200103-112345<DEBUG:0xf5cffb40>: [Group 1 Server 00] Enter _ping(time=7408953)
20200103-112349<DEBUG:0xf52ffb40>: [Group 1 Server 01] Enter _ping(time=7413402)
20200103-112405<DEBUG:0xf5cffb40>: [Group 1 Server 00] Enter _ping(time=7428974)
20200103-112419<DEBUG:0xf52ffb40>: [Group 1 Server 01] Enter _ping(time=7443454)
20200103-112425<DEBUG:0xf5cffb40>: [Group 1 Server 00] Enter _ping(time=7448983)
20200103-112428<INFO :0xf52ffb40>: [Group 1 Server 01] Save role end [thuong].[EopiThuong], LeaveFlag = 0 nResult=1
20200103-112445<DEBUG:0xf5cffb40>: [Group 1 Server 00] Enter _ping(time=7468988)
20200103-112452<INFO :0xf52ffb40>: [Group 1 Server 01] Save role end [thuong].[EopiThuong], LeaveFlag = 0 nResult=1
20200103-112452<INFO :0xf52ffb40>: [Group 1 Server 01] Save role end [thuong].[EopiThuong], LeaveFlag = 0 nResult=1
20200103-112452<INFO :0xf52ffb40>: [Group 1 Server 01] Save role end [thuong].[EopiThuong], LeaveFlag = 0 nResult=1
20200103-112453<INFO :0xf52ffb40>: [Group 1 Server 01] Save role end [thuong].[EopiThuong], LeaveFlag = 0 nResult=1
20200103-112505<DEBUG:0xf5cffb40>: [Group 1 Server 00] Enter _ping(time=7489004)
20200103-112523<DEBUG:0xf52ffb40>: [Group 1 Server 01] Enter _ping(time=7506953)
20200103-112525<DEBUG:0xf5cffb40>: [Group 1 Server 00] Enter _ping(time=7509012)
20200103-112545<DEBUG:0xf5cffb40>: [Group 1 Server 00] Enter _ping(time=7529017)
20200103-112553<DEBUG:0xf52ffb40>: [Group 1 Server 01] Enter _ping(time=7537006)
20200103-112605<DEBUG:0xf5cffb40>: [Group 1 Server 00] Enter _ping(time=7549067)
20200103-112623<DEBUG:0xf52ffb40>: [Group 1 Server 01] Enter _ping(time=7567063)
20200103-112625<DEBUG:0xf5cffb40>: [Group 1 Server 00] Enter _ping(time=7569073)
20200103-112645<DEBUG:0xf5cffb40>: [Group 1 Server 00] Enter _ping(time=7589095)
20200103-112653<DEBUG:0xf52ffb40>: [Group 1 Server 01] Enter _ping(time=7597123)
20200103-112705<DEBUG:0xf5cffb40>: [Group 1 Server 00] Enter _ping(time=7609136)
20200103-112723<DEBUG:0xf52ffb40>: [Group 1 Server 01] Enter _ping(time=7627177)
20200103-112725<DEBUG:0xf5cffb40>: [Group 1 Server 00] Enter _ping(time=7629178)
20200103-112745<DEBUG:0xf5cffb40>: [Group 1 Server 00] Enter _ping(time=7649195)
20200103-112753<DEBUG:0xf52ffb40>: [Group 1 Server 01] Enter _ping(time=7657229)
20200103-112805<DEBUG:0xf5cffb40>: [Group 1 Server 00] Enter _ping(time=7669218)
20200103-112823<DEBUG:0xf52ffb40>: [Group 1 Server 01] Enter _ping(time=7687285)
20200103-112825<DEBUG:0xf5cffb40>: [Group 1 Server 00] Enter _ping(time=7689247)
20200103-112845<DEBUG:0xf5cffb40>: [Group 1 Server 00] Enter _ping(time=7709293)
20200103-112853<DEBUG:0xf52ffb40>: [Group 1 Server 01] Enter _ping(time=7717339)
20200103-112905<DEBUG:0xf5cffb40>: [Group 1 Server 00] Enter _ping(time=7729307)
20200103-112923<DEBUG:0xf52ffb40>: [Group 1 Server 01] Enter _ping(time=7747395)
20200103-112925<DEBUG:0xf5cffb40>: [Group 1 Server 00] Enter _ping(time=7749344)
20200103-112945<DEBUG:0xf5cffb40>: [Group 1 Server 00] Enter _ping(time=7769380)
20200103-112953<DEBUG:0xf52ffb40>: [Group 1 Server 01] Enter _ping(time=7777451)
20200103-113005<DEBUG:0xf5cffb40>: [Group 1 Server 00] Enter _ping(time=7789409)
20200103-113023<DEBUG:0xf52ffb40>: [Group 1 Server 01] Enter _ping(time=7807503)
20200103-113025<DEBUG:0xf5cffb40>: [Group 1 Server 00] Enter _ping(time=7809431)
20200103-113035<DEBUG:0xf52ffb40>: [ServerManager] Role "EopiThuong" unlocked by Server 1
20200103-113035<INFO :0xf52ffb40>: [Group 1 Server 01] Save role end [thuong].[EopiThuong], LeaveFlag = 1 nResult=1
20200103-113045<DEBUG:0xf5cffb40>: [Group 1 Server 00] Enter _ping(time=7829476)
20200103-113103<INFO :0xf5cffb40>: [Group 1 Server 00] Query roles list of account "thuong"
20200103-113103<DEBUG:0xf5cffb40>: [Group 1 Server 00] Leave _query_role_list(thuong) uRoleCount=1 nResult=1
20200103-113105<DEBUG:0xf52ffb40>: [Group 1 Server 01] Enter _ping(time=7849399)
20200103-113123<DEBUG:0xf5cffb40>: [Group 1 Server 00] Enter _ping(time=7867472)
20200103-113135<INFO :0xf5cffb40>: [Group 1 Server 00] { thuong } Create role "EoPiCon"
20200103-113135<DEBUG:0xf5cffb40>: [Group 1 Server 00] Leave _create_role(thuong.EoPiCon) nResult=1
20200103-113135<DEBUG:0xf52ffb40>: [Group 1 Server 01] Enter _ping(time=7879453)
20200103-113138<DEBUG:0xf52ffb40>: [ServerManager] Role "EoPiCon" locked by Server 01
20200103-113138<DEBUG:0xf52ffb40>: [Group 1 Server 01] Leave _lock_or_unlock_role(Role=EoPiCon, Lock=1) nResult=1
20200103-113155<DEBUG:0xf5cffb40>: [Group 1 Server 00] Enter _ping(time=7899288)
20200103-113208<DEBUG:0xf52ffb40>: [Group 1 Server 01] Enter _ping(time=7911896)
20200103-113215<DEBUG:0xf5cffb40>: [Group 1 Server 00] Enter _ping(time=7919314)
20200103-113235<DEBUG:0xf5cffb40>: [Group 1 Server 00] Enter _ping(time=7939355)
20200103-113238<DEBUG:0xf52ffb40>: [Group 1 Server 01] Enter _ping(time=7941947)
20200103-113255<DEBUG:0xf5cffb40>: [Group 1 Server 00] Enter _ping(time=7959398)
20200103-113304<DEBUG:0xf52ffb40>: KGLOG_PROCESS_ERROR(nRetCode && "Receive packet failed") at line 978 in ProcessRequest
20200103-113304<ERROR:0xf52ffb40>: [Group 1 Server 01] Connection with 127.0.0.1 have been disconnected, wait for being reconnectted!
20200103-113304<WARN :0xf52ffb40>: [[Group 1 Server 01]] RemoteServer 127.0.0.1:59542 crashed
20200103-113304<ERROR:0xf52ffb40>: [ServerManager] Server 01 will stop, but role "EoPiCon" still be locked, auto unlocked it!
20200103-113304<INFO :0xf52ffb40>: [ServerManager] Server 1 will stop, unlock all role [count=1] 
