ChangeLogFile: FirstWrite=1, CurrentLine=0/65536 LastTime=1900-1-0 0:0:0
20200103-095452<INFO :0xf73af700>: [KG_Goddess] Loading KG_Goddess.ini
20200103-095452<INFO :0xf73af700>: [verify_up2date]...
20200103-095452<INFO :0xf73af700>: >Current lang is [gb18030]
20200103-095452<INFO :0xf73af700>: >Welcome to use [verify_up2date](version: 2.3.4 [2018-02-25]) tool. 
20200103-095452<INFO :0xf73af700>: >Time duration: 11.361937ms 
20200103-095452<INFO :0xf73af700>: >
20200103-095452<INFO :0xf73af700>: >Finish, my exit code is: 0
20200103-095452<INFO :0xf73af700>: |shell cmd result is 0
20200103-095452<INFO :0xf73af700>: ExecShellCmd [./verify_up2date -op=vef -d="." ] ret=0
20200103-095452<INFO :0xf73af700>: [verify_up2date] ok
20200103-095452<INFO :0xf73af700>: [Goddess][Version:Aug 22 2014 15:43:09] Begin to start ... ...
20200103-095452<INFO :0xf73af700>: [KG_Goddess] Set log level ... ... KGLOG_UPTO(KGLOG_DEBUG)
20200103-095452<INFO :0xf73af700>: [KG_Goddess] Loaded KG_Angel, version 2.5
20200103-095452<INFO :0xf73af700>: [KG_Goddess] Initializing role database ...
20200103-095452<INFO :0xf73af700>: [KGD] Mysql info: client[5.1.69] host[Localhost via UNIX socket] server[5.5.64-MariaDB]
20200103-095452<DEBUG:0xf73af700>: [KGD] Success connect to localhost:3306, character set switch to latin1
20200103-095452<DEBUG:0xf73af700>: [KGD] KGD_PROCESS_ERROR(nRetCode, KGD_ERROR_NOT_SUPPORT), at line 1467 in (0x0x8a85f68)->_LoadTable()
20200103-095452<DEBUG:0xf73af700>: [KGD] (0x0x8a85f68)->_LoadTable("fightteam")
20200103-095452<DEBUG:0xf73af700>: [KGD] KGD_PROCESS_ERROR(nRetCode, KGD_ERROR_NOT_SUPPORT), at line 1467 in (0x0x8a85f68)->_LoadTable()
20200103-095452<DEBUG:0xf73af700>: [KGD] (0x0x8a85f68)->_LoadTable("playerfightteam")
20200103-095452<INFO :0xf73af700>: [KG_Goddess] Initializing role statistic ...
20200103-095452<INFO :0xf73af700>: [RoleStatistic] listen 127.0.0.1 : 6001 result=1
20200103-095452<INFO :0xf73af700>: [RoleStatistic] Listening at 127.0.0.1:6001
20200103-095452<INFO :0xf73af700>: [KG_Goddess] Initializing server manager ...
20200103-095452<INFO :0xf73af700>: [ServerManager] Listening at 127.0.0.1:5001
20200103-095452<INFO :0xf73af700>: [KG_Goddess] Started successful
20200103-095532<INFO :0xf6723b40>: [ServerManager] RemoteServer from (127.0.0.1:48893) connect ok
20200103-095532<INFO :0xf6723b40>: [ServerManager] Accept from (127.0.0.1:48893) SocketStream = 0xf5e00528
20200103-095532<INFO :0xf6723b40>: [[Group 1 Server 00]] Server 0 created ok!
20200103-095532<INFO :0xf5dffb40>: [Group 1 Server 00] Started, service for 127.0.0.1:48893
20200103-095532<INFO :0xf5dffb40>: [KGD] Mysql info: client[5.1.69] host[Localhost via UNIX socket] server[5.5.64-MariaDB]
20200103-095532<DEBUG:0xf5dffb40>: [KGD] KGD_PROCESS_ERROR(nRetCode, KGD_ERROR_NOT_SUPPORT), at line 1467 in (0x0xf5400470)->_LoadTable()
20200103-095532<DEBUG:0xf5dffb40>: [KGD] (0x0xf5400470)->_LoadTable("fightteam")
20200103-095532<DEBUG:0xf5dffb40>: [KGD] KGD_PROCESS_ERROR(nRetCode, KGD_ERROR_NOT_SUPPORT), at line 1467 in (0x0xf5400470)->_LoadTable()
20200103-095532<DEBUG:0xf5dffb40>: [KGD] (0x0xf5400470)->_LoadTable("playerfightteam")
20200103-095532<DEBUG:0xf5dffb40>: [KGD] Success connect to localhost:3306, character set switch to latin1
20200103-095552<DEBUG:0xf5dffb40>: [Group 1 Server 00] Enter _ping(time=2136244)
20200103-095612<DEBUG:0xf5dffb40>: [Group 1 Server 00] Enter _ping(time=2156246)
20200103-095632<DEBUG:0xf5dffb40>: [Group 1 Server 00] Enter _ping(time=2176279)
20200103-095652<DEBUG:0xf5dffb40>: [Group 1 Server 00] Enter _ping(time=2196283)
20200103-095712<DEBUG:0xf5dffb40>: [Group 1 Server 00] Enter _ping(time=2216316)
20200103-095732<DEBUG:0xf5dffb40>: [Group 1 Server 00] Enter _ping(time=2236321)
20200103-095752<DEBUG:0xf5dffb40>: [Group 1 Server 00] Enter _ping(time=2256348)
20200103-095812<DEBUG:0xf5dffb40>: [Group 1 Server 00] Enter _ping(time=2276348)
20200103-095832<DEBUG:0xf5dffb40>: [Group 1 Server 00] Enter _ping(time=2296373)
20200103-095852<DEBUG:0xf5dffb40>: [Group 1 Server 00] Enter _ping(time=2316380)
20200103-095912<DEBUG:0xf5dffb40>: [Group 1 Server 00] Enter _ping(time=2336392)
20200103-095914<INFO :0xf6723b40>: [ServerManager] RemoteServer from (127.0.0.1:43162) connect ok
20200103-095914<INFO :0xf6723b40>: [ServerManager] Accept from (127.0.0.1:43162) SocketStream = 0xf5e00a30
20200103-095914<INFO :0xf6723b40>: [[Group 1 Server 01]] Server 1 created ok!
20200103-095914<INFO :0xf53ffb40>: [Group 1 Server 01] Started, service for 127.0.0.1:43162
20200103-095914<INFO :0xf53ffb40>: [KGD] Mysql info: client[5.1.69] host[Localhost via UNIX socket] server[5.5.64-MariaDB]
20200103-095914<DEBUG:0xf53ffb40>: [KGD] KGD_PROCESS_ERROR(nRetCode, KGD_ERROR_NOT_SUPPORT), at line 1467 in (0x0xf4a00470)->_LoadTable()
20200103-095914<DEBUG:0xf53ffb40>: [KGD] (0x0xf4a00470)->_LoadTable("fightteam")
20200103-095914<DEBUG:0xf53ffb40>: [KGD] KGD_PROCESS_ERROR(nRetCode, KGD_ERROR_NOT_SUPPORT), at line 1467 in (0x0xf4a00470)->_LoadTable()
20200103-095914<DEBUG:0xf53ffb40>: [KGD] (0x0xf4a00470)->_LoadTable("playerfightteam")
20200103-095914<DEBUG:0xf53ffb40>: [KGD] Success connect to localhost:3306, character set switch to latin1
20200103-095914<INFO :0xf53ffb40>: [verify_up2date] GetUp2dateVersion: code=8DA68FCD
20200103-095914<DEBUG:0xf53ffb40>: [Group 1 Server 01] Enter _query_statistic_info()
20200103-095914<DEBUG:0xf53ffb40>: KGLOG_PROCESS_ERROR(piStatistic) at line 2088 in _query_statistic_info
20200103-095914<DEBUG:0xf53ffb40>: [Group 1 Server 01] Leave _query_statistic_info() size =0 ret=0
20200103-095932<DEBUG:0xf5dffb40>: [Group 1 Server 00] Enter _ping(time=2356434)
20200103-095944<INFO :0xf5dffb40>: [Group 1 Server 00] Query roles list of account "thuong"
20200103-095944<DEBUG:0xf5dffb40>: [Group 1 Server 00] Leave _query_role_list(thuong) uRoleCount=0 nResult=1
20200103-095944<DEBUG:0xf53ffb40>: [Group 1 Server 01] Enter _ping(time=2369200)
20200103-100004<DEBUG:0xf5dffb40>: [Group 1 Server 00] Enter _ping(time=2388583)
20200103-100014<DEBUG:0xf53ffb40>: [Group 1 Server 01] Enter _ping(time=2398954)
20200103-100024<INFO :0xf5dffb40>: [Group 1 Server 00] { thuong } Create role "EopiThuong"
20200103-100024<DEBUG:0xf5dffb40>: [Group 1 Server 00] Leave _create_role(thuong.EopiThuong) nResult=1
20200103-100026<DEBUG:0xf53ffb40>: [ServerManager] Role "EopiThuong" locked by Server 01
20200103-100026<DEBUG:0xf53ffb40>: [Group 1 Server 01] Leave _lock_or_unlock_role(Role=EopiThuong, Lock=1) nResult=1
20200103-100034<DEBUG:0xf53ffb40>: [ServerManager] Role "EopiThuong" unlocked by Server 1
20200103-100034<INFO :0xf53ffb40>: [Group 1 Server 01] Save role end [thuong].[EopiThuong], LeaveFlag = 1 nResult=1
20200103-100044<DEBUG:0xf5dffb40>: [Group 1 Server 00] Enter _ping(time=2428361)
20200103-100048<DEBUG:0xf53ffb40>: KGLOG_PROCESS_ERROR(nRetCode && "Receive packet failed") at line 978 in ProcessRequest
20200103-100048<ERROR:0xf53ffb40>: [Group 1 Server 01] Connection with 127.0.0.1 have been disconnected, wait for being reconnectted!
20200103-100048<WARN :0xf53ffb40>: [[Group 1 Server 01]] RemoteServer 127.0.0.1:43162 crashed
20200103-100048<INFO :0xf53ffb40>: [ServerManager] Server 1 will stop, unlock all role [count=0] 
20200103-100052<DEBUG:0xf5dffb40>: KGLOG_PROCESS_ERROR(nRetCode && "Receive packet failed") at line 978 in ProcessRequest
20200103-100052<ERROR:0xf5dffb40>: [Group 1 Server 00] Connection with 127.0.0.1 have been disconnected, wait for being reconnectted!
20200103-100052<WARN :0xf5dffb40>: [[Group 1 Server 00]] RemoteServer 127.0.0.1:48893 crashed
20200103-100052<INFO :0xf5dffb40>: [ServerManager] Server 0 will stop, unlock all role [count=0] 
