ChangeLogFile: FirstWrite=1, CurrentLine=0/65536 LastTime=1900-1-0 0:0:0
20200206-010426<INFO :0xf744b700>: [KG_Goddess] Loading KG_Goddess.ini
20200206-010426<INFO :0xf744b700>: [verify_up2date]...
20200206-010426<INFO :0xf744b700>: >Current lang is [gb18030]
20200206-010426<INFO :0xf744b700>: >Welcome to use [verify_up2date](version: 2.3.4 [2018-02-25]) tool. 
20200206-010426<INFO :0xf744b700>: >Time duration: 6.715638ms 
20200206-010426<INFO :0xf744b700>: >
20200206-010426<INFO :0xf744b700>: >Finish, my exit code is: 0
20200206-010426<INFO :0xf744b700>: |shell cmd result is 0
20200206-010426<INFO :0xf744b700>: ExecShellCmd [./verify_up2date -op=vef -d="." ] ret=0
20200206-010426<INFO :0xf744b700>: [verify_up2date] ok
20200206-010426<INFO :0xf744b700>: [Goddess][Version:Aug 22 2014 15:43:09] Begin to start ... ...
20200206-010426<INFO :0xf744b700>: [KG_Goddess] Set log level ... ... KGLOG_UPTO(KGLOG_DEBUG)
20200206-010426<INFO :0xf744b700>: [KG_Goddess] Loaded KG_Angel, version 2.5
20200206-010426<INFO :0xf744b700>: [KG_Goddess] Initializing role database ...
20200206-010426<INFO :0xf744b700>: [KGD] Mysql info: client[5.1.69] host[Localhost via UNIX socket] server[5.5.64-MariaDB]
20200206-010426<DEBUG:0xf744b700>: [KGD] Success connect to localhost:3306, character set switch to latin1
20200206-010426<DEBUG:0xf744b700>: [KGD] KGD_PROCESS_ERROR(nRetCode, KGD_ERROR_NOT_SUPPORT), at line 1467 in (0x0xa105ff0)->_LoadTable()
20200206-010426<DEBUG:0xf744b700>: [KGD] (0x0xa105ff0)->_LoadTable("fightteam")
20200206-010426<DEBUG:0xf744b700>: [KGD] KGD_PROCESS_ERROR(nRetCode, KGD_ERROR_NOT_SUPPORT), at line 1467 in (0x0xa105ff0)->_LoadTable()
20200206-010426<DEBUG:0xf744b700>: [KGD] (0x0xa105ff0)->_LoadTable("playerfightteam")
20200206-010426<INFO :0xf744b700>: [KG_Goddess] Initializing role statistic ...
20200206-010426<INFO :0xf744b700>: [RoleStatistic] listen 127.0.0.1 : 6001 result=1
20200206-010426<INFO :0xf744b700>: [RoleStatistic] Listening at 127.0.0.1:6001
20200206-010426<INFO :0xf744b700>: [KG_Goddess] Initializing server manager ...
20200206-010426<INFO :0xf744b700>: [ServerManager] Listening at 127.0.0.1:5001
20200206-010426<INFO :0xf744b700>: [KG_Goddess] Started successful
20200206-010429<INFO :0xf67bfb40>: [ServerManager] RemoteServer from (127.0.0.1:60056) connect ok
20200206-010429<INFO :0xf67bfb40>: [ServerManager] Accept from (127.0.0.1:60056) SocketStream = 0xf5e00528
20200206-010429<INFO :0xf67bfb40>: [[Group 1 Server 00]] Server 0 created ok!
20200206-010429<INFO :0xf5dffb40>: [Group 1 Server 00] Started, service for 127.0.0.1:60056
20200206-010429<INFO :0xf5dffb40>: [KGD] Mysql info: client[5.1.69] host[Localhost via UNIX socket] server[5.5.64-MariaDB]
20200206-010429<DEBUG:0xf5dffb40>: [KGD] KGD_PROCESS_ERROR(nRetCode, KGD_ERROR_NOT_SUPPORT), at line 1467 in (0x0xf5400470)->_LoadTable()
20200206-010429<DEBUG:0xf5dffb40>: [KGD] (0x0xf5400470)->_LoadTable("fightteam")
20200206-010429<DEBUG:0xf5dffb40>: [KGD] KGD_PROCESS_ERROR(nRetCode, KGD_ERROR_NOT_SUPPORT), at line 1467 in (0x0xf5400470)->_LoadTable()
20200206-010429<DEBUG:0xf5dffb40>: [KGD] (0x0xf5400470)->_LoadTable("playerfightteam")
20200206-010429<DEBUG:0xf5dffb40>: [KGD] Success connect to localhost:3306, character set switch to latin1
20200206-010441<INFO :0xf67bfb40>: [ServerManager] RemoteServer from (127.0.0.1:40952) connect ok
20200206-010441<INFO :0xf67bfb40>: [ServerManager] Accept from (127.0.0.1:40952) SocketStream = 0xf5e00a30
20200206-010441<INFO :0xf67bfb40>: [[Group 1 Server 01]] Server 1 created ok!
20200206-010441<INFO :0xf53ffb40>: [Group 1 Server 01] Started, service for 127.0.0.1:40952
20200206-010441<INFO :0xf53ffb40>: [KGD] Mysql info: client[5.1.69] host[Localhost via UNIX socket] server[5.5.64-MariaDB]
20200206-010441<DEBUG:0xf53ffb40>: [KGD] KGD_PROCESS_ERROR(nRetCode, KGD_ERROR_NOT_SUPPORT), at line 1467 in (0x0xf4a00470)->_LoadTable()
20200206-010441<DEBUG:0xf53ffb40>: [KGD] (0x0xf4a00470)->_LoadTable("fightteam")
20200206-010441<DEBUG:0xf53ffb40>: [KGD] KGD_PROCESS_ERROR(nRetCode, KGD_ERROR_NOT_SUPPORT), at line 1467 in (0x0xf4a00470)->_LoadTable()
20200206-010441<DEBUG:0xf53ffb40>: [KGD] (0x0xf4a00470)->_LoadTable("playerfightteam")
20200206-010441<DEBUG:0xf53ffb40>: [KGD] Success connect to localhost:3306, character set switch to latin1
20200206-010441<INFO :0xf53ffb40>: [verify_up2date] GetUp2dateVersion: code=8DA68FCD
20200206-010441<DEBUG:0xf53ffb40>: [Group 1 Server 01] Enter _query_statistic_info()
20200206-010441<DEBUG:0xf53ffb40>: KGLOG_PROCESS_ERROR(piStatistic) at line 2088 in _query_statistic_info
20200206-010441<DEBUG:0xf53ffb40>: [Group 1 Server 01] Leave _query_statistic_info() size =0 ret=0
20200206-010448<DEBUG:0xf5dffb40>: [Group 1 Server 00] Enter _ping(time=75032)
20200206-010453<INFO :0xf5dffb40>: [Group 1 Server 00] Query roles list of account "an"
20200206-010453<DEBUG:0xf5dffb40>: [Group 1 Server 00] Leave _query_role_list(an) uRoleCount=1 nResult=1
20200206-010456<INFO :0xf5dffb40>: [Group 1 Server 00] Get role "ioNaruto" nResult=1
20200206-010458<DEBUG:0xf53ffb40>: [ServerManager] Role "ioNaruto" locked by Server 01
20200206-010458<DEBUG:0xf53ffb40>: [Group 1 Server 01] Leave _lock_or_unlock_role(Role=ioNaruto, Lock=1) nResult=1
20200206-010516<DEBUG:0xf5dffb40>: [Group 1 Server 00] Enter _ping(time=102912)
20200206-010528<DEBUG:0xf53ffb40>: [Group 1 Server 01] Enter _ping(time=114989)
20200206-010537<DEBUG:0xf5dffb40>: [Group 1 Server 00] Enter _ping(time=122958)
20200206-010557<DEBUG:0xf5dffb40>: [Group 1 Server 00] Enter _ping(time=142992)
20200206-010558<DEBUG:0xf53ffb40>: [Group 1 Server 01] Enter _ping(time=143795)
20200206-010617<DEBUG:0xf5dffb40>: [Group 1 Server 00] Enter _ping(time=163036)
20200206-010628<DEBUG:0xf53ffb40>: [Group 1 Server 01] Enter _ping(time=173845)
20200206-010637<DEBUG:0xf5dffb40>: [Group 1 Server 00] Enter _ping(time=183069)
20200206-010657<DEBUG:0xf5dffb40>: [Group 1 Server 00] Enter _ping(time=203086)
20200206-010658<DEBUG:0xf53ffb40>: [Group 1 Server 01] Enter _ping(time=203704)
20200206-010718<DEBUG:0xf5dffb40>: [Group 1 Server 00] Enter _ping(time=223099)
20200206-010728<DEBUG:0xf53ffb40>: [Group 1 Server 01] Enter _ping(time=233470)
20200206-010738<DEBUG:0xf5dffb40>: [Group 1 Server 00] Enter _ping(time=243110)
20200206-010758<DEBUG:0xf5dffb40>: [Group 1 Server 00] Enter _ping(time=263152)
20200206-010758<DEBUG:0xf53ffb40>: [Group 1 Server 01] Enter _ping(time=263542)
20200206-010818<DEBUG:0xf5dffb40>: [Group 1 Server 00] Enter _ping(time=283159)
20200206-010828<DEBUG:0xf53ffb40>: [Group 1 Server 01] Enter _ping(time=293706)
20200206-010838<DEBUG:0xf5dffb40>: [Group 1 Server 00] Enter _ping(time=303179)
20200206-010858<DEBUG:0xf5dffb40>: [Group 1 Server 00] Enter _ping(time=323217)
20200206-010858<DEBUG:0xf53ffb40>: [Group 1 Server 01] Enter _ping(time=323808)
20200206-010918<DEBUG:0xf5dffb40>: [Group 1 Server 00] Enter _ping(time=343249)
20200206-010928<DEBUG:0xf53ffb40>: [Group 1 Server 01] Enter _ping(time=353835)
20200206-010938<DEBUG:0xf5dffb40>: [Group 1 Server 00] Enter _ping(time=363279)
20200206-010958<DEBUG:0xf5dffb40>: [Group 1 Server 00] Enter _ping(time=383291)
20200206-010958<DEBUG:0xf53ffb40>: [Group 1 Server 01] Enter _ping(time=383875)
20200206-011018<DEBUG:0xf5dffb40>: [Group 1 Server 00] Enter _ping(time=403322)
20200206-011028<DEBUG:0xf53ffb40>: [Group 1 Server 01] Enter _ping(time=413951)
20200206-011038<DEBUG:0xf5dffb40>: [Group 1 Server 00] Enter _ping(time=423360)
20200206-011058<DEBUG:0xf5dffb40>: [Group 1 Server 00] Enter _ping(time=443367)
20200206-011058<DEBUG:0xf53ffb40>: [Group 1 Server 01] Enter _ping(time=444119)
20200206-011117<DEBUG:0xf5dffb40>: [Group 1 Server 00] Enter _ping(time=463388)
20200206-011128<DEBUG:0xf53ffb40>: [Group 1 Server 01] Enter _ping(time=474404)
20200206-011137<DEBUG:0xf5dffb40>: [Group 1 Server 00] Enter _ping(time=483434)
20200206-011158<DEBUG:0xf5dffb40>: [Group 1 Server 00] Enter _ping(time=503472)
20200206-011159<DEBUG:0xf53ffb40>: [Group 1 Server 01] Enter _ping(time=504453)
20200206-011218<DEBUG:0xf5dffb40>: [Group 1 Server 00] Enter _ping(time=523505)
20200206-011229<DEBUG:0xf53ffb40>: [Group 1 Server 01] Enter _ping(time=534512)
20200206-011238<DEBUG:0xf5dffb40>: [Group 1 Server 00] Enter _ping(time=543552)
20200206-011258<DEBUG:0xf5dffb40>: [Group 1 Server 00] Enter _ping(time=563555)
20200206-011259<DEBUG:0xf53ffb40>: [Group 1 Server 01] Enter _ping(time=564559)
20200206-011318<DEBUG:0xf5dffb40>: [Group 1 Server 00] Enter _ping(time=583594)
20200206-011329<DEBUG:0xf53ffb40>: [Group 1 Server 01] Enter _ping(time=594616)
20200206-011338<DEBUG:0xf5dffb40>: [Group 1 Server 00] Enter _ping(time=603635)
20200206-011358<DEBUG:0xf5dffb40>: [Group 1 Server 00] Enter _ping(time=623681)
20200206-011359<DEBUG:0xf53ffb40>: [Group 1 Server 01] Enter _ping(time=624668)
20200206-011418<DEBUG:0xf5dffb40>: [Group 1 Server 00] Enter _ping(time=643720)
20200206-011429<DEBUG:0xf53ffb40>: [Group 1 Server 01] Enter _ping(time=654712)
20200206-011438<DEBUG:0xf5dffb40>: [Group 1 Server 00] Enter _ping(time=663752)
20200206-011458<DEBUG:0xf5dffb40>: [Group 1 Server 00] Enter _ping(time=683805)
20200206-011459<DEBUG:0xf53ffb40>: [Group 1 Server 01] Enter _ping(time=684761)
20200206-011518<DEBUG:0xf5dffb40>: [Group 1 Server 00] Enter _ping(time=703840)
20200206-011529<DEBUG:0xf53ffb40>: [Group 1 Server 01] Enter _ping(time=714816)
20200206-011538<DEBUG:0xf5dffb40>: [Group 1 Server 00] Enter _ping(time=723885)
20200206-011558<DEBUG:0xf5dffb40>: [Group 1 Server 00] Enter _ping(time=743932)
20200206-011559<DEBUG:0xf53ffb40>: [Group 1 Server 01] Enter _ping(time=744867)
20200206-011618<DEBUG:0xf5dffb40>: [Group 1 Server 00] Enter _ping(time=763969)
20200206-011629<DEBUG:0xf53ffb40>: [Group 1 Server 01] Enter _ping(time=774919)
20200206-011638<DEBUG:0xf5dffb40>: [Group 1 Server 00] Enter _ping(time=784011)
20200206-011658<DEBUG:0xf5dffb40>: [Group 1 Server 00] Enter _ping(time=804046)
20200206-011659<DEBUG:0xf53ffb40>: [Group 1 Server 01] Enter _ping(time=804974)
20200206-011718<DEBUG:0xf5dffb40>: [Group 1 Server 00] Enter _ping(time=824093)
20200206-011729<DEBUG:0xf53ffb40>: [Group 1 Server 01] Enter _ping(time=835030)
20200206-011738<DEBUG:0xf5dffb40>: [Group 1 Server 00] Enter _ping(time=844133)
20200206-011758<DEBUG:0xf5dffb40>: [Group 1 Server 00] Enter _ping(time=864176)
20200206-011759<DEBUG:0xf53ffb40>: [Group 1 Server 01] Enter _ping(time=865076)
20200206-011818<DEBUG:0xf5dffb40>: [Group 1 Server 00] Enter _ping(time=884215)
20200206-011829<DEBUG:0xf53ffb40>: [Group 1 Server 01] Enter _ping(time=895130)
20200206-011838<DEBUG:0xf5dffb40>: [Group 1 Server 00] Enter _ping(time=904264)
20200206-011858<DEBUG:0xf5dffb40>: [Group 1 Server 00] Enter _ping(time=924293)
20200206-011859<DEBUG:0xf53ffb40>: [Group 1 Server 01] Enter _ping(time=925180)
20200206-011918<DEBUG:0xf5dffb40>: [Group 1 Server 00] Enter _ping(time=944334)
20200206-011929<DEBUG:0xf53ffb40>: [Group 1 Server 01] Enter _ping(time=955233)
20200206-011938<DEBUG:0xf5dffb40>: [Group 1 Server 00] Enter _ping(time=964371)
20200206-011957<INFO :0xf53ffb40>: [Group 1 Server 01] Save role end [an].[ioNaruto], LeaveFlag = 0 nResult=1
20200206-011959<DEBUG:0xf5dffb40>: [Group 1 Server 00] Enter _ping(time=984417)
20200206-012019<DEBUG:0xf5dffb40>: [Group 1 Server 00] Enter _ping(time=1004458)
20200206-012027<DEBUG:0xf53ffb40>: [Group 1 Server 01] Enter _ping(time=1012566)
20200206-012039<DEBUG:0xf5dffb40>: [Group 1 Server 00] Enter _ping(time=1024497)
20200206-012057<DEBUG:0xf53ffb40>: [Group 1 Server 01] Enter _ping(time=1042618)
20200206-012059<DEBUG:0xf5dffb40>: [Group 1 Server 00] Enter _ping(time=1044548)
20200206-012119<DEBUG:0xf5dffb40>: [Group 1 Server 00] Enter _ping(time=1064578)
20200206-012127<DEBUG:0xf53ffb40>: [Group 1 Server 01] Enter _ping(time=1072674)
20200206-012139<DEBUG:0xf5dffb40>: [Group 1 Server 00] Enter _ping(time=1084623)
20200206-012157<DEBUG:0xf53ffb40>: [Group 1 Server 01] Enter _ping(time=1102726)
20200206-012159<DEBUG:0xf5dffb40>: [Group 1 Server 00] Enter _ping(time=1104661)
20200206-012219<DEBUG:0xf5dffb40>: [Group 1 Server 00] Enter _ping(time=1124698)
20200206-012227<DEBUG:0xf53ffb40>: [Group 1 Server 01] Enter _ping(time=1132778)
20200206-012239<DEBUG:0xf5dffb40>: [Group 1 Server 00] Enter _ping(time=1144738)
20200206-012257<DEBUG:0xf53ffb40>: [Group 1 Server 01] Enter _ping(time=1162835)
20200206-012259<DEBUG:0xf5dffb40>: [Group 1 Server 00] Enter _ping(time=1164774)
20200206-012319<DEBUG:0xf5dffb40>: [Group 1 Server 00] Enter _ping(time=1184812)
20200206-012327<DEBUG:0xf53ffb40>: [Group 1 Server 01] Enter _ping(time=1192888)
20200206-012339<DEBUG:0xf5dffb40>: [Group 1 Server 00] Enter _ping(time=1204842)
20200206-012357<DEBUG:0xf53ffb40>: [Group 1 Server 01] Enter _ping(time=1222935)
20200206-012359<DEBUG:0xf5dffb40>: [Group 1 Server 00] Enter _ping(time=1224882)
20200206-012419<DEBUG:0xf5dffb40>: [Group 1 Server 00] Enter _ping(time=1244917)
20200206-012427<DEBUG:0xf53ffb40>: [Group 1 Server 01] Enter _ping(time=1252992)
20200206-012439<DEBUG:0xf5dffb40>: [Group 1 Server 00] Enter _ping(time=1264957)
20200206-012450<DEBUG:0xf53ffb40>: [ServerManager] Role "ioNaruto" unlocked by Server 1
20200206-012450<INFO :0xf53ffb40>: [Group 1 Server 01] Save role end [an].[ioNaruto], LeaveFlag = 1 nResult=1
