ChangeLogFile: FirstWrite=1, CurrentLine=0/65536 LastTime=1900-1-0 0:0:0
20200206-001740<INFO :0xf73b1700>: [KG_Goddess] Loading KG_Goddess.ini
20200206-001740<INFO :0xf73b1700>: [verify_up2date]...
20200206-001740<INFO :0xf73b1700>: >Current lang is [gb18030]
20200206-001740<INFO :0xf73b1700>: >Welcome to use [verify_up2date](version: 2.3.4 [2018-02-25]) tool. 
20200206-001740<INFO :0xf73b1700>: >Time duration: 16.491458ms 
20200206-001740<INFO :0xf73b1700>: >
20200206-001740<INFO :0xf73b1700>: >Finish, my exit code is: 0
20200206-001740<INFO :0xf73b1700>: |shell cmd result is 0
20200206-001740<INFO :0xf73b1700>: ExecShellCmd [./verify_up2date -op=vef -d="." ] ret=0
20200206-001740<INFO :0xf73b1700>: [verify_up2date] ok
20200206-001740<INFO :0xf73b1700>: [Goddess][Version:Aug 22 2014 15:43:09] Begin to start ... ...
20200206-001740<INFO :0xf73b1700>: [KG_Goddess] Set log level ... ... KGLOG_UPTO(KGLOG_DEBUG)
20200206-001740<INFO :0xf73b1700>: [KG_Goddess] Loaded KG_Angel, version 2.5
20200206-001740<INFO :0xf73b1700>: [KG_Goddess] Initializing role database ...
20200206-001740<INFO :0xf73b1700>: [KGD] Mysql info: client[5.1.69] host[Localhost via UNIX socket] server[5.5.64-MariaDB]
20200206-001740<DEBUG:0xf73b1700>: [KGD] Success connect to localhost:3306, character set switch to latin1
20200206-001740<DEBUG:0xf73b1700>: [KGD] KGD_PROCESS_ERROR(nRetCode, KGD_ERROR_NOT_SUPPORT), at line 1467 in (0x0x907dff0)->_LoadTable()
20200206-001740<DEBUG:0xf73b1700>: [KGD] (0x0x907dff0)->_LoadTable("fightteam")
20200206-001740<DEBUG:0xf73b1700>: [KGD] KGD_PROCESS_ERROR(nRetCode, KGD_ERROR_NOT_SUPPORT), at line 1467 in (0x0x907dff0)->_LoadTable()
20200206-001740<DEBUG:0xf73b1700>: [KGD] (0x0x907dff0)->_LoadTable("playerfightteam")
20200206-001740<INFO :0xf73b1700>: [KG_Goddess] Initializing role statistic ...
20200206-001740<INFO :0xf73b1700>: [RoleStatistic] listen 127.0.0.1 : 6001 result=1
20200206-001740<INFO :0xf73b1700>: [RoleStatistic] Listening at 127.0.0.1:6001
20200206-001740<INFO :0xf73b1700>: [KG_Goddess] Initializing server manager ...
20200206-001740<INFO :0xf73b1700>: [ServerManager] Listening at 127.0.0.1:5001
20200206-001740<INFO :0xf73b1700>: [KG_Goddess] Started successful
20200206-001745<INFO :0xf6725b40>: [ServerManager] RemoteServer from (127.0.0.1:47131) connect ok
20200206-001745<INFO :0xf6725b40>: [ServerManager] Accept from (127.0.0.1:47131) SocketStream = 0xf5e00528
20200206-001745<INFO :0xf6725b40>: [[Group 1 Server 00]] Server 0 created ok!
20200206-001745<INFO :0xf5dffb40>: [Group 1 Server 00] Started, service for 127.0.0.1:47131
20200206-001745<INFO :0xf5dffb40>: [KGD] Mysql info: client[5.1.69] host[Localhost via UNIX socket] server[5.5.64-MariaDB]
20200206-001745<DEBUG:0xf5dffb40>: [KGD] KGD_PROCESS_ERROR(nRetCode, KGD_ERROR_NOT_SUPPORT), at line 1467 in (0x0xf5400470)->_LoadTable()
20200206-001745<DEBUG:0xf5dffb40>: [KGD] (0x0xf5400470)->_LoadTable("fightteam")
20200206-001745<DEBUG:0xf5dffb40>: [KGD] KGD_PROCESS_ERROR(nRetCode, KGD_ERROR_NOT_SUPPORT), at line 1467 in (0x0xf5400470)->_LoadTable()
20200206-001745<DEBUG:0xf5dffb40>: [KGD] (0x0xf5400470)->_LoadTable("playerfightteam")
20200206-001745<DEBUG:0xf5dffb40>: [KGD] Success connect to localhost:3306, character set switch to latin1
20200206-001805<DEBUG:0xf5dffb40>: [Group 1 Server 00] Enter _ping(time=144177)
20200206-001811<INFO :0xf6725b40>: [ServerManager] RemoteServer from (127.0.0.1:35616) connect ok
20200206-001811<INFO :0xf6725b40>: [ServerManager] Accept from (127.0.0.1:35616) SocketStream = 0xf5e00a30
20200206-001811<INFO :0xf6725b40>: [[Group 1 Server 01]] Server 1 created ok!
20200206-001811<INFO :0xf53ffb40>: [Group 1 Server 01] Started, service for 127.0.0.1:35616
20200206-001811<INFO :0xf53ffb40>: [KGD] Mysql info: client[5.1.69] host[Localhost via UNIX socket] server[5.5.64-MariaDB]
20200206-001811<DEBUG:0xf53ffb40>: [KGD] KGD_PROCESS_ERROR(nRetCode, KGD_ERROR_NOT_SUPPORT), at line 1467 in (0x0xf4a00470)->_LoadTable()
20200206-001811<DEBUG:0xf53ffb40>: [KGD] (0x0xf4a00470)->_LoadTable("fightteam")
20200206-001811<DEBUG:0xf53ffb40>: [KGD] KGD_PROCESS_ERROR(nRetCode, KGD_ERROR_NOT_SUPPORT), at line 1467 in (0x0xf4a00470)->_LoadTable()
20200206-001811<DEBUG:0xf53ffb40>: [KGD] (0x0xf4a00470)->_LoadTable("playerfightteam")
20200206-001811<DEBUG:0xf53ffb40>: [KGD] Success connect to localhost:3306, character set switch to latin1
20200206-001811<INFO :0xf53ffb40>: [verify_up2date] GetUp2dateVersion: code=8DA68FCD
20200206-001811<DEBUG:0xf53ffb40>: [Group 1 Server 01] Enter _query_statistic_info()
20200206-001811<DEBUG:0xf53ffb40>: KGLOG_PROCESS_ERROR(piStatistic) at line 2088 in _query_statistic_info
20200206-001811<DEBUG:0xf53ffb40>: [Group 1 Server 01] Leave _query_statistic_info() size =0 ret=0
20200206-001824<DEBUG:0xf5dffb40>: [Group 1 Server 00] Enter _ping(time=164219)
20200206-001841<DEBUG:0xf53ffb40>: [Group 1 Server 01] Enter _ping(time=181328)
20200206-001844<DEBUG:0xf5dffb40>: [Group 1 Server 00] Enter _ping(time=184249)
20200206-001905<DEBUG:0xf5dffb40>: [Group 1 Server 00] Enter _ping(time=204260)
20200206-001911<DEBUG:0xf53ffb40>: [Group 1 Server 01] Enter _ping(time=210629)
20200206-001925<DEBUG:0xf5dffb40>: [Group 1 Server 00] Enter _ping(time=224280)
20200206-001941<DEBUG:0xf53ffb40>: [Group 1 Server 01] Enter _ping(time=240685)
20200206-001945<DEBUG:0xf5dffb40>: [Group 1 Server 00] Enter _ping(time=244308)
20200206-002005<DEBUG:0xf5dffb40>: [Group 1 Server 00] Enter _ping(time=264353)
20200206-002011<DEBUG:0xf53ffb40>: [Group 1 Server 01] Enter _ping(time=270674)
20200206-002025<DEBUG:0xf5dffb40>: [Group 1 Server 00] Enter _ping(time=284370)
20200206-002042<DEBUG:0xf53ffb40>: [Group 1 Server 01] Enter _ping(time=300584)
20200206-002045<DEBUG:0xf5dffb40>: [Group 1 Server 00] Enter _ping(time=304391)
20200206-002105<DEBUG:0xf5dffb40>: [Group 1 Server 00] Enter _ping(time=324411)
20200206-002112<DEBUG:0xf53ffb40>: [Group 1 Server 01] Enter _ping(time=330584)
20200206-002125<DEBUG:0xf5dffb40>: [Group 1 Server 00] Enter _ping(time=344415)
20200206-002142<DEBUG:0xf53ffb40>: [Group 1 Server 01] Enter _ping(time=360594)
20200206-002145<DEBUG:0xf5dffb40>: [Group 1 Server 00] Enter _ping(time=364437)
20200206-002206<DEBUG:0xf5dffb40>: [Group 1 Server 00] Enter _ping(time=384438)
20200206-002212<DEBUG:0xf53ffb40>: [Group 1 Server 01] Enter _ping(time=390605)
20200206-002226<DEBUG:0xf5dffb40>: [Group 1 Server 00] Enter _ping(time=404473)
20200206-002242<DEBUG:0xf53ffb40>: [Group 1 Server 01] Enter _ping(time=420660)
20200206-002246<DEBUG:0xf5dffb40>: [Group 1 Server 00] Enter _ping(time=424501)
20200206-002306<DEBUG:0xf5dffb40>: [Group 1 Server 00] Enter _ping(time=444538)
20200206-002312<DEBUG:0xf53ffb40>: [Group 1 Server 01] Enter _ping(time=450706)
20200206-002326<DEBUG:0xf5dffb40>: [Group 1 Server 00] Enter _ping(time=464566)
20200206-002342<DEBUG:0xf53ffb40>: [Group 1 Server 01] Enter _ping(time=480872)
20200206-002346<DEBUG:0xf5dffb40>: [Group 1 Server 00] Enter _ping(time=484582)
20200206-002405<DEBUG:0xf5dffb40>: [Group 1 Server 00] Enter _ping(time=504592)
20200206-002411<INFO :0xf5dffb40>: [Group 1 Server 00] Query roles list of account "an"
20200206-002411<DEBUG:0xf5dffb40>: [Group 1 Server 00] Leave _query_role_list(an) uRoleCount=1 nResult=1
20200206-002412<DEBUG:0xf53ffb40>: [Group 1 Server 01] Enter _ping(time=511037)
20200206-002417<INFO :0xf5dffb40>: [Group 1 Server 00] Get role "ioNaruto" nResult=1
20200206-002420<DEBUG:0xf53ffb40>: [ServerManager] Role "ioNaruto" locked by Server 01
20200206-002420<DEBUG:0xf53ffb40>: [Group 1 Server 01] Leave _lock_or_unlock_role(Role=ioNaruto, Lock=1) nResult=1
20200206-002437<DEBUG:0xf5dffb40>: [Group 1 Server 00] Enter _ping(time=535856)
20200206-002437<DEBUG:0xf53ffb40>: [ServerManager] Role "ioNaruto" unlocked by Server 1
20200206-002437<INFO :0xf53ffb40>: [Group 1 Server 01] Save role end [an].[ioNaruto], LeaveFlag = 1 nResult=1
20200206-002457<DEBUG:0xf5dffb40>: [Group 1 Server 00] Enter _ping(time=555900)
20200206-002507<DEBUG:0xf53ffb40>: [Group 1 Server 01] Enter _ping(time=566067)
20200206-002517<DEBUG:0xf5dffb40>: [Group 1 Server 00] Enter _ping(time=575934)
20200206-002537<DEBUG:0xf5dffb40>: [Group 1 Server 00] Enter _ping(time=595967)
20200206-002537<DEBUG:0xf53ffb40>: [Group 1 Server 01] Enter _ping(time=596113)
20200206-002557<DEBUG:0xf5dffb40>: [Group 1 Server 00] Enter _ping(time=616001)
20200206-002607<DEBUG:0xf53ffb40>: [Group 1 Server 01] Enter _ping(time=626174)
20200206-002617<DEBUG:0xf5dffb40>: [Group 1 Server 00] Enter _ping(time=636037)
20200206-002637<DEBUG:0xf5dffb40>: [Group 1 Server 00] Enter _ping(time=656064)
20200206-002637<DEBUG:0xf53ffb40>: [Group 1 Server 01] Enter _ping(time=656222)
20200206-002657<DEBUG:0xf5dffb40>: [Group 1 Server 00] Enter _ping(time=676110)
20200206-002707<DEBUG:0xf53ffb40>: [Group 1 Server 01] Enter _ping(time=686273)
