2019.09.17 22:55:08
§ang log ng­êi ch¬i cã ng©n l­îng trªn 1000 v¹n
[money]	thanhkhang111	112qwe112	Nga My xuÊt gia  	7	99	0	25998500
[money]	utima456	1GËyVÒThµnh	ThiÕu L©m thiÒn t¨ng  	7	99	0	40898500
[money]	chansutvang	1skotet	ThiÕu L©m vâ t¨ng  	7	99	32	30255292
[money]	doantiep001	1stDoiCoDoc	Nga My tôc gia  	0	99	0	41000000
[money]	huytamky	1stEndGame	D­¬ng M«n th­¬ng Kþ  	7	99	0	40998500
[money]	phongemga113	1stGaLai	ThiÕu L©m vâ t¨ng  	7	99	0	30712480
[money]	queonhoc1	3213213123	Nga My xuÊt gia  	7	99	0	31998500
[money]	nhokbopq1	345345k	HiÖp §éc  	7	99	0	40216022
[money]	vinhlavua200	3VacLenTroi	ThiÕu L©m vâ t¨ng  	7	99	0	34085000
[money]	newse7en	4Tuner	ThiÕu L©m vâ t¨ng  	7	99	430000	25780000
[money]	chingakaka7	5DOCTRAVINH	HiÖp §éc  	7	99	0	39220000
[money]	cozisaiv	5§jx2222	HiÖp §éc  	7	99	1081087	24458500
[money]	chingakaka	84OfBeDeTraVinhz	ThiÕu L©m vâ t¨ng  	7	99	20000020	50000000
[money]	chingakaka5	99BEDETraVinhzz	ThiÕu L©m vâ t¨ng  	0	99	20000000	39700000
[money]	doanvu2011	aaaaaTLT	ThiÕu L©m vâ t¨ng  	7	99	0	39495500
[money]	alokaven02	Aclocd	Nga My xuÊt gia  	7	99	25	41000500
[money]	an123456	adasdsad	ThiÕu L©m vâ t¨ng  	7	99	0	40998500
[money]	xuantuan33	ADxTuÊnnnnnnnn	ThiÕu L©m vâ t¨ng  	7	99	25	40998500
[money]	anhtrong	AnhTrong	ThiÕu L©m thiÒn t¨ng  	7	99	110000024	26249100
[money]	welinegen1996	AntonellaRoccuz	Nga My xuÊt gia  	7	99	26610000	46000000
[money]	gapro12	BachCoNuong	Nga My xuÊt gia  	7	99	20000012	25219000
[money]	kephutinh88	BachYUongChiL	ThiÕu L©m vâ t¨ng  	7	99	22455022	49499500
[money]	kephutinh99	Bactinh	Nga My xuÊt gia  	7	99	681565464	34547553
[money]	kidred	BãngGi¶Trai	Nga My xuÊt gia  	7	99	20000000	21500000
[money]	kidred1	BãngLongXiªn	Nga My tôc gia  	7	99	20000026	38230000
[money]	789645123	BaoC«ng	ThiÕu L©m vâ t¨ng  	7	99	16	38680000
[money]	badaolk00	BaoThanhThien	ThiÕu L©m vâ t¨ng  	7	99	1680000000	23640034
[money]	bokinhvan1992	BéKinhV©n	ThiÕu L©m vâ t¨ng  	7	99	0	41000000
[money]	00973234395	BeNung	Nga My xuÊt gia  	7	99	377000168	28762006
[money]	beoga195	BeoBungBu	ThiÕu L©m vâ t¨ng  	7	99	0	41003300
[money]	longksl199	BeTapBanCung	D­¬ng M«n Cung Kþ  	7	99	3313652518	92812007
[money]	banhthibao	BÊtCÇn§êi6789	ThiÕu L©m vâ t¨ng  	7	99	0	40988500
[money]	ab1111	Bitiss	ThiÕu L©m vâ t¨ng  	7	99	633285227	36926825
[money]	duynguyen115	BPz§¸BêM«i1234	ThiÕu L©m vâ t¨ng  	7	99	120	11936128
[money]	bongrith40500	brorith1	C¸i Bang TÜnh y  	0	99	0	41000000
[money]	bongrith40500	brorith2	C¸i Bang ¤ Y  	7	99	6	50000000
[money]	brorith4050	brorith23	ThiÕu L©m vâ t¨ng  	7	99	0	41000000
[money]	daida02	BuffCh¬iTh«i	Nga My xuÊt gia  	7	99	21	17120700
[money]	anhtrong1	BuffCh¸yM¸y	Nga My xuÊt gia  	7	99	0	41698500
[money]	kaicomeback	BµnCh©nVµng	ThiÕu L©m vâ t¨ng  	7	99	23	22048509
[money]	ruisekhung1105	B¾c§ÈuThÇnQuyÒn	ThiÕu L©m vâ t¨ng  	7	99	0	41000000
[money]	nobitasan001	Cavexxx	ThiÕu L©m vâ t¨ng  	7	99	1	30697000
[money]	cudave1	CËuB¶nh	HiÖp §éc  	7	99	0	41000000
[money]	bathinh1	ChayXeTaXiOm	ThiÕu L©m vâ t¨ng  	7	99	20000000	31598500
[money]	chingakaka7	CHELAKTRAVINH	ThiÕu L©m vâ t¨ng  	0	99	0	39210000
[money]	mikachino1	ChÊmChÊmChÊm	Nga My xuÊt gia  	7	99	0	17217000
[money]	jx2tutet46	ChóChØ1B¾n	D­¬ng M«n Cung Kþ  	7	99	155000018	19608500
[money]	sunguyendinh	ChóTiÓu§aT×nh	ThiÕu L©m vâ t¨ng  	7	99	132211604	30259734
[money]	ruisekhung1105	ChuChØNh­îc	Nga My tôc gia  	7	99	0	40800000
[money]	danhdanhdanh	ChuèiNÌeeeee	ThiÕu L©m vâ t¨ng  	7	99	720147893	30069060
[money]	satthucamtruong3	Ch©nSótMíiNæi	ThiÕu L©m vâ t¨ng  	7	99	22000179	17712510
[money]	daida01	Ch©n§Êt	ThiÕu L©m vâ t¨ng  	7	99	15	25072500
[money]	ruisekhung1107	ChØLµC¸iTªn	Tµ §éc  	7	99	0	41000000
[money]	ruisekhung1104	CócTÞnhY	Thóy Yªn Vò Tiªn  	7	99	12500479	60621750
[money]	trautrumkt	Codeptrai	ThiÕu L©m vâ t¨ng  	7	99	0	39000000
[money]	banhthibao1	ConDiLon6789	ThiÕu L©m vâ t¨ng  	7	99	20000000	31458606
[money]	nkoxtrung11	congatre	ThiÕu L©m vâ t¨ng  	7	99	3875054	46754100
[money]	congacon	ConGµCon	ThiÕu L©m vâ t¨ng  	7	99	0	40988500
[money]	chingakaka4	COSUTRAVINH	Tµ §éc  	7	99	20000000	29347010
[money]	dungnop	CôTæ§©y	ThiÕu L©m vâ t¨ng  	7	99	0	29746300
[money]	dinhlaquyen195	CristianoRonald	ThiÕu L©m vâ t¨ng  	7	99	6108000066	85467319
[money]	tutonanhai2	CrushOnYou	§­êng M«n phæ th«ng  	7	99	23	30214001
[money]	huylunghp	csXinhgai	Tµ §éc  	7	99	20000000	31998500
[money]	haducanh333tq	CöuV©nLong	ThiÕu L©m vâ t¨ng  	7	99	26	38123263
[money]	kilthem3	C­ìiNgùaAnh§i	D­¬ng M«n Cung Kþ  	7	99	20000023	24384000
[money]	huylunghp2	C­ìiNgùaB¾nCung	D­¬ng M«n Cung Kþ  	7	99	0	15504900
[money]	mailaanh2012	DaiCaRaTu	ThiÕu L©m vâ t¨ng  	7	99	0	41000000
[money]	tranvannhattb	daivuongthienha	ThiÕu L©m vâ t¨ng  	7	99	33	17071516
[money]	baolam215	DakForces	ThiÕu L©m vâ t¨ng  	7	99	13	42261117
[money]	pancha98	DCziDarius	ThiÕu L©m vâ t¨ng  	7	99	287566142	50000000
[money]	vutrongntbg2	DGCol0v3kEn	D­¬ng M«n Cung Kþ  	7	99	0	36213000
[money]	chingakaka8	dgctravinh	D­¬ng M«n Cung Kþ  	7	99	0	39870000
[money]	phuctayninh	dizzzz	ThiÕu L©m vâ t¨ng  	7	99	1	25605544
[money]	moltl2	DmmNhut	ThiÕu L©m vâ t¨ng  	0	99	0	30095900
[money]	doangiang1794	DoanGiang	ThiÕu L©m vâ t¨ng  	7	99	20000000	34193702
[money]	ziolata1	Dsadsad	Tµ §éc  	7	99	3882466	22855518
[money]	0364279071	dsfgdfgs	HiÖp §éc  	7	99	92000170	36360001
[money]	luong112113	DuRex002	Nga My xuÊt gia  	7	99	0	17000000
[money]	banyeuem123	DÞchVôChÞchThue	ThiÕu L©m vâ t¨ng  	7	99	0	30997000
[money]	0973234395	EDMGayNghien	ThiÕu L©m vâ t¨ng  	7	99	119000181	36744060
[money]	iobaongoc2017	EmGaiNganh	Nga My xuÊt gia  	7	99	26202183	20774000
[money]	quoctrungf11pro	emMsTapChoi	ThiÕu L©m vâ t¨ng  	7	99	20000000	16598517
[money]	huylunghp1	Em§ÑpL¾m	Nga My xuÊt gia  	7	99	20000000	14595500
[money]	qweqwe	Establishion	ThiÕu L©m vâ t¨ng  	7	99	17	35164900
[money]	tangbac123	ExitGame	ThiÕu L©m thiÒn t¨ng  	7	99	0	18014000
[money]	00364279071	fgjgjfh	Vâ §ang ®¹o gia  	7	99	92000171	36360000
[money]	viruskinlove	Fizzzzzz	ThiÕu L©m vâ t¨ng  	7	99	0	14309252
[money]	43017lam1	GaoXanh	Nga My xuÊt gia  	7	99	231439880	32738000
[money]	phanvandung0305	GCxSTLanhLung	ThiÕu L©m vâ t¨ng  	7	99	14	17638993
[money]	daida03	GÈyC¸iLªnLu«n	Nga My tôc gia  	7	99	20	36640000
[money]	welinegen7	GianluigiBuffon	ThiÕu L©m vâ t¨ng  	7	99	0	40740000
[money]	dinhlaquyen19995	GirlsLikeYouft	Tµ §éc  	7	99	19	49885500
[money]	thiennguyen01	GrandSedona	ThiÕu L©m vâ t¨ng  	7	99	20000011	17108806
[money]	gapro11	HacCoNuong	HiÖp §éc  	7	99	0	41000000
[money]	dophuongthao	HaiPhongz	HiÖp §éc  	7	99	3388000033	30939711
[money]	quanhtn982	Haydoiday	Nga My xuÊt gia  	7	99	20000000	24900000
[money]	trannam2	hih1hihi	ThiÕu L©m vâ t¨ng  	7	99	0	28162400
[money]	mrnghia02	hihlak	ThiÕu L©m vâ t¨ng  	7	99	0	36013800
[money]	dm0932	hj5445	ThiÕu L©m vâ t¨ng  	7	99	0	19094742
[money]	zotoka	hndcgvhg	D­¬ng M«n Cung Kþ  	7	99	9	41000000
[money]	kephutinh99	HoaTinh	Nga My xuÊt gia  	7	99	0	41000000
[money]	duyhp981	HótCáTh×ALo	Nga My xuÊt gia  	7	99	170575800	35175500
[money]	kemau113	HoµngKaKa	ThiÕu L©m vâ t¨ng  	7	99	20000037	33166712
[money]	tuumahi	HungVu	ThiÕu L©m vâ t¨ng  	7	99	20000000	49160000
[money]	nguyenbich197	HuyenThoai29X3	ThiÕu L©m vâ t¨ng  	7	99	0	32000000
[money]	zdieukhang7	HåTiªnNhi	Thóy Yªn Vò Tiªn  	7	99	80507806	26940950
[money]	datlo1	HµiTÕt	ThiÕu L©m vâ t¨ng  	7	99	0	31000000
[money]	hotfood11	HµnTiÓuMai	Nga My xuÊt gia  	7	99	327447173	25000000
[money]	zdieukhang2	H¹t§Ëu	Tµ §éc  	7	99	141752160	37879000
[money]	chuhuhu	i35MrDuLex	ThiÕu L©m vâ t¨ng  	7	99	3035000000	39674008
[money]	tungthuc1980	i67iAGiTomKk	ThiÕu L©m vâ t¨ng  	7	99	192213157	14237000
[money]	ankogay	i70ThÝchThÓHiÖn	ThiÕu L©m vâ t¨ng  	7	99	0	40998500
[money]	minhanh200201	iAExGaoSilver	ThiÕu L©m vâ t¨ng  	7	99	0	15000000
[money]	vola0912	iBKVz1102	ThiÕu L©m vâ t¨ng  	0	99	20000000	12966000
[money]	khanhnam000	iBóLzDånDame	ThiÕu L©m vâ t¨ng  	7	99	21	33991517
[money]	longksl199	IBSxIBS	D­¬ng M«n Cung Kþ  	7	99	20000000	31354400
[money]	qqqqqq	iBùChµB¸z	ThiÕu L©m vâ t¨ng  	7	99	604451359	29683341
[money]	sajnz01	iBusuzima	ThiÕu L©m vâ t¨ng  	7	99	20000000	18014799
[money]	fanwennanfwn	ICMByLun2x	ThiÕu L©m vâ t¨ng  	7	99	0	34814600
[money]	quyen95	iCristianoRonald	ThiÕu L©m vâ t¨ng  	7	99	16	36109300
[money]	0866719462a	iCzKhoaixNMK	Nga My xuÊt gia  	7	99	3236760017	78240030
[money]	0866719462a1	iCzKhoaixTYVT	HiÖp §éc  	7	99	365102207	40336552
[money]	0866719462a3	iCzSaoGucci	D­¬ng M«n Cung Kþ  	7	99	306354406	24854000
[money]	conbol	iDCzThemyth	ThiÕu L©m vâ t¨ng  	7	99	0	31900000
[money]	cosu01	iDurexCosu	Tµ §éc  	7	99	0	48946003
[money]	durexdau1102	iDurexDau1102	ThiÕu L©m vâ t¨ng  	7	99	0	23177109
[money]	durexdau1102	iDurexNho1102	§­êng M«n phæ th«ng  	7	99	0	29000000
[money]	hieukaka02	iEmLaCave	Nga My xuÊt gia  	7	99	22	34995500
[money]	kcibpa	iF67zNhÝÝ§zaiOMG	ThiÕu L©m vâ t¨ng  	7	99	0	50000000
[money]	zlkhanglz154	iHNxAMaCong	Tµ §éc  	7	99	199737760	21993748
[money]	vuhongminh1991	iHNxAniversary	C¸i Bang TÜnh y  	7	99	20000017	37195510
[money]	vuhongminh1993	iHNxiFalling	C¸i Bang ¤ Y  	7	99	20000017	34191000
[money]	zlkhanglz152	iHNxKeDaTinh	ThiÕu L©m vâ t¨ng  	7	99	160340000	33177000
[money]	zlkhanglz151	iHNxKellyKelly	Nga My xuÊt gia  	7	99	279874879	12740015
[money]	zlkhanglz150	iHNxMaCungMC	D­¬ng M«n Cung Kþ  	7	99	271620781	10528468
[money]	vuhongminh1991	iHNxTháNgèc	ThiÕu L©m vâ t¨ng  	7	99	0	41000000
[money]	zlkhanglz155	iHNxThuyLinhNo1	Nga My tôc gia  	0	99	53712104	28940000
[money]	zlkhanglz153	iHNxTraiTraVinh	ThiÕu L©m thiÒn t¨ng  	7	99	83217688	26240000
[money]	emteobmt1	iHpxDgtQuayLen	D­¬ng M«n th­¬ng Kþ  	7	99	0	31698500
[money]	emteobmt1	iHpxGaTapBuffNo1	Nga My xuÊt gia  	7	99	192213140	37800000
[money]	emteobmt	iHpxMaCungNo1	D­¬ng M«n Cung Kþ  	7	99	206407736	32262610
[money]	sting1101	iHTxViTiÓuB¶o	ThiÕu L©m vâ t¨ng  	7	99	20000000	17000000
[money]	sting1101	iHTxXuyªnT©mC­íc	ThiÕu L©m vâ t¨ng  	7	99	155000000	13002400
[money]	cbq1999vn	iiAnh3	C¸i Bang TÜnh y  	7	99	978	31741618
[money]	bphuong101	IiPh­¬ngGµCåIi	ThiÕu L©m vâ t¨ng  	7	99	20000012	49551575
[money]	minh123q1	iiQuanCong	ThiÕu L©m vâ t¨ng  	7	99	0	21862500
[money]	tieuho4998	iiTHiBigTits	Nga My tôc gia  	7	99	135000005	22000000
[money]	kkkkkkk	iITiÓuNha	Nga My xuÊt gia  	7	99	608432241	18409000
[money]	bphuong102	IiZóToNhÊtXãMii	Nga My xuÊt gia  	7	99	16	39887575
[money]	hauloz1	ioHËupkpro123	ThiÕu L©m vâ t¨ng  	7	99	0	20138880
[money]	ruabotoiroi	IoTiªuViªmI	D­¬ng M«n th­¬ng Kþ  	7	99	21	36855506
[money]	nhokbopq	iPQxBuffer	Nga My xuÊt gia  	0	99	0	40898500
[money]	nhokboopq	iPQxQuinnQuinn	ThiÕu L©m vâ t¨ng  	7	99	24	19048754
[money]	mikachino	iPxKh¸nhTr¾ng	HiÖp §éc  	7	99	10	50000000
[money]	mikachino	iPxKh¸nhTr¾ngz	ThiÕu L©m vâ t¨ng  	7	99	0	17000000
[money]	topss11	IPzPhiªuDu	Vâ §ang ®¹o gia  	7	99	1585	25004000
[money]	khangyooby107	iRRxMrBoyVjpPro	ThiÕu L©m vâ t¨ng  	7	99	20000000	18000000
[money]	vuhongminh1991	iSeeMore	Vâ §ang ®¹o gia  	7	99	20000017	28097417
[money]	thanhtung0303	iSGzChuèiDuBaii	ThiÕu L©m vâ t¨ng  	7	99	0	40998500
[money]	v1s4oth30127	iSGzHoaB»ngL¨ng	ThiÕu L©m vâ t¨ng  	7	99	22	26850000
[money]	subist112	isSuol	Nga My xuÊt gia  	7	99	20000000	21998500
[money]	hieukaka01	iTaoThemDon	ThiÕu L©m vâ t¨ng  	7	99	320000042	29234595
[money]	quockhanhla1	iThayTuChayXeLu	ThiÕu L©m vâ t¨ng  	7	99	0	38678500
[money]	mrnghia36	iThñyThÇn	Nga My xuÊt gia  	0	99	2000000000	45830000
[money]	kkkkkk	iTiÓuNha	Nga My tôc gia  	7	99	609679490	49998500
[money]	nsnl1302	iTopLong	ThiÕu L©m vâ t¨ng  	7	99	0	50000000
[money]	43017lam	iTopL©m	ThiÕu L©m vâ t¨ng  	7	99	401538323	31741500
[money]	meliodas98	iVAzBÐHæ8t	ThiÕu L©m vâ t¨ng  	7	99	309800015	35278510
[money]	xuanhanhdz	iViTiÓuB¶o	ThiÕu L©m vâ t¨ng  	7	99	16	49790000
[money]	dungvt1	iV¹nVËtCói§Çu	ThiÕu L©m vâ t¨ng  	7	99	45	38040000
[money]	ga200814vn	IxDangIaBiBanTia	ThiÕu L©m vâ t¨ng  	7	99	20000025	17495338
[money]	anhem1	IxForrre	D­¬ng M«n Cung Kþ  	7	99	22175011	50000000
[money]	conantai3	ixV«Tinhix	D­¬ng M«n Cung Kþ  	7	99	20000000	22928306
[money]	luongmonh1	iYiiii	§­êng M«n phæ th«ng  	7	99	17	41000000
[money]	zz9x723	IzKhoaiTozI	ThiÕu L©m vâ t¨ng  	7	99	0	17000000
[money]	quangtao	izM¹c§¹iTiªnSinh	D­¬ng M«n Cung Kþ  	7	99	0	40900000
[money]	subist113	izSuol	ThiÕu L©m vâ t¨ng  	7	99	20000018	33972000
[money]	nhatrr	izTrïmChuångHeo	ThiÕu L©m vâ t¨ng  	0	99	33	40994000
[money]	acccs2011	Jx2333	Nga My xuÊt gia  	7	99	0	31418509
[money]	ethangkia182	Jx2BeBuff	Nga My xuÊt gia  	7	99	332677153	26715500
[money]	hiphop75qwe	Jx2BeChao	Nga My xuÊt gia  	7	99	157203255	32967700
[money]	chosoihatam	Jx2Beo	ThiÕu L©m vâ t¨ng  	7	99	0	16995500
[money]	ethangkia182	Jx2BeSuSu	Nga My xuÊt gia  	7	99	203500343	38927001
[money]	donglatao18	Jx2Bogia	ThiÕu L©m vâ t¨ng  	7	99	21	11770000
[money]	kilthem	Jx2B¨ngB¨ng	Nga My xuÊt gia  	7	99	24627851	38257300
[money]	thanhnambk123	Jx2BµnCh©nLöa	ThiÕu L©m vâ t¨ng  	7	99	13	24366911
[money]	buihoangphat11	Jx2Cbb	C¸i Bang ¤ Y  	7	99	0	40760000
[money]	cozisaivptd	jx2dgccc	D­¬ng M«n Cung Kþ  	7	99	1100825	22400000
[money]	ethangkia181	Jx2EmbangTia	D­¬ng M«n Cung Kþ  	7	99	535286863	35148738
[money]	lacniemtin091	Jx2GauNhoiBong2x	ThiÕu L©m vâ t¨ng  	7	99	4800135	39415000
[money]	lacniemtin092	Jx2GauNhoiBongx1	Nga My xuÊt gia  	7	99	3000001	31658000
[money]	acccs2011vn	Jx2Heniken	ThiÕu L©m vâ t¨ng  	7	99	20000016	32784185
[money]	hiphop75	Jx2IuBeChao	D­¬ng M«n Cung Kþ  	7	99	440014873	26619148
[money]	zaqwerty4	Jx2JusTinLam	V« m«n ph¸i  	0	75	37574429	19840000
[money]	zazbzc01	Jx2KemeNo	ThiÕu L©m vâ t¨ng  	7	99	20000000	41000000
[money]	ethangkia183	Jx2KiemSet	Vâ §ang ®¹o gia  	7	99	355000381	25397017
[money]	jx2kingkill	Jx2KingKill	ThiÕu L©m vâ t¨ng  	7	99	29648381	65109472
[money]	phamvanlong1234	Jx2Longkute	Nga My xuÊt gia  	7	99	27763710	40612358
[money]	quangnam1	Jx2NgonTh×BonVµo	§­êng M«n phæ th«ng  	7	99	0	41000000
[money]	kilthem99	Jx2NhiNhi	Nga My xuÊt gia  	7	99	24047859	17239950
[money]	toilatoi23125	Jx2NMKSona	Nga My xuÊt gia  	7	99	0	41010000
[money]	donglatao7	Jx2Ongnoi	ThiÕu L©m vâ t¨ng  	7	99	11	40935500
[money]	zaqwerty1	Jx2QuanVu	D­¬ng M«n th­¬ng Kþ  	7	99	20000017	10122601
[money]	khkhuy88	jx2Tana	ThiÕu L©m vâ t¨ng  	7	99	6	40996310
[money]	thienhaihn	JX2Text	§­êng M«n phæ th«ng  	7	99	20000000	34402940
[money]	zaqwerty2	Jx2TieuKieu	Nga My xuÊt gia  	7	99	20000000	39497953
[money]	zaqwerty3	Jx2TieuMy	Tµ §éc  	7	99	20000000	10792000
[money]	toilatoi23126	Jx2TLQLee	ThiÕu L©m vâ t¨ng  	7	99	0	47508500
[money]	donglatao7	jx2tuan	ThiÕu L©m vâ t¨ng  	7	99	27	50000000
[money]	quoc2016cr2000	Jx2Viet	ThiÕu L©m vâ t¨ng  	7	99	0	41000000
[money]	lesbigo	Jx2VietNamIdol	ThiÕu L©m vâ t¨ng  	7	99	0	35998500
[money]	chientranlv	Jx2VLTK	ThiÕu L©m vâ t¨ng  	7	99	1	50000000
[money]	minhminh1	Jx2V«Danh	ThiÕu L©m vâ t¨ng  	7	99	0	40998500
[money]	jaywang017976	Jx2xChamudepuNMK	Nga My xuÊt gia  	0	99	0	32000000
[money]	jaywang017976	Jx2zChamudepuNMK	Nga My xuÊt gia  	7	99	49743595	34720000
[money]	jaywang027976	Jx2zizJaywangVNV	D­¬ng M«n Cung Kþ  	7	99	7805000049	24632642
[money]	jaywang7976	Jx2zzJaywangVNV	ThiÕu L©m vâ t¨ng  	7	99	49843681	16468328
[money]	hinodongfeng2019	JxTLQ1St	ThiÕu L©m vâ t¨ng  	7	99	19	37742701
[money]	khongten1	k11112	Vâ §ang tôc gia  	0	99	0	40600000
[money]	khongten2	k21111	Vâ §ang tôc gia  	0	99	0	40610000
[money]	khongten2	k211112	C¸i Bang ¤ Y  	0	99	0	40650000
[money]	khongten2	k21113	§­êng M«n phæ th«ng  	0	99	0	40610000
[money]	zdieukhang5	KÐoLiªnTäi	C¸i Bang ¤ Y  	7	99	47055192	37940000
[money]	giabao1310	KemMïa§«ng	Nga My xuÊt gia  	7	99	2690000000	37498500
[money]	kendylieu	kendylieu	ThiÕu L©m vâ t¨ng  	7	99	0	34122426
[money]	khanhcuden221996	KhanhCuDen	ThiÕu L©m vâ t¨ng  	7	99	16	40997000
[money]	khongten1	khongen11	Tµ §éc  	0	99	0	40680000
[money]	volibear1	KhæQuaNhåiThÞt	ThiÕu L©m tôc gia  	7	99	4270000	32628001
[money]	thiennguyen02	KiaSorento	Nga My xuÊt gia  	7	99	0	39818000
[money]	phanvandung0203	KiemDo8x	ThiÕu L©m vâ t¨ng  	7	99	0	24772500
[money]	cuteo123	KimPhat	ThiÕu L©m vâ t¨ng  	0	99	0	41000000
[money]	ruisekhung1106	KiªuPhong	C¸i Bang TÜnh y  	7	99	0	41000000
[money]	thichyuki	KSVx§écC«Hµnh	ThiÕu L©m vâ t¨ng  	7	99	30021	32593100
[money]	zotoka	laaoalsdjncgh	Vâ §ang ®¹o gia  	7	99	10	40998500
[money]	phucbeone2	LadyGagalµc®xlxD	Tµ §éc  	7	99	0	44549700
[money]	welinegen196	LionelMessi	ThiÕu L©m vâ t¨ng  	7	99	26760000	41000000
[money]	phucbeone	lmsMarryTheNight	Nga My tôc gia  	7	99	155000000	12004752
[money]	3cang1	LongGiaCaCa	ThiÕu L©m vâ t¨ng  	7	99	14	38110000
[money]	dactrung	LongT­íng	D­¬ng M«n th­¬ng Kþ  	7	99	18	34197150
[money]	chethuoc2	longvipvl	Vâ §ang ®¹o gia  	7	99	1942127	40215500
[money]	vunc123	LowJokers	ThiÕu L©m vâ t¨ng  	7	99	21	40998500
[money]	lenhbaihk1508	luajx2cave	Nga My xuÊt gia  	7	99	0	31711000
[money]	welinegen3	LuisSuarez	D­¬ng M«n th­¬ng Kþ  	7	99	6570000	40660000
[money]	sakaya	L«iC«ng	ThiÕu L©m vâ t¨ng  	7	99	60613432	30318000
[money]	toanvc11119	L¹cMai	Nga My xuÊt gia  	7	99	0	45400000
[money]	welinegen5	MarioBaloteli	C¸i Bang TÜnh y  	7	99	0	40740000
[money]	welinegen1	MateoMessi	C¸i Bang ¤ Y  	7	99	6580000	40578500
[money]	laknc1	MaTuy001	ThiÕu L©m vâ t¨ng  	0	99	0	40589500
[money]	laknc2	MaTuy002	ThiÕu L©m vâ t¨ng  	0	99	0	40559500
[money]	laknc3	MaTuy003	ThiÕu L©m vâ t¨ng  	0	99	0	40639500
[money]	laknc4	MaTuy004	ThiÕu L©m vâ t¨ng  	0	99	0	40589500
[money]	laknc5	MaTuy005	ThiÕu L©m vâ t¨ng  	0	99	0	40599500
[money]	laknc6	MaTuy006	ThiÕu L©m vâ t¨ng  	0	99	0	40599500
[money]	laknc7	MaTuy007	ThiÕu L©m vâ t¨ng  	0	99	0	40599500
[money]	laknc8	MaTuy008	ThiÕu L©m vâ t¨ng  	0	99	0	40589500
[money]	laknc9	MaTuy009	ThiÕu L©m vâ t¨ng  	0	99	0	40599500
[money]	laknc10	MaTuyX	ThiÕu L©m vâ t¨ng  	0	99	0	40589500
[money]	laknc11	MaTuyX1	ThiÕu L©m vâ t¨ng  	0	99	0	40589500
[money]	laknc12	MaTuyX2	ThiÕu L©m vâ t¨ng  	0	99	0	40589500
[money]	laknc13	MaTuyX3	ThiÕu L©m vâ t¨ng  	0	99	0	40599500
[money]	laknc14	MaTuyX4	ThiÕu L©m vâ t¨ng  	0	99	0	40589500
[money]	laknc15	MaTuyX5	ThiÕu L©m vâ t¨ng  	0	99	0	40589500
[money]	zdieukhang4	MóaMóa	ThiÕu L©m thiÒn t¨ng  	7	99	108662880	37940000
[money]	anhtrong2	Móa§iEm	Thóy Yªn Vò Tiªn  	7	99	12500480	12289550
[money]	dmtruyenky1103	MrsK0teX	ThiÕu L©m vâ t¨ng  	7	99	0	36000000
[money]	songoi	MrSonDk	ThiÕu L©m thiÒn t¨ng  	7	99	0	41000000
[money]	welinegen7	NamMaiAnBuoi	ThiÕu L©m vâ t¨ng  	7	99	21	15804500
[money]	welinegen7	NamMaiAnCac	ThiÕu L©m vâ t¨ng  	7	99	0	40738500
[money]	welinegen6	NamMaiAnLon	HiÖp §éc  	7	99	0	40735500
[money]	phamlinh35	NamTieuChay	ThiÕu L©m vâ t¨ng  	7	99	0	44727514
[money]	phamlinh34	NataSha	Vâ §ang tôc gia  	7	99	0	32998251
[money]	welinegen19996	NeymarJr	Tµ §éc  	7	99	26580000	41517000
[money]	jx2vietzxczxc124	ngamikiem	Nga My xuÊt gia  	7	99	22675000	50000000
[money]	soianchay2	NgaMyKiÕm	Nga My xuÊt gia  	0	99	0	40938500
[money]	duyhp983	ngnngng1	ThiÕu L©m thiÒn t¨ng  	7	99	63560000	40937000
[money]	kilthem96	NguyHiÓmV·iLol	ThiÕu L©m vâ t¨ng  	7	99	24002855	25027000
[money]	khangyooby107	NguyªnAnh	ThiÕu L©m vâ t¨ng  	7	99	0	16988500
[money]	lqthanhbl	Nhaymuatungtang	C¸i Bang ¤ Y  	7	99	20000012	11898500
[money]	satthucamtruong	NhÊtTiÔn	D­¬ng M«n Cung Kþ  	7	99	9452	19315000
[money]	s0jbu0n	NhiÒuLÇn§au	Nga My tôc gia  	7	99	9	25813000
[money]	thanhlxag1206	NhokkkThanh	D­¬ng M«n th­¬ng Kþ  	7	99	0	33198508
[money]	nguyenkhang1123	NhokKoreA	ThiÕu L©m vâ t¨ng  	7	99	24	31909085
[money]	ab1113	Nh­MétThãiQuen	Vâ §ang ®¹o gia  	7	99	200000001	44720000
[money]	zxc9999	Nh­PhótBan§Çu	ThiÕu L©m vâ t¨ng  	7	99	20000000	12000106
[money]	duyhp98	NhµBaoViÖc	ThiÕu L©m vâ t¨ng  	7	99	335976404	28904100
[money]	duykaka2019	NhÞLangThÇn	ThiÕu L©m vâ t¨ng  	7	99	332001328	99000000
[money]	acctrang1998	NhÞThiÕuGia	C¸i Bang ¤ Y  	0	79	320347720	40000000
[money]	nongdanchoinet	NinhVòTÝch	D­¬ng M«n Cung Kþ  	7	99	20000016	32737410
[money]	hauloz2	nmkbuffpk123	Nga My xuÊt gia  	7	99	0	17940000
[money]	cuongsu112	NMKBµnCh©nPhËt	Nga My xuÊt gia  	7	99	1095000060	49900000
[money]	ledai0310	NMKkakakak	Nga My xuÊt gia  	7	99	0	21499640
[money]	vutrongntbg1	NMKol0v3kEn	Nga My xuÊt gia  	7	99	160000	32646500
[money]	sakaya1	NMKQUyQUy	Nga My xuÊt gia  	7	99	183578816	24448000
[money]	ab1112	nmkS2sogame	Nga My xuÊt gia  	7	99	2508435	49399124
[money]	thienhaiht	NMKtext	Nga My xuÊt gia  	7	99	20000000	48750009
[money]	chingakaka2	NMKTRAVINH1	Nga My xuÊt gia  	7	99	20000012	29011674
[money]	chingakaka3	NMKTRAVINH2	Nga My xuÊt gia  	7	99	20000000	43762376
[money]	toanvc11117	NópLïmSótTrém	ThiÕu L©m vâ t¨ng  	7	99	28	32460780
[money]	sunguyendinh2	NoProPlem	Tµ §éc  	7	99	83960000	38939000
[money]	sunguyendinh1	NyC«SyT×nh	Nga My xuÊt gia  	7	99	1592281302	46937500
[money]	binhtula95acc2	N÷TÆcMiªuC­¬ng	Tµ §éc  	7	99	0	41000000
[money]	sangkt201	o0oo0o	ThiÕu L©m vâ t¨ng  	7	99	0	41000008
[money]	0345420013	o0QHT0o	ThiÕu L©m vâ t¨ng  	7	99	0	41000000
[money]	dinhlaquyen195	oCristianoRonald	§­êng M«n phæ th«ng  	0	99	0	40660000
[money]	dinhlaquyen19995	oGirlsLikeYouft	Nga My xuÊt gia  	0	99	0	40660000
[money]	jayteedp	oJunior	ThiÕu L©m vâ t¨ng  	7	99	0	37879600
[money]	acctrang1997	oLeoThiÕuGia	HiÖp §éc  	7	99	0	21243700
[money]	linh050901	oLinhBono01o	§­êng M«n phæ th«ng  	7	99	20000022	40992100
[money]	thongthien	oo0oBäChÐc0oo	ThiÕu L©m vâ t¨ng  	7	99	0	40790000
[money]	dinhlaquyen1995	oSeeYouAgain	HiÖp §éc  	0	99	0	40660000
[money]	phongvuong2	oSoHoangHon	Nga My xuÊt gia  	7	99	0	36840000
[money]	tayrong11	PaanDa	ThiÕu L©m vâ t¨ng  	7	99	0	41000000
[money]	welinegen4	PaulPogba	ThiÕu L©m tôc gia  	7	99	6570000	40660000
[money]	longkaka	PhatTieuGiaLa	ThiÕu L©m vâ t¨ng  	7	99	0	41000000
[money]	boy9cdie12	PhiThienNgocHo	ThiÕu L©m vâ t¨ng  	7	99	22	36277000
[money]	concacconcac	PhoDoGaiXinh	ThiÕu L©m vâ t¨ng  	7	99	24	22009723
[money]	drphuctd1996	Ph­îngLanH­¬ng	HiÖp §éc  	0	99	0	41000000
[money]	nhokbopq	Ph¸Game	Nga My tôc gia  	7	99	80000012	50000000
[money]	xluan1	pkclear	ThiÕu L©m vâ t¨ng  	7	99	135047468	25672535
[money]	thienthuanhd	PoLiice	D­¬ng M«n th­¬ng Kþ  	7	99	37	31895501
[money]	thang3	qeqead123	ThiÕu L©m vâ t¨ng  	7	99	0	40478500
[money]	sunguyendinh4	qqvzak	ThiÕu L©m vâ t¨ng  	7	99	36780000	40937000
[money]	bomkg97nmd	QuúnhMaiH­¬ng	Nga My tôc gia  	7	99	0	12678100
[money]	quyendeptrai	quyendeptraiz	ThiÕu L©m vâ t¨ng  	7	99	20000012	41068000
[money]	sakaya	QuyQuy	ThiÕu L©m vâ t¨ng  	7	99	0	40837500
[money]	anhbaro999	Qu©nMéng¦u	ThiÕu L©m vâ t¨ng  	7	99	0	26777000
[money]	therockisk008	Qu¸chTÜnh	ThiÕu L©m thiÒn t¨ng  	7	99	0	14675200
[money]	nhatrr1	qweasdqwe	D­¬ng M«n Cung Kþ  	0	99	0	40203000
[money]	nhatrr1	qweasdqwe2	ThiÕu L©m vâ t¨ng  	7	99	0	50000000
[money]	tangbac1212	qweeqe	Nga My xuÊt gia  	7	99	26	33802500
[money]	khanhdon8386	Rip113	ThiÕu L©m vâ t¨ng  	7	99	14	36000000
[money]	zducz123	RoseFok	Nga My xuÊt gia  	7	99	0	22038610
[money]	ozevip123456	rymastic	ThiÕu L©m vâ t¨ng  	7	99	20000000	24330503
[money]	mrrtlq	RßmNÌBa	ThiÕu L©m vâ t¨ng  	7	99	0	41000012
[money]	meomeo	S2CôtTayS2	ThiÕu L©m tôc gia  	7	99	0	40997000
[money]	chanhung99	S2iKoo	Nga My tôc gia  	7	99	0	40998500
[money]	dinhlaquyen99995	s2oBoomLak	HiÖp §éc  	7	99	0	40175021
[money]	dinhlaquyen99995	s2oBoomLak1	D­¬ng M«n th­¬ng Kþ  	0	99	0	40640000
[money]	dinhlaquyen99995	s2oBoomLak2	C¸i Bang ¤ Y  	0	99	0	40640000
[money]	dinhlaquyen95	s2oByeLak	C¸i Bang TÜnh y  	0	99	0	40230000
[money]	dinhlaquyen95	s2oByeLak1	Vâ §ang tôc gia  	7	99	0	40640000
[money]	dinhlaquyen95	s2oByeLak2	Vâ §ang tôc gia  	7	99	0	40640000
[money]	dinhlaquyen9995	s2oGooGooLak1	ThiÕu L©m thiÒn t¨ng  	0	99	0	40720000
[money]	dinhlaquyen9995	s2oGooGooLak2	ThiÕu L©m tôc gia  	0	99	0	40630000
[money]	dinhlaquyen995	s2oPoomLak	Vâ §ang ®¹o gia  	0	99	0	40240000
[money]	dinhlaquyen995	s2oPoomLak1	C¸i Bang TÜnh y  	0	99	0	40640000
[money]	dinhlaquyen995	s2oPoomLak2	Nga My tôc gia  	0	99	0	40640000
[money]	fiijk222	SãcCon	§­êng M«n phæ th«ng  	7	99	0	43107100
[money]	duyhp982	sadadas	Tµ §éc  	7	99	126049744	39935500
[money]	yeudaikho	SADxCavendish	ThiÕu L©m vâ t¨ng  	7	99	20000023	41514249
[money]	buigiangoc	Sakura	§­êng M«n phæ th«ng  	7	99	20000000	40120000
[money]	dinhlaquyen1995	SeeYouAgain	Nga My xuÊt gia  	7	99	0	32600000
[money]	moltl2	Sen12311	Nga My xuÊt gia  	7	99	0	28464777
[money]	gasmyquang	Seosona	C¸i Bang TÜnh y  	7	99	6000554	35145575
[money]	alokaven01	Shadow	ThiÕu L©m vâ t¨ng  	7	99	15	63635927
[money]	brorith4050	sssssdgxh	Nga My xuÊt gia  	7	99	0	40010500
[money]	maycay68	STStar83HD	ThiÕu L©m vâ t¨ng  	7	99	38	54680000
[money]	dihtantai	SucCat	ThiÕu L©m vâ t¨ng  	7	99	0	41000000
[money]	maitien263	taisaoemkhoc	Nga My tôc gia  	7	99	20000074	26097000
[money]	moltl1	TaoGaLam	ThiÕu L©m vâ t¨ng  	7	99	20000016	29541882
[money]	quocbao248	TêNó§¹iTu	ThiÕu L©m vâ t¨ng  	7	99	0	41000000
[money]	beobeobeo	ThanhNienNgao	D­¬ng M«n th­¬ng Kþ  	7	99	201103277	41500058
[money]	vjppr0lata1	ThanhThanh	Nga My xuÊt gia  	7	99	20000000	17820026
[money]	ruisekhung1105	ThÇnTiÔn	D­¬ng M«n Cung Kþ  	7	99	0	17820000
[money]	welinegen2	ThiagoMessi	D­¬ng M«n Cung Kþ  	7	99	6570000	40655500
[money]	nguyenphilong	ThienHa	D­¬ng M«n Cung Kþ  	7	99	0	38001001
[money]	p3kinhdi3	ThieulamNo1	ThiÕu L©m vâ t¨ng  	7	99	18	15088446
[money]	jx2vietzxczxc123	thieulamquyen	ThiÕu L©m vâ t¨ng  	7	99	95682898	44918389
[money]	duykaka1	ThiªnS¬n§ångL·o	Nga My xuÊt gia  	7	99	0	27105500
[money]	caoducdung2003	ThñKhèGäiTªnMµy	ThiÕu L©m vâ t¨ng  	7	99	0	28840000
[money]	cocxinhvolam2	ThoChe	ThiÕu L©m vâ t¨ng  	7	99	0	23358100
[money]	gapro11	ThuyYenVT	Thóy Yªn Vò Tiªn  	7	99	12500916	45935200
[money]	satthucamtruong2	ThÝchTh×Buff	Nga My xuÊt gia  	7	99	77	19044500
[money]	sunguyendinh3	ThÝchT©mNguyªn	ThiÕu L©m thiÒn t¨ng  	7	99	36780000	40940000
[money]	lekhai111vn	Th»gNhãcCuTo	ThiÕu L©m vâ t¨ng  	7	99	18	20820000
[money]	ruisekhung1101	Th¾mEm	Nga My xuÊt gia  	7	99	10	86732078
[money]	hkthemykchoi1	TieuNu	Nga My xuÊt gia  	7	99	1560000000	50000000
[money]	hkthemykchoi	tieutulaotet	ThiÕu L©m vâ t¨ng  	7	99	20000031	36882838
[money]	vl864439	TInhVuong	ThiÕu L©m vâ t¨ng  	7	99	51	25413800
[money]	binhtula95	TiÓuKiÒu	Nga My xuÊt gia  	7	99	73	40998500
[money]	0358204178	TiÓuYTiªn	Tµ §éc  	7	99	0	41162001
[money]	vutrongntbg	TLQol0v3kEn	ThiÕu L©m vâ t¨ng  	7	99	150022	33130725
[money]	kiepduaxe	TLqProVip	ThiÕu L©m vâ t¨ng  	7	99	1	33115575
[money]	minh321a	TLQTAMMAO	ThiÕu L©m vâ t¨ng  	7	99	20	65332013
[money]	pta1996	TLQxCh©n§ÊtxHD	ThiÕu L©m vâ t¨ng  	7	99	0	31331700
[money]	bphuong103	TLTLozzTonhÊtXãm	ThiÕu L©m thiÒn t¨ng  	7	99	0	30000000
[money]	43017lam3	TLTtrain	ThiÕu L©m thiÒn t¨ng  	7	99	205250104	46913000
[money]	cozisaitdvp	tlttttttttt	ThiÕu L©m thiÒn t¨ng  	7	99	1016310	41048500
[money]	hientn	TNxxMyChau	ThiÕu L©m vâ t¨ng  	7	99	31	36953500
[money]	xxll201	Toljver	D­¬ng M«n th­¬ng Kþ  	7	99	0	41000000
[money]	anhtrong2	TómD¸iT¸tTíiTÊp	Thóy Yªn Linh N÷  	7	99	10032172	30060000
[money]	cayvang	TongMon	Nga My xuÊt gia  	7	99	148	37254725
[money]	zdieukhang6	Trém§µo	C¸i Bang TÜnh y  	7	99	57116480	37940000
[money]	namvuong003	Trum4Lu	ThiÕu L©m vâ t¨ng  	7	99	0	41000000
[money]	trannam1	TruyÒnThuyÕtNMK	Nga My xuÊt gia  	7	99	0	41000000
[money]	trannam1590	TruyÒnThuyÕtTLQ	ThiÕu L©m vâ t¨ng  	7	99	0	40968500
[money]	zdieukhang3	Trµ§µo	HiÖp §éc  	7	99	129200720	37880000
[money]	tinhbuonhg20131	TuyÕtNhi	Nga My xuÊt gia  	7	99	90000000	34494000
[money]	viruskinlove	TuæiConTr©u	D­¬ng M«n Cung Kþ  	7	99	0	28840000
[money]	chingakaka2	tv00001	ThiÕu L©m vâ t¨ng  	0	99	0	30050000
[money]	chingakaka2	tv00002	ThiÕu L©m vâ t¨ng  	0	99	0	40050000
[money]	chingakaka4	tv00005	ThiÕu L©m vâ t¨ng  	0	99	0	39378500
[money]	chingakaka4	tv00006	ThiÕu L©m vâ t¨ng  	0	99	0	39530000
[money]	chingakaka6	tv00007	ThiÕu L©m vâ t¨ng  	0	99	0	39530000
[money]	chingakaka6	tv000087	ThiÕu L©m vâ t¨ng  	0	99	0	39520000
[money]	chingakaka3	tv0003	ThiÕu L©m vâ t¨ng  	0	99	0	39510000
[money]	chingakaka8	tv0003456	ThiÕu L©m vâ t¨ng  	0	99	0	40580000
[money]	chingakaka3	tv0004	ThiÕu L©m vâ t¨ng  	0	99	0	39520000
[money]	chingakaka8	tv00876	ThiÕu L©m vâ t¨ng  	0	99	0	40580000
[money]	chingakaka7	tv065665	ThiÕu L©m vâ t¨ng  	0	99	0	39450000
[money]	biddkk	TYLN123456	C¸i Bang ¤ Y  	7	99	0	40998500
[money]	43017lam2	TYVTtrain	D­¬ng M«n Cung Kþ  	7	99	204478904	32731500
[money]	zdieukhang1	T©mLiªn	Nga My xuÊt gia  	7	99	207940297	10848000
[money]	nongdanchoinet	Tµ§écC«ng	Tµ §éc  	7	99	0	32500500
[money]	xuanhinh123	T¹Xu©nHinh	ThiÕu L©m vâ t¨ng  	7	99	20	39317100
[money]	bundepzai8668	VACzWarekK	ThiÕu L©m vâ t¨ng  	7	99	10	24765014
[money]	40dadaa	vidamme	ThiÕu L©m vâ t¨ng  	7	99	135000000	28618500
[money]	ruisekhung1106	ViTiÓuB¶o	ThiÕu L©m tôc gia  	7	99	0	41000000
[money]	nammai2931996	VîZiDane	Nga My xuÊt gia  	7	99	6495000033	50000000
[money]	rubisanho	Volaizo	ThiÕu L©m vâ t¨ng  	7	99	0	32538001
[money]	cukuin	VuaTÇnThñyHoµng	ThiÕu L©m vâ t¨ng  	0	99	2000000000	50000000
[money]	giabao1309	V«C­ícV«T×nh	ThiÕu L©m vâ t¨ng  	7	99	21000000	26639500
[money]	hungyen	V«Danh	ThiÕu L©m vâ t¨ng  	7	99	0	32357000
[money]	viruskinlove	V«dông	C¸i Bang TÜnh y  	7	99	781	14200706
[money]	ruisekhung1102	WhiteLotus	§­êng M«n phæ th«ng  	7	99	100000020	50262980
[money]	queonhoc0	wqewqe1	Nga My tôc gia  	7	99	0	19534585
[money]	ljnshu2012	xahoiden1	ThiÕu L©m vâ t¨ng  	7	99	0	41000000
[money]	phungducduy123z	xcxccxc	D­¬ng M«n th­¬ng Kþ  	0	99	0	34000000
[money]	xluan1991	xluan1999	ThiÕu L©m vâ t¨ng  	7	99	23300012	50000000
[money]	40dada	xoaVNG	Nga My xuÊt gia  	7	99	0	34920000
[money]	huylunghp	XuyªnTim	D­¬ng M«n Cung Kþ  	7	99	155000000	39002500
[money]	phungducduy123z	xxCöuC«ngChóaxx	Nga My xuÊt gia  	7	99	20000000	20955100
[money]	phungducduy123v	xxLýThõaNg©nxx	ThiÕu L©m vâ t¨ng  	7	99	186118716	60653233
[money]	quangbkx	xxxChi2NamTanxxx	§­êng M«n phæ th«ng  	7	99	0	25000000
[money]	cafetv0	xxxMrCafe	ThiÕu L©m vâ t¨ng  	7	99	0	41000000
[money]	tutonanhai	xxxTD4Wxxx	Vâ §ang tôc gia  	7	99	182762476	34414228
[money]	nhimxua4	xXxTNxDMCxByTNx	§­êng M«n phæ th«ng  	7	99	24	16577420
[money]	nhimxua2	xXxTNxNMKxByTNx	Nga My xuÊt gia  	7	99	0	30398575
[money]	phungducduy123z	xxxxxcxcc	ThiÕu L©m vâ t¨ng  	7	99	4560002963	82469082
[money]	nhoxkon1581990	XZMyNUPhatGiaoX	Nga My xuÊt gia  	7	99	1426000050	50000000
[money]	0396589604	xzThoPheCozx	ThiÕu L©m vâ t¨ng  	7	99	0	41538001
[money]	bunbunditu1	Yamiiiii	HiÖp §éc  	7	99	99100513	34995500
[money]	bunbunditu3	Yamiiimimi	Tµ §éc  	7	99	0	41000000
[money]	bunbunditu3	YamiiYami	Tµ §éc  	7	99	20	57931800
[money]	bunbunditu3	Yamimimim	Vâ §ang ®¹o gia  	7	99	35400311	38435500
[money]	bunbunditu	Yammmmmmm	ThiÕu L©m vâ t¨ng  	7	99	169342816	12706841
[money]	taivatao	YSLxNghiÖnS3x	ThiÕu L©m vâ t¨ng  	7	99	155000000	39000000
[money]	ledai03	YYVTlaem	§­êng M«n phæ th«ng  	7	99	2175000085	97874446
[money]	sangkt201	z0zz0z	ThiÕu L©m vâ t¨ng  	7	99	0	41000000
[money]	dinhlaquyen195	zCristianoRonald	§­êng M«n phæ th«ng  	0	99	0	40660000
[money]	thaociti	zDungDuzz	D­¬ng M«n Cung Kþ  	7	99	0	40998500
[money]	buiducthang1	zExciter72TD	ThiÕu L©m vâ t¨ng  	7	99	183612376	27212500
[money]	lythihoan1	zFerarriF12	Nga My xuÊt gia  	7	99	16780000	37934000
[money]	dinhlaquyen19995	zGirlsLikeYouft	Nga My xuÊt gia  	0	99	0	40660000
[money]	nammai2931995	ZiDane	ThiÕu L©m vâ t¨ng  	7	99	20000009	26046600
[money]	luonghau01	ziTheBestPk	ThiÕu L©m vâ t¨ng  	7	99	0	31000000
[money]	tuitenbo11	ZOFFzingNO1	ThiÕu L©m vâ t¨ng  	7	99	0	40998500
[money]	zombie6mui	Zombie6Mui	ThiÕu L©m vâ t¨ng  	7	99	361772299	16231620
[money]	zombie6mui1	ZombieChóa	Nga My xuÊt gia  	7	99	0	20518500
[money]	dinhlaquyen1995	zSeeYouAgain	Tµ §éc  	0	99	0	40660000
[money]	thangvechai01	zThangVeChai	ThiÕu L©m vâ t¨ng  	7	99	0	27438000
[money]	traunuong1	zTriÖuMÉnz	HiÖp §éc  	7	99	23580000	50000000
[money]	thang1	ztyvt1102123123a	Vâ §ang ®¹o gia  	7	99	12457472	37672500
[money]	thang2	zVDK1102	Vâ §ang ®¹o gia  	7	99	7248960	37415500
[money]	anhkiet6161	ZxAnhKietxZ	Vâ §ang tôc gia  	7	99	53	36041008
[money]	nh0ckus681	zxcHiligzx	ThiÕu L©m vâ t¨ng  	7	99	0	41000000
[money]	nhoxkon158199	ZxKiemTOnXz	Vâ §ang ®¹o gia  	7	99	64300051	17435217
[money]	tidus1	ZxLoan	Nga My xuÊt gia  	7	99	0	31927000
[money]	anhkiet6262	ZxNgocUyenxZ	Nga My xuÊt gia  	7	99	400070	23719600
[money]	anhkiet6363	ZxPhaiHaixZ	ThiÕu L©m vâ t¨ng  	7	99	20607689	65703845
[money]	tidus2	ZxzTNT	ThiÕu L©m vâ t¨ng  	7	99	24	33897000
[money]	tdtq123	ZyWooNo1	ThiÕu L©m vâ t¨ng  	7	99	16	13987000
[money]	daorongtrang147	ZzAShuRazZ	C¸i Bang TÜnh y  	7	99	0	40997000
[money]	binhminh	ZzBinhMinhzZ	D­¬ng M«n Cung Kþ  	7	99	0	17998500
[money]	phamlinh35	zZBladeZz	Vâ §ang ®¹o gia  	7	99	20000021	41628169
[money]	tuanprok1	ZzlepluazZ	ThiÕu L©m vâ t¨ng  	7	99	295014	41000000
[money]	be0162516	ZzMaBuVuTo	D­¬ng M«n Cung Kþ  	7	99	775000000	13950750
[money]	phanvanvan1990	zzmgbzz	D­¬ng M«n Cung Kþ  	7	99	97	12826500
[money]	hongquang01	ZzMinhThuzZ	Nga My xuÊt gia  	7	99	14	34355500
[money]	emngoc222vn2	ZzSiDaZz	ThiÕu L©m vâ t¨ng  	7	99	1385000000	35838014
[money]	hongquang02	ZzSunLightzZ	ThiÕu L©m vâ t¨ng  	7	99	1440000021	45844024
[money]	subasa357	ZzTheEndzZ	ThiÕu L©m vâ t¨ng  	7	99	0	39997000
[money]	zzliem3chiem	zzVietNamIdolzz	ThiÕu L©m vâ t¨ng  	7	99	55	49232500
[money]	festybooy	zZvothuongZz	ThiÕu L©m vâ t¨ng  	7	99	20000000	22498507
[money]	kemau112	ZzXXXzZ	Nga My xuÊt gia  	7	99	20000000	15910500
[money]	ethangkia19894	zZzKuTezZz	Nga My xuÊt gia  	7	99	22	39398501
[money]	dinhkp55	zzzNMK	Nga My xuÊt gia  	7	99	0	40274000
[money]	dinhkp5	zzzTLQ	ThiÕu L©m vâ t¨ng  	7	99	550005401	17852980
[money]	ethangkia19891	zzZZACBZZzz	ThiÕu L©m vâ t¨ng  	7	99	145100734	49998500
[money]	ethangkia19892	zzZzACBzZzzZ	Nga My xuÊt gia  	7	99	21	17000001
[money]	laydo1	zzzzzzTLQ	ThiÕu L©m vâ t¨ng  	0	99	42174893	36438500
[money]	fiijk2222	§aoToBóaLín	ThiÕu L©m tôc gia  	7	99	2	28776889
[money]	clmmak	§ÇuGèiTh©mV×Em	ThiÕu L©m vâ t¨ng  	7	99	0	41000000
[money]	anhson9x	§ètChïa	ThiÕu L©m vâ t¨ng  	7	99	15	26336358
[money]	anhtrong0	§iªuThuyÒn	Nga My tôc gia  	7	99	22000089	39570000
[money]	soianchay1	§­êngM«n	§­êng M«n phæ th«ng  	7	99	0	39953736
[money]	kaicomback	§­êngT¨ng	ThiÕu L©m thiÒn t¨ng  	7	99	0	40998500
[money]	phamvanlong123	§¹iKaXãmLiÒu	ThiÕu L©m vâ t¨ng  	7	99	9739790017	21018692
XuÊt d÷ liÖu hoµn tÊt

===========================================================
Thèng kª d÷ liÖu
Tæng sè ng­êi:746	FreezedPlayerCount: 0
V« m«n ph¸i  Sè ng­êi:	21
ThiÕu L©m ch­a b¸i s­Sè ng­êi:	0
ThiÕu L©m tôc gia  Sè ng­êi:	11
ThiÕu L©m thiÒn t¨ng  Sè ng­êi:	21
ThiÕu L©m vâ t¨ng  Sè ng­êi:	345
§­êng M«n ch­a b¸i s­Sè ng­êi:	0
§­êng M«n phæ th«ng  Sè ng­êi:	22
Nga My ch­a b¸i s­Sè ng­êi:	0
Nga My xuÊt gia  Sè ng­êi:	119
Nga My tôc gia  Sè ng­êi:	23
C¸i Bang ch­a b¸i s­Sè ng­êi:	0
C¸i Bang TÜnh y  Sè ng­êi:	12
C¸i Bang ¤ Y  Sè ng­êi:	13
Vâ §ang ch­a b¸i s­Sè ng­êi:	0
Vâ §ang ®¹o gia  Sè ng­êi:	23
Vâ §ang tôc gia  Sè ng­êi:	14
D­¬ng M«n ch­a b¸i s­Sè ng­êi:	0
D­¬ng M«n th­¬ng Kþ  Sè ng­êi:	17
D­¬ng M«n Cung Kþ  Sè ng­êi:	47
Ngò §éc      Sè ng­êi:	0
HiÖp §éc  Sè ng­êi:	24
Tµ §éc  Sè ng­êi:	27
C«n L«n ch­a b¸i s­Sè ng­êi:	0
C«n L«n Thiªn S­  Sè ng­êi:	0
Minh Gi¸o ch­a b¸i s­Sè ng­êi:	0
Minh Gi¸o Th¸nh ChiÕn  Sè ng­êi:	0
Minh Gi¸o TrËn Binh  Sè ng­êi:	0
Minh Gi¸o HuyÕt Nh©n  Sè ng­êi:	0
Thóy Yªn ch­a b¸i s­Sè ng­êi:	0
Thóy Yªn Vò Tiªn  Sè ng­êi:	6
Thóy Yªn Linh N÷  Sè ng­êi:	1
------------------------------------------------
Tæng sè tiÒn:18070857262 Tæng sè tiÓu ng©n phiÕu cò: 0 Tæng sè ®¹i ng©n phiÕu cò0 Tæng sè Ng©n phiÕu nhá míi:0 Tæng sè Ng©n phiÕu lín míi:0 Tæng sè Ng©n phiÕu nhá dÞ th­êng:0 Tæng sè Ng©n phiÕu lín dÞ th­êng:0
V« m«n ph¸i  Sè tiÒn:	19840000
ThiÕu L©m ch­a b¸i s­Sè tiÒn:	0
ThiÕu L©m tôc gia  Sè tiÒn:	233531352
ThiÕu L©m thiÒn t¨ng  Sè tiÒn:	496913500
ThiÕu L©m vâ t¨ng  Sè tiÒn:	8476421716
§­êng M«n ch­a b¸i s­Sè tiÒn:	0
§­êng M«n phæ th«ng  Sè tiÒn:	657113223
Nga My ch­a b¸i s­Sè tiÒn:	0
Nga My xuÊt gia  Sè tiÒn:	3045378965
Nga My tôc gia  Sè tiÒn:	547484437
C¸i Bang ch­a b¸i s­Sè tiÒn:	0
C¸i Bang TÜnh y  Sè tiÒn:	401675909
C¸i Bang ¤ Y  Sè tiÒn:	379656500
Vâ §ang ch­a b¸i s­Sè tiÒn:	0
Vâ §ang ®¹o gia  Sè tiÒn:	489187320
Vâ §ang tôc gia  Sè tiÒn:	281127588
D­¬ng M«n ch­a b¸i s­Sè tiÒn:	0
D­¬ng M«n th­¬ng Kþ  Sè tiÒn:	421287824
D­¬ng M«n Cung Kþ  Sè tiÒn:	1001821469
Ngò §éc      Sè tiÒn:	0
HiÖp §éc  Sè tiÒn:	678162190
Tµ §éc  Sè tiÒn:	765406869
C«n L«n ch­a b¸i s­Sè tiÒn:	0
C«n L«n Thiªn S­  Sè tiÒn:	0
Minh Gi¸o ch­a b¸i s­Sè tiÒn:	0
Minh Gi¸o Th¸nh ChiÕn  Sè tiÒn:	0
Minh Gi¸o TrËn Binh  Sè tiÒn:	0
Minh Gi¸o HuyÕt Nh©n  Sè tiÒn:	0
Thóy Yªn ch­a b¸i s­Sè tiÒn:	0
Thóy Yªn Vò Tiªn  Sè tiÒn:	145788400
Thóy Yªn Linh N÷  Sè tiÒn:	30060000
------------------------------------------------
Ph©n bè cÊp ®é nh©n vËt
1(cÊp) Sè ng­êi:	20
75(cÊp) Sè ng­êi:	1
79(cÊp) Sè ng­êi:	1
99(cÊp) Sè ng­êi:	724

===========================================================
H¹ng:
--------------Money--------------
1	NhÞLangThÇn	  99000000	1
2	YYVTlaem	  97874446	1
3	BeTapBanCung	  92812007	1
4	Th¾mEm	  86732078	1
5	CristianoRonald	  85467319	1
6	xxxxxcxcc	  82469082	1
7	iCzKhoaixNMK	  78240030	1
8	ZxPhaiHaixZ	  65703845	1
9	TLQTAMMAO	  65332013	1
10	Jx2KingKill	  65109472	1
--------------Level--------------
1	§¹iKaXãmLiÒu	7	99	1
2	Jx2zizJaywangVNV	7	99	1
3	VîZiDane	7	99	1
4	CristianoRonald	7	99	1
5	xxxxxcxcc	7	99	1
6	HaiPhongz	7	99	1
7	BeTapBanCung	7	99	1
8	iCzKhoaixNMK	7	99	1
9	i35MrDuLex	7	99	1
10	KemMïa§«ng	7	99	1
--------------Repute--------------
1	NhµBaoViÖc	5254	1
2	HøaTiªn	5003	1
3	T©mLiªn	5002	1
4	iHTxViTiÓuB¶o	5000	1
5	iiBµnCh©nPhËt	3531	1
6	Yammmmmmm	3490	1
7	Jx2EmbangTia	3421	1
8	Jx2BeBuff	3418	1
9	iCzKhoaixNMK	3395	1
10	iCzKhoaixxx	3392	1
--------------Honor--------------
1	iBùChµB¸z	153701	1
2	iTiÓuNha	149713	1
3	iITiÓuNha	146302	1
4	iCzKhoaixxx	135446	1
5	Zombie6Mui	133721	1
6	IsToXic	115673	1
7	iMrGroom	113394	1
8	Jx2EmbangTia	111781	1
9	Jx2BeBuff	109448	1
10	iTopL©m	108200	1
-----------Dragon boat point-------
-----------Dragon boat time-------
Thø h¹ng phó hé 724 Tû lÖ c¸c m«n ph¸i mµ ng­êi ch¬i gia nhËp
V« m«n ph¸i	(1/724)	0.1%
ThiÕu L©m	(377/724)	52.1%
Vâ §ang	(37/724)	5.1%
Nga My	(142/724)	19.6%
C¸i Bang	(24/724)	3.3%
§­êng M«n	(22/724)	3.0%
Thiªn Ba Phñ	(64/724)	8.8%
Ngò §éc Gi¸o	(51/724)	7.0%
C«n L«n Ph¸i	(0/724)	0.0%
Minh gi¸o	(0/724)	0.0%
Thóy Yªn M«n	(6/724)	0.8%
Ngoµi thµnh	(0/724)	0.0%
Thø h¹ng ®¼ng cÊp 746 Tû lÖ c¸c m«n ph¸i mµ ng­êi ch¬i gia nhËp
V« m«n ph¸i	(21/746)	2.8%
ThiÕu L©m	(377/746)	50.5%
Vâ §ang	(37/746)	5.0%
Nga My	(142/746)	19.0%
C¸i Bang	(25/746)	3.4%
§­êng M«n	(22/746)	2.9%
Thiªn Ba Phñ	(64/746)	8.6%
Ngò §éc Gi¸o	(51/746)	6.8%
C«n L«n Ph¸i	(0/746)	0.0%
Minh gi¸o	(0/746)	0.0%
Thóy Yªn M«n	(7/746)	0.9%
Ngoµi thµnh	(0/746)	0.0%
Thèng kª kÕt thóc, thêi gian:2019.09.17 22:55:08


===========================================================
Ph©n bè tr­êng ph¸i ®¼ng cÊp
	V« m«n ph¸i  	ThiÕu L©m ch­a b¸i s­	ThiÕu L©m tôc gia  	ThiÕu L©m thiÒn t¨ng  	ThiÕu L©m vâ t¨ng  	§­êng M«n ch­a b¸i s­	§­êng M«n phæ th«ng  	Nga My ch­a b¸i s­	Nga My xuÊt gia  	Nga My tôc gia  	C¸i Bang ch­a b¸i s­	C¸i Bang TÜnh y  	C¸i Bang ¤ Y  	Vâ §ang ch­a b¸i s­	Vâ §ang ®¹o gia  	Vâ §ang tôc gia  	D­¬ng M«n ch­a b¸i s­	D­¬ng M«n th­¬ng Kþ  	D­¬ng M«n Cung Kþ  	Ngò §éc      	HiÖp §éc  	Tµ §éc  	C«n L«n ch­a b¸i s­	C«n L«n Thiªn S­  	Minh Gi¸o ch­a b¸i s­	Minh Gi¸o Th¸nh ChiÕn  	Minh Gi¸o TrËn Binh  	Minh Gi¸o HuyÕt Nh©n  	Thóy Yªn ch­a b¸i s­	Thóy Yªn Vò Tiªn  	Thóy Yªn Linh N÷  
 1	[20]	[0]	[0]	[0]	[0]	[0]	[0]	[0]	[0]	[0]	[0]	[0]	[0]	[0]	[0]	[0]	[0]	[0]	[0]	[0]	[0]	[0]	[0]	[0]	[0]	[0]	[0]	[0]	[0]	[0]	[0]
75	[1]	[0]	[0]	[0]	[0]	[0]	[0]	[0]	[0]	[0]	[0]	[0]	[0]	[0]	[0]	[0]	[0]	[0]	[0]	[0]	[0]	[0]	[0]	[0]	[0]	[0]	[0]	[0]	[0]	[0]	[0]
79	[0]	[0]	[0]	[0]	[0]	[0]	[0]	[0]	[0]	[0]	[0]	[0]	[1]	[0]	[0]	[0]	[0]	[0]	[0]	[0]	[0]	[0]	[0]	[0]	[0]	[0]	[0]	[0]	[0]	[0]	[0]
99	[0]	[0]	[11]	[21]	[345]	[0]	[22]	[0]	[119]	[23]	[0]	[12]	[12]	[0]	[23]	[14]	[0]	[17]	[47]	[0]	[24]	[27]	[0]	[0]	[0]	[0]	[0]	[0]	[0]	[6]	[1]
Total: 746


Ph©n bè ®¨ng nhËp
	V« m«n ph¸i  	ThiÕu L©m ch­a b¸i s­	ThiÕu L©m tôc gia  	ThiÕu L©m thiÒn t¨ng  	ThiÕu L©m vâ t¨ng  	§­êng M«n ch­a b¸i s­	§­êng M«n phæ th«ng  	Nga My ch­a b¸i s­	Nga My xuÊt gia  	Nga My tôc gia  	C¸i Bang ch­a b¸i s­	C¸i Bang TÜnh y  	C¸i Bang ¤ Y  	Vâ §ang ch­a b¸i s­	Vâ §ang ®¹o gia  	Vâ §ang tôc gia  	D­¬ng M«n ch­a b¸i s­	D­¬ng M«n th­¬ng Kþ  	D­¬ng M«n Cung Kþ  	Ngò §éc      	HiÖp §éc  	Tµ §éc  	C«n L«n ch­a b¸i s­	C«n L«n Thiªn S­  	Minh Gi¸o ch­a b¸i s­	Minh Gi¸o Th¸nh ChiÕn  	Minh Gi¸o TrËn Binh  	Minh Gi¸o HuyÕt Nh©n  	Thóy Yªn ch­a b¸i s­	Thóy Yªn Vò Tiªn  	Thóy Yªn Linh N÷  
 1	[14]	[0]	[0]	[0]	[0]	[0]	[0]	[0]	[0]	[0]	[0]	[0]	[0]	[0]	[0]	[0]	[0]	[0]	[0]	[0]	[0]	[0]	[0]	[0]	[0]	[0]	[0]	[0]	[0]	[0]	[0]
75	[1]	[0]	[0]	[0]	[0]	[0]	[0]	[0]	[0]	[0]	[0]	[0]	[0]	[0]	[0]	[0]	[0]	[0]	[0]	[0]	[0]	[0]	[0]	[0]	[0]	[0]	[0]	[0]	[0]	[0]	[0]
79	[0]	[0]	[0]	[0]	[0]	[0]	[0]	[0]	[0]	[0]	[0]	[0]	[1]	[0]	[0]	[0]	[0]	[0]	[0]	[0]	[0]	[0]	[0]	[0]	[0]	[0]	[0]	[0]	[0]	[0]	[0]
99	[0]	[0]	[9]	[19]	[283]	[0]	[17]	[0]	[102]	[17]	[0]	[10]	[12]	[0]	[18]	[12]	[0]	[14]	[37]	[0]	[21]	[22]	[0]	[0]	[0]	[0]	[0]	[0]	[0]	[6]	[1]
Total: 616


Ph©n bè ®¨ng nhËp lÇn ®Çu
	V« m«n ph¸i  	ThiÕu L©m ch­a b¸i s­	ThiÕu L©m tôc gia  	ThiÕu L©m thiÒn t¨ng  	ThiÕu L©m vâ t¨ng  	§­êng M«n ch­a b¸i s­	§­êng M«n phæ th«ng  	Nga My ch­a b¸i s­	Nga My xuÊt gia  	Nga My tôc gia  	C¸i Bang ch­a b¸i s­	C¸i Bang TÜnh y  	C¸i Bang ¤ Y  	Vâ §ang ch­a b¸i s­	Vâ §ang ®¹o gia  	Vâ §ang tôc gia  	D­¬ng M«n ch­a b¸i s­	D­¬ng M«n th­¬ng Kþ  	D­¬ng M«n Cung Kþ  	Ngò §éc      	HiÖp §éc  	Tµ §éc  	C«n L«n ch­a b¸i s­	C«n L«n Thiªn S­  	Minh Gi¸o ch­a b¸i s­	Minh Gi¸o Th¸nh ChiÕn  	Minh Gi¸o TrËn Binh  	Minh Gi¸o HuyÕt Nh©n  	Thóy Yªn ch­a b¸i s­	Thóy Yªn Vò Tiªn  	Thóy Yªn Linh N÷  
 1	[13]	[0]	[0]	[0]	[0]	[0]	[0]	[0]	[0]	[0]	[0]	[0]	[0]	[0]	[0]	[0]	[0]	[0]	[0]	[0]	[0]	[0]	[0]	[0]	[0]	[0]	[0]	[0]	[0]	[0]	[0]
75	[1]	[0]	[0]	[0]	[0]	[0]	[0]	[0]	[0]	[0]	[0]	[0]	[0]	[0]	[0]	[0]	[0]	[0]	[0]	[0]	[0]	[0]	[0]	[0]	[0]	[0]	[0]	[0]	[0]	[0]	[0]
79	[0]	[0]	[0]	[0]	[0]	[0]	[0]	[0]	[0]	[0]	[0]	[0]	[1]	[0]	[0]	[0]	[0]	[0]	[0]	[0]	[0]	[0]	[0]	[0]	[0]	[0]	[0]	[0]	[0]	[0]	[0]
99	[0]	[0]	[9]	[18]	[202]	[0]	[13]	[0]	[70]	[9]	[0]	[8]	[11]	[0]	[13]	[9]	[0]	[14]	[21]	[0]	[12]	[17]	[0]	[0]	[0]	[0]	[0]	[0]	[0]	[5]	[1]
Total: 447


Ph©n bè nh©n vËt ®óng 1 th¸ng kh«ng ®¨ng nhËp trß ch¬i.
	V« m«n ph¸i  	ThiÕu L©m ch­a b¸i s­	ThiÕu L©m tôc gia  	ThiÕu L©m thiÒn t¨ng  	ThiÕu L©m vâ t¨ng  	§­êng M«n ch­a b¸i s­	§­êng M«n phæ th«ng  	Nga My ch­a b¸i s­	Nga My xuÊt gia  	Nga My tôc gia  	C¸i Bang ch­a b¸i s­	C¸i Bang TÜnh y  	C¸i Bang ¤ Y  	Vâ §ang ch­a b¸i s­	Vâ §ang ®¹o gia  	Vâ §ang tôc gia  	D­¬ng M«n ch­a b¸i s­	D­¬ng M«n th­¬ng Kþ  	D­¬ng M«n Cung Kþ  	Ngò §éc      	HiÖp §éc  	Tµ §éc  	C«n L«n ch­a b¸i s­	C«n L«n Thiªn S­  	Minh Gi¸o ch­a b¸i s­	Minh Gi¸o Th¸nh ChiÕn  	Minh Gi¸o TrËn Binh  	Minh Gi¸o HuyÕt Nh©n  	Thóy Yªn ch­a b¸i s­	Thóy Yªn Vò Tiªn  	Thóy Yªn Linh N÷  
Total: 0


Ph©n bè nh©n vËt tõ 1 tuÇn ®Õn 1 th¸ng kh«ng ®¨ng nhËp trß ch¬i.
	V« m«n ph¸i  	ThiÕu L©m ch­a b¸i s­	ThiÕu L©m tôc gia  	ThiÕu L©m thiÒn t¨ng  	ThiÕu L©m vâ t¨ng  	§­êng M«n ch­a b¸i s­	§­êng M«n phæ th«ng  	Nga My ch­a b¸i s­	Nga My xuÊt gia  	Nga My tôc gia  	C¸i Bang ch­a b¸i s­	C¸i Bang TÜnh y  	C¸i Bang ¤ Y  	Vâ §ang ch­a b¸i s­	Vâ §ang ®¹o gia  	Vâ §ang tôc gia  	D­¬ng M«n ch­a b¸i s­	D­¬ng M«n th­¬ng Kþ  	D­¬ng M«n Cung Kþ  	Ngò §éc      	HiÖp §éc  	Tµ §éc  	C«n L«n ch­a b¸i s­	C«n L«n Thiªn S­  	Minh Gi¸o ch­a b¸i s­	Minh Gi¸o Th¸nh ChiÕn  	Minh Gi¸o TrËn Binh  	Minh Gi¸o HuyÕt Nh©n  	Thóy Yªn ch­a b¸i s­	Thóy Yªn Vò Tiªn  	Thóy Yªn Linh N÷  
Total: 0


Ph©n bè nh©n vËt ®óng 1 tuÇn kh«ng ®¨ng nhËp trß ch¬i.
	V« m«n ph¸i  	ThiÕu L©m ch­a b¸i s­	ThiÕu L©m tôc gia  	ThiÕu L©m thiÒn t¨ng  	ThiÕu L©m vâ t¨ng  	§­êng M«n ch­a b¸i s­	§­êng M«n phæ th«ng  	Nga My ch­a b¸i s­	Nga My xuÊt gia  	Nga My tôc gia  	C¸i Bang ch­a b¸i s­	C¸i Bang TÜnh y  	C¸i Bang ¤ Y  	Vâ §ang ch­a b¸i s­	Vâ §ang ®¹o gia  	Vâ §ang tôc gia  	D­¬ng M«n ch­a b¸i s­	D­¬ng M«n th­¬ng Kþ  	D­¬ng M«n Cung Kþ  	Ngò §éc      	HiÖp §éc  	Tµ §éc  	C«n L«n ch­a b¸i s­	C«n L«n Thiªn S­  	Minh Gi¸o ch­a b¸i s­	Minh Gi¸o Th¸nh ChiÕn  	Minh Gi¸o TrËn Binh  	Minh Gi¸o HuyÕt Nh©n  	Thóy Yªn ch­a b¸i s­	Thóy Yªn Vò Tiªn  	Thóy Yªn Linh N÷  
Total: 0


Ph©n bè nh©n vËt 1 th¸ng trë lªn kh«ng ®¨ng nhËp trß ch¬i.
	V« m«n ph¸i  	ThiÕu L©m ch­a b¸i s­	ThiÕu L©m tôc gia  	ThiÕu L©m thiÒn t¨ng  	ThiÕu L©m vâ t¨ng  	§­êng M«n ch­a b¸i s­	§­êng M«n phæ th«ng  	Nga My ch­a b¸i s­	Nga My xuÊt gia  	Nga My tôc gia  	C¸i Bang ch­a b¸i s­	C¸i Bang TÜnh y  	C¸i Bang ¤ Y  	Vâ §ang ch­a b¸i s­	Vâ §ang ®¹o gia  	Vâ §ang tôc gia  	D­¬ng M«n ch­a b¸i s­	D­¬ng M«n th­¬ng Kþ  	D­¬ng M«n Cung Kþ  	Ngò §éc      	HiÖp §éc  	Tµ §éc  	C«n L«n ch­a b¸i s­	C«n L«n Thiªn S­  	Minh Gi¸o ch­a b¸i s­	Minh Gi¸o Th¸nh ChiÕn  	Minh Gi¸o TrËn Binh  	Minh Gi¸o HuyÕt Nh©n  	Thóy Yªn ch­a b¸i s­	Thóy Yªn Vò Tiªn  	Thóy Yªn Linh N÷  
 1	[5]	[0]	[0]	[0]	[0]	[0]	[0]	[0]	[0]	[0]	[0]	[0]	[0]	[0]	[0]	[0]	[0]	[0]	[0]	[0]	[0]	[0]	[0]	[0]	[0]	[0]	[0]	[0]	[0]	[0]	[0]
99	[0]	[0]	[2]	[2]	[62]	[0]	[5]	[0]	[17]	[6]	[0]	[2]	[0]	[0]	[5]	[2]	[0]	[3]	[10]	[0]	[3]	[5]	[0]	[0]	[0]	[0]	[0]	[0]	[0]	[0]	[0]
Total: 129




==============
Faction level and money statdata (top 10)=====
ThiÕu L©m-Thø h¹ng phó hé 10
1	NhÞLangThÇn	99000000
2	CristianoRonald	85467319
3	xxxxxcxcc	82469082
4	ZxPhaiHaixZ	65703845
5	TLQTAMMAO	65332013
6	Jx2KingKill	65109472
7	Shadow	63635927
8	xxLýThõaNg©nxx	60653233
9	STStar83HD	54680000
10	iF67zNhÝÝ§zaiOMG	50000000
-------------------------------------------------
Vâ §ang-Thø h¹ng phó hé 10
1	Nh­MétThãiQuen	44720000
2	zZBladeZz	41628169
3	laaoalsdjncgh	40998500
4	s2oByeLak2	40640000
5	s2oByeLak1	40640000
6	k21111	40610000
7	k11112	40600000
8	s2oPoomLak	40240000
9	longvipvl	40215500
10	Yamimimim	38435500
-------------------------------------------------
Nga My-Thø h¹ng phó hé 10
1	Th¾mEm	86732078
2	iCzKhoaixNMK	78240030
3	TieuNu	50000000
4	ngamikiem	50000000
5	XZMyNUPhatGiaoX	50000000
6	VîZiDane	50000000
7	Ph¸Game	50000000
8	iTiÓuNha	49998500
9	NMKBµnCh©nPhËt	49900000
10	nmkS2sogame	49399124
-------------------------------------------------
C¸i Bang-Thø h¹ng phó hé 10
1	brorith2	50000000
2	brorith1	41000000
3	KiªuPhong	41000000
4	TYLN123456	40998500
5	ZzAShuRazZ	40997000
6	Jx2Cbb	40760000
7	MarioBaloteli	40740000
8	k211112	40650000
9	s2oBoomLak2	40640000
10	s2oPoomLak1	40640000
-------------------------------------------------
§­êng M«n-Thø h¹ng phó hé 10
1	YYVTlaem	97874446
2	WhiteLotus	50262980
3	SãcCon	43107100
4	Jx2NgonTh×BonVµo	41000000
5	iYiiii	41000000
6	oLinhBono01o	40992100
7	oCristianoRonald	40660000
8	zCristianoRonald	40660000
9	k21113	40610000
10	Sakura	40120000
-------------------------------------------------
Thiªn Ba Phñ-Thø h¹ng phó hé 10
1	BeTapBanCung	92812007
2	IxForrre	50000000
3	ThanhNienNgao	41500058
4	hndcgvhg	41000000
5	Toljver	41000000
6	1stEndGame	40998500
7	zDungDuzz	40998500
8	izM¹c§¹iTiªnSinh	40900000
9	LuisSuarez	40660000
10	ThiagoMessi	40655500
-------------------------------------------------
Ngò §éc Gi¸o-Thø h¹ng phó hé 10
1	YamiiYami	57931800
2	iPxKh¸nhTr¾ng	50000000
3	zTriÖuMÉnz	50000000
4	GirlsLikeYouft	49885500
5	iDurexCosu	48946003
6	LadyGagalµc®xlxD	44549700
7	NeymarJr	41517000
8	TiÓuYTiªn	41162001
9	N÷TÆcMiªuC­¬ng	41000000
10	Ph­îngLanH­¬ng	41000000
-------------------------------------------------
C«n L«n Ph¸i-Thø h¹ng phó hé 10
1		0
2		0
3		0
4		0
5		0
6		0
7		0
8		0
9		0
10		0
-------------------------------------------------
Minh gi¸o-Thø h¹ng phó hé 10
1		0
2		0
3		0
4		0
5		0
6		0
7		0
8		0
9		0
10		0
-------------------------------------------------
Thóy Yªn M«n-Thø h¹ng phó hé 10
1	CócTÞnhY	60621750
2	ThuyYenVT	45935200
3	TómD¸iT¸tTíiTÊp	30060000
4	HåTiªnNhi	26940950
5	Móa§iEm	12289550
6	EmThóy	950
7		0
8		0
9		0
10		0
-------------------------------------------------
ThiÕu L©m-Thø h¹ng ®¼ng cÊp 10
1:	§¹iKaXãmLiÒu	14	99
2:	xxxxxcxcc	14	99
3:	iiBµnCh©nPhËt	14	99
4:	ZzSunLightzZ	14	99
5:	ZzSiDaZz	14	99
6:	Jx2Kaiz	14	99
7:	zzzTLQ	14	99
8:	iTopL©m	14	99
9:	Zombie6Mui	14	99
10:	IsToXic	14	99
-------------------------------------------------
Vâ §ang-Thø h¹ng ®¼ng cÊp 10
1:	Jx2KiemSet	7	99
2:	Nh­MétThãiQuen	7	99
3:	xxxTD4Wxxx	7	99
4:	fgjgjfh	7	99
5:	ZxKiemTOnXz	7	99
6:	Yamimimim	7	99
7:	zZBladeZz	7	99
8:	iSeeMore	7	99
9:	ztyvt1102123123a	7	99
10:	zVDK1102	7	99
-------------------------------------------------
Nga My-Thø h¹ng ®¼ng cÊp 10
1:	VîZiDane	14	99
2:	XZMyNUPhatGiaoX	14	99
3:	T©mLiªn	14	99
4:	TuyÕtNhi	14	99
5:	§iªuThuyÒn	14	99
6:	ZzXXXzZ	14	99
7:	xxCöuC«ngChóaxx	14	99
8:	zFerarriF12	14	99
9:	ZxNgocUyenxZ	14	99
10:	VFSFMDF	14	99
-------------------------------------------------
C¸i Bang-Thø h¹ng ®¼ng cÊp 10
1:	Trém§µo	7	99
2:	KÐoLiªnTäi	7	99
3:	iHNxAniversary	7	99
4:	iHNxiFalling	7	99
5:	Nhaymuatungtang	7	99
6:	MateoMessi	7	99
7:	Seosona	7	99
8:	iiAnh3	7	99
9:	t0ulivEr	7	99
10:	V«dông	7	99
-------------------------------------------------
§­êng M«n-Thø h¹ng ®¼ng cÊp 10
1:	YYVTlaem	7	99
2:	WhiteLotus	7	99
3:	oLinhBono01o	7	99
4:	JX2Text	7	99
5:	Sakura	7	99
6:	xXxTNxDMCxByTNx	7	99
7:	CrushOnYou	7	99
8:	iYiiii	7	99
9:	S2oM©pJx	7	99
10:	SãcCon	7	99
-------------------------------------------------
Thiªn Ba Phñ-Thø h¹ng ®¼ng cÊp 10
1:	Jx2zizJaywangVNV	7	99
2:	BeTapBanCung	7	99
3:	ZzMaBuVuTo	7	99
4:	Jx2EmbangTia	7	99
5:	Jx2IuBeChao	7	99
6:	iCzSaoGucci	7	99
7:	iHNxMaCungMC	7	99
8:	iHpxMaCungNo1	7	99
9:	TYVTtrain	7	99
10:	ThanhNienNgao	7	99
-------------------------------------------------
Ngò §éc Gi¸o-Thø h¹ng ®¼ng cÊp 10
1:	HaiPhongz	7	99
2:	iTiÕuNg¹o	7	99
3:	iCzKhoaixTYVT	7	99
4:	iCzKhoaix98	7	99
5:	iHNxAMaCong	7	99
6:	H¹t§Ëu	7	99
7:	Trµ§µo	7	99
8:	sadadas	7	99
9:	Yamiiiii	7	99
10:	dsfgdfgs	7	99
-------------------------------------------------
C«n L«n Ph¸i-Thø h¹ng ®¼ng cÊp 10
1:		0	0
2:		0	0
3:		0	0
4:		0	0
5:		0	0
6:		0	0
7:		0	0
8:		0	0
9:		0	0
10:		0	0
-------------------------------------------------
Minh gi¸o-Thø h¹ng ®¼ng cÊp 10
1:		0	0
2:		0	0
3:		0	0
4:		0	0
5:		0	0
6:		0	0
7:		0	0
8:		0	0
9:		0	0
10:		0	0
-------------------------------------------------
Thóy Yªn M«n-Thø h¹ng ®¼ng cÊp 10
1:	HåTiªnNhi	7	99
2:	Kh«ng¡n	7	99
3:	ThuyYenVT	7	99
4:	Móa§iEm	7	99
5:	CócTÞnhY	7	99
6:	TómD¸iT¸tTíiTÊp	7	99
7:	EmThóy	7	99
8:		0	0
9:		0	0
10:		0	0
-------------------------------------------------


==============
Faction level and money stat data end=====
