20200206-010615	INFO	[vËt phÈm lªn tay ng­êi ch¬i] [Tµi kho¶n : an] [Nh©n vËt: ioNaruto][Tªn vËt phÈm:Sinh Sinh Hãa T¸n]
20200206-010615	INFO	[vËt phÈm lªn tay ng­êi ch¬i] [Tµi kho¶n : an] [Nh©n vËt: ioNaruto][Tªn vËt phÈm:Ngäc Cao t¸n]
20200206-010615	INFO	[vËt phÈm lªn tay ng­êi ch¬i] [Tµi kho¶n : an] [Nh©n vËt: ioNaruto][Tªn vËt phÈm:V¹n VËt Quy Nguyªn ®]
20200206-010642	INFO	[vËt phÈm lªn tay ng­êi ch¬i] [Tµi kho¶n : an] [Nh©n vËt: ioNaruto][Tªn vËt phÈm:GM Item]
20200206-010654	INFO	[vËt phÈm lªn tay ng­êi ch¬i] [Tµi kho¶n : an] [Nh©n vËt: ioNaruto][Tªn vËt phÈm:Tèng_Thanh Long Nguy]
20200206-010654	INFO	[vËt phÈm lªn tay ng­êi ch¬i] [Tµi kho¶n : an] [Nh©n vËt: ioNaruto][Tªn vËt phÈm:Tèng_Thanh Long Nguy]
20200206-010654	INFO	[vËt phÈm lªn tay ng­êi ch¬i] [Tµi kho¶n : an] [Nh©n vËt: ioNaruto][Tªn vËt phÈm:Tèng_Thanh Long Nguy]
20200206-010654	INFO	[vËt phÈm lªn tay ng­êi ch¬i] [Tµi kho¶n : an] [Nh©n vËt: ioNaruto][Tªn vËt phÈm:Tèng_Thanh Long Nguy]
20200206-010654	INFO	[vËt phÈm lªn tay ng­êi ch¬i] [Tµi kho¶n : an] [Nh©n vËt: ioNaruto][Tªn vËt phÈm:Tèng_Thanh Long Nguy]
20200206-010654	INFO	[vËt phÈm lªn tay ng­êi ch¬i] [Tµi kho¶n : an] [Nh©n vËt: ioNaruto][Tªn vËt phÈm:Tèng_Thanh Long Nguy]
20200206-010654	INFO	[vËt phÈm lªn tay ng­êi ch¬i] [Tµi kho¶n : an] [Nh©n vËt: ioNaruto][Tªn vËt phÈm:Liªu_Thanh Long T­ín]
20200206-010654	INFO	[vËt phÈm lªn tay ng­êi ch¬i] [Tµi kho¶n : an] [Nh©n vËt: ioNaruto][Tªn vËt phÈm:Tèng_Thanh Long Nguy]
20200206-010721	INFO	[vËt phÈm lªn tay ng­êi ch¬i] [Tµi kho¶n : an] [Nh©n vËt: ioNaruto][Tªn vËt phÈm:Sinh Sinh Hãa T¸n]
20200206-010721	INFO	[vËt phÈm lªn tay ng­êi ch¬i] [Tµi kho¶n : an] [Nh©n vËt: ioNaruto][Tªn vËt phÈm:Ngäc Cao t¸n]
20200206-010721	INFO	[vËt phÈm lªn tay ng­êi ch¬i] [Tµi kho¶n : an] [Nh©n vËt: ioNaruto][Tªn vËt phÈm:V¹n VËt Quy Nguyªn ®]
20200206-010733	INFO	[vËt phÈm lªn tay ng­êi ch¬i] [Tµi kho¶n : an] [Nh©n vËt: ioNaruto][Tªn vËt phÈm:DiÖp Th­îng Thu Phon]
20200206-010733	INFO	[vËt phÈm lªn tay ng­êi ch¬i] [Tµi kho¶n : an] [Nh©n vËt: ioNaruto][Tªn vËt phÈm:DiÖp Th­îng Thu Phon]
20200206-010733	INFO	[vËt phÈm lªn tay ng­êi ch¬i] [Tµi kho¶n : an] [Nh©n vËt: ioNaruto][Tªn vËt phÈm:DiÖp Th­îng Thu Phon]
20200206-010733	INFO	[vËt phÈm lªn tay ng­êi ch¬i] [Tµi kho¶n : an] [Nh©n vËt: ioNaruto][Tªn vËt phÈm:DiÖp Th­îng Thu Phon]
20200206-010733	INFO	[vËt phÈm lªn tay ng­êi ch¬i] [Tµi kho¶n : an] [Nh©n vËt: ioNaruto][Tªn vËt phÈm:DiÖp Th­îng Thu Phon]
20200206-010733	INFO	[vËt phÈm lªn tay ng­êi ch¬i] [Tµi kho¶n : an] [Nh©n vËt: ioNaruto][Tªn vËt phÈm:DiÖp Th­îng Thu Phon]
20200206-011309	INFO	[vËt phÈm lªn tay ng­êi ch¬i] [Tµi kho¶n : an] [Nh©n vËt: ioNaruto][Tªn vËt phÈm:Kinh M¹ch §ång Nh©n]
20200206-011315	INFO	[vËt phÈm lªn tay ng­êi ch¬i] [Tµi kho¶n : an] [Nh©n vËt: ioNaruto][Tªn vËt phÈm:Kinh M¹ch Ng©n Nh©n]
20200206-011323	INFO	[vËt phÈm lªn tay ng­êi ch¬i] [Tµi kho¶n : an] [Nh©n vËt: ioNaruto][Tªn vËt phÈm:Kinh M¹ch Ng©n Nh©n]
20200206-011331	INFO	[vËt phÈm lªn tay ng­êi ch¬i] [Tµi kho¶n : an] [Nh©n vËt: ioNaruto][Tªn vËt phÈm:Kinh M¹ch Kim Nh©n]
20200206-012038	INFO	[vËt phÈm lªn tay ng­êi ch¬i] [Tµi kho¶n : an] [Nh©n vËt: ioNaruto][Tªn vËt phÈm:ThÊt B¶o ChiÕu quyÕt]
20200206-012038	INFO	[vËt phÈm lªn tay ng­êi ch¬i] [Tµi kho¶n : an] [Nh©n vËt: ioNaruto][Tªn vËt phÈm:La H¸n QuyÒn quyÕt]
20200206-012038	INFO	[vËt phÈm lªn tay ng­êi ch¬i] [Tµi kho¶n : an] [Nh©n vËt: ioNaruto][Tªn vËt phÈm:Ca DiÖp Thèi quyÕt]
20200206-012038	INFO	[vËt phÈm lªn tay ng­êi ch¬i] [Tµi kho¶n : an] [Nh©n vËt: ioNaruto][Tªn vËt phÈm:HuÖ Nh·n quyÕt]
20200206-012038	INFO	[vËt phÈm lªn tay ng­êi ch¬i] [Tµi kho¶n : an] [Nh©n vËt: ioNaruto][Tªn vËt phÈm:Vi §µ quyÕt]
20200206-012038	INFO	[vËt phÈm lªn tay ng­êi ch¬i] [Tµi kho¶n : an] [Nh©n vËt: ioNaruto][Tªn vËt phÈm:V¨n V©n quyÕt]
20200206-012038	INFO	[vËt phÈm lªn tay ng­êi ch¬i] [Tµi kho¶n : an] [Nh©n vËt: ioNaruto][Tªn vËt phÈm:La H¸n TrËn quyÕt]
20200206-012038	INFO	[vËt phÈm lªn tay ng­êi ch¬i] [Tµi kho¶n : an] [Nh©n vËt: ioNaruto][Tªn vËt phÈm:§¹i Tu Di Ch­ëng]
20200206-012038	INFO	[vËt phÈm lªn tay ng­êi ch¬i] [Tµi kho¶n : an] [Nh©n vËt: ioNaruto][Tªn vËt phÈm:V« ¶nh quyÕt]
20200206-012038	INFO	[vËt phÈm lªn tay ng­êi ch¬i] [Tµi kho¶n : an] [Nh©n vËt: ioNaruto][Tªn vËt phÈm:Long Tr¶o Thñ quyÕt]
20200206-012414	INFO	[vËt phÈm lªn tay ng­êi ch¬i] [Tµi kho¶n : an] [Nh©n vËt: ioNaruto][Tªn vËt phÈm:ThŞt Nguéi]
20200206-012440	INFO	[vËt phÈm lªn tay ng­êi ch¬i] [Tµi kho¶n : an] [Nh©n vËt: ioNaruto][Tªn vËt phÈm:Hu©n ch­¬ng anh hïng]
20200206-012440	INFO	[vËt phÈm lªn tay ng­êi ch¬i] [Tµi kho¶n : an] [Nh©n vËt: ioNaruto][Tªn vËt phÈm:Méc R­¬ng]
