2019.09.22 19:27:56
§ang log ng­êi ch¬i cã ng©n l­îng trªn 1000 v¹n
[money]	lamhoang12542	051154aa	ThiÕu L©m vâ t¨ng  	7	99	3265000018	85126516
[money]	queonhoc1	321321sada	Nga My tôc gia  	7	99	0	40998500
[money]	juffx159	5Déc§aT×nh	HiÖp §éc  	7	99	0	41000100
[money]	cbbeo1	Aloalo123	ThiÕu L©m vâ t¨ng  	7	99	20000024	31958500
[money]	emtaboi1	AnhKhoa	ThiÕu L©m vâ t¨ng  	7	99	0	38911500
[money]	pkcuimia1	ATanDaiHiep	ThiÕu L©m vâ t¨ng  	0	99	0	41000000
[money]	phuoc1233vn	bègiµFK®ÓF9	ThiÕu L©m vâ t¨ng  	7	99	0	33000000
[money]	phuoc1255vn2019	BèG×aPK§Ò3F9	ThiÕu L©m vâ t¨ng  	7	99	0	32997500
[money]	phuoc1233vn	BèG×a§åS¸t	ThiÕu L©m vâ t¨ng  	7	99	0	17000000
[money]	longksl199	BeTapBanCung	D­¬ng M«n Cung Kþ  	7	99	20000029	41000000
[money]	cuoctinh100	BimBim	ThiÕu L©m vâ t¨ng  	7	99	155000000	44199500
[money]	anhcloudnine1	BlackLA	ThiÕu L©m vâ t¨ng  	7	99	0	41000000
[money]	cnghia11	BôngBùBóBãng	ThiÕu L©m vâ t¨ng  	0	99	21321056	32940000
[money]	supertmt1988	BoTreCon	§­êng M«n phæ th«ng  	7	99	6	19142500
[money]	welinegen1996	BouchraVanPersie	Nga My xuÊt gia  	0	99	20000000	41000000
[money]	phuoc1233vn	BåG×a§åS¸t	ThiÕu L©m vâ t¨ng  	7	99	0	17000000
[money]	admin123	caubevang99x	ThiÕu L©m vâ t¨ng  	7	99	0	40998500
[money]	hoilamgi1	caveBUFF	Nga My xuÊt gia  	0	99	0	28000762
[money]	antonioz	CËuBÐBuån	ThiÕu L©m vâ t¨ng  	7	99	0	40996000
[money]	cailolgithe	CËuBÐB¸nDam	ThiÕu L©m vâ t¨ng  	7	99	21	40998500
[money]	neumaythich2222	ChanShin	Nga My xuÊt gia  	7	99	10	45520116
[money]	asdasd123	Chichchit	Nga My xuÊt gia  	7	99	0	21500000
[money]	honivn1996	ChienThanHoang	Vâ §ang tôc gia  	7	99	0	34955500
[money]	trungninh1508	ConGaCon	ThiÕu L©m vâ t¨ng  	7	99	0	41000000
[money]	quyen95	CristianoRonaldo	ThiÕu L©m vâ t¨ng  	7	99	51	29998500
[money]	quyen9995	CristinaFerreir	Tµ §éc  	7	99	0	16998500
[money]	haducanh111tq	CöuV©nLong	ThiÕu L©m vâ t¨ng  	7	99	0	29420002
[money]	antoniox	C«BÐBuån	Nga My xuÊt gia  	7	99	0	28678500
[money]	gavangdeptrai	DamVinhBiet	D­¬ng M«n th­¬ng Kþ  	7	99	0	27982080
[money]	laotonxz	DÐpT«ngLµo	ThiÕu L©m vâ t¨ng  	7	99	0	21498500
[money]	kutit17t	DeathLotuss	D­¬ng M«n Cung Kþ  	7	99	880567	23812916
[money]	dimeemcr	DjCayz	D­¬ng M«n Cung Kþ  	0	99	20000000	40850000
[money]	lqthanhbl	DocCoCauBai	HiÖp §éc  	7	99	27	40920000
[money]	quyen995	GeorginaRodrigue	Nga My xuÊt gia  	7	99	0	16480000
[money]	luanvan05	GODzZlUaNICV	ThiÕu L©m vâ t¨ng  	0	99	0	41000000
[money]	juffx159	HD®at×nh	HiÖp §éc  	7	99	864311	31800100
[money]	bapcaile	helloae	ThiÕu L©m vâ t¨ng  	7	99	828149	28286500
[money]	thai609	HieuPhuong	Nga My tôc gia  	7	99	0	36998500
[money]	maidung	HoaiNiem1Thoi	ThiÕu L©m vâ t¨ng  	7	99	0	45157500
[money]	quyen99995	HugoAveiro	ThiÕu L©m vâ t¨ng  	7	99	28	30477000
[money]	tungthuc1980	i67iAGiTomKk	ThiÕu L©m vâ t¨ng  	7	99	0	41000000
[money]	phucthinh1	i71xThÞnh§«La	ThiÕu L©m vâ t¨ng  	7	99	0	40950000
[money]	dancobra	IBMKingDomMe	ThiÕu L©m vâ t¨ng  	7	99	0	14320000
[money]	0963994773	iBµnCh©nBÈn	ThiÕu L©m vâ t¨ng  	7	99	0	41000000
[money]	kingofwar	iDLxTraSua	ThiÕu L©m vâ t¨ng  	7	99	17	17080000
[money]	kingofwar1	iDlxTuongVi	Nga My xuÊt gia  	7	99	25	40520000
[money]	vuhongminh1991	iHNxTháNgèc	Tµ §éc  	7	99	0	16995500
[money]	boboy06	iHTxBXTeo	Nga My xuÊt gia  	7	99	0	17000000
[money]	boboy05	iHTxTeo	ThiÕu L©m vâ t¨ng  	7	99	0	50000000
[money]	minh123q1	iiHoaiThien	ThiÕu L©m vâ t¨ng  	7	99	0	50000000
[money]	bphuong102	IiL·oH¹cIiz	ThiÕu L©m vâ t¨ng  	7	99	23	16998500
[money]	khanhnam000	iIxBólzDånxDame	ThiÕu L©m vâ t¨ng  	7	99	11	38187500
[money]	cuoctinh1000vn	iOizMrDartMaNo1	ThiÕu L©m vâ t¨ng  	7	99	0	32797000
[money]	nguyen2019	ioNguyenConHeo	ThiÕu L©m vâ t¨ng  	7	99	20000000	50000000
[money]	diennnbtzz	iphone	D­¬ng M«n Cung Kþ  	7	99	48	38018508
[money]	proilo135	iSiNiChiZz	ThiÕu L©m vâ t¨ng  	7	99	155000000	30997000
[money]	kephieubac85	IS§écC«CÇuB¹ii	ThiÕu L©m vâ t¨ng  	7	99	20000000	31680000
[money]	meliodas98	iTHzMeoCaCa	ThiÕu L©m vâ t¨ng  	7	99	155000038	27991000
[money]	vancuong11	iVanCuong	ThiÕu L©m vâ t¨ng  	7	99	0	15749000
[money]	hai123	Javporn	ThiÕu L©m vâ t¨ng  	7	99	55	38332120
[money]	daipilldz	Jx2Anna	Nga My xuÊt gia  	7	99	0	37960000
[money]	nhuthikhong999	Jx2BeoBeo	ThiÕu L©m vâ t¨ng  	7	99	0	31078500
[money]	fptsoftware	Jx2CæThiªnL¹c	ThiÕu L©m vâ t¨ng  	7	99	0	35398500
[money]	kr1997	jx2lloga	Vâ §ang ®¹o gia  	7	99	21	40947000
[money]	lamnhiemvu0	Jx2Nhinhi	D­¬ng M«n Cung Kþ  	7	99	0	26960006
[money]	phuquy15235	Jx2Pill	ThiÕu L©m vâ t¨ng  	7	99	20000000	39990000
[money]	qminhgiao01	Jx2Quay	ThiÕu L©m vâ t¨ng  	7	99	0	40217000
[money]	thaiduy1	Jx2TLQiBr	ThiÕu L©m vâ t¨ng  	7	99	0	13080000
[money]	jx2vani	Jx2Vani	ThiÕu L©m vâ t¨ng  	7	99	0	15874000
[money]	kalima	KaLiMa	§­êng M«n phæ th«ng  	7	99	0	11324000
[money]	nambui3994	KenShin	§­êng M«n phæ th«ng  	7	99	20	40677000
[money]	khanhcuden2202	KhanhCuDen	ThiÕu L©m vâ t¨ng  	7	99	0	37215000
[money]	43017lam1	KiÕm§ÑpG¸i	Nga My xuÊt gia  	7	99	20000000	40995500
[money]	thanhtinh1	KiriTo	ThiÕu L©m thiÒn t¨ng  	7	99	0	41000496
[money]	zazbzc01	KongZheng	ThiÕu L©m vâ t¨ng  	7	99	20000023	49000000
[money]	nnl280201	LeThanh	D­¬ng M«n th­¬ng Kþ  	7	99	20	11205637
[money]	honghai1	Lijkey	ThiÕu L©m vâ t¨ng  	7	99	0	17536500
[money]	dinhlaquyen1995	LilianaCatiaAvei	C¸i Bang TÜnh y  	0	99	0	39940000
[money]	0976382117	LiÕmKhÊc	ThiÕu L©m thiÒn t¨ng  	7	99	20000006	39850023
[money]	vancuong22	LyCoMuong	Nga My xuÊt gia  	7	99	0	15560000
[money]	czluzdz1995	LªnBèGiÕt2	ThiÕu L©m vâ t¨ng  	7	99	0	40997000
[money]	quandtu	MANHHO	ThiÕu L©m vâ t¨ng  	7	99	0	39804000
[money]	supertmt1989	MaTreCon	Nga My xuÊt gia  	7	99	0	13022000
[money]	quandtu	NgaMyCave	Nga My xuÊt gia  	7	99	909936	34897093
[money]	nghiahiengia	NghiaHienGia	C¸i Bang TÜnh y  	7	99	758323	39816000
[money]	thuychi1	Ng­êiNæiTiÕng	ThiÕu L©m vâ t¨ng  	7	99	0	25997000
[money]	thanhlxag1206	NhokThanh	D­¬ng M«n th­¬ng Kþ  	7	99	20000000	36018000
[money]	duykaka2019	NhÞLangThÇn	ThiÕu L©m vâ t¨ng  	7	99	0	35640000
[money]	sakaya	NMKNoHoop	Nga My xuÊt gia  	0	99	0	29824500
[money]	sakaya1999	NoHoop	ThiÕu L©m vâ t¨ng  	7	99	0	26530000
[money]	vodangvc2013	o0oS2NhËmDoanhS2	Nga My xuÊt gia  	7	99	0	16998500
[money]	vodangvc2012	o0oS2XÝchL©nS2	HiÖp §éc  	7	99	20000100	15312500
[money]	qwe00zz	oB52oBinn§z	ThiÕu L©m vâ t¨ng  	7	99	0	11998500
[money]	linhminh0610	oS2oZzzNMK	Nga My xuÊt gia  	7	99	0	41000000
[money]	onthanhmy0	PeDeCaMau	ThiÕu L©m vâ t¨ng  	7	99	0	31000001
[money]	asdasd123vn	Pinpon	ThiÕu L©m vâ t¨ng  	7	10	32	13730000
[money]	hungnghia97	QNKzAiNghia	ThiÕu L©m vâ t¨ng  	7	99	0	22660000
[money]	an123456	qqqqqqqqqqqqq	ThiÕu L©m vâ t¨ng  	0	99	0	40998500
[money]	anhtrong	Rít¸oCµSa	ThiÕu L©m thiÒn t¨ng  	7	99	20000022	42376500
[money]	welinegen196	RobinVanPersie	ThiÕu L©m vâ t¨ng  	7	99	0	41000000
[money]	gicung96	S2iHaKyAnh	ThiÕu L©m vâ t¨ng  	0	99	0	38520000
[money]	dinhlaquyen195	s2oALL	ThiÕu L©m vâ t¨ng  	0	99	0	40480000
[money]	amxvippr01	SatThien	ThiÕu L©m vâ t¨ng  	7	99	0	41000000
[money]	long11a12dgl	ShenLong	ThiÕu L©m vâ t¨ng  	7	99	0	27266001
[money]	neumaythich1111	ShinChan	ThiÕu L©m vâ t¨ng  	7	99	0	39941643
[money]	thuychi	S­ThÇyXdame	ThiÕu L©m thiÒn t¨ng  	7	99	0	13085500
[money]	emtaboi2	Taykiemxa	ThiÕu L©m vâ t¨ng  	0	99	0	39477000
[money]	thuhuyenofme2	TBiiNMK	Nga My xuÊt gia  	7	99	3061	40996450
[money]	thuhuyenofme	TBiiTLQ	ThiÕu L©m vâ t¨ng  	7	99	2955	39902400
[money]	thuhuyenofme	TBzzTLQ	ThiÕu L©m vâ t¨ng  	7	99	2960	41000950
[money]	quocbao248	TêNóThÝch§¹iTu	ThiÕu L©m vâ t¨ng  	7	99	0	40442000
[money]	kinhcodon	ThiªnM«n	§­êng M«n phæ th«ng  	7	99	0	50000000
[money]	nguyenjina3	Thø7D¹oPhèNhÐEm	ThiÕu L©m vâ t¨ng  	7	99	155000006	31920700
[money]	0358204178	TiÓuYTiªn	Tµ §éc  	7	99	16	42995000
[money]	nhoxbunno40	TLQZZI	ThiÕu L©m vâ t¨ng  	7	99	0	33858500
[money]	thaivu2019tlq	TrÇnDÇnIsMyLife	ThiÕu L©m vâ t¨ng  	0	99	0	41354000
[money]	kuphoc1996	TruongVoKy	ThiÕu L©m vâ t¨ng  	7	99	127	36000000
[money]	thienhavbt	TungT¨ng§¸Dog	ThiÕu L©m vâ t¨ng  	7	99	19	21788500
[money]	tieuthien	V©nTiÕuThiªn	ThiÕu L©m vâ t¨ng  	7	99	23	50000000
[money]	welinegen1	WayneRooney	ThiÕu L©m vâ t¨ng  	7	99	20000019	31000000
[money]	welinegen19996	WesleySneijder	Tµ §éc  	7	99	20000000	41000000
[money]	anhnhy123dr	wewewewew	ThiÕu L©m vâ t¨ng  	7	99	0	37080000
[money]	jx2viettlq	xSGxTLQx	ThiÕu L©m vâ t¨ng  	7	99	0	33600000
[money]	nvb137996	xXBuuM	ThiÕu L©m thiÒn t¨ng  	7	99	0	41000000
[money]	s2votinh	YªuB¶nTh©n	C¸i Bang TÜnh y  	7	99	0	41000000
[money]	cnghia1	zBótHihi	Nga My xuÊt gia  	0	99	84127112	37940000
[money]	mjkjmjkj1	ZthanThuZz	Nga My xuÊt gia  	7	10	0	33230000
[money]	cnghia12	zz12zz	ThiÕu L©m vâ t¨ng  	0	99	20700128	37940000
[money]	cnghia13	zz13zz	ThiÕu L©m vâ t¨ng  	0	99	20647856	37940000
[money]	cnghia14	zz14zz	ThiÕu L©m vâ t¨ng  	0	99	20647856	37940000
[money]	cnghia15	zz15zz	ThiÕu L©m vâ t¨ng  	0	99	20761112	37939000
[money]	cnghia16	zz16zz	ThiÕu L©m vâ t¨ng  	0	99	20837144	37940000
[money]	cnghia17	zz17zz	ThiÕu L©m vâ t¨ng  	0	99	20891000	37940000
[money]	cnghia18	zz18zz	ThiÕu L©m vâ t¨ng  	0	99	20780120	37940000
[money]	cnghia2	zz2zzz	ThiÕu L©m vâ t¨ng  	0	99	84140576	37940000
[money]	cnghia3	zz3zzz	ThiÕu L©m vâ t¨ng  	0	99	84146912	37940000
[money]	cnghia4	zz4zzz	ThiÕu L©m vâ t¨ng  	0	99	84284720	37940000
[money]	cnghia5	zz5zzz	ThiÕu L©m vâ t¨ng  	0	99	84283136	37940000
[money]	cnghia6	zz6zzz	ThiÕu L©m vâ t¨ng  	0	99	53575088	37940000
[money]	cnghia7	zz7zzz	ThiÕu L©m vâ t¨ng  	0	99	53587760	37940000
[money]	cnghia	zzBufterFlyzz	ThiÕu L©m vâ t¨ng  	0	99	84146120	37940000
[money]	mjanljen	ZZxDevilPhong	ThiÕu L©m vâ t¨ng  	7	99	0	33198500
[money]	mjanljen1	ZZxKiÒuOanh	Nga My xuÊt gia  	7	99	0	40998500
[money]	trungninh1508	zzzTLQ	ThiÕu L©m vâ t¨ng  	7	99	0	41000000
[money]	minhlinh0610	ZzzTLToS2o	ThiÕu L©m thiÒn t¨ng  	7	99	50000486	32361018
[money]	hiennhi0610	ZZZZ5d	HiÖp §éc  	7	99	0	41000000
XuÊt d÷ liÖu hoµn tÊt

===========================================================
Thèng kª d÷ liÖu
Tæng sè ng­êi:245	FreezedPlayerCount: 0
V« m«n ph¸i  Sè ng­êi:	8
ThiÕu L©m ch­a b¸i s­Sè ng­êi:	0
ThiÕu L©m tôc gia  Sè ng­êi:	1
ThiÕu L©m thiÒn t¨ng  Sè ng­êi:	8
ThiÕu L©m vâ t¨ng  Sè ng­êi:	138
§­êng M«n ch­a b¸i s­Sè ng­êi:	0
§­êng M«n phæ th«ng  Sè ng­êi:	7
Nga My ch­a b¸i s­Sè ng­êi:	0
Nga My xuÊt gia  Sè ng­êi:	43
Nga My tôc gia  Sè ng­êi:	4
C¸i Bang ch­a b¸i s­Sè ng­êi:	0
C¸i Bang TÜnh y  Sè ng­êi:	3
C¸i Bang ¤ Y  Sè ng­êi:	1
Vâ §ang ch­a b¸i s­Sè ng­êi:	0
Vâ §ang ®¹o gia  Sè ng­êi:	2
Vâ §ang tôc gia  Sè ng­êi:	2
D­¬ng M«n ch­a b¸i s­Sè ng­êi:	0
D­¬ng M«n th­¬ng Kþ  Sè ng­êi:	6
D­¬ng M«n Cung Kþ  Sè ng­êi:	10
Ngò §éc      Sè ng­êi:	0
HiÖp §éc  Sè ng­êi:	6
Tµ §éc  Sè ng­êi:	6
C«n L«n ch­a b¸i s­Sè ng­êi:	0
C«n L«n Thiªn S­  Sè ng­êi:	0
Minh Gi¸o ch­a b¸i s­Sè ng­êi:	0
Minh Gi¸o Th¸nh ChiÕn  Sè ng­êi:	0
Minh Gi¸o TrËn Binh  Sè ng­êi:	0
Minh Gi¸o HuyÕt Nh©n  Sè ng­êi:	0
Thóy Yªn ch­a b¸i s­Sè ng­êi:	0
Thóy Yªn Vò Tiªn  Sè ng­êi:	0
Thóy Yªn Linh N÷  Sè ng­êi:	0
------------------------------------------------
Tæng sè tiÒn:5148713754 Tæng sè tiÓu ng©n phiÕu cò: 0 Tæng sè ®¹i ng©n phiÕu cò0 Tæng sè Ng©n phiÕu nhá míi:0 Tæng sè Ng©n phiÕu lín míi:0 Tæng sè Ng©n phiÕu nhá dÞ th­êng:0 Tæng sè Ng©n phiÕu lín dÞ th­êng:0
V« m«n ph¸i  Sè tiÒn:	0
ThiÕu L©m ch­a b¸i s­Sè tiÒn:	0
ThiÕu L©m tôc gia  Sè tiÒn:	1000000
ThiÕu L©m thiÒn t¨ng  Sè tiÒn:	211673537
ThiÕu L©m vâ t¨ng  Sè tiÒn:	3296106602
§­êng M«n ch­a b¸i s­Sè tiÒn:	0
§­êng M«n phæ th«ng  Sè tiÒn:	127039501
Nga My ch­a b¸i s­Sè tiÒn:	0
Nga My xuÊt gia  Sè tiÒn:	679781460
Nga My tôc gia  Sè tiÒn:	83115001
C¸i Bang ch­a b¸i s­Sè tiÒn:	0
C¸i Bang TÜnh y  Sè tiÒn:	120756000
C¸i Bang ¤ Y  Sè tiÒn:	1000000
Vâ §ang ch­a b¸i s­Sè tiÒn:	0
Vâ §ang ®¹o gia  Sè tiÒn:	41266500
Vâ §ang tôc gia  Sè tiÒn:	38913306
D­¬ng M«n ch­a b¸i s­Sè tiÒn:	0
D­¬ng M«n th­¬ng Kþ  Sè tiÒn:	77206717
D­¬ng M«n Cung Kþ  Sè tiÒn:	179833430
Ngò §éc      Sè tiÒn:	0
HiÖp §éc  Sè tiÒn:	171032700
Tµ §éc  Sè tiÒn:	119989000
C«n L«n ch­a b¸i s­Sè tiÒn:	0
C«n L«n Thiªn S­  Sè tiÒn:	0
Minh Gi¸o ch­a b¸i s­Sè tiÒn:	0
Minh Gi¸o Th¸nh ChiÕn  Sè tiÒn:	0
Minh Gi¸o TrËn Binh  Sè tiÒn:	0
Minh Gi¸o HuyÕt Nh©n  Sè tiÒn:	0
Thóy Yªn ch­a b¸i s­Sè tiÒn:	0
Thóy Yªn Vò Tiªn  Sè tiÒn:	0
Thóy Yªn Linh N÷  Sè tiÒn:	0
------------------------------------------------
Ph©n bè cÊp ®é nh©n vËt
1(cÊp) Sè ng­êi:	8
10(cÊp) Sè ng­êi:	2
99(cÊp) Sè ng­êi:	235

===========================================================
H¹ng:
--------------Money--------------
1	051154aa	  85126516	1
2	iHTxTeo	  50000000	1
3	iiHoaiThien	  50000000	1
4	ioNguyenConHeo	  50000000	1
5	ThiªnM«n	  50000000	1
6	V©nTiÕuThiªn	  50000000	1
7	KongZheng	  49000000	1
8	ChanShin	  45520116	1
9	HoaiNiem1Thoi	  45157500	1
10	BimBim	  44199500	1
--------------Level--------------
1	051154aa	7	99	1
2	HµnTiÓuMai	7	99	1
3	IsToXic	7	99	1
4	iTHzMeoCaCa	7	99	1
5	tlqqqqqqqqq	7	99	1
6	Thø7D¹oPhèNhÐEm	7	99	1
7	BimBim	7	99	1
8	iSiNiChiZz	7	99	1
9	ZzzTLToS2o	7	99	1
10	o0oS2XÝchL©nS2	7	99	1
--------------Repute--------------
1	ChanShin	3001	1
2	CristianoRonaldo	3001	1
3	C¾tCu§iTu	3001	1
4	iphone	3001	1
5	o0oS2XÝchL©nS2	3001	1
6	samsung	3001	1
7	ShinChan	3001	1
8	BouchraVanPersie	3000	1
9	cavechua	3000	1
10	051154aa	3000	1
--------------Honor--------------
1	HµnTiÓuMai	75800	1
2	IsToXic	75800	1
3	iTHzMeoCaCa	75224	1
4	BimBim	75200	1
5	iSiNiChiZz	75200	1
6	Thø7D¹oPhèNhÐEm	75200	1
7	zBótHihi	61200	1
8	zz2zzz	61200	1
9	zz3zzz	61200	1
10	zz4zzz	61200	1
-----------Dragon boat point-------
-----------Dragon boat time-------
Thø h¹ng phó hé 237 Tû lÖ c¸c m«n ph¸i mµ ng­êi ch¬i gia nhËp
V« m«n ph¸i	(0/237)	0.0%
ThiÕu L©m	(147/237)	62.0%
Vâ §ang	(4/237)	1.7%
Nga My	(47/237)	19.8%
C¸i Bang	(4/237)	1.7%
§­êng M«n	(7/237)	3.0%
Thiªn Ba Phñ	(16/237)	6.8%
Ngò §éc Gi¸o	(12/237)	5.1%
C«n L«n Ph¸i	(0/237)	0.0%
Minh gi¸o	(0/237)	0.0%
Thóy Yªn M«n	(0/237)	0.0%
Ngoµi thµnh	(0/237)	0.0%
Thø h¹ng ®¼ng cÊp 245 Tû lÖ c¸c m«n ph¸i mµ ng­êi ch¬i gia nhËp
V« m«n ph¸i	(8/245)	3.3%
ThiÕu L©m	(147/245)	60.0%
Vâ §ang	(4/245)	1.6%
Nga My	(47/245)	19.2%
C¸i Bang	(4/245)	1.6%
§­êng M«n	(7/245)	2.9%
Thiªn Ba Phñ	(16/245)	6.5%
Ngò §éc Gi¸o	(12/245)	4.9%
C«n L«n Ph¸i	(0/245)	0.0%
Minh gi¸o	(0/245)	0.0%
Thóy Yªn M«n	(0/245)	0.0%
Ngoµi thµnh	(0/245)	0.0%
Thèng kª kÕt thóc, thêi gian:2019.09.22 19:27:57


===========================================================
Ph©n bè tr­êng ph¸i ®¼ng cÊp
	V« m«n ph¸i  	ThiÕu L©m ch­a b¸i s­	ThiÕu L©m tôc gia  	ThiÕu L©m thiÒn t¨ng  	ThiÕu L©m vâ t¨ng  	§­êng M«n ch­a b¸i s­	§­êng M«n phæ th«ng  	Nga My ch­a b¸i s­	Nga My xuÊt gia  	Nga My tôc gia  	C¸i Bang ch­a b¸i s­	C¸i Bang TÜnh y  	C¸i Bang ¤ Y  	Vâ §ang ch­a b¸i s­	Vâ §ang ®¹o gia  	Vâ §ang tôc gia  	D­¬ng M«n ch­a b¸i s­	D­¬ng M«n th­¬ng Kþ  	D­¬ng M«n Cung Kþ  	Ngò §éc      	HiÖp §éc  	Tµ §éc  	C«n L«n ch­a b¸i s­	C«n L«n Thiªn S­  	Minh Gi¸o ch­a b¸i s­	Minh Gi¸o Th¸nh ChiÕn  	Minh Gi¸o TrËn Binh  	Minh Gi¸o HuyÕt Nh©n  	Thóy Yªn ch­a b¸i s­	Thóy Yªn Vò Tiªn  	Thóy Yªn Linh N÷  
 1	[8]	[0]	[0]	[0]	[0]	[0]	[0]	[0]	[0]	[0]	[0]	[0]	[0]	[0]	[0]	[0]	[0]	[0]	[0]	[0]	[0]	[0]	[0]	[0]	[0]	[0]	[0]	[0]	[0]	[0]	[0]
10	[0]	[0]	[0]	[0]	[1]	[0]	[0]	[0]	[1]	[0]	[0]	[0]	[0]	[0]	[0]	[0]	[0]	[0]	[0]	[0]	[0]	[0]	[0]	[0]	[0]	[0]	[0]	[0]	[0]	[0]	[0]
99	[0]	[0]	[1]	[8]	[137]	[0]	[7]	[0]	[42]	[4]	[0]	[3]	[1]	[0]	[2]	[2]	[0]	[6]	[10]	[0]	[6]	[6]	[0]	[0]	[0]	[0]	[0]	[0]	[0]	[0]	[0]
Total: 245


Ph©n bè ®¨ng nhËp
	V« m«n ph¸i  	ThiÕu L©m ch­a b¸i s­	ThiÕu L©m tôc gia  	ThiÕu L©m thiÒn t¨ng  	ThiÕu L©m vâ t¨ng  	§­êng M«n ch­a b¸i s­	§­êng M«n phæ th«ng  	Nga My ch­a b¸i s­	Nga My xuÊt gia  	Nga My tôc gia  	C¸i Bang ch­a b¸i s­	C¸i Bang TÜnh y  	C¸i Bang ¤ Y  	Vâ §ang ch­a b¸i s­	Vâ §ang ®¹o gia  	Vâ §ang tôc gia  	D­¬ng M«n ch­a b¸i s­	D­¬ng M«n th­¬ng Kþ  	D­¬ng M«n Cung Kþ  	Ngò §éc      	HiÖp §éc  	Tµ §éc  	C«n L«n ch­a b¸i s­	C«n L«n Thiªn S­  	Minh Gi¸o ch­a b¸i s­	Minh Gi¸o Th¸nh ChiÕn  	Minh Gi¸o TrËn Binh  	Minh Gi¸o HuyÕt Nh©n  	Thóy Yªn ch­a b¸i s­	Thóy Yªn Vò Tiªn  	Thóy Yªn Linh N÷  
 1	[6]	[0]	[0]	[0]	[0]	[0]	[0]	[0]	[0]	[0]	[0]	[0]	[0]	[0]	[0]	[0]	[0]	[0]	[0]	[0]	[0]	[0]	[0]	[0]	[0]	[0]	[0]	[0]	[0]	[0]	[0]
10	[0]	[0]	[0]	[0]	[1]	[0]	[0]	[0]	[1]	[0]	[0]	[0]	[0]	[0]	[0]	[0]	[0]	[0]	[0]	[0]	[0]	[0]	[0]	[0]	[0]	[0]	[0]	[0]	[0]	[0]	[0]
99	[0]	[0]	[1]	[8]	[137]	[0]	[7]	[0]	[42]	[4]	[0]	[3]	[1]	[0]	[2]	[2]	[0]	[6]	[10]	[0]	[6]	[6]	[0]	[0]	[0]	[0]	[0]	[0]	[0]	[0]	[0]
Total: 243


Ph©n bè ®¨ng nhËp lÇn ®Çu
	V« m«n ph¸i  	ThiÕu L©m ch­a b¸i s­	ThiÕu L©m tôc gia  	ThiÕu L©m thiÒn t¨ng  	ThiÕu L©m vâ t¨ng  	§­êng M«n ch­a b¸i s­	§­êng M«n phæ th«ng  	Nga My ch­a b¸i s­	Nga My xuÊt gia  	Nga My tôc gia  	C¸i Bang ch­a b¸i s­	C¸i Bang TÜnh y  	C¸i Bang ¤ Y  	Vâ §ang ch­a b¸i s­	Vâ §ang ®¹o gia  	Vâ §ang tôc gia  	D­¬ng M«n ch­a b¸i s­	D­¬ng M«n th­¬ng Kþ  	D­¬ng M«n Cung Kþ  	Ngò §éc      	HiÖp §éc  	Tµ §éc  	C«n L«n ch­a b¸i s­	C«n L«n Thiªn S­  	Minh Gi¸o ch­a b¸i s­	Minh Gi¸o Th¸nh ChiÕn  	Minh Gi¸o TrËn Binh  	Minh Gi¸o HuyÕt Nh©n  	Thóy Yªn ch­a b¸i s­	Thóy Yªn Vò Tiªn  	Thóy Yªn Linh N÷  
 1	[6]	[0]	[0]	[0]	[0]	[0]	[0]	[0]	[0]	[0]	[0]	[0]	[0]	[0]	[0]	[0]	[0]	[0]	[0]	[0]	[0]	[0]	[0]	[0]	[0]	[0]	[0]	[0]	[0]	[0]	[0]
10	[0]	[0]	[0]	[0]	[1]	[0]	[0]	[0]	[1]	[0]	[0]	[0]	[0]	[0]	[0]	[0]	[0]	[0]	[0]	[0]	[0]	[0]	[0]	[0]	[0]	[0]	[0]	[0]	[0]	[0]	[0]
99	[0]	[0]	[1]	[8]	[137]	[0]	[7]	[0]	[42]	[4]	[0]	[3]	[1]	[0]	[2]	[2]	[0]	[6]	[10]	[0]	[6]	[6]	[0]	[0]	[0]	[0]	[0]	[0]	[0]	[0]	[0]
Total: 243


Ph©n bè nh©n vËt ®óng 1 th¸ng kh«ng ®¨ng nhËp trß ch¬i.
	V« m«n ph¸i  	ThiÕu L©m ch­a b¸i s­	ThiÕu L©m tôc gia  	ThiÕu L©m thiÒn t¨ng  	ThiÕu L©m vâ t¨ng  	§­êng M«n ch­a b¸i s­	§­êng M«n phæ th«ng  	Nga My ch­a b¸i s­	Nga My xuÊt gia  	Nga My tôc gia  	C¸i Bang ch­a b¸i s­	C¸i Bang TÜnh y  	C¸i Bang ¤ Y  	Vâ §ang ch­a b¸i s­	Vâ §ang ®¹o gia  	Vâ §ang tôc gia  	D­¬ng M«n ch­a b¸i s­	D­¬ng M«n th­¬ng Kþ  	D­¬ng M«n Cung Kþ  	Ngò §éc      	HiÖp §éc  	Tµ §éc  	C«n L«n ch­a b¸i s­	C«n L«n Thiªn S­  	Minh Gi¸o ch­a b¸i s­	Minh Gi¸o Th¸nh ChiÕn  	Minh Gi¸o TrËn Binh  	Minh Gi¸o HuyÕt Nh©n  	Thóy Yªn ch­a b¸i s­	Thóy Yªn Vò Tiªn  	Thóy Yªn Linh N÷  
Total: 0


Ph©n bè nh©n vËt tõ 1 tuÇn ®Õn 1 th¸ng kh«ng ®¨ng nhËp trß ch¬i.
	V« m«n ph¸i  	ThiÕu L©m ch­a b¸i s­	ThiÕu L©m tôc gia  	ThiÕu L©m thiÒn t¨ng  	ThiÕu L©m vâ t¨ng  	§­êng M«n ch­a b¸i s­	§­êng M«n phæ th«ng  	Nga My ch­a b¸i s­	Nga My xuÊt gia  	Nga My tôc gia  	C¸i Bang ch­a b¸i s­	C¸i Bang TÜnh y  	C¸i Bang ¤ Y  	Vâ §ang ch­a b¸i s­	Vâ §ang ®¹o gia  	Vâ §ang tôc gia  	D­¬ng M«n ch­a b¸i s­	D­¬ng M«n th­¬ng Kþ  	D­¬ng M«n Cung Kþ  	Ngò §éc      	HiÖp §éc  	Tµ §éc  	C«n L«n ch­a b¸i s­	C«n L«n Thiªn S­  	Minh Gi¸o ch­a b¸i s­	Minh Gi¸o Th¸nh ChiÕn  	Minh Gi¸o TrËn Binh  	Minh Gi¸o HuyÕt Nh©n  	Thóy Yªn ch­a b¸i s­	Thóy Yªn Vò Tiªn  	Thóy Yªn Linh N÷  
Total: 0


Ph©n bè nh©n vËt ®óng 1 tuÇn kh«ng ®¨ng nhËp trß ch¬i.
	V« m«n ph¸i  	ThiÕu L©m ch­a b¸i s­	ThiÕu L©m tôc gia  	ThiÕu L©m thiÒn t¨ng  	ThiÕu L©m vâ t¨ng  	§­êng M«n ch­a b¸i s­	§­êng M«n phæ th«ng  	Nga My ch­a b¸i s­	Nga My xuÊt gia  	Nga My tôc gia  	C¸i Bang ch­a b¸i s­	C¸i Bang TÜnh y  	C¸i Bang ¤ Y  	Vâ §ang ch­a b¸i s­	Vâ §ang ®¹o gia  	Vâ §ang tôc gia  	D­¬ng M«n ch­a b¸i s­	D­¬ng M«n th­¬ng Kþ  	D­¬ng M«n Cung Kþ  	Ngò §éc      	HiÖp §éc  	Tµ §éc  	C«n L«n ch­a b¸i s­	C«n L«n Thiªn S­  	Minh Gi¸o ch­a b¸i s­	Minh Gi¸o Th¸nh ChiÕn  	Minh Gi¸o TrËn Binh  	Minh Gi¸o HuyÕt Nh©n  	Thóy Yªn ch­a b¸i s­	Thóy Yªn Vò Tiªn  	Thóy Yªn Linh N÷  
Total: 0


Ph©n bè nh©n vËt 1 th¸ng trë lªn kh«ng ®¨ng nhËp trß ch¬i.
	V« m«n ph¸i  	ThiÕu L©m ch­a b¸i s­	ThiÕu L©m tôc gia  	ThiÕu L©m thiÒn t¨ng  	ThiÕu L©m vâ t¨ng  	§­êng M«n ch­a b¸i s­	§­êng M«n phæ th«ng  	Nga My ch­a b¸i s­	Nga My xuÊt gia  	Nga My tôc gia  	C¸i Bang ch­a b¸i s­	C¸i Bang TÜnh y  	C¸i Bang ¤ Y  	Vâ §ang ch­a b¸i s­	Vâ §ang ®¹o gia  	Vâ §ang tôc gia  	D­¬ng M«n ch­a b¸i s­	D­¬ng M«n th­¬ng Kþ  	D­¬ng M«n Cung Kþ  	Ngò §éc      	HiÖp §éc  	Tµ §éc  	C«n L«n ch­a b¸i s­	C«n L«n Thiªn S­  	Minh Gi¸o ch­a b¸i s­	Minh Gi¸o Th¸nh ChiÕn  	Minh Gi¸o TrËn Binh  	Minh Gi¸o HuyÕt Nh©n  	Thóy Yªn ch­a b¸i s­	Thóy Yªn Vò Tiªn  	Thóy Yªn Linh N÷  
Total: 0




==============
Faction level and money statdata (top 10)=====
ThiÕu L©m-Thø h¹ng phó hé 10
1	051154aa	85126516
2	V©nTiÕuThiªn	50000000
3	iHTxTeo	50000000
4	iiHoaiThien	50000000
5	ioNguyenConHeo	50000000
6	KongZheng	49000000
7	HoaiNiem1Thoi	45157500
8	BimBim	44199500
9	Rít¸oCµSa	42376500
10	TrÇnDÇnIsMyLife	41354000
-------------------------------------------------
Vâ §ang-Thø h¹ng phó hé 10
1	jx2lloga	40947000
2	ChienThanHoang	34955500
3	S2MaButNo1	3957806
4	zzV«T×nhKiÕmzz	319500
5		0
6		0
7		0
8		0
9		0
10		0
-------------------------------------------------
Nga My-Thø h¹ng phó hé 10
1	ChanShin	45520116
2	BouchraVanPersie	41000000
3	oS2oZzzNMK	41000000
4	321321sada	40998500
5	ZZxKiÒuOanh	40998500
6	TBiiNMK	40996450
7	KiÕm§ÑpG¸i	40995500
8	iDlxTuongVi	40520000
9	Jx2Anna	37960000
10	zBótHihi	37940000
-------------------------------------------------
C¸i Bang-Thø h¹ng phó hé 10
1	YªuB¶nTh©n	41000000
2	LilianaCatiaAvei	39940000
3	NghiaHienGia	39816000
4	âsddsads	1000000
5		0
6		0
7		0
8		0
9		0
10		0
-------------------------------------------------
§­êng M«n-Thø h¹ng phó hé 10
1	ThiªnM«n	50000000
2	KenShin	40677000
3	BoTreCon	19142500
4	KaLiMa	11324000
5	iiHanzo	3896001
6	NghiaDaiCa	1000000
7	WinnerX150	1000000
8		0
9		0
10		0
-------------------------------------------------
Thiªn Ba Phñ-Thø h¹ng phó hé 10
1	BeTapBanCung	41000000
2	DjCayz	40850000
3	iphone	38018508
4	NhokThanh	36018000
5	DamVinhBiet	27982080
6	Jx2Nhinhi	26960006
7	DeathLotuss	23812916
8	LeThanh	11205637
9	UyHæSo¸i	5500000
10	Jx2ThÇnTh­¬ng	1000000
-------------------------------------------------
Ngò §éc Gi¸o-Thø h¹ng phó hé 10
1	TiÓuYTiªn	42995000
2	5Déc§aT×nh	41000100
3	WesleySneijder	41000000
4	ZZZZ5d	41000000
5	DocCoCauBai	40920000
6	HD®at×nh	31800100
7	CristinaFerreir	16998500
8	iHNxTháNgèc	16995500
9	o0oS2XÝchL©nS2	15312500
10	CoSuCuaLam	1000000
-------------------------------------------------
C«n L«n Ph¸i-Thø h¹ng phó hé 10
1		0
2		0
3		0
4		0
5		0
6		0
7		0
8		0
9		0
10		0
-------------------------------------------------
Minh gi¸o-Thø h¹ng phó hé 10
1		0
2		0
3		0
4		0
5		0
6		0
7		0
8		0
9		0
10		0
-------------------------------------------------
Thóy Yªn M«n-Thø h¹ng phó hé 10
1		0
2		0
3		0
4		0
5		0
6		0
7		0
8		0
9		0
10		0
-------------------------------------------------
ThiÕu L©m-Thø h¹ng ®¼ng cÊp 10
1:	ZzzTLToS2o	14	99
2:	WayneRooney	14	99
3:	zKÎ§écHµnh	14	99
4:	V©nTiÕuThiªn	14	99
5:	zzZNh©nM·Ezz	14	99
6:	051154aa	7	99
7:	IsToXic	7	99
8:	iTHzMeoCaCa	7	99
9:	tlqqqqqqqqq	7	99
10:	Thø7D¹oPhèNhÐEm	7	99
-------------------------------------------------
Vâ §ang-Thø h¹ng ®¼ng cÊp 10
1:	jx2lloga	7	99
2:	ChienThanHoang	7	99
3:	S2MaButNo1	7	99
4:	zzV«T×nhKiÕmzz	7	99
5:		0	0
6:		0	0
7:		0	0
8:		0	0
9:		0	0
10:		0	0
-------------------------------------------------
Nga My-Thø h¹ng ®¼ng cÊp 10
1:	HµnTiÓuMai	7	99
2:	cavechua	7	99
3:	KiÕm§ÑpG¸i	7	99
4:	NgaMyCave	7	99
5:	TBiiNMK	7	99
6:	iDlxTuongVi	7	99
7:	samsung	7	99
8:	Th¾mEm	7	99
9:	BeTapBuff	7	99
10:	ChanShin	7	99
-------------------------------------------------
C¸i Bang-Thø h¹ng ®¼ng cÊp 10
1:	NghiaHienGia	7	99
2:	âsddsads	7	99
3:	YªuB¶nTh©n	7	99
4:	LilianaCatiaAvei	0	99
5:		0	0
6:		0	0
7:		0	0
8:		0	0
9:		0	0
10:		0	0
-------------------------------------------------
§­êng M«n-Thø h¹ng ®¼ng cÊp 10
1:	KenShin	7	99
2:	BoTreCon	7	99
3:	KaLiMa	7	99
4:	iiHanzo	7	99
5:	ThiªnM«n	7	99
6:	WinnerX150	7	99
7:	NghiaDaiCa	0	99
8:		0	0
9:		0	0
10:		0	0
-------------------------------------------------
Thiªn Ba Phñ-Thø h¹ng ®¼ng cÊp 10
1:	BeTapBanCung	7	99
2:	NhokThanh	7	99
3:	thoiakochoi	7	99
4:	DeathLotuss	7	99
5:	TrumServerOK	7	99
6:	iphone	7	99
7:	LeThanh	7	99
8:	DamVinhBiet	7	99
9:	Jx2MidNight	7	99
10:	Jx2Nhinhi	7	99
-------------------------------------------------
Ngò §éc Gi¸o-Thø h¹ng ®¼ng cÊp 10
1:	o0oS2XÝchL©nS2	7	99
2:	CoSuCuaLam	7	99
3:	WesleySneijder	7	99
4:	HD®at×nh	7	99
5:	DocCoCauBai	7	99
6:	TiÓuYTiªn	7	99
7:	CristinaFerreir	7	99
8:	5Déc§aT×nh	7	99
9:	iHNxTháNgèc	7	99
10:	Kem7Mµu	7	99
-------------------------------------------------
C«n L«n Ph¸i-Thø h¹ng ®¼ng cÊp 10
1:		0	0
2:		0	0
3:		0	0
4:		0	0
5:		0	0
6:		0	0
7:		0	0
8:		0	0
9:		0	0
10:		0	0
-------------------------------------------------
Minh gi¸o-Thø h¹ng ®¼ng cÊp 10
1:		0	0
2:		0	0
3:		0	0
4:		0	0
5:		0	0
6:		0	0
7:		0	0
8:		0	0
9:		0	0
10:		0	0
-------------------------------------------------
Thóy Yªn M«n-Thø h¹ng ®¼ng cÊp 10
1:		0	0
2:		0	0
3:		0	0
4:		0	0
5:		0	0
6:		0	0
7:		0	0
8:		0	0
9:		0	0
10:		0	0
-------------------------------------------------


==============
Faction level and money stat data end=====
