20191228-075006	INFO	[vËt phÈm lªn tay ng­êi ch¬i] [Tµi kho¶n : jiqinghk] [Nh©n vËt: JiaXQing][Tªn vËt phÈm:S­ §å ThiÕp]
20191228-075006	INFO	[vËt phÈm lªn tay ng­êi ch¬i] [Tµi kho¶n : jiqinghk] [Nh©n vËt: JiaXQing][Tªn vËt phÈm:CÈm Nang §¹i Sù KiÖn]
20191228-075006	INFO	[vËt phÈm lªn tay ng­êi ch¬i] [Tµi kho¶n : jiqinghk] [Nh©n vËt: JiaXQing][Tªn vËt phÈm:NguyÖt L­îng Thè luy]
20191228-075006	INFO	[vËt phÈm lªn tay ng­êi ch¬i] [Tµi kho¶n : jiqinghk] [Nh©n vËt: JiaXQing][Tªn vËt phÈm:TiÕu ng¹o giang hå l]
20191228-075006	INFO	[vËt phÈm lªn tay ng­êi ch¬i] [Tµi kho¶n : jiqinghk] [Nh©n vËt: JiaXQing][Tªn vËt phÈm:GM Item]
20191228-075010	INFO	[vËt phÈm lªn tay ng­êi ch¬i] [Tµi kho¶n : jiqinghk] [Nh©n vËt: JiaXQing][Tªn vËt phÈm:Tñ ¸o Thiªn BiÕn TiÕ]
20191228-075118	ERR!	[playerattr abnormal][Account: jiqinghk][RoleName: JiaXQing][Level: 90][Attr: 7,5,2,3,3 - 1 (691)][Task: 0]
20191228-075118	INFO	[vËt phÈm lªn tay ng­êi ch¬i] [Tµi kho¶n : jiqinghk] [Nh©n vËt: JiaXQing][Tªn vËt phÈm:Bøc th­ thÇn bİ]
20191228-075158	INFO	[vËt phÈm lªn tay ng­êi ch¬i] [Tµi kho¶n : jiqinghk] [Nh©n vËt: JiaXQing][Tªn vËt phÈm:Linh §å Giíi (tr¸i)]
20191228-075158	INFO	[vËt phÈm lªn tay ng­êi ch¬i] [Tµi kho¶n : jiqinghk] [Nh©n vËt: JiaXQing][Tªn vËt phÈm:Linh §å Giíi (ph¶i)]
20191228-075158	INFO	[vËt phÈm lªn tay ng­êi ch¬i] [Tµi kho¶n : jiqinghk] [Nh©n vËt: JiaXQing][Tªn vËt phÈm:Linh §å PhiÕn]
20191228-075158	INFO	[vËt phÈm lªn tay ng­êi ch¬i] [Tµi kho¶n : jiqinghk] [Nh©n vËt: JiaXQing][Tªn vËt phÈm:Linh §å Trang (th­¬n]
20191228-075158	INFO	[vËt phÈm lªn tay ng­êi ch¬i] [Tµi kho¶n : jiqinghk] [Nh©n vËt: JiaXQing][Tªn vËt phÈm:Linh §å Trang (ngo¹i]
20191228-075158	INFO	[vËt phÈm lªn tay ng­êi ch¬i] [Tµi kho¶n : jiqinghk] [Nh©n vËt: JiaXQing][Tªn vËt phÈm:Linh §å Trang (néi)]
20191228-075158	INFO	[vËt phÈm lªn tay ng­êi ch¬i] [Tµi kho¶n : jiqinghk] [Nh©n vËt: JiaXQing][Tªn vËt phÈm:Linh §å Y]
20191228-075158	INFO	[vËt phÈm lªn tay ng­êi ch¬i] [Tµi kho¶n : jiqinghk] [Nh©n vËt: JiaXQing][Tªn vËt phÈm:Linh §å M·o]
20191228-075640	INFO	[vËt phÈm lªn tay ng­êi ch¬i] [Tµi kho¶n : jiqinghk] [Nh©n vËt: JiaXQing][Tªn vËt phÈm:Tr­êng Hµi Du HiÖp]
20191228-075640	INFO	[vËt phÈm lªn tay ng­êi ch¬i] [Tµi kho¶n : jiqinghk] [Nh©n vËt: JiaXQing][Tªn vËt phÈm:Huy Ch­¬ng Du HiÖp]
20191228-075640	INFO	[vËt phÈm lªn tay ng­êi ch¬i] [Tµi kho¶n : jiqinghk] [Nh©n vËt: JiaXQing][Tªn vËt phÈm:¸o Choµng Du HiÖp]
20191228-075640	INFO	[vËt phÈm lªn tay ng­êi ch¬i] [Tµi kho¶n : jiqinghk] [Nh©n vËt: JiaXQing][Tªn vËt phÈm:ChiÕn Hµi ThiÕt HuyÕ]
20191228-075640	INFO	[vËt phÈm lªn tay ng­êi ch¬i] [Tµi kho¶n : jiqinghk] [Nh©n vËt: JiaXQing][Tªn vËt phÈm:Huy Ch­¬ng ThiÕt Huy]
20191228-075640	INFO	[vËt phÈm lªn tay ng­êi ch¬i] [Tµi kho¶n : jiqinghk] [Nh©n vËt: JiaXQing][Tªn vËt phÈm:¸o Choµng ThiÕt HuyÕ]
20191228-075640	INFO	[vËt phÈm lªn tay ng­êi ch¬i] [Tµi kho¶n : jiqinghk] [Nh©n vËt: JiaXQing][Tªn vËt phÈm:§¹o Hµi V©n Du]
20191228-075640	INFO	[vËt phÈm lªn tay ng­êi ch¬i] [Tµi kho¶n : jiqinghk] [Nh©n vËt: JiaXQing][Tªn vËt phÈm:Huy Ch­¬ng V©n Du]
20191228-075640	INFO	[vËt phÈm lªn tay ng­êi ch¬i] [Tµi kho¶n : jiqinghk] [Nh©n vËt: JiaXQing][Tªn vËt phÈm:¸o Choµng V©n Du]
20191228-080120	INFO	[vËt phÈm lªn tay ng­êi ch¬i] [Tµi kho¶n : jiqinghk] [Nh©n vËt: JiaXQing][Tªn vËt phÈm:HuyÕtTrİchTh¹ch Lv1]
20191228-080120	INFO	[vËt phÈm lªn tay ng­êi ch¬i] [Tµi kho¶n : jiqinghk] [Nh©n vËt: JiaXQing][Tªn vËt phÈm:NguyÖtB¹chTh¹ch Lv1]
20191228-080120	INFO	[vËt phÈm lªn tay ng­êi ch¬i] [Tµi kho¶n : jiqinghk] [Nh©n vËt: JiaXQing][Tªn vËt phÈm:Hæ Ph¸ch Th¹ch CÊp 1]
20191228-080120	INFO	[vËt phÈm lªn tay ng­êi ch¬i] [Tµi kho¶n : jiqinghk] [Nh©n vËt: JiaXQing][Tªn vËt phÈm:H¾c DiÖu Th¹ch CÊp 1]
20191228-080744	INFO	[vËt phÈm lªn tay ng­êi ch¬i] [Tµi kho¶n : jiqinghk] [Nh©n vËt: JiaXQing][Tªn vËt phÈm:Tiªm Vò M·o]
20191228-080744	INFO	[vËt phÈm lªn tay ng­êi ch¬i] [Tµi kho¶n : jiqinghk] [Nh©n vËt: JiaXQing][Tªn vËt phÈm:Tiªm Vò Th­êng]
20191228-080744	INFO	[vËt phÈm lªn tay ng­êi ch¬i] [Tµi kho¶n : jiqinghk] [Nh©n vËt: JiaXQing][Tªn vËt phÈm:Khiªn Vò QuÇn]
20191228-080952	INFO	[vËt phÈm lªn tay ng­êi ch¬i] [Tµi kho¶n : jiqinghk] [Nh©n vËt: JiaXQing][Tªn vËt phÈm:GM Item]
20191228-081039	ERR!	[playerattr abnormal][Account: jiqinghk][RoleName: JiaXQing][Level: 90][Attr: 1,1,1,1,24 - 1 (734)][Task: 0]
20191228-081039	INFO	[vËt phÈm lªn tay ng­êi ch¬i] [Tµi kho¶n : jiqinghk] [Nh©n vËt: JiaXQing][Tªn vËt phÈm:CÈm Nang §¹i Sù KiÖn]
20191228-081039	INFO	[vËt phÈm lªn tay ng­êi ch¬i] [Tµi kho¶n : jiqinghk] [Nh©n vËt: JiaXQing][Tªn vËt phÈm:NguyÖt L­îng Thè luy]
20191228-081039	INFO	[vËt phÈm lªn tay ng­êi ch¬i] [Tµi kho¶n : jiqinghk] [Nh©n vËt: JiaXQing][Tªn vËt phÈm:TiÕu ng¹o giang hå l]
20191228-081039	INFO	[vËt phÈm lªn tay ng­êi ch¬i] [Tµi kho¶n : jiqinghk] [Nh©n vËt: JiaXQing][Tªn vËt phÈm:Bøc th­ thÇn bİ]
20191228-081101	INFO	[vËt phÈm lªn tay ng­êi ch¬i] [Tµi kho¶n : jiqinghk] [Nh©n vËt: JiaXQing][Tªn vËt phÈm:Thuèc tiªu ch¶y]
20191228-081211	INFO	[vËt phÈm lªn tay ng­êi ch¬i] [Tµi kho¶n : jiqinghk] [Nh©n vËt: JiQingX][Tªn vËt phÈm:S­ §å ThiÕp]
20191228-081211	INFO	[vËt phÈm lªn tay ng­êi ch¬i] [Tµi kho¶n : jiqinghk] [Nh©n vËt: JiQingX][Tªn vËt phÈm:CÈm Nang §¹i Sù KiÖn]
20191228-081211	INFO	[vËt phÈm lªn tay ng­êi ch¬i] [Tµi kho¶n : jiqinghk] [Nh©n vËt: JiQingX][Tªn vËt phÈm:NguyÖt L­îng Thè luy]
20191228-081211	INFO	[vËt phÈm lªn tay ng­êi ch¬i] [Tµi kho¶n : jiqinghk] [Nh©n vËt: JiQingX][Tªn vËt phÈm:TiÕu ng¹o giang hå l]
20191228-081211	INFO	[vËt phÈm lªn tay ng­êi ch¬i] [Tµi kho¶n : jiqinghk] [Nh©n vËt: JiQingX][Tªn vËt phÈm:GM Item]
20191228-081212	INFO	[vËt phÈm lªn tay ng­êi ch¬i] [Tµi kho¶n : jiqinghk] [Nh©n vËt: JiQingX][Tªn vËt phÈm:Tñ ¸o Thiªn BiÕn TiÕ]
20191228-081601	INFO	[vËt phÈm lªn tay ng­êi ch¬i] [Tµi kho¶n : jiqinghk] [Nh©n vËt: JiaXQing][Tªn vËt phÈm:Thiªn Kiªu LÖnh]
20191228-081707	INFO	[vËt phÈm lªn tay ng­êi ch¬i] [Tµi kho¶n : jiqinghk] [Nh©n vËt: JiaXQing][Tªn vËt phÈm:Linh §å Giíi (tr¸i)]
20191228-081707	INFO	[vËt phÈm lªn tay ng­êi ch¬i] [Tµi kho¶n : jiqinghk] [Nh©n vËt: JiaXQing][Tªn vËt phÈm:Linh §å Giíi (ph¶i)]
20191228-081707	INFO	[vËt phÈm lªn tay ng­êi ch¬i] [Tµi kho¶n : jiqinghk] [Nh©n vËt: JiaXQing][Tªn vËt phÈm:Linh §å PhiÕn]
20191228-081707	INFO	[vËt phÈm lªn tay ng­êi ch¬i] [Tµi kho¶n : jiqinghk] [Nh©n vËt: JiaXQing][Tªn vËt phÈm:Linh §å Trang (th­¬n]
20191228-081707	INFO	[vËt phÈm lªn tay ng­êi ch¬i] [Tµi kho¶n : jiqinghk] [Nh©n vËt: JiaXQing][Tªn vËt phÈm:Linh §å Trang (ngo¹i]
20191228-081707	INFO	[vËt phÈm lªn tay ng­êi ch¬i] [Tµi kho¶n : jiqinghk] [Nh©n vËt: JiaXQing][Tªn vËt phÈm:Linh §å Trang (néi)]
20191228-081707	INFO	[vËt phÈm lªn tay ng­êi ch¬i] [Tµi kho¶n : jiqinghk] [Nh©n vËt: JiaXQing][Tªn vËt phÈm:Linh §å Y]
20191228-081707	INFO	[vËt phÈm lªn tay ng­êi ch¬i] [Tµi kho¶n : jiqinghk] [Nh©n vËt: JiaXQing][Tªn vËt phÈm:Linh §å M·o]
