ChangeLogFile: FirstWrite=1, CurrentLine=0/65535 LastTime=1900-1-0 0:0:0
20190603-140028<INFO :0xf7c9a700>: [GameSvr][Version:Nov 14 2014 15:55:00] begin start up...
20190603-140028<INFO :0xf7c9a700>: Succeeded in loading version.ini. Lower Version:341 Upper Version:345
20190603-140028<INFO :0xf7c9a700>: [verify_up2date]...
20190603-140028<INFO :0xf7c9a700>: >Current lang is [gb18030]
20190603-140028<INFO :0xf7c9a700>: >Welcome to use [verify_up2date](version: 2.3.4 [2018-02-25]) tool. 
20190603-140028<INFO :0xf7c9a700>: >Time duration: 16.32607ms 
20190603-140028<INFO :0xf7c9a700>: >
20190603-140028<INFO :0xf7c9a700>: >Finish, my exit code is: 0
20190603-140028<INFO :0xf7c9a700>: |shell cmd result is 0
20190603-140028<INFO :0xf7c9a700>: ExecShellCmd [./verify_up2date -op=vef -d="/home/xmission/gs" ] ret=0
20190603-140028<INFO :0xf7c9a700>: [verify_up2date] ok
20190603-140028<INFO :0xf7c9a700>: This ServerIP : 127.0.0.1 : 171.244.18.15
20190603-140028<INFO :0xf7c9a700>: [GameServer Type] RealmType=0, IsMatchRealm=0
20190603-140028<INFO :0xf7c9a700>: IS_KINGSOFT_INNER_VERSION=0|0
20190603-140028<INFO :0xf7c9a700>: IS_EXP_SVR=0|0
20190603-140028<ERROR:0xf7c9a700>: SetSpecialSwitch(Index=3,bOpen=1,AccessCode=1024232298) ok, result=1
20190603-140028<INFO :0xf7c9a700>: [GameServer] ServerCount=1, ServerIndex=1
20190603-140028<INFO :0xf7c9a700>: [GlovalVariable] gblvarDefaultCriticalHitRate=5
20190603-140028<INFO :0xf7c9a700>: [GlovalVariable] gblvarMinCriticalHitRate=0
20190603-140028<INFO :0xf7c9a700>: [GlovalVariable] gblvarMaxCriticalHitRate=50
20190603-140028<INFO :0xf7c9a700>: [GlovalVariable] gblvarDefaultCriticalHitDamageAddPct=10
20190603-140028<INFO :0xf7c9a700>: [GlovalVariable] gblvarMinCriticalHitDamageAddPct=0
20190603-140028<INFO :0xf7c9a700>: [GlovalVariable] gblvarMaxCriticalHitDamageAddPct=300
20190603-140028<INFO :0xf7c9a700>: [GlovalVariable] gblvarPlayerDogeParaA=5
20190603-140028<INFO :0xf7c9a700>: [GlovalVariable] gblvarPlayerDogeParaB=5
20190603-140028<INFO :0xf7c9a700>: [GlovalVariable] gblvarMinHitRatePlayer=75
20190603-140028<INFO :0xf7c9a700>: [GlovalVariable] gblvarMaxHitRatePlayer=100
20190603-140028<INFO :0xf7c9a700>: [GlovalVariable] gblvarNpcDogeParaA=10
20190603-140028<INFO :0xf7c9a700>: [GlovalVariable] gblvarNpcDogeParaB=10
20190603-140028<INFO :0xf7c9a700>: [GlovalVariable] gblvarMinHitRateNpc=50
20190603-140028<INFO :0xf7c9a700>: [GlovalVariable] gblvarMaxHitRateNpc=100
20190603-140028<INFO :0xf7c9a700>: [GlovalVariable] gblvarTransLife2DogePara=10000
20190603-140028<INFO :0xf7c9a700>: [GlovalVariable] gblvarLevel2DogePara=1000
20190603-140028<INFO :0xf7c9a700>: [GlovalVariable] gblvarStrength2DogePara=100
20190603-140028<INFO :0xf7c9a700>: [GlovalVariable] gblvarDesterity2DogePara=100
20190603-140028<INFO :0xf7c9a700>: [GlovalVariable] gblvarEnergy2DogePara=100
20190603-140028<INFO :0xf7c9a700>: [GlovalVariable] gblvarVitality2DogePara=100
20190603-140028<INFO :0xf7c9a700>: [GlovalVariable] gblvarObserve2DogePara=100
20190603-140028<INFO :0xf7c9a700>: [GlovalVariable] gblvarTransLife2HitPara=8500
20190603-140028<INFO :0xf7c9a700>: [GlovalVariable] gblvarLevel2HitPara=850
20190603-140028<INFO :0xf7c9a700>: [GlovalVariable] gblvarStrength2HitPara=85
20190603-140028<INFO :0xf7c9a700>: [GlovalVariable] gblvarDesterity2HitPara=85
20190603-140028<INFO :0xf7c9a700>: [GlovalVariable] gblvarEnergy2HitPara=85
20190603-140028<INFO :0xf7c9a700>: [GlovalVariable] gblvarVitality2HitPara=85
20190603-140028<INFO :0xf7c9a700>: [GlovalVariable] gblvarObserve2HitPara=85
20190603-140028<INFO :0xf7c9a700>: [CustomAward] 45 lines loaded from [\settings\item\custom_award\custom_award_group.txt]
20190603-140028<INFO :0xf7c9a700>: [CustomAward] 469 lines loaded from \settings\item\custom_award\custom_award_list.txt
20190603-140028<INFO :0xf7c9a700>: [CustomAward] 5 lines loaded from \settings\item\custom_award\custom_consume_list.txt
20190603-140028<INFO :0xf7c9a700>: [CustomAward] total AwardId=469/474/65534
20190603-140028<INFO :0xf7c9a700>: [CustomAward] RandSeed = 3337893057
20190603-140030<ERROR:0xf7c9a700>: Skill	Unexpected Skill ID 1261 at row SkillSet22, section SkillStateMutex of file \settings\skill\skill_mutex.ini!
20190603-140030<ERROR:0xf7c9a700>: Skill	Unexpected Skill ID 1202 at row SkillSet20, section SkillCDShare of file \settings\skill\skill_mutex.ini!
20190603-140031<INFO :0xf7c9a700>: Loading All Scripts....................
20190603-140033<INFO :0xf7c9a700>: All Scripts Have Been Loaded! ScriptCount = 5614
20190603-140038<ERROR:0xf7c9a700>: [LoadRandomNpc] [\maps\世界地图\琅琊洞府.ini] open failed!!!
20190603-140039<INFO :0xf7c9a700>: 192/400 map(s) has been loaded.
20190603-140039<ERROR:0xf7c9a700>: SetSpecialSwitch(Index=1,bOpen=0,AccessCode=1157247768) ok, result=0
20190603-140039<ERROR:0xf7c9a700>: SetSpecialSwitch(Index=2,bOpen=0,AccessCode=3238223681) ok, result=0
20190603-140039<WARN :0xf7c9a700>: [Load] Invalid template: template ID=472328933l,
20190603-140039<WARN :0xf7c9a700>: load  npc template [0] fail
20190603-140040<INFO :0xf7c9a700>: [SystimeTask] load 96/96 systemtimetasks from {\settings\systemtimetask.txt}
20190603-140041<INFO :0xf7c9a700>: start to connect Database, IP: 192.168.18.15 - Port: 5001 ... ok!
20190603-140041<INFO :0xf7c9a700>: start to connect RelayHost, IP: 192.168.18.15 - Port: 5003 ... ok!
20190603-140041<INFO :0xf7c9a700>: start to connect RelayChat, IP: 192.168.18.15 - Port: 5004 ... ok!
20190603-140041<INFO :0xf7c9a700>: start to connect RelayTong, IP: 192.168.18.15 - Port: 5005 ... ok!
20190603-140041<INFO :0xf7c9a700>: start to connect Gateway, IP: 192.168.18.15 - Port: 5633 ... ok!
20190603-140041<INFO :0xf7c9a700>: [verify_up2date] send Goddess|Relay|Router version request...
20190603-140041<INFO :0xf7c9a700>: [GameSvr] start up OK----------.
20190603-140041<DEBUG:0xf7c9a700>: [net dbg] [SendNetMsgToTransfer] frame=0 send=1/39|1 avg=0 
20190603-140041<DEBUG:0xf7c9a700>: [net dbg] [TransferMessageProcess] [frame -1] total process 0/0=0 trans message
20190603-140041<INFO :0xf7c9a700>: Start init log database.
20190603-140041<INFO :0xf7c9a700>: Init log database end.
20190603-140041<INFO :0xf7c9a700>: Recv Bishop time sync(2019-6-3 14:0:41)
20190603-140041<INFO :0xf7c9a700>: [verify_up2date] send Bishop version request...
20190603-140041<INFO :0xf7c9a700>: [verify_up2date] VerifyUp2dateVersion: Server=Goddess code=8DA68FCD need=8DA68FCD result=1
20190603-140041<DEBUG:0xf7c9a700>: [net dbg] [SendNetMsgToTransfer] frame=1 send=1/38|2 avg=0 
20190603-140041<INFO :0xf7c9a700>: [SOSever::Breathe] MsgLoop:-763 ,MainLoop:3, TotalMsgLoop:-748, Elapse:3 CurBreathCost:4294966536 BreathCount:2
20190603-140041<DEBUG:0xf7c9a700>: [net dbg] [SendNetMsgToTransfer] frame=2 send=1/37|3 avg=0 
20190603-140041<DEBUG:0xf7c9a700>: [net dbg] [SendNetMsgToTransfer] frame=3 send=1/36|4 avg=0 
20190603-140041<DEBUG:0xf7c9a700>: [net dbg] [TransferMessageProcess] [frame 0] total process 298/2=99 trans message
20190603-140041<INFO :0xf7c9a700>: [verify_up2date] VerifyUp2dateVersion: Server=Relay code=8DA68FCD need=8DA68FCD result=1
20190603-140041<DEBUG:0xf7c9a700>: [NormalSmallPackPorcess] Received packet MAP_INDEX_INFO from relay
20190603-140041<INFO :0xf7c9a700>: Received map index notification from relay (192 maps)
20190603-140041<INFO :0xf7c9a700>: [verify_up2date] VerifyUp2dateVersion: Server=Bishop code=DCA253A9 need=DCA253A9 result=1
20190603-140041<DEBUG:0xf7c9a700>: [net dbg] [SendNetMsgToTransfer] frame=4 send=1/35|5 avg=0 
20190603-140041<DEBUG:0xf7c9a700>: [net dbg] [SendNetMsgToTransfer] frame=5 send=1/34|6 avg=0 
20190603-140041<DEBUG:0xf7c9a700>: [net dbg] [TransferMessageProcess] [frame 3] total process 1703/8=340 trans message
20190603-140041<DEBUG:0xf7c9a700>: [net dbg] [SendNetMsgToTransfer] frame=6 send=1/33|7 avg=0 
20190603-140041<DEBUG:0xf7c9a700>: [net dbg] [SendNetMsgToTransfer] frame=7 send=1/32|8 avg=0 
20190603-140041<DEBUG:0xf7c9a700>: [net dbg] [TransferMessageProcess] [frame 5] total process 1823/10=260 trans message
20190603-140041<DEBUG:0xf7c9a700>: [net dbg] [SendNetMsgToTransfer] frame=8 send=1/31|9 avg=0 
20190603-140041<DEBUG:0xf7c9a700>: [net dbg] [TransferMessageProcess] [frame 7] total process 1883/11=235 trans message
20190603-140041<DEBUG:0xf7c9a700>: [net dbg] [SendNetMsgToTransfer] frame=9 send=1/30|10 avg=0 
20190603-140041<DEBUG:0xf7c9a700>: [net dbg] [TransferMessageProcess] [frame 8] total process 1943/12=215 trans message
20190603-140041<DEBUG:0xf7c9a700>: [net dbg] [SendNetMsgToTransfer] frame=10 send=1/29|11 avg=0 
20190603-140041<DEBUG:0xf7c9a700>: [net dbg] [TransferMessageProcess] [frame 9] total process 2003/13=200 trans message
20190603-140041<DEBUG:0xf7c9a700>: [net dbg] [SendNetMsgToTransfer] frame=11 send=1/28|12 avg=0 
20190603-140041<DEBUG:0xf7c9a700>: [net dbg] [SendNetMsgToTransfer] frame=12 send=1/27|13 avg=0 
20190603-140041<DEBUG:0xf7c9a700>: [net dbg] [TransferMessageProcess] [frame 10] total process 2123/15=176 trans message
20190603-140041<DEBUG:0xf7c9a700>: [net dbg] [SendNetMsgToTransfer] frame=13 send=1/26|14 avg=0 
20190603-140041<DEBUG:0xf7c9a700>: [net dbg] [TransferMessageProcess] [frame 12] total process 2183/16=167 trans message
20190603-140041<DEBUG:0xf7c9a700>: [net dbg] [SendNetMsgToTransfer] frame=14 send=1/25|15 avg=0 
20190603-140041<DEBUG:0xf7c9a700>: [net dbg] [TransferMessageProcess] [frame 13] total process 2243/17=160 trans message
20190603-140041<DEBUG:0xf7c9a700>: [net dbg] [SendNetMsgToTransfer] frame=15 send=1/24|16 avg=0 
20190603-140041<INFO :0xf7c9a700>: [SystimeTask] timetask [Ln36 14:00]  is time up [Frame 16], execute script 297637250:{\script\task\weekend\weekend_timer.lua}
20190603-140041<DEBUG:0xf7c9a700>: [net dbg] [SendNetMsgToTransfer] frame=16 send=1/23|17 avg=0 
20190603-140041<DEBUG:0xf7c9a700>: [net dbg] [TransferMessageProcess] [frame 14] total process 2363/19=147 trans message
20190603-140041<DEBUG:0xf7c9a700>: [net dbg] [SendNetMsgToTransfer] frame=17 send=1/22|18 avg=0 
20190603-140041<DEBUG:0xf7c9a700>: [net dbg] [TransferMessageProcess] [frame 16] total process 2423/20=142 trans message
20190603-140041<DEBUG:0xf7c9a700>: [net dbg] [SendNetMsgToTransfer] frame=18 send=1/21|19 avg=0 
20190603-140041<DEBUG:0xf7c9a700>: [net dbg] [TransferMessageProcess] [frame 17] total process 2483/21=137 trans message
20190603-140041<DEBUG:0xf7c9a700>: [net dbg] [SendNetMsgToTransfer] frame=19 send=1/20|20 avg=0 
20190603-140041<DEBUG:0xf7c9a700>: [net dbg] [TransferMessageProcess] [frame 18] total process 2543/22=133 trans message
20190603-140042<DEBUG:0xf7c9a700>: [net dbg] [SendNetMsgToTransfer] frame=20 send=1/19|21 avg=0 
20190603-140042<DEBUG:0xf7c9a700>: [net dbg] [TransferMessageProcess] [frame 19] total process 2673/23=133 trans message
20190603-140042<DEBUG:0xf7c9a700>: [net dbg] [SendNetMsgToTransfer] frame=21 send=1/18|22 avg=0 
20190603-140042<DEBUG:0xf7c9a700>: [net dbg] [TransferMessageProcess] [frame 20] total process 2793/25=133 trans message
20190603-140042<DEBUG:0xf7c9a700>: [net dbg] [SendNetMsgToTransfer] frame=22 send=1/17|23 avg=0 
20190603-140042<DEBUG:0xf7c9a700>: [net dbg] [SendNetMsgToTransfer] frame=23 send=1/16|24 avg=0 
20190603-140042<DEBUG:0xf7c9a700>: [net dbg] [TransferMessageProcess] [frame 21] total process 2913/27=126 trans message
20190603-140042<DEBUG:0xf7c9a700>: [net dbg] [SendNetMsgToTransfer] frame=24 send=1/15|25 avg=0 
20190603-140042<DEBUG:0xf7c9a700>: [net dbg] [TransferMessageProcess] [frame 23] total process 2973/28=123 trans message
20190603-140042<DEBUG:0xf7c9a700>: [net dbg] [SendNetMsgToTransfer] frame=25 send=1/14|26 avg=0 
20190603-140042<DEBUG:0xf7c9a700>: [net dbg] [TransferMessageProcess] [frame 24] total process 3033/29=121 trans message
20190603-140042<DEBUG:0xf7c9a700>: [net dbg] [SendNetMsgToTransfer] frame=26 send=1/13|27 avg=0 
20190603-140042<DEBUG:0xf7c9a700>: [net dbg] [TransferMessageProcess] [frame 25] total process 3153/31=121 trans message
20190603-140042<DEBUG:0xf7c9a700>: [net dbg] [SendNetMsgToTransfer] frame=27 send=1/12|28 avg=0 
20190603-140042<DEBUG:0xf7c9a700>: [net dbg] [SendNetMsgToTransfer] frame=28 send=1/11|29 avg=0 
20190603-140042<DEBUG:0xf7c9a700>: [net dbg] [TransferMessageProcess] [frame 26] total process 3213/32=114 trans message
20190603-140042<DEBUG:0xf7c9a700>: [net dbg] [SendNetMsgToTransfer] frame=29 send=1/10|30 avg=0 
20190603-140042<DEBUG:0xf7c9a700>: [net dbg] [TransferMessageProcess] [frame 28] total process 3273/33=112 trans message
20190603-140042<DEBUG:0xf7c9a700>: [net dbg] [SendNetMsgToTransfer] frame=30 send=1/9|31 avg=0 
20190603-140042<DEBUG:0xf7c9a700>: [net dbg] [TransferMessageProcess] [frame 29] total process 3333/34=111 trans message
20190603-140042<DEBUG:0xf7c9a700>: [net dbg] [SendNetMsgToTransfer] frame=31 send=1/8|32 avg=0 
20190603-140042<DEBUG:0xf7c9a700>: [net dbg] [SendNetMsgToTransfer] frame=32 send=1/7|33 avg=0 
20190603-140042<DEBUG:0xf7c9a700>: [net dbg] [TransferMessageProcess] [frame 30] total process 3453/36=107 trans message
20190603-140042<DEBUG:0xf7c9a700>: [net dbg] [SendNetMsgToTransfer] frame=33 send=1/6|34 avg=0 
20190603-140042<DEBUG:0xf7c9a700>: [net dbg] [TransferMessageProcess] [frame 32] total process 3513/37=106 trans message
20190603-140042<DEBUG:0xf7c9a700>: [net dbg] [SendNetMsgToTransfer] frame=34 send=1/5|35 avg=0 
20190603-140042<DEBUG:0xf7c9a700>: [net dbg] [TransferMessageProcess] [frame 33] total process 3574/38=105 trans message
20190603-140042<DEBUG:0xf7c9a700>: [net dbg] [SendNetMsgToTransfer] frame=35 send=1/4|36 avg=0 
20190603-140042<DEBUG:0xf7c9a700>: [net dbg] [SendNetMsgToTransfer] frame=36 send=1/3|37 avg=0 
20190603-140042<DEBUG:0xf7c9a700>: [net dbg] [TransferMessageProcess] [frame 34] total process 3696/40=102 trans message
20190603-140042<DEBUG:0xf7c9a700>: [net dbg] [SendNetMsgToTransfer] frame=37 send=1/2|38 avg=0 
20190603-140042<DEBUG:0xf7c9a700>: [net dbg] [TransferMessageProcess] [frame 36] total process 3757/41=101 trans message
20190603-140043<DEBUG:0xf7c9a700>: [net dbg] [SendNetMsgToTransfer] frame=38 send=1/1|39 avg=0 
20190603-140043<DEBUG:0xf7c9a700>: [net dbg] [TransferMessageProcess] [frame 37] total process 3887/42=102 trans message
20190603-140043<DEBUG:0xf7c9a700>: [net dbg] [SendNetMsgToTransfer] frame=39 send=1/0|40 avg=0 
20190603-140043<DEBUG:0xf7c9a700>: [net dbg] [TransferMessageProcess] [frame 38] total process 4009/44=102 trans message
20190603-140043<INFO :0xf7c9a700>: [Gateway Kick] Can't find account test004
20190603-140043<INFO :0xf7c9a700>: [Gateway Kick] Can't find account test000
20190603-140043<DEBUG:0xf7c9a700>: [net dbg] [TransferMessageProcess] [frame 39] total process 4070/45=75 trans message
20190603-140044<DEBUG:0xf7c9a700>: [net dbg] [TransferMessageProcess] [frame 54] total process 4200/46=58 trans message
20190603-140045<DEBUG:0xf7c9a700>: [net dbg] [TransferMessageProcess] [frame 72] total process 4330/47=48 trans message
20190603-140046<INFO :0xf7c9a700>: [Gateway Kick] Can't find account test009
20190603-140046<DEBUG:0xf7c9a700>: [net dbg] [TransferMessageProcess] [frame 90] total process 4460/48=41 trans message
20190603-140047<DEBUG:0xf7c9a700>: [net dbg] [TransferMessageProcess] [frame 108] total process 4590/49=36 trans message
20190603-140048<DEBUG:0xf7c9a700>: [net dbg] [TransferMessageProcess] [frame 126] total process 4720/50=32 trans message
20190603-140049<DEBUG:0xf7c9a700>: [net dbg] [TransferMessageProcess] [frame 144] total process 4850/51=29 trans message
20190603-140050<DEBUG:0xf7c9a700>: [net dbg] [TransferMessageProcess] [frame 162] total process 4980/52=27 trans message
20190603-140100<INFO :0xf7c9a700>: [SystimeTask] timetask [Ln37 14:01]  is time up [Frame 352], execute script 2184452767:{\script\newbattles\systemtimemessage\sub_battle_signup.lua}
20190603-140105<INFO :0xf7c9a700>: [LOGIN/OUT] G2B_ROLE_LOGIN_PERMIT permit acc:test004 role:342342.
20190603-140105<INFO :0xf7c9a700>: [LOGIN/OUT] G2B_ROLE_LOGIN_PERMIT permit acc:test000 role:jx2vltk.
20190603-140106<INFO :0xf7c9a700>: [LOGIN/OUT] connection created ln:0 from 171.244.76.27.
20190603-140106<INFO :0xf7c9a700>: Found player[2] test000(jx2vltk) is logging in system!Ip:171.244.76.27 mac:0050-56C0-0001
20190603-140106<INFO :0xf7c9a700>: [CheckCRC] LoadPlayerBaseInfo(test000, jx2vltk) dwCRC=4913F33D len=3634
20190603-140107<INFO :0xf7c9a700>: [PlayerItem] acc=test000, @svr=0/300000
20190603-140107<INFO :0xf7c9a700>: [PlayerItem] load=20/20 acc=test000 @svr=20/300000
20190603-140107<INFO :0xf7c9a700>: PlayerName = jx2vltk, sucess load itemlock head data; 72, 72
20190603-140107<INFO :0xf7c9a700>: PlayerName = jx2vltk, 0, 0, 0, 0
20190603-140107<ERROR:0xf7c9a700>: [Weapon Effect Error]Weapon effect save data of player jx2vltk is INVALID.
20190603-140107<INFO :0xf7c9a700>: [LOGIN/OUT] C2G_ROLE_LOGIN success, idx:2, ln:0, acc:test000, role:jx2vltk lv:90
20190603-140107<INFO :0xf7c9a700>: [LOGIN/OUT] connection created ln:1 from 171.244.76.27.
20190603-140107<INFO :0xf7c9a700>: Found player[1] test004(342342) is logging in system!Ip:171.244.76.27 mac:9C2A-70DA-E3DF
20190603-140107<INFO :0xf7c9a700>: [CheckCRC] LoadPlayerBaseInfo(test004, 342342) dwCRC=98A494A6 len=725
20190603-140107<INFO :0xf7c9a700>: [PlayerItem] acc=test004, @svr=20/300000
20190603-140107<INFO :0xf7c9a700>: [PlayerItem] load=1/1 acc=test004 @svr=21/300000
20190603-140107<INFO :0xf7c9a700>: KPlayerTask::_DoRecycleTask(Account=test004, Role=342342, Task=2913, SaveVerion=0, CurVersion=6 RecycleVersion=5) normal RecycleValue=0
20190603-140107<INFO :0xf7c9a700>: KPlayerTask::_DoRecycleTask(Account=test004, Role=342342, Task=3069, SaveVerion=0, CurVersion=6 RecycleVersion=2) normal RecycleValue=0
20190603-140107<INFO :0xf7c9a700>: KPlayerTask::_DoRecycleTask(Account=test004, Role=342342, Task=3098, SaveVerion=0, CurVersion=6 RecycleVersion=6) normal RecycleValue=0
20190603-140107<INFO :0xf7c9a700>: KPlayerTask::_DoRecycleTask(Account=test004, Role=342342, Task=3099, SaveVerion=0, CurVersion=6 RecycleVersion=6) normal RecycleValue=0
20190603-140107<INFO :0xf7c9a700>: KPlayerTask::_DoRecycleTask(Account=test004, Role=342342, Task=3100, SaveVerion=0, CurVersion=6 RecycleVersion=6) normal RecycleValue=0
20190603-140107<INFO :0xf7c9a700>: KPlayerTask::_DoRecycleTask(Account=test004, Role=342342, Task=3101, SaveVerion=0, CurVersion=6 RecycleVersion=6) normal RecycleValue=0
20190603-140107<INFO :0xf7c9a700>: KPlayerTask::_DoRecycleTask(Account=test004, Role=342342, Task=3102, SaveVerion=0, CurVersion=6 RecycleVersion=6) normal RecycleValue=0
20190603-140107<INFO :0xf7c9a700>: KPlayerTask::_DoRecycleTask(Account=test004, Role=342342, Task=3103, SaveVerion=0, CurVersion=6 RecycleVersion=6) normal RecycleValue=0
20190603-140107<INFO :0xf7c9a700>: KPlayerTask::_DoRecycleTask(Account=test004, Role=342342, Task=3104, SaveVerion=0, CurVersion=6 RecycleVersion=6) normal RecycleValue=0
20190603-140107<INFO :0xf7c9a700>: KPlayerTask::_DoRecycleTask(Account=test004, Role=342342, Task=3135, SaveVerion=0, CurVersion=6 RecycleVersion=4) normal RecycleValue=0
20190603-140107<INFO :0xf7c9a700>: KPlayerTask::_DoRecycleTask(Account=test004, Role=342342, Task=3136, SaveVerion=0, CurVersion=6 RecycleVersion=4) normal RecycleValue=0
20190603-140107<INFO :0xf7c9a700>: KPlayerTask::_DoRecycleTask(Account=test004, Role=342342, Task=3138, SaveVerion=0, CurVersion=6 RecycleVersion=4) normal RecycleValue=0
20190603-140108<INFO :0xf7c9a700>: [LOGIN/OUT] C2G_ROLE_LOGIN success, idx:1, ln:1, acc:test004, role:342342 lv:1
20190603-140108<INFO :0xf7c9a700>: [LOGIN/OUT] G2B_ROLE_LOGIN_PERMIT permit acc:test009 role:jx2kggjj.
20190603-140108<WARN :0xf7c9a700>: [_IsFrameNew] force new frame from clock() uTimeElapse=27632 GameLogicFrameTime=499 GameLogicFrameTimeBeforeChangeSpeed=1 GameLogicFps=18 r=624 c_cur=19590000 c_diff=1410000ms e_diff=1416 ms
20190603-140109<INFO :0xf7c9a700>: [LOGIN/OUT] connection created ln:2 from 171.244.76.27.
20190603-140109<INFO :0xf7c9a700>: Found player[3] test009(jx2kggjj) is logging in system!Ip:171.244.76.27 mac:0050-56C0-0008
20190603-140109<INFO :0xf7c9a700>: [CheckCRC] LoadPlayerBaseInfo(test009, jx2kggjj) dwCRC=1D3B49AF len=725
20190603-140109<INFO :0xf7c9a700>: [PlayerItem] acc=test009, @svr=26/300000
20190603-140109<INFO :0xf7c9a700>: [PlayerItem] load=1/1 acc=test009 @svr=27/300000
20190603-140109<INFO :0xf7c9a700>: KPlayerTask::_DoRecycleTask(Account=test009, Role=jx2kggjj, Task=2913, SaveVerion=0, CurVersion=6 RecycleVersion=5) normal RecycleValue=0
20190603-140109<INFO :0xf7c9a700>: KPlayerTask::_DoRecycleTask(Account=test009, Role=jx2kggjj, Task=3069, SaveVerion=0, CurVersion=6 RecycleVersion=2) normal RecycleValue=0
20190603-140109<INFO :0xf7c9a700>: KPlayerTask::_DoRecycleTask(Account=test009, Role=jx2kggjj, Task=3098, SaveVerion=0, CurVersion=6 RecycleVersion=6) normal RecycleValue=0
20190603-140109<INFO :0xf7c9a700>: KPlayerTask::_DoRecycleTask(Account=test009, Role=jx2kggjj, Task=3099, SaveVerion=0, CurVersion=6 RecycleVersion=6) normal RecycleValue=0
20190603-140109<INFO :0xf7c9a700>: KPlayerTask::_DoRecycleTask(Account=test009, Role=jx2kggjj, Task=3100, SaveVerion=0, CurVersion=6 RecycleVersion=6) normal RecycleValue=0
20190603-140109<INFO :0xf7c9a700>: KPlayerTask::_DoRecycleTask(Account=test009, Role=jx2kggjj, Task=3101, SaveVerion=0, CurVersion=6 RecycleVersion=6) normal RecycleValue=0
20190603-140109<INFO :0xf7c9a700>: KPlayerTask::_DoRecycleTask(Account=test009, Role=jx2kggjj, Task=3102, SaveVerion=0, CurVersion=6 RecycleVersion=6) normal RecycleValue=0
20190603-140109<INFO :0xf7c9a700>: KPlayerTask::_DoRecycleTask(Account=test009, Role=jx2kggjj, Task=3103, SaveVerion=0, CurVersion=6 RecycleVersion=6) normal RecycleValue=0
20190603-140109<INFO :0xf7c9a700>: KPlayerTask::_DoRecycleTask(Account=test009, Role=jx2kggjj, Task=3104, SaveVerion=0, CurVersion=6 RecycleVersion=6) normal RecycleValue=0
20190603-140109<INFO :0xf7c9a700>: KPlayerTask::_DoRecycleTask(Account=test009, Role=jx2kggjj, Task=3135, SaveVerion=0, CurVersion=6 RecycleVersion=4) normal RecycleValue=0
20190603-140109<INFO :0xf7c9a700>: KPlayerTask::_DoRecycleTask(Account=test009, Role=jx2kggjj, Task=3136, SaveVerion=0, CurVersion=6 RecycleVersion=4) normal RecycleValue=0
20190603-140109<INFO :0xf7c9a700>: KPlayerTask::_DoRecycleTask(Account=test009, Role=jx2kggjj, Task=3138, SaveVerion=0, CurVersion=6 RecycleVersion=4) normal RecycleValue=0
20190603-140109<INFO :0xf7c9a700>: [LOGIN/OUT] C2G_ROLE_LOGIN success, idx:3, ln:2, acc:test009, role:jx2kggjj lv:1
20190603-140129<ERROR:0xf7c9a700>: gs ping bishop[result=1], CurFrame[868] LastFrame[507] NewFrame[868]
20190603-140129<INFO :0xf7c9a700>: [BiShopPing] Ping return at 6731336.
20190603-140139<INFO :0xf7c9a700>: gs ping goddess[result=1], CurFrame[1050] LastFrame[509] NewFrame[1050]
20190603-140139<INFO :0xf7c9a700>: receieve goddess ping reply, goddess time = 6741407
20190603-140141<ERROR:0xf7c9a700>: ****tagGLOBAL_FUNCTIONS::ExecuteScript2:Cannot find script[0][OnUse]****
20190603-140149<ERROR:0xf7c9a700>: gs ping bishop[result=1], CurFrame[1229] LastFrame[868] NewFrame[1229]
20190603-140149<INFO :0xf7c9a700>: [BiShopPing] Ping return at 6751362.
20190603-140152<WARN :0xf7c9a700>: # GameLogicSpeed : 17 fps.(abnormal!!!)
20190603-140200<INFO :0xf7c9a700>: [SystimeTask] timetask [Ln38 14:02]  is time up [Frame 1424], execute script 3583112118:{\script\藏剑山庄\task_script\ontimer_notify.lua}
20190603-140209<ERROR:0xf7c9a700>: gs ping bishop[result=1], CurFrame[1590] LastFrame[1229] NewFrame[1590]
20190603-140209<INFO :0xf7c9a700>: gs ping goddess[result=1], CurFrame[1591] LastFrame[1050] NewFrame[1591]
20190603-140209<INFO :0xf7c9a700>: receieve goddess ping reply, goddess time = 6771463
20190603-140209<INFO :0xf7c9a700>: [BiShopPing] Ping return at 6771487.
20190603-140229<ERROR:0xf7c9a700>: gs ping bishop[result=1], CurFrame[1951] LastFrame[1590] NewFrame[1951]
20190603-140229<INFO :0xf7c9a700>: [BiShopPing] Ping return at 6791512.
20190603-140239<INFO :0xf7c9a700>: gs ping goddess[result=1], CurFrame[2132] LastFrame[1591] NewFrame[2132]
20190603-140239<INFO :0xf7c9a700>: receieve goddess ping reply, goddess time = 6801510
20190603-140249<ERROR:0xf7c9a700>: gs ping bishop[result=1], CurFrame[2312] LastFrame[1951] NewFrame[2312]
20190603-140249<INFO :0xf7c9a700>: [BiShopPing] Ping return at 6811537.
20190603-140309<INFO :0xf7c9a700>: gs ping goddess[result=1], CurFrame[2673] LastFrame[2132] NewFrame[2673]
20190603-140309<ERROR:0xf7c9a700>: gs ping bishop[result=1], CurFrame[2673] LastFrame[2312] NewFrame[2673]
20190603-140309<INFO :0xf7c9a700>: receieve goddess ping reply, goddess time = 6831568
20190603-140309<INFO :0xf7c9a700>: [BiShopPing] Ping return at 6831658.
20190603-140329<ERROR:0xf7c9a700>: gs ping bishop[result=1], CurFrame[3034] LastFrame[2673] NewFrame[3034]
20190603-140329<INFO :0xf7c9a700>: [BiShopPing] Ping return at 6851680.
20190603-140339<INFO :0xf7c9a700>: gs ping goddess[result=1], CurFrame[3214] LastFrame[2673] NewFrame[3214]
20190603-140339<INFO :0xf7c9a700>: receieve goddess ping reply, goddess time = 6861625
20190603-140340<INFO :0xf7c9a700>: [Frame debug] Frame 3240
20190603-140349<ERROR:0xf7c9a700>: gs ping bishop[result=1], CurFrame[3395] LastFrame[3034] NewFrame[3395]
20190603-140349<INFO :0xf7c9a700>: [BiShopPing] Ping return at 6871703.
20190603-140349<ERROR:0xf7c9a700>: Recv data error, shutdown(linkindex:1)
20190603-140349<INFO :0xf7c9a700>: [LOGIN/OUT] Connection[1] lost, idx:1, acc:test004, role:342342, GameStatus:PlayerPlaying, ExchangeStatus:ExchangeBegin, LastPingTime:[2019-06-03 14:03:49]
20190603-140350<WARN :0xf7c9a700>: g_GetScript find unpreloaded file [\script\misc\autocleaner\autocleaner_head.lua]
20190603-140350<INFO :0xf7c9a700>: PlayerName = 342342, KItemLockMgr::SaveData, 0, 0, 0
20190603-140350<INFO :0xf7c9a700>: [CheckCRC] UpdateDBPlayerInfo(test004, 342342) dwCRC=8C8265BD dwDataLen=2545
20190603-140350<INFO :0xf7c9a700>: [SavePlayerData] send save request to goddess bUnLock=1, acc:test004, role:342342
20190603-140350<INFO :0xf7c9a700>: [LOGIN/OUT] G2B_ROLE_LOGOUT idx:1, acc:test004, role:342342
20190603-140350<INFO :0xf7c9a700>: acc:test004 leave game!
20190603-140350<INFO :0xf7c9a700>: Remove player object . acc test004, role 342342
20190603-140410<ERROR:0xf7c9a700>: gs ping bishop[result=1], CurFrame[3765] LastFrame[3404] NewFrame[3765]
20190603-140410<INFO :0xf7c9a700>: [BiShopPing] Ping return at 6892328.
20190603-140420<INFO :0xf7c9a700>: gs ping goddess[result=1], CurFrame[3945] LastFrame[3404] NewFrame[3945]
20190603-140420<INFO :0xf7c9a700>: receieve goddess ping reply, goddess time = 6902238
20190603-140430<ERROR:0xf7c9a700>: gs ping bishop[result=1], CurFrame[4126] LastFrame[3765] NewFrame[4126]
20190603-140430<INFO :0xf7c9a700>: [BiShopPing] Ping return at 6912350.
20190603-140450<INFO :0xf7c9a700>: gs ping goddess[result=1], CurFrame[4486] LastFrame[3945] NewFrame[4486]
20190603-140450<INFO :0xf7c9a700>: receieve goddess ping reply, goddess time = 6932293
20190603-140450<ERROR:0xf7c9a700>: gs ping bishop[result=1], CurFrame[4487] LastFrame[4126] NewFrame[4487]
20190603-140450<INFO :0xf7c9a700>: [BiShopPing] Ping return at 6932372.
20190603-140454<WARN :0xf7c9a700>: g_GetScript find unpreloaded file [\script\中原二区\成都府南\npc\成都府南小白兔.lua]
20190603-140510<ERROR:0xf7c9a700>: gs ping bishop[result=1], CurFrame[4848] LastFrame[4487] NewFrame[4848]
20190603-140510<INFO :0xf7c9a700>: [BiShopPing] Ping return at 6952495.
20190603-140520<INFO :0xf7c9a700>: gs ping goddess[result=1], CurFrame[5027] LastFrame[4486] NewFrame[5027]
20190603-140520<INFO :0xf7c9a700>: receieve goddess ping reply, goddess time = 6962340
20190603-140530<ERROR:0xf7c9a700>: gs ping bishop[result=1], CurFrame[5209] LastFrame[4848] NewFrame[5209]
20190603-140530<INFO :0xf7c9a700>: [BiShopPing] Ping return at 6972517.
20190603-140539<WARN :0xf7c9a700>: # GameLogicSpeed : 17 fps.(abnormal!!!)
20190603-140541<INFO :0xf7c9a700>: PlayerName = jx2vltk, KItemLockMgr::SaveData, 0, 0, 0
20190603-140541<INFO :0xf7c9a700>: [CheckCRC] UpdateDBPlayerInfo(test000, jx2vltk) dwCRC=AB77B063 dwDataLen=3560
20190603-140541<INFO :0xf7c9a700>: [SavePlayerData] send save request to goddess bUnLock=1, acc:test000, role:jx2vltk
20190603-140541<INFO :0xf7c9a700>: [LOGIN/OUT] G2B_ROLE_LOGOUT idx:2, acc:test000, role:jx2vltk
20190603-140541<INFO :0xf7c9a700>: acc:test000 leave game!
20190603-140541<INFO :0xf7c9a700>: Remove player object . acc test000, role jx2vltk
20190603-140541<ERROR:0xf7c9a700>: [LOGIN/OUT] shutdown client of invalid linkid (role: ln:0)
20190603-140541<INFO :0xf7c9a700>: [LOGIN/OUT] Connection[0] lost, idx:2, acc:, role:, GameStatus:PlayerPlaying, ExchangeStatus:ExchangeBegin, LastPingTime:[2019-06-03 14:03:33]
20190603-140543<INFO :0xf7c9a700>: [Gateway Kick] Can't find account test005
20190603-140603<ERROR:0xf7c9a700>: gs ping bishop[result=1], CurFrame[5801] LastFrame[5440] NewFrame[5801]
20190603-140603<INFO :0xf7c9a700>: [BiShopPing] Ping return at 7005353.
20190603-140609<INFO :0xf7c9a700>: [LOGIN/OUT] G2B_ROLE_LOGIN_PERMIT permit acc:test005 role:fnsdnkfjdkf.
20190603-140610<INFO :0xf7c9a700>: [LOGIN/OUT] connection created ln:0 from 171.244.76.27.
20190603-140610<INFO :0xf7c9a700>: Found player[2] test005(fnsdnkfjdkf) is logging in system!Ip:171.244.76.27 mac:9C2A-70DA-E3DF
20190603-140610<INFO :0xf7c9a700>: [CheckCRC] LoadPlayerBaseInfo(test005, fnsdnkfjdkf) dwCRC=4F7C287B len=725
20190603-140610<INFO :0xf7c9a700>: [PlayerItem] acc=test005, @svr=14/300000
20190603-140610<INFO :0xf7c9a700>: [PlayerItem] load=1/1 acc=test005 @svr=15/300000
20190603-140610<INFO :0xf7c9a700>: KPlayerTask::_DoRecycleTask(Account=test005, Role=fnsdnkfjdkf, Task=2913, SaveVerion=0, CurVersion=6 RecycleVersion=5) normal RecycleValue=0
20190603-140610<INFO :0xf7c9a700>: KPlayerTask::_DoRecycleTask(Account=test005, Role=fnsdnkfjdkf, Task=3069, SaveVerion=0, CurVersion=6 RecycleVersion=2) normal RecycleValue=0
20190603-140610<INFO :0xf7c9a700>: KPlayerTask::_DoRecycleTask(Account=test005, Role=fnsdnkfjdkf, Task=3098, SaveVerion=0, CurVersion=6 RecycleVersion=6) normal RecycleValue=0
20190603-140610<INFO :0xf7c9a700>: KPlayerTask::_DoRecycleTask(Account=test005, Role=fnsdnkfjdkf, Task=3099, SaveVerion=0, CurVersion=6 RecycleVersion=6) normal RecycleValue=0
20190603-140610<INFO :0xf7c9a700>: KPlayerTask::_DoRecycleTask(Account=test005, Role=fnsdnkfjdkf, Task=3100, SaveVerion=0, CurVersion=6 RecycleVersion=6) normal RecycleValue=0
20190603-140610<INFO :0xf7c9a700>: KPlayerTask::_DoRecycleTask(Account=test005, Role=fnsdnkfjdkf, Task=3101, SaveVerion=0, CurVersion=6 RecycleVersion=6) normal RecycleValue=0
20190603-140610<INFO :0xf7c9a700>: KPlayerTask::_DoRecycleTask(Account=test005, Role=fnsdnkfjdkf, Task=3102, SaveVerion=0, CurVersion=6 RecycleVersion=6) normal RecycleValue=0
20190603-140610<INFO :0xf7c9a700>: KPlayerTask::_DoRecycleTask(Account=test005, Role=fnsdnkfjdkf, Task=3103, SaveVerion=0, CurVersion=6 RecycleVersion=6) normal RecycleValue=0
20190603-140610<INFO :0xf7c9a700>: KPlayerTask::_DoRecycleTask(Account=test005, Role=fnsdnkfjdkf, Task=3104, SaveVerion=0, CurVersion=6 RecycleVersion=6) normal RecycleValue=0
20190603-140610<INFO :0xf7c9a700>: KPlayerTask::_DoRecycleTask(Account=test005, Role=fnsdnkfjdkf, Task=3135, SaveVerion=0, CurVersion=6 RecycleVersion=4) normal RecycleValue=0
20190603-140610<INFO :0xf7c9a700>: KPlayerTask::_DoRecycleTask(Account=test005, Role=fnsdnkfjdkf, Task=3136, SaveVerion=0, CurVersion=6 RecycleVersion=4) normal RecycleValue=0
20190603-140610<INFO :0xf7c9a700>: KPlayerTask::_DoRecycleTask(Account=test005, Role=fnsdnkfjdkf, Task=3138, SaveVerion=0, CurVersion=6 RecycleVersion=4) normal RecycleValue=0
20190603-140610<INFO :0xf7c9a700>: [LOGIN/OUT] C2G_ROLE_LOGIN success, idx:2, ln:0, acc:test005, role:fnsdnkfjdkf lv:1
20190603-140630<ERROR:0xf7c9a700>: gs ping bishop[result=1], CurFrame[6296] LastFrame[5935] NewFrame[6296]
20190603-140630<INFO :0xf7c9a700>: [BiShopPing] Ping return at 7032881.
20190603-140631<INFO :0xf7c9a700>: [Gateway Kick] Can't find account test004
20190603-140640<INFO :0xf7c9a700>: [Frame debug] Frame 6480
20190603-140640<INFO :0xf7c9a700>: gs ping goddess[result=1], CurFrame[6480] LastFrame[5939] NewFrame[6480]
20190603-140640<INFO :0xf7c9a700>: receieve goddess ping reply, goddess time = 7043069
20190603-140651<ERROR:0xf7c9a700>: gs ping bishop[result=1], CurFrame[6663] LastFrame[6302] NewFrame[6663]
20190603-140651<INFO :0xf7c9a700>: [BiShopPing] Ping return at 7053304.
20190603-140710<INFO :0xf7c9a700>: gs ping goddess[result=1], CurFrame[7021] LastFrame[6480] NewFrame[7021]
20190603-140710<INFO :0xf7c9a700>: receieve goddess ping reply, goddess time = 7073120
20190603-140711<ERROR:0xf7c9a700>: gs ping bishop[result=1], CurFrame[7024] LastFrame[6663] NewFrame[7024]
20190603-140711<INFO :0xf7c9a700>: [BiShopPing] Ping return at 7073326.
20190603-140731<ERROR:0xf7c9a700>: gs ping bishop[result=1], CurFrame[7385] LastFrame[7024] NewFrame[7385]
20190603-140731<INFO :0xf7c9a700>: [BiShopPing] Ping return at 7093347.
20190603-140735<INFO :0xf7c9a700>: [LOGIN/OUT] G2B_ROLE_LOGIN_PERMIT permit acc:test004 role:342342.
20190603-140737<INFO :0xf7c9a700>: [LOGIN/OUT] connection created ln:1 from 27.75.121.129.
20190603-140737<INFO :0xf7c9a700>: Found player[1] test004(342342) is logging in system!Ip:27.75.121.129 mac:0050-56C0-0001
20190603-140737<INFO :0xf7c9a700>: [CheckCRC] LoadPlayerBaseInfo(test004, 342342) dwCRC=8C8265BD len=2545
20190603-140737<INFO :0xf7c9a700>: [PlayerItem] acc=test004, @svr=23/300000
20190603-140737<INFO :0xf7c9a700>: [PlayerItem] load=7/7 acc=test004 @svr=30/300000
20190603-140737<INFO :0xf7c9a700>: PlayerName = 342342, sucess load itemlock head data; 72, 72
20190603-140737<INFO :0xf7c9a700>: PlayerName = 342342, 0, 0, 0, 0
20190603-140737<ERROR:0xf7c9a700>: [Weapon Effect Error]Weapon effect save data of player 342342 is INVALID.
20190603-140737<INFO :0xf7c9a700>: [LOGIN/OUT] C2G_ROLE_LOGIN success, idx:1, ln:1, acc:test004, role:342342 lv:1
20190603-140756<ERROR:0xf7c9a700>: Recv data error, shutdown(linkindex:1)
20190603-140756<INFO :0xf7c9a700>: [LOGIN/OUT] Connection[1] lost, idx:1, acc:test004, role:342342, GameStatus:PlayerPlaying, ExchangeStatus:ExchangeBegin, LastPingTime:[2019-06-03 14:07:37]
20190603-140756<INFO :0xf7c9a700>: PlayerName = 342342, KItemLockMgr::SaveData, 0, 0, 0
20190603-140756<INFO :0xf7c9a700>: [CheckCRC] UpdateDBPlayerInfo(test004, 342342) dwCRC=7CBB91E7 dwDataLen=2577
20190603-140756<INFO :0xf7c9a700>: [SavePlayerData] send save request to goddess bUnLock=1, acc:test004, role:342342
20190603-140756<INFO :0xf7c9a700>: [LOGIN/OUT] G2B_ROLE_LOGOUT idx:1, acc:test004, role:342342
20190603-140756<INFO :0xf7c9a700>: acc:test004 leave game!
20190603-140756<INFO :0xf7c9a700>: Remove player object . acc test004, role 342342
20190603-140807<INFO :0xf7c9a700>: [Gateway Kick] Can't find account test004
20190603-140826<INFO :0xf7c9a700>: gs ping goddess[result=1], CurFrame[8381] LastFrame[7840] NewFrame[8381]
20190603-140826<INFO :0xf7c9a700>: receieve goddess ping reply, goddess time = 7148677
20190603-140827<ERROR:0xf7c9a700>: gs ping bishop[result=1], CurFrame[8394] LastFrame[8033] NewFrame[8394]
20190603-140827<INFO :0xf7c9a700>: [BiShopPing] Ping return at 7149411.
20190603-140847<ERROR:0xf7c9a700>: gs ping bishop[result=1], CurFrame[8755] LastFrame[8394] NewFrame[8755]
20190603-140847<INFO :0xf7c9a700>: [BiShopPing] Ping return at 7169533.
20190603-140855<INFO :0xf7c9a700>: [Gateway Kick] Can't find account test004
20190603-140856<INFO :0xf7c9a700>: gs ping goddess[result=1], CurFrame[8922] LastFrame[8381] NewFrame[8922]
20190603-140856<INFO :0xf7c9a700>: receieve goddess ping reply, goddess time = 7178738
20190603-140900<INFO :0xf7c9a700>: [LOGIN/OUT] G2B_ROLE_LOGIN_PERMIT permit acc:test004 role:342342.
20190603-140901<INFO :0xf7c9a700>: [LOGIN/OUT] connection created ln:1 from 27.75.121.129.
20190603-140901<INFO :0xf7c9a700>: Found player[1] test004(342342) is logging in system!Ip:27.75.121.129 mac:0050-56C0-0001
20190603-140901<INFO :0xf7c9a700>: [CheckCRC] LoadPlayerBaseInfo(test004, 342342) dwCRC=7CBB91E7 len=2577
20190603-140901<INFO :0xf7c9a700>: [PlayerItem] acc=test004, @svr=21/300000
20190603-140901<INFO :0xf7c9a700>: [PlayerItem] load=7/7 acc=test004 @svr=28/300000
20190603-140901<INFO :0xf7c9a700>: PlayerName = 342342, sucess load itemlock head data; 72, 72
20190603-140901<INFO :0xf7c9a700>: PlayerName = 342342, 0, 0, 0, 0
20190603-140901<ERROR:0xf7c9a700>: [Weapon Effect Error]Weapon effect save data of player 342342 is INVALID.
20190603-140901<INFO :0xf7c9a700>: [LOGIN/OUT] C2G_ROLE_LOGIN success, idx:1, ln:1, acc:test004, role:342342 lv:1
20190603-140915<WARN :0xf7c9a700>: g_GetScript find unpreloaded file [\script\中原二区\成都府南\npc\成都府南小灰兔.lua]
20190603-140921<ERROR:0xf7c9a700>: gs ping bishop[result=1], CurFrame[9371] LastFrame[9010] NewFrame[9371]
20190603-140921<INFO :0xf7c9a700>: [BiShopPing] Ping return at 7203772.
20190603-140927<ERROR:0xf7c9a700>: Recv data error, shutdown(linkindex:1)
20190603-140927<INFO :0xf7c9a700>: [LOGIN/OUT] Connection[1] lost, idx:1, acc:test004, role:342342, GameStatus:PlayerPlaying, ExchangeStatus:ExchangeBegin, LastPingTime:[2019-06-03 14:09:01]
20190603-140927<INFO :0xf7c9a700>: PlayerName = 342342, KItemLockMgr::SaveData, 0, 0, 0
20190603-140927<INFO :0xf7c9a700>: [CheckCRC] UpdateDBPlayerInfo(test004, 342342) dwCRC=32A57EEC dwDataLen=2577
20190603-140927<INFO :0xf7c9a700>: [SavePlayerData] send save request to goddess bUnLock=1, acc:test004, role:342342
20190603-140927<INFO :0xf7c9a700>: [LOGIN/OUT] G2B_ROLE_LOGOUT idx:1, acc:test004, role:342342
20190603-140927<INFO :0xf7c9a700>: acc:test004 leave game!
20190603-140927<INFO :0xf7c9a700>: Remove player object . acc test004, role 342342
20190603-140940<INFO :0xf7c9a700>: [Frame debug] Frame 9720
20190603-140941<WARN :0xf7c9a700>: # GameLogicSpeed : 17 fps.(abnormal!!!)
20190603-140947<ERROR:0xf7c9a700>: gs ping bishop[result=1], CurFrame[9840] LastFrame[9479] NewFrame[9840]
20190603-140947<INFO :0xf7c9a700>: [BiShopPing] Ping return at 7229800.
20190603-140957<INFO :0xf7c9a700>: gs ping goddess[result=1], CurFrame[10020] LastFrame[9479] NewFrame[10020]
20190603-140957<INFO :0xf7c9a700>: receieve goddess ping reply, goddess time = 7239735
20190603-141007<ERROR:0xf7c9a700>: gs ping bishop[result=1], CurFrame[10201] LastFrame[9840] NewFrame[10201]
20190603-141007<INFO :0xf7c9a700>: [BiShopPing] Ping return at 7249822.
20190603-141027<INFO :0xf7c9a700>: gs ping goddess[result=1], CurFrame[10561] LastFrame[10020] NewFrame[10561]
20190603-141027<INFO :0xf7c9a700>: receieve goddess ping reply, goddess time = 7269794
20190603-141027<ERROR:0xf7c9a700>: gs ping bishop[result=1], CurFrame[10562] LastFrame[10201] NewFrame[10562]
20190603-141027<INFO :0xf7c9a700>: [BiShopPing] Ping return at 7269845.
20190603-141047<ERROR:0xf7c9a700>: gs ping bishop[result=1], CurFrame[10923] LastFrame[10562] NewFrame[10923]
20190603-141047<INFO :0xf7c9a700>: [BiShopPing] Ping return at 7289967.
20190603-141052<WARN :0xf7c9a700>: # GameLogicSpeed : 17 fps.(abnormal!!!)
20190603-141057<INFO :0xf7c9a700>: gs ping goddess[result=1], CurFrame[11102] LastFrame[10561] NewFrame[11102]
20190603-141057<INFO :0xf7c9a700>: receieve goddess ping reply, goddess time = 7299844
20190603-141100<INFO :0xf7c9a700>: [Gateway Kick] Can't find account test004
20190603-141104<INFO :0xf7c9a700>: [LOGIN/OUT] G2B_ROLE_LOGIN_PERMIT permit acc:test004 role:342342.
20190603-141105<INFO :0xf7c9a700>: [LOGIN/OUT] connection created ln:1 from 27.75.121.129.
20190603-141105<INFO :0xf7c9a700>: Found player[1] test004(342342) is logging in system!Ip:27.75.121.129 mac:0050-56C0-0001
20190603-141105<INFO :0xf7c9a700>: [CheckCRC] LoadPlayerBaseInfo(test004, 342342) dwCRC=32A57EEC len=2577
20190603-141105<INFO :0xf7c9a700>: [PlayerItem] acc=test004, @svr=21/300000
20190603-141105<INFO :0xf7c9a700>: [PlayerItem] load=7/7 acc=test004 @svr=28/300000
20190603-141105<INFO :0xf7c9a700>: PlayerName = 342342, sucess load itemlock head data; 72, 72
20190603-141105<INFO :0xf7c9a700>: PlayerName = 342342, 0, 0, 0, 0
20190603-141105<ERROR:0xf7c9a700>: [Weapon Effect Error]Weapon effect save data of player 342342 is INVALID.
20190603-141105<INFO :0xf7c9a700>: [LOGIN/OUT] C2G_ROLE_LOGIN success, idx:1, ln:1, acc:test004, role:342342 lv:1
20190603-141109<ERROR:0xf7c9a700>: Recv data error, shutdown(linkindex:0)
20190603-141109<INFO :0xf7c9a700>: [LOGIN/OUT] Connection[0] lost, idx:2, acc:test005, role:fnsdnkfjdkf, GameStatus:PlayerPlaying, ExchangeStatus:ExchangeBegin, LastPingTime:[2019-06-03 14:11:06]
20190603-141109<INFO :0xf7c9a700>: PlayerName = fnsdnkfjdkf, KItemLockMgr::SaveData, 0, 0, 0
20190603-141109<INFO :0xf7c9a700>: [CheckCRC] UpdateDBPlayerInfo(test005, fnsdnkfjdkf) dwCRC=DBED8334 dwDataLen=2545
20190603-141109<INFO :0xf7c9a700>: [SavePlayerData] send save request to goddess bUnLock=1, acc:test005, role:fnsdnkfjdkf
20190603-141109<INFO :0xf7c9a700>: [LOGIN/OUT] G2B_ROLE_LOGOUT idx:2, acc:test005, role:fnsdnkfjdkf
20190603-141109<INFO :0xf7c9a700>: acc:test005 leave game!
20190603-141109<INFO :0xf7c9a700>: Remove player object . acc test005, role fnsdnkfjdkf
20190603-141110<ERROR:0xf7c9a700>: Recv data error, shutdown(linkindex:1)
20190603-141110<INFO :0xf7c9a700>: [LOGIN/OUT] Connection[1] lost, idx:1, acc:test004, role:342342, GameStatus:PlayerPlaying, ExchangeStatus:ExchangeBegin, LastPingTime:[2019-06-03 14:11:05]
20190603-141110<INFO :0xf7c9a700>: PlayerName = 342342, KItemLockMgr::SaveData, 0, 0, 0
20190603-141110<INFO :0xf7c9a700>: [CheckCRC] UpdateDBPlayerInfo(test004, 342342) dwCRC=681A2D6A dwDataLen=2577
20190603-141110<INFO :0xf7c9a700>: [SavePlayerData] send save request to goddess bUnLock=1, acc:test004, role:342342
20190603-141110<INFO :0xf7c9a700>: [LOGIN/OUT] G2B_ROLE_LOGOUT idx:1, acc:test004, role:342342
20190603-141110<INFO :0xf7c9a700>: acc:test004 leave game!
20190603-141110<INFO :0xf7c9a700>: Remove player object . acc test004, role 342342
20190603-141130<ERROR:0xf7c9a700>: gs ping bishop[result=1], CurFrame[11692] LastFrame[11331] NewFrame[11692]
20190603-141130<INFO :0xf7c9a700>: [BiShopPing] Ping return at 7332621.
20190603-141140<INFO :0xf7c9a700>: gs ping goddess[result=1], CurFrame[11872] LastFrame[11331] NewFrame[11872]
20190603-141140<INFO :0xf7c9a700>: receieve goddess ping reply, goddess time = 7342626
20190603-141150<ERROR:0xf7c9a700>: gs ping bishop[result=1], CurFrame[12053] LastFrame[11692] NewFrame[12053]
20190603-141150<INFO :0xf7c9a700>: [BiShopPing] Ping return at 7352747.
20190603-141210<INFO :0xf7c9a700>: gs ping goddess[result=1], CurFrame[12413] LastFrame[11872] NewFrame[12413]
20190603-141210<INFO :0xf7c9a700>: receieve goddess ping reply, goddess time = 7372684
20190603-141210<ERROR:0xf7c9a700>: gs ping bishop[result=1], CurFrame[12414] LastFrame[12053] NewFrame[12414]
20190603-141210<INFO :0xf7c9a700>: [BiShopPing] Ping return at 7372772.
20190603-141219<INFO :0xf7c9a700>: [Gateway Kick] Can't find account test004
20190603-141223<INFO :0xf7c9a700>: [LOGIN/OUT] G2B_ROLE_LOGIN_PERMIT permit acc:test004 role:342342.
20190603-141224<INFO :0xf7c9a700>: [LOGIN/OUT] connection created ln:1 from 27.75.121.129.
20190603-141224<INFO :0xf7c9a700>: Found player[1] test004(342342) is logging in system!Ip:27.75.121.129 mac:0050-56C0-0001
20190603-141224<INFO :0xf7c9a700>: [CheckCRC] LoadPlayerBaseInfo(test004, 342342) dwCRC=681A2D6A len=2577
20190603-141224<INFO :0xf7c9a700>: [PlayerItem] acc=test004, @svr=15/300000
20190603-141224<INFO :0xf7c9a700>: [PlayerItem] load=7/7 acc=test004 @svr=22/300000
20190603-141224<INFO :0xf7c9a700>: PlayerName = 342342, sucess load itemlock head data; 72, 72
20190603-141224<INFO :0xf7c9a700>: PlayerName = 342342, 0, 0, 0, 0
20190603-141224<ERROR:0xf7c9a700>: [Weapon Effect Error]Weapon effect save data of player 342342 is INVALID.
20190603-141224<INFO :0xf7c9a700>: [LOGIN/OUT] C2G_ROLE_LOGIN success, idx:1, ln:1, acc:test004, role:342342 lv:1
20190603-141240<INFO :0xf7c9a700>: [Frame debug] Frame 12960
20190603-141245<ERROR:0xf7c9a700>: gs ping bishop[result=1], CurFrame[13034] LastFrame[12673] NewFrame[13034]
20190603-141245<INFO :0xf7c9a700>: [BiShopPing] Ping return at 7407219.
20190603-141246<WARN :0xf7c9a700>: # GameLogicSpeed : 17 fps.(abnormal!!!)
20190603-141255<INFO :0xf7c9a700>: gs ping goddess[result=1], CurFrame[13215] LastFrame[12674] NewFrame[13215]
20190603-141255<INFO :0xf7c9a700>: receieve goddess ping reply, goddess time = 7417238
20190603-141305<ERROR:0xf7c9a700>: gs ping bishop[result=1], CurFrame[13395] LastFrame[13034] NewFrame[13395]
20190603-141305<INFO :0xf7c9a700>: [BiShopPing] Ping return at 7427245.
20190603-141325<INFO :0xf7c9a700>: gs ping goddess[result=1], CurFrame[13756] LastFrame[13215] NewFrame[13756]
20190603-141325<ERROR:0xf7c9a700>: gs ping bishop[result=1], CurFrame[13756] LastFrame[13395] NewFrame[13756]
20190603-141325<INFO :0xf7c9a700>: receieve goddess ping reply, goddess time = 7447292
20190603-141325<INFO :0xf7c9a700>: [BiShopPing] Ping return at 7447373.
20190603-141345<ERROR:0xf7c9a700>: gs ping bishop[result=1], CurFrame[14117] LastFrame[13756] NewFrame[14117]
20190603-141345<INFO :0xf7c9a700>: [BiShopPing] Ping return at 7467404.
20190603-141355<INFO :0xf7c9a700>: gs ping goddess[result=1], CurFrame[14297] LastFrame[13756] NewFrame[14297]
20190603-141355<INFO :0xf7c9a700>: receieve goddess ping reply, goddess time = 7477344
20190603-141405<ERROR:0xf7c9a700>: gs ping bishop[result=1], CurFrame[14478] LastFrame[14117] NewFrame[14478]
20190603-141405<INFO :0xf7c9a700>: [BiShopPing] Ping return at 7487433.
20190603-141411<WARN :0xf7c9a700>: # GameLogicSpeed : 17 fps.(abnormal!!!)
20190603-141425<INFO :0xf7c9a700>: gs ping goddess[result=1], CurFrame[14838] LastFrame[14297] NewFrame[14838]
20190603-141425<INFO :0xf7c9a700>: receieve goddess ping reply, goddess time = 7507406
20190603-141425<ERROR:0xf7c9a700>: gs ping bishop[result=1], CurFrame[14839] LastFrame[14478] NewFrame[14839]
20190603-141425<INFO :0xf7c9a700>: [BiShopPing] Ping return at 7507461.
20190603-141445<ERROR:0xf7c9a700>: gs ping bishop[result=1], CurFrame[15200] LastFrame[14839] NewFrame[15200]
20190603-141445<INFO :0xf7c9a700>: [BiShopPing] Ping return at 7527588.
20190603-141455<INFO :0xf7c9a700>: gs ping goddess[result=1], CurFrame[15379] LastFrame[14838] NewFrame[15379]
20190603-141455<INFO :0xf7c9a700>: receieve goddess ping reply, goddess time = 7537463
20190603-141505<ERROR:0xf7c9a700>: gs ping bishop[result=1], CurFrame[15561] LastFrame[15200] NewFrame[15561]
20190603-141505<INFO :0xf7c9a700>: [BiShopPing] Ping return at 7547614.
20190603-141508<WARN :0xf7c9a700>: # GameLogicSpeed : 17 fps.(abnormal!!!)
20190603-141525<INFO :0xf7c9a700>: gs ping goddess[result=1], CurFrame[15920] LastFrame[15379] NewFrame[15920]
20190603-141525<INFO :0xf7c9a700>: receieve goddess ping reply, goddess time = 7567512
20190603-141525<ERROR:0xf7c9a700>: gs ping bishop[result=1], CurFrame[15922] LastFrame[15561] NewFrame[15922]
20190603-141525<INFO :0xf7c9a700>: [BiShopPing] Ping return at 7567640.
20190603-141540<INFO :0xf7c9a700>: [Frame debug] Frame 16200
20190603-141545<ERROR:0xf7c9a700>: gs ping bishop[result=1], CurFrame[16283] LastFrame[15922] NewFrame[16283]
20190603-141545<INFO :0xf7c9a700>: [BiShopPing] Ping return at 7587768.
20190603-141551<INFO :0xf7c9a700>: # PlayerCount in every subworld:
20190603-141551<INFO :0xf7c9a700>:  204-Thiu Lm : 1
20190603-141551<INFO :0xf7c9a700>:  300-Thnh Й : 1
20190603-141551<INFO :0xf7c9a700>: # TotalPlayerCount in this GameSvr : 2.
20190603-141551<INFO :0xf7c9a700>: # TotalPlayerCount in player list : 2.
20190603-141551<INFO :0xf7c9a700>: # TotalNpcCount in npc list : 28827.
20190603-141551<INFO :0xf7c9a700>: # TotalItemCount in item list : 30.
20190603-141555<INFO :0xf7c9a700>: gs ping goddess[result=1], CurFrame[16461] LastFrame[15920] NewFrame[16461]
20190603-141555<INFO :0xf7c9a700>: receieve goddess ping reply, goddess time = 7597569
20190603-141605<ERROR:0xf7c9a700>: gs ping bishop[result=1], CurFrame[16644] LastFrame[16283] NewFrame[16644]
20190603-141605<INFO :0xf7c9a700>: [BiShopPing] Ping return at 7607794.
20190603-141607<INFO :0xf7c9a700>: PlayerName = jx2kggjj, KItemLockMgr::SaveData, 0, 0, 0
20190603-141607<INFO :0xf7c9a700>: [CheckCRC] UpdateDBPlayerInfo(test009, jx2kggjj) dwCRC=0C322919 dwDataLen=2595
20190603-141607<INFO :0xf7c9a700>: [SavePlayerData] send save request to goddess bUnLock=0, acc:test009, role:jx2kggjj
20190603-141625<ERROR:0xf7c9a700>: gs ping bishop[result=1], CurFrame[17005] LastFrame[16644] NewFrame[17005]
20190603-141625<INFO :0xf7c9a700>: [BiShopPing] Ping return at 7627819.
20190603-141637<INFO :0xf7c9a700>: gs ping goddess[result=1], CurFrame[17221] LastFrame[16680] NewFrame[17221]
20190603-141637<INFO :0xf7c9a700>: receieve goddess ping reply, goddess time = 7639794
20190603-141645<ERROR:0xf7c9a700>: gs ping bishop[result=1], CurFrame[17366] LastFrame[17005] NewFrame[17366]
20190603-141645<INFO :0xf7c9a700>: [BiShopPing] Ping return at 7647845.
20190603-141648<WARN :0xf7c9a700>: # GameLogicSpeed : 17 fps.(abnormal!!!)
20190603-141705<ERROR:0xf7c9a700>: gs ping bishop[result=1], CurFrame[17727] LastFrame[17366] NewFrame[17727]
20190603-141705<INFO :0xf7c9a700>: [BiShopPing] Ping return at 7667974.
20190603-141707<INFO :0xf7c9a700>: gs ping goddess[result=1], CurFrame[17762] LastFrame[17221] NewFrame[17762]
20190603-141707<INFO :0xf7c9a700>: receieve goddess ping reply, goddess time = 7669849
20190603-141716<WARN :0xf7c9a700>: # GameLogicSpeed : 17 fps.(abnormal!!!)
20190603-141725<ERROR:0xf7c9a700>: gs ping bishop[result=1], CurFrame[18088] LastFrame[17727] NewFrame[18088]
20190603-141725<INFO :0xf7c9a700>: [BiShopPing] Ping return at 7687999.
20190603-141737<INFO :0xf7c9a700>: gs ping goddess[result=1], CurFrame[18303] LastFrame[17762] NewFrame[18303]
20190603-141737<INFO :0xf7c9a700>: receieve goddess ping reply, goddess time = 7699899
20190603-141745<ERROR:0xf7c9a700>: gs ping bishop[result=1], CurFrame[18449] LastFrame[18088] NewFrame[18449]
20190603-141745<INFO :0xf7c9a700>: [BiShopPing] Ping return at 7708024.
20190603-141805<ERROR:0xf7c9a700>: gs ping bishop[result=1], CurFrame[18810] LastFrame[18449] NewFrame[18810]
20190603-141805<INFO :0xf7c9a700>: [BiShopPing] Ping return at 7728147.
20190603-141807<INFO :0xf7c9a700>: gs ping goddess[result=1], CurFrame[18844] LastFrame[18303] NewFrame[18844]
20190603-141807<INFO :0xf7c9a700>: receieve goddess ping reply, goddess time = 7729958
20190603-141809<INFO :0xf7c9a700>: [Gateway Kick] Can't find account test000
20190603-141829<ERROR:0xf7c9a700>: gs ping bishop[result=1], CurFrame[19232] LastFrame[18871] NewFrame[19232]
20190603-141829<INFO :0xf7c9a700>: [BiShopPing] Ping return at 7751579.
