2019.09.24 08:02:33
§ang log ng­êi ch¬i cã ng©n l­îng trªn 1000 v¹n
[money]	dta111	00000000	ThiÕu L©m vâ t¨ng  	7	99	0	38263159
[money]	lamhoang12542	051154aa	ThiÕu L©m vâ t¨ng  	7	99	3265000018	56775016
[money]	nambeo038	0988123456	Nga My tôc gia  	7	99	0	41000000
[money]	hypeadron	0Hiihihi123	ThiÕu L©m vâ t¨ng  	7	99	23	26942186
[money]	qweqaz141	0PkChinhPhai	ThiÕu L©m vâ t¨ng  	7	99	25	17016500
[money]	chosoihatam1111	111111	Nga My xuÊt gia  	7	99	1000000	12117500
[money]	trunghp94	113HaiPhong	ThiÕu L©m vâ t¨ng  	0	99	0	40800400
[money]	cbbeo2	123123	ThiÕu L©m vâ t¨ng  	0	99	0	39958500
[money]	chaugiaky3	12312311	Vâ §ang ®¹o gia  	7	99	9400178	40998500
[money]	tamkien97	123ngoisao	ThiÕu L©m vâ t¨ng  	0	99	0	29943500
[money]	thanhkhang111	123qwe123	Nga My xuÊt gia  	7	99	0	29878500
[money]	thienthien	1CuocQuyTien	ThiÕu L©m vâ t¨ng  	7	99	18	39986500
[money]	chaugiaky2	31212312	HiÖp §éc  	7	99	2400039	40998500
[money]	queonhoc2	321312dsa	Nga My xuÊt gia  	7	99	0	32998500
[money]	queonhoc1	321321sada	Nga My tôc gia  	7	99	14	35414000
[money]	xxll201	321qwe	C¸i Bang TÜnh y  	7	99	20000000	43382101
[money]	quangvuha90	45345345	ThiÕu L©m vâ t¨ng  	0	99	0	40998500
[money]	jjtjaa1	564485	ThiÕu L©m vâ t¨ng  	7	99	20000000	40998500
[money]	juffx159	5Déc§aT×nh	HiÖp §éc  	7	99	0	41000100
[money]	bestbun1	68iXvacHôtSml	ThiÕu L©m vâ t¨ng  	7	99	16	21568452
[money]	kunthuyen02	adadasdsad	ThiÕu L©m vâ t¨ng  	7	99	0	41538000
[money]	xuantuan66	ADxCSSieuMUP	Tµ §éc  	7	99	20000000	40998500
[money]	xuantuan33	ADxTuÊnCiuTo	D­¬ng M«n Cung Kþ  	7	99	156000015	38974000
[money]	xuantuan33	ADxTuÊnSiuMóp	ThiÕu L©m vâ t¨ng  	7	99	1347183613	15610500
[money]	hoplp146	alibabs	ThiÕu L©m vâ t¨ng  	7	99	0	49929500
[money]	cbbeo1	Aloalo123	ThiÕu L©m vâ t¨ng  	7	99	20000025	32890890
[money]	minhcusut2019	AnhDaTroLai	ThiÕu L©m vâ t¨ng  	7	99	0	18358052
[money]	43017lam	AnhHïngX¹§iªu	ThiÕu L©m vâ t¨ng  	7	99	195320561	75851000
[money]	19001560	AnhLaoLamSon	C¸i Bang TÜnh y  	7	99	24	31700100
[money]	anhtrongdz	AnhTrongG	V« m«n ph¸i  	0	95	254445222	34493017
[money]	hitpro	anlnhe	ThiÕu L©m vâ t¨ng  	7	99	0	41000000
[money]	nam2211	Anxiety	ThiÕu L©m vâ t¨ng  	7	99	54674582	31638229
[money]	datkyo1998	asd124	ThiÕu L©m vâ t¨ng  	7	99	1	20846810
[money]	diachu02	asdasdasd	Nga My xuÊt gia  	7	99	0	40995500
[money]	diachu01	asdasdsd	D­¬ng M«n Cung Kþ  	7	99	1100082	46420975
[money]	tunghndt009	asdsasad	ThiÕu L©m vâ t¨ng  	7	99	0	40258201
[money]	thanhtinh2	AsuNaa	Nga My xuÊt gia  	0	99	0	40998600
[money]	pkcuimia1	ATanDaiHiep	ThiÕu L©m vâ t¨ng  	7	99	0	41000000
[money]	pkcuimia2	ATanDaiHiep02	ThiÕu L©m vâ t¨ng  	7	99	75000000	50000000
[money]	mdbinh	Authentic	Tµ §éc  	7	99	0	18596100
[money]	volamlivk	BabyFag	ThiÕu L©m thiÒn t¨ng  	7	99	0	19087000
[money]	kuphoc2000	BachLong	D­¬ng M«n th­¬ng Kþ  	7	99	34783732	96364460
[money]	shinky1	BaGomT	Nga My xuÊt gia  	7	99	21	49197000
[money]	kidred	BãngGi¶Trai	Nga My tôc gia  	7	99	0	34440000
[money]	manhhung1997	Baybayyyy	Nga My xuÊt gia  	7	99	0	41600001
[money]	linhpro147147	BeBuz1	ThiÕu L©m vâ t¨ng  	7	99	1	38576232
[money]	truonghaibinh99	BeCao789	Nga My xuÊt gia  	7	99	0	50000000
[money]	phuoc1233vn	bègiµFK®ÓF9	ThiÕu L©m vâ t¨ng  	7	99	0	33000000
[money]	phuoc1255vn2019	BèG×aPK§Ò3F9	ThiÕu L©m vâ t¨ng  	7	99	0	32997500
[money]	phuoc1233vn	BèG×a§åS¸t	ThiÕu L©m vâ t¨ng  	7	99	0	17000000
[money]	longksl198	BeTapBuff	Nga My xuÊt gia  	7	99	244398353	41402500
[money]	linhpro123123	BezBut	Nga My xuÊt gia  	7	99	0	37799000
[money]	bphuong101	BFFConB­ímXinh	Vâ §ang tôc gia  	7	99	16	17000000
[money]	cuoctinh100	BimBim	ThiÕu L©m vâ t¨ng  	7	99	296660020	20040000
[money]	luanluan3	binbin	ThiÕu L©m vâ t¨ng  	7	99	0	40995500
[money]	truonghaibinh99	BinhCaCa	HiÖp §éc  	7	99	15126	95119225
[money]	anhcloudnine1	BlackLA	ThiÕu L©m vâ t¨ng  	7	99	0	41000000
[money]	cnghia11	BôngBùBóBãng	ThiÕu L©m vâ t¨ng  	0	99	115940000	32649000
[money]	supertmt1988	BoTreCon	§­êng M«n phæ th«ng  	7	99	6271143	19041000
[money]	supertmt1988	BoTreConz	D­¬ng M«n th­¬ng Kþ  	7	99	0	40101480
[money]	welinegen1996	BouchraVanPersie	Nga My xuÊt gia  	7	99	20000000	38265500
[money]	bongrith40500	brorith01	C¸i Bang ¤ Y  	7	99	0	37420705
[money]	dongdubai1	BuffChoDuBai	Nga My xuÊt gia  	7	99	33946671	40892500
[money]	anhhao222222	BufFFFFFF	Nga My xuÊt gia  	7	99	0	16358500
[money]	chuong1	Buffnhulol	Nga My xuÊt gia  	7	99	52055632	33240000
[money]	buixuanbao1997	BuiXuan	ThiÕu L©m vâ t¨ng  	7	99	22442737	33743656
[money]	buixuanbao1997	BUIXUANBAO	Vâ §ang tôc gia  	7	99	0	23213655
[money]	kalima1	BupFhe88	Nga My xuÊt gia  	7	99	75803828	33558486
[money]	phuoc1233vn	BåG×a§åS¸t	ThiÕu L©m vâ t¨ng  	7	99	0	17000000
[money]	zdieukhang2	B¶oTiªn	Thóy Yªn Vò Tiªn  	7	99	12500461	36249550
[money]	quyenlamthieu	CaFe1111	ThiÕu L©m vâ t¨ng  	7	99	70577510	18796500
[money]	kiemmynga	CaFe2222	Nga My xuÊt gia  	7	99	23000000	23125000
[money]	onthanhmy001	CamLanSuc	Nga My xuÊt gia  	7	99	14	36778776
[money]	admin123	caubevang99x	ThiÕu L©m vâ t¨ng  	7	99	5	40998500
[money]	hoilamgi1	caveBUFF	Nga My xuÊt gia  	0	99	0	27999262
[money]	volam2	CaVeTeLe	Tµ §éc  	7	99	1	40998500
[money]	trunghihi2003	CËn9§é	ThiÕu L©m vâ t¨ng  	7	99	20000019	20988500
[money]	acctrang1997	CËu3SayL¾k	C¸i Bang ¤ Y  	7	99	18	40216500
[money]	antonioz	CËuBÐBuån	ThiÕu L©m vâ t¨ng  	7	99	6	31124610
[money]	cailolgithe	CËuBÐB¸nDam	ThiÕu L©m vâ t¨ng  	7	99	41	19868470
[money]	lamdua112	ChanCaNhat	Nga My xuÊt gia  	7	99	0	45125000
[money]	lamdua111	ChanCaThot	ThiÕu L©m vâ t¨ng  	7	99	19	25028988
[money]	neumaythich2222	ChanShin	Nga My xuÊt gia  	7	99	65946489	44787616
[money]	bathinh1	ChayXeSH	ThiÕu L©m vâ t¨ng  	7	99	20000020	39758500
[money]	chuong2	Chedovlog	D­¬ng M«n Cung Kþ  	0	99	0	26738500
[money]	chevannhan3	chevannhan3	ThiÕu L©m vâ t¨ng  	0	99	0	40739500
[money]	sangvh007	ChiCaGo	Nga My xuÊt gia  	7	99	96800129	32375500
[money]	asdasd123	Chichchit	Nga My xuÊt gia  	7	99	0	21500000
[money]	honivn1996	ChienThanHoang	Vâ §ang tôc gia  	7	99	63295	27275500
[money]	jx2tutet46	ChóChØ1B¾n	D­¬ng M«n Cung Kþ  	7	99	20000000	40965000
[money]	emthoai1321	choiem	ThiÕu L©m vâ t¨ng  	7	99	0	38698500
[money]	anhchoiem123	choiem1	Nga My xuÊt gia  	7	99	0	32037000
[money]	kuphoc1998	ChuChiNhuoc	Nga My xuÊt gia  	7	99	12546658	95684208
[money]	ruisekhung1106	ChuChØNh­îc	D­¬ng M«n th­¬ng Kþ  	7	99	0	41000000
[money]	vaicailoll	ChÆtPh¸tLªnTrêi	ThiÕu L©m tôc gia  	7	99	38120019	50000000
[money]	satthucamtruong	Ch©nSótMíiNæi	ThiÕu L©m vâ t¨ng  	7	99	258000094	14145000
[money]	bphuong103	ChÞDËu	Nga My xuÊt gia  	7	99	27	47155500
[money]	trungninh1508	ConGaCon	ThiÕu L©m vâ t¨ng  	7	99	20000003	39997000
[money]	trungninh15082	ConMeoCon	Nga My xuÊt gia  	7	99	0	38033331
[money]	minh321a	ConTrauVL	ThiÕu L©m vâ t¨ng  	7	99	410105744	99993000
[money]	43017lam2	CoSuCuaLam	Tµ §éc  	7	99	163644113	37898500
[money]	quyen95	CristianoRonaldo	ThiÕu L©m vâ t¨ng  	7	99	11567651	10230948
[money]	quyen9995	CristinaFerreir	Tµ §éc  	7	99	3156492200	34333400
[money]	lamphong	Crys1S	D­¬ng M«n Cung Kþ  	7	99	0	37340000
[money]	cnghia5	CSzzzzz	Tµ §éc  	7	99	20000000	40998500
[money]	haducanh111tq	CöuV©nLong	ThiÕu L©m vâ t¨ng  	7	99	18	30020738
[money]	antoniox	C«BÐBuån	Nga My xuÊt gia  	7	99	20000018	50000000
[money]	cailolcho	C«BÐB¸nTrinh	Nga My xuÊt gia  	7	99	18	21234000
[money]	xuantuan44	C«ThÊmSiuMóp	Nga My xuÊt gia  	7	99	43076706	37384942
[money]	cothamkhongve	C«Th¾mHængD×a	ThiÕu L©m vâ t¨ng  	7	99	39	16764315
[money]	cothamkove	C«Th¾m§·Z×a	Nga My xuÊt gia  	7	99	0	11949107
[money]	0976382117	C¾nKhÊc	§­êng M«n phæ th«ng  	7	99	27762418	19318000
[money]	global3	d2da2ds2adas	Vâ §ang ®¹o gia  	0	99	0	30480000
[money]	micmap01	DaiCaBi	ThiÕu L©m vâ t¨ng  	7	99	0	30908607
[money]	amxvippr01	DaiMinhTinh	ThiÕu L©m vâ t¨ng  	7	99	0	40997007
[money]	ucnhi2011	daocc1	ThiÕu L©m vâ t¨ng  	0	99	0	30432500
[money]	queonhoc1	dasdas	Nga My tôc gia  	7	99	0	35415500
[money]	ucnhi2014	dasdasas	D­¬ng M«n th­¬ng Kþ  	0	99	0	30517000
[money]	ucnhi2012	dasdsa	ThiÕu L©m tôc gia  	0	99	0	30705500
[money]	ucnhi2013	dasdsdas	Vâ §ang tôc gia  	0	99	0	30732500
[money]	laotonxz	DÐpT«ngLµo	ThiÕu L©m vâ t¨ng  	7	99	0	21495539
[money]	kutit17t	DeathLotuss	D­¬ng M«n Cung Kþ  	7	99	880567	50000000
[money]	chem001	DGCxKenBii	D­¬ng M«n Cung Kþ  	7	99	78198584	25958000
[money]	truong6007	DGTTTTTTTTTTTT	D­¬ng M«n th­¬ng Kþ  	7	99	22000032	43809000
[money]	gaiditbu1	DiÖpThiÕuD­¬ng	D­¬ng M«n Cung Kþ  	7	99	0	36000000
[money]	dimeemcr	DjCayz	D­¬ng M«n Cung Kþ  	0	99	20000000	40850000
[money]	lqthanhbl	DocCoCauBai	HiÖp §éc  	7	99	284645213	38940002
[money]	kimdiem	DoiNhuLz	C¸i Bang ¤ Y  	0	99	0	40920000
[money]	queonhoc3	dsadasd1	ThiÕu L©m vâ t¨ng  	7	99	0	41000000
[money]	haiquyhop	duhocsinh	ThiÕu L©m vâ t¨ng  	7	99	7021800	30287625
[money]	choxuanpqkg	dunglaxucpq	Vâ §ang tôc gia  	7	99	0	41000000
[money]	longksl195	EmLaNamDoc	HiÖp §éc  	7	99	4050000015	42790000
[money]	longksl197	EmTapSut	ThiÕu L©m vâ t¨ng  	7	99	362282331	29906971
[money]	amxvippr03	EmVeOngMatTroi	Vâ §ang tôc gia  	7	99	0	17000000
[money]	queonhoc1	emyeuanh	Nga My tôc gia  	7	99	0	41000000
[money]	ucnhi2016	fasdfsd	D­¬ng M«n th­¬ng Kþ  	0	99	0	20430000
[money]	ucnhi2015	fasfassa	Vâ §ang tôc gia  	0	99	0	20400000
[money]	kuronasy	Full9x	C¸i Bang ¤ Y  	7	99	20000000	40758500
[money]	micmap01	GÊu§en	§­êng M«n phæ th«ng  	7	99	0	37748500
[money]	gnourt	Gnourt	C¸i Bang TÜnh y  	7	99	20000022	37898500
[money]	luanvan05	GODzZlUaNICV	ThiÕu L©m vâ t¨ng  	7	99	0	41000000
[money]	gapro11	HacCoNuong	HiÖp §éc  	7	99	0	41000000
[money]	kharal1997	HanhPhucKhiCoEm	ThiÕu L©m vâ t¨ng  	7	99	295000024	13411230
[money]	quanhtn982	Haydoiday	Nga My xuÊt gia  	7	99	20000000	11218765
[money]	juffx159	HD®at×nh	HiÖp §éc  	7	99	8660836	15336129
[money]	bapcaile	helloae	ThiÕu L©m vâ t¨ng  	7	99	7628168	27937500
[money]	thai609	HieuPhuong	Nga My tôc gia  	7	99	0	31998511
[money]	maidung	HoaiNiem1Thoi	ThiÕu L©m vâ t¨ng  	7	99	0	45157500
[money]	tichuotlongtong4	HoangDuBai	ThiÕu L©m vâ t¨ng  	7	99	0	13272820
[money]	kuphoc1999	HoaTieu	HiÖp §éc  	7	99	18894360	92300272
[money]	bone3ngon	HótNh­Kotex	§­êng M«n phæ th«ng  	7	99	0	23647717
[money]	vankhiem	Ho¶C«ng§Çu	ThiÕu L©m vâ t¨ng  	7	99	0	21104732
[money]	sinny1	Ho¾cNguyªnGi¸p	D­¬ng M«n th­¬ng Kþ  	7	99	53	41000700
[money]	soidaika96x	HPzDarkLord	ThiÕu L©m vâ t¨ng  	7	99	1000021	22375880
[money]	soidaika96xx	HPzNMKzz	Nga My xuÊt gia  	7	99	1000000	38737800
[money]	quyen99995	HugoAveiro	ThiÕu L©m vâ t¨ng  	7	99	28	54295988
[money]	hplamduyen	Huyenngoc	HiÖp §éc  	7	99	2865	25896730
[money]	vaicailoll1	H­ëngC«N­¬ng	Nga My tôc gia  	7	99	20000000	34040000
[money]	vaicailoll1	H­ëngLôcMôi	Nga My xuÊt gia  	7	99	0	10495500
[money]	duykaka1	HµLinhPhiªu	Nga My xuÊt gia  	7	99	96150000	28848580
[money]	vovantamnt2k	i2CËuBÐMïa§«ng	ThiÕu L©m vâ t¨ng  	7	99	0	50000000
[money]	thunter000	i49B¸cHµngXãmPk	ThiÕu L©m vâ t¨ng  	7	99	2005036	34744272
[money]	phucthinh1	i71xThÞnh§«La	ThiÕu L©m vâ t¨ng  	7	99	0	40950000
[money]	gahamxa17051995	i84ThuËnGßm	ThiÕu L©m vâ t¨ng  	7	99	15	17539611
[money]	trannam198	i89zBÐBuff	Nga My xuÊt gia  	0	99	0	29122600
[money]	trannam197	i89zTrÇnDÇn	Vâ §ang tôc gia  	7	99	884079364	35240972
[money]	mariopham1	iBanana	Nga My xuÊt gia  	7	99	51811272	35672500
[money]	cuoctinh101	iBimBim	Nga My xuÊt gia  	7	99	20000000	26878500
[money]	dancobra	IBMKingDomMe	ThiÕu L©m vâ t¨ng  	7	99	0	14320000
[money]	sajnz01	iBusuzima	ThiÕu L©m vâ t¨ng  	7	99	735356193	38628520
[money]	0963994773	iBµnCh©nBÈn	ThiÕu L©m vâ t¨ng  	7	99	8775416921	12454584
[money]	sajnz03	iChangz	ThiÕu L©m vâ t¨ng  	7	99	8099047336	20547397
[money]	ckmanduy1	iChanh	Tµ §éc  	7	99	1000000	11356500
[money]	mariopham	iChuèi	Nga My tôc gia  	7	99	21000005	42288000
[money]	hoplp149	iDCxDestroy	ThiÕu L©m vâ t¨ng  	7	99	20074501	26441755
[money]	hoplp148	iDCxSunNy	Nga My xuÊt gia  	7	99	18	34463130
[money]	kingofwar2	iDlxTraDa	Tµ §éc  	7	99	2120680000	50000000
[money]	kingofwar	iDLxTraSua	ThiÕu L©m vâ t¨ng  	7	99	486460017	20285821
[money]	kingofwar1	iDlxTuongVi	Nga My xuÊt gia  	7	99	297460025	25472866
[money]	kcibpa	iF67zNhÝÝ§zaiOMG	ThiÕu L©m vâ t¨ng  	7	99	0	16400000
[money]	volam1998a	iGioMuaThu	Nga My xuÊt gia  	7	99	0	16998500
[money]	volam1998a	iGioMuaXuan	Nga My xuÊt gia  	7	99	0	40950000
[money]	khanhnam111	iHçTRîMaiT¸ng	Nga My xuÊt gia  	7	99	0	26520000
[money]	global1	iHKMzNhiNhi	Nga My xuÊt gia  	7	99	0	44240000
[money]	global	iHKMz§¹iS­Huynh	ThiÕu L©m vâ t¨ng  	7	99	18	44588863
[money]	gumihocuoi	iHNx0NgäcN÷Zeo	Nga My xuÊt gia  	7	99	25	16335500
[money]	zlkhanglz150	iHNxMaCungMC	D­¬ng M«n Cung Kþ  	7	99	20000022	21170738
[money]	gumihobuon	iHNxNgäcCÇmThiªn	Nga My tôc gia  	7	99	0	26020000
[money]	kilthem96	iHPHoahOa	Nga My xuÊt gia  	7	99	20000019	14956300
[money]	kilthem3	iHPLinhMiªu	Tµ §éc  	7	99	1795000	40475500
[money]	kilthem1	iHPNgùMiªu	ThiÕu L©m vâ t¨ng  	7	99	21845034	21732890
[money]	kilthem2	iHP§ÑpZaiKhoaiTo	ThiÕu L©m vâ t¨ng  	0	99	21795020	21095920
[money]	minh1234ct	iHRz1§êiCave	Nga My xuÊt gia  	7	99	0	31858500
[money]	minh123ct	iHRzMinhKK	ThiÕu L©m vâ t¨ng  	7	99	2853	13980450
[money]	boboy06	iHTxBXTeo	Nga My xuÊt gia  	7	99	2850000012	50000000
[money]	boboy05	iHTxTeo	ThiÕu L©m vâ t¨ng  	7	99	20000026	25960337
[money]	cbq1999vn	iiAnh3	C¸i Bang TÜnh y  	7	99	20	41139050
[money]	thudukg1	iiHanzo	§­êng M«n phæ th«ng  	7	99	0	20265151
[money]	hienvienthanhde	iiHNxDaiDe	§­êng M«n phæ th«ng  	7	99	0	19218346
[money]	minh123q1	iiHoaiThien	ThiÕu L©m vâ t¨ng  	7	99	7764701	15809968
[money]	hoangsolk5	iIiHoangSuPhu	ThiÕu L©m vâ t¨ng  	7	99	20325023	33857500
[money]	volam1998a	iiM©yMïaThu	ThiÕu L©m vâ t¨ng  	7	99	0	40600000
[money]	khanhnam000	iIxBólzDånxDame	ThiÕu L©m vâ t¨ng  	7	99	11	25541975
[money]	minh1234q1	iixDoun	Nga My xuÊt gia  	7	99	7762444	28533253
[money]	bphuong101	Ii¤ngGi¸oIi	ThiÕu L©m vâ t¨ng  	7	99	13	13610510
[money]	xeluvaxeca11	iJeeny	HiÖp §éc  	7	99	0	40998500
[money]	xeluvaxeca11	iJerry	D­¬ng M«n th­¬ng Kþ  	7	99	0	30273508
[money]	phn0304	iKTCiiBlue	ThiÕu L©m vâ t¨ng  	7	99	0	10040064
[money]	phn2004	iKTCizPink	Nga My xuÊt gia  	7	99	0	36862500
[money]	tranvietzx	iLucKaKa	ThiÕu L©m vâ t¨ng  	7	99	115000017	29044266
[money]	tranvietzxc	iLucTyTy	Nga My xuÊt gia  	7	99	21	37500000
[money]	huycoc94	iMét§¸BayMâm	ThiÕu L©m vâ t¨ng  	7	99	15	62997846
[money]	ckmanduy2	iNgoanCãTiÕng	ThiÕu L©m thiÒn t¨ng  	7	99	124736252	20640000
[money]	cuoctinh1000vn	iOizMrDartMaNo1	ThiÕu L©m vâ t¨ng  	7	99	2096000000	33361484
[money]	nguyen2019	ioNguyenConHeo	ThiÕu L©m vâ t¨ng  	7	99	110000000	49939000
[money]	tunghndt009	iooButVeMaQuy	Vâ §ang tôc gia  	7	99	0	33000000
[money]	test20082007	iOsGaiNganh	Nga My xuÊt gia  	7	99	0	39640000
[money]	diennnbtzz	iphone	D­¬ng M«n Cung Kþ  	7	99	48	38018508
[money]	kienars	iPhone5S	ThiÕu L©m vâ t¨ng  	7	99	0	37360000
[money]	mariopham2	iSenofChuèi	D­¬ng M«n Cung Kþ  	0	99	0	43954000
[money]	v1s4oth30127	iSGzHoaB»ngL¨ng	ThiÕu L©m vâ t¨ng  	0	99	0	38796500
[money]	proilo135	iSiNiChiZz	ThiÕu L©m vâ t¨ng  	7	99	424329676	20540000
[money]	hotfood12	IsToXic	ThiÕu L©m vâ t¨ng  	7	99	241674619	15465685
[money]	ongbutfa00	iSTzThÝchCµKhÞa	ThiÕu L©m vâ t¨ng  	7	99	1211664601	16131759
[money]	sonbeo1	isxxBeo	ThiÕu L©m vâ t¨ng  	7	99	19	22008746
[money]	sonbeo2	isxxBeu	Nga My xuÊt gia  	7	99	0	39880000
[money]	playcd3	iSxxChan	ThiÕu L©m vâ t¨ng  	7	99	2305000000	45148050
[money]	playcd2	iSxxNgµyBªnAnh	Nga My xuÊt gia  	7	99	0	16012136
[money]	playcd1	iSxxNgµyBªnEm	ThiÕu L©m vâ t¨ng  	7	99	17	16165222
[money]	binhtinfifa2196	ISxxxDingLaDeng	ThiÕu L©m vâ t¨ng  	7	99	0	40950000
[money]	kephieubac85	IS§écC«CÇuB¹ii	ThiÕu L©m vâ t¨ng  	7	99	20000000	31680000
[money]	quockhanhla1	iThayTuChayXeLu	ThiÕu L©m vâ t¨ng  	7	99	0	11271000
[money]	meliodas98	iTHzMeoCaCa	ThiÕu L©m vâ t¨ng  	7	99	611810858	19715500
[money]	gamelol1cv	iTNzFAn3GAN01	ThiÕu L©m vâ t¨ng  	7	99	0	33907422
[money]	vancuong11	iVanCuong	ThiÕu L©m vâ t¨ng  	7	99	14	38060237
[money]	playcd3	IxssNgµyV¾ngEm	ThiÕu L©m vâ t¨ng  	0	99	0	20875940
[money]	cnghia0	izBiLy	Nga My xuÊt gia  	7	99	22238300	16140000
[money]	vola0912	izBKVz1102	ThiÕu L©m vâ t¨ng  	7	99	0	36805502
[money]	hai1234	Javsep	Nga My xuÊt gia  	7	99	0	15268611
[money]	nam22111	Jennie	Nga My xuÊt gia  	7	99	23238300	16571619
[money]	tkgame0ve	Jx1vacDi	ThiÕu L©m vâ t¨ng  	7	99	15	40997000
[money]	daipilldz	Jx2Anna	Nga My xuÊt gia  	7	99	0	37960000
[money]	nhuthikhong999	Jx2BeoBeo	ThiÕu L©m vâ t¨ng  	7	99	4881427	27056582
[money]	niemmino1	jx2Bepyy	ThiÕu L©m vâ t¨ng  	7	99	20000000	35437000
[money]	ethangkia182	Jx2BeSu	Nga My xuÊt gia  	7	99	19	39600000
[money]	haianh95	Jx2BeTunzZ	ThiÕu L©m vâ t¨ng  	7	99	0	40760000
[money]	ethangkia182	Jx2BeXinh	Nga My xuÊt gia  	7	99	302303744	44906844
[money]	zaqwerty6	Jx2BinBungBu	ThiÕu L©m vâ t¨ng  	7	99	20000000	16000000
[money]	thuantun97	Jx2BinhThuan	ThiÕu L©m vâ t¨ng  	7	99	0	40680000
[money]	40dadaa	Jx2CaVe	Nga My xuÊt gia  	7	99	0	37798500
[money]	admintrastor	Jx2CuBi	ThiÕu L©m thiÒn t¨ng  	7	99	0	40000000
[money]	fptsoftware	Jx2CæThiªnL¹c	ThiÕu L©m vâ t¨ng  	7	99	0	35398500
[money]	kr1997	jx2dao	ThiÕu L©m tôc gia  	7	99	0	10929501
[money]	ethangkia181	Jx2EmBanTia	D­¬ng M«n Cung Kþ  	7	99	2310127515	84051853
[money]	sajnz02	jx2HongHoa	Nga My xuÊt gia  	7	99	197245989	33879000
[money]	cloneati009	Jx2HuyÒnTõ1	ThiÕu L©m vâ t¨ng  	7	99	113822423	31680996
[money]	cloneati008	Jx2huyÒnT©m	Nga My xuÊt gia  	7	99	0	30440000
[money]	toiyeuvolam2	Jx2iConGaCon	ThiÕu L©m vâ t¨ng  	7	99	0	34306003
[money]	thudukg1	jx2iiHanzo	D­¬ng M«n Cung Kþ  	7	99	20000000	22559886
[money]	toiyeuvolam2	Jx2iYuiHatano	Nga My tôc gia  	7	99	0	38000000
[money]	zaqwerty3	Jx2JusTinLam	V« m«n ph¸i  	0	82	166565305	21730014
[money]	thaisoniec1201	Jx2LaHan	ThiÕu L©m vâ t¨ng  	7	99	0	21015000
[money]	ucnhi2010	jx2LamThien	ThiÕu L©m vâ t¨ng  	7	99	842300021	50000000
[money]	zaqwerty5	Jx2LangQuen	Vâ §ang ®¹o gia  	7	99	20000000	36428001
[money]	kr1998	jx2logga	Nga My xuÊt gia  	7	99	0	27698500
[money]	lamdua111	Jx2LVD1107	ThiÕu L©m thiÒn t¨ng  	7	99	20000020	37640000
[money]	thuantun97	Jx2NerVerDIe	ThiÕu L©m vâ t¨ng  	7	99	20000000	37800000
[money]	lamnhiemvu0	Jx2Nhinhi	D­¬ng M«n Cung Kþ  	7	99	0	26960006
[money]	phuquy15235	Jx2Pill	ThiÕu L©m vâ t¨ng  	7	99	20000020	39668000
[money]	zaqwerty1	Jx2QuanVu	D­¬ng M«n th­¬ng Kþ  	7	99	84980560	39600000
[money]	qminhgiao01	Jx2Quay	ThiÕu L©m vâ t¨ng  	7	99	20000000	35454000
[money]	haunii1	Jx2ThÇnTh­¬ng	D­¬ng M«n th­¬ng Kþ  	7	99	0	41000000
[money]	zaqwerty5	Jx2ThietThuong	D­¬ng M«n th­¬ng Kþ  	0	59	7791839	29880134
[money]	thaiduy1	Jx2TLQiBr	ThiÕu L©m vâ t¨ng  	7	99	625000011	27410000
[money]	jx2vani	Jx2Vani	ThiÕu L©m vâ t¨ng  	7	99	1386062	39883521
[money]	duy123	jx2viet001	ThiÕu L©m vâ t¨ng  	0	99	63960000	35939000
[money]	duy1234	jx2viet002	ThiÕu L©m vâ t¨ng  	0	99	63960000	35939000
[money]	duy12345	jx2viet003	ThiÕu L©m vâ t¨ng  	0	99	33650328	20939000
[money]	chientranlv	JX2VLTK	ThiÕu L©m vâ t¨ng  	7	99	18	40900000
[money]	jx2xeon	Jx2Xeon	Nga My xuÊt gia  	7	99	1215533	16944000
[money]	kalima	KaLiMa	§­êng M«n phæ th«ng  	7	99	145013897	39488198
[money]	diachu01	Kem7Mµu	HiÖp §éc  	7	99	3001062	37361325
[money]	nambui3994	KenShin	§­êng M«n phæ th«ng  	7	99	20	40677000
[money]	khanhcuden2202	KhanhCuDen	ThiÕu L©m vâ t¨ng  	7	99	17	16097000
[money]	banguoinung1997	KhoaiTay	ThiÕu L©m vâ t¨ng  	7	99	20000000	18318137
[money]	banguoinung1997	KhoaiTo	ThiÕu L©m vâ t¨ng  	7	99	0	19998000
[money]	satthucamtruong2	Kh«ngBuffChïa	Nga My xuÊt gia  	7	99	22	21500000
[money]	accrac1	Kh«ng¡nMùc	C¸i Bang TÜnh y  	7	99	992372	38946490
[money]	cuteo123	KimPhat	ThiÕu L©m vâ t¨ng  	7	99	0	40902407
[money]	43017lam1	KiÕm§ÑpG¸i	Nga My xuÊt gia  	7	99	163644152	34372500
[money]	duyquy447	KiÕpCÇm§µn	Nga My tôc gia  	7	99	0	17000000
[money]	thanhtinh1	KiriTo	ThiÕu L©m thiÒn t¨ng  	7	99	9	18257309
[money]	zazbzc02	KKongZheng	Nga My xuÊt gia  	7	99	20000000	17000000
[money]	zazbzc01	KongZheng	ThiÕu L©m vâ t¨ng  	7	99	20000023	49000000
[money]	ledongnhat1	KoTexJX2	ThiÕu L©m vâ t¨ng  	7	99	20000016	21146782
[money]	ledongnhat2	KoTexJx2NMK	Nga My xuÊt gia  	7	99	20000000	14234000
[money]	hungyen1	KuChØNg­îc	Nga My xuÊt gia  	7	99	23	27817000
[money]	welinegen1	KylianMbappe	ThiÕu L©m thiÒn t¨ng  	7	99	4875000016	33257000
[money]	thienddd1	KüN÷Diva	Nga My xuÊt gia  	7	99	1000055	15330004
[money]	nnl280200	LeThanhh	Vâ §ang ®¹o gia  	7	99	242065	15236100
[money]	nnl280203	LeThanhND	HiÖp §éc  	7	99	249612	16774000
[money]	nnl280202	LeThanhNM	Nga My xuÊt gia  	7	99	7431915	16995500
[money]	honghai1	Lijkey	ThiÕu L©m vâ t¨ng  	7	99	0	17536500
[money]	dinhlaquyen1995	LilianaCatiaAvei	C¸i Bang TÜnh y  	0	99	0	39620000
[money]	ruisekhung1106	LinhNhi	Vâ §ang tôc gia  	7	99	63023	10589910
[money]	0976382117	LiÕmKhÊc	ThiÕu L©m thiÒn t¨ng  	7	99	39450954	38800023
[money]	bestbun2	liuliu	Nga My xuÊt gia  	7	99	0	40998500
[money]	honeylee1	LPBxKhangKiÖn	Vâ §ang tôc gia  	7	99	21231900	27090940
[money]	songuku1991	LucKyLuc	C¸i Bang ¤ Y  	7	99	6000552	34500005
[money]	gasmyquang	LªnhHåR¨ng	D­¬ng M«n th­¬ng Kþ  	7	99	9000063	30192500
[money]	quandtu	MANHHO	ThiÕu L©m vâ t¨ng  	7	99	0	39802500
[money]	0942946246qt	ManhKhoi	D­¬ng M«n Cung Kþ  	7	99	18	50000000
[money]	supertmt1989	MaTreCon	Nga My xuÊt gia  	7	99	3762657	13020500
[money]	mautim1	MechBay	ThiÕu L©m vâ t¨ng  	7	99	41	36000000
[money]	caothinhhanh	MËpCÇmSóng	ThiÕu L©m vâ t¨ng  	0	80	18648236	18634560
[money]	nhoccamdao1	MimiAa	Nga My tôc gia  	7	99	0	40998500
[money]	meo123	MinhSeoul	ThiÕu L©m vâ t¨ng  	7	99	18	40947000
[money]	amxvippr02	MinhTinh	Nga My xuÊt gia  	7	99	14920903	49998500
[money]	saccun	MinhTu	D­¬ng M«n Cung Kþ  	7	99	12	37558500
[money]	saccun	MinhTus	Vâ §ang ®¹o gia  	7	99	0	40998500
[money]	laotonxz	MiuMiu	Nga My tôc gia  	7	99	0	41000000
[money]	anhtrong2	Móa§iEm	Thóy Yªn Vò Tiªn  	7	99	12500458	34248050
[money]	daikanat	MoDungTruyPhong	Vâ §ang tôc gia  	7	99	1	40995500
[money]	dophuongthao	mrBeen	Vâ §ang ®¹o gia  	7	99	53	29950408
[money]	nammai2931994	NamDuPaiii	ThiÕu L©m vâ t¨ng  	0	99	1370000022	38538500
[money]	thienhaihn	NaNaXjnh	§­êng M«n phæ th«ng  	7	99	2400030	38729472
[money]	ngoanhtu3101	NBCiBaoChan	ThiÕu L©m vâ t¨ng  	7	99	0	18707000
[money]	quandtu	NgaMyCave	Nga My xuÊt gia  	7	99	32709940	33479522
[money]	nghiahiengia	NghiaHienGia	C¸i Bang TÜnh y  	7	99	758323	39816000
[money]	0976382115	NghÑnKhÊc	C¸i Bang TÜnh y  	7	99	20000000	39698500
[money]	anhhao88888	NgòThÕHµo	ThiÕu L©m vâ t¨ng  	7	99	850000000	10235500
[money]	caotuan	Nguyet	C¸i Bang ¤ Y  	7	99	0	25778000
[money]	chochoimeo191	NhatCuocQuyTien	ThiÕu L©m vâ t¨ng  	7	99	0	41000000
[money]	thanhlxag1206	NhokThanh	D­¬ng M«n th­¬ng Kþ  	7	99	25100062	39674113
[money]	huycong1955	NiCoDapDa1	Nga My xuÊt gia  	7	99	26	36232500
[money]	sakaya	NMKNoHoop	Nga My xuÊt gia  	7	99	650843838	10662250
[money]	thuychi2	NMKs2ss	Nga My xuÊt gia  	7	99	4	40998500
[money]	thanhlxag120601	NMKvIp	Nga My xuÊt gia  	7	99	0	21500110
[money]	chem002	NMKxSinny	Nga My xuÊt gia  	7	99	21000009	21602253
[money]	sakaya1999	NoHoop	ThiÕu L©m vâ t¨ng  	7	99	141832284	23219669
[money]	mackeno	NoLong1	ThiÕu L©m vâ t¨ng  	7	99	60000021	12394913
[money]	hotfood13	NópLïm§uæiBãng	ThiÕu L©m thiÒn t¨ng  	7	99	30085062	36216007
[money]	kuphoc2001	NuHoangHaiTac	C¸i Bang TÜnh y  	7	99	15	40882600
[money]	quanhtn981	NuPaKaChi	ThiÕu L©m vâ t¨ng  	7	99	20000035	24718072
[money]	vodangvc2014	o0oS2CæS­T×nhS2	Tµ §éc  	7	99	14763631	24149146
[money]	vodangvc2013	o0oS2NhËmDoanhS2	Nga My xuÊt gia  	7	99	9762538	16998500
[money]	vodangvc2012	o0oS2XÝchL©nS2	HiÖp §éc  	7	99	233473068	21841224
[money]	qwe00zz	oB52oBinn§z	ThiÕu L©m vâ t¨ng  	7	99	0	11998500
[money]	duyquy442	OneSut	ThiÕu L©m vâ t¨ng  	7	99	20000000	41000000
[money]	zaolong1509	oooKillooo	ThiÕu L©m vâ t¨ng  	7	99	20000000	23917788
[money]	linh609	oOoVenus	Nga My xuÊt gia  	7	99	0	41000000
[money]	khanhhung0610	oS2oLiÖuTaCßnYªu	D­¬ng M«n Cung Kþ  	7	99	1323485	31853000
[money]	linhminh0610	oS2oZzzNMK	Nga My xuÊt gia  	7	99	21425402	31743000
[money]	elvjstu2	oSHBoBoom	ThiÕu L©m vâ t¨ng  	7	99	0	38918500
[money]	phongvuong2	oSoNhatLinh	Nga My tôc gia  	7	99	18	37128230
[money]	phongvuong1	oSoNh©tPhuong	Nga My xuÊt gia  	7	99	20000022	40000000
[money]	onthanhmy0	PeDeCaMau	ThiÕu L©m vâ t¨ng  	7	99	7643	21814395
[money]	buigiangoc	PhaiDeoAiChoi	C¸i Bang ¤ Y  	7	99	22189455	49710000
[money]	mautim2	Phiphi	D­¬ng M«n th­¬ng Kþ  	7	99	20000038	41000000
[money]	minh321a	phirnoxsa	Vâ §ang tôc gia  	7	99	0	28360000
[money]	phonghoa	phonghoa	C¸i Bang ¤ Y  	7	99	39	37784369
[money]	unopin	PhucPin	ThiÕu L©m vâ t¨ng  	7	99	1100029	49800000
[money]	buiphucuong	PhuCuong	ThiÕu L©m vâ t¨ng  	7	99	155000022	38100000
[money]	neumaythich1111	Ph­¬ngTh¶o	ThiÕu L©m vâ t¨ng  	7	99	0	41000000
[money]	asdasd123vn	Pinpon	ThiÕu L©m vâ t¨ng  	7	99	32	29786000
[money]	minhluan	PônPano	§­êng M«n phæ th«ng  	7	99	0	39800000
[money]	hungnghia97	QNKzAiNghia	ThiÕu L©m vâ t¨ng  	7	99	0	35068862
[money]	an123456	qqqqqqqqqqqqq	ThiÕu L©m vâ t¨ng  	7	99	410000023	26346346
[money]	amxvippr01	QuyKiemSau	Vâ §ang ®¹o gia  	7	99	0	40997000
[money]	buixuanbao1997	QuynhGiao	Nga My xuÊt gia  	7	99	0	40998500
[money]	crvo01	Qu©nMéng¦u	ThiÕu L©m vâ t¨ng  	7	99	0	11947500
[money]	thanhtinh1	RedRose	C¸i Bang TÜnh y  	7	99	0	40880000
[money]	lamuathu159357	rghdgh	ThiÕu L©m thiÒn t¨ng  	7	99	1703000391	10550000
[money]	welinegen196	RobinVanPersie	ThiÕu L©m vâ t¨ng  	7	99	26565132	12585433
[money]	nam22111	rwerwd	Vâ §ang ®¹o gia  	0	99	0	25400000
[money]	bone3ngon	S2Ghitar§iÖnS2	Nga My tôc gia  	7	99	18491792	41310000
[money]	huyhung37	s2HuyKuTeo	ThiÕu L©m vâ t¨ng  	7	99	1575000000	41111500
[money]	gicung96	S2iHaKyAnh	ThiÕu L©m vâ t¨ng  	7	99	12	26906691
[money]	gicung98	S2iHaVy	Nga My xuÊt gia  	7	99	0	18000000
[money]	tiensinh031	S2MaButNo1	Vâ §ang tôc gia  	7	99	0	32345250
[money]	dinhlaquyen195	s2oALL	ThiÕu L©m vâ t¨ng  	0	99	0	40160000
[money]	buonnguqua123	S2sTrumxZ	ThiÕu L©m vâ t¨ng  	7	99	1250000000	45228000
[money]	buonnguqua123	S2xTrumxxZ	ThiÕu L©m vâ t¨ng  	7	99	0	50000000
[money]	anhnhy123drvn	S2zOngNoiNMK	Nga My xuÊt gia  	7	99	16	37920310
[money]	sangvh07	Sang§uBai	ThiÕu L©m vâ t¨ng  	7	99	5994339298	73991397
[money]	amxvippr01	SatThien	ThiÕu L©m vâ t¨ng  	7	99	13003602	40659000
[money]	huytientdnb	satthul	ThiÕu L©m vâ t¨ng  	7	99	27080025	32051500
[money]	manhhung24011997	SaySayyyy	ThiÕu L©m vâ t¨ng  	7	99	0	17000001
[money]	manhhung24011997	SaySayyyyy	ThiÕu L©m vâ t¨ng  	7	99	0	41000000
[money]	manhhung24011997	SayySayyyy	ThiÕu L©m vâ t¨ng  	7	99	1000010	12813890
[money]	manhhung2401	SayyyEndBayyy	Tµ §éc  	7	99	2668000921	13957301
[money]	zencovantien0	sdasdsdasfasd	ThiÕu L©m vâ t¨ng  	7	99	0	41000000
[money]	lamuathu159358	sfdggsdd	Nga My xuÊt gia  	7	99	19	16997000
[money]	neumaythich1111	ShinChan	ThiÕu L©m vâ t¨ng  	7	99	62853531	45883715
[money]	bobo123	SinSin	Vâ §ang tôc gia  	7	99	20	12345500
[money]	shinky1111	SkinKi	ThiÕu L©m vâ t¨ng  	7	99	73611636	44972496
[money]	hoilamgi	SótBayQuÇnLãt	ThiÕu L©m vâ t¨ng  	7	99	13	36643449
[money]	doikotinh99	S­ngB¸VâL©m	ThiÕu L©m thiÒn t¨ng  	7	99	980000033	29245809
[money]	tai1234	TãcB¹cV×Em	ThiÕu L©m vâ t¨ng  	7	99	0	41000000
[money]	hoplp147	tajhusdf	Tµ §éc  	7	99	4	41000000
[money]	40dada	tapsut	Vâ §ang tôc gia  	7	99	0	28437000
[money]	emtaboi2	Taykiemxa	ThiÕu L©m vâ t¨ng  	0	99	0	29469500
[money]	thuhuyenofme	TBiiTLQ	ThiÕu L©m vâ t¨ng  	7	99	502955	44577905
[money]	thuhuyenofme	TBzzTLQ	ThiÕu L©m vâ t¨ng  	7	99	2960	41000950
[money]	quocbao248	TêNóThÝch§¹iTu	ThiÕu L©m vâ t¨ng  	7	99	0	40441000
[money]	tamkien97	ThanhCo	Nga My xuÊt gia  	7	99	0	40378101
[money]	dungcoi9x	ThanLong	ThiÕu L©m vâ t¨ng  	7	99	4870027	31901081
[money]	amxvippr03	ThanTien	D­¬ng M«n Cung Kþ  	7	99	19494709	35474611
[money]	thinhthao12121	thaobeo	Nga My xuÊt gia  	7	99	0	41000000
[money]	viscafcb96	ThienLongThuong	D­¬ng M«n th­¬ng Kþ  	7	99	71	76792335
[money]	jx2vietzxczxc123	thieulamquyen	ThiÕu L©m vâ t¨ng  	7	99	25120000	44792244
[money]	kinhcodon	ThiªnM«n	§­êng M«n phæ th«ng  	7	99	790000000	49360000
[money]	kiddjvu	thoiakochoi	D­¬ng M«n Cung Kþ  	7	99	1500053	12273500
[money]	kidsmonkey	Thomas	ThiÕu L©m vâ t¨ng  	7	99	1605200046	23290100
[money]	ozevip123456	ThoPheCo	ThiÕu L©m vâ t¨ng  	7	99	20	31243476
[money]	ruisekhung1101	Th¾mEm	Nga My xuÊt gia  	7	99	4818731	18121883
[money]	nguyenjina4	Thø7CµKhÞaNhÐAnh	Nga My tôc gia  	0	99	3185000	10475500
[money]	nguyenjina3	Thø7D¹oPhèNhÐEm	ThiÕu L©m vâ t¨ng  	7	99	559709557	32008940
[money]	danghung	TieuSuBa	§­êng M«n phæ th«ng  	7	99	0	40600000
[money]	malang1997	TiÓuNhaNéi	ThiÕu L©m vâ t¨ng  	7	99	6	11158996
[money]	volam2sh1234	TiÓuTuyÕt	Nga My xuÊt gia  	7	99	0	20246730
[money]	0358204178	TiÓuYTiªn	Tµ §éc  	7	99	1269218	75000000
[money]	0976382115	TLD123	ThiÕu L©m tôc gia  	7	99	20000000	40680000
[money]	0976382117	TLQ12456	ThiÕu L©m vâ t¨ng  	7	99	0	37998500
[money]	laiquocvu	TLQDoTuiBay	ThiÕu L©m vâ t¨ng  	7	99	0	28958000
[money]	hattory1111	TLQGenji	ThiÕu L©m vâ t¨ng  	7	99	0	19266391
[money]	unopin	TLQiiPhucPin	ThiÕu L©m vâ t¨ng  	0	99	25	40950000
[money]	mjkjmjkj1	TLTDASSD	ThiÕu L©m thiÒn t¨ng  	0	99	22	40899793
[money]	zlkhanglz151	tltxdamephagame	ThiÕu L©m thiÒn t¨ng  	7	99	20000023	39900450
[money]	quanmap1	TomSipVang	Nga My xuÊt gia  	7	99	0	33000000
[money]	sangtran	TranDuongGia	ThiÕu L©m vâ t¨ng  	7	99	0	41000000
[money]	nguyenduyluong20	traubo9x	Vâ §ang tôc gia  	7	99	1	24924846
[money]	thaivu2019tlq	TrÇnDÇnIsMyLife	ThiÕu L©m vâ t¨ng  	7	99	20000000	40632000
[money]	kuphoc1997	TrieuMan	Nga My tôc gia  	7	99	4200000	40879900
[money]	lmt309	TrumServerOK	D­¬ng M«n th­¬ng Kþ  	7	99	748481	39949500
[money]	truonghaibinh	TruongHaiBinh	HiÖp §éc  	7	99	23209	81736222
[money]	thuyyenbl	truongnatso	ThiÕu L©m thiÒn t¨ng  	7	99	1942182	41000000
[money]	kuphoc1996	TruongVoKy	ThiÕu L©m vâ t¨ng  	7	99	39786742	93879923
[money]	volam2	TruTriDapDa	ThiÕu L©m vâ t¨ng  	7	99	19	50000000
[money]	thienhavbt	TungT¨ng§¸Dog	ThiÕu L©m vâ t¨ng  	7	99	19	21738500
[money]	nobita	TYVTxxx	Nga My tôc gia  	0	99	0	41000000
[money]	neumaythich3333	TªnNh©nVËt	ThiÕu L©m vâ t¨ng  	7	99	11192273	39982467
[money]	malang97	T«nNhÞN­¬ng	Nga My xuÊt gia  	7	99	42	16257109
[money]	dactrung	TµLinhTr­ëngL·o	Tµ §éc  	7	99	0	40640180
[money]	xuighe1995	VDBVinhHang	Vâ §ang tôc gia  	7	99	26	21879513
[money]	eric89	VGTieuNuongTu	Nga My xuÊt gia  	7	99	1000000	42442142
[money]	tiendatcutee	Vidizz	ThiÕu L©m vâ t¨ng  	7	99	21000025	29717735
[money]	tiendatcutee1	Vidizz1	Nga My xuÊt gia  	7	99	21000000	37898500
[money]	quynhqueo1998	ViTiÓuB¶o	ThiÕu L©m vâ t¨ng  	7	99	10	38892725
[money]	testgamevl2	VL22019	D­¬ng M«n Cung Kþ  	7	99	22400959	38980800
[money]	testgamevl2	VL220191	ThiÕu L©m vâ t¨ng  	7	99	21	40998500
[money]	testgamevl21	VL220192	Nga My xuÊt gia  	7	99	20000000	41000000
[money]	duykaka2	vltk2019	ThiÕu L©m vâ t¨ng  	0	99	31980000	36939000
[money]	vuanh1601	vuanh1601	ThiÕu L©m vâ t¨ng  	7	99	21	40998500
[money]	tieuthien	V©nTiÕuThiªn	ThiÕu L©m vâ t¨ng  	7	99	23	50000000
[money]	chuong	V«Th­êng	ThiÕu L©m vâ t¨ng  	7	99	191358039	34447250
[money]	volam2sh123	V«TungC­íc	ThiÕu L©m vâ t¨ng  	7	99	0	27674523
[money]	welinegen1	WayneRooney	ThiÕu L©m vâ t¨ng  	7	99	20000019	31000000
[money]	ruisekhung1102	WhiteLotus	D­¬ng M«n Cung Kþ  	7	99	22941053	44002959
[money]	galongbee	Window	ThiÕu L©m vâ t¨ng  	7	99	33982	50000000
[money]	window8010	Window8010	Nga My tôc gia  	7	99	2	37378500
[money]	thviet21	WinnerX150	§­êng M«n phæ th«ng  	7	99	135000105	11095615
[money]	long111	wqe2ee	Nga My xuÊt gia  	7	99	0	22755500
[money]	eric90	XHuyenThoai	ThiÕu L©m thiÒn t¨ng  	7	99	1000005	15027305
[money]	xx1910	xNMKx19Octx	Nga My xuÊt gia  	7	99	0	41000000
[money]	nobita	XOACCCC	Tµ §éc  	7	99	20000000	35895500
[money]	quanmap	xQKxTom	ThiÕu L©m vâ t¨ng  	7	99	6750086	40950821
[money]	jx2viettlq	xSGxTLQx	ThiÕu L©m vâ t¨ng  	7	99	845600053	47500000
[money]	nvb137996	xXBuuM	ThiÕu L©m thiÒn t¨ng  	7	99	0	41000000
[money]	ductay	XxDeTonxX	ThiÕu L©m vâ t¨ng  	7	99	0	18080000
[money]	xxphanhuyanh	XxxChanhBeck	ThiÕu L©m thiÒn t¨ng  	7	99	0	38480000
[money]	phungducduy123b	xxxxxxxxx	ThiÕu L©m thiÒn t¨ng  	7	99	25000156	50000000
[money]	boynet011	xZxTLQxZx	ThiÕu L©m vâ t¨ng  	7	99	0	37817000
[money]	s2votinh1	YeuBanThan	Nga My xuÊt gia  	7	99	68066379	16752265
[money]	s2votinh2	YeuB¶nTh©n	D­¬ng M«n Cung Kþ  	7	99	149339320	16498009
[money]	hplamduyen	Yingyang	HiÖp §éc  	7	99	0	41000000
[money]	s2votinh	YªuB¶nTh©n	C¸i Bang TÜnh y  	7	99	235833609	29005575
[money]	tenhoa2090	zB67TrängDuy	ThiÕu L©m vâ t¨ng  	7	99	0	11195505
[money]	lamchivinhd	zB67VÜnh	ThiÕu L©m vâ t¨ng  	7	99	0	50000000
[money]	cnghia1	zBótHihi	Nga My xuÊt gia  	0	99	147920023	35788175
[money]	truong	Zenitsu	ThiÕu L©m vâ t¨ng  	7	99	45	32597000
[money]	linh123	zereff	D­¬ng M«n Cung Kþ  	7	99	15	41000000
[money]	nammai2931994	ZiDane	Tµ §éc  	7	99	0	24158500
[money]	nammai2931994	ZiDanee	HiÖp §éc  	0	99	0	41000000
[money]	toilatoi123	zIHångThÊtC«ng	C¸i Bang ¤ Y  	7	99	21000005	48726700
[money]	qanh10x10	zIzHollow	ThiÕu L©m vâ t¨ng  	7	99	20000022	24599000
[money]	congluc1	zKÎ§écHµnh	ThiÕu L©m vâ t¨ng  	7	99	20000000	31077000
[money]	tuitenbo11	ZOFFcUbUzUnU	ThiÕu L©m vâ t¨ng  	7	99	0	20000000
[money]	denis777	zQTz7KiemTinh	ThiÕu L©m tôc gia  	7	99	0	13938006
[money]	mjkjmjkj1	ZthanThuZz	Nga My xuÊt gia  	7	99	8559403	38718225
[money]	cnghia	zV«Danh	ThiÕu L©m vâ t¨ng  	7	99	34661567	32844694
[money]	nh0ckus681	zXZXXXzzzz	ThiÕu L©m vâ t¨ng  	7	99	28	20793412
[money]	cnghia12	zz12zz	ThiÕu L©m vâ t¨ng  	0	99	115940000	37639000
[money]	cnghia13	zz13zz	ThiÕu L©m vâ t¨ng  	0	99	115940000	37639000
[money]	cnghia14	zz14zz	ThiÕu L©m vâ t¨ng  	0	99	85923368	37760000
[money]	cnghia15	zz15zz	ThiÕu L©m vâ t¨ng  	0	99	85639040	37759000
[money]	cnghia16	zz16zz	ThiÕu L©m vâ t¨ng  	0	99	85923368	37780000
[money]	cnghia17	zz17zz	ThiÕu L©m vâ t¨ng  	0	99	85281056	37780000
[money]	cnghia18	zz18zz	ThiÕu L©m vâ t¨ng  	0	99	85260464	37780000
[money]	cnghia2	zz2zzz	ThiÕu L©m vâ t¨ng  	0	99	147920000	50000000
[money]	cnghia3	zz3zzz	ThiÕu L©m vâ t¨ng  	0	99	147920000	37829000
[money]	cnghia4	zz4zzz	ThiÕu L©m vâ t¨ng  	0	99	147920000	37818000
[money]	cnghia5	zz5zzz	ThiÕu L©m vâ t¨ng  	7	99	147920000	49998500
[money]	cnghia6	zz6zzz	ThiÕu L©m vâ t¨ng  	0	99	147920000	37818000
[money]	cnghia7	zz7zzz	ThiÕu L©m vâ t¨ng  	0	99	147920000	37818000
[money]	tienhang01	zzAKAzz	ThiÕu L©m vâ t¨ng  	7	99	0	18773851
[money]	tienhang02	zzAKEzz	Nga My xuÊt gia  	7	99	0	17856510
[money]	thang97dz	zZAnhHung1Thoi	ThiÕu L©m vâ t¨ng  	7	99	0	40710000
[money]	daorongtrang369	ZzAShuNazZ	Nga My xuÊt gia  	7	99	0	37638500
[money]	cnghia	zzBufterFlyzz	ThiÕu L©m vâ t¨ng  	0	99	147920000	50000000
[money]	nhokteenboy2013	ZzGiaLong	ThiÕu L©m vâ t¨ng  	7	99	0	40200000
[money]	nguyenle1	ZzJx2KiÕmMaZz	Nga My xuÊt gia  	7	99	18	33474845
[money]	nguyenle	ZzJx2MaCungZz	D­¬ng M«n Cung Kþ  	7	99	20000019	10432455
[money]	kidukute1	ZztaoThaozZ	ThiÕu L©m vâ t¨ng  	7	99	20000015	41000000
[money]	phia12345ti	ZzThuyMuoix	Nga My tôc gia  	7	99	25	38617507
[money]	binhminh	ZzVanCUocQuyTien	ThiÕu L©m vâ t¨ng  	7	99	191409608	18378000
[money]	mjanljen1	ZZxKiÒuOanh	Nga My xuÊt gia  	7	99	7	32294505
[money]	minhhung0610	ZZxxCBB	C¸i Bang ¤ Y  	7	99	1360958	30888000
[money]	anhvusin	ZZzChipChipzZZ	ThiÕu L©m vâ t¨ng  	7	99	1520000027	13790000
[money]	ucbe0134	zZzChocopiezzz	D­¬ng M«n Cung Kþ  	7	99	18	23262239
[money]	satthucamtruong3	ZzZCungThuZzZ	§­êng M«n phæ th«ng  	7	99	1000014	16775509
[money]	satthucamtruong3	ZzZThanKiemZz	ThiÕu L©m vâ t¨ng  	7	99	13797185	36280940
[money]	trungninh1508	zzzTLQ	ThiÕu L©m vâ t¨ng  	7	99	0	41000000
[money]	minhlinh0610	ZzzTLToS2o	ThiÕu L©m thiÒn t¨ng  	7	99	51513718	32361018
[money]	hiennhi0610	ZZZZ5d	HiÖp §éc  	7	99	1949793	30938000
[money]	hungminh0610	ZZzzVDK	Vâ §ang ®¹o gia  	7	99	1381105	50000000
[money]	ethangkia19892	zzZzzBTzzZzz	Nga My xuÊt gia  	7	99	171670712	78958101
[money]	ethangkia19891	zzZzzBzzZzz	ThiÕu L©m vâ t¨ng  	7	99	0	41000000
[money]	ethangkia19891	zzZzzNTCzzZzz	ThiÕu L©m vâ t¨ng  	7	99	3096674641	34356086
[money]	clmmhaa	§ÇuTräc2M¸i	ThiÕu L©m vâ t¨ng  	7	99	0	10140157
[money]	ruisekhung1107	§écC«CÇuB¹i	Vâ §ang ®¹o gia  	7	99	3028	15069521
[money]	0976382116	§ËpKhÊc	C¸i Bang ¤ Y  	7	99	20001896	39858500
[money]	nhoka11	§åLongTr¶m	ThiÕu L©m tôc gia  	7	99	0	22276840
[money]	anhtrong0	§µnG¶yTaiTr©u	Nga My tôc gia  	7	99	148310111	50000000
[money]	dammegame1	§¸BayTrim	ThiÕu L©m vâ t¨ng  	7	99	20000023	24235500
XuÊt d÷ liÖu hoµn tÊt

===========================================================
Thèng kª d÷ liÖu
Tæng sè ng­êi:814	FreezedPlayerCount: 0
V« m«n ph¸i  Sè ng­êi:	29
ThiÕu L©m ch­a b¸i s­Sè ng­êi:	0
ThiÕu L©m tôc gia  Sè ng­êi:	9
ThiÕu L©m thiÒn t¨ng  Sè ng­êi:	26
ThiÕu L©m vâ t¨ng  Sè ng­êi:	343
§­êng M«n ch­a b¸i s­Sè ng­êi:	0
§­êng M«n phæ th«ng  Sè ng­êi:	20
Nga My ch­a b¸i s­Sè ng­êi:	0
Nga My xuÊt gia  Sè ng­êi:	153
Nga My tôc gia  Sè ng­êi:	29
C¸i Bang ch­a b¸i s­Sè ng­êi:	0
C¸i Bang TÜnh y  Sè ng­êi:	17
C¸i Bang ¤ Y  Sè ng­êi:	20
Vâ §ang ch­a b¸i s­Sè ng­êi:	0
Vâ §ang ®¹o gia  Sè ng­êi:	21
Vâ §ang tôc gia  Sè ng­êi:	25
D­¬ng M«n ch­a b¸i s­Sè ng­êi:	0
D­¬ng M«n th­¬ng Kþ  Sè ng­êi:	19
D­¬ng M«n Cung Kþ  Sè ng­êi:	47
Ngò §éc      Sè ng­êi:	0
HiÖp §éc  Sè ng­êi:	26
Tµ §éc  Sè ng­êi:	27
C«n L«n ch­a b¸i s­Sè ng­êi:	0
C«n L«n Thiªn S­  Sè ng­êi:	0
Minh Gi¸o ch­a b¸i s­Sè ng­êi:	0
Minh Gi¸o Th¸nh ChiÕn  Sè ng­êi:	0
Minh Gi¸o TrËn Binh  Sè ng­êi:	0
Minh Gi¸o HuyÕt Nh©n  Sè ng­êi:	0
Thóy Yªn ch­a b¸i s­Sè ng­êi:	0
Thóy Yªn Vò Tiªn  Sè ng­êi:	3
Thóy Yªn Linh N÷  Sè ng­êi:	0
------------------------------------------------
Tæng sè tiÒn:18507551419 Tæng sè tiÓu ng©n phiÕu cò: 0 Tæng sè ®¹i ng©n phiÕu cò0 Tæng sè Ng©n phiÕu nhá míi:0 Tæng sè Ng©n phiÕu lín míi:0 Tæng sè Ng©n phiÕu nhá dÞ th­êng:0 Tæng sè Ng©n phiÕu lín dÞ th­êng:0
V« m«n ph¸i  Sè tiÒn:	56223031
ThiÕu L©m ch­a b¸i s­Sè tiÒn:	0
ThiÕu L©m tôc gia  Sè tiÒn:	171529847
ThiÕu L©m thiÒn t¨ng  Sè tiÒn:	598979200
ThiÕu L©m vâ t¨ng  Sè tiÒn:	8161252768
§­êng M«n ch­a b¸i s­Sè tiÒn:	0
§­êng M«n phæ th«ng  Sè tiÒn:	426287008
Nga My ch­a b¸i s­Sè tiÒn:	0
Nga My xuÊt gia  Sè tiÒn:	3523467344
Nga My tôc gia  Sè tiÒn:	770343049
C¸i Bang ch­a b¸i s­Sè tiÒn:	0
C¸i Bang TÜnh y  Sè tiÒn:	432827710
C¸i Bang ¤ Y  Sè tiÒn:	448612011
Vâ §ang ch­a b¸i s­Sè tiÒn:	0
Vâ §ang ®¹o gia  Sè tiÒn:	342994530
Vâ §ang tôc gia  Sè tiÒn:	478895149
D­¬ng M«n ch­a b¸i s­Sè tiÒn:	0
D­¬ng M«n th­¬ng Kþ  Sè tiÒn:	687116270
D­¬ng M«n Cung Kþ  Sè tiÒn:	971179564
Ngò §éc      Sè tiÒn:	0
HiÖp §éc  Sè tiÒn:	771857657
Tµ §éc  Sè tiÒn:	595281181
C«n L«n ch­a b¸i s­Sè tiÒn:	0
C«n L«n Thiªn S­  Sè tiÒn:	0
Minh Gi¸o ch­a b¸i s­Sè tiÒn:	0
Minh Gi¸o Th¸nh ChiÕn  Sè tiÒn:	0
Minh Gi¸o TrËn Binh  Sè tiÒn:	0
Minh Gi¸o HuyÕt Nh©n  Sè tiÒn:	0
Thóy Yªn ch­a b¸i s­Sè tiÒn:	0
Thóy Yªn Vò Tiªn  Sè tiÒn:	70705100
Thóy Yªn Linh N÷  Sè tiÒn:	0
------------------------------------------------
Ph©n bè cÊp ®é nh©n vËt
1(cÊp) Sè ng­êi:	27
59(cÊp) Sè ng­êi:	1
80(cÊp) Sè ng­êi:	2
82(cÊp) Sè ng­êi:	1
95(cÊp) Sè ng­êi:	1
99(cÊp) Sè ng­êi:	782

===========================================================
H¹ng:
--------------Money--------------
1	ConTrauVL	  99993000	1
2	BachLong	  96364460	1
3	ChuChiNhuoc	  95684208	1
4	BinhCaCa	  95119225	1
5	TruongVoKy	  93879923	1
6	HoaTieu	  92300272	1
7	Jx2EmBanTia	  84051853	1
8	TruongHaiBinh	  81736222	1
9	zzZzzBTzzZzz	  78958101	1
10	ThienLongThuong	  76792335	1
--------------Level--------------
1	iBµnCh©nBÈn	7	99	1
2	iChangz	7	99	1
3	Sang§uBai	7	99	1
4	NhÞLangThÇn	7	99	1
5	KylianMbappe	7	99	1
6	EmLaNamDoc	7	99	1
7	051154aa	7	99	1
8	CristinaFerreir	7	99	1
9	zzZzzNTCzzZzz	7	99	1
10	xxCöuC«ngChóaxx	7	99	1
--------------Repute--------------
1	DocCoCauBai	5533	1
2	T©mLiªn	5389	1
3	HøaTiªn	5326	1
4	i59ken	5001	1
5	Jx2EmBanTia	4483	1
6	Jx2BeXinh	4359	1
7	Rít¸oCµSa	4290	1
8	oS2oTïngT«m	3966	1
9	§µnG¶yTaiTr©u	3956	1
10	Jx2JusTinLam	3855	1
--------------Honor--------------
1	BeTapBanCung	176817	1
2	HøaTiªn	161784	1
3	iTHzMeoCaCa	141791	1
4	Jx2EmBanTia	141656	1
5	Thø7D¹oPhèNhÐEm	141607	1
6	ConTrauVL	128368	1
7	iSiNiChiZz	127591	1
8	Jx2BeXinh	123452	1
9	NhÞLangThÇn	119225	1
10	EmTapSut	111899	1
-----------Dragon boat point-------
-----------Dragon boat time-------
Thø h¹ng phó hé 785 Tû lÖ c¸c m«n ph¸i mµ ng­êi ch¬i gia nhËp
V« m«n ph¸i	(2/785)	0.3%
ThiÕu L©m	(377/785)	48.0%
Vâ §ang	(46/785)	5.9%
Nga My	(182/785)	23.2%
C¸i Bang	(36/785)	4.6%
§­êng M«n	(20/785)	2.5%
Thiªn Ba Phñ	(66/785)	8.4%
Ngò §éc Gi¸o	(53/785)	6.8%
C«n L«n Ph¸i	(0/785)	0.0%
Minh gi¸o	(0/785)	0.0%
Thóy Yªn M«n	(3/785)	0.4%
Ngoµi thµnh	(0/785)	0.0%
Thø h¹ng ®¼ng cÊp 814 Tû lÖ c¸c m«n ph¸i mµ ng­êi ch¬i gia nhËp
V« m«n ph¸i	(29/814)	3.6%
ThiÕu L©m	(378/814)	46.4%
Vâ §ang	(46/814)	5.7%
Nga My	(182/814)	22.4%
C¸i Bang	(37/814)	4.5%
§­êng M«n	(20/814)	2.5%
Thiªn Ba Phñ	(66/814)	8.1%
Ngò §éc Gi¸o	(53/814)	6.5%
C«n L«n Ph¸i	(0/814)	0.0%
Minh gi¸o	(0/814)	0.0%
Thóy Yªn M«n	(3/814)	0.4%
Ngoµi thµnh	(0/814)	0.0%
Thèng kª kÕt thóc, thêi gian:2019.09.24 08:02:34


===========================================================
Ph©n bè tr­êng ph¸i ®¼ng cÊp
	V« m«n ph¸i  	ThiÕu L©m ch­a b¸i s­	ThiÕu L©m tôc gia  	ThiÕu L©m thiÒn t¨ng  	ThiÕu L©m vâ t¨ng  	§­êng M«n ch­a b¸i s­	§­êng M«n phæ th«ng  	Nga My ch­a b¸i s­	Nga My xuÊt gia  	Nga My tôc gia  	C¸i Bang ch­a b¸i s­	C¸i Bang TÜnh y  	C¸i Bang ¤ Y  	Vâ §ang ch­a b¸i s­	Vâ §ang ®¹o gia  	Vâ §ang tôc gia  	D­¬ng M«n ch­a b¸i s­	D­¬ng M«n th­¬ng Kþ  	D­¬ng M«n Cung Kþ  	Ngò §éc      	HiÖp §éc  	Tµ §éc  	C«n L«n ch­a b¸i s­	C«n L«n Thiªn S­  	Minh Gi¸o ch­a b¸i s­	Minh Gi¸o Th¸nh ChiÕn  	Minh Gi¸o TrËn Binh  	Minh Gi¸o HuyÕt Nh©n  	Thóy Yªn ch­a b¸i s­	Thóy Yªn Vò Tiªn  	Thóy Yªn Linh N÷  
 1	[27]	[0]	[0]	[0]	[0]	[0]	[0]	[0]	[0]	[0]	[0]	[0]	[0]	[0]	[0]	[0]	[0]	[0]	[0]	[0]	[0]	[0]	[0]	[0]	[0]	[0]	[0]	[0]	[0]	[0]	[0]
59	[0]	[0]	[0]	[0]	[0]	[0]	[0]	[0]	[0]	[0]	[0]	[0]	[0]	[0]	[0]	[0]	[0]	[1]	[0]	[0]	[0]	[0]	[0]	[0]	[0]	[0]	[0]	[0]	[0]	[0]	[0]
80	[0]	[0]	[0]	[0]	[2]	[0]	[0]	[0]	[0]	[0]	[0]	[0]	[0]	[0]	[0]	[0]	[0]	[0]	[0]	[0]	[0]	[0]	[0]	[0]	[0]	[0]	[0]	[0]	[0]	[0]	[0]
82	[1]	[0]	[0]	[0]	[0]	[0]	[0]	[0]	[0]	[0]	[0]	[0]	[0]	[0]	[0]	[0]	[0]	[0]	[0]	[0]	[0]	[0]	[0]	[0]	[0]	[0]	[0]	[0]	[0]	[0]	[0]
95	[1]	[0]	[0]	[0]	[0]	[0]	[0]	[0]	[0]	[0]	[0]	[0]	[0]	[0]	[0]	[0]	[0]	[0]	[0]	[0]	[0]	[0]	[0]	[0]	[0]	[0]	[0]	[0]	[0]	[0]	[0]
99	[0]	[0]	[9]	[26]	[341]	[0]	[20]	[0]	[153]	[29]	[0]	[17]	[20]	[0]	[21]	[25]	[0]	[18]	[47]	[0]	[26]	[27]	[0]	[0]	[0]	[0]	[0]	[0]	[0]	[3]	[0]
Total: 814


Ph©n bè ®¨ng nhËp
	V« m«n ph¸i  	ThiÕu L©m ch­a b¸i s­	ThiÕu L©m tôc gia  	ThiÕu L©m thiÒn t¨ng  	ThiÕu L©m vâ t¨ng  	§­êng M«n ch­a b¸i s­	§­êng M«n phæ th«ng  	Nga My ch­a b¸i s­	Nga My xuÊt gia  	Nga My tôc gia  	C¸i Bang ch­a b¸i s­	C¸i Bang TÜnh y  	C¸i Bang ¤ Y  	Vâ §ang ch­a b¸i s­	Vâ §ang ®¹o gia  	Vâ §ang tôc gia  	D­¬ng M«n ch­a b¸i s­	D­¬ng M«n th­¬ng Kþ  	D­¬ng M«n Cung Kþ  	Ngò §éc      	HiÖp §éc  	Tµ §éc  	C«n L«n ch­a b¸i s­	C«n L«n Thiªn S­  	Minh Gi¸o ch­a b¸i s­	Minh Gi¸o Th¸nh ChiÕn  	Minh Gi¸o TrËn Binh  	Minh Gi¸o HuyÕt Nh©n  	Thóy Yªn ch­a b¸i s­	Thóy Yªn Vò Tiªn  	Thóy Yªn Linh N÷  
 1	[14]	[0]	[0]	[0]	[0]	[0]	[0]	[0]	[0]	[0]	[0]	[0]	[0]	[0]	[0]	[0]	[0]	[0]	[0]	[0]	[0]	[0]	[0]	[0]	[0]	[0]	[0]	[0]	[0]	[0]	[0]
59	[0]	[0]	[0]	[0]	[0]	[0]	[0]	[0]	[0]	[0]	[0]	[0]	[0]	[0]	[0]	[0]	[0]	[1]	[0]	[0]	[0]	[0]	[0]	[0]	[0]	[0]	[0]	[0]	[0]	[0]	[0]
80	[0]	[0]	[0]	[0]	[2]	[0]	[0]	[0]	[0]	[0]	[0]	[0]	[0]	[0]	[0]	[0]	[0]	[0]	[0]	[0]	[0]	[0]	[0]	[0]	[0]	[0]	[0]	[0]	[0]	[0]	[0]
82	[1]	[0]	[0]	[0]	[0]	[0]	[0]	[0]	[0]	[0]	[0]	[0]	[0]	[0]	[0]	[0]	[0]	[0]	[0]	[0]	[0]	[0]	[0]	[0]	[0]	[0]	[0]	[0]	[0]	[0]	[0]
95	[1]	[0]	[0]	[0]	[0]	[0]	[0]	[0]	[0]	[0]	[0]	[0]	[0]	[0]	[0]	[0]	[0]	[0]	[0]	[0]	[0]	[0]	[0]	[0]	[0]	[0]	[0]	[0]	[0]	[0]	[0]
99	[0]	[0]	[7]	[14]	[217]	[0]	[16]	[0]	[113]	[19]	[0]	[13]	[14]	[0]	[15]	[17]	[0]	[11]	[26]	[0]	[21]	[20]	[0]	[0]	[0]	[0]	[0]	[0]	[0]	[3]	[0]
Total: 545


Ph©n bè ®¨ng nhËp lÇn ®Çu
	V« m«n ph¸i  	ThiÕu L©m ch­a b¸i s­	ThiÕu L©m tôc gia  	ThiÕu L©m thiÒn t¨ng  	ThiÕu L©m vâ t¨ng  	§­êng M«n ch­a b¸i s­	§­êng M«n phæ th«ng  	Nga My ch­a b¸i s­	Nga My xuÊt gia  	Nga My tôc gia  	C¸i Bang ch­a b¸i s­	C¸i Bang TÜnh y  	C¸i Bang ¤ Y  	Vâ §ang ch­a b¸i s­	Vâ §ang ®¹o gia  	Vâ §ang tôc gia  	D­¬ng M«n ch­a b¸i s­	D­¬ng M«n th­¬ng Kþ  	D­¬ng M«n Cung Kþ  	Ngò §éc      	HiÖp §éc  	Tµ §éc  	C«n L«n ch­a b¸i s­	C«n L«n Thiªn S­  	Minh Gi¸o ch­a b¸i s­	Minh Gi¸o Th¸nh ChiÕn  	Minh Gi¸o TrËn Binh  	Minh Gi¸o HuyÕt Nh©n  	Thóy Yªn ch­a b¸i s­	Thóy Yªn Vò Tiªn  	Thóy Yªn Linh N÷  
 1	[14]	[0]	[0]	[0]	[0]	[0]	[0]	[0]	[0]	[0]	[0]	[0]	[0]	[0]	[0]	[0]	[0]	[0]	[0]	[0]	[0]	[0]	[0]	[0]	[0]	[0]	[0]	[0]	[0]	[0]	[0]
59	[0]	[0]	[0]	[0]	[0]	[0]	[0]	[0]	[0]	[0]	[0]	[0]	[0]	[0]	[0]	[0]	[0]	[1]	[0]	[0]	[0]	[0]	[0]	[0]	[0]	[0]	[0]	[0]	[0]	[0]	[0]
80	[0]	[0]	[0]	[0]	[2]	[0]	[0]	[0]	[0]	[0]	[0]	[0]	[0]	[0]	[0]	[0]	[0]	[0]	[0]	[0]	[0]	[0]	[0]	[0]	[0]	[0]	[0]	[0]	[0]	[0]	[0]
95	[1]	[0]	[0]	[0]	[0]	[0]	[0]	[0]	[0]	[0]	[0]	[0]	[0]	[0]	[0]	[0]	[0]	[0]	[0]	[0]	[0]	[0]	[0]	[0]	[0]	[0]	[0]	[0]	[0]	[0]	[0]
99	[0]	[0]	[4]	[7]	[102]	[0]	[8]	[0]	[59]	[14]	[0]	[9]	[8]	[0]	[13]	[11]	[0]	[6]	[14]	[0]	[14]	[11]	[0]	[0]	[0]	[0]	[0]	[0]	[0]	[2]	[0]
Total: 300


Ph©n bè nh©n vËt ®óng 1 th¸ng kh«ng ®¨ng nhËp trß ch¬i.
	V« m«n ph¸i  	ThiÕu L©m ch­a b¸i s­	ThiÕu L©m tôc gia  	ThiÕu L©m thiÒn t¨ng  	ThiÕu L©m vâ t¨ng  	§­êng M«n ch­a b¸i s­	§­êng M«n phæ th«ng  	Nga My ch­a b¸i s­	Nga My xuÊt gia  	Nga My tôc gia  	C¸i Bang ch­a b¸i s­	C¸i Bang TÜnh y  	C¸i Bang ¤ Y  	Vâ §ang ch­a b¸i s­	Vâ §ang ®¹o gia  	Vâ §ang tôc gia  	D­¬ng M«n ch­a b¸i s­	D­¬ng M«n th­¬ng Kþ  	D­¬ng M«n Cung Kþ  	Ngò §éc      	HiÖp §éc  	Tµ §éc  	C«n L«n ch­a b¸i s­	C«n L«n Thiªn S­  	Minh Gi¸o ch­a b¸i s­	Minh Gi¸o Th¸nh ChiÕn  	Minh Gi¸o TrËn Binh  	Minh Gi¸o HuyÕt Nh©n  	Thóy Yªn ch­a b¸i s­	Thóy Yªn Vò Tiªn  	Thóy Yªn Linh N÷  
Total: 0


Ph©n bè nh©n vËt tõ 1 tuÇn ®Õn 1 th¸ng kh«ng ®¨ng nhËp trß ch¬i.
	V« m«n ph¸i  	ThiÕu L©m ch­a b¸i s­	ThiÕu L©m tôc gia  	ThiÕu L©m thiÒn t¨ng  	ThiÕu L©m vâ t¨ng  	§­êng M«n ch­a b¸i s­	§­êng M«n phæ th«ng  	Nga My ch­a b¸i s­	Nga My xuÊt gia  	Nga My tôc gia  	C¸i Bang ch­a b¸i s­	C¸i Bang TÜnh y  	C¸i Bang ¤ Y  	Vâ §ang ch­a b¸i s­	Vâ §ang ®¹o gia  	Vâ §ang tôc gia  	D­¬ng M«n ch­a b¸i s­	D­¬ng M«n th­¬ng Kþ  	D­¬ng M«n Cung Kþ  	Ngò §éc      	HiÖp §éc  	Tµ §éc  	C«n L«n ch­a b¸i s­	C«n L«n Thiªn S­  	Minh Gi¸o ch­a b¸i s­	Minh Gi¸o Th¸nh ChiÕn  	Minh Gi¸o TrËn Binh  	Minh Gi¸o HuyÕt Nh©n  	Thóy Yªn ch­a b¸i s­	Thóy Yªn Vò Tiªn  	Thóy Yªn Linh N÷  
Total: 0


Ph©n bè nh©n vËt ®óng 1 tuÇn kh«ng ®¨ng nhËp trß ch¬i.
	V« m«n ph¸i  	ThiÕu L©m ch­a b¸i s­	ThiÕu L©m tôc gia  	ThiÕu L©m thiÒn t¨ng  	ThiÕu L©m vâ t¨ng  	§­êng M«n ch­a b¸i s­	§­êng M«n phæ th«ng  	Nga My ch­a b¸i s­	Nga My xuÊt gia  	Nga My tôc gia  	C¸i Bang ch­a b¸i s­	C¸i Bang TÜnh y  	C¸i Bang ¤ Y  	Vâ §ang ch­a b¸i s­	Vâ §ang ®¹o gia  	Vâ §ang tôc gia  	D­¬ng M«n ch­a b¸i s­	D­¬ng M«n th­¬ng Kþ  	D­¬ng M«n Cung Kþ  	Ngò §éc      	HiÖp §éc  	Tµ §éc  	C«n L«n ch­a b¸i s­	C«n L«n Thiªn S­  	Minh Gi¸o ch­a b¸i s­	Minh Gi¸o Th¸nh ChiÕn  	Minh Gi¸o TrËn Binh  	Minh Gi¸o HuyÕt Nh©n  	Thóy Yªn ch­a b¸i s­	Thóy Yªn Vò Tiªn  	Thóy Yªn Linh N÷  
Total: 0


Ph©n bè nh©n vËt 1 th¸ng trë lªn kh«ng ®¨ng nhËp trß ch¬i.
	V« m«n ph¸i  	ThiÕu L©m ch­a b¸i s­	ThiÕu L©m tôc gia  	ThiÕu L©m thiÒn t¨ng  	ThiÕu L©m vâ t¨ng  	§­êng M«n ch­a b¸i s­	§­êng M«n phæ th«ng  	Nga My ch­a b¸i s­	Nga My xuÊt gia  	Nga My tôc gia  	C¸i Bang ch­a b¸i s­	C¸i Bang TÜnh y  	C¸i Bang ¤ Y  	Vâ §ang ch­a b¸i s­	Vâ §ang ®¹o gia  	Vâ §ang tôc gia  	D­¬ng M«n ch­a b¸i s­	D­¬ng M«n th­¬ng Kþ  	D­¬ng M«n Cung Kþ  	Ngò §éc      	HiÖp §éc  	Tµ §éc  	C«n L«n ch­a b¸i s­	C«n L«n Thiªn S­  	Minh Gi¸o ch­a b¸i s­	Minh Gi¸o Th¸nh ChiÕn  	Minh Gi¸o TrËn Binh  	Minh Gi¸o HuyÕt Nh©n  	Thóy Yªn ch­a b¸i s­	Thóy Yªn Vò Tiªn  	Thóy Yªn Linh N÷  
 1	[5]	[0]	[0]	[0]	[0]	[0]	[0]	[0]	[0]	[0]	[0]	[0]	[0]	[0]	[0]	[0]	[0]	[0]	[0]	[0]	[0]	[0]	[0]	[0]	[0]	[0]	[0]	[0]	[0]	[0]	[0]
99	[0]	[0]	[2]	[12]	[124]	[0]	[4]	[0]	[40]	[10]	[0]	[4]	[6]	[0]	[6]	[8]	[0]	[7]	[21]	[0]	[5]	[7]	[0]	[0]	[0]	[0]	[0]	[0]	[0]	[0]	[0]
Total: 261




==============
Faction level and money statdata (top 10)=====
ThiÕu L©m-Thø h¹ng phó hé 10
1	ConTrauVL	99993000
2	TruongVoKy	93879923
3	AnhHïngX¹§iªu	75851000
4	Sang§uBai	73991397
5	iMét§¸BayMâm	62997846
6	051154aa	56775016
7	HugoAveiro	54295988
8	zz2zzz	50000000
9	zzBufterFlyzz	50000000
10	Window	50000000
-------------------------------------------------
Vâ §ang-Thø h¹ng phó hé 10
1	ZZzzVDK	50000000
2	dunglaxucpq	41000000
3	MinhTus	40998500
4	12312311	40998500
5	QuyKiemSau	40997000
6	MoDungTruyPhong	40995500
7	Jx2LangQuen	36428001
8	i89zTrÇnDÇn	35240972
9	iooButVeMaQuy	33000000
10	S2MaButNo1	32345250
-------------------------------------------------
Nga My-Thø h¹ng phó hé 10
1	ChuChiNhuoc	95684208
2	zzZzzBTzzZzz	78958101
3	BeCao789	50000000
4	C«BÐBuån	50000000
5	§µnG¶yTaiTr©u	50000000
6	iHTxBXTeo	50000000
7	MinhTinh	49998500
8	BaGomT	49197000
9	ChÞDËu	47155500
10	ChanCaNhat	45125000
-------------------------------------------------
C¸i Bang-Thø h¹ng phó hé 10
1	PhaiDeoAiChoi	49710000
2	zIHångThÊtC«ng	48726700
3	321qwe	43382101
4	iiAnh3	41139050
5	DoiNhuLz	40920000
6	NuHoangHaiTac	40882600
7	RedRose	40880000
8	Full9x	40758500
9	CËu3SayL¾k	40216500
10	§ËpKhÊc	39858500
-------------------------------------------------
§­êng M«n-Thø h¹ng phó hé 10
1	ThiªnM«n	49360000
2	KenShin	40677000
3	TieuSuBa	40600000
4	PônPano	39800000
5	KaLiMa	39488198
6	NaNaXjnh	38729472
7	GÊu§en	37748500
8	HótNh­Kotex	23647717
9	iiHanzo	20265151
10	C¾nKhÊc	19318000
-------------------------------------------------
Thiªn Ba Phñ-Thø h¹ng phó hé 10
1	BachLong	96364460
2	Jx2EmBanTia	84051853
3	ThienLongThuong	76792335
4	ManhKhoi	50000000
5	DeathLotuss	50000000
6	asdasdsd	46420975
7	WhiteLotus	44002959
8	iSenofChuèi	43954000
9	DGTTTTTTTTTTTT	43809000
10	Ho¾cNguyªnGi¸p	41000700
-------------------------------------------------
Ngò §éc Gi¸o-Thø h¹ng phó hé 10
1	BinhCaCa	95119225
2	HoaTieu	92300272
3	TruongHaiBinh	81736222
4	TiÓuYTiªn	75000000
5	iDlxTraDa	50000000
6	EmLaNamDoc	42790000
7	5Déc§aT×nh	41000100
8	HacCoNuong	41000000
9	tajhusdf	41000000
10	Yingyang	41000000
-------------------------------------------------
C«n L«n Ph¸i-Thø h¹ng phó hé 10
1		0
2		0
3		0
4		0
5		0
6		0
7		0
8		0
9		0
10		0
-------------------------------------------------
Minh gi¸o-Thø h¹ng phó hé 10
1		0
2		0
3		0
4		0
5		0
6		0
7		0
8		0
9		0
10		0
-------------------------------------------------
Thóy Yªn M«n-Thø h¹ng phó hé 10
1	B¶oTiªn	36249550
2	Móa§iEm	34248050
3	CócTÞnhY	207500
4		0
5		0
6		0
7		0
8		0
9		0
10		0
-------------------------------------------------
ThiÕu L©m-Thø h¹ng ®¼ng cÊp 10
1:	Sang§uBai	14	99
2:	NhÞLangThÇn	14	99
3:	KylianMbappe	14	99
4:	zzZzzNTCzzZzz	14	99
5:	iSxxChan	14	99
6:	iOizMrDartMaNo1	14	99
7:	rghdgh	14	99
8:	Thomas	14	99
9:	s2HuyKuTeo	14	99
10:	ZZzChipChipzZZ	14	99
-------------------------------------------------
Vâ §ang-Thø h¹ng ®¼ng cÊp 10
1:	i89zTrÇnDÇn	7	99
2:	LPBxKhangKiÖn	7	99
3:	Jx2LangQuen	7	99
4:	vdb123	7	99
5:	12312311	7	99
6:	2132111	7	99
7:	ZZzzVDK	7	99
8:	jx2lloga	7	99
9:	LeThanhh	7	99
10:	ChienThanHoang	7	99
-------------------------------------------------
Nga My-Thø h¹ng ®¼ng cÊp 10
1:	xxCöuC«ngChóaxx	14	99
2:	NMKNoHoop	14	99
3:	zzZzzBTzzZzz	14	99
4:	§µnG¶yTaiTr©u	14	99
5:	YeuBanThan	14	99
6:	T©mLiªn	14	99
7:	NgaMyCave	14	99
8:	oS2oZzzNMK	14	99
9:	NMKxSinny	14	99
10:	Vidizz1	14	99
-------------------------------------------------
C¸i Bang-Thø h¹ng ®¼ng cÊp 10
1:	YªuB¶nTh©n	7	99
2:	PhaiDeoAiChoi	7	99
3:	zIHångThÊtC«ng	7	99
4:	§ËpKhÊc	7	99
5:	ZzASHuRazZ	7	99
6:	Gnourt	7	99
7:	NghÑnKhÊc	7	99
8:	Full9x	7	99
9:	321qwe	7	99
10:	LucKyLuc	7	99
-------------------------------------------------
§­êng M«n-Thø h¹ng ®¼ng cÊp 10
1:	ThiªnM«n	7	99
2:	KaLiMa	7	99
3:	WinnerX150	7	99
4:	C¾nKhÊc	7	99
5:	BoTreCon	7	99
6:	NaNaXjnh	7	99
7:	ZzZCungThuZzZ	7	99
8:	KenShin	7	99
9:	BãngKin	7	99
10:	HótNh­Kotex	7	99
-------------------------------------------------
Thiªn Ba Phñ-Thø h¹ng ®¼ng cÊp 10
1:	Jx2EmBanTia	7	99
2:	BeTapBanCung	7	99
3:	ADxTuÊnCiuTo	7	99
4:	YeuB¶nTh©n	7	99
5:	DGCzHoangSuPhu	7	99
6:	Jx2QuanVu	7	99
7:	DGCxKenBii	7	99
8:	LeThanh	7	99
9:	BachLong	7	99
10:	NhokThanh	7	99
-------------------------------------------------
Ngò §éc Gi¸o-Thø h¹ng ®¼ng cÊp 10
1:	EmLaNamDoc	7	99
2:	CristinaFerreir	7	99
3:	SayyyEndBayyy	7	99
4:	iDlxTraDa	7	99
5:	DocCoCauBai	7	99
6:	o0oS2XÝchL©nS2	7	99
7:	CoSuCuaLam	7	99
8:	CSSSSSSSSSSSSSSS	7	99
9:	Jx2TieuMin	7	99
10:	IoChymToNhatLang	7	99
-------------------------------------------------
C«n L«n Ph¸i-Thø h¹ng ®¼ng cÊp 10
1:		0	0
2:		0	0
3:		0	0
4:		0	0
5:		0	0
6:		0	0
7:		0	0
8:		0	0
9:		0	0
10:		0	0
-------------------------------------------------
Minh gi¸o-Thø h¹ng ®¼ng cÊp 10
1:		0	0
2:		0	0
3:		0	0
4:		0	0
5:		0	0
6:		0	0
7:		0	0
8:		0	0
9:		0	0
10:		0	0
-------------------------------------------------
Thóy Yªn M«n-Thø h¹ng ®¼ng cÊp 10
1:	CócTÞnhY	7	99
2:	B¶oTiªn	7	99
3:	Móa§iEm	7	99
4:		0	0
5:		0	0
6:		0	0
7:		0	0
8:		0	0
9:		0	0
10:		0	0
-------------------------------------------------


==============
Faction level and money stat data end=====
