20191228-072821	Key	Action	Acc1	Role1	Lv1	Tong1	Num1	Map1	PosX	PosY	Acc2	Role2	Lv2	Tong2	Num2	Map2	Pos2X	Pos2Y	ItemName	ItemG	ItemD	IitemP	ItemDur	ItemSeed	GenTime	Socket1	Socket2	Socket3	EnhanceTimes	Place	X	Y
20191228-075006	large_str	AddItem[/script/global/playerloginin.lua|main]			0		2471460818	0	0	0			0		0	0	0	0		0	0	0	0	0		0	0	0	0	-1	-1	-1
20191228-075006	ItemAdd	2471460818	jiqinghk	JiaXQing	1		1	200	1185	2828			0		0	0	0	0	S­ §å ThiÕp	2	1	587	1	285521085	2019-12-28 07:50:06	1073676288	1073676288	1073676288	0	-1	-1	-1
20191228-075006	ItemAdd	2471460818	jiqinghk	JiaXQing	1		1	200	1185	2828			0		0	0	0	0	CÈm Nang §¹i Sù KiÖn	2	1	30045	1	-1241814864	2019-12-28 07:50:06	1073676288	1073676288	1073676288	0	-1	-1	-1
20191228-075006	ItemAdd	2471460818	jiqinghk	JiaXQing	1		1	200	1185	2828			0		0	0	0	0	NguyÖt L­îng Thè luy	2	0	1043	1	674788909	2019-12-28 07:50:06	1073676288	1073676288	1073676288	0	-1	-1	-1
20191228-075006	ItemAdd	2471460818	jiqinghk	JiaXQing	1		1	200	1185	2828			0		0	0	0	0	TiÕu ng¹o giang hå l	2	1	30240	1	1127213823	2019-12-28 07:50:06	1073676288	1073676288	1073676288	0	-1	-1	-1
20191228-075006	large_str	AddItem[/script/misc/observer/observer.lua|NoFunc]			0		207423358	0	0	0			0		0	0	0	0		0	0	0	0	0		0	0	0	0	-1	-1	-1
20191228-075006	ItemAdd	207423358	jiqinghk	JiaXQing	1		1	200	1185	2828			0		0	0	0	0	GM Item	2	1	30644	1	-416823327	2019-12-28 07:50:06	1073676288	1073676288	1073676288	0	-1	-1	-1
20191228-075010	large_str	AddItem[/script/global/playerloginin.lua|_never_show_login_message]			0		1866858960	0	0	0			0		0	0	0	0		0	0	0	0	0		0	0	0	0	-1	-1	-1
20191228-075010	ItemAdd	1866858960	jiqinghk	JiaXQing	1		1	200	1185	2828			0		0	0	0	0	Tñ ¸o Thiªn BiÕn TiÕ	2	1	30494	1	-1661109933	2019-12-28 07:50:10	1073676288	1073676288	1073676288	0	-1	-1	-1
20191228-075118	ItemAdd	2471460818	jiqinghk	JiaXQing	690		1	200	1179	2835			0		0	0	0	0	Bøc th­ thÇn bÝ	2	0	30052	1	474295014	2019-12-28 07:51:18	1073676288	1073676288	1073676288	0	-1	-1	-1
20191228-075146	large_str	Pay[\settings\static_script\cheat\gm_item_tifuzhiyin.lua|Get_Money]			0		3174196713	0	0	0			0		0	0	0	0		0	0	0	0	0		0	0	0	0	-1	-1	-1
20191228-075146	MoneyEarn	3174196713	jiqinghk	JiaXQing	690		10000000	200	1179	2829			0		0	0	0	0		0	0	0	0	0		0	0	0	0	-1	-1	-1
20191228-075158	large_str	AddItem[\settings\static_script\cheat\gm_item_tifuzhiyin.lua|Process_Equip_LingTu]			0		4234409161	0	0	0			0		0	0	0	0		0	0	0	0	0		0	0	0	0	-1	-1	-1
20191228-075158	ItemAdd	4234409161	jiqinghk	JiaXQing	690		1	200	1179	2829			0		0	0	0	0	Linh §å Giíi (tr¸i)	0	102	30221	100	2096297577	2019-12-28 07:51:58	0	0	0	0	-1	-1	-1
20191228-075158	ItemAdd	4234409161	jiqinghk	JiaXQing	690		1	200	1179	2829			0		0	0	0	0	Linh §å Giíi (ph¶i)	0	102	30222	100	-148893157	2019-12-28 07:51:58	0	0	0	0	-1	-1	-1
20191228-075158	ItemAdd	4234409161	jiqinghk	JiaXQing	690		1	200	1179	2829			0		0	0	0	0	Linh §å PhiÕn	0	13	30222	300	-947911228	2019-12-28 07:51:58	0	0	0	10	-1	-1	-1
20191228-075158	ItemAdd	4234409161	jiqinghk	JiaXQing	690		1	200	1179	2829			0		0	0	0	0	Linh §å Trang (th­¬n	0	101	30238	100	-403004015	2019-12-28 07:51:58	0	0	0	10	-1	-1	-1
20191228-075158	ItemAdd	4234409161	jiqinghk	JiaXQing	690		1	200	1179	2829			0		0	0	0	0	Linh §å Trang (ngo¹i	0	101	30242	100	-982243418	2019-12-28 07:51:58	0	0	0	10	-1	-1	-1
20191228-075158	ItemAdd	4234409161	jiqinghk	JiaXQing	690		1	200	1179	2829			0		0	0	0	0	Linh §å Trang (néi)	0	101	30246	100	-1809653253	2019-12-28 07:51:58	0	0	0	10	-1	-1	-1
20191228-075158	ItemAdd	4234409161	jiqinghk	JiaXQing	690		1	200	1179	2829			0		0	0	0	0	Linh §å Y	0	100	30238	100	765025752	2019-12-28 07:51:58	0	0	0	10	-1	-1	-1
20191228-075158	ItemAdd	4234409161	jiqinghk	JiaXQing	690		1	200	1179	2829			0		0	0	0	0	Linh §å M·o	0	103	30238	100	-2085340946	2019-12-28 07:51:58	0	0	0	10	-1	-1	-1
20191228-075312	ItemAdd	IBShop	jiqinghk	JiaXQing	690		1	200	1182	2832			0		0	0	0	0	R­¬ng y phôc (h«n lÔ	2	1	552	1	2067441602	2019-12-28 07:53:12	0	0	0	0	2	2	1
20191228-075342	ItemAdd	IBShop	jiqinghk	JiaXQing	690		1	200	1179	2828			0		0	0	0	0	NhÊt §¹i §¹i HiÖp	2	1	1041	1	-169071608	2019-12-28 07:53:42	0	0	0	0	2	2	2
20191228-075410	ItemAdd	IBShop	jiqinghk	JiaXQing	690		1	200	1179	2828			0		0	0	0	0	Kim Kú L©n	0	105	30001	800	-22797727	2019-12-28 07:54:10	26422236	0	0	0	2	3	2
20191228-075640	large_str	AddItem[\settings\static_script\cheat\gm_item_tifuzhiyin.lua|Process_SanJianTao]			0		591728119	0	0	0			0		0	0	0	0		0	0	0	0	0		0	0	0	0	-1	-1	-1
20191228-075640	ItemAdd	591728119	jiqinghk	JiaXQing	690		1	200	1269	2975			0		0	0	0	0	Tr­êng Hµi Du HiÖp	0	154	26	100	302954100	2019-12-28 07:56:40	0	0	0	10	-1	-1	-1
20191228-075640	ItemAdd	591728119	jiqinghk	JiaXQing	690		1	200	1269	2975			0		0	0	0	0	Huy Ch­¬ng Du HiÖp	0	153	26	100	-2053935924	2019-12-28 07:56:40	0	0	0	10	-1	-1	-1
20191228-075640	ItemAdd	591728119	jiqinghk	JiaXQing	690		1	200	1269	2975			0		0	0	0	0	¸o Choµng Du HiÖp	0	152	26	100	1304759254	2019-12-28 07:56:40	0	0	0	10	-1	-1	-1
20191228-075640	ItemAdd	591728119	jiqinghk	JiaXQing	690		1	200	1269	2975			0		0	0	0	0	ChiÕn Hµi ThiÕt HuyÕ	0	154	27	100	-578670468	2019-12-28 07:56:40	0	0	0	10	-1	-1	-1
20191228-075640	ItemAdd	591728119	jiqinghk	JiaXQing	690		1	200	1269	2975			0		0	0	0	0	Huy Ch­¬ng ThiÕt Huy	0	153	27	100	-736620282	2019-12-28 07:56:40	0	0	0	10	-1	-1	-1
20191228-075640	ItemAdd	591728119	jiqinghk	JiaXQing	690		1	200	1269	2975			0		0	0	0	0	¸o Choµng ThiÕt HuyÕ	0	152	27	100	-513652481	2019-12-28 07:56:40	0	0	0	10	-1	-1	-1
20191228-075640	ItemAdd	591728119	jiqinghk	JiaXQing	690		1	200	1269	2975			0		0	0	0	0	§¹o Hµi V©n Du	0	154	28	100	-1837635540	2019-12-28 07:56:40	0	0	0	10	-1	-1	-1
20191228-075640	ItemAdd	591728119	jiqinghk	JiaXQing	690		1	200	1269	2975			0		0	0	0	0	Huy Ch­¬ng V©n Du	0	153	28	100	1707649590	2019-12-28 07:56:40	0	0	0	10	-1	-1	-1
20191228-075640	ItemAdd	591728119	jiqinghk	JiaXQing	690		1	200	1269	2975			0		0	0	0	0	¸o Choµng V©n Du	0	152	28	100	-1973205301	2019-12-28 07:56:40	0	0	0	10	-1	-1	-1
20191228-080120	large_str	AddItem[\settings\static_script\cheat\gm_item_tifuzhiyin.lua|Get_Gem]			0		2363105536	0	0	0			0		0	0	0	0		0	0	0	0	0		0	0	0	0	-1	-1	-1
20191228-080120	ItemAdd	2363105536	jiqinghk	JiaXQing	690		100	200	1562	3055			0		0	0	0	0	HuyÕtTrÝchTh¹ch Lv1	2	22	101	100	119298895	2019-12-28 08:01:20	1073676288	1073676288	1073676288	0	-1	-1	-1
20191228-080120	ItemAdd	2363105536	jiqinghk	JiaXQing	690		100	200	1562	3055			0		0	0	0	0	NguyÖtB¹chTh¹ch Lv1	2	22	201	100	1390130364	2019-12-28 08:01:20	1073676288	1073676288	1073676288	0	-1	-1	-1
20191228-080120	ItemAdd	2363105536	jiqinghk	JiaXQing	690		100	200	1562	3055			0		0	0	0	0	Hæ Ph¸ch Th¹ch CÊp 1	2	22	301	100	-1604753594	2019-12-28 08:01:20	1073676288	1073676288	1073676288	0	-1	-1	-1
20191228-080120	ItemAdd	2363105536	jiqinghk	JiaXQing	690		100	200	1562	3055			0		0	0	0	0	H¾c DiÖu Th¹ch CÊp 1	2	22	401	100	1715096639	2019-12-28 08:01:20	1073676288	1073676288	1073676288	0	-1	-1	-1
20191228-080658	ItemAdd	IBShop	jiqinghk	JiaXQing	690		1	200	1342	2766			0		0	0	0	0	Khiªm Vò Ngo¹i Trang	2	1	3384	1	-393629964	2019-12-28 08:06:58	0	0	0	0	2	2	4
20191228-080738	ItemAdd	IBShop	jiqinghk	JiaXQing	690		1	200	1342	2766			0		0	0	0	0	V¹n VËt Quy Nguyªn §	2	1	495	1	187955364	2019-12-28 08:07:38	0	0	0	0	2	3	4
20191228-080738	ItemAdd	IBShop	jiqinghk	JiaXQing	690		1	200	1342	2766			0		0	0	0	0	H¾c Ngäc §o¹n Tôc Ca	2	1	489	1	-321327473	2019-12-28 08:07:38	0	0	0	0	2	4	4
20191228-080739	ItemAdd	IBShop	jiqinghk	JiaXQing	690		1	200	1342	2766			0		0	0	0	0	Sinh Sinh Hãa T¸n (t	2	1	483	1	378833006	2019-12-28 08:07:39	0	0	0	0	2	0	5
20191228-080744	ItemConsume	ExpendIdx	jiqinghk	JiaXQing	690		1	200	1287	2763			0		0	0	0	0	Khiªm Vò Ngo¹i Trang	2	1	3384	1	-393629964	2019-12-28 08:06:58	0	0	0	0	2	2	4
20191228-080744	large_str	AddItem[/script/item/item_billing/xianyuwaizhuang.lua|OnUse]			0		1407453707	0	0	0			0		0	0	0	0		0	0	0	0	0		0	0	0	0	-1	-1	-1
20191228-080744	ItemAdd	1407453707	jiqinghk	JiaXQing	690		1	200	1287	2763			0		0	0	0	0	Tiªm Vò M·o	0	108	486	100	163492849	2019-12-28 08:07:44	1073676288	1073676288	1073676288	0	-1	-1	-1
20191228-080744	ItemAdd	1407453707	jiqinghk	JiaXQing	690		1	200	1287	2763			0		0	0	0	0	Tiªm Vò Th­êng	0	109	504	300	914226566	2019-12-28 08:07:44	1073676288	1073676288	1073676288	0	-1	-1	-1
20191228-080744	ItemAdd	1407453707	jiqinghk	JiaXQing	690		1	200	1287	2763			0		0	0	0	0	Khiªn Vò QuÇn	0	110	226	100	-393683109	2019-12-28 08:07:44	1073676288	1073676288	1073676288	0	-1	-1	-1
20191228-080952	ItemConsume	ClearItemInPos	jiqinghk	JiaXQing	690		1	200	1330	2870			0		0	0	0	0	S­ §å ThiÕp	2	1	587	1	285521085	2019-12-28 07:50:06	1073676288	1073676288	1073676288	0	2	0	0
20191228-080952	ItemConsume	ClearItemInPos	jiqinghk	JiaXQing	690		1	200	1330	2870			0		0	0	0	0	CÈm Nang §¹i Sù KiÖn	2	1	30045	1	-1241814864	2019-12-28 07:50:06	1073676288	1073676288	1073676288	0	2	1	0
20191228-080952	ItemConsume	ClearItemInPos	jiqinghk	JiaXQing	690		1	200	1330	2870			0		0	0	0	0	NguyÖt L­îng Thè luy	2	0	1043	1	674788909	2019-12-28 07:50:06	1073676288	1073676288	1073676288	0	2	2	0
20191228-080952	ItemConsume	ClearItemInPos	jiqinghk	JiaXQing	690		1	200	1330	2870			0		0	0	0	0	TiÕu ng¹o giang hå l	2	1	30240	1	1127213823	2019-12-28 07:50:06	1073676288	1073676288	1073676288	0	2	3	0
20191228-080952	ItemConsume	ClearItemInPos	jiqinghk	JiaXQing	690		1	200	1330	2870			0		0	0	0	0	GM Item	2	1	30644	1	-416823327	2019-12-28 07:50:06	1073676288	1073676288	1073676288	0	2	4	0
20191228-080952	ItemConsume	ClearItemInPos	jiqinghk	JiaXQing	690		1	200	1330	2870			0		0	0	0	0	Tñ ¸o Thiªn BiÕn TiÕ	2	1	30494	1	-1661109933	2019-12-28 07:50:10	1073676288	1073676288	1073676288	0	2	0	1
20191228-080952	ItemConsume	ClearItemInPos	jiqinghk	JiaXQing	690		1	200	1330	2870			0		0	0	0	0	Bøc th­ thÇn bÝ	2	0	30052	1	474295014	2019-12-28 07:51:18	1073676288	1073676288	1073676288	0	2	1	1
20191228-080952	ItemConsume	ClearItemInPos	jiqinghk	JiaXQing	690		1	200	1330	2870			0		0	0	0	0	R­¬ng y phôc (h«n lÔ	2	1	552	1	2067441602	2019-12-28 07:53:12	0	0	0	0	2	2	1
20191228-080952	ItemConsume	ClearItemInPos	jiqinghk	JiaXQing	690		100	200	1330	2870			0		0	0	0	0	HuyÕtTrÝchTh¹ch Lv1	2	22	101	100	119298895	2019-12-28 08:01:20	1073676288	1073676288	1073676288	0	2	3	1
20191228-080952	ItemConsume	ClearItemInPos	jiqinghk	JiaXQing	690		1	200	1330	2870			0		0	0	0	0	HiÖp ThiÕu kiÕm	0	2	14	70	0	1970-01-01 08:00:00	0	0	0	0	2	4	1
20191228-080952	ItemConsume	ClearItemInPos	jiqinghk	JiaXQing	690		1	200	1330	2870			0		0	0	0	0	Linh §å Trang (ngo¹i	0	101	30242	100	-982243418	2019-12-28 07:51:58	0	0	0	10	2	0	2
20191228-080952	ItemConsume	ClearItemInPos	jiqinghk	JiaXQing	690		1	200	1330	2870			0		0	0	0	0	Linh §å Trang (néi)	0	101	30246	100	-1809653253	2019-12-28 07:51:58	0	0	0	10	2	1	2
20191228-080952	ItemConsume	ClearItemInPos	jiqinghk	JiaXQing	690		1	200	1330	2870			0		0	0	0	0	NhÊt §¹i §¹i HiÖp	2	1	1041	1	-169071608	2019-12-28 07:53:42	0	0	0	0	2	2	2
20191228-080952	ItemConsume	ClearItemInPos	jiqinghk	JiaXQing	690		1	200	1330	2870			0		0	0	0	0	Tr­êng Hµi Du HiÖp	0	154	26	100	302954100	2019-12-28 07:56:40	0	0	0	10	2	3	2
20191228-080952	ItemConsume	ClearItemInPos	jiqinghk	JiaXQing	690		1	200	1330	2870			0		0	0	0	0	Huy Ch­¬ng Du HiÖp	0	153	26	100	-2053935924	2019-12-28 07:56:40	0	0	0	10	2	4	2
20191228-080952	ItemConsume	ClearItemInPos	jiqinghk	JiaXQing	690		1	200	1330	2870			0		0	0	0	0	¸o Choµng Du HiÖp	0	152	26	100	1304759254	2019-12-28 07:56:40	0	0	0	10	2	0	3
20191228-080952	ItemConsume	ClearItemInPos	jiqinghk	JiaXQing	690		1	200	1330	2870			0		0	0	0	0	ChiÕn Hµi ThiÕt HuyÕ	0	154	27	100	-578670468	2019-12-28 07:56:40	0	0	0	10	2	1	3
20191228-080952	ItemConsume	ClearItemInPos	jiqinghk	JiaXQing	690		1	200	1330	2870			0		0	0	0	0	Huy Ch­¬ng ThiÕt Huy	0	153	27	100	-736620282	2019-12-28 07:56:40	0	0	0	10	2	2	3
20191228-080952	ItemConsume	ClearItemInPos	jiqinghk	JiaXQing	690		1	200	1330	2870			0		0	0	0	0	¸o Choµng ThiÕt HuyÕ	0	152	27	100	-513652481	2019-12-28 07:56:40	0	0	0	10	2	3	3
20191228-080952	ItemConsume	ClearItemInPos	jiqinghk	JiaXQing	690		100	200	1330	2870			0		0	0	0	0	NguyÖtB¹chTh¹ch Lv1	2	22	201	100	1390130364	2019-12-28 08:01:20	1073676288	1073676288	1073676288	0	2	4	3
20191228-080952	ItemConsume	ClearItemInPos	jiqinghk	JiaXQing	690		100	200	1330	2870			0		0	0	0	0	Hæ Ph¸ch Th¹ch CÊp 1	2	22	301	100	-1604753594	2019-12-28 08:01:20	1073676288	1073676288	1073676288	0	2	0	4
20191228-080952	ItemConsume	ClearItemInPos	jiqinghk	JiaXQing	690		100	200	1330	2870			0		0	0	0	0	H¾c DiÖu Th¹ch CÊp 1	2	22	401	100	1715096639	2019-12-28 08:01:20	1073676288	1073676288	1073676288	0	2	1	4
20191228-080952	ItemConsume	ClearItemInPos	jiqinghk	JiaXQing	690		1	200	1330	2870			0		0	0	0	0	Tiªm Vò Th­êng	0	109	504	299	914226566	2019-12-28 08:07:44	1073676288	1073676288	1073676288	0	2	2	4
20191228-080952	ItemConsume	ClearItemInPos	jiqinghk	JiaXQing	690		1	200	1330	2870			0		0	0	0	0	V¹n VËt Quy Nguyªn §	2	1	495	1	187955364	2019-12-28 08:07:38	0	0	0	0	2	3	4
20191228-080952	ItemConsume	ClearItemInPos	jiqinghk	JiaXQing	690		1	200	1330	2870			0		0	0	0	0	H¾c Ngäc §o¹n Tôc Ca	2	1	489	1	-321327473	2019-12-28 08:07:38	0	0	0	0	2	4	4
20191228-080952	ItemConsume	ClearItemInPos	jiqinghk	JiaXQing	690		1	200	1330	2870			0		0	0	0	0	Sinh Sinh Hãa T¸n (t	2	1	483	1	378833006	2019-12-28 08:07:39	0	0	0	0	2	0	5
20191228-080952	ItemConsume	ClearItemInPos	jiqinghk	JiaXQing	690		1	200	1330	2870			0		0	0	0	0	Tiªm Vò M·o	0	108	486	99	163492849	2019-12-28 08:07:44	1073676288	1073676288	1073676288	0	2	3	5
20191228-080952	ItemConsume	ClearItemInPos	jiqinghk	JiaXQing	690		1	200	1330	2870			0		0	0	0	0	Khiªn Vò QuÇn	0	110	226	99	-393683109	2019-12-28 08:07:44	1073676288	1073676288	1073676288	0	2	4	5
20191228-080952	large_str	AddItem[\settings\static_script\cheat\gm_item_tifuzhiyin.lua|ClearBagAllItem]			0		3142125327	0	0	0			0		0	0	0	0		0	0	0	0	0		0	0	0	0	-1	-1	-1
20191228-080952	ItemAdd	3142125327	jiqinghk	JiaXQing	690		1	200	1330	2870			0		0	0	0	0	GM Item	2	1	30644	1	1967739437	2019-12-28 08:09:52	1073676288	1073676288	1073676288	0	-1	-1	-1
20191228-081039	ItemAdd	2471460818	jiqinghk	JiaXQing	790		1	200	1265	2851			0		0	0	0	0	CÈm Nang §¹i Sù KiÖn	2	1	30045	1	-45449924	2019-12-28 08:10:39	1073676288	1073676288	1073676288	0	-1	-1	-1
20191228-081039	ItemAdd	2471460818	jiqinghk	JiaXQing	790		1	200	1265	2851			0		0	0	0	0	NguyÖt L­îng Thè luy	2	0	1043	1	1254478790	2019-12-28 08:10:39	1073676288	1073676288	1073676288	0	-1	-1	-1
20191228-081039	ItemAdd	2471460818	jiqinghk	JiaXQing	790		1	200	1265	2851			0		0	0	0	0	TiÕu ng¹o giang hå l	2	1	30240	1	1539267104	2019-12-28 08:10:39	1073676288	1073676288	1073676288	0	-1	-1	-1
20191228-081039	ItemAdd	2471460818	jiqinghk	JiaXQing	790		1	200	1265	2851			0		0	0	0	0	Bøc th­ thÇn bÝ	2	0	30052	1	-302511414	2019-12-28 08:10:39	1073676288	1073676288	1073676288	0	-1	-1	-1
20191228-081101	large_str	Pay[/script/online_activites/xinshouzhiyin/item/item_xiaoaojianghulu.lua|NT_Dialog2]			0		1096450506	0	0	0			0		0	0	0	0		0	0	0	0	0		0	0	0	0	-1	-1	-1
20191228-081101	MoneyPay	1096450506	jiqinghk	JiaXQing	790		10000	200	1227	2874			0		0	0	0	0		0	0	0	0	0		0	0	0	0	-1	-1	-1
20191228-081101	large_str	AddItem[/script/online_activites/xinshouzhiyin/item/item_xiaoaojianghulu.lua|NT_Dialog2]			0		1611032134	0	0	0			0		0	0	0	0		0	0	0	0	0		0	0	0	0	-1	-1	-1
20191228-081101	ItemAdd	1611032134	jiqinghk	JiaXQing	790		1	200	1227	2874			0		0	0	0	0	Thuèc tiªu ch¶y	2	1	30247	1	707416009	2019-12-28 08:11:01	1073676288	1073676288	1073676288	0	-1	-1	-1
20191228-081211	ItemAdd	2471460818	jiqinghk	JiQingX	1		1	100	1445	2802			0		0	0	0	0	S­ §å ThiÕp	2	1	587	1	1779936520	2019-12-28 08:12:11	1073676288	1073676288	1073676288	0	-1	-1	-1
20191228-081211	ItemAdd	2471460818	jiqinghk	JiQingX	1		1	100	1445	2802			0		0	0	0	0	CÈm Nang §¹i Sù KiÖn	2	1	30045	1	1177629012	2019-12-28 08:12:11	1073676288	1073676288	1073676288	0	-1	-1	-1
20191228-081211	ItemAdd	2471460818	jiqinghk	JiQingX	1		1	100	1445	2802			0		0	0	0	0	NguyÖt L­îng Thè luy	2	0	1043	1	-1360303458	2019-12-28 08:12:11	1073676288	1073676288	1073676288	0	-1	-1	-1
20191228-081211	ItemAdd	2471460818	jiqinghk	JiQingX	1		1	100	1445	2802			0		0	0	0	0	TiÕu ng¹o giang hå l	2	1	30240	1	1547979895	2019-12-28 08:12:11	1073676288	1073676288	1073676288	0	-1	-1	-1
20191228-081211	ItemAdd	207423358	jiqinghk	JiQingX	1		1	100	1445	2802			0		0	0	0	0	GM Item	2	1	30644	1	-905947307	2019-12-28 08:12:11	1073676288	1073676288	1073676288	0	-1	-1	-1
20191228-081212	ItemAdd	1866858960	jiqinghk	JiQingX	1		1	100	1445	2802			0		0	0	0	0	Tñ ¸o Thiªn BiÕn TiÕ	2	1	30494	1	-1929903257	2019-12-28 08:12:12	1073676288	1073676288	1073676288	0	-1	-1	-1
20191228-081242	ItemAdd	IBShop	jiqinghk	JiQingX	1		1	100	1462	2829			0		0	0	0	0	HiÖp Dùc	0	105	50	200	297064426	2019-12-28 08:12:42	26421314	0	0	0	2	1	1
20191228-081601	large_str	AddItem[\settings\static_script\cheat\gm_item_tifuzhiyin.lua|getTianJiaoLing]			0		1829867081	0	0	0			0		0	0	0	0		0	0	0	0	0		0	0	0	0	-1	-1	-1
20191228-081601	ItemAdd	1829867081	jiqinghk	JiaXQing	790		100	200	1187	2862			0		0	0	0	0	Thiªn Kiªu LÖnh	2	97	236	100	752496380	2019-12-28 08:16:01	1073676288	1073676288	1073676288	0	-1	-1	-1
20191228-081707	ItemAdd	4234409161	jiqinghk	JiaXQing	790		1	200	1356	2858			0		0	0	0	0	Linh §å Giíi (tr¸i)	0	102	30221	100	-1734155474	2019-12-28 08:17:07	0	0	0	0	-1	-1	-1
20191228-081707	ItemAdd	4234409161	jiqinghk	JiaXQing	790		1	200	1356	2858			0		0	0	0	0	Linh §å Giíi (ph¶i)	0	102	30222	100	-1879751992	2019-12-28 08:17:07	0	0	0	0	-1	-1	-1
20191228-081707	ItemAdd	4234409161	jiqinghk	JiaXQing	790		1	200	1356	2858			0		0	0	0	0	Linh §å PhiÕn	0	13	30222	300	1790892393	2019-12-28 08:17:07	0	0	0	10	-1	-1	-1
20191228-081707	ItemAdd	4234409161	jiqinghk	JiaXQing	790		1	200	1356	2858			0		0	0	0	0	Linh §å Trang (th­¬n	0	101	30238	100	-1623503589	2019-12-28 08:17:07	0	0	0	10	-1	-1	-1
20191228-081707	ItemAdd	4234409161	jiqinghk	JiaXQing	790		1	200	1356	2858			0		0	0	0	0	Linh §å Trang (ngo¹i	0	101	30242	100	-654267196	2019-12-28 08:17:07	0	0	0	10	-1	-1	-1
20191228-081707	ItemAdd	4234409161	jiqinghk	JiaXQing	790		1	200	1356	2858			0		0	0	0	0	Linh §å Trang (néi)	0	101	30246	100	1009661326	2019-12-28 08:17:07	0	0	0	10	-1	-1	-1
20191228-081707	ItemAdd	4234409161	jiqinghk	JiaXQing	790		1	200	1356	2858			0		0	0	0	0	Linh §å Y	0	100	30238	100	-1931104216	2019-12-28 08:17:07	0	0	0	10	-1	-1	-1
20191228-081707	ItemAdd	4234409161	jiqinghk	JiaXQing	790		1	200	1356	2858			0		0	0	0	0	Linh §å M·o	0	103	30238	100	1557101758	2019-12-28 08:17:07	0	0	0	10	-1	-1	-1
20191228-081845	ItemConsume	ClearItemInPos	jiqinghk	JiaXQing	790		1	200	1259	2808			0		0	0	0	0	GM Item	2	1	30644	1	1967739437	2019-12-28 08:09:52	1073676288	1073676288	1073676288	0	2	0	0
20191228-081845	ItemConsume	ClearItemInPos	jiqinghk	JiaXQing	790		1	200	1259	2808			0		0	0	0	0	CÈm Nang §¹i Sù KiÖn	2	1	30045	1	-45449924	2019-12-28 08:10:39	1073676288	1073676288	1073676288	0	2	1	0
20191228-081845	ItemConsume	ClearItemInPos	jiqinghk	JiaXQing	790		1	200	1259	2808			0		0	0	0	0	NguyÖt L­îng Thè luy	2	0	1043	1	1254478790	2019-12-28 08:10:39	1073676288	1073676288	1073676288	0	2	2	0
20191228-081845	ItemConsume	ClearItemInPos	jiqinghk	JiaXQing	790		1	200	1259	2808			0		0	0	0	0	TiÕu ng¹o giang hå l	2	1	30240	1	1539267104	2019-12-28 08:10:39	1073676288	1073676288	1073676288	0	2	3	0
20191228-081845	ItemConsume	ClearItemInPos	jiqinghk	JiaXQing	790		1	200	1259	2808			0		0	0	0	0	Bøc th­ thÇn bÝ	2	0	30052	1	-302511414	2019-12-28 08:10:39	1073676288	1073676288	1073676288	0	2	4	0
20191228-081845	ItemConsume	ClearItemInPos	jiqinghk	JiaXQing	790		1	200	1259	2808			0		0	0	0	0	Thuèc tiªu ch¶y	2	1	30247	1	707416009	2019-12-28 08:11:01	1073676288	1073676288	1073676288	0	2	0	1
20191228-081845	ItemConsume	ClearItemInPos	jiqinghk	JiaXQing	790		100	200	1259	2808			0		0	0	0	0	Thiªn Kiªu LÖnh	2	97	236	100	752496380	2019-12-28 08:16:01	1073676288	1073676288	1073676288	0	2	1	1
20191228-081845	ItemConsume	ClearItemInPos	jiqinghk	JiaXQing	790		1	200	1259	2808			0		0	0	0	0	Linh §å Giíi (tr¸i)	0	102	30221	100	-1734155474	2019-12-28 08:17:07	0	0	0	0	2	2	1
20191228-081845	ItemConsume	ClearItemInPos	jiqinghk	JiaXQing	790		1	200	1259	2808			0		0	0	0	0	Linh §å Giíi (ph¶i)	0	102	30222	100	-1879751992	2019-12-28 08:17:07	0	0	0	0	2	3	1
20191228-081845	ItemConsume	ClearItemInPos	jiqinghk	JiaXQing	790		1	200	1259	2808			0		0	0	0	0	Linh §å PhiÕn	0	13	30222	300	1790892393	2019-12-28 08:17:07	0	0	0	10	2	4	1
20191228-081845	ItemConsume	ClearItemInPos	jiqinghk	JiaXQing	790		1	200	1259	2808			0		0	0	0	0	Linh §å Trang (th­¬n	0	101	30238	100	-1623503589	2019-12-28 08:17:07	0	0	0	10	2	0	2
20191228-081845	ItemConsume	ClearItemInPos	jiqinghk	JiaXQing	790		1	200	1259	2808			0		0	0	0	0	Linh §å Trang (ngo¹i	0	101	30242	100	-654267196	2019-12-28 08:17:07	0	0	0	10	2	1	2
20191228-081845	ItemConsume	ClearItemInPos	jiqinghk	JiaXQing	790		1	200	1259	2808			0		0	0	0	0	Linh §å Trang (néi)	0	101	30246	100	1009661326	2019-12-28 08:17:07	0	0	0	10	2	2	2
20191228-081845	ItemConsume	ClearItemInPos	jiqinghk	JiaXQing	790		1	200	1259	2808			0		0	0	0	0	Linh §å Y	0	100	30238	100	-1931104216	2019-12-28 08:17:07	0	0	0	10	2	3	2
20191228-081845	ItemConsume	ClearItemInPos	jiqinghk	JiaXQing	790		1	200	1259	2808			0		0	0	0	0	Linh §å M·o	0	103	30238	100	1557101758	2019-12-28 08:17:07	0	0	0	10	2	4	2
