ChangeLogFile: FirstWrite=1, CurrentLine=0/65536 LastTime=1900-1-0 0:0:0
20200104-211735<INFO :0xf7438700>: [KG_Goddess] Loading KG_Goddess.ini
20200104-211735<INFO :0xf7438700>: [verify_up2date]...
20200104-211735<INFO :0xf7438700>: >Current lang is [gb18030]
20200104-211735<INFO :0xf7438700>: >Welcome to use [verify_up2date](version: 2.3.4 [2018-02-25]) tool. 
20200104-211735<INFO :0xf7438700>: >Time duration: 12.445779ms 
20200104-211735<INFO :0xf7438700>: >
20200104-211735<INFO :0xf7438700>: >Finish, my exit code is: 0
20200104-211735<INFO :0xf7438700>: |shell cmd result is 0
20200104-211735<INFO :0xf7438700>: ExecShellCmd [./verify_up2date -op=vef -d="." ] ret=0
20200104-211735<INFO :0xf7438700>: [verify_up2date] ok
20200104-211735<INFO :0xf7438700>: [Goddess][Version:Aug 22 2014 15:43:09] Begin to start ... ...
20200104-211735<INFO :0xf7438700>: [KG_Goddess] Set log level ... ... KGLOG_UPTO(KGLOG_DEBUG)
20200104-211735<INFO :0xf7438700>: [KG_Goddess] Loaded KG_Angel, version 2.5
20200104-211735<INFO :0xf7438700>: [KG_Goddess] Initializing role database ...
20200104-211735<INFO :0xf7438700>: [KGD] Mysql info: client[5.1.69] host[Localhost via UNIX socket] server[5.5.64-MariaDB]
20200104-211735<DEBUG:0xf7438700>: [KGD] Success connect to localhost:3306, character set switch to latin1
20200104-211735<DEBUG:0xf7438700>: [KGD] KGD_PROCESS_ERROR(nRetCode, KGD_ERROR_NOT_SUPPORT), at line 1467 in (0x0x9f87f68)->_LoadTable()
20200104-211735<DEBUG:0xf7438700>: [KGD] (0x0x9f87f68)->_LoadTable("fightteam")
20200104-211735<DEBUG:0xf7438700>: [KGD] KGD_PROCESS_ERROR(nRetCode, KGD_ERROR_NOT_SUPPORT), at line 1467 in (0x0x9f87f68)->_LoadTable()
20200104-211735<DEBUG:0xf7438700>: [KGD] (0x0x9f87f68)->_LoadTable("playerfightteam")
20200104-211735<INFO :0xf7438700>: [KG_Goddess] Initializing role statistic ...
20200104-211735<INFO :0xf7438700>: [RoleStatistic] listen 127.0.0.1 : 6001 result=1
20200104-211735<INFO :0xf7438700>: [RoleStatistic] Listening at 127.0.0.1:6001
20200104-211735<INFO :0xf7438700>: [KG_Goddess] Initializing server manager ...
20200104-211735<INFO :0xf7438700>: [ServerManager] Listening at 127.0.0.1:5001
20200104-211735<INFO :0xf7438700>: [KG_Goddess] Started successful
20200104-211747<INFO :0xf67acb40>: [ServerManager] RemoteServer from (127.0.0.1:38385) connect ok
20200104-211747<INFO :0xf67acb40>: [ServerManager] Accept from (127.0.0.1:38385) SocketStream = 0xf5e00528
20200104-211747<INFO :0xf67acb40>: [[Group 1 Server 00]] Server 0 created ok!
20200104-211747<INFO :0xf5dffb40>: [Group 1 Server 00] Started, service for 127.0.0.1:38385
20200104-211747<INFO :0xf5dffb40>: [KGD] Mysql info: client[5.1.69] host[Localhost via UNIX socket] server[5.5.64-MariaDB]
20200104-211747<DEBUG:0xf5dffb40>: [KGD] KGD_PROCESS_ERROR(nRetCode, KGD_ERROR_NOT_SUPPORT), at line 1467 in (0x0xf5400470)->_LoadTable()
20200104-211747<DEBUG:0xf5dffb40>: [KGD] (0x0xf5400470)->_LoadTable("fightteam")
20200104-211747<DEBUG:0xf5dffb40>: [KGD] KGD_PROCESS_ERROR(nRetCode, KGD_ERROR_NOT_SUPPORT), at line 1467 in (0x0xf5400470)->_LoadTable()
20200104-211747<DEBUG:0xf5dffb40>: [KGD] (0x0xf5400470)->_LoadTable("playerfightteam")
20200104-211747<DEBUG:0xf5dffb40>: [KGD] Success connect to localhost:3306, character set switch to latin1
20200104-211807<DEBUG:0xf5dffb40>: [Group 1 Server 00] Enter _ping(time=179879)
20200104-211827<DEBUG:0xf5dffb40>: [Group 1 Server 00] Enter _ping(time=199907)
20200104-211847<DEBUG:0xf5dffb40>: [Group 1 Server 00] Enter _ping(time=219956)
20200104-211853<INFO :0xf67acb40>: [ServerManager] RemoteServer from (127.0.0.1:34482) connect ok
20200104-211853<INFO :0xf67acb40>: [ServerManager] Accept from (127.0.0.1:34482) SocketStream = 0xf5e00a30
20200104-211853<INFO :0xf67acb40>: [[Group 1 Server 01]] Server 1 created ok!
20200104-211853<INFO :0xf53ffb40>: [Group 1 Server 01] Started, service for 127.0.0.1:34482
20200104-211853<INFO :0xf53ffb40>: [KGD] Mysql info: client[5.1.69] host[Localhost via UNIX socket] server[5.5.64-MariaDB]
20200104-211853<DEBUG:0xf53ffb40>: [KGD] KGD_PROCESS_ERROR(nRetCode, KGD_ERROR_NOT_SUPPORT), at line 1467 in (0x0xf4a00470)->_LoadTable()
20200104-211853<DEBUG:0xf53ffb40>: [KGD] (0x0xf4a00470)->_LoadTable("fightteam")
20200104-211853<DEBUG:0xf53ffb40>: [KGD] KGD_PROCESS_ERROR(nRetCode, KGD_ERROR_NOT_SUPPORT), at line 1467 in (0x0xf4a00470)->_LoadTable()
20200104-211853<DEBUG:0xf53ffb40>: [KGD] (0x0xf4a00470)->_LoadTable("playerfightteam")
20200104-211853<DEBUG:0xf53ffb40>: [KGD] Success connect to localhost:3306, character set switch to latin1
20200104-211854<INFO :0xf53ffb40>: [verify_up2date] GetUp2dateVersion: code=8DA68FCD
20200104-211854<DEBUG:0xf53ffb40>: [Group 1 Server 01] Enter _query_statistic_info()
20200104-211854<DEBUG:0xf53ffb40>: KGLOG_PROCESS_ERROR(piStatistic) at line 2088 in _query_statistic_info
20200104-211854<DEBUG:0xf53ffb40>: [Group 1 Server 01] Leave _query_statistic_info() size =0 ret=0
20200104-211906<DEBUG:0xf5dffb40>: [Group 1 Server 00] Enter _ping(time=239989)
20200104-211907<DEBUG:0xf53ffb40>: KGLOG_PROCESS_ERROR(nRetCode && "Receive packet failed") at line 978 in ProcessRequest
20200104-211907<ERROR:0xf53ffb40>: [Group 1 Server 01] Connection with 127.0.0.1 have been disconnected, wait for being reconnectted!
20200104-211907<WARN :0xf53ffb40>: [[Group 1 Server 01]] RemoteServer 127.0.0.1:34482 crashed
20200104-211907<INFO :0xf53ffb40>: [ServerManager] Server 1 will stop, unlock all role [count=0] 
20200104-211927<DEBUG:0xf5dffb40>: [Group 1 Server 00] Enter _ping(time=259989)
20200104-211947<DEBUG:0xf5dffb40>: [Group 1 Server 00] Enter _ping(time=280032)
20200104-212007<DEBUG:0xf5dffb40>: [Group 1 Server 00] Enter _ping(time=300076)
20200104-212027<DEBUG:0xf5dffb40>: [Group 1 Server 00] Enter _ping(time=320130)
20200104-212047<DEBUG:0xf5dffb40>: [Group 1 Server 00] Enter _ping(time=340153)
20200104-212054<ERROR:0xf53ffb40>: [Group 1 Server 01] There are no data arrive during 120/120 second, auto disconnect!
20200104-212054<INFO :0xf53ffb40>: [ServerManager] Server 1 will stop, unlock all role [count=0] 
20200104-212054<INFO :0xf53ffb40>: [Group 1 Server 01] Stopped
20200104-212107<DEBUG:0xf5dffb40>: [Group 1 Server 00] Enter _ping(time=360165)
20200104-212127<DEBUG:0xf5dffb40>: [Group 1 Server 00] Enter _ping(time=380170)
20200104-212147<DEBUG:0xf5dffb40>: [Group 1 Server 00] Enter _ping(time=400226)
20200104-212148<INFO :0xf67acb40>: [ServerManager] RemoteServer from (127.0.0.1:51910) connect ok
20200104-212148<INFO :0xf67acb40>: [ServerManager] Accept from (127.0.0.1:51910) SocketStream = 0xf5e00a30
20200104-212148<INFO :0xf67acb40>: [[Group 1 Server 02]] Server 2 created ok!
20200104-212148<INFO :0xf53ffb40>: [Group 1 Server 02] Started, service for 127.0.0.1:51910
20200104-212148<INFO :0xf53ffb40>: [KGD] Mysql info: client[5.1.69] host[Localhost via UNIX socket] server[5.5.64-MariaDB]
20200104-212148<DEBUG:0xf53ffb40>: [KGD] KGD_PROCESS_ERROR(nRetCode, KGD_ERROR_NOT_SUPPORT), at line 1467 in (0x0xf4a06970)->_LoadTable()
20200104-212148<DEBUG:0xf53ffb40>: [KGD] (0x0xf4a06970)->_LoadTable("fightteam")
20200104-212148<DEBUG:0xf53ffb40>: [KGD] KGD_PROCESS_ERROR(nRetCode, KGD_ERROR_NOT_SUPPORT), at line 1467 in (0x0xf4a06970)->_LoadTable()
20200104-212148<DEBUG:0xf53ffb40>: [KGD] (0x0xf4a06970)->_LoadTable("playerfightteam")
20200104-212148<DEBUG:0xf53ffb40>: [KGD] Success connect to localhost:3306, character set switch to latin1
20200104-212148<INFO :0xf53ffb40>: [verify_up2date] GetUp2dateVersion: code=8DA68FCD
20200104-212148<DEBUG:0xf53ffb40>: [Group 1 Server 02] Enter _query_statistic_info()
20200104-212148<DEBUG:0xf53ffb40>: KGLOG_PROCESS_ERROR(piStatistic) at line 2088 in _query_statistic_info
20200104-212148<DEBUG:0xf53ffb40>: [Group 1 Server 02] Leave _query_statistic_info() size =0 ret=0
20200104-212207<DEBUG:0xf5dffb40>: [Group 1 Server 00] Enter _ping(time=420241)
20200104-212218<DEBUG:0xf53ffb40>: [Group 1 Server 02] Enter _ping(time=431233)
20200104-212227<DEBUG:0xf5dffb40>: [Group 1 Server 00] Enter _ping(time=440271)
20200104-212247<DEBUG:0xf5dffb40>: [Group 1 Server 00] Enter _ping(time=460287)
20200104-212248<DEBUG:0xf53ffb40>: [Group 1 Server 02] Enter _ping(time=461293)
20200104-212307<DEBUG:0xf5dffb40>: [Group 1 Server 00] Enter _ping(time=480286)
20200104-212318<DEBUG:0xf53ffb40>: [Group 1 Server 02] Enter _ping(time=491258)
20200104-212327<DEBUG:0xf5dffb40>: [Group 1 Server 00] Enter _ping(time=500306)
20200104-212348<DEBUG:0xf5dffb40>: [Group 1 Server 00] Enter _ping(time=520358)
20200104-212348<DEBUG:0xf53ffb40>: [Group 1 Server 02] Enter _ping(time=521179)
20200104-212408<DEBUG:0xf5dffb40>: [Group 1 Server 00] Enter _ping(time=540401)
20200104-212418<DEBUG:0xf53ffb40>: [Group 1 Server 02] Enter _ping(time=551215)
20200104-212428<DEBUG:0xf5dffb40>: [Group 1 Server 00] Enter _ping(time=560401)
20200104-212442<INFO :0xf5dffb40>: [Group 1 Server 00] Query roles list of account "thuong2"
20200104-212442<DEBUG:0xf5dffb40>: [Group 1 Server 00] Leave _query_role_list(thuong2) uRoleCount=3 nResult=1
20200104-212449<DEBUG:0xf53ffb40>: [Group 1 Server 02] Enter _ping(time=581212)
20200104-212502<DEBUG:0xf5dffb40>: [Group 1 Server 00] Enter _ping(time=594682)
20200104-212509<INFO :0xf5dffb40>: [Group 1 Server 00] Get role "12312312312312" nResult=1
20200104-212512<DEBUG:0xf53ffb40>: [ServerManager] Role "12312312312312" locked by Server 02
20200104-212512<DEBUG:0xf53ffb40>: [Group 1 Server 02] Leave _lock_or_unlock_role(Role=12312312312312, Lock=1) nResult=1
20200104-212529<DEBUG:0xf5dffb40>: [Group 1 Server 00] Enter _ping(time=621427)
20200104-212532<INFO :0xf5dffb40>: [Group 1 Server 00] Query roles list of account "thuong4"
20200104-212532<DEBUG:0xf5dffb40>: [Group 1 Server 00] Leave _query_role_list(thuong4) uRoleCount=0 nResult=1
20200104-212542<DEBUG:0xf53ffb40>: [Group 1 Server 02] Enter _ping(time=634117)
20200104-212552<DEBUG:0xf5dffb40>: [Group 1 Server 00] Enter _ping(time=644509)
20200104-212606<INFO :0xf5dffb40>: [Group 1 Server 00] { thuong4 } Create role "Demooooo"
20200104-212606<DEBUG:0xf5dffb40>: [Group 1 Server 00] Leave _create_role(thuong4.Demooooo) nResult=1
20200104-212609<DEBUG:0xf53ffb40>: [ServerManager] Role "Demooooo" locked by Server 02
20200104-212609<DEBUG:0xf53ffb40>: [Group 1 Server 02] Leave _lock_or_unlock_role(Role=Demooooo, Lock=1) nResult=1
20200104-212626<DEBUG:0xf5dffb40>: [Group 1 Server 00] Enter _ping(time=678764)
20200104-212629<DEBUG:0xf53ffb40>: [ServerManager] Role "Demooooo" unlocked by Server 2
20200104-212629<INFO :0xf53ffb40>: [Group 1 Server 02] Save role end [thuong4].[Demooooo], LeaveFlag = 1 nResult=1
20200104-212632<INFO :0xf5dffb40>: [Group 1 Server 00] Query roles list of account "thuong4"
20200104-212632<DEBUG:0xf5dffb40>: [Group 1 Server 00] Leave _query_role_list(thuong4) uRoleCount=1 nResult=1
20200104-212652<DEBUG:0xf5dffb40>: [Group 1 Server 00] Enter _ping(time=704216)
20200104-212657<INFO :0xf5dffb40>: [Group 1 Server 00] Get role "Demooooo" nResult=1
20200104-212659<DEBUG:0xf53ffb40>: [ServerManager] Role "Demooooo" locked by Server 02
20200104-212659<DEBUG:0xf53ffb40>: [Group 1 Server 02] Leave _lock_or_unlock_role(Role=Demooooo, Lock=1) nResult=1
20200104-212717<DEBUG:0xf5dffb40>: [Group 1 Server 00] Enter _ping(time=729413)
20200104-212729<DEBUG:0xf53ffb40>: [Group 1 Server 02] Enter _ping(time=740969)
20200104-212737<DEBUG:0xf5dffb40>: [Group 1 Server 00] Enter _ping(time=749438)
20200104-212757<DEBUG:0xf5dffb40>: [Group 1 Server 00] Enter _ping(time=769451)
20200104-212759<DEBUG:0xf53ffb40>: [Group 1 Server 02] Enter _ping(time=771132)
20200104-212817<DEBUG:0xf5dffb40>: [Group 1 Server 00] Enter _ping(time=789489)
20200104-212829<DEBUG:0xf53ffb40>: [Group 1 Server 02] Enter _ping(time=801617)
20200104-212837<DEBUG:0xf5dffb40>: [Group 1 Server 00] Enter _ping(time=809510)
20200104-212857<DEBUG:0xf5dffb40>: [Group 1 Server 00] Enter _ping(time=829517)
20200104-212859<DEBUG:0xf53ffb40>: [Group 1 Server 02] Enter _ping(time=831691)
20200104-212917<DEBUG:0xf5dffb40>: [Group 1 Server 00] Enter _ping(time=849555)
20200104-212929<DEBUG:0xf53ffb40>: [Group 1 Server 02] Enter _ping(time=861754)
20200104-212937<DEBUG:0xf5dffb40>: [Group 1 Server 00] Enter _ping(time=869589)
20200104-212957<DEBUG:0xf5dffb40>: [Group 1 Server 00] Enter _ping(time=889618)
20200104-212959<DEBUG:0xf53ffb40>: [Group 1 Server 02] Enter _ping(time=891804)
20200104-213017<DEBUG:0xf5dffb40>: [Group 1 Server 00] Enter _ping(time=909621)
20200104-213029<DEBUG:0xf53ffb40>: [Group 1 Server 02] Enter _ping(time=921856)
20200104-213037<DEBUG:0xf5dffb40>: [Group 1 Server 00] Enter _ping(time=929647)
20200104-213057<DEBUG:0xf5dffb40>: [Group 1 Server 00] Enter _ping(time=949655)
20200104-213059<DEBUG:0xf53ffb40>: [Group 1 Server 02] Enter _ping(time=951918)
20200104-213117<DEBUG:0xf5dffb40>: [Group 1 Server 00] Enter _ping(time=969681)
20200104-213129<DEBUG:0xf53ffb40>: [Group 1 Server 02] Enter _ping(time=981970)
20200104-213130<DEBUG:0xf53ffb40>: [ServerManager] Role "Demooooo" unlocked by Server 2
20200104-213130<INFO :0xf53ffb40>: [Group 1 Server 02] Save role end [thuong4].[Demooooo], LeaveFlag = 1 nResult=1
20200104-213133<DEBUG:0xf53ffb40>: [ServerManager] Role "12312312312312" unlocked by Server 2
20200104-213133<INFO :0xf53ffb40>: [Group 1 Server 02] Save role end [thuong2].[12312312312312], LeaveFlag = 1 nResult=1
20200104-213137<DEBUG:0xf5dffb40>: [Group 1 Server 00] Enter _ping(time=989714)
20200104-213140<DEBUG:0xf53ffb40>: KGLOG_PROCESS_ERROR(nRetCode && "Receive packet failed") at line 978 in ProcessRequest
20200104-213140<ERROR:0xf53ffb40>: [Group 1 Server 02] Connection with 127.0.0.1 have been disconnected, wait for being reconnectted!
20200104-213140<WARN :0xf53ffb40>: [[Group 1 Server 02]] RemoteServer 127.0.0.1:51910 crashed
20200104-213140<INFO :0xf53ffb40>: [ServerManager] Server 2 will stop, unlock all role [count=0] 
20200104-213144<DEBUG:0xf5dffb40>: KGLOG_PROCESS_ERROR(nRetCode && "Receive packet failed") at line 978 in ProcessRequest
20200104-213144<ERROR:0xf5dffb40>: [Group 1 Server 00] Connection with 127.0.0.1 have been disconnected, wait for being reconnectted!
20200104-213144<WARN :0xf5dffb40>: [[Group 1 Server 00]] RemoteServer 127.0.0.1:38385 crashed
20200104-213144<INFO :0xf5dffb40>: [ServerManager] Server 0 will stop, unlock all role [count=0] 
