ChangeLogFile: FirstWrite=1, CurrentLine=0/65536 LastTime=1900-1-0 0:0:0
20200104-130228<INFO :0xf73a4700>: [KG_Goddess] Loading KG_Goddess.ini
20200104-130228<INFO :0xf73a4700>: [verify_up2date]...
20200104-130228<INFO :0xf73a4700>: >Current lang is [gb18030]
20200104-130228<INFO :0xf73a4700>: >Welcome to use [verify_up2date](version: 2.3.4 [2018-02-25]) tool. 
20200104-130228<INFO :0xf73a4700>: >Time duration: 11.01704ms 
20200104-130228<INFO :0xf73a4700>: >
20200104-130228<INFO :0xf73a4700>: >Finish, my exit code is: 0
20200104-130228<INFO :0xf73a4700>: |shell cmd result is 0
20200104-130228<INFO :0xf73a4700>: ExecShellCmd [./verify_up2date -op=vef -d="." ] ret=0
20200104-130228<INFO :0xf73a4700>: [verify_up2date] ok
20200104-130228<INFO :0xf73a4700>: [Goddess][Version:Aug 22 2014 15:43:09] Begin to start ... ...
20200104-130228<INFO :0xf73a4700>: [KG_Goddess] Set log level ... ... KGLOG_UPTO(KGLOG_DEBUG)
20200104-130228<INFO :0xf73a4700>: [KG_Goddess] Loaded KG_Angel, version 2.5
20200104-130228<INFO :0xf73a4700>: [KG_Goddess] Initializing role database ...
20200104-130228<INFO :0xf73a4700>: [KGD] Mysql info: client[5.1.69] host[Localhost via UNIX socket] server[5.5.64-MariaDB]
20200104-130228<DEBUG:0xf73a4700>: [KGD] Success connect to localhost:3306, character set switch to latin1
20200104-130228<DEBUG:0xf73a4700>: [KGD] KGD_PROCESS_ERROR(nRetCode, KGD_ERROR_NOT_SUPPORT), at line 1467 in (0x0x9868f68)->_LoadTable()
20200104-130228<DEBUG:0xf73a4700>: [KGD] (0x0x9868f68)->_LoadTable("fightteam")
20200104-130228<DEBUG:0xf73a4700>: [KGD] KGD_PROCESS_ERROR(nRetCode, KGD_ERROR_NOT_SUPPORT), at line 1467 in (0x0x9868f68)->_LoadTable()
20200104-130228<DEBUG:0xf73a4700>: [KGD] (0x0x9868f68)->_LoadTable("playerfightteam")
20200104-130228<INFO :0xf73a4700>: [KG_Goddess] Initializing role statistic ...
20200104-130228<INFO :0xf73a4700>: [RoleStatistic] listen 127.0.0.1 : 6001 result=1
20200104-130228<INFO :0xf73a4700>: [RoleStatistic] Listening at 127.0.0.1:6001
20200104-130228<INFO :0xf73a4700>: [KG_Goddess] Initializing server manager ...
20200104-130228<INFO :0xf73a4700>: [ServerManager] Listening at 127.0.0.1:5001
20200104-130228<INFO :0xf73a4700>: [KG_Goddess] Started successful
20200104-130310<INFO :0xf6718b40>: [ServerManager] RemoteServer from (127.0.0.1:34907) connect ok
20200104-130310<INFO :0xf6718b40>: [ServerManager] Accept from (127.0.0.1:34907) SocketStream = 0xf5e00528
20200104-130310<INFO :0xf6718b40>: [[Group 1 Server 00]] Server 0 created ok!
20200104-130310<INFO :0xf5dffb40>: [Group 1 Server 00] Started, service for 127.0.0.1:34907
20200104-130310<INFO :0xf5dffb40>: [KGD] Mysql info: client[5.1.69] host[Localhost via UNIX socket] server[5.5.64-MariaDB]
20200104-130310<DEBUG:0xf5dffb40>: [KGD] KGD_PROCESS_ERROR(nRetCode, KGD_ERROR_NOT_SUPPORT), at line 1467 in (0x0xf5400470)->_LoadTable()
20200104-130310<DEBUG:0xf5dffb40>: [KGD] (0x0xf5400470)->_LoadTable("fightteam")
20200104-130310<DEBUG:0xf5dffb40>: [KGD] KGD_PROCESS_ERROR(nRetCode, KGD_ERROR_NOT_SUPPORT), at line 1467 in (0x0xf5400470)->_LoadTable()
20200104-130310<DEBUG:0xf5dffb40>: [KGD] (0x0xf5400470)->_LoadTable("playerfightteam")
20200104-130310<DEBUG:0xf5dffb40>: [KGD] Success connect to localhost:3306, character set switch to latin1
20200104-130330<DEBUG:0xf5dffb40>: [Group 1 Server 00] Enter _ping(time=394458)
20200104-130350<DEBUG:0xf5dffb40>: [Group 1 Server 00] Enter _ping(time=414492)
20200104-130410<DEBUG:0xf5dffb40>: [Group 1 Server 00] Enter _ping(time=434528)
20200104-130415<INFO :0xf6718b40>: [ServerManager] RemoteServer from (127.0.0.1:34929) connect ok
20200104-130415<INFO :0xf6718b40>: [ServerManager] Accept from (127.0.0.1:34929) SocketStream = 0xf5e00a30
20200104-130415<INFO :0xf6718b40>: [[Group 1 Server 01]] Server 1 created ok!
20200104-130415<INFO :0xf53ffb40>: [Group 1 Server 01] Started, service for 127.0.0.1:34929
20200104-130415<INFO :0xf53ffb40>: [KGD] Mysql info: client[5.1.69] host[Localhost via UNIX socket] server[5.5.64-MariaDB]
20200104-130415<DEBUG:0xf53ffb40>: [KGD] KGD_PROCESS_ERROR(nRetCode, KGD_ERROR_NOT_SUPPORT), at line 1467 in (0x0xf4a00470)->_LoadTable()
20200104-130415<DEBUG:0xf53ffb40>: [KGD] (0x0xf4a00470)->_LoadTable("fightteam")
20200104-130415<DEBUG:0xf53ffb40>: [KGD] KGD_PROCESS_ERROR(nRetCode, KGD_ERROR_NOT_SUPPORT), at line 1467 in (0x0xf4a00470)->_LoadTable()
20200104-130415<DEBUG:0xf53ffb40>: [KGD] (0x0xf4a00470)->_LoadTable("playerfightteam")
20200104-130415<DEBUG:0xf53ffb40>: [KGD] Success connect to localhost:3306, character set switch to latin1
20200104-130415<INFO :0xf53ffb40>: [verify_up2date] GetUp2dateVersion: code=8DA68FCD
20200104-130415<DEBUG:0xf53ffb40>: [Group 1 Server 01] Enter _query_statistic_info()
20200104-130415<DEBUG:0xf53ffb40>: KGLOG_PROCESS_ERROR(piStatistic) at line 2088 in _query_statistic_info
20200104-130415<DEBUG:0xf53ffb40>: [Group 1 Server 01] Leave _query_statistic_info() size =0 ret=0
20200104-130429<DEBUG:0xf5dffb40>: [Group 1 Server 00] Enter _ping(time=454543)
20200104-130435<INFO :0xf5dffb40>: [Group 1 Server 00] Query roles list of account "thuong"
20200104-130435<DEBUG:0xf5dffb40>: [Group 1 Server 00] Leave _query_role_list(thuong) uRoleCount=3 nResult=1
20200104-130445<DEBUG:0xf53ffb40>: [Group 1 Server 01] Enter _ping(time=470544)
20200104-130455<DEBUG:0xf5dffb40>: [Group 1 Server 00] Enter _ping(time=480917)
20200104-130501<INFO :0xf5dffb40>: [Group 1 Server 00] Get role "EopiThuong" nResult=1
20200104-130505<DEBUG:0xf53ffb40>: [ServerManager] Role "EopiThuong" locked by Server 01
20200104-130505<DEBUG:0xf53ffb40>: [Group 1 Server 01] Leave _lock_or_unlock_role(Role=EopiThuong, Lock=1) nResult=1
20200104-130517<INFO :0xf53ffb40>: [Group 1 Server 01] Save role end [thuong].[EopiThuong], LeaveFlag = 0 nResult=1
20200104-130521<DEBUG:0xf5dffb40>: [Group 1 Server 00] Enter _ping(time=506734)
20200104-130541<DEBUG:0xf5dffb40>: [Group 1 Server 00] Enter _ping(time=526745)
20200104-130547<DEBUG:0xf53ffb40>: [Group 1 Server 01] Enter _ping(time=532378)
20200104-130554<INFO :0xf5dffb40>: [Group 1 Server 00] Query roles list of account "thuong2"
20200104-130554<DEBUG:0xf5dffb40>: [Group 1 Server 00] Leave _query_role_list(thuong2) uRoleCount=3 nResult=1
20200104-130614<DEBUG:0xf5dffb40>: [Group 1 Server 00] Enter _ping(time=559162)
20200104-130617<DEBUG:0xf53ffb40>: [Group 1 Server 01] Enter _ping(time=562430)
20200104-130626<INFO :0xf5dffb40>: [Group 1 Server 00] Get role "Demo123" nResult=1
20200104-130628<DEBUG:0xf53ffb40>: [ServerManager] Role "Demo123" locked by Server 01
20200104-130628<DEBUG:0xf53ffb40>: [Group 1 Server 01] Leave _lock_or_unlock_role(Role=Demo123, Lock=1) nResult=1
20200104-130642<INFO :0xf53ffb40>: [Group 1 Server 01] Save role end [thuong2].[Demo123], LeaveFlag = 0 nResult=1
20200104-130646<DEBUG:0xf5dffb40>: [Group 1 Server 00] Enter _ping(time=591893)
20200104-130706<DEBUG:0xf5dffb40>: [Group 1 Server 00] Enter _ping(time=611930)
20200104-130712<DEBUG:0xf53ffb40>: [Group 1 Server 01] Enter _ping(time=617335)
20200104-130728<DEBUG:0xf5dffb40>: [Group 1 Server 00] Enter _ping(time=631964)
20200104-130742<DEBUG:0xf53ffb40>: [Group 1 Server 01] Enter _ping(time=646088)
20200104-130748<DEBUG:0xf5dffb40>: [Group 1 Server 00] Enter _ping(time=651989)
20200104-130751<DEBUG:0xf53ffb40>: KGLOG_PROCESS_ERROR(nRetCode && "Receive packet failed") at line 978 in ProcessRequest
20200104-130751<ERROR:0xf53ffb40>: [Group 1 Server 01] Connection with 127.0.0.1 have been disconnected, wait for being reconnectted!
20200104-130751<WARN :0xf53ffb40>: [[Group 1 Server 01]] RemoteServer 127.0.0.1:34929 crashed
20200104-130751<ERROR:0xf53ffb40>: [ServerManager] Server 01 will stop, but role "Demo123" still be locked, auto unlocked it!
20200104-130751<ERROR:0xf53ffb40>: [ServerManager] Server 01 will stop, but role "EopiThuong" still be locked, auto unlocked it!
20200104-130751<INFO :0xf53ffb40>: [ServerManager] Server 1 will stop, unlock all role [count=2] 
20200104-130808<DEBUG:0xf5dffb40>: [Group 1 Server 00] Enter _ping(time=671993)
20200104-130828<DEBUG:0xf5dffb40>: [Group 1 Server 00] Enter _ping(time=692026)
20200104-130848<DEBUG:0xf5dffb40>: [Group 1 Server 00] Enter _ping(time=712032)
20200104-130908<DEBUG:0xf5dffb40>: [Group 1 Server 00] Enter _ping(time=732079)
20200104-130928<DEBUG:0xf5dffb40>: [Group 1 Server 00] Enter _ping(time=752107)
20200104-130942<ERROR:0xf53ffb40>: [Group 1 Server 01] There are no data arrive during 120/120 second, auto disconnect!
20200104-130942<INFO :0xf53ffb40>: [ServerManager] Server 1 will stop, unlock all role [count=0] 
20200104-130942<INFO :0xf53ffb40>: [Group 1 Server 01] Stopped
20200104-130948<DEBUG:0xf5dffb40>: [Group 1 Server 00] Enter _ping(time=772149)
20200104-131008<DEBUG:0xf5dffb40>: [Group 1 Server 00] Enter _ping(time=792174)
20200104-131028<DEBUG:0xf5dffb40>: [Group 1 Server 00] Enter _ping(time=812218)
20200104-131048<DEBUG:0xf5dffb40>: [Group 1 Server 00] Enter _ping(time=832225)
20200104-131108<DEBUG:0xf5dffb40>: [Group 1 Server 00] Enter _ping(time=852254)
20200104-131128<DEBUG:0xf5dffb40>: [Group 1 Server 00] Enter _ping(time=872266)
20200104-131148<DEBUG:0xf5dffb40>: [Group 1 Server 00] Enter _ping(time=892302)
20200104-131208<DEBUG:0xf5dffb40>: [Group 1 Server 00] Enter _ping(time=912342)
20200104-131228<DEBUG:0xf5dffb40>: [Group 1 Server 00] Enter _ping(time=932387)
20200104-131248<DEBUG:0xf5dffb40>: [Group 1 Server 00] Enter _ping(time=952389)
20200104-131308<DEBUG:0xf5dffb40>: [Group 1 Server 00] Enter _ping(time=972436)
20200104-131310<INFO :0xf6718b40>: [ServerManager] RemoteServer from (127.0.0.1:55437) connect ok
20200104-131310<INFO :0xf6718b40>: [ServerManager] Accept from (127.0.0.1:55437) SocketStream = 0xf5e00a30
20200104-131310<INFO :0xf6718b40>: [[Group 1 Server 02]] Server 2 created ok!
20200104-131310<INFO :0xf53ffb40>: [Group 1 Server 02] Started, service for 127.0.0.1:55437
20200104-131310<INFO :0xf53ffb40>: [KGD] Mysql info: client[5.1.69] host[Localhost via UNIX socket] server[5.5.64-MariaDB]
20200104-131310<DEBUG:0xf53ffb40>: [KGD] KGD_PROCESS_ERROR(nRetCode, KGD_ERROR_NOT_SUPPORT), at line 1467 in (0x0xf4a06970)->_LoadTable()
20200104-131310<DEBUG:0xf53ffb40>: [KGD] (0x0xf4a06970)->_LoadTable("fightteam")
20200104-131310<DEBUG:0xf53ffb40>: [KGD] KGD_PROCESS_ERROR(nRetCode, KGD_ERROR_NOT_SUPPORT), at line 1467 in (0x0xf4a06970)->_LoadTable()
20200104-131310<DEBUG:0xf53ffb40>: [KGD] (0x0xf4a06970)->_LoadTable("playerfightteam")
20200104-131310<DEBUG:0xf53ffb40>: [KGD] Success connect to localhost:3306, character set switch to latin1
20200104-131310<INFO :0xf53ffb40>: [verify_up2date] GetUp2dateVersion: code=8DA68FCD
20200104-131310<DEBUG:0xf53ffb40>: [Group 1 Server 02] Enter _query_statistic_info()
20200104-131310<DEBUG:0xf53ffb40>: KGLOG_PROCESS_ERROR(piStatistic) at line 2088 in _query_statistic_info
20200104-131310<DEBUG:0xf53ffb40>: [Group 1 Server 02] Leave _query_statistic_info() size =0 ret=0
20200104-131328<DEBUG:0xf5dffb40>: [Group 1 Server 00] Enter _ping(time=992477)
20200104-131329<INFO :0xf5dffb40>: [Group 1 Server 00] Query roles list of account "thuong"
20200104-131329<DEBUG:0xf5dffb40>: [Group 1 Server 00] Leave _query_role_list(thuong) uRoleCount=3 nResult=1
20200104-131335<INFO :0xf5dffb40>: [Group 1 Server 00] Query roles list of account "thuong2"
20200104-131335<DEBUG:0xf5dffb40>: [Group 1 Server 00] Leave _query_role_list(thuong2) uRoleCount=3 nResult=1
20200104-131340<DEBUG:0xf53ffb40>: [Group 1 Server 02] Enter _ping(time=1004853)
20200104-131350<INFO :0xf5dffb40>: [Group 1 Server 00] Get role "EopiThuong" nResult=1
20200104-131353<DEBUG:0xf53ffb40>: [ServerManager] Role "EopiThuong" locked by Server 02
20200104-131353<DEBUG:0xf53ffb40>: [Group 1 Server 02] Leave _lock_or_unlock_role(Role=EopiThuong, Lock=1) nResult=1
20200104-131357<INFO :0xf5dffb40>: [Group 1 Server 00] Get role "Demo123" nResult=1
20200104-131359<DEBUG:0xf53ffb40>: [ServerManager] Role "Demo123" locked by Server 02
20200104-131359<DEBUG:0xf53ffb40>: [Group 1 Server 02] Leave _lock_or_unlock_role(Role=Demo123, Lock=1) nResult=1
20200104-131417<DEBUG:0xf5dffb40>: [Group 1 Server 00] Enter _ping(time=1041211)
20200104-131429<DEBUG:0xf53ffb40>: [Group 1 Server 02] Enter _ping(time=1053430)
20200104-131437<DEBUG:0xf5dffb40>: [Group 1 Server 00] Enter _ping(time=1061220)
20200104-131438<DEBUG:0xf53ffb40>: [ServerManager] Role "EopiThuong" unlocked by Server 2
20200104-131438<INFO :0xf53ffb40>: [Group 1 Server 02] Save role end [thuong].[EopiThuong], LeaveFlag = 1 nResult=1
20200104-131438<DEBUG:0xf53ffb40>: [ServerManager] Role "Demo123" unlocked by Server 2
20200104-131438<INFO :0xf53ffb40>: [Group 1 Server 02] Save role end [thuong2].[Demo123], LeaveFlag = 1 nResult=1
20200104-131438<DEBUG:0xf53ffb40>: [ServerManager] Role "EopiThuong" locked by Server 02
20200104-131438<DEBUG:0xf53ffb40>: [Group 1 Server 02] Leave _lock_or_unlock_role(Role=EopiThuong, Lock=1) nResult=1
20200104-131438<DEBUG:0xf53ffb40>: [ServerManager] Role "Demo123" locked by Server 02
20200104-131438<DEBUG:0xf53ffb40>: [Group 1 Server 02] Leave _lock_or_unlock_role(Role=Demo123, Lock=1) nResult=1
20200104-131457<DEBUG:0xf5dffb40>: [Group 1 Server 00] Enter _ping(time=1081232)
20200104-131508<DEBUG:0xf53ffb40>: [Group 1 Server 02] Enter _ping(time=1092587)
20200104-131513<DEBUG:0xf53ffb40>: [ServerManager] Role "EopiThuong" unlocked by Server 2
20200104-131513<INFO :0xf53ffb40>: [Group 1 Server 02] Save role end [thuong].[EopiThuong], LeaveFlag = 1 nResult=1
20200104-131517<DEBUG:0xf5dffb40>: [Group 1 Server 00] Enter _ping(time=1101263)
20200104-131520<INFO :0xf5dffb40>: [Group 1 Server 00] Query roles list of account "thuong"
20200104-131520<DEBUG:0xf5dffb40>: [Group 1 Server 00] Leave _query_role_list(thuong) uRoleCount=3 nResult=1
20200104-131540<INFO :0xf53ffb40>: [Group 1 Server 02] Save role end [thuong2].[Demo123], LeaveFlag = 0 nResult=1
20200104-131540<DEBUG:0xf5dffb40>: [Group 1 Server 00] Enter _ping(time=1124578)
20200104-131549<INFO :0xf5dffb40>: [Group 1 Server 00] Get role "EopiThuong" nResult=1
20200104-131551<DEBUG:0xf53ffb40>: [ServerManager] Role "EopiThuong" locked by Server 02
20200104-131551<DEBUG:0xf53ffb40>: [Group 1 Server 02] Leave _lock_or_unlock_role(Role=EopiThuong, Lock=1) nResult=1
20200104-131609<DEBUG:0xf5dffb40>: [Group 1 Server 00] Enter _ping(time=1153279)
20200104-131612<DEBUG:0xf53ffb40>: [ServerManager] Role "EopiThuong" unlocked by Server 2
20200104-131612<INFO :0xf53ffb40>: [Group 1 Server 02] Save role end [thuong].[EopiThuong], LeaveFlag = 1 nResult=1
20200104-131612<DEBUG:0xf53ffb40>: [ServerManager] Role "Demo123" unlocked by Server 2
20200104-131612<INFO :0xf53ffb40>: [Group 1 Server 02] Save role end [thuong2].[Demo123], LeaveFlag = 1 nResult=1
20200104-131612<DEBUG:0xf53ffb40>: [ServerManager] Role "EopiThuong" locked by Server 02
20200104-131612<DEBUG:0xf53ffb40>: [Group 1 Server 02] Leave _lock_or_unlock_role(Role=EopiThuong, Lock=1) nResult=1
20200104-131612<DEBUG:0xf53ffb40>: [ServerManager] Role "Demo123" locked by Server 02
20200104-131612<DEBUG:0xf53ffb40>: [Group 1 Server 02] Leave _lock_or_unlock_role(Role=Demo123, Lock=1) nResult=1
20200104-131626<DEBUG:0xf53ffb40>: KGLOG_PROCESS_ERROR(nRetCode && "Receive packet failed") at line 978 in ProcessRequest
20200104-131626<ERROR:0xf53ffb40>: [Group 1 Server 02] Connection with 127.0.0.1 have been disconnected, wait for being reconnectted!
20200104-131626<WARN :0xf53ffb40>: [[Group 1 Server 02]] RemoteServer 127.0.0.1:55437 crashed
20200104-131626<ERROR:0xf53ffb40>: [ServerManager] Server 02 will stop, but role "Demo123" still be locked, auto unlocked it!
20200104-131626<ERROR:0xf53ffb40>: [ServerManager] Server 02 will stop, but role "EopiThuong" still be locked, auto unlocked it!
20200104-131626<INFO :0xf53ffb40>: [ServerManager] Server 2 will stop, unlock all role [count=2] 
20200104-131629<DEBUG:0xf5dffb40>: [Group 1 Server 00] Enter _ping(time=1173313)
20200104-131649<DEBUG:0xf5dffb40>: [Group 1 Server 00] Enter _ping(time=1193341)
20200104-131709<DEBUG:0xf5dffb40>: [Group 1 Server 00] Enter _ping(time=1213346)
20200104-131729<DEBUG:0xf5dffb40>: [Group 1 Server 00] Enter _ping(time=1233388)
20200104-131742<INFO :0xf6718b40>: [ServerManager] RemoteServer from (127.0.0.1:47982) connect ok
20200104-131742<INFO :0xf6718b40>: [ServerManager] Accept from (127.0.0.1:47982) SocketStream = 0xf5e00a30
20200104-131742<INFO :0xf6718b40>: Server 2 reconnect ok!
20200104-131743<INFO :0xf53ffb40>: [verify_up2date] GetUp2dateVersion: code=8DA68FCD
20200104-131743<DEBUG:0xf53ffb40>: [Group 1 Server 02] Enter _query_statistic_info()
20200104-131743<DEBUG:0xf53ffb40>: KGLOG_PROCESS_ERROR(piStatistic) at line 2088 in _query_statistic_info
20200104-131743<DEBUG:0xf53ffb40>: [Group 1 Server 02] Leave _query_statistic_info() size =0 ret=0
20200104-131749<DEBUG:0xf5dffb40>: [Group 1 Server 00] Enter _ping(time=1253410)
20200104-131759<INFO :0xf5dffb40>: [Group 1 Server 00] Query roles list of account "thuong"
20200104-131759<DEBUG:0xf5dffb40>: [Group 1 Server 00] Leave _query_role_list(thuong) uRoleCount=3 nResult=1
20200104-131812<INFO :0xf5dffb40>: [Group 1 Server 00] Query roles list of account "thuong2"
20200104-131812<DEBUG:0xf5dffb40>: [Group 1 Server 00] Leave _query_role_list(thuong2) uRoleCount=3 nResult=1
20200104-131813<DEBUG:0xf53ffb40>: [Group 1 Server 02] Enter _ping(time=1277276)
20200104-131821<INFO :0xf5dffb40>: [Group 1 Server 00] Get role "EopiThuong" nResult=1
20200104-131824<DEBUG:0xf53ffb40>: [ServerManager] Role "EopiThuong" locked by Server 02
20200104-131824<DEBUG:0xf53ffb40>: [Group 1 Server 02] Leave _lock_or_unlock_role(Role=EopiThuong, Lock=1) nResult=1
20200104-131839<INFO :0xf5dffb40>: [Group 1 Server 00] Get role "Demo123" nResult=1
20200104-131841<DEBUG:0xf53ffb40>: [ServerManager] Role "Demo123" locked by Server 02
20200104-131841<DEBUG:0xf53ffb40>: [Group 1 Server 02] Leave _lock_or_unlock_role(Role=Demo123, Lock=1) nResult=1
20200104-131859<DEBUG:0xf5dffb40>: [Group 1 Server 00] Enter _ping(time=1322965)
20200104-131911<DEBUG:0xf53ffb40>: [Group 1 Server 02] Enter _ping(time=1334788)
20200104-131916<INFO :0xf53ffb40>: [Group 1 Server 02] Save role end [thuong].[EopiThuong], LeaveFlag = 0 nResult=1
20200104-131919<DEBUG:0xf5dffb40>: [Group 1 Server 00] Enter _ping(time=1343004)
20200104-131939<DEBUG:0xf5dffb40>: [Group 1 Server 00] Enter _ping(time=1363036)
20200104-131940<DEBUG:0xf53ffb40>: [ServerManager] Role "EopiThuong" unlocked by Server 2
20200104-131940<INFO :0xf53ffb40>: [Group 1 Server 02] Save role end [thuong].[EopiThuong], LeaveFlag = 1 nResult=1
20200104-131940<DEBUG:0xf53ffb40>: [ServerManager] Role "Demo123" unlocked by Server 2
20200104-131940<INFO :0xf53ffb40>: [Group 1 Server 02] Save role end [thuong2].[Demo123], LeaveFlag = 1 nResult=1
20200104-131940<DEBUG:0xf53ffb40>: [ServerManager] Role "EopiThuong" locked by Server 02
20200104-131940<DEBUG:0xf53ffb40>: [Group 1 Server 02] Leave _lock_or_unlock_role(Role=EopiThuong, Lock=1) nResult=1
20200104-131940<DEBUG:0xf53ffb40>: [ServerManager] Role "Demo123" locked by Server 02
20200104-131940<DEBUG:0xf53ffb40>: [Group 1 Server 02] Leave _lock_or_unlock_role(Role=Demo123, Lock=1) nResult=1
20200104-131959<DEBUG:0xf5dffb40>: [Group 1 Server 00] Enter _ping(time=1383061)
20200104-131959<DEBUG:0xf53ffb40>: [ServerManager] Role "EopiThuong" unlocked by Server 2
20200104-131959<INFO :0xf53ffb40>: [Group 1 Server 02] Save role end [thuong].[EopiThuong], LeaveFlag = 1 nResult=1
20200104-131959<DEBUG:0xf53ffb40>: [ServerManager] Role "Demo123" unlocked by Server 2
20200104-131959<INFO :0xf53ffb40>: [Group 1 Server 02] Save role end [thuong2].[Demo123], LeaveFlag = 1 nResult=1
20200104-131959<DEBUG:0xf53ffb40>: [ServerManager] Role "EopiThuong" locked by Server 02
20200104-131959<DEBUG:0xf53ffb40>: [Group 1 Server 02] Leave _lock_or_unlock_role(Role=EopiThuong, Lock=1) nResult=1
20200104-132000<DEBUG:0xf53ffb40>: [ServerManager] Role "Demo123" locked by Server 02
20200104-132000<DEBUG:0xf53ffb40>: [Group 1 Server 02] Leave _lock_or_unlock_role(Role=Demo123, Lock=1) nResult=1
20200104-132019<DEBUG:0xf5dffb40>: [Group 1 Server 00] Enter _ping(time=1403102)
20200104-132030<DEBUG:0xf53ffb40>: [Group 1 Server 02] Enter _ping(time=1413527)
20200104-132039<DEBUG:0xf5dffb40>: [Group 1 Server 00] Enter _ping(time=1423130)
20200104-132059<DEBUG:0xf5dffb40>: [Group 1 Server 00] Enter _ping(time=1443142)
20200104-132100<DEBUG:0xf53ffb40>: [Group 1 Server 02] Enter _ping(time=1443604)
20200104-132119<DEBUG:0xf5dffb40>: [Group 1 Server 00] Enter _ping(time=1463156)
20200104-132130<DEBUG:0xf53ffb40>: [Group 1 Server 02] Enter _ping(time=1473663)
20200104-132139<DEBUG:0xf5dffb40>: [Group 1 Server 00] Enter _ping(time=1483181)
20200104-132159<DEBUG:0xf5dffb40>: [Group 1 Server 00] Enter _ping(time=1503189)
20200104-132200<DEBUG:0xf53ffb40>: [Group 1 Server 02] Enter _ping(time=1503723)
20200104-132219<DEBUG:0xf5dffb40>: [Group 1 Server 00] Enter _ping(time=1523208)
20200104-132230<DEBUG:0xf53ffb40>: [Group 1 Server 02] Enter _ping(time=1533777)
20200104-132239<DEBUG:0xf5dffb40>: [Group 1 Server 00] Enter _ping(time=1543249)
20200104-132259<DEBUG:0xf5dffb40>: [Group 1 Server 00] Enter _ping(time=1563283)
20200104-132300<DEBUG:0xf53ffb40>: [Group 1 Server 02] Enter _ping(time=1563830)
20200104-132319<DEBUG:0xf5dffb40>: [Group 1 Server 00] Enter _ping(time=1583291)
20200104-132330<DEBUG:0xf53ffb40>: [Group 1 Server 02] Enter _ping(time=1593890)
20200104-132339<DEBUG:0xf5dffb40>: [Group 1 Server 00] Enter _ping(time=1603306)
20200104-132340<INFO :0xf53ffb40>: [Group 1 Server 02] Save role end [thuong].[EopiThuong], LeaveFlag = 0 nResult=1
20200104-132340<INFO :0xf53ffb40>: [Group 1 Server 02] Save role end [thuong].[EopiThuong], LeaveFlag = 0 nResult=1
20200104-132340<INFO :0xf53ffb40>: [Group 1 Server 02] Save role end [thuong].[EopiThuong], LeaveFlag = 0 nResult=1
20200104-132359<DEBUG:0xf53ffb40>: [ServerManager] Role "Demo123" unlocked by Server 2
20200104-132359<INFO :0xf53ffb40>: [Group 1 Server 02] Save role end [thuong2].[Demo123], LeaveFlag = 1 nResult=1
20200104-132359<DEBUG:0xf53ffb40>: [ServerManager] Role "EopiThuong" unlocked by Server 2
20200104-132359<INFO :0xf53ffb40>: [Group 1 Server 02] Save role end [thuong].[EopiThuong], LeaveFlag = 1 nResult=1
20200104-132359<DEBUG:0xf53ffb40>: [ServerManager] Role "Demo123" locked by Server 02
20200104-132359<DEBUG:0xf53ffb40>: [Group 1 Server 02] Leave _lock_or_unlock_role(Role=Demo123, Lock=1) nResult=1
20200104-132359<DEBUG:0xf53ffb40>: [ServerManager] Role "EopiThuong" locked by Server 02
20200104-132359<DEBUG:0xf53ffb40>: [Group 1 Server 02] Leave _lock_or_unlock_role(Role=EopiThuong, Lock=1) nResult=1
20200104-132359<DEBUG:0xf5dffb40>: [Group 1 Server 00] Enter _ping(time=1623327)
20200104-132419<DEBUG:0xf5dffb40>: [Group 1 Server 00] Enter _ping(time=1643337)
20200104-132429<DEBUG:0xf53ffb40>: [Group 1 Server 02] Enter _ping(time=1652831)
20200104-132439<DEBUG:0xf5dffb40>: [Group 1 Server 00] Enter _ping(time=1663350)
20200104-132449<INFO :0xf53ffb40>: [Group 1 Server 02] Save role end [thuong2].[Demo123], LeaveFlag = 0 nResult=1
20200104-132459<DEBUG:0xf5dffb40>: [Group 1 Server 00] Enter _ping(time=1683363)
20200104-132519<DEBUG:0xf53ffb40>: [Group 1 Server 02] Enter _ping(time=1702613)
20200104-132519<DEBUG:0xf5dffb40>: [Group 1 Server 00] Enter _ping(time=1703393)
20200104-132539<DEBUG:0xf5dffb40>: [Group 1 Server 00] Enter _ping(time=1723425)
20200104-132549<DEBUG:0xf53ffb40>: [Group 1 Server 02] Enter _ping(time=1732666)
20200104-132559<DEBUG:0xf5dffb40>: [Group 1 Server 00] Enter _ping(time=1743450)
20200104-132619<DEBUG:0xf53ffb40>: [Group 1 Server 02] Enter _ping(time=1762720)
20200104-132619<DEBUG:0xf5dffb40>: [Group 1 Server 00] Enter _ping(time=1763489)
20200104-132639<DEBUG:0xf5dffb40>: [Group 1 Server 00] Enter _ping(time=1783521)
20200104-132649<DEBUG:0xf53ffb40>: [ServerManager] Role "EopiThuong" unlocked by Server 2
20200104-132649<INFO :0xf53ffb40>: [Group 1 Server 02] Save role end [thuong].[EopiThuong], LeaveFlag = 1 nResult=1
20200104-132649<DEBUG:0xf53ffb40>: [ServerManager] Role "EopiThuong" locked by Server 02
20200104-132649<DEBUG:0xf53ffb40>: [Group 1 Server 02] Leave _lock_or_unlock_role(Role=EopiThuong, Lock=1) nResult=1
20200104-132700<DEBUG:0xf5dffb40>: [Group 1 Server 00] Enter _ping(time=1803547)
20200104-132716<DEBUG:0xf53ffb40>: [ServerManager] Role "EopiThuong" unlocked by Server 2
20200104-132716<INFO :0xf53ffb40>: [Group 1 Server 02] Save role end [thuong].[EopiThuong], LeaveFlag = 1 nResult=1
20200104-132719<DEBUG:0xf53ffb40>: [ServerManager] Role "Demo123" unlocked by Server 2
20200104-132719<INFO :0xf53ffb40>: [Group 1 Server 02] Save role end [thuong2].[Demo123], LeaveFlag = 1 nResult=1
20200104-132720<DEBUG:0xf5dffb40>: [Group 1 Server 00] Enter _ping(time=1823579)
20200104-132722<DEBUG:0xf53ffb40>: KGLOG_PROCESS_ERROR(nRetCode && "Receive packet failed") at line 978 in ProcessRequest
20200104-132722<ERROR:0xf53ffb40>: [Group 1 Server 02] Connection with 127.0.0.1 have been disconnected, wait for being reconnectted!
20200104-132722<WARN :0xf53ffb40>: [[Group 1 Server 02]] RemoteServer 127.0.0.1:55437 crashed
20200104-132722<INFO :0xf53ffb40>: [ServerManager] Server 2 will stop, unlock all role [count=0] 
20200104-132740<DEBUG:0xf5dffb40>: [Group 1 Server 00] Enter _ping(time=1843610)
20200104-132744<DEBUG:0xf5dffb40>: KGLOG_PROCESS_ERROR(nRetCode && "Receive packet failed") at line 978 in ProcessRequest
20200104-132744<ERROR:0xf5dffb40>: [Group 1 Server 00] Connection with 127.0.0.1 have been disconnected, wait for being reconnectted!
20200104-132744<WARN :0xf5dffb40>: [[Group 1 Server 00]] RemoteServer 127.0.0.1:34907 crashed
20200104-132744<INFO :0xf5dffb40>: [ServerManager] Server 0 will stop, unlock all role [count=0] 
