ChangeLogFile: FirstWrite=1, CurrentLine=0/65535 LastTime=1900-1-0 0:0:0
20200207-150621<INFO :0xf73ee700>: [GameSvr][Version:Nov 14 2014 15:55:00] begin start up...
20200207-150621<INFO :0xf73ee700>: Succeeded in loading version.ini. Lower Version:341 Upper Version:345
20200207-150621<INFO :0xf73ee700>: [verify_up2date]...
20200207-150621<INFO :0xf73ee700>: >Current lang is [gb18030]
20200207-150621<INFO :0xf73ee700>: >Welcome to use [verify_up2date](version: 2.3.4 [2018-02-25]) tool. 
20200207-150621<INFO :0xf73ee700>: >Time duration: 7.21858ms 
20200207-150621<INFO :0xf73ee700>: >
20200207-150621<INFO :0xf73ee700>: >Finish, my exit code is: 0
20200207-150621<INFO :0xf73ee700>: |shell cmd result is 0
20200207-150621<INFO :0xf73ee700>: ExecShellCmd [./verify_up2date -op=vef -d="/home/server/gs" ] ret=0
20200207-150621<INFO :0xf73ee700>: [verify_up2date] ok
20200207-150621<INFO :0xf73ee700>: This ServerIP : 127.0.0.1 : 192.168.1.8
20200207-150621<INFO :0xf73ee700>: [GameServer Type] RealmType=0, IsMatchRealm=0
20200207-150621<INFO :0xf73ee700>: IS_KINGSOFT_INNER_VERSION=0|0
20200207-150621<INFO :0xf73ee700>: IS_EXP_SVR=0|0
20200207-150621<ERROR:0xf73ee700>: SetSpecialSwitch(Index=3,bOpen=1,AccessCode=1024232298) ok, result=1
20200207-150621<INFO :0xf73ee700>: [GameServer] ServerCount=1, ServerIndex=1
20200207-150621<INFO :0xf73ee700>: [GlovalVariable] gblvarDefaultCriticalHitRate=5
20200207-150621<INFO :0xf73ee700>: [GlovalVariable] gblvarMinCriticalHitRate=0
20200207-150621<INFO :0xf73ee700>: [GlovalVariable] gblvarMaxCriticalHitRate=50
20200207-150621<INFO :0xf73ee700>: [GlovalVariable] gblvarDefaultCriticalHitDamageAddPct=10
20200207-150621<INFO :0xf73ee700>: [GlovalVariable] gblvarMinCriticalHitDamageAddPct=0
20200207-150621<INFO :0xf73ee700>: [GlovalVariable] gblvarMaxCriticalHitDamageAddPct=300
20200207-150621<INFO :0xf73ee700>: [GlovalVariable] gblvarPlayerDogeParaA=5
20200207-150621<INFO :0xf73ee700>: [GlovalVariable] gblvarPlayerDogeParaB=5
20200207-150621<INFO :0xf73ee700>: [GlovalVariable] gblvarMinHitRatePlayer=75
20200207-150621<INFO :0xf73ee700>: [GlovalVariable] gblvarMaxHitRatePlayer=100
20200207-150621<INFO :0xf73ee700>: [GlovalVariable] gblvarNpcDogeParaA=10
20200207-150621<INFO :0xf73ee700>: [GlovalVariable] gblvarNpcDogeParaB=10
20200207-150621<INFO :0xf73ee700>: [GlovalVariable] gblvarMinHitRateNpc=50
20200207-150621<INFO :0xf73ee700>: [GlovalVariable] gblvarMaxHitRateNpc=100
20200207-150621<INFO :0xf73ee700>: [GlovalVariable] gblvarTransLife2DogePara=10000
20200207-150621<INFO :0xf73ee700>: [GlovalVariable] gblvarLevel2DogePara=1000
20200207-150621<INFO :0xf73ee700>: [GlovalVariable] gblvarStrength2DogePara=100
20200207-150621<INFO :0xf73ee700>: [GlovalVariable] gblvarDesterity2DogePara=100
20200207-150621<INFO :0xf73ee700>: [GlovalVariable] gblvarEnergy2DogePara=100
20200207-150621<INFO :0xf73ee700>: [GlovalVariable] gblvarVitality2DogePara=100
20200207-150621<INFO :0xf73ee700>: [GlovalVariable] gblvarObserve2DogePara=100
20200207-150621<INFO :0xf73ee700>: [GlovalVariable] gblvarTransLife2HitPara=8500
20200207-150621<INFO :0xf73ee700>: [GlovalVariable] gblvarLevel2HitPara=850
20200207-150621<INFO :0xf73ee700>: [GlovalVariable] gblvarStrength2HitPara=85
20200207-150621<INFO :0xf73ee700>: [GlovalVariable] gblvarDesterity2HitPara=85
20200207-150621<INFO :0xf73ee700>: [GlovalVariable] gblvarEnergy2HitPara=85
20200207-150621<INFO :0xf73ee700>: [GlovalVariable] gblvarVitality2HitPara=85
20200207-150621<INFO :0xf73ee700>: [GlovalVariable] gblvarObserve2HitPara=85
20200207-150621<INFO :0xf73ee700>: [CustomAward] 49 lines loaded from [\settings\item\custom_award\custom_award_group.txt]
20200207-150621<INFO :0xf73ee700>: [CustomAward] 558 lines loaded from \settings\item\custom_award\custom_award_list.txt
20200207-150621<INFO :0xf73ee700>: [CustomAward] 5 lines loaded from \settings\item\custom_award\custom_consume_list.txt
20200207-150621<INFO :0xf73ee700>: [CustomAward] total AwardId=558/563/65534
20200207-150621<INFO :0xf73ee700>: [CustomAward] RandSeed = 862100118
20200207-150622<ERROR:0xf73ee700>: Skill	Unexpected Skill ID 1261 at row SkillSet22, section SkillStateMutex of file \settings\skill\skill_mutex.ini!
20200207-150622<ERROR:0xf73ee700>: Skill	Unexpected Skill ID 1202 at row SkillSet20, section SkillCDShare of file \settings\skill\skill_mutex.ini!
20200207-150622<INFO :0xf73ee700>: Loading All Scripts....................
20200207-150623<WARN :0xf73ee700>: ****PreOpen [3/1365] packed script file (\settings\static_script\missions\cangjianshanzhuang\mission.lua) fail, file maybe in out pack directory****
20200207-150623<WARN :0xf73ee700>: ****PreOpen [5/1365] packed script file (\settings\static_script\vip_feedback_system\ib_consumme_level.lua) fail, file maybe in out pack directory****
20200207-150623<WARN :0xf73ee700>: ****PreOpen [11/1365] packed script file (\settings\static_script\missions\hunduantongtianding\trap\trap3.lua) fail, file maybe in out pack directory****
20200207-150623<WARN :0xf73ee700>: ****PreOpen [12/1365] packed script file (\settings\static_script\missions\hunduantongtianding\head.lua) fail, file maybe in out pack directory****
20200207-150623<WARN :0xf73ee700>: ****PreOpen [14/1365] packed script file (\settings\static_script\online\olympic\oly_define.lua) fail, file maybe in out pack directory****
20200207-150623<WARN :0xf73ee700>: ****PreOpen [16/1365] packed script file (\settings\static_script\meridian\meridian_level_update_4.lua) fail, file maybe in out pack directory****
20200207-150623<WARN :0xf73ee700>: ****PreOpen [21/1365] packed script file (\settings\static_script\meridian\meridian_level_update_3.lua) fail, file maybe in out pack directory****
20200207-150623<WARN :0xf73ee700>: ****PreOpen [29/1365] packed script file (\settings\static_script\lib\item_define.lua) fail, file maybe in out pack directory****
20200207-150623<WARN :0xf73ee700>: ****PreOpen [33/1365] packed script file (\settings\static_script\kf_newbattles\battle_medicine_item.lua) fail, file maybe in out pack directory****
20200207-150623<WARN :0xf73ee700>: ****PreOpen [36/1365] packed script file (\settings\static_script\missions\hunduantongtianding\trap\trap2.lua) fail, file maybe in out pack directory****
20200207-150623<WARN :0xf73ee700>: ****PreOpen [40/1365] packed script file (\settings\static_script\kf_newbattles\emplacementbattle\shaqi_box.lua) fail, file maybe in out pack directory****
20200207-150623<WARN :0xf73ee700>: ****PreOpen [42/1365] packed script file (\settings\static_script\kf_newbattles\resourcebattle\resourcebattle_head.lua) fail, file maybe in out pack directory****
20200207-150623<WARN :0xf73ee700>: ****PreOpen [43/1365] packed script file (\settings\static_script\exchg_server\exchange_server_npc.lua) fail, file maybe in out pack directory****
20200207-150623<WARN :0xf73ee700>: ****PreOpen [45/1365] packed script file (\settings\static_script\kf_newbattles\mainbattle\soldier_npc.lua) fail, file maybe in out pack directory****
20200207-150623<WARN :0xf73ee700>: ****PreOpen [47/1365] packed script file (\settings\static_script\meridian\meridian_level_update_2.lua) fail, file maybe in out pack directory****
20200207-150623<WARN :0xf73ee700>: ****PreOpen [51/1365] packed script file (\settings\static_script\missions\hunduantongtianding\trap\trap1.lua) fail, file maybe in out pack directory****
20200207-150623<WARN :0xf73ee700>: ****PreOpen [65/1365] packed script file (\settings\static_script\global\regular_clear_task_byapp.lua) fail, file maybe in out pack directory****
20200207-150623<WARN :0xf73ee700>: ****PreOpen [68/1365] packed script file (\settings\static_script\kf_newbattles\mainbattle_primary\mainbattle_head.lua) fail, file maybe in out pack directory****
20200207-150623<WARN :0xf73ee700>: ****PreOpen [70/1365] packed script file (\settings\static_script\meridian\meridian_level_update_1.lua) fail, file maybe in out pack directory****
20200207-150623<WARN :0xf73ee700>: ****PreOpen [75/1365] packed script file (\settings\static_script\kf_newbattles\mainbattle\refugee_receive_npc.lua) fail, file maybe in out pack directory****
20200207-150623<WARN :0xf73ee700>: ****PreOpen [88/1365] packed script file (\settings\static_script\kf_newbattles\villagebattle\targetnpc_npc.lua) fail, file maybe in out pack directory****
20200207-150623<WARN :0xf73ee700>: ****PreOpen [97/1365] packed script file (\settings\static_script\missions\hunduantongtianding\trap\trap6.lua) fail, file maybe in out pack directory****
20200207-150623<WARN :0xf73ee700>: ****PreOpen [99/1365] packed script file (\settings\static_script\missions\cangjianshanzhuang\jt_npc.lua) fail, file maybe in out pack directory****
20200207-150623<WARN :0xf73ee700>: ****PreOpen [111/1365] packed script file (\settings\static_script\misc\observer\observer_ksg_reg.lua) fail, file maybe in out pack directory****
20200207-150623<WARN :0xf73ee700>: ****PreOpen [112/1365] packed script file (\settings\static_script\kf_newbattles\sign_up_primary_npc.lua) fail, file maybe in out pack directory****
20200207-150623<WARN :0xf73ee700>: ****PreOpen [113/1365] packed script file (\settings\static_script\meridian\meridian_level_update_6.lua) fail, file maybe in out pack directory****
20200207-150623<WARN :0xf73ee700>: ****PreOpen [114/1365] packed script file (\settings\static_script\kf_newbattles\emplacementbattle\position.lua) fail, file maybe in out pack directory****
20200207-150623<WARN :0xf73ee700>: ****PreOpen [118/1365] packed script file (\settings\static_script\kf_newbattles\mainbattle\mission\mission_head.lua) fail, file maybe in out pack directory****
20200207-150623<WARN :0xf73ee700>: ****PreOpen [119/1365] packed script file (\settings\static_script\missions\hunduantongtianding\trap\trap5.lua) fail, file maybe in out pack directory****
20200207-150623<WARN :0xf73ee700>: ****PreOpen [122/1365] packed script file (\settings\static_script\kf_newbattles\mainbattle\anti_cheat\npc_monster.lua) fail, file maybe in out pack directory****
20200207-150623<WARN :0xf73ee700>: ****PreOpen [123/1365] packed script file (\settings\static_script\kf_newbattles\battleaward.lua) fail, file maybe in out pack directory****
20200207-150623<WARN :0xf73ee700>: ****PreOpen [125/1365] packed script file (\settings\static_script\kf_newbattles\resourcebattle\resource_npc.lua) fail, file maybe in out pack directory****
20200207-150623<WARN :0xf73ee700>: ****PreOpen [126/1365] packed script file (\settings\static_script\missions\hunduantongtianding\trap\trap4.lua) fail, file maybe in out pack directory****
20200207-150623<WARN :0xf73ee700>: ****PreOpen [128/1365] packed script file (\settings\static_script\kf_newbattles\mainbattle\trap_front.lua) fail, file maybe in out pack directory****
20200207-150623<WARN :0xf73ee700>: ****PreOpen [145/1365] packed script file (\settings\static_script\meridian\meridian_level_update_5.lua) fail, file maybe in out pack directory****
20200207-150623<WARN :0xf73ee700>: ****PreOpen [166/1365] packed script file (\settings\static_script\vip_feedback_system\yinjuan_api.lua) fail, file maybe in out pack directory****
20200207-150623<WARN :0xf73ee700>: ****PreOpen [174/1365] packed script file (\settings\static_script\kf_newbattles\resourcebattle\quartermaster_npc.lua) fail, file maybe in out pack directory****
20200207-150623<WARN :0xf73ee700>: ****PreOpen [182/1365] packed script file (\settings\static_script\exchg_server\exchange_paycoin_head.lua) fail, file maybe in out pack directory****
20200207-150623<WARN :0xf73ee700>: ****PreOpen [183/1365] packed script file (\settings\static_script\kf_newbattles\resourcebattle\cateran_louluo_death.lua) fail, file maybe in out pack directory****
20200207-150623<WARN :0xf73ee700>: ****PreOpen [194/1365] packed script file (\settings\static_script\kf_newbattles\emplacementbattle\trap.lua) fail, file maybe in out pack directory****
20200207-150623<WARN :0xf73ee700>: ****PreOpen [195/1365] packed script file (\settings\static_script\online\olympic\oly_award_table.lua) fail, file maybe in out pack directory****
20200207-150623<WARN :0xf73ee700>: ****PreOpen [205/1365] packed script file (\settings\static_script\kf_newbattles\villagebattle\knowmandeath.lua) fail, file maybe in out pack directory****
20200207-150623<WARN :0xf73ee700>: ****PreOpen [213/1365] packed script file (\settings\static_script\exchg_server\exchange_server_func.lua) fail, file maybe in out pack directory****
20200207-150623<WARN :0xf73ee700>: ****PreOpen [239/1365] packed script file (\settings\static_script\kf_newbattles\battlestatistic.lua) fail, file maybe in out pack directory****
20200207-150623<WARN :0xf73ee700>: ****PreOpen [241/1365] packed script file (\settings\static_script\kf_newbattles\mainbattle_primary\box_death.lua) fail, file maybe in out pack directory****
20200207-150623<WARN :0xf73ee700>: ****PreOpen [250/1365] packed script file (\settings\static_script\kf_newbattles\emplacementbattle\emplacement_death.lua) fail, file maybe in out pack directory****
20200207-150623<WARN :0xf73ee700>: ****PreOpen [251/1365] packed script file (\settings\static_script\kf_newbattles\liao_primary_npc.lua) fail, file maybe in out pack directory****
20200207-150623<WARN :0xf73ee700>: ****PreOpen [259/1365] packed script file (\settings\static_script\global\tonginfo_task.lua) fail, file maybe in out pack directory****
20200207-150623<WARN :0xf73ee700>: ****PreOpen [263/1365] packed script file (\settings\static_script\kf_newbattles\mainbattle_primary\trigger.lua) fail, file maybe in out pack directory****
20200207-150623<WARN :0xf73ee700>: ****PreOpen [274/1365] packed script file (\settings\static_script\global\everyday_do.lua) fail, file maybe in out pack directory****
20200207-150623<WARN :0xf73ee700>: ****PreOpen [284/1365] packed script file (\settings\static_script\kf_newbattles\emplacementbattle\boss_death.lua) fail, file maybe in out pack directory****
20200207-150623<WARN :0xf73ee700>: ****PreOpen [285/1365] packed script file (\settings\static_script\meridian\meridian_title.lua) fail, file maybe in out pack directory****
20200207-150623<WARN :0xf73ee700>: ****PreOpen [320/1365] packed script file (\settings\static_script\missions\base\tmission.lua) fail, file maybe in out pack directory****
20200207-150623<WARN :0xf73ee700>: ****PreOpen [323/1365] packed script file (\settings\static_script\kf_newbattles\mainbattle_primary\npc_death.lua) fail, file maybe in out pack directory****
20200207-150623<WARN :0xf73ee700>: ****PreOpen [335/1365] packed script file (\settings\static_script\kf_newbattles\resourcebattle\hoe_item.lua) fail, file maybe in out pack directory****
20200207-150623<WARN :0xf73ee700>: ****PreOpen [347/1365] packed script file (\settings\static_script\kf_newbattles\mainbattle_primary\position.lua) fail, file maybe in out pack directory****
20200207-150623<WARN :0xf73ee700>: ****PreOpen [348/1365] packed script file (\settings\static_script\missions\base\missionaward_equip_tbl.lua) fail, file maybe in out pack directory****
20200207-150623<WARN :0xf73ee700>: ****PreOpen [349/1365] packed script file (\settings\static_script\kf_newbattles\battleactivity_head.lua) fail, file maybe in out pack directory****
20200207-150623<WARN :0xf73ee700>: ****PreOpen [354/1365] packed script file (\settings\static_script\gem\imp_item_gem_box.lua) fail, file maybe in out pack directory****
20200207-150623<WARN :0xf73ee700>: ****PreOpen [359/1365] packed script file (\settings\static_script\missions\cangjianshanzhuang\box_jingli.lua) fail, file maybe in out pack directory****
20200207-150623<WARN :0xf73ee700>: ****PreOpen [360/1365] packed script file (\settings\static_script\kf_newbattles\functions.lua) fail, file maybe in out pack directory****
20200207-150623<WARN :0xf73ee700>: ****PreOpen [362/1365] packed script file (\settings\static_script\missions\cangjianshanzhuang\mission_award.lua) fail, file maybe in out pack directory****
20200207-150623<WARN :0xf73ee700>: ****PreOpen [369/1365] packed script file (\settings\static_script\kf_newbattles\resourcebattle\position.lua) fail, file maybe in out pack directory****
20200207-150623<WARN :0xf73ee700>: ****PreOpen [374/1365] packed script file (\settings\static_script\kf_newbattles\mainbattle\anti_cheat\npc_jiaoguan.lua) fail, file maybe in out pack directory****
20200207-150623<WARN :0xf73ee700>: ****PreOpen [390/1365] packed script file (\settings\static_script\kf_newbattles\emplacementbattle\maingeneral_npc.lua) fail, file maybe in out pack directory****
20200207-150623<WARN :0xf73ee700>: ****PreOpen [393/1365] packed script file (\settings\static_script\missions\cangjianshanzhuang\npc\box_tong3.lua) fail, file maybe in out pack directory****
20200207-150623<WARN :0xf73ee700>: ****PreOpen [400/1365] packed script file (\settings\static_script\kf_newbattles\villagebattle\villagebattle_head.lua) fail, file maybe in out pack directory****
20200207-150623<WARN :0xf73ee700>: ****PreOpen [401/1365] packed script file (\settings\static_script\kf_newbattles\emplacementbattle\emplacementbattle_head.lua) fail, file maybe in out pack directory****
20200207-150623<WARN :0xf73ee700>: ****PreOpen [402/1365] packed script file (\settings\static_script\kf_newbattles\villagebattle\header_npc.lua) fail, file maybe in out pack directory****
20200207-150623<WARN :0xf73ee700>: ****PreOpen [412/1365] packed script file (\settings\static_script\gem\imp_npc_gem.lua) fail, file maybe in out pack directory****
20200207-150623<WARN :0xf73ee700>: ****PreOpen [438/1365] packed script file (\settings\static_script\kf_newbattles\resourcebattle\cateran_header_npc.lua) fail, file maybe in out pack directory****
20200207-150623<WARN :0xf73ee700>: ****PreOpen [450/1365] packed script file (\settings\static_script\kf_newbattles\trigger.lua) fail, file maybe in out pack directory****
20200207-150623<WARN :0xf73ee700>: ****PreOpen [459/1365] packed script file (\settings\static_script\kf_newbattles\battle_equipment_item.lua) fail, file maybe in out pack directory****
20200207-150623<WARN :0xf73ee700>: ****PreOpen [467/1365] packed script file (\settings\static_script\kf_newbattles\mainbattle\druggist_npc.lua) fail, file maybe in out pack directory****
20200207-150623<WARN :0xf73ee700>: ****PreOpen [472/1365] packed script file (\settings\static_script\kf_newbattles\resourcebattle\trap.lua) fail, file maybe in out pack directory****
20200207-150623<WARN :0xf73ee700>: ****PreOpen [478/1365] packed script file (\settings\static_script\kf_newbattles\resourcebattle\drum_item.lua) fail, file maybe in out pack directory****
20200207-150623<WARN :0xf73ee700>: ****PreOpen [482/1365] packed script file (\settings\static_script\kf_newbattles\mainbattle\anti_cheat\player_cheat_op.lua) fail, file maybe in out pack directory****
20200207-150623<WARN :0xf73ee700>: ****PreOpen [492/1365] packed script file (\settings\static_script\kf_newbattles\battle_book_item.lua) fail, file maybe in out pack directory****
20200207-150623<WARN :0xf73ee700>: ****PreOpen [494/1365] packed script file (\settings\static_script\lib\floyd.lua) fail, file maybe in out pack directory****
20200207-150623<WARN :0xf73ee700>: ****PreOpen [495/1365] packed script file (\settings\static_script\cheat\gm_item_tifuzhiyin.lua) fail, file maybe in out pack directory****
20200207-150623<WARN :0xf73ee700>: ****PreOpen [503/1365] packed script file (\settings\static_script\meridian\meridian_level_update_condition.lua) fail, file maybe in out pack directory****
20200207-150623<WARN :0xf73ee700>: ****PreOpen [521/1365] packed script file (\settings\static_script\missions\cangjianshanzhuang\runtime_data_stat.lua) fail, file maybe in out pack directory****
20200207-150623<WARN :0xf73ee700>: ****PreOpen [523/1365] packed script file (\settings\static_script\kf_newbattles\resourcebattle\refugee_npc.lua) fail, file maybe in out pack directory****
20200207-150623<WARN :0xf73ee700>: ****PreOpen [527/1365] packed script file (\settings\static_script\server_script.lua) fail, file maybe in out pack directory****
20200207-150623<WARN :0xf73ee700>: ****PreOpen [529/1365] packed script file (\settings\static_script\meridian\item_meridian_restore.lua) fail, file maybe in out pack directory****
20200207-150623<WARN :0xf73ee700>: ****PreOpen [541/1365] packed script file (\settings\static_script\kf_newbattles\quartermaster_npc.lua) fail, file maybe in out pack directory****
20200207-150623<WARN :0xf73ee700>: ****PreOpen [543/1365] packed script file (\settings\static_script\kf_newbattles\mainbattle\mission\timer.lua) fail, file maybe in out pack directory****
20200207-150623<WARN :0xf73ee700>: ****PreOpen [544/1365] packed script file (\settings\static_script\kf_newbattles\resourcebattle\maingeneral_npc.lua) fail, file maybe in out pack directory****
20200207-150623<WARN :0xf73ee700>: ****PreOpen [545/1365] packed script file (\settings\static_script\kf_newbattles\villagebattle\mission\mission.lua) fail, file maybe in out pack directory****
20200207-150623<WARN :0xf73ee700>: ****PreOpen [547/1365] packed script file (\settings\static_script\kf_newbattles\villagebattle\maingeneral_npc.lua) fail, file maybe in out pack directory****
20200207-150623<WARN :0xf73ee700>: ****PreOpen [562/1365] packed script file (\settings\static_script\missions\hunduantongtianding\player_death.lua) fail, file maybe in out pack directory****
20200207-150623<WARN :0xf73ee700>: ****PreOpen [571/1365] packed script file (\settings\static_script\kf_newbattles\mainbattle_primary\playerdeath.lua) fail, file maybe in out pack directory****
20200207-150623<WARN :0xf73ee700>: ****PreOpen [574/1365] packed script file (\settings\static_script\kf_newbattles\emplacementbattle\mission\timer.lua) fail, file maybe in out pack directory****
20200207-150623<WARN :0xf73ee700>: ****PreOpen [575/1365] packed script file (\settings\static_script\kf_newbattles\mainbattle\playerdeath.lua) fail, file maybe in out pack directory****
20200207-150623<WARN :0xf73ee700>: ****PreOpen [579/1365] packed script file (\settings\static_script\vip_feedback_system\vfs_define.lua) fail, file maybe in out pack directory****
20200207-150623<WARN :0xf73ee700>: ****PreOpen [588/1365] packed script file (\settings\static_script\kf_newbattles\resourcebattle\playerdeath.lua) fail, file maybe in out pack directory****
20200207-150623<WARN :0xf73ee700>: ****PreOpen [593/1365] packed script file (\settings\static_script\online\qianhe_tower\qht_define.lua) fail, file maybe in out pack directory****
20200207-150623<WARN :0xf73ee700>: ****PreOpen [598/1365] packed script file (\settings\static_script\kf_newbattles\mainbattle_primary\mission\injure_timer.lua) fail, file maybe in out pack directory****
20200207-150623<WARN :0xf73ee700>: ****PreOpen [603/1365] packed script file (\settings\static_script\missions\cangjianshanzhuang\npc\box_tong2.lua) fail, file maybe in out pack directory****
20200207-150623<WARN :0xf73ee700>: ****PreOpen [608/1365] packed script file (\settings\static_script\missions\cangjianshanzhuang\npc\box_tong1.lua) fail, file maybe in out pack directory****
20200207-150623<WARN :0xf73ee700>: ****PreOpen [617/1365] packed script file (\settings\static_script\kf_newbattles\resourcebattle\flag_item.lua) fail, file maybe in out pack directory****
20200207-150623<WARN :0xf73ee700>: ****PreOpen [626/1365] packed script file (\settings\static_script\missions\hunduantongtianding\runtime_data_stat.lua) fail, file maybe in out pack directory****
20200207-150623<WARN :0xf73ee700>: ****PreOpen [628/1365] packed script file (\settings\static_script\kf_newbattles\resourcebattle\mission\timer.lua) fail, file maybe in out pack directory****
20200207-150623<WARN :0xf73ee700>: ****PreOpen [634/1365] packed script file (\settings\static_script\kf_newbattles\mainbattle_primary\mission\mission_head.lua) fail, file maybe in out pack directory****
20200207-150623<WARN :0xf73ee700>: ****PreOpen [641/1365] packed script file (\settings\static_script\meridian\meridian_level_update.lua) fail, file maybe in out pack directory****
20200207-150623<WARN :0xf73ee700>: ****PreOpen [644/1365] packed script file (\settings\static_script\meridian\item_silingguiyuandan.lua) fail, file maybe in out pack directory****
20200207-150623<WARN :0xf73ee700>: ****PreOpen [648/1365] packed script file (\settings\static_script\misc\missionaward.lua) fail, file maybe in out pack directory****
20200207-150623<WARN :0xf73ee700>: ****PreOpen [662/1365] packed script file (\settings\static_script\kf_newbattles\mainbattle\maingeneral_npc.lua) fail, file maybe in out pack directory****
20200207-150623<WARN :0xf73ee700>: ****PreOpen [663/1365] packed script file (\settings\static_script\meridian\item_peiyuandan.lua) fail, file maybe in out pack directory****
20200207-150623<WARN :0xf73ee700>: ****PreOpen [667/1365] packed script file (\settings\static_script\kf_newbattles\emplacementbattle\mission\mission_head.lua) fail, file maybe in out pack directory****
20200207-150623<WARN :0xf73ee700>: ****PreOpen [669/1365] packed script file (\settings\static_script\global\regular_clear_task.lua) fail, file maybe in out pack directory****
20200207-150623<WARN :0xf73ee700>: ****PreOpen [681/1365] packed script file (\settings\static_script\meridian\item_xichendan_imp.lua) fail, file maybe in out pack directory****
20200207-150623<WARN :0xf73ee700>: ****PreOpen [686/1365] packed script file (\settings\static_script\kf_newbattles\emplacementbattle\soldier_npc.lua) fail, file maybe in out pack directory****
20200207-150623<WARN :0xf73ee700>: ****PreOpen [697/1365] packed script file (\settings\static_script\kf_newbattles\villagebattle\mission\mission_head.lua) fail, file maybe in out pack directory****
20200207-150623<WARN :0xf73ee700>: ****PreOpen [702/1365] packed script file (\settings\static_script\kf_newbattles\villagebattle\targetnpcdeath.lua) fail, file maybe in out pack directory****
20200207-150623<WARN :0xf73ee700>: ****PreOpen [713/1365] packed script file (\settings\static_script\kf_newbattles\mainbattle\trap_royal_road.lua) fail, file maybe in out pack directory****
20200207-150623<WARN :0xf73ee700>: ****PreOpen [714/1365] packed script file (\settings\static_script\kf_newbattles\emplacementbattle\mission\mission.lua) fail, file maybe in out pack directory****
20200207-150623<WARN :0xf73ee700>: ****PreOpen [720/1365] packed script file (\settings\static_script\misc\autocleaner\autocleaner_head.lua) fail, file maybe in out pack directory****
20200207-150623<WARN :0xf73ee700>: ****PreOpen [739/1365] packed script file (\settings\static_script\kf_newbattles\mainbattle_primary\trap_royal_road.lua) fail, file maybe in out pack directory****
20200207-150623<WARN :0xf73ee700>: ****PreOpen [743/1365] packed script file (\settings\static_script\kf_newbattles\mainbattle\anti_cheat\npc_caiji.lua) fail, file maybe in out pack directory****
20200207-150623<WARN :0xf73ee700>: ****PreOpen [746/1365] packed script file (\settings\static_script\kf_newbattles\villagebattle\trap.lua) fail, file maybe in out pack directory****
20200207-150623<WARN :0xf73ee700>: ****PreOpen [751/1365] packed script file (\settings\static_script\kf_newbattles\villagebattle\mission\timer.lua) fail, file maybe in out pack directory****
20200207-150623<WARN :0xf73ee700>: ****PreOpen [754/1365] packed script file (\settings\static_script\lib\teamfunctions.lua) fail, file maybe in out pack directory****
20200207-150623<WARN :0xf73ee700>: ****PreOpen [770/1365] packed script file (\settings\static_script\kf_newbattles\resourcebattle\soldier_npc.lua) fail, file maybe in out pack directory****
20200207-150623<WARN :0xf73ee700>: ****PreOpen [781/1365] packed script file (\settings\static_script\kf_newbattles\box_effect_head.lua) fail, file maybe in out pack directory****
20200207-150623<WARN :0xf73ee700>: ****PreOpen [782/1365] packed script file (\settings\static_script\kf_newbattles\emplacementbattle\playerdeath.lua) fail, file maybe in out pack directory****
20200207-150623<WARN :0xf73ee700>: ****PreOpen [794/1365] packed script file (\settings\static_script\meridian\npc_meridian_level_update.lua) fail, file maybe in out pack directory****
20200207-150623<WARN :0xf73ee700>: ****PreOpen [806/1365] packed script file (\settings\static_script\missions\hunduantongtianding\mission.lua) fail, file maybe in out pack directory****
20200207-150623<WARN :0xf73ee700>: ****PreOpen [809/1365] packed script file (\settings\static_script\kf_newbattles\mainbattle\refugee_talk_npc.lua) fail, file maybe in out pack directory****
20200207-150623<WARN :0xf73ee700>: ****PreOpen [815/1365] packed script file (\settings\static_script\runtime_data_stat\runtime_game_data_stat.lua) fail, file maybe in out pack directory****
20200207-150623<WARN :0xf73ee700>: ****PreOpen [816/1365] packed script file (\settings\static_script\missions\base\missionbase.lua) fail, file maybe in out pack directory****
20200207-150623<WARN :0xf73ee700>: ****PreOpen [820/1365] packed script file (\settings\static_script\exchg_server\exchgsvr_player_login.lua) fail, file maybe in out pack directory****
20200207-150623<WARN :0xf73ee700>: ****PreOpen [827/1365] packed script file (\settings\static_script\kf_newbattles\resourcebattle\mission\mission_head.lua) fail, file maybe in out pack directory****
20200207-150623<WARN :0xf73ee700>: ****PreOpen [831/1365] packed script file (\settings\static_script\vip_feedback_system\vfs_item_drug.lua) fail, file maybe in out pack directory****
20200207-150623<WARN :0xf73ee700>: ****PreOpen [833/1365] packed script file (\settings\static_script\missions\base\runtime_data_stat.lua) fail, file maybe in out pack directory****
20200207-150623<WARN :0xf73ee700>: ****PreOpen [834/1365] packed script file (\settings\static_script\kf_newbattles\mainbattle_primary\mission\timer.lua) fail, file maybe in out pack directory****
20200207-150623<WARN :0xf73ee700>: ****PreOpen [841/1365] packed script file (\settings\static_script\kf_newbattles\mainbattle\assistant_hirer_npc.lua) fail, file maybe in out pack directory****
20200207-150623<WARN :0xf73ee700>: ****PreOpen [842/1365] packed script file (\settings\static_script\kf_newbattles\mainbattle_primary\maingeneral_npc.lua) fail, file maybe in out pack directory****
20200207-150623<WARN :0xf73ee700>: ****PreOpen [846/1365] packed script file (\settings\static_script\item\item_jungongzhang_exchg_imp.lua) fail, file maybe in out pack directory****
20200207-150623<WARN :0xf73ee700>: ****PreOpen [902/1365] packed script file (\settings\static_script\kf_newbattles\battle_equipment_jungong_or_junxian.lua) fail, file maybe in out pack directory****
20200207-150623<WARN :0xf73ee700>: ****PreOpen [909/1365] packed script file (\settings\static_script\kf_newbattles\villagebattle\playerdeath.lua) fail, file maybe in out pack directory****
20200207-150623<WARN :0xf73ee700>: ****PreOpen [912/1365] packed script file (\settings\static_script\missions\hunduantongtianding\item\item_smatianmensuipian.lua) fail, file maybe in out pack directory****
20200207-150623<WARN :0xf73ee700>: ****PreOpen [928/1365] packed script file (\settings\static_script\kf_newbattles\systemtimemessage\sub_battle_signup.lua) fail, file maybe in out pack directory****
20200207-150623<WARN :0xf73ee700>: ****PreOpen [934/1365] packed script file (\settings\static_script\online\general_award_group.lua) fail, file maybe in out pack directory****
20200207-150623<WARN :0xf73ee700>: ****PreOpen [935/1365] packed script file (\settings\static_script\kf_newbattles\resourcebattle\mission\mission.lua) fail, file maybe in out pack directory****
20200207-150623<WARN :0xf73ee700>: ****PreOpen [943/1365] packed script file (\settings\static_script\missions\base\mission_head.lua) fail, file maybe in out pack directory****
20200207-150623<WARN :0xf73ee700>: ****PreOpen [945/1365] packed script file (\settings\static_script\vip_feedback_system\vfs_main.lua) fail, file maybe in out pack directory****
20200207-150623<WARN :0xf73ee700>: ****PreOpen [946/1365] packed script file (\settings\static_script\missions\cangjianshanzhuang\wrx_npc.lua) fail, file maybe in out pack directory****
20200207-150623<WARN :0xf73ee700>: ****PreOpen [949/1365] packed script file (\settings\static_script\meridian\meridian_zhenqi_transmission.lua) fail, file maybe in out pack directory****
20200207-150623<WARN :0xf73ee700>: ****PreOpen [955/1365] packed script file (\settings\static_script\kf_newbattles\resourcebattle\angryvillager_death.lua) fail, file maybe in out pack directory****
20200207-150623<WARN :0xf73ee700>: ****PreOpen [963/1365] packed script file (\settings\static_script\missions\base\phasebase.lua) fail, file maybe in out pack directory****
20200207-150623<WARN :0xf73ee700>: ****PreOpen [964/1365] packed script file (\settings\static_script\kf_newbattles\emplacementbattle\npc_death.lua) fail, file maybe in out pack directory****
20200207-150623<WARN :0xf73ee700>: ****PreOpen [969/1365] packed script file (\settings\static_script\kf_newbattles\mainbattle\anti_cheat\palyer_cheat_detect.lua) fail, file maybe in out pack directory****
20200207-150623<WARN :0xf73ee700>: ****PreOpen [975/1365] packed script file (\settings\static_script\kf_newbattles\resourcebattle\environmentalist_death.lua) fail, file maybe in out pack directory****
20200207-150623<WARN :0xf73ee700>: ****PreOpen [976/1365] packed script file (\settings\static_script\missions\base\tstage.lua) fail, file maybe in out pack directory****
20200207-150623<WARN :0xf73ee700>: ****PreOpen [981/1365] packed script file (\settings\static_script\missions\cangjianshanzhuang\npc\box_tong.lua) fail, file maybe in out pack directory****
20200207-150623<WARN :0xf73ee700>: ****PreOpen [983/1365] packed script file (\settings\static_script\global\merit.lua) fail, file maybe in out pack directory****
20200207-150623<WARN :0xf73ee700>: ****PreOpen [991/1365] packed script file (\settings\static_script\kf_newbattles\mainbattle\trigger.lua) fail, file maybe in out pack directory****
20200207-150623<WARN :0xf73ee700>: ****PreOpen [994/1365] packed script file (\settings\static_script\missions\hunduantongtianding\ttd_award.lua) fail, file maybe in out pack directory****
20200207-150623<WARN :0xf73ee700>: ****PreOpen [999/1365] packed script file (\settings\static_script\kf_newbattles\battle_equipment_jungong.lua) fail, file maybe in out pack directory****
20200207-150623<WARN :0xf73ee700>: ****PreOpen [1011/1365] packed script file (\settings\static_script\kf_newbattles\mainbattle\box_death.lua) fail, file maybe in out pack directory****
20200207-150623<WARN :0xf73ee700>: ****PreOpen [1017/1365] packed script file (\settings\static_script\missions\hunduantongtianding\qrs_npc.lua) fail, file maybe in out pack directory****
20200207-150623<WARN :0xf73ee700>: ****PreOpen [1020/1365] packed script file (\settings\static_script\kf_newbattles\mainbattle\mission\mission.lua) fail, file maybe in out pack directory****
20200207-150623<WARN :0xf73ee700>: ****PreOpen [1045/1365] packed script file (\settings\static_script\meridian\meridian_payer_login.lua) fail, file maybe in out pack directory****
20200207-150623<WARN :0xf73ee700>: ****PreOpen [1046/1365] packed script file (\settings\static_script\misc\missionaward_head.lua) fail, file maybe in out pack directory****
20200207-150623<WARN :0xf73ee700>: ****PreOpen [1064/1365] packed script file (\settings\static_script\lib\tag.lua) fail, file maybe in out pack directory****
20200207-150623<WARN :0xf73ee700>: ****PreOpen [1074/1365] packed script file (\settings\static_script\kf_newbattles\mainbattle_primary\soldier_npc.lua) fail, file maybe in out pack directory****
20200207-150623<WARN :0xf73ee700>: ****PreOpen [1086/1365] packed script file (\settings\static_script\kf_newbattles\villagebattle\armyguide_npc.lua) fail, file maybe in out pack directory****
20200207-150623<WARN :0xf73ee700>: ****PreOpen [1087/1365] packed script file (\settings\static_script\kf_newbattles\resourcebattle\cateran_death.lua) fail, file maybe in out pack directory****
20200207-150623<WARN :0xf73ee700>: ****PreOpen [1099/1365] packed script file (\settings\static_script\kf_newbattles\mainbattle_primary\refugee_receive_npc.lua) fail, file maybe in out pack directory****
20200207-150623<WARN :0xf73ee700>: ****PreOpen [1103/1365] packed script file (\settings\static_script\meridian\vet_jihuo_wuzun.lua) fail, file maybe in out pack directory****
20200207-150623<WARN :0xf73ee700>: ****PreOpen [1113/1365] packed script file (\settings\static_script\missions\base\mission_award_base.lua) fail, file maybe in out pack directory****
20200207-150623<WARN :0xf73ee700>: ****PreOpen [1114/1365] packed script file (\settings\static_script\online\qianhe_tower\qht_award_table.lua) fail, file maybe in out pack directory****
20200207-150623<WARN :0xf73ee700>: ****PreOpen [1132/1365] packed script file (\settings\static_script\misc\autocleaner\autocleaner.lua) fail, file maybe in out pack directory****
20200207-150623<WARN :0xf73ee700>: ****PreOpen [1140/1365] packed script file (\settings\static_script\missions\hunduantongtianding\item\item_bigtianmensuipian.lua) fail, file maybe in out pack directory****
20200207-150623<WARN :0xf73ee700>: ****PreOpen [1147/1365] packed script file (\settings\static_script\kf_newbattles\sign_up_npc_kf.lua) fail, file maybe in out pack directory****
20200207-150623<WARN :0xf73ee700>: ****PreOpen [1150/1365] packed script file (\settings\static_script\missions\base\tphase.lua) fail, file maybe in out pack directory****
20200207-150623<WARN :0xf73ee700>: ****PreOpen [1154/1365] packed script file (\settings\static_script\lib\itemfunctions.lua) fail, file maybe in out pack directory****
20200207-150623<WARN :0xf73ee700>: ****PreOpen [1160/1365] packed script file (\settings\static_script\missions\hunduantongtianding\entrynpc.lua) fail, file maybe in out pack directory****
20200207-150623<WARN :0xf73ee700>: ****PreOpen [1165/1365] packed script file (\settings\static_script\kf_newbattles\emplacementbattle\mission\injure_timer.lua) fail, file maybe in out pack directory****
20200207-150623<WARN :0xf73ee700>: ****PreOpen [1167/1365] packed script file (\settings\static_script\kf_newbattles\resourcebattle\mission\sp_timer.lua) fail, file maybe in out pack directory****
20200207-150623<WARN :0xf73ee700>: ****PreOpen [1170/1365] packed script file (\settings\static_script\kf_newbattles\battlepoint_head.lua) fail, file maybe in out pack directory****
20200207-150623<WARN :0xf73ee700>: ****PreOpen [1178/1365] packed script file (\settings\static_script\global\weekly_do.lua) fail, file maybe in out pack directory****
20200207-150623<WARN :0xf73ee700>: ****PreOpen [1187/1365] packed script file (\settings\static_script\missions\mission_task\ttd_wjz_task.lua) fail, file maybe in out pack directory****
20200207-150623<WARN :0xf73ee700>: ****PreOpen [1191/1365] packed script file (\settings\static_script\kf_newbattles\mainbattle\mainbattle_head.lua) fail, file maybe in out pack directory****
20200207-150623<WARN :0xf73ee700>: ****PreOpen [1192/1365] packed script file (\settings\static_script\kf_newbattles\mainbattle\npc_death.lua) fail, file maybe in out pack directory****
20200207-150623<WARN :0xf73ee700>: ****PreOpen [1202/1365] packed script file (\settings\static_script\kf_newbattles\villagebattle\soldier_npc.lua) fail, file maybe in out pack directory****
20200207-150623<WARN :0xf73ee700>: ****PreOpen [1218/1365] packed script file (\settings\static_script\kf_newbattles\systemtimemessage\main_battle_signup.lua) fail, file maybe in out pack directory****
20200207-150623<WARN :0xf73ee700>: ****PreOpen [1227/1365] packed script file (\settings\static_script\vip_feedback_system\vfs_item_sdrug.lua) fail, file maybe in out pack directory****
20200207-150623<WARN :0xf73ee700>: ****PreOpen [1228/1365] packed script file (\settings\static_script\missions\hunduantongtianding\trap\trap8.lua) fail, file maybe in out pack directory****
20200207-150623<WARN :0xf73ee700>: ****PreOpen [1233/1365] packed script file (\settings\static_script\kf_newbattles\mainbattle\trap_mid.lua) fail, file maybe in out pack directory****
20200207-150623<WARN :0xf73ee700>: ****PreOpen [1237/1365] packed script file (\settings\static_script\missions\hunduantongtianding\trap\trap7.lua) fail, file maybe in out pack directory****
20200207-150623<WARN :0xf73ee700>: ****PreOpen [1245/1365] packed script file (\settings\static_script\kf_newbattles\mainbattle\mission\injure_timer.lua) fail, file maybe in out pack directory****
20200207-150623<WARN :0xf73ee700>: ****PreOpen [1252/1365] packed script file (\settings\static_script\kf_newbattles\emplacementbattle\box_death.lua) fail, file maybe in out pack directory****
20200207-150623<WARN :0xf73ee700>: ****PreOpen [1254/1365] packed script file (\settings\static_script\global\daily_award_limit_api.lua) fail, file maybe in out pack directory****
20200207-150623<WARN :0xf73ee700>: ****PreOpen [1257/1365] packed script file (\settings\static_script\kf_newbattles\mainbattle\trap_back.lua) fail, file maybe in out pack directory****
20200207-150623<WARN :0xf73ee700>: ****PreOpen [1259/1365] packed script file (\settings\static_script\kf_newbattles\mainbattle_primary\mission\mission.lua) fail, file maybe in out pack directory****
20200207-150623<WARN :0xf73ee700>: ****PreOpen [1272/1365] packed script file (\settings\static_script\global\bit_task_support.lua) fail, file maybe in out pack directory****
20200207-150623<WARN :0xf73ee700>: ****PreOpen [1276/1365] packed script file (\settings\static_script\missions\hunduantongtianding\wrd_npc.lua) fail, file maybe in out pack directory****
20200207-150623<WARN :0xf73ee700>: ****PreOpen [1278/1365] packed script file (\settings\static_script\missions\hunduantongtianding\item\item_tianmensuipian.lua) fail, file maybe in out pack directory****
20200207-150623<WARN :0xf73ee700>: ****PreOpen [1302/1365] packed script file (\settings\static_script\missions\cangjianshanzhuang\head.lua) fail, file maybe in out pack directory****
20200207-150623<WARN :0xf73ee700>: ****PreOpen [1304/1365] packed script file (\settings\static_script\kf_newbattles\head.lua) fail, file maybe in out pack directory****
20200207-150623<WARN :0xf73ee700>: ****PreOpen [1306/1365] packed script file (\settings\static_script\meridian\item_julingwan.lua) fail, file maybe in out pack directory****
20200207-150623<WARN :0xf73ee700>: ****PreOpen [1307/1365] packed script file (\settings\static_script\missions\cangjianshanzhuang\npc\box_yin.lua) fail, file maybe in out pack directory****
20200207-150623<WARN :0xf73ee700>: ****PreOpen [1315/1365] packed script file (\settings\static_script\misc\data_state\state.lua) fail, file maybe in out pack directory****
20200207-150623<WARN :0xf73ee700>: ****PreOpen [1331/1365] packed script file (\settings\static_script\kf_newbattles\sign_up_npc.lua) fail, file maybe in out pack directory****
20200207-150623<WARN :0xf73ee700>: ****PreOpen [1333/1365] packed script file (\settings\static_script\kf_newbattles\song_primary_npc.lua) fail, file maybe in out pack directory****
20200207-150623<WARN :0xf73ee700>: ****PreOpen [1339/1365] packed script file (\settings\static_script\missions\cangjianshanzhuang\entrynpc.lua) fail, file maybe in out pack directory****
20200207-150623<WARN :0xf73ee700>: ****PreOpen [1342/1365] packed script file (\settings\static_script\kf_newbattles\mainbattle\position.lua) fail, file maybe in out pack directory****
20200207-150623<WARN :0xf73ee700>: ****PreOpen [1344/1365] packed script file (\settings\static_script\kf_newbattles\villagebattle\position.lua) fail, file maybe in out pack directory****
20200207-150623<WARN :0xf73ee700>: ****PreOpen [1354/1365] packed script file (\settings\static_script\lib\val2str.lua) fail, file maybe in out pack directory****
20200207-150623<WARN :0xf73ee700>: ****PreOpen [1355/1365] packed script file (\settings\static_script\item\item_gutianmenbaoxiang.lua) fail, file maybe in out pack directory****
20200207-150623<WARN :0xf73ee700>: ****PreOpen [1356/1365] packed script file (\settings\static_script\missions\hunduantongtianding\trap\trap_head.lua) fail, file maybe in out pack directory****
20200207-150623<WARN :0xf73ee700>: ****PreOpen [1359/1365] packed script file (\settings\static_script\kf_newbattles\mainbattle_primary\refugee_talk_npc.lua) fail, file maybe in out pack directory****
20200207-150623<INFO :0xf73ee700>: All Scripts Have Been Loaded! ScriptCount = 8272
20200207-150628<ERROR:0xf73ee700>: [LoadRandomNpc] [\maps\世界地图\琅琊洞府.ini] open failed!!!
20200207-150630<INFO :0xf73ee700>: 290/400 map(s) has been loaded.
20200207-150630<ERROR:0xf73ee700>: SetSpecialSwitch(Index=1,bOpen=0,AccessCode=1157247768) ok, result=0
20200207-150630<ERROR:0xf73ee700>: SetSpecialSwitch(Index=2,bOpen=0,AccessCode=3238223681) ok, result=0
20200207-150630<WARN :0xf73ee700>: [Load] Invalid template: template ID=472328933l,
20200207-150630<WARN :0xf73ee700>: load  npc template [0] fail
20200207-150630<INFO :0xf73ee700>: [SystimeTask] load 103/103 systemtimetasks from {\settings\systemtimetask.txt}
20200207-150631<INFO :0xf73ee700>: [LoadEnhanceCfg] equip_recycle_enhance.txt line:24 enhance level:0 repeat!
20200207-150631<INFO :0xf73ee700>: [LoadEnhanceCfg] equip_recycle_enhance.txt line:25 enhance level:1 repeat!
20200207-150631<INFO :0xf73ee700>: [LoadEnhanceCfg] equip_recycle_enhance.txt line:26 enhance level:2 repeat!
20200207-150631<INFO :0xf73ee700>: [LoadEnhanceCfg] equip_recycle_enhance.txt line:27 enhance level:3 repeat!
20200207-150631<INFO :0xf73ee700>: [LoadEnhanceCfg] equip_recycle_enhance.txt line:28 enhance level:4 repeat!
20200207-150631<INFO :0xf73ee700>: [LoadEnhanceCfg] equip_recycle_enhance.txt line:29 enhance level:5 repeat!
20200207-150631<INFO :0xf73ee700>: [LoadEnhanceCfg] equip_recycle_enhance.txt line:30 enhance level:6 repeat!
20200207-150631<INFO :0xf73ee700>: [LoadEnhanceCfg] equip_recycle_enhance.txt line:31 enhance level:7 repeat!
20200207-150631<INFO :0xf73ee700>: [LoadEnhanceCfg] equip_recycle_enhance.txt line:32 enhance level:8 repeat!
20200207-150631<INFO :0xf73ee700>: [LoadEnhanceCfg] equip_recycle_enhance.txt line:33 enhance level:9 repeat!
20200207-150631<INFO :0xf73ee700>: [LoadEnhanceCfg] equip_recycle_enhance.txt line:34 enhance level:10 repeat!
20200207-150631<INFO :0xf73ee700>: [LoadEnhanceCfg] equip_recycle_enhance.txt line:35 enhance level:11 repeat!
20200207-150631<INFO :0xf73ee700>: [LoadEnhanceCfg] equip_recycle_enhance.txt line:36 enhance level:12 repeat!
20200207-150631<INFO :0xf73ee700>: [LoadEnhanceCfg] equip_recycle_enhance.txt line:37 enhance level:13 repeat!
20200207-150631<INFO :0xf73ee700>: [LoadEnhanceCfg] equip_recycle_enhance.txt line:38 enhance level:14 repeat!
20200207-150631<INFO :0xf73ee700>: [LoadEnhanceCfg] equip_recycle_enhance.txt line:39 enhance level:15 repeat!
20200207-150631<INFO :0xf73ee700>: start to connect Database, IP: 127.0.0.1 - Port: 5001 ... ok!
20200207-150632<INFO :0xf73ee700>: start to connect RelayHost, IP: 127.0.0.1 - Port: 5003 ... ok!
20200207-150632<INFO :0xf73ee700>: start to connect RelayChat, IP: 127.0.0.1 - Port: 5004 ... ok!
20200207-150632<INFO :0xf73ee700>: start to connect RelayTong, IP: 127.0.0.1 - Port: 5005 ... ok!
20200207-150632<INFO :0xf73ee700>: start to connect Gateway, IP: 127.0.0.1 - Port: 5633 ... ok!
20200207-150632<INFO :0xf73ee700>: [verify_up2date] send Goddess|Relay|Router version request...
20200207-150632<INFO :0xf73ee700>: [GameSvr] start up OK----------.
20200207-150632<DEBUG:0xf73ee700>: [net dbg] [SendNetMsgToTransfer] frame=0 send=1/39|1 avg=0 
20200207-150632<DEBUG:0xf73ee700>: [net dbg] [TransferMessageProcess] [frame -1] total process 0/0=0 trans message
20200207-150632<INFO :0xf73ee700>: Start init log database.
20200207-150632<INFO :0xf73ee700>: Init log database end.
20200207-150632<INFO :0xf73ee700>: [verify_up2date] VerifyUp2dateVersion: Server=Goddess code=8DA68FCD need=8DA68FCD result=1
20200207-150632<DEBUG:0xf73ee700>: [net dbg] [SendNetMsgToTransfer] frame=1 send=1/38|2 avg=0 
20200207-150632<DEBUG:0xf73ee700>: [net dbg] [SendNetMsgToTransfer] frame=2 send=1/37|3 avg=0 
20200207-150632<DEBUG:0xf73ee700>: [net dbg] [SendNetMsgToTransfer] frame=3 send=1/36|4 avg=0 
20200207-150632<DEBUG:0xf73ee700>: [net dbg] [SendNetMsgToTransfer] frame=4 send=1/35|5 avg=0 
20200207-150632<DEBUG:0xf73ee700>: [net dbg] [SendNetMsgToTransfer] frame=5 send=1/34|6 avg=0 
20200207-150632<DEBUG:0xf73ee700>: [net dbg] [SendNetMsgToTransfer] frame=6 send=1/33|7 avg=0 
20200207-150632<INFO :0xf73ee700>: Recv Bishop time sync(2020-2-7 15:6:32)
20200207-150632<INFO :0xf73ee700>: [verify_up2date] send Bishop version request...
20200207-150632<DEBUG:0xf73ee700>: [net dbg] [SendNetMsgToTransfer] frame=7 send=1/32|8 avg=0 
20200207-150632<INFO :0xf73ee700>: [SOSever::Breathe] MsgLoop:-119 ,MainLoop:3, TotalMsgLoop:-113, Elapse:3 CurBreathCost:4294967180 BreathCount:8
20200207-150632<INFO :0xf73ee700>: [verify_up2date] VerifyUp2dateVersion: Server=Bishop code=DCA253A9 need=DCA253A9 result=1
20200207-150632<DEBUG:0xf73ee700>: [net dbg] [SendNetMsgToTransfer] frame=8 send=1/31|9 avg=0 
20200207-150632<DEBUG:0xf73ee700>: [net dbg] [SendNetMsgToTransfer] frame=9 send=1/30|10 avg=0 
20200207-150632<DEBUG:0xf73ee700>: [net dbg] [TransferMessageProcess] [frame 0] total process 298/2=33 trans message
20200207-150632<INFO :0xf73ee700>: [verify_up2date] VerifyUp2dateVersion: Server=Relay code=8DA68FCD need=8DA68FCD result=1
20200207-150632<DEBUG:0xf73ee700>: [NormalSmallPackPorcess] Received packet MAP_INDEX_INFO from relay
20200207-150632<INFO :0xf73ee700>: Received map index notification from relay (290 maps)
20200207-150632<DEBUG:0xf73ee700>: [net dbg] [SendNetMsgToTransfer] frame=10 send=1/29|11 avg=0 
20200207-150632<DEBUG:0xf73ee700>: [net dbg] [SendNetMsgToTransfer] frame=11 send=1/28|12 avg=0 
20200207-150632<DEBUG:0xf73ee700>: [net dbg] [TransferMessageProcess] [frame 9] total process 2651/14=241 trans message
20200207-150632<DEBUG:0xf73ee700>: [net dbg] [SendNetMsgToTransfer] frame=12 send=1/27|13 avg=0 
20200207-150632<DEBUG:0xf73ee700>: [net dbg] [TransferMessageProcess] [frame 11] total process 2771/16=230 trans message
20200207-150632<DEBUG:0xf73ee700>: [net dbg] [SendNetMsgToTransfer] frame=13 send=1/26|14 avg=0 
20200207-150632<DEBUG:0xf73ee700>: [net dbg] [SendNetMsgToTransfer] frame=14 send=1/25|15 avg=0 
20200207-150632<DEBUG:0xf73ee700>: [net dbg] [TransferMessageProcess] [frame 12] total process 2889/17=206 trans message
20200207-150632<DEBUG:0xf73ee700>: [net dbg] [SendNetMsgToTransfer] frame=15 send=1/24|16 avg=0 
20200207-150632<DEBUG:0xf73ee700>: [net dbg] [TransferMessageProcess] [frame 14] total process 2949/18=196 trans message
20200207-150632<DEBUG:0xf73ee700>: [net dbg] [SendNetMsgToTransfer] frame=16 send=1/23|17 avg=0 
20200207-150632<DEBUG:0xf73ee700>: [net dbg] [TransferMessageProcess] [frame 15] total process 3009/19=188 trans message
20200207-150632<DEBUG:0xf73ee700>: [net dbg] [SendNetMsgToTransfer] frame=17 send=1/22|18 avg=0 
20200207-150632<DEBUG:0xf73ee700>: [net dbg] [SendNetMsgToTransfer] frame=18 send=1/21|19 avg=0 
20200207-150632<DEBUG:0xf73ee700>: [net dbg] [TransferMessageProcess] [frame 16] total process 3187/21=177 trans message
20200207-150632<DEBUG:0xf73ee700>: [net dbg] [SendNetMsgToTransfer] frame=19 send=1/20|20 avg=0 
20200207-150632<DEBUG:0xf73ee700>: [net dbg] [TransferMessageProcess] [frame 18] total process 3247/22=170 trans message
20200207-150632<DEBUG:0xf73ee700>: [net dbg] [SendNetMsgToTransfer] frame=20 send=1/19|21 avg=0 
20200207-150632<DEBUG:0xf73ee700>: [net dbg] [TransferMessageProcess] [frame 19] total process 3437/24=171 trans message
20200207-150632<DEBUG:0xf73ee700>: [net dbg] [SendNetMsgToTransfer] frame=21 send=1/18|22 avg=0 
20200207-150632<DEBUG:0xf73ee700>: [net dbg] [SendNetMsgToTransfer] frame=22 send=1/17|23 avg=0 
20200207-150632<DEBUG:0xf73ee700>: [net dbg] [TransferMessageProcess] [frame 20] total process 3615/26=164 trans message
20200207-150632<DEBUG:0xf73ee700>: [net dbg] [SendNetMsgToTransfer] frame=23 send=1/16|24 avg=0 
20200207-150632<DEBUG:0xf73ee700>: [net dbg] [TransferMessageProcess] [frame 22] total process 3675/27=159 trans message
20200207-150632<DEBUG:0xf73ee700>: [net dbg] [SendNetMsgToTransfer] frame=24 send=1/15|25 avg=0 
20200207-150632<DEBUG:0xf73ee700>: [net dbg] [TransferMessageProcess] [frame 23] total process 3793/28=158 trans message
20200207-150632<DEBUG:0xf73ee700>: [net dbg] [SendNetMsgToTransfer] frame=25 send=1/14|26 avg=0 
20200207-150632<DEBUG:0xf73ee700>: [net dbg] [TransferMessageProcess] [frame 24] total process 3853/29=154 trans message
20200207-150633<DEBUG:0xf73ee700>: [net dbg] [SendNetMsgToTransfer] frame=26 send=1/13|27 avg=0 
20200207-150633<DEBUG:0xf73ee700>: [net dbg] [SendNetMsgToTransfer] frame=27 send=1/12|28 avg=0 
20200207-150633<DEBUG:0xf73ee700>: [net dbg] [TransferMessageProcess] [frame 25] total process 3973/31=147 trans message
20200207-150633<DEBUG:0xf73ee700>: [net dbg] [SendNetMsgToTransfer] frame=28 send=1/11|29 avg=0 
20200207-150633<DEBUG:0xf73ee700>: [net dbg] [TransferMessageProcess] [frame 27] total process 4033/32=144 trans message
20200207-150633<DEBUG:0xf73ee700>: [net dbg] [SendNetMsgToTransfer] frame=29 send=1/10|30 avg=0 
20200207-150633<DEBUG:0xf73ee700>: [net dbg] [TransferMessageProcess] [frame 28] total process 4093/33=141 trans message
20200207-150633<DEBUG:0xf73ee700>: [net dbg] [SendNetMsgToTransfer] frame=30 send=1/9|31 avg=0 
20200207-150633<DEBUG:0xf73ee700>: [net dbg] [SendNetMsgToTransfer] frame=31 send=1/8|32 avg=0 
20200207-150633<DEBUG:0xf73ee700>: [net dbg] [TransferMessageProcess] [frame 29] total process 4271/35=137 trans message
20200207-150633<DEBUG:0xf73ee700>: [net dbg] [SendNetMsgToTransfer] frame=32 send=1/7|33 avg=0 
20200207-150633<DEBUG:0xf73ee700>: [net dbg] [TransferMessageProcess] [frame 31] total process 4391/37=137 trans message
20200207-150633<DEBUG:0xf73ee700>: [net dbg] [SendNetMsgToTransfer] frame=33 send=1/6|34 avg=0 
20200207-150633<DEBUG:0xf73ee700>: [net dbg] [SendNetMsgToTransfer] frame=34 send=1/5|35 avg=0 
20200207-150633<DEBUG:0xf73ee700>: [net dbg] [TransferMessageProcess] [frame 32] total process 4497/38=132 trans message
20200207-150633<DEBUG:0xf73ee700>: [net dbg] [SendNetMsgToTransfer] frame=35 send=1/4|36 avg=0 
20200207-150633<DEBUG:0xf73ee700>: [net dbg] [TransferMessageProcess] [frame 34] total process 4558/39=130 trans message
20200207-150633<DEBUG:0xf73ee700>: [net dbg] [SendNetMsgToTransfer] frame=36 send=1/3|37 avg=0 
20200207-150633<DEBUG:0xf73ee700>: [net dbg] [TransferMessageProcess] [frame 35] total process 4619/40=128 trans message
20200207-150633<DEBUG:0xf73ee700>: [net dbg] [SendNetMsgToTransfer] frame=37 send=1/2|38 avg=0 
20200207-150633<DEBUG:0xf73ee700>: [net dbg] [TransferMessageProcess] [frame 36] total process 4810/42=130 trans message
20200207-150633<DEBUG:0xf73ee700>: [net dbg] [SendNetMsgToTransfer] frame=38 send=1/1|39 avg=0 
20200207-150633<DEBUG:0xf73ee700>: [net dbg] [TransferMessageProcess] [frame 37] total process 4871/43=128 trans message
20200207-150633<DEBUG:0xf73ee700>: [net dbg] [SendNetMsgToTransfer] frame=39 send=1/0|40 avg=0 
20200207-150634<DEBUG:0xf73ee700>: [net dbg] [TransferMessageProcess] [frame 38] total process 4993/45=92 trans message
20200207-150635<DEBUG:0xf73ee700>: [net dbg] [TransferMessageProcess] [frame 54] total process 5123/46=71 trans message
20200207-150636<DEBUG:0xf73ee700>: [net dbg] [TransferMessageProcess] [frame 72] total process 5253/47=58 trans message
20200207-150637<DEBUG:0xf73ee700>: [net dbg] [TransferMessageProcess] [frame 90] total process 5383/48=49 trans message
20200207-150638<DEBUG:0xf73ee700>: [net dbg] [TransferMessageProcess] [frame 108] total process 5513/49=43 trans message
20200207-150639<DEBUG:0xf73ee700>: [net dbg] [TransferMessageProcess] [frame 126] total process 5643/50=38 trans message
20200207-150640<DEBUG:0xf73ee700>: [net dbg] [TransferMessageProcess] [frame 145] total process 5773/51=35 trans message
20200207-150652<ERROR:0xf73ee700>: gs ping bishop[result=1], CurFrame[368] LastFrame[7] NewFrame[368]
20200207-150652<INFO :0xf73ee700>: [BiShopPing] Ping return at 1408158.
20200207-150702<INFO :0xf73ee700>: gs ping goddess[result=1], CurFrame[556] LastFrame[15] NewFrame[556]
20200207-150702<INFO :0xf73ee700>: receieve goddess ping reply, goddess time = 1418592
20200207-150712<ERROR:0xf73ee700>: gs ping bishop[result=1], CurFrame[729] LastFrame[368] NewFrame[729]
20200207-150712<INFO :0xf73ee700>: [BiShopPing] Ping return at 1428205.
20200207-150732<ERROR:0xf73ee700>: gs ping bishop[result=1], CurFrame[1090] LastFrame[729] NewFrame[1090]
20200207-150732<INFO :0xf73ee700>: [BiShopPing] Ping return at 1448258.
20200207-150732<INFO :0xf73ee700>: gs ping goddess[result=1], CurFrame[1097] LastFrame[556] NewFrame[1097]
20200207-150732<INFO :0xf73ee700>: receieve goddess ping reply, goddess time = 1448653
20200207-150752<ERROR:0xf73ee700>: gs ping bishop[result=1], CurFrame[1451] LastFrame[1090] NewFrame[1451]
20200207-150752<INFO :0xf73ee700>: [BiShopPing] Ping return at 1468325.
20200207-150802<INFO :0xf73ee700>: gs ping goddess[result=1], CurFrame[1638] LastFrame[1097] NewFrame[1638]
20200207-150802<INFO :0xf73ee700>: receieve goddess ping reply, goddess time = 1478704
20200207-150811<WARN :0xf73ee700>: # GameLogicSpeed : 17 fps.(abnormal!!!)
20200207-150812<ERROR:0xf73ee700>: gs ping bishop[result=1], CurFrame[1812] LastFrame[1451] NewFrame[1812]
20200207-150812<INFO :0xf73ee700>: [BiShopPing] Ping return at 1488376.
20200207-150825<WARN :0xf73ee700>: # GameLogicSpeed : 17 fps.(abnormal!!!)
20200207-150832<ERROR:0xf73ee700>: gs ping bishop[result=1], CurFrame[2173] LastFrame[1812] NewFrame[2173]
20200207-150832<INFO :0xf73ee700>: [BiShopPing] Ping return at 1508424.
20200207-150832<INFO :0xf73ee700>: gs ping goddess[result=1], CurFrame[2179] LastFrame[1638] NewFrame[2179]
20200207-150832<INFO :0xf73ee700>: receieve goddess ping reply, goddess time = 1508758
20200207-150852<ERROR:0xf73ee700>: gs ping bishop[result=1], CurFrame[2534] LastFrame[2173] NewFrame[2534]
20200207-150852<INFO :0xf73ee700>: [BiShopPing] Ping return at 1528488.
20200207-150902<INFO :0xf73ee700>: gs ping goddess[result=1], CurFrame[2720] LastFrame[2179] NewFrame[2720]
20200207-150902<INFO :0xf73ee700>: receieve goddess ping reply, goddess time = 1538804
20200207-150912<ERROR:0xf73ee700>: gs ping bishop[result=1], CurFrame[2895] LastFrame[2534] NewFrame[2895]
20200207-150912<INFO :0xf73ee700>: [BiShopPing] Ping return at 1548540.
20200207-150931<INFO :0xf73ee700>: [Frame debug] Frame 3240
20200207-150932<ERROR:0xf73ee700>: gs ping bishop[result=1], CurFrame[3256] LastFrame[2895] NewFrame[3256]
20200207-150932<INFO :0xf73ee700>: [BiShopPing] Ping return at 1568581.
20200207-150932<INFO :0xf73ee700>: gs ping goddess[result=1], CurFrame[3261] LastFrame[2720] NewFrame[3261]
20200207-150932<INFO :0xf73ee700>: receieve goddess ping reply, goddess time = 1568863
20200207-150952<ERROR:0xf73ee700>: gs ping bishop[result=1], CurFrame[3617] LastFrame[3256] NewFrame[3617]
20200207-150952<INFO :0xf73ee700>: [BiShopPing] Ping return at 1588675.
20200207-151002<INFO :0xf73ee700>: gs ping goddess[result=1], CurFrame[3802] LastFrame[3261] NewFrame[3802]
20200207-151002<INFO :0xf73ee700>: receieve goddess ping reply, goddess time = 1598917
20200207-151012<ERROR:0xf73ee700>: gs ping bishop[result=1], CurFrame[3978] LastFrame[3617] NewFrame[3978]
20200207-151012<INFO :0xf73ee700>: [BiShopPing] Ping return at 1608719.
20200207-151032<ERROR:0xf73ee700>: gs ping bishop[result=1], CurFrame[4339] LastFrame[3978] NewFrame[4339]
20200207-151032<INFO :0xf73ee700>: [BiShopPing] Ping return at 1628765.
20200207-151032<INFO :0xf73ee700>: gs ping goddess[result=1], CurFrame[4343] LastFrame[3802] NewFrame[4343]
20200207-151032<INFO :0xf73ee700>: receieve goddess ping reply, goddess time = 1628966
20200207-151052<ERROR:0xf73ee700>: gs ping bishop[result=1], CurFrame[4700] LastFrame[4339] NewFrame[4700]
20200207-151052<INFO :0xf73ee700>: [BiShopPing] Ping return at 1648824.
20200207-151102<INFO :0xf73ee700>: gs ping goddess[result=1], CurFrame[4884] LastFrame[4343] NewFrame[4884]
20200207-151102<INFO :0xf73ee700>: receieve goddess ping reply, goddess time = 1659017
20200207-151112<ERROR:0xf73ee700>: gs ping bishop[result=1], CurFrame[5061] LastFrame[4700] NewFrame[5061]
20200207-151112<INFO :0xf73ee700>: [BiShopPing] Ping return at 1668880.
20200207-151132<ERROR:0xf73ee700>: gs ping bishop[result=1], CurFrame[5422] LastFrame[5061] NewFrame[5422]
20200207-151132<INFO :0xf73ee700>: [BiShopPing] Ping return at 1688930.
20200207-151132<INFO :0xf73ee700>: gs ping goddess[result=1], CurFrame[5425] LastFrame[4884] NewFrame[5425]
20200207-151132<INFO :0xf73ee700>: receieve goddess ping reply, goddess time = 1689070
20200207-151142<INFO :0xf73ee700>: [Gateway Kick] Can't find account an
20200207-151147<INFO :0xf73ee700>: [LOGIN/OUT] G2B_ROLE_LOGIN_PERMIT permit acc:an role:ioNaruto.
20200207-151147<INFO :0xf73ee700>: [LOGIN/OUT] connection created ln:0 from 192.168.1.9.
20200207-151147<INFO :0xf73ee700>: Found player[1] an(ioNaruto) is logging in system!Ip:192.168.1.9 mac:0050-56C0-0008
20200207-151147<INFO :0xf73ee700>: [CheckCRC] LoadPlayerBaseInfo(an, ioNaruto) dwCRC=DFC7F51B len=5950
20200207-151147<INFO :0xf73ee700>: [PlayerItem] acc=an, @svr=0/10000000
20200207-151147<INFO :0xf73ee700>: [PlayerItem] load=45/45 acc=an @svr=45/10000000
20200207-151147<WARN :0xf73ee700>: g_GetScript find unpreloaded file [\script\misc\autocleaner\autocleaner_head.lua]
20200207-151147<INFO :0xf73ee700>: PlayerName = ioNaruto, sucess load itemlock head data; 72, 72
20200207-151147<INFO :0xf73ee700>: PlayerName = ioNaruto, 0, 0, 0, 0
20200207-151147<INFO :0xf73ee700>: [Weapon Effect Remove]An weapon effect(2,1580926126) has  EXPIRED and is REMOVED from a weapon Tng_Thanh Long Nguy which belong to player ioNaruto
20200207-151148<INFO :0xf73ee700>: [LOGIN/OUT] C2G_ROLE_LOGIN success, idx:1, ln:0, acc:an, role:ioNaruto lv:99
20200207-151207<ERROR:0xf73ee700>: gs ping bishop[result=1], CurFrame[6054] LastFrame[5693] NewFrame[6054]
20200207-151207<INFO :0xf73ee700>: [BiShopPing] Ping return at 1724007.
20200207-151218<INFO :0xf73ee700>: gs ping goddess[result=1], CurFrame[6248] LastFrame[5707] NewFrame[6248]
20200207-151218<INFO :0xf73ee700>: receieve goddess ping reply, goddess time = 1734790
20200207-151227<ERROR:0xf73ee700>: gs ping bishop[result=1], CurFrame[6415] LastFrame[6054] NewFrame[6415]
20200207-151227<INFO :0xf73ee700>: [BiShopPing] Ping return at 1744105.
20200207-151231<INFO :0xf73ee700>: [Frame debug] Frame 6480
20200207-151248<ERROR:0xf73ee700>: gs ping bishop[result=1], CurFrame[6776] LastFrame[6415] NewFrame[6776]
20200207-151248<INFO :0xf73ee700>: [BiShopPing] Ping return at 1764147.
20200207-151248<INFO :0xf73ee700>: gs ping goddess[result=1], CurFrame[6789] LastFrame[6248] NewFrame[6789]
20200207-151248<INFO :0xf73ee700>: receieve goddess ping reply, goddess time = 1764840
20200207-151308<ERROR:0xf73ee700>: gs ping bishop[result=1], CurFrame[7137] LastFrame[6776] NewFrame[7137]
20200207-151308<INFO :0xf73ee700>: [BiShopPing] Ping return at 1784190.
20200207-151311<WARN :0xf73ee700>: g_GetScript find unpreloaded file [\script\西北区\凤翔府北\npc\波斯妖姬.lua]
20200207-151318<INFO :0xf73ee700>: gs ping goddess[result=1], CurFrame[7330] LastFrame[6789] NewFrame[7330]
20200207-151318<INFO :0xf73ee700>: receieve goddess ping reply, goddess time = 1794899
20200207-151328<ERROR:0xf73ee700>: gs ping bishop[result=1], CurFrame[7498] LastFrame[7137] NewFrame[7498]
20200207-151328<INFO :0xf73ee700>: [BiShopPing] Ping return at 1804245.
20200207-151348<ERROR:0xf73ee700>: gs ping bishop[result=1], CurFrame[7859] LastFrame[7498] NewFrame[7859]
20200207-151348<INFO :0xf73ee700>: [BiShopPing] Ping return at 1824301.
20200207-151348<INFO :0xf73ee700>: gs ping goddess[result=1], CurFrame[7871] LastFrame[7330] NewFrame[7871]
20200207-151348<INFO :0xf73ee700>: receieve goddess ping reply, goddess time = 1824948
20200207-151406<WARN :0xf73ee700>: # GameLogicSpeed : 17 fps.(abnormal!!!)
20200207-151408<ERROR:0xf73ee700>: gs ping bishop[result=1], CurFrame[8220] LastFrame[7859] NewFrame[8220]
20200207-151408<INFO :0xf73ee700>: [BiShopPing] Ping return at 1844347.
20200207-151418<INFO :0xf73ee700>: gs ping goddess[result=1], CurFrame[8412] LastFrame[7871] NewFrame[8412]
20200207-151418<INFO :0xf73ee700>: receieve goddess ping reply, goddess time = 1855004
20200207-151428<ERROR:0xf73ee700>: gs ping bishop[result=1], CurFrame[8581] LastFrame[8220] NewFrame[8581]
20200207-151428<INFO :0xf73ee700>: [BiShopPing] Ping return at 1864398.
20200207-151435<WARN :0xf73ee700>: # GameLogicSpeed : 17 fps.(abnormal!!!)
20200207-151448<ERROR:0xf73ee700>: gs ping bishop[result=1], CurFrame[8942] LastFrame[8581] NewFrame[8942]
20200207-151448<INFO :0xf73ee700>: [BiShopPing] Ping return at 1884451.
20200207-151448<INFO :0xf73ee700>: gs ping goddess[result=1], CurFrame[8953] LastFrame[8412] NewFrame[8953]
20200207-151448<INFO :0xf73ee700>: receieve goddess ping reply, goddess time = 1885057
20200207-151508<ERROR:0xf73ee700>: gs ping bishop[result=1], CurFrame[9303] LastFrame[8942] NewFrame[9303]
20200207-151508<INFO :0xf73ee700>: [BiShopPing] Ping return at 1904508.
20200207-151519<INFO :0xf73ee700>: gs ping goddess[result=1], CurFrame[9494] LastFrame[8953] NewFrame[9494]
20200207-151519<INFO :0xf73ee700>: receieve goddess ping reply, goddess time = 1915110
20200207-151528<ERROR:0xf73ee700>: gs ping bishop[result=1], CurFrame[9664] LastFrame[9303] NewFrame[9664]
20200207-151528<INFO :0xf73ee700>: [BiShopPing] Ping return at 1924554.
20200207-151531<INFO :0xf73ee700>: [Frame debug] Frame 9720
20200207-151532<WARN :0xf73ee700>: # GameLogicSpeed : 17 fps.(abnormal!!!)
20200207-151548<ERROR:0xf73ee700>: gs ping bishop[result=1], CurFrame[10025] LastFrame[9664] NewFrame[10025]
20200207-151548<INFO :0xf73ee700>: [BiShopPing] Ping return at 1944601.
20200207-151549<INFO :0xf73ee700>: gs ping goddess[result=1], CurFrame[10035] LastFrame[9494] NewFrame[10035]
20200207-151549<INFO :0xf73ee700>: receieve goddess ping reply, goddess time = 1945163
20200207-151608<ERROR:0xf73ee700>: gs ping bishop[result=1], CurFrame[10386] LastFrame[10025] NewFrame[10386]
20200207-151608<INFO :0xf73ee700>: [BiShopPing] Ping return at 1964686.
20200207-151618<ERROR:0xf73ee700>: [Script] [4042852611, 1800]{/script/online_activites/treasure_box/trigger.lua}remove a none copy map dialog npc[400:Чi L ph].[28832:Thng nhn Ty Vc].
20200207-151618<ERROR:0xf73ee700>: [Script] [4042852611, 1500]{/script/online_activites/treasure_box/trigger.lua}remove a none copy map dialog npc[510:Dc Vng ng].[28833:Dc Nhn Tho].
20200207-151618<ERROR:0xf73ee700>: [Script] [4042852611, 1500]{/script/online_activites/treasure_box/trigger.lua}remove a none copy map dialog npc[510:Dc Vng ng].[28834:Dc Nhn Tho].
20200207-151618<ERROR:0xf73ee700>: [Script] [4042852611, 1500]{/script/online_activites/treasure_box/trigger.lua}remove a none copy map dialog npc[510:Dc Vng ng].[28835:Dc Nhn Tho].
20200207-151618<ERROR:0xf73ee700>: [Script] [4042852611, 1500]{/script/online_activites/treasure_box/trigger.lua}remove a none copy map dialog npc[510:Dc Vng ng].[28836:Dc Nhn Tho].
20200207-151618<ERROR:0xf73ee700>: [Script] [4042852611, 1500]{/script/online_activites/treasure_box/trigger.lua}remove a none copy map dialog npc[510:Dc Vng ng].[28837:Dc Nhn Tho].
20200207-151618<ERROR:0xf73ee700>: [Script] [4042852611, 1500]{/script/online_activites/treasure_box/trigger.lua}remove a none copy map dialog npc[510:Dc Vng ng].[28838:Dc Nhn Tho].
20200207-151618<ERROR:0xf73ee700>: [Script] [4042852611, 1500]{/script/online_activites/treasure_box/trigger.lua}remove a none copy map dialog npc[510:Dc Vng ng].[28839:Dc Nhn Tho].
20200207-151618<ERROR:0xf73ee700>: [Script] [4042852611, 1500]{/script/online_activites/treasure_box/trigger.lua}remove a none copy map dialog npc[510:Dc Vng ng].[28840:Dc Nhn Tho].
20200207-151618<ERROR:0xf73ee700>: [Script] [4042852611, 1500]{/script/online_activites/treasure_box/trigger.lua}remove a none copy map dialog npc[510:Dc Vng ng].[28841:Dc Nhn Tho].
20200207-151618<ERROR:0xf73ee700>: [Script] [4042852611, 1500]{/script/online_activites/treasure_box/trigger.lua}remove a none copy map dialog npc[510:Dc Vng ng].[28842:Dc Nhn Tho].
20200207-151618<ERROR:0xf73ee700>: [Script] [4042852611, 1500]{/script/online_activites/treasure_box/trigger.lua}remove a none copy map dialog npc[510:Dc Vng ng].[28843:Dc Nhn Tho].
20200207-151618<ERROR:0xf73ee700>: [Script] [4042852611, 1500]{/script/online_activites/treasure_box/trigger.lua}remove a none copy map dialog npc[510:Dc Vng ng].[28844:Dc Nhn Tho].
20200207-151618<ERROR:0xf73ee700>: [Script] [4042852611, 1500]{/script/online_activites/treasure_box/trigger.lua}remove a none copy map dialog npc[510:Dc Vng ng].[28845:Dc Nhn Tho].
20200207-151618<ERROR:0xf73ee700>: [Script] [4042852611, 1500]{/script/online_activites/treasure_box/trigger.lua}remove a none copy map dialog npc[510:Dc Vng ng].[28846:Dc Nhn Tho].
20200207-151618<ERROR:0xf73ee700>: [Script] [4042852611, 1500]{/script/online_activites/treasure_box/trigger.lua}remove a none copy map dialog npc[510:Dc Vng ng].[28847:Dc Nhn Tho].
20200207-151618<ERROR:0xf73ee700>: [Script] [4042852611, 1500]{/script/online_activites/treasure_box/trigger.lua}remove a none copy map dialog npc[510:Dc Vng ng].[28848:Dc Nhn Tho].
20200207-151618<ERROR:0xf73ee700>: [Script] [4042852611, 1500]{/script/online_activites/treasure_box/trigger.lua}remove a none copy map dialog npc[510:Dc Vng ng].[28849:Dc Nhn Tho].
20200207-151618<ERROR:0xf73ee700>: [Script] [4042852611, 1500]{/script/online_activites/treasure_box/trigger.lua}remove a none copy map dialog npc[510:Dc Vng ng].[28850:Dc Nhn Tho].
20200207-151618<ERROR:0xf73ee700>: [Script] [4042852611, 1500]{/script/online_activites/treasure_box/trigger.lua}remove a none copy map dialog npc[510:Dc Vng ng].[28851:Dc Nhn Tho].
20200207-151618<ERROR:0xf73ee700>: [Script] [4042852611, 1500]{/script/online_activites/treasure_box/trigger.lua}remove a none copy map dialog npc[510:Dc Vng ng].[28852:Dc Nhn Tho].
20200207-151618<ERROR:0xf73ee700>: [Script] [4042852611, 1500]{/script/online_activites/treasure_box/trigger.lua}remove a none copy map dialog npc[510:Dc Vng ng].[28853:Dc Nhn Tho].
20200207-151618<ERROR:0xf73ee700>: [Script] [4042852611, 1500]{/script/online_activites/treasure_box/trigger.lua}remove a none copy map dialog npc[510:Dc Vng ng].[28854:Dc Nhn Tho].
20200207-151618<ERROR:0xf73ee700>: [Script] [4042852611, 1500]{/script/online_activites/treasure_box/trigger.lua}remove a none copy map dialog npc[510:Dc Vng ng].[28855:Dc Nhn Tho].
20200207-151618<ERROR:0xf73ee700>: [Script] [4042852611, 1500]{/script/online_activites/treasure_box/trigger.lua}remove a none copy map dialog npc[510:Dc Vng ng].[28856:Dc Nhn Tho].
20200207-151618<ERROR:0xf73ee700>: [Script] [4042852611, 1500]{/script/online_activites/treasure_box/trigger.lua}remove a none copy map dialog npc[510:Dc Vng ng].[28857:Dc Nhn Tho].
20200207-151618<ERROR:0xf73ee700>: [Script] [4042852611, 1500]{/script/online_activites/treasure_box/trigger.lua}remove a none copy map dialog npc[510:Dc Vng ng].[28858:Dc Nhn Tho].
20200207-151618<ERROR:0xf73ee700>: [Script] [4042852611, 1500]{/script/online_activites/treasure_box/trigger.lua}remove a none copy map dialog npc[510:Dc Vng ng].[28859:Dc Nhn Tho].
20200207-151618<ERROR:0xf73ee700>: [Script] [4042852611, 1500]{/script/online_activites/treasure_box/trigger.lua}remove a none copy map dialog npc[510:Dc Vng ng].[28860:Dc Nhn Tho].
20200207-151618<ERROR:0xf73ee700>: [Script] [4042852611, 1500]{/script/online_activites/treasure_box/trigger.lua}remove a none copy map dialog npc[510:Dc Vng ng].[28861:Dc Nhn Tho].
20200207-151618<ERROR:0xf73ee700>: [Script] [4042852611, 1500]{/script/online_activites/treasure_box/trigger.lua}remove a none copy map dialog npc[510:Dc Vng ng].[28862:Dc Nhn Tho].
20200207-151618<ERROR:0xf73ee700>: [Script] [4042852611, 1500]{/script/online_activites/treasure_box/trigger.lua}remove a none copy map dialog npc[510:Dc Vng ng].[28863:Dc Nhn Tho].
20200207-151618<ERROR:0xf73ee700>: [Script] [4042852611, 1500]{/script/online_activites/treasure_box/trigger.lua}remove a none copy map dialog npc[510:Dc Vng ng].[28864:Dc Nhn Tho].
20200207-151618<ERROR:0xf73ee700>: [Script] [4042852611, 1500]{/script/online_activites/treasure_box/trigger.lua}remove a none copy map dialog npc[510:Dc Vng ng].[28865:Dc Nhn Tho].
20200207-151618<ERROR:0xf73ee700>: [Script] [4042852611, 1500]{/script/online_activites/treasure_box/trigger.lua}remove a none copy map dialog npc[510:Dc Vng ng].[28866:Dc Nhn Tho].
20200207-151618<ERROR:0xf73ee700>: [Script] [4042852611, 1500]{/script/online_activites/treasure_box/trigger.lua}remove a none copy map dialog npc[510:Dc Vng ng].[28867:Dc Nhn Tho].
20200207-151618<ERROR:0xf73ee700>: [Script] [4042852611, 1500]{/script/online_activites/treasure_box/trigger.lua}remove a none copy map dialog npc[506:M cung sa mc].[28868:Tch Dng cn].
20200207-151618<ERROR:0xf73ee700>: [Script] [4042852611, 1500]{/script/online_activites/treasure_box/trigger.lua}remove a none copy map dialog npc[506:M cung sa mc].[28869:Tch Dng cn].
20200207-151618<ERROR:0xf73ee700>: [Script] [4042852611, 1500]{/script/online_activites/treasure_box/trigger.lua}remove a none copy map dialog npc[506:M cung sa mc].[28870:Tch Dng cn].
20200207-151618<ERROR:0xf73ee700>: [Script] [4042852611, 1500]{/script/online_activites/treasure_box/trigger.lua}remove a none copy map dialog npc[506:M cung sa mc].[28871:Tch Dng cn].
20200207-151618<ERROR:0xf73ee700>: [Script] [4042852611, 1500]{/script/online_activites/treasure_box/trigger.lua}remove a none copy map dialog npc[506:M cung sa mc].[28872:Tch Dng cn].
20200207-151618<ERROR:0xf73ee700>: [Script] [4042852611, 1500]{/script/online_activites/treasure_box/trigger.lua}remove a none copy map dialog npc[506:M cung sa mc].[28873:Tch Dng cn].
20200207-151618<ERROR:0xf73ee700>: [Script] [4042852611, 1500]{/script/online_activites/treasure_box/trigger.lua}remove a none copy map dialog npc[506:M cung sa mc].[28874:Tch Dng cn].
20200207-151618<ERROR:0xf73ee700>: [Script] [4042852611, 1500]{/script/online_activites/treasure_box/trigger.lua}remove a none copy map dialog npc[506:M cung sa mc].[28875:Tch Dng cn].
20200207-151618<ERROR:0xf73ee700>: [Script] [4042852611, 1500]{/script/online_activites/treasure_box/trigger.lua}remove a none copy map dialog npc[506:M cung sa mc].[28876:Tch Dng cn].
20200207-151618<ERROR:0xf73ee700>: [Script] [4042852611, 1500]{/script/online_activites/treasure_box/trigger.lua}remove a none copy map dialog npc[506:M cung sa mc].[28877:Tch Dng cn].
20200207-151618<ERROR:0xf73ee700>: [Script] [4042852611, 1500]{/script/online_activites/treasure_box/trigger.lua}remove a none copy map dialog npc[506:M cung sa mc].[28878:Tch Dng cn].
20200207-151618<ERROR:0xf73ee700>: [Script] [4042852611, 1500]{/script/online_activites/treasure_box/trigger.lua}remove a none copy map dialog npc[506:M cung sa mc].[28879:Tch Dng cn].
20200207-151618<ERROR:0xf73ee700>: [Script] [4042852611, 1500]{/script/online_activites/treasure_box/trigger.lua}remove a none copy map dialog npc[506:M cung sa mc].[28880:Tch Dng cn].
20200207-151618<ERROR:0xf73ee700>: [Script] [4042852611, 1500]{/script/online_activites/treasure_box/trigger.lua}remove a none copy map dialog npc[506:M cung sa mc].[28881:Tch Dng cn].
20200207-151618<ERROR:0xf73ee700>: [Script] [4042852611, 1500]{/script/online_activites/treasure_box/trigger.lua}remove a none copy map dialog npc[506:M cung sa mc].[28882:Tch Dng cn].
20200207-151618<ERROR:0xf73ee700>: [Script] [4042852611, 1500]{/script/online_activites/treasure_box/trigger.lua}remove a none copy map dialog npc[506:M cung sa mc].[28883:Tch Dng cn].
20200207-151618<ERROR:0xf73ee700>: [Script] [4042852611, 1500]{/script/online_activites/treasure_box/trigger.lua}remove a none copy map dialog npc[506:M cung sa mc].[28884:Tch Dng cn].
20200207-151618<ERROR:0xf73ee700>: [Script] [4042852611, 1500]{/script/online_activites/treasure_box/trigger.lua}remove a none copy map dialog npc[506:M cung sa mc].[28885:Tch Dng cn].
20200207-151618<ERROR:0xf73ee700>: [Script] [4042852611, 1500]{/script/online_activites/treasure_box/trigger.lua}remove a none copy map dialog npc[506:M cung sa mc].[28886:Tch Dng cn].
20200207-151618<ERROR:0xf73ee700>: [Script] [4042852611, 1500]{/script/online_activites/treasure_box/trigger.lua}remove a none copy map dialog npc[506:M cung sa mc].[28887:Tch Dng cn].
20200207-151618<ERROR:0xf73ee700>: [Script] [4042852611, 1500]{/script/online_activites/treasure_box/trigger.lua}remove a none copy map dialog npc[506:M cung sa mc].[28888:Tch Dng cn].
20200207-151618<ERROR:0xf73ee700>: [Script] [4042852611, 1500]{/script/online_activites/treasure_box/trigger.lua}remove a none copy map dialog npc[506:M cung sa mc].[28889:Tch Dng cn].
20200207-151618<ERROR:0xf73ee700>: [Script] [4042852611, 1500]{/script/online_activites/treasure_box/trigger.lua}remove a none copy map dialog npc[506:M cung sa mc].[28890:Tch Dng cn].
20200207-151618<ERROR:0xf73ee700>: [Script] [4042852611, 1500]{/script/online_activites/treasure_box/trigger.lua}remove a none copy map dialog npc[506:M cung sa mc].[28891:Tch Dng cn].
20200207-151618<ERROR:0xf73ee700>: [Script] [4042852611, 1500]{/script/online_activites/treasure_box/trigger.lua}remove a none copy map dialog npc[506:M cung sa mc].[28892:Tch Dng cn].
20200207-151618<ERROR:0xf73ee700>: [Script] [4042852611, 1500]{/script/online_activites/treasure_box/trigger.lua}remove a none copy map dialog npc[506:M cung sa mc].[28893:Tch Dng cn].
20200207-151618<ERROR:0xf73ee700>: [Script] [4042852611, 1500]{/script/online_activites/treasure_box/trigger.lua}remove a none copy map dialog npc[506:M cung sa mc].[28894:Tch Dng cn].
20200207-151618<ERROR:0xf73ee700>: [Script] [4042852611, 1500]{/script/online_activites/treasure_box/trigger.lua}remove a none copy map dialog npc[506:M cung sa mc].[28895:Tch Dng cn].
20200207-151618<ERROR:0xf73ee700>: [Script] [4042852611, 1500]{/script/online_activites/treasure_box/trigger.lua}remove a none copy map dialog npc[506:M cung sa mc].[28896:Tch Dng cn].
20200207-151618<ERROR:0xf73ee700>: [Script] [4042852611, 1500]{/script/online_activites/treasure_box/trigger.lua}remove a none copy map dialog npc[506:M cung sa mc].[28897:Tch Dng cn].
20200207-151618<ERROR:0xf73ee700>: [Script] [4042852611, 1500]{/script/online_activites/treasure_box/trigger.lua}remove a none copy map dialog npc[506:M cung sa mc].[28898:Tch Dng cn].
20200207-151618<ERROR:0xf73ee700>: [Script] [4042852611, 1500]{/script/online_activites/treasure_box/trigger.lua}remove a none copy map dialog npc[506:M cung sa mc].[28899:Tch Dng cn].
20200207-151618<ERROR:0xf73ee700>: [Script] [4042852611, 1500]{/script/online_activites/treasure_box/trigger.lua}remove a none copy map dialog npc[506:M cung sa mc].[28900:Tch Dng cn].
20200207-151618<ERROR:0xf73ee700>: [Script] [4042852611, 1500]{/script/online_activites/treasure_box/trigger.lua}remove a none copy map dialog npc[506:M cung sa mc].[28901:Tch Dng cn].
20200207-151618<ERROR:0xf73ee700>: [Script] [4042852611, 1500]{/script/online_activites/treasure_box/trigger.lua}remove a none copy map dialog npc[506:M cung sa mc].[28902:Tch Dng cn].
20200207-151618<ERROR:0xf73ee700>: [Script] [4042852611, 1500]{/script/online_activites/treasure_box/trigger.lua}remove a none copy map dialog npc[506:M cung sa mc].[28903:Tch Dng cn].
20200207-151618<ERROR:0xf73ee700>: [Script] [4042852611, 1500]{/script/online_activites/treasure_box/trigger.lua}remove a none copy map dialog npc[506:M cung sa mc].[28904:Tch Dng cn].
20200207-151618<ERROR:0xf73ee700>: [Script] [4042852611, 1500]{/script/online_activites/treasure_box/trigger.lua}remove a none copy map dialog npc[506:M cung sa mc].[28905:Tch Dng cn].
20200207-151618<ERROR:0xf73ee700>: [Script] [4042852611, 1500]{/script/online_activites/treasure_box/trigger.lua}remove a none copy map dialog npc[506:M cung sa mc].[28906:Tch Dng cn].
20200207-151618<ERROR:0xf73ee700>: [Script] [4042852611, 1500]{/script/online_activites/treasure_box/trigger.lua}remove a none copy map dialog npc[506:M cung sa mc].[28907:Tch Dng cn].
20200207-151618<ERROR:0xf73ee700>: [Script] [4042852611, 1500]{/script/online_activites/treasure_box/trigger.lua}remove a none copy map dialog npc[506:M cung sa mc].[28908:Tch Dng cn].
20200207-151618<ERROR:0xf73ee700>: [Script] [4042852611, 1500]{/script/online_activites/treasure_box/trigger.lua}remove a none copy map dialog npc[506:M cung sa mc].[28909:Tch Dng cn].
20200207-151618<ERROR:0xf73ee700>: [Script] [4042852611, 1500]{/script/online_activites/treasure_box/trigger.lua}remove a none copy map dialog npc[506:M cung sa mc].[28910:Tch Dng cn].
20200207-151618<ERROR:0xf73ee700>: [Script] [4042852611, 1500]{/script/online_activites/treasure_box/trigger.lua}remove a none copy map dialog npc[506:M cung sa mc].[28911:Tch Dng cn].
20200207-151618<ERROR:0xf73ee700>: [Script] [4042852611, 1500]{/script/online_activites/treasure_box/trigger.lua}remove a none copy map dialog npc[506:M cung sa mc].[28912:Tch Dng cn].
20200207-151618<ERROR:0xf73ee700>: [Script] [4042852611, 1500]{/script/online_activites/treasure_box/trigger.lua}remove a none copy map dialog npc[506:M cung sa mc].[28913:Tch Dng cn].
20200207-151618<ERROR:0xf73ee700>: [Script] [4042852611, 1500]{/script/online_activites/treasure_box/trigger.lua}remove a none copy map dialog npc[506:M cung sa mc].[28914:Tch Dng cn].
20200207-151618<ERROR:0xf73ee700>: [Script] [4042852611, 1500]{/script/online_activites/treasure_box/trigger.lua}remove a none copy map dialog npc[506:M cung sa mc].[28915:Tch Dng cn].
20200207-151618<ERROR:0xf73ee700>: [Script] [4042852611, 1500]{/script/online_activites/treasure_box/trigger.lua}remove a none copy map dialog npc[506:M cung sa mc].[28916:Tch Dng cn].
20200207-151618<ERROR:0xf73ee700>: [Script] [4042852611, 1500]{/script/online_activites/treasure_box/trigger.lua}remove a none copy map dialog npc[506:M cung sa mc].[28917:Tch Dng cn].
20200207-151619<INFO :0xf73ee700>: gs ping goddess[result=1], CurFrame[10576] LastFrame[10035] NewFrame[10576]
20200207-151619<INFO :0xf73ee700>: receieve goddess ping reply, goddess time = 1975213
20200207-151628<ERROR:0xf73ee700>: gs ping bishop[result=1], CurFrame[10747] LastFrame[10386] NewFrame[10747]
20200207-151628<INFO :0xf73ee700>: [BiShopPing] Ping return at 1984727.
20200207-151643<WARN :0xf73ee700>: # GameLogicSpeed : 17 fps.(abnormal!!!)
20200207-151648<ERROR:0xf73ee700>: gs ping bishop[result=1], CurFrame[11108] LastFrame[10747] NewFrame[11108]
20200207-151648<INFO :0xf73ee700>: [BiShopPing] Ping return at 2004764.
20200207-151649<INFO :0xf73ee700>: gs ping goddess[result=1], CurFrame[11117] LastFrame[10576] NewFrame[11117]
20200207-151649<INFO :0xf73ee700>: receieve goddess ping reply, goddess time = 2005261
20200207-151708<ERROR:0xf73ee700>: gs ping bishop[result=1], CurFrame[11469] LastFrame[11108] NewFrame[11469]
20200207-151708<INFO :0xf73ee700>: [BiShopPing] Ping return at 2024814.
20200207-151711<WARN :0xf73ee700>: # GameLogicSpeed : 17 fps.(abnormal!!!)
20200207-151719<INFO :0xf73ee700>: gs ping goddess[result=1], CurFrame[11658] LastFrame[11117] NewFrame[11658]
20200207-151719<INFO :0xf73ee700>: receieve goddess ping reply, goddess time = 2035314
20200207-151728<ERROR:0xf73ee700>: gs ping bishop[result=1], CurFrame[11830] LastFrame[11469] NewFrame[11830]
20200207-151728<INFO :0xf73ee700>: [BiShopPing] Ping return at 2044880.
20200207-151748<ERROR:0xf73ee700>: gs ping bishop[result=1], CurFrame[12191] LastFrame[11830] NewFrame[12191]
20200207-151748<INFO :0xf73ee700>: [BiShopPing] Ping return at 2064930.
20200207-151749<INFO :0xf73ee700>: gs ping goddess[result=1], CurFrame[12199] LastFrame[11658] NewFrame[12199]
20200207-151749<INFO :0xf73ee700>: receieve goddess ping reply, goddess time = 2065374
20200207-151808<WARN :0xf73ee700>: # GameLogicSpeed : 17 fps.(abnormal!!!)
20200207-151808<ERROR:0xf73ee700>: gs ping bishop[result=1], CurFrame[12552] LastFrame[12191] NewFrame[12552]
20200207-151808<INFO :0xf73ee700>: [BiShopPing] Ping return at 2084989.
20200207-151819<INFO :0xf73ee700>: gs ping goddess[result=1], CurFrame[12740] LastFrame[12199] NewFrame[12740]
20200207-151819<INFO :0xf73ee700>: receieve goddess ping reply, goddess time = 2095426
20200207-151828<ERROR:0xf73ee700>: gs ping bishop[result=1], CurFrame[12913] LastFrame[12552] NewFrame[12913]
20200207-151828<INFO :0xf73ee700>: [BiShopPing] Ping return at 2105032.
20200207-151831<INFO :0xf73ee700>: [Frame debug] Frame 12960
20200207-151849<ERROR:0xf73ee700>: gs ping bishop[result=1], CurFrame[13274] LastFrame[12913] NewFrame[13274]
20200207-151849<INFO :0xf73ee700>: [BiShopPing] Ping return at 2125122.
20200207-151849<INFO :0xf73ee700>: gs ping goddess[result=1], CurFrame[13281] LastFrame[12740] NewFrame[13281]
20200207-151849<INFO :0xf73ee700>: receieve goddess ping reply, goddess time = 2125476
20200207-151851<WARN :0xf73ee700>: # GameLogicSpeed : 17 fps.(abnormal!!!)
20200207-151905<WARN :0xf73ee700>: # GameLogicSpeed : 17 fps.(abnormal!!!)
20200207-151909<ERROR:0xf73ee700>: gs ping bishop[result=1], CurFrame[13635] LastFrame[13274] NewFrame[13635]
20200207-151909<INFO :0xf73ee700>: [BiShopPing] Ping return at 2145162.
20200207-151919<INFO :0xf73ee700>: gs ping goddess[result=1], CurFrame[13822] LastFrame[13281] NewFrame[13822]
20200207-151919<INFO :0xf73ee700>: receieve goddess ping reply, goddess time = 2155531
20200207-151929<ERROR:0xf73ee700>: gs ping bishop[result=1], CurFrame[13996] LastFrame[13635] NewFrame[13996]
20200207-151929<INFO :0xf73ee700>: [BiShopPing] Ping return at 2165206.
20200207-151933<WARN :0xf73ee700>: # GameLogicSpeed : 17 fps.(abnormal!!!)
20200207-151949<ERROR:0xf73ee700>: gs ping bishop[result=1], CurFrame[14357] LastFrame[13996] NewFrame[14357]
20200207-151949<INFO :0xf73ee700>: [BiShopPing] Ping return at 2185246.
20200207-151949<INFO :0xf73ee700>: gs ping goddess[result=1], CurFrame[14363] LastFrame[13822] NewFrame[14363]
20200207-151949<INFO :0xf73ee700>: receieve goddess ping reply, goddess time = 2185578
20200207-152009<ERROR:0xf73ee700>: gs ping bishop[result=1], CurFrame[14718] LastFrame[14357] NewFrame[14718]
20200207-152009<INFO :0xf73ee700>: [BiShopPing] Ping return at 2205357.
20200207-152019<INFO :0xf73ee700>: gs ping goddess[result=1], CurFrame[14904] LastFrame[14363] NewFrame[14904]
20200207-152019<INFO :0xf73ee700>: receieve goddess ping reply, goddess time = 2215633
20200207-152029<ERROR:0xf73ee700>: gs ping bishop[result=1], CurFrame[15079] LastFrame[14718] NewFrame[15079]
20200207-152029<INFO :0xf73ee700>: [BiShopPing] Ping return at 2225358.
20200207-152049<ERROR:0xf73ee700>: gs ping bishop[result=1], CurFrame[15440] LastFrame[15079] NewFrame[15440]
20200207-152049<INFO :0xf73ee700>: [BiShopPing] Ping return at 2245404.
20200207-152049<INFO :0xf73ee700>: gs ping goddess[result=1], CurFrame[15445] LastFrame[14904] NewFrame[15445]
20200207-152049<INFO :0xf73ee700>: receieve goddess ping reply, goddess time = 2245690
20200207-152109<ERROR:0xf73ee700>: gs ping bishop[result=1], CurFrame[15801] LastFrame[15440] NewFrame[15801]
20200207-152109<INFO :0xf73ee700>: [BiShopPing] Ping return at 2265495.
20200207-152119<INFO :0xf73ee700>: gs ping goddess[result=1], CurFrame[15986] LastFrame[15445] NewFrame[15986]
20200207-152119<INFO :0xf73ee700>: receieve goddess ping reply, goddess time = 2275737
20200207-152123<ERROR:0xf73ee700>: Recv data error, shutdown(linkindex:0)
20200207-152123<INFO :0xf73ee700>: [LOGIN/OUT] Connection[0] lost, idx:1, acc:an, role:ioNaruto, GameStatus:PlayerPlaying, ExchangeStatus:ExchangeBegin, LastPingTime:[2020-02-07 15:21:20]
20200207-232352<ERROR:0xf73ee700>: gamesvr disconnect with Database, shutdown gamesvr now! last breath diff time 110000 ms
20200207-232352<ERROR:0xf73ee700>: Database connection lost nCurrentGameLogicFrameTime=16069 m_nLastSentPackageTime=15986 diff=83/540
20200207-232352<INFO :0xf73ee700>: [SOSever::Breathe] MsgLoop:0 ,MainLoop:28948660, TotalMsgLoop:6540, Elapse:29840941 CurBreathCost:28948660 BreathCount:588454
20200207-232352<INFO :0xf73ee700>: main thread exit
20200207-232356<INFO :0xf73ee700>: PlayerName = ioNaruto, KItemLockMgr::SaveData, 0, 0, 0
20200207-232356<INFO :0xf73ee700>: [CheckCRC] UpdateDBPlayerInfo(an, ioNaruto) dwCRC=EE5DACB7 dwDataLen=4756
20200207-232356<ERROR:0xf73ee700>: Send package to Database error
20200207-232356<INFO :0xf73ee700>: [SavePlayerData] send save request to goddess bUnLock=1, acc:an, role:ioNaruto
20200207-232358<INFO :0xf73ee700>: Remove player object . acc an, role ioNaruto
