20200104-212609	INFO	[vหt phศm lชn tay ngญ๊i chฌi] [Tตi khoถn : thuong4] [Nhฉn vหt: Demooooo][Tชn vหt phศm:Sญ งๅ Thiีp]
20200104-212609	INFO	[vหt phศm lชn tay ngญ๊i chฌi] [Tตi khoถn : thuong4] [Nhฉn vหt: Demooooo][Tชn vหt phศm:Cศm Nang งนi S๙ Kiึn]
20200104-212609	INFO	[vหt phศm lชn tay ngญ๊i chฌi] [Tตi khoถn : thuong4] [Nhฉn vหt: Demooooo][Tชn vหt phศm:Nguyึt Lญ๎ng Th่ luy]
20200104-212609	INFO	[vหt phศm lชn tay ngญ๊i chฌi] [Tตi khoถn : thuong4] [Nhฉn vหt: Demooooo][Tชn vหt phศm:Tiีu ngนo giang hๅ l]
20200104-212609	INFO	[vหt phศm lชn tay ngญ๊i chฌi] [Tตi khoถn : thuong4] [Nhฉn vหt: Demooooo][Tชn vหt phศm:EoPi Noriko]
20200104-212611	INFO	[vหt phศm lชn tay ngญ๊i chฌi] [Tตi khoถn : thuong4] [Nhฉn vหt: Demooooo][Tชn vหt phศm:T๑ ธo Thiชn Biีn Tiี]
20200104-212659	ERR!	[playerattr abnormal][Account: thuong4][RoleName: Demooooo][Level: 99][Attr: 7,5,2,3,3 - 1 (1004)][Task: 0]
20200104-212659	INFO	[vหt phศm lชn tay ngญ๊i chฌi] [Tตi khoถn : thuong4] [Nhฉn vหt: Demooooo][Tชn vหt phศm:B๘c thญ thวn b]
20200104-212704	INFO	[vหt phศm lชn tay ngญ๊i chฌi] [Tตi khoถn : thuong4] [Nhฉn vหt: Demooooo][Tชn vหt phศm:ธo Choตng Ng๒ Hตnh ข]
20200104-212704	INFO	[vหt phศm lชn tay ngญ๊i chฌi] [Tตi khoถn : thuong4] [Nhฉn vหt: Demooooo][Tชn vหt phศm:Huy Chญฌng ขm Chี ng]
20200104-212704	INFO	[vหt phศm lชn tay ngญ๊i chฌi] [Tตi khoถn : thuong4] [Nhฉn vหt: Demooooo][Tชn vหt phศm:Chiีn Hตi ขm Chี ng๒]
20200104-212707	INFO	[vหt phศm lชn tay ngญ๊i chฌi] [Tตi khoถn : thuong4] [Nhฉn vหt: Demooooo][Tชn vหt phศm:Diึu Dญฌng Thiชn Cun]
20200104-212707	INFO	[vหt phศm lชn tay ngญ๊i chฌi] [Tตi khoถn : thuong4] [Nhฉn vหt: Demooooo][Tชn vหt phศm:Diึu Dญฌng Thiชn Cun]
20200104-212707	INFO	[vหt phศm lชn tay ngญ๊i chฌi] [Tตi khoถn : thuong4] [Nhฉn vหt: Demooooo][Tชn vหt phศm:Diึu Dญฌng Thiชn Cun]
20200104-212707	INFO	[vหt phศm lชn tay ngญ๊i chฌi] [Tตi khoถn : thuong4] [Nhฉn vหt: Demooooo][Tชn vหt phศm:Diึu Dญฌng Thiชn Cun]
20200104-212707	INFO	[vหt phศm lชn tay ngญ๊i chฌi] [Tตi khoถn : thuong4] [Nhฉn vหt: Demooooo][Tชn vหt phศm:Diึu Dญฌng Thiชn Cun]
20200104-212707	INFO	[vหt phศm lชn tay ngญ๊i chฌi] [Tตi khoถn : thuong4] [Nhฉn vหt: Demooooo][Tชn vหt phศm:Diึu Dญฌng-Phi Hน Ti]
20200104-212707	INFO	[vหt phศm lชn tay ngญ๊i chฌi] [Tตi khoถn : thuong4] [Nhฉn vหt: Demooooo][Tชn vหt phศm:Diึu Dญฌng-Phi Hน Ti]
20200104-212707	INFO	[vหt phศm lชn tay ngญ๊i chฌi] [Tตi khoถn : thuong4] [Nhฉn vหt: Demooooo][Tชn vหt phศm:Diึu Dญฌng-Phi Hน Ti]
20200104-212707	INFO	[vหt phศm lชn tay ngญ๊i chฌi] [Tตi khoถn : thuong4] [Nhฉn vหt: Demooooo][Tชn vหt phศm:Diึu Dญฌng-Phi Hน Ti]
20200104-212806	INFO	[vหt phศm lชn tay ngญ๊i chฌi] [Tตi khoถn : thuong4] [Nhฉn vหt: Demooooo][Tชn vหt phศm:งiชu mตu thพng]
20200104-212813	INFO	[vหt phศm lชn tay ngญ๊i chฌi] [Tตi khoถn : thuong4] [Nhฉn vหt: Demooooo][Tชn vหt phศm:Thiชn Hญฌng Hoa]
20200104-212813	INFO	[vหt phศm lชn tay ngญ๊i chฌi] [Tตi khoถn : thuong4] [Nhฉn vหt: Demooooo][Tชn vหt phศm:Thanh Lญ๎ng Thถo]
20200104-212813	INFO	[vหt phศm lชn tay ngญ๊i chฌi] [Tตi khoถn : thuong4] [Nhฉn vหt: Demooooo][Tชn vหt phศm:Triาu Thiชn Tiชu]
20200104-212813	INFO	[vหt phศm lชn tay ngญ๊i chฌi] [Tตi khoถn : thuong4] [Nhฉn vหt: Demooooo][Tชn vหt phศm:Quี Hoa Ngญ]
20200104-212813	INFO	[vหt phศm lชn tay ngญ๊i chฌi] [Tตi khoถn : thuong4] [Nhฉn vหt: Demooooo][Tชn vหt phศm:Hๅng Sฌn Quถ]
20200104-212813	INFO	[vหt phศm lชn tay ngญ๊i chฌi] [Tตi khoถn : thuong4] [Nhฉn vหt: Demooooo][Tชn vหt phศm:Huสn Luyึn Tiชu]
