20200104-214724	INFO	[vËt phÈm lªn tay ng­êi ch¬i] [Tµi kho¶n : thuong4] [Nh©n vËt: Demooooo][Tªn vËt phÈm:Tµng KiÕm Chİ]
20200104-214950	INFO	[vËt phÈm lªn tay ng­êi ch¬i] [Tµi kho¶n : thuong3] [Nh©n vËt: TungTra][Tªn vËt phÈm:S­ §å ThiÕp]
20200104-214950	INFO	[vËt phÈm lªn tay ng­êi ch¬i] [Tµi kho¶n : thuong3] [Nh©n vËt: TungTra][Tªn vËt phÈm:CÈm Nang §¹i Sù KiÖn]
20200104-214950	INFO	[vËt phÈm lªn tay ng­êi ch¬i] [Tµi kho¶n : thuong3] [Nh©n vËt: TungTra][Tªn vËt phÈm:NguyÖt L­îng Thè luy]
20200104-214950	INFO	[vËt phÈm lªn tay ng­êi ch¬i] [Tµi kho¶n : thuong3] [Nh©n vËt: TungTra][Tªn vËt phÈm:TiÕu ng¹o giang hå l]
20200104-214950	INFO	[vËt phÈm lªn tay ng­êi ch¬i] [Tµi kho¶n : thuong3] [Nh©n vËt: TungTra][Tªn vËt phÈm:EoPi Noriko]
20200104-214953	INFO	[vËt phÈm lªn tay ng­êi ch¬i] [Tµi kho¶n : thuong3] [Nh©n vËt: TungTra][Tªn vËt phÈm:Tñ ¸o Thiªn BiÕn TiÕ]
20200104-215039	ERR!	[playerattr abnormal][Account: thuong3][RoleName: TungTra][Level: 99][Attr: 7,5,2,3,3 - 1 (1004)][Task: 0]
20200104-215039	INFO	[vËt phÈm lªn tay ng­êi ch¬i] [Tµi kho¶n : thuong3] [Nh©n vËt: TungTra][Tªn vËt phÈm:Bøc th­ thÇn bİ]
20200104-215151	INFO	[vËt phÈm lªn tay ng­êi ch¬i] [Tµi kho¶n : thuong3] [Nh©n vËt: TungTra][Tªn vËt phÈm:DiÖu D­¬ng Thiªn Cun]
20200104-215151	INFO	[vËt phÈm lªn tay ng­êi ch¬i] [Tµi kho¶n : thuong3] [Nh©n vËt: TungTra][Tªn vËt phÈm:DiÖu D­¬ng Thiªn Cun]
20200104-215151	INFO	[vËt phÈm lªn tay ng­êi ch¬i] [Tµi kho¶n : thuong3] [Nh©n vËt: TungTra][Tªn vËt phÈm:DiÖu D­¬ng Thiªn Cun]
20200104-215151	INFO	[vËt phÈm lªn tay ng­êi ch¬i] [Tµi kho¶n : thuong3] [Nh©n vËt: TungTra][Tªn vËt phÈm:DiÖu D­¬ng Thiªn Cun]
20200104-215151	INFO	[vËt phÈm lªn tay ng­êi ch¬i] [Tµi kho¶n : thuong3] [Nh©n vËt: TungTra][Tªn vËt phÈm:DiÖu D­¬ng Thiªn Cun]
20200104-215151	INFO	[vËt phÈm lªn tay ng­êi ch¬i] [Tµi kho¶n : thuong3] [Nh©n vËt: TungTra][Tªn vËt phÈm:DiÖu D­¬ng-Quû Xóc T]
20200104-215151	INFO	[vËt phÈm lªn tay ng­êi ch¬i] [Tµi kho¶n : thuong3] [Nh©n vËt: TungTra][Tªn vËt phÈm:DiÖu D­¬ng-Quû Xóc T]
20200104-215151	INFO	[vËt phÈm lªn tay ng­êi ch¬i] [Tµi kho¶n : thuong3] [Nh©n vËt: TungTra][Tªn vËt phÈm:DiÖu D­¬ng-Quû Xóc T]
20200104-215151	INFO	[vËt phÈm lªn tay ng­êi ch¬i] [Tµi kho¶n : thuong3] [Nh©n vËt: TungTra][Tªn vËt phÈm:DiÖu D­¬ng-Quû Xóc T]
20200104-215203	INFO	[vËt phÈm lªn tay ng­êi ch¬i] [Tµi kho¶n : thuong3] [Nh©n vËt: TungTra][Tªn vËt phÈm:Linh §å Giíi (tr¸i)]
20200104-215203	INFO	[vËt phÈm lªn tay ng­êi ch¬i] [Tµi kho¶n : thuong3] [Nh©n vËt: TungTra][Tªn vËt phÈm:Linh §å Giíi (ph¶i)]
20200104-215203	INFO	[vËt phÈm lªn tay ng­êi ch¬i] [Tµi kho¶n : thuong3] [Nh©n vËt: TungTra][Tªn vËt phÈm:Linh §å §ao]
20200104-215203	INFO	[vËt phÈm lªn tay ng­êi ch¬i] [Tµi kho¶n : thuong3] [Nh©n vËt: TungTra][Tªn vËt phÈm:Linh §å Trang (th­¬n]
20200104-215203	INFO	[vËt phÈm lªn tay ng­êi ch¬i] [Tµi kho¶n : thuong3] [Nh©n vËt: TungTra][Tªn vËt phÈm:Linh §å Trang (ngo¹i]
20200104-215203	INFO	[vËt phÈm lªn tay ng­êi ch¬i] [Tµi kho¶n : thuong3] [Nh©n vËt: TungTra][Tªn vËt phÈm:Linh §å Trang (néi)]
20200104-215203	INFO	[vËt phÈm lªn tay ng­êi ch¬i] [Tµi kho¶n : thuong3] [Nh©n vËt: TungTra][Tªn vËt phÈm:Linh §å Y]
20200104-215203	INFO	[vËt phÈm lªn tay ng­êi ch¬i] [Tµi kho¶n : thuong3] [Nh©n vËt: TungTra][Tªn vËt phÈm:Linh §å M·o]
20200104-215207	INFO	[vËt phÈm lªn tay ng­êi ch¬i] [Tµi kho¶n : thuong3] [Nh©n vËt: TungTra][Tªn vËt phÈm:¸o Choµng Ngò Hµnh ¢]
20200104-215207	INFO	[vËt phÈm lªn tay ng­êi ch¬i] [Tµi kho¶n : thuong3] [Nh©n vËt: TungTra][Tªn vËt phÈm:Huy Ch­¬ng ¢m ChÕ ng]
20200104-215207	INFO	[vËt phÈm lªn tay ng­êi ch¬i] [Tµi kho¶n : thuong3] [Nh©n vËt: TungTra][Tªn vËt phÈm:ChiÕn Hµi ¢m ChÕ ngò]
20200104-215216	INFO	[vËt phÈm lªn tay ng­êi ch¬i] [Tµi kho¶n : thuong3] [Nh©n vËt: TungTra][Tªn vËt phÈm:HuyÒn Minh Phong Ma ]
20200104-215216	INFO	[vËt phÈm lªn tay ng­êi ch¬i] [Tµi kho¶n : thuong3] [Nh©n vËt: TungTra][Tªn vËt phÈm:U Minh Phong Ma Lôc]
20200104-215216	INFO	[vËt phÈm lªn tay ng­êi ch¬i] [Tµi kho¶n : thuong3] [Nh©n vËt: TungTra][Tªn vËt phÈm:L¨ng Ba Vi Bé toµn t]
20200104-215243	INFO	[vËt phÈm lªn tay ng­êi ch¬i] [Tµi kho¶n : thuong3] [Nh©n vËt: TungTra][Tªn vËt phÈm:Trïng Qu¸i V­¬ng]
20200104-215243	INFO	[vËt phÈm lªn tay ng­êi ch¬i] [Tµi kho¶n : thuong3] [Nh©n vËt: TungTra][Tªn vËt phÈm:Háa Kú L©n]
20200104-215243	INFO	[vËt phÈm lªn tay ng­êi ch¬i] [Tµi kho¶n : thuong3] [Nh©n vËt: TungTra][Tªn vËt phÈm:HuyÒn Vâ §ao]
20200104-215243	INFO	[vËt phÈm lªn tay ng­êi ch¬i] [Tµi kho¶n : thuong3] [Nh©n vËt: TungTra][Tªn vËt phÈm:Xİch LuyÖn Háa Hå]
20200104-215243	INFO	[vËt phÈm lªn tay ng­êi ch¬i] [Tµi kho¶n : thuong3] [Nh©n vËt: TungTra][Tªn vËt phÈm:LiÖt Nhan Li Long]
20200104-215538	INFO	[Tö vong mÊt kinh nghiÖm] [Tµi kho¶n : thuong3] [Nh©n vËt: TungTra][Tæn thÊt kinh nghiÖm: 0][Kinh nghiÖm cßn : 1]
