ChangeLogFile: FirstWrite=1, CurrentLine=0/65536 LastTime=1900-1-0 0:0:0
20200106-001140<INFO :0xf7457700>: [verify_up2date]...
20200106-001140<INFO :0xf7457700>: >Current lang is [gb18030]
20200106-001140<INFO :0xf7457700>: >Welcome to use [verify_up2date](version: 2.3.4 [2018-02-25]) tool. 
20200106-001140<INFO :0xf7457700>: >Time duration: 9.204573ms 
20200106-001140<INFO :0xf7457700>: >
20200106-001140<INFO :0xf7457700>: >Finish, my exit code is: 0
20200106-001140<INFO :0xf7457700>: |shell cmd result is 0
20200106-001140<INFO :0xf7457700>: ExecShellCmd [./verify_up2date -op=vef -d="/home/server/gw/Relay" ] ret=0
20200106-001140<INFO :0xf7457700>: [verify_up2date] ok
20200106-001140<INFO :0xf7457700>: [Relay][Version:Nov 14 2014 15:55:12] Begin to start ... ...
20200106-001140<INFO :0xf7457700>: [KG_Relay] Set log level ... ... KGLOG_UPTO(KGLOG_DEBUG)
20200106-001140<INFO :0xf7457700>: [KG_Relay] Loading relay.ini
20200106-001140<INFO :0xf7457700>: Run without GMC!
20200106-001140<INFO :0xf7457700>: [KGD] Mysql info: client[5.1.69] host[Localhost via UNIX socket] server[5.5.64-MariaDB]
20200106-001140<DEBUG:0xf7457700>: [KGD] Success connect to localhost:3306, character set switch to latin1
20200106-001140<INFO :0xf7457700>: [KGD] Mysql info: client[5.1.69] host[Localhost via UNIX socket] server[5.5.64-MariaDB]
20200106-001140<DEBUG:0xf7457700>: [KGD] KGD_PROCESS_ERROR(nRetCode, KGD_ERROR_NOT_SUPPORT), at line 1467 in (0x0x9095b18)->_LoadTable()
20200106-001140<DEBUG:0xf7457700>: [KGD] (0x0x9095b18)->_LoadTable("fightteam")
20200106-001140<DEBUG:0xf7457700>: [KGD] KGD_PROCESS_ERROR(nRetCode, KGD_ERROR_NOT_SUPPORT), at line 1467 in (0x0x9095b18)->_LoadTable()
20200106-001140<DEBUG:0xf7457700>: [KGD] (0x0x9095b18)->_LoadTable("playerfightteam")
20200106-001140<DEBUG:0xf7457700>: [KGD] Success connect to localhost:3306, character set switch to latin1
20200106-001140<INFO :0xf7125b40>: [KGD] Mysql info: client[5.1.69] host[Localhost via UNIX socket] server[5.5.64-MariaDB]
20200106-001140<INFO :0xf7457700>: [KGD] Mysql info: client[5.1.69] host[Localhost via UNIX socket] server[5.5.64-MariaDB]
20200106-001140<DEBUG:0xf7125b40>: [KGD] KGD_PROCESS_ERROR(nRetCode, KGD_ERROR_NOT_SUPPORT), at line 1467 in (0x0xf6800470)->_LoadTable()
20200106-001140<DEBUG:0xf7125b40>: [KGD] (0x0xf6800470)->_LoadTable("fightteam")
20200106-001140<DEBUG:0xf7457700>: [KGD] KGD_PROCESS_ERROR(nRetCode, KGD_ERROR_NOT_SUPPORT), at line 1467 in (0x0x90c4550)->_LoadTable()
20200106-001140<DEBUG:0xf7457700>: [KGD] (0x0x90c4550)->_LoadTable("fightteam")
20200106-001140<DEBUG:0xf7125b40>: [KGD] KGD_PROCESS_ERROR(nRetCode, KGD_ERROR_NOT_SUPPORT), at line 1467 in (0x0xf6800470)->_LoadTable()
20200106-001140<DEBUG:0xf7125b40>: [KGD] (0x0xf6800470)->_LoadTable("playerfightteam")
20200106-001140<DEBUG:0xf7457700>: [KGD] KGD_PROCESS_ERROR(nRetCode, KGD_ERROR_NOT_SUPPORT), at line 1467 in (0x0x90c4550)->_LoadTable()
20200106-001140<DEBUG:0xf7457700>: [KGD] (0x0x90c4550)->_LoadTable("playerfightteam")
20200106-001140<DEBUG:0xf7125b40>: [KGD] Success connect to localhost:3306, character set switch to latin1
20200106-001140<DEBUG:0xf7457700>: [KGD] Success connect to localhost:3306, character set switch to latin1
20200106-001140<INFO :0xf67ffb40>: [KGD] Mysql info: client[5.1.69] host[Localhost via UNIX socket] server[5.5.64-MariaDB]
20200106-001140<INFO :0xf7457700>: [KGD] Mysql info: client[5.1.69] host[Localhost via UNIX socket] server[5.5.64-MariaDB]
20200106-001140<DEBUG:0xf67ffb40>: [KGD] KGD_PROCESS_ERROR(nRetCode, KGD_ERROR_NOT_SUPPORT), at line 1467 in (0x0xf5e00470)->_LoadTable()
20200106-001140<DEBUG:0xf67ffb40>: [KGD] (0x0xf5e00470)->_LoadTable("fightteam")
20200106-001140<DEBUG:0xf67ffb40>: [KGD] KGD_PROCESS_ERROR(nRetCode, KGD_ERROR_NOT_SUPPORT), at line 1467 in (0x0xf5e00470)->_LoadTable()
20200106-001140<DEBUG:0xf67ffb40>: [KGD] (0x0xf5e00470)->_LoadTable("playerfightteam")
20200106-001140<DEBUG:0xf67ffb40>: [KGD] Success connect to localhost:3306, character set switch to latin1
20200106-001140<DEBUG:0xf7457700>: [KGD] KGD_PROCESS_ERROR(nRetCode, KGD_ERROR_NOT_SUPPORT), at line 1467 in (0x0x90c3140)->_LoadTable()
20200106-001140<DEBUG:0xf7457700>: [KGD] (0x0x90c3140)->_LoadTable("fightteam")
20200106-001140<DEBUG:0xf7457700>: [KGD] KGD_PROCESS_ERROR(nRetCode, KGD_ERROR_NOT_SUPPORT), at line 1467 in (0x0x90c3140)->_LoadTable()
20200106-001140<DEBUG:0xf7457700>: [KGD] (0x0x90c3140)->_LoadTable("playerfightteam")
20200106-001140<DEBUG:0xf7457700>: [KGD] Success connect to localhost:3306, character set switch to latin1
20200106-001140<INFO :0xf7457700>: [KGD] Mysql info: client[5.1.69] host[Localhost via UNIX socket] server[5.5.64-MariaDB]
20200106-001140<INFO :0xf5dffb40>: [KGD] Mysql info: client[5.1.69] host[Localhost via UNIX socket] server[5.5.64-MariaDB]
20200106-001140<DEBUG:0xf7457700>: [KGD] KGD_PROCESS_ERROR(nRetCode, KGD_ERROR_NOT_SUPPORT), at line 1467 in (0x0x90d7700)->_LoadTable()
20200106-001140<DEBUG:0xf7457700>: [KGD] (0x0x90d7700)->_LoadTable("fightteam")
20200106-001140<DEBUG:0xf7457700>: [KGD] KGD_PROCESS_ERROR(nRetCode, KGD_ERROR_NOT_SUPPORT), at line 1467 in (0x0x90d7700)->_LoadTable()
20200106-001140<DEBUG:0xf7457700>: [KGD] (0x0x90d7700)->_LoadTable("playerfightteam")
20200106-001140<DEBUG:0xf7457700>: [KGD] Success connect to localhost:3306, character set switch to latin1
20200106-001140<DEBUG:0xf5dffb40>: [KGD] KGD_PROCESS_ERROR(nRetCode, KGD_ERROR_NOT_SUPPORT), at line 1467 in (0x0xf5400470)->_LoadTable()
20200106-001140<DEBUG:0xf5dffb40>: [KGD] (0x0xf5400470)->_LoadTable("fightteam")
20200106-001140<DEBUG:0xf5dffb40>: [KGD] KGD_PROCESS_ERROR(nRetCode, KGD_ERROR_NOT_SUPPORT), at line 1467 in (0x0xf5400470)->_LoadTable()
20200106-001140<DEBUG:0xf5dffb40>: [KGD] (0x0xf5400470)->_LoadTable("playerfightteam")
20200106-001140<DEBUG:0xf5dffb40>: [KGD] Success connect to localhost:3306, character set switch to latin1
20200106-001140<INFO :0xf53ffb40>: [KGD] Mysql info: client[5.1.69] host[Localhost via UNIX socket] server[5.5.64-MariaDB]
20200106-001140<INFO :0xf7457700>: [KGD] Mysql info: client[5.1.69] host[Localhost via UNIX socket] server[5.5.64-MariaDB]
20200106-001140<DEBUG:0xf7457700>: [KGD] KGD_PROCESS_ERROR(nRetCode, KGD_ERROR_NOT_SUPPORT), at line 1467 in (0x0x90fa720)->_LoadTable()
20200106-001140<DEBUG:0xf7457700>: [KGD] (0x0x90fa720)->_LoadTable("fightteam")
20200106-001140<DEBUG:0xf7457700>: [KGD] KGD_PROCESS_ERROR(nRetCode, KGD_ERROR_NOT_SUPPORT), at line 1467 in (0x0x90fa720)->_LoadTable()
20200106-001140<DEBUG:0xf7457700>: [KGD] (0x0x90fa720)->_LoadTable("playerfightteam")
20200106-001140<DEBUG:0xf7457700>: [KGD] Success connect to localhost:3306, character set switch to latin1
20200106-001140<DEBUG:0xf53ffb40>: [KGD] KGD_PROCESS_ERROR(nRetCode, KGD_ERROR_NOT_SUPPORT), at line 1467 in (0x0xf5407ac0)->_LoadTable()
20200106-001140<DEBUG:0xf53ffb40>: [KGD] (0x0xf5407ac0)->_LoadTable("fightteam")
20200106-001140<DEBUG:0xf53ffb40>: [KGD] KGD_PROCESS_ERROR(nRetCode, KGD_ERROR_NOT_SUPPORT), at line 1467 in (0x0xf5407ac0)->_LoadTable()
20200106-001140<DEBUG:0xf53ffb40>: [KGD] (0x0xf5407ac0)->_LoadTable("playerfightteam")
20200106-001140<INFO :0xf7457700>: [KGD] Mysql info: client[5.1.69] host[Localhost via UNIX socket] server[5.5.64-MariaDB]
20200106-001140<DEBUG:0xf53ffb40>: [KGD] Success connect to localhost:3306, character set switch to latin1
20200106-001140<DEBUG:0xf7457700>: [KGD] KGD_PROCESS_ERROR(nRetCode, KGD_ERROR_NOT_SUPPORT), at line 1467 in (0x0x91207d0)->_LoadTable()
20200106-001140<DEBUG:0xf7457700>: [KGD] (0x0x91207d0)->_LoadTable("fightteam")
20200106-001140<DEBUG:0xf7457700>: [KGD] KGD_PROCESS_ERROR(nRetCode, KGD_ERROR_NOT_SUPPORT), at line 1467 in (0x0x91207d0)->_LoadTable()
20200106-001140<DEBUG:0xf7457700>: [KGD] (0x0x91207d0)->_LoadTable("playerfightteam")
20200106-001140<DEBUG:0xf7457700>: [KGD] Success connect to localhost:3306, character set switch to latin1
20200106-001140<INFO :0xf4bfeb40>: [KGD] Mysql info: client[5.1.69] host[Localhost via UNIX socket] server[5.5.64-MariaDB]
20200106-001140<DEBUG:0xf4bfeb40>: [KGD] KGD_PROCESS_ERROR(nRetCode, KGD_ERROR_NOT_SUPPORT), at line 1467 in (0x0xf5e07ac0)->_LoadTable()
20200106-001140<DEBUG:0xf4bfeb40>: [KGD] (0x0xf5e07ac0)->_LoadTable("fightteam")
20200106-001140<DEBUG:0xf4bfeb40>: [KGD] KGD_PROCESS_ERROR(nRetCode, KGD_ERROR_NOT_SUPPORT), at line 1467 in (0x0xf5e07ac0)->_LoadTable()
20200106-001140<DEBUG:0xf4bfeb40>: [KGD] (0x0xf5e07ac0)->_LoadTable("playerfightteam")
20200106-001140<DEBUG:0xf4bfeb40>: [KGD] Success connect to localhost:3306, character set switch to latin1
20200106-001140<INFO :0xf7457700>: [KGD] Mysql info: client[5.1.69] host[Localhost via UNIX socket] server[5.5.64-MariaDB]
20200106-001140<DEBUG:0xf7457700>: [KGD] KGD_PROCESS_ERROR(nRetCode, KGD_ERROR_NOT_SUPPORT), at line 1467 in (0x0x92dfa60)->_LoadTable()
20200106-001140<DEBUG:0xf7457700>: [KGD] (0x0x92dfa60)->_LoadTable("fightteam")
20200106-001140<DEBUG:0xf7457700>: [KGD] KGD_PROCESS_ERROR(nRetCode, KGD_ERROR_NOT_SUPPORT), at line 1467 in (0x0x92dfa60)->_LoadTable()
20200106-001140<DEBUG:0xf7457700>: [KGD] (0x0x92dfa60)->_LoadTable("playerfightteam")
20200106-001140<DEBUG:0xf7457700>: [KGD] Success connect to localhost:3306, character set switch to latin1
20200106-001140<INFO :0xf7457700>: [MySQLDatabase] Connecting to `127.0.0.1`, database `jx2ib_database`...
20200106-001140<INFO :0xf7457700>: [MySQLDatabase] Connecting to `127.0.0.1`, database `jx2ib_database`...
20200106-001140<INFO :0xf7457700>: [RuntimeStat] ServerName=SONGLONG_GW FlushIntervalSec=300
20200106-001140<INFO :0xf7457700>: set runtime statistic result path is [runtime_stat_result/2020_01_06/stat_result_ksg_2020_01_06_@SONGLONG_GW.txt]
20200106-001140<DEBUG:0xf7457700>: [Tong_Operation] Update Tong Competition List Start...
20200106-001140<DEBUG:0xf7457700>: [Tong_Operation] Update Tong Competition List Step1.
20200106-001140<DEBUG:0xf7457700>: [Tong_Operation] Update Tong Competition List Step2.
20200106-001140<DEBUG:0xf7457700>: [Tong_Operation] Update Tong Competition List Step3.
20200106-001140<DEBUG:0xf7457700>: [Tong_Operation] Update Tong Competition List Finished.
20200106-001140<WARN :0xf7457700>: [RuntimeDataStatRelay] FlushStat: File=runtime_stat_result/2020_01_06/stat_result_ksg_2020_01_06_@SONGLONG_GW.txt Count=363
20200106-001140<WARN :0xf7457700>: [RuntimeDataStatRelay] FlushStat: File=runtime_stat_result/2020_01_06/stat_result_vng_2020-01-06_@SONGLONG_GW.txt Count=1
20200106-001156<INFO :0xf7457700>: New connection from 127.0.0.1:46277, index = 0
20200106-001156<DEBUG:0xf7457700>: Send log info to gs(100007f) when connect ret=1
20200106-001156<INFO :0xf7457700>: New connection from 127.0.0.1:56785, index = 0
20200106-001156<INFO :0xf7457700>: New connection from 127.0.0.1:37865, index = 0
20200106-001156<INFO :0xf7457700>: [verify_up2date] GetUp2dateVersion: code=8DA68FCD
20200106-001156<ERROR:0xf7457700>: [KG_RelayTongGameSvr] [Error Protocol] [Protocol=52]
20200106-001156<DEBUG:0xf7457700>: KGLOG_PROCESS_ERROR(false) at line 83 in ProcessMessage
20200106-001156<ERROR:0xf7457700>: [KG_RelayTongGameSvr] [Error Protocol] [Protocol=52]
20200106-001156<DEBUG:0xf7457700>: KGLOG_PROCESS_ERROR(false) at line 83 in ProcessMessage
20200106-001156<ERROR:0xf7457700>: [KG_RelayTongGameSvr] [Error Protocol] [Protocol=52]
20200106-001156<DEBUG:0xf7457700>: KGLOG_PROCESS_ERROR(false) at line 83 in ProcessMessage
20200106-001156<INFO :0xf7457700>: Proc0_GameSvrLogin
20200106-001156<INFO :0xf7457700>: [MAP_INDEX_INFO] Notify map count 276 for gs: 0100007F
20200106-001158<WARN :0xf7457700>: Router NOT connected
20200106-001324<DEBUG:0xf7457700>: [RelationMgr] SomeoneLogin("ThuongKawaii")
20200106-001324<DEBUG:0xf7457700>: [RelationMgr] SomeoneLoad("ThuongKawaii")
20200106-001324<DEBUG:0xf7457700>: [Relation Database] Load "ThuongKawaii"
20200106-001324<WARN :0xf7457700>: Router NOT connected
20200106-001426<DEBUG:0xf7457700>: [RelationMgr] SomeoneLogout("ThuongKawaii")
20200106-001516<DEBUG:0xf7457700>: [RelationMgr] SomeoneLogin("ThuongKawaii")
20200106-001517<WARN :0xf7457700>: Router NOT connected
20200106-001531<INFO :0xf7457700>: [Tong Creation] Tong LoLi Tea Create started.
20200106-001531<INFO :0xf7457700>: [Tong Creation] Tong LoLi Tea Create end successful.
20200106-001640<WARN :0xf7457700>: [RuntimeDataStatRelay] FlushStat: File=runtime_stat_result/2020_01_06/stat_result_ksg_2020_01_06_@SONGLONG_GW.txt Count=367
20200106-001640<WARN :0xf7457700>: [RuntimeDataStatRelay] FlushStat: File=runtime_stat_result/2020_01_06/stat_result_vng_2020-01-06_@SONGLONG_GW.txt Count=1
20200106-002140<WARN :0xf7457700>: [RuntimeDataStatRelay] FlushStat: File=runtime_stat_result/2020_01_06/stat_result_ksg_2020_01_06_@SONGLONG_GW.txt Count=369
20200106-002140<WARN :0xf7457700>: [RuntimeDataStatRelay] FlushStat: File=runtime_stat_result/2020_01_06/stat_result_vng_2020-01-06_@SONGLONG_GW.txt Count=1
20200106-003140<WARN :0xf7457700>: [RuntimeDataStatRelay] FlushStat: File=runtime_stat_result/2020_01_06/stat_result_ksg_2020_01_06_@SONGLONG_GW.txt Count=370
20200106-003140<WARN :0xf7457700>: [RuntimeDataStatRelay] FlushStat: File=runtime_stat_result/2020_01_06/stat_result_vng_2020-01-06_@SONGLONG_GW.txt Count=1
20200106-003640<WARN :0xf7457700>: [RuntimeDataStatRelay] FlushStat: File=runtime_stat_result/2020_01_06/stat_result_ksg_2020_01_06_@SONGLONG_GW.txt Count=371
20200106-003640<WARN :0xf7457700>: [RuntimeDataStatRelay] FlushStat: File=runtime_stat_result/2020_01_06/stat_result_vng_2020-01-06_@SONGLONG_GW.txt Count=1
20200106-003817<DEBUG:0xf7457700>: [RelationMgr] SomeoneLogout("ThuongKawaii")
20200106-003844<DEBUG:0xf7457700>: [RelationMgr] SomeoneLogin("ThuongKawaii")
20200106-003844<WARN :0xf7457700>: Router NOT connected
20200106-004140<WARN :0xf7457700>: [RuntimeDataStatRelay] FlushStat: File=runtime_stat_result/2020_01_06/stat_result_ksg_2020_01_06_@SONGLONG_GW.txt Count=371
20200106-004140<WARN :0xf7457700>: [RuntimeDataStatRelay] FlushStat: File=runtime_stat_result/2020_01_06/stat_result_vng_2020-01-06_@SONGLONG_GW.txt Count=1
20200106-004519<DEBUG:0xf7457700>: [RelationMgr] SomeoneLogout("ThuongKawaii")
20200106-004559<INFO :0xf7457700>: Connection lost: 1(127.0.0.1, 1)
20200106-004559<DEBUG:0xf7457700>: gs(100007f) crashed
20200106-004559<INFO :0xf7457700>: Connection lost: 1(127.0.0.1, 1)
20200106-004559<INFO :0xf7457700>: Connection lost: 1(127.0.0.1, 1)
20200106-004601<INFO :0xf7457700>: [Relay] Get quit signal!
20200106-004601<INFO :0xf7457700>: Relay stopping!
