ChangeLogFile: FirstWrite=1, CurrentLine=0/65536 LastTime=1900-1-0 0:0:0
20200105-080417<INFO :0xf742b700>: [KG_Goddess] Loading KG_Goddess.ini
20200105-080417<INFO :0xf742b700>: [verify_up2date]...
20200105-080417<INFO :0xf742b700>: >Current lang is [gb18030]
20200105-080417<INFO :0xf742b700>: >Welcome to use [verify_up2date](version: 2.3.4 [2018-02-25]) tool. 
20200105-080417<INFO :0xf742b700>: >Time duration: 12.234153ms 
20200105-080417<INFO :0xf742b700>: >
20200105-080417<INFO :0xf742b700>: >Finish, my exit code is: 0
20200105-080417<INFO :0xf742b700>: |shell cmd result is 0
20200105-080417<INFO :0xf742b700>: ExecShellCmd [./verify_up2date -op=vef -d="." ] ret=0
20200105-080417<INFO :0xf742b700>: [verify_up2date] ok
20200105-080417<INFO :0xf742b700>: [Goddess][Version:Aug 22 2014 15:43:09] Begin to start ... ...
20200105-080417<INFO :0xf742b700>: [KG_Goddess] Set log level ... ... KGLOG_UPTO(KGLOG_DEBUG)
20200105-080417<INFO :0xf742b700>: [KG_Goddess] Loaded KG_Angel, version 2.5
20200105-080417<INFO :0xf742b700>: [KG_Goddess] Initializing role database ...
20200105-080417<INFO :0xf742b700>: [KGD] Mysql info: client[5.1.69] host[Localhost via UNIX socket] server[5.5.64-MariaDB]
20200105-080417<DEBUG:0xf742b700>: [KGD] Success connect to localhost:3306, character set switch to latin1
20200105-080417<DEBUG:0xf742b700>: [KGD] KGD_PROCESS_ERROR(nRetCode, KGD_ERROR_NOT_SUPPORT), at line 1467 in (0x0x8acef68)->_LoadTable()
20200105-080417<DEBUG:0xf742b700>: [KGD] (0x0x8acef68)->_LoadTable("fightteam")
20200105-080417<DEBUG:0xf742b700>: [KGD] KGD_PROCESS_ERROR(nRetCode, KGD_ERROR_NOT_SUPPORT), at line 1467 in (0x0x8acef68)->_LoadTable()
20200105-080417<DEBUG:0xf742b700>: [KGD] (0x0x8acef68)->_LoadTable("playerfightteam")
20200105-080417<INFO :0xf742b700>: [KG_Goddess] Initializing role statistic ...
20200105-080417<INFO :0xf742b700>: [RoleStatistic] listen 127.0.0.1 : 6001 result=1
20200105-080417<INFO :0xf742b700>: [RoleStatistic] Listening at 127.0.0.1:6001
20200105-080417<INFO :0xf742b700>: [KG_Goddess] Initializing server manager ...
20200105-080417<INFO :0xf742b700>: [ServerManager] Listening at 127.0.0.1:5001
20200105-080417<INFO :0xf742b700>: [KG_Goddess] Started successful
20200105-080419<INFO :0xf679fb40>: [ServerManager] RemoteServer from (127.0.0.1:41772) connect ok
20200105-080419<INFO :0xf679fb40>: [ServerManager] Accept from (127.0.0.1:41772) SocketStream = 0xf5e00528
20200105-080419<INFO :0xf679fb40>: [[Group 1 Server 00]] Server 0 created ok!
20200105-080419<INFO :0xf5dffb40>: [Group 1 Server 00] Started, service for 127.0.0.1:41772
20200105-080419<INFO :0xf5dffb40>: [KGD] Mysql info: client[5.1.69] host[Localhost via UNIX socket] server[5.5.64-MariaDB]
20200105-080419<DEBUG:0xf5dffb40>: [KGD] KGD_PROCESS_ERROR(nRetCode, KGD_ERROR_NOT_SUPPORT), at line 1467 in (0x0xf5400470)->_LoadTable()
20200105-080419<DEBUG:0xf5dffb40>: [KGD] (0x0xf5400470)->_LoadTable("fightteam")
20200105-080419<DEBUG:0xf5dffb40>: [KGD] KGD_PROCESS_ERROR(nRetCode, KGD_ERROR_NOT_SUPPORT), at line 1467 in (0x0xf5400470)->_LoadTable()
20200105-080419<DEBUG:0xf5dffb40>: [KGD] (0x0xf5400470)->_LoadTable("playerfightteam")
20200105-080419<DEBUG:0xf5dffb40>: [KGD] Success connect to localhost:3306, character set switch to latin1
20200105-080433<INFO :0xf679fb40>: [ServerManager] RemoteServer from (127.0.0.1:47366) connect ok
20200105-080433<INFO :0xf679fb40>: [ServerManager] Accept from (127.0.0.1:47366) SocketStream = 0xf5e00a30
20200105-080433<INFO :0xf679fb40>: [[Group 1 Server 01]] Server 1 created ok!
20200105-080433<INFO :0xf53ffb40>: [Group 1 Server 01] Started, service for 127.0.0.1:47366
20200105-080433<INFO :0xf53ffb40>: [KGD] Mysql info: client[5.1.69] host[Localhost via UNIX socket] server[5.5.64-MariaDB]
20200105-080433<DEBUG:0xf53ffb40>: [KGD] KGD_PROCESS_ERROR(nRetCode, KGD_ERROR_NOT_SUPPORT), at line 1467 in (0x0xf4a00470)->_LoadTable()
20200105-080433<DEBUG:0xf53ffb40>: [KGD] (0x0xf4a00470)->_LoadTable("fightteam")
20200105-080433<DEBUG:0xf53ffb40>: [KGD] KGD_PROCESS_ERROR(nRetCode, KGD_ERROR_NOT_SUPPORT), at line 1467 in (0x0xf4a00470)->_LoadTable()
20200105-080433<DEBUG:0xf53ffb40>: [KGD] (0x0xf4a00470)->_LoadTable("playerfightteam")
20200105-080433<DEBUG:0xf53ffb40>: [KGD] Success connect to localhost:3306, character set switch to latin1
20200105-080433<INFO :0xf53ffb40>: [verify_up2date] GetUp2dateVersion: code=8DA68FCD
20200105-080433<DEBUG:0xf53ffb40>: [Group 1 Server 01] Enter _query_statistic_info()
20200105-080433<DEBUG:0xf53ffb40>: KGLOG_PROCESS_ERROR(piStatistic) at line 2088 in _query_statistic_info
20200105-080433<DEBUG:0xf53ffb40>: [Group 1 Server 01] Leave _query_statistic_info() size =0 ret=0
20200105-080438<DEBUG:0xf5dffb40>: [Group 1 Server 00] Enter _ping(time=352915)
20200105-080459<DEBUG:0xf5dffb40>: [Group 1 Server 00] Enter _ping(time=372926)
20200105-080503<DEBUG:0xf53ffb40>: [Group 1 Server 01] Enter _ping(time=377464)
20200105-080519<DEBUG:0xf5dffb40>: [Group 1 Server 00] Enter _ping(time=392931)
20200105-080533<DEBUG:0xf53ffb40>: [Group 1 Server 01] Enter _ping(time=407472)
20200105-080536<INFO :0xf5dffb40>: [Group 1 Server 00] Query roles list of account "thuong3"
20200105-080536<DEBUG:0xf5dffb40>: [Group 1 Server 00] Leave _query_role_list(thuong3) uRoleCount=1 nResult=1
20200105-080556<DEBUG:0xf5dffb40>: [Group 1 Server 00] Enter _ping(time=429978)
20200105-080559<INFO :0xf5dffb40>: [Group 1 Server 00] Get role "TungTra" nResult=1
20200105-080601<DEBUG:0xf53ffb40>: [ServerManager] Role "TungTra" locked by Server 01
20200105-080601<DEBUG:0xf53ffb40>: [Group 1 Server 01] Leave _lock_or_unlock_role(Role=TungTra, Lock=1) nResult=1
20200105-080619<DEBUG:0xf5dffb40>: [Group 1 Server 00] Enter _ping(time=452925)
20200105-080631<DEBUG:0xf53ffb40>: [Group 1 Server 01] Enter _ping(time=464858)
20200105-080639<DEBUG:0xf5dffb40>: [Group 1 Server 00] Enter _ping(time=472964)
20200105-080646<INFO :0xf5dffb40>: [Group 1 Server 00] Query roles list of account "thuong"
20200105-080646<DEBUG:0xf5dffb40>: [Group 1 Server 00] Leave _query_role_list(thuong) uRoleCount=3 nResult=1
20200105-080701<DEBUG:0xf53ffb40>: [Group 1 Server 01] Enter _ping(time=494891)
20200105-080706<DEBUG:0xf5dffb40>: [Group 1 Server 00] Enter _ping(time=499344)
20200105-080716<INFO :0xf53ffb40>: [Group 1 Server 01] Save role end [thuong3].[TungTra], LeaveFlag = 0 nResult=1
20200105-080721<INFO :0xf5dffb40>: [Group 1 Server 00] Get role "EopiThuong" nResult=1
20200105-080723<DEBUG:0xf53ffb40>: [ServerManager] Role "EopiThuong" locked by Server 01
20200105-080723<DEBUG:0xf53ffb40>: [Group 1 Server 01] Leave _lock_or_unlock_role(Role=EopiThuong, Lock=1) nResult=1
20200105-080741<DEBUG:0xf5dffb40>: [Group 1 Server 00] Enter _ping(time=534996)
20200105-080753<DEBUG:0xf53ffb40>: [Group 1 Server 01] Enter _ping(time=546488)
20200105-080801<DEBUG:0xf5dffb40>: [Group 1 Server 00] Enter _ping(time=555017)
20200105-080821<DEBUG:0xf5dffb40>: [Group 1 Server 00] Enter _ping(time=575054)
20200105-080823<DEBUG:0xf53ffb40>: [Group 1 Server 01] Enter _ping(time=576472)
20200105-080835<INFO :0xf53ffb40>: [Group 1 Server 01] Save role end [thuong].[EopiThuong], LeaveFlag = 0 nResult=1
20200105-080835<INFO :0xf53ffb40>: [Group 1 Server 01] Save role end [thuong].[EopiThuong], LeaveFlag = 0 nResult=1
20200105-080836<INFO :0xf53ffb40>: [Group 1 Server 01] Save role end [thuong].[EopiThuong], LeaveFlag = 0 nResult=1
20200105-080836<INFO :0xf53ffb40>: [Group 1 Server 01] Save role end [thuong].[EopiThuong], LeaveFlag = 0 nResult=1
20200105-080836<INFO :0xf53ffb40>: [Group 1 Server 01] Save role end [thuong].[EopiThuong], LeaveFlag = 0 nResult=1
20200105-080837<INFO :0xf53ffb40>: [Group 1 Server 01] Save role end [thuong].[EopiThuong], LeaveFlag = 0 nResult=1
20200105-080841<DEBUG:0xf5dffb40>: [Group 1 Server 00] Enter _ping(time=595056)
20200105-080901<DEBUG:0xf5dffb40>: [Group 1 Server 00] Enter _ping(time=615096)
20200105-080907<DEBUG:0xf53ffb40>: [Group 1 Server 01] Enter _ping(time=620305)
20200105-080921<DEBUG:0xf5dffb40>: [Group 1 Server 00] Enter _ping(time=635102)
20200105-080937<INFO :0xf53ffb40>: [Group 1 Server 01] Save role end [thuong3].[TungTra], LeaveFlag = 0 nResult=1
20200105-080941<DEBUG:0xf5dffb40>: [Group 1 Server 00] Enter _ping(time=655124)
20200105-081001<DEBUG:0xf5dffb40>: [Group 1 Server 00] Enter _ping(time=675145)
20200105-081007<DEBUG:0xf53ffb40>: [Group 1 Server 01] Enter _ping(time=680398)
20200105-081013<DEBUG:0xf53ffb40>: [ServerManager] Role "EopiThuong" unlocked by Server 1
20200105-081013<INFO :0xf53ffb40>: [Group 1 Server 01] Save role end [thuong].[EopiThuong], LeaveFlag = 1 nResult=1
20200105-081019<DEBUG:0xf53ffb40>: [ServerManager] Role "TungTra" unlocked by Server 1
20200105-081019<INFO :0xf53ffb40>: [Group 1 Server 01] Save role end [thuong3].[TungTra], LeaveFlag = 1 nResult=1
20200105-081021<DEBUG:0xf5dffb40>: [Group 1 Server 00] Enter _ping(time=695184)
20200105-081031<DEBUG:0xf53ffb40>: KGLOG_PROCESS_ERROR(nRetCode && "Receive packet failed") at line 978 in ProcessRequest
20200105-081031<ERROR:0xf53ffb40>: [Group 1 Server 01] Connection with 127.0.0.1 have been disconnected, wait for being reconnectted!
20200105-081031<WARN :0xf53ffb40>: [[Group 1 Server 01]] RemoteServer 127.0.0.1:47366 crashed
20200105-081031<INFO :0xf53ffb40>: [ServerManager] Server 1 will stop, unlock all role [count=0] 
