ChangeLogFile: FirstWrite=1, CurrentLine=0/65536 LastTime=1900-1-0 0:0:0
20200105-092851<INFO :0xf7422700>: [KG_Goddess] Loading KG_Goddess.ini
20200105-092851<INFO :0xf7422700>: [verify_up2date]...
20200105-092851<INFO :0xf7422700>: >Current lang is [gb18030]
20200105-092851<INFO :0xf7422700>: >Welcome to use [verify_up2date](version: 2.3.4 [2018-02-25]) tool. 
20200105-092851<INFO :0xf7422700>: >Time duration: 19.758741ms 
20200105-092851<INFO :0xf7422700>: >
20200105-092851<INFO :0xf7422700>: >Finish, my exit code is: 0
20200105-092851<INFO :0xf7422700>: |shell cmd result is 0
20200105-092851<INFO :0xf7422700>: ExecShellCmd [./verify_up2date -op=vef -d="." ] ret=0
20200105-092851<INFO :0xf7422700>: [verify_up2date] ok
20200105-092851<INFO :0xf7422700>: [Goddess][Version:Aug 22 2014 15:43:09] Begin to start ... ...
20200105-092851<INFO :0xf7422700>: [KG_Goddess] Set log level ... ... KGLOG_UPTO(KGLOG_DEBUG)
20200105-092851<INFO :0xf7422700>: [KG_Goddess] Loaded KG_Angel, version 2.5
20200105-092851<INFO :0xf7422700>: [KG_Goddess] Initializing role database ...
20200105-092851<INFO :0xf7422700>: [KGD] Mysql info: client[5.1.69] host[Localhost via UNIX socket] server[5.5.64-MariaDB]
20200105-092851<DEBUG:0xf7422700>: [KGD] Success connect to localhost:3306, character set switch to latin1
20200105-092851<DEBUG:0xf7422700>: [KGD] KGD_PROCESS_ERROR(nRetCode, KGD_ERROR_NOT_SUPPORT), at line 1467 in (0x0x84e5f68)->_LoadTable()
20200105-092851<DEBUG:0xf7422700>: [KGD] (0x0x84e5f68)->_LoadTable("fightteam")
20200105-092851<DEBUG:0xf7422700>: [KGD] KGD_PROCESS_ERROR(nRetCode, KGD_ERROR_NOT_SUPPORT), at line 1467 in (0x0x84e5f68)->_LoadTable()
20200105-092851<DEBUG:0xf7422700>: [KGD] (0x0x84e5f68)->_LoadTable("playerfightteam")
20200105-092851<INFO :0xf7422700>: [KG_Goddess] Initializing role statistic ...
20200105-092851<INFO :0xf7422700>: [RoleStatistic] listen 127.0.0.1 : 6001 result=1
20200105-092851<INFO :0xf7422700>: [RoleStatistic] Listening at 127.0.0.1:6001
20200105-092851<INFO :0xf7422700>: [KG_Goddess] Initializing server manager ...
20200105-092851<INFO :0xf7422700>: [ServerManager] Listening at 127.0.0.1:5001
20200105-092851<INFO :0xf7422700>: [KG_Goddess] Started successful
20200105-092854<INFO :0xf6796b40>: [ServerManager] RemoteServer from (127.0.0.1:37838) connect ok
20200105-092854<INFO :0xf6796b40>: [ServerManager] Accept from (127.0.0.1:37838) SocketStream = 0xf5e00528
20200105-092854<INFO :0xf6796b40>: [[Group 1 Server 00]] Server 0 created ok!
20200105-092854<INFO :0xf5dffb40>: [Group 1 Server 00] Started, service for 127.0.0.1:37838
20200105-092854<INFO :0xf5dffb40>: [KGD] Mysql info: client[5.1.69] host[Localhost via UNIX socket] server[5.5.64-MariaDB]
20200105-092854<DEBUG:0xf5dffb40>: [KGD] KGD_PROCESS_ERROR(nRetCode, KGD_ERROR_NOT_SUPPORT), at line 1467 in (0x0xf5400470)->_LoadTable()
20200105-092854<DEBUG:0xf5dffb40>: [KGD] (0x0xf5400470)->_LoadTable("fightteam")
20200105-092854<DEBUG:0xf5dffb40>: [KGD] KGD_PROCESS_ERROR(nRetCode, KGD_ERROR_NOT_SUPPORT), at line 1467 in (0x0xf5400470)->_LoadTable()
20200105-092854<DEBUG:0xf5dffb40>: [KGD] (0x0xf5400470)->_LoadTable("playerfightteam")
20200105-092854<DEBUG:0xf5dffb40>: [KGD] Success connect to localhost:3306, character set switch to latin1
20200105-092904<INFO :0xf6796b40>: [ServerManager] RemoteServer from (127.0.0.1:60190) connect ok
20200105-092904<INFO :0xf6796b40>: [ServerManager] Accept from (127.0.0.1:60190) SocketStream = 0xf5e00a30
20200105-092904<INFO :0xf6796b40>: [[Group 1 Server 01]] Server 1 created ok!
20200105-092904<INFO :0xf53ffb40>: [Group 1 Server 01] Started, service for 127.0.0.1:60190
20200105-092904<INFO :0xf53ffb40>: [KGD] Mysql info: client[5.1.69] host[Localhost via UNIX socket] server[5.5.64-MariaDB]
20200105-092904<DEBUG:0xf53ffb40>: [KGD] KGD_PROCESS_ERROR(nRetCode, KGD_ERROR_NOT_SUPPORT), at line 1467 in (0x0xf4a00470)->_LoadTable()
20200105-092904<DEBUG:0xf53ffb40>: [KGD] (0x0xf4a00470)->_LoadTable("fightteam")
20200105-092904<DEBUG:0xf53ffb40>: [KGD] KGD_PROCESS_ERROR(nRetCode, KGD_ERROR_NOT_SUPPORT), at line 1467 in (0x0xf4a00470)->_LoadTable()
20200105-092904<DEBUG:0xf53ffb40>: [KGD] (0x0xf4a00470)->_LoadTable("playerfightteam")
20200105-092904<DEBUG:0xf53ffb40>: [KGD] Success connect to localhost:3306, character set switch to latin1
20200105-092904<INFO :0xf53ffb40>: [verify_up2date] GetUp2dateVersion: code=8DA68FCD
20200105-092904<DEBUG:0xf53ffb40>: [Group 1 Server 01] Enter _query_statistic_info()
20200105-092904<DEBUG:0xf53ffb40>: KGLOG_PROCESS_ERROR(piStatistic) at line 2088 in _query_statistic_info
20200105-092904<DEBUG:0xf53ffb40>: [Group 1 Server 01] Leave _query_statistic_info() size =0 ret=0
20200105-092913<DEBUG:0xf5dffb40>: [Group 1 Server 00] Enter _ping(time=5427395)
20200105-092933<DEBUG:0xf5dffb40>: [Group 1 Server 00] Enter _ping(time=5447429)
20200105-092934<DEBUG:0xf53ffb40>: [Group 1 Server 01] Enter _ping(time=5448617)
20200105-092953<DEBUG:0xf5dffb40>: [Group 1 Server 00] Enter _ping(time=5467469)
20200105-093004<DEBUG:0xf53ffb40>: [Group 1 Server 01] Enter _ping(time=5478671)
20200105-093013<DEBUG:0xf5dffb40>: [Group 1 Server 00] Enter _ping(time=5487490)
20200105-093016<INFO :0xf5dffb40>: [Group 1 Server 00] Query roles list of account "tinykidpro"
20200105-093016<DEBUG:0xf5dffb40>: [Group 1 Server 00] Leave _query_role_list(tinykidpro) uRoleCount=0 nResult=1
20200105-093034<DEBUG:0xf53ffb40>: [Group 1 Server 01] Enter _ping(time=5508729)
20200105-093036<DEBUG:0xf5dffb40>: [Group 1 Server 00] Enter _ping(time=5510193)
20200105-093043<INFO :0xf5dffb40>: [Group 1 Server 00] { tinykidpro } Create role "demooooooooo"
20200105-093043<DEBUG:0xf5dffb40>: [Group 1 Server 00] Leave _create_role(tinykidpro.demooooooooo) nResult=1
20200105-093047<DEBUG:0xf53ffb40>: [ServerManager] Role "demooooooooo" locked by Server 01
20200105-093047<DEBUG:0xf53ffb40>: [Group 1 Server 01] Leave _lock_or_unlock_role(Role=demooooooooo, Lock=1) nResult=1
20200105-093103<DEBUG:0xf5dffb40>: [Group 1 Server 00] Enter _ping(time=5537737)
20200105-093117<DEBUG:0xf53ffb40>: [Group 1 Server 01] Enter _ping(time=5550954)
20200105-093123<DEBUG:0xf5dffb40>: [Group 1 Server 00] Enter _ping(time=5557735)
20200105-093143<DEBUG:0xf5dffb40>: [Group 1 Server 00] Enter _ping(time=5577776)
20200105-093147<DEBUG:0xf53ffb40>: [Group 1 Server 01] Enter _ping(time=5581026)
20200105-093203<DEBUG:0xf5dffb40>: [Group 1 Server 00] Enter _ping(time=5597800)
20200105-093217<DEBUG:0xf53ffb40>: [Group 1 Server 01] Enter _ping(time=5611061)
20200105-093224<DEBUG:0xf5dffb40>: [Group 1 Server 00] Enter _ping(time=5617842)
20200105-093244<DEBUG:0xf5dffb40>: [Group 1 Server 00] Enter _ping(time=5637858)
20200105-093247<DEBUG:0xf53ffb40>: [Group 1 Server 01] Enter _ping(time=5641114)
20200105-093304<DEBUG:0xf5dffb40>: [Group 1 Server 00] Enter _ping(time=5657909)
20200105-093307<DEBUG:0xf53ffb40>: [ServerManager] Role "demooooooooo" unlocked by Server 1
20200105-093307<INFO :0xf53ffb40>: [Group 1 Server 01] Save role end [tinykidpro].[demooooooooo], LeaveFlag = 1 nResult=1
20200105-093310<INFO :0xf5dffb40>: [Group 1 Server 00] Query roles list of account "tinykidpro"
20200105-093310<DEBUG:0xf5dffb40>: [Group 1 Server 00] Leave _query_role_list(tinykidpro) uRoleCount=1 nResult=1
20200105-093330<DEBUG:0xf5dffb40>: [Group 1 Server 00] Enter _ping(time=5684026)
20200105-093336<INFO :0xf5dffb40>: [Group 1 Server 00] { tinykidpro } Create role "asdasdasdasd"
20200105-093336<DEBUG:0xf5dffb40>: [Group 1 Server 00] Leave _create_role(tinykidpro.asdasdasdasd) nResult=1
20200105-093337<DEBUG:0xf53ffb40>: [Group 1 Server 01] Enter _ping(time=5691503)
20200105-093337<DEBUG:0xf53ffb40>: [ServerManager] Role "asdasdasdasd" locked by Server 01
20200105-093337<DEBUG:0xf53ffb40>: [Group 1 Server 01] Leave _lock_or_unlock_role(Role=asdasdasdasd, Lock=1) nResult=1
20200105-093356<DEBUG:0xf5dffb40>: [Group 1 Server 00] Enter _ping(time=5710186)
20200105-093407<DEBUG:0xf53ffb40>: [Group 1 Server 01] Enter _ping(time=5721723)
20200105-093416<DEBUG:0xf5dffb40>: [Group 1 Server 00] Enter _ping(time=5730231)
20200105-093436<DEBUG:0xf5dffb40>: [Group 1 Server 00] Enter _ping(time=5750263)
20200105-093437<DEBUG:0xf53ffb40>: [Group 1 Server 01] Enter _ping(time=5751785)
20200105-093456<DEBUG:0xf5dffb40>: [Group 1 Server 00] Enter _ping(time=5770306)
20200105-093508<DEBUG:0xf53ffb40>: [Group 1 Server 01] Enter _ping(time=5781837)
20200105-093516<DEBUG:0xf5dffb40>: [Group 1 Server 00] Enter _ping(time=5790321)
20200105-093536<DEBUG:0xf5dffb40>: [Group 1 Server 00] Enter _ping(time=5810324)
20200105-093538<DEBUG:0xf53ffb40>: [Group 1 Server 01] Enter _ping(time=5811896)
20200105-093556<DEBUG:0xf5dffb40>: [Group 1 Server 00] Enter _ping(time=5830376)
20200105-093608<DEBUG:0xf53ffb40>: [Group 1 Server 01] Enter _ping(time=5841948)
20200105-093616<DEBUG:0xf5dffb40>: [Group 1 Server 00] Enter _ping(time=5850385)
20200105-093636<DEBUG:0xf5dffb40>: [Group 1 Server 00] Enter _ping(time=5870404)
20200105-093638<DEBUG:0xf53ffb40>: [Group 1 Server 01] Enter _ping(time=5871998)
20200105-093656<DEBUG:0xf5dffb40>: [Group 1 Server 00] Enter _ping(time=5890434)
20200105-093708<DEBUG:0xf53ffb40>: [Group 1 Server 01] Enter _ping(time=5902057)
20200105-093716<DEBUG:0xf5dffb40>: [Group 1 Server 00] Enter _ping(time=5910457)
20200105-093736<DEBUG:0xf5dffb40>: [Group 1 Server 00] Enter _ping(time=5930484)
20200105-093738<DEBUG:0xf53ffb40>: [Group 1 Server 01] Enter _ping(time=5931959)
20200105-093743<DEBUG:0xf53ffb40>: [ServerManager] Role "asdasdasdasd" unlocked by Server 1
20200105-093743<INFO :0xf53ffb40>: [Group 1 Server 01] Save role end [tinykidpro].[asdasdasdasd], LeaveFlag = 1 nResult=1
20200105-093756<DEBUG:0xf5dffb40>: [Group 1 Server 00] Enter _ping(time=5950485)
20200105-093813<DEBUG:0xf53ffb40>: [Group 1 Server 01] Enter _ping(time=5966607)
20200105-093817<DEBUG:0xf5dffb40>: [Group 1 Server 00] Enter _ping(time=5970497)
20200105-093837<DEBUG:0xf5dffb40>: [Group 1 Server 00] Enter _ping(time=5990538)
20200105-093843<DEBUG:0xf53ffb40>: [Group 1 Server 01] Enter _ping(time=5996604)
20200105-093857<DEBUG:0xf5dffb40>: [Group 1 Server 00] Enter _ping(time=6010579)
20200105-093909<DEBUG:0xf53ffb40>: KGLOG_PROCESS_ERROR(nRetCode && "Receive packet failed") at line 978 in ProcessRequest
20200105-093909<ERROR:0xf53ffb40>: [Group 1 Server 01] Connection with 127.0.0.1 have been disconnected, wait for being reconnectted!
20200105-093909<WARN :0xf53ffb40>: [[Group 1 Server 01]] RemoteServer 127.0.0.1:60190 crashed
20200105-093909<INFO :0xf53ffb40>: [ServerManager] Server 1 will stop, unlock all role [count=0] 
