2019.09.28 18:00:42
§ang log ng­êi ch¬i cã ng©n l­îng trªn 1000 v¹n
XuÊt d÷ liÖu hoµn tÊt

===========================================================
Thèng kª d÷ liÖu
Tæng sè ng­êi:21	FreezedPlayerCount: 0
V« m«n ph¸i  Sè ng­êi:	21
ThiÕu L©m ch­a b¸i s­Sè ng­êi:	0
ThiÕu L©m tôc gia  Sè ng­êi:	0
ThiÕu L©m thiÒn t¨ng  Sè ng­êi:	0
ThiÕu L©m vâ t¨ng  Sè ng­êi:	0
§­êng M«n ch­a b¸i s­Sè ng­êi:	0
§­êng M«n phæ th«ng  Sè ng­êi:	0
Nga My ch­a b¸i s­Sè ng­êi:	0
Nga My xuÊt gia  Sè ng­êi:	0
Nga My tôc gia  Sè ng­êi:	0
C¸i Bang ch­a b¸i s­Sè ng­êi:	0
C¸i Bang TÜnh y  Sè ng­êi:	0
C¸i Bang ¤ Y  Sè ng­êi:	0
Vâ §ang ch­a b¸i s­Sè ng­êi:	0
Vâ §ang ®¹o gia  Sè ng­êi:	0
Vâ §ang tôc gia  Sè ng­êi:	0
D­¬ng M«n ch­a b¸i s­Sè ng­êi:	0
D­¬ng M«n th­¬ng Kþ  Sè ng­êi:	0
D­¬ng M«n Cung Kþ  Sè ng­êi:	0
Ngò §éc      Sè ng­êi:	0
HiÖp §éc  Sè ng­êi:	0
Tµ §éc  Sè ng­êi:	0
C«n L«n ch­a b¸i s­Sè ng­êi:	0
C«n L«n Thiªn S­  Sè ng­êi:	0
Minh Gi¸o ch­a b¸i s­Sè ng­êi:	0
Minh Gi¸o Th¸nh ChiÕn  Sè ng­êi:	0
Minh Gi¸o TrËn Binh  Sè ng­êi:	0
Minh Gi¸o HuyÕt Nh©n  Sè ng­êi:	0
Thóy Yªn ch­a b¸i s­Sè ng­êi:	0
Thóy Yªn Vò Tiªn  Sè ng­êi:	0
Thóy Yªn Linh N÷  Sè ng­êi:	0
------------------------------------------------
Tæng sè tiÒn:0 Tæng sè tiÓu ng©n phiÕu cò: 0 Tæng sè ®¹i ng©n phiÕu cò0 Tæng sè Ng©n phiÕu nhá míi:0 Tæng sè Ng©n phiÕu lín míi:0 Tæng sè Ng©n phiÕu nhá dÞ th­êng:0 Tæng sè Ng©n phiÕu lín dÞ th­êng:0
V« m«n ph¸i  Sè tiÒn:	0
ThiÕu L©m ch­a b¸i s­Sè tiÒn:	0
ThiÕu L©m tôc gia  Sè tiÒn:	0
ThiÕu L©m thiÒn t¨ng  Sè tiÒn:	0
ThiÕu L©m vâ t¨ng  Sè tiÒn:	0
§­êng M«n ch­a b¸i s­Sè tiÒn:	0
§­êng M«n phæ th«ng  Sè tiÒn:	0
Nga My ch­a b¸i s­Sè tiÒn:	0
Nga My xuÊt gia  Sè tiÒn:	0
Nga My tôc gia  Sè tiÒn:	0
C¸i Bang ch­a b¸i s­Sè tiÒn:	0
C¸i Bang TÜnh y  Sè tiÒn:	0
C¸i Bang ¤ Y  Sè tiÒn:	0
Vâ §ang ch­a b¸i s­Sè tiÒn:	0
Vâ §ang ®¹o gia  Sè tiÒn:	0
Vâ §ang tôc gia  Sè tiÒn:	0
D­¬ng M«n ch­a b¸i s­Sè tiÒn:	0
D­¬ng M«n th­¬ng Kþ  Sè tiÒn:	0
D­¬ng M«n Cung Kþ  Sè tiÒn:	0
Ngò §éc      Sè tiÒn:	0
HiÖp §éc  Sè tiÒn:	0
Tµ §éc  Sè tiÒn:	0
C«n L«n ch­a b¸i s­Sè tiÒn:	0
C«n L«n Thiªn S­  Sè tiÒn:	0
Minh Gi¸o ch­a b¸i s­Sè tiÒn:	0
Minh Gi¸o Th¸nh ChiÕn  Sè tiÒn:	0
Minh Gi¸o TrËn Binh  Sè tiÒn:	0
Minh Gi¸o HuyÕt Nh©n  Sè tiÒn:	0
Thóy Yªn ch­a b¸i s­Sè tiÒn:	0
Thóy Yªn Vò Tiªn  Sè tiÒn:	0
Thóy Yªn Linh N÷  Sè tiÒn:	0
------------------------------------------------
Ph©n bè cÊp ®é nh©n vËt
1(cÊp) Sè ng­êi:	21

===========================================================
H¹ng:
--------------Money--------------
--------------Level--------------
1	AAQUANDA	0	1	1
2	B·oT¸p	0	1	1
3	HµHiÖp	0	1	1
4	iHPbankai	0	1	1
5	iHPshikai	0	1	1
6	iL·oPhËtGia	0	1	1
7	IzCËuBÐTÝHon	0	1	1
8	JustpastNo1	0	1	1
9	Jx2GÊuL­uManh	0	1	1
10	Jx2TlqLumiaPT	0	1	1
--------------Repute--------------
--------------Honor--------------
-----------Dragon boat point-------
-----------Dragon boat time-------
Thø h¹ng phó hé 0 Tû lÖ c¸c m«n ph¸i mµ ng­êi ch¬i gia nhËp
V« m«n ph¸i	(0/0)	-nan%
ThiÕu L©m	(0/0)	-nan%
Vâ §ang	(0/0)	-nan%
Nga My	(0/0)	-nan%
C¸i Bang	(0/0)	-nan%
§­êng M«n	(0/0)	-nan%
Thiªn Ba Phñ	(0/0)	-nan%
Ngò §éc Gi¸o	(0/0)	-nan%
C«n L«n Ph¸i	(0/0)	-nan%
Minh gi¸o	(0/0)	-nan%
Thóy Yªn M«n	(0/0)	-nan%
Ngoµi thµnh	(0/0)	-nan%
Thø h¹ng ®¼ng cÊp 21 Tû lÖ c¸c m«n ph¸i mµ ng­êi ch¬i gia nhËp
V« m«n ph¸i	(21/21)	100.0%
ThiÕu L©m	(0/21)	0.0%
Vâ §ang	(0/21)	0.0%
Nga My	(0/21)	0.0%
C¸i Bang	(0/21)	0.0%
§­êng M«n	(0/21)	0.0%
Thiªn Ba Phñ	(0/21)	0.0%
Ngò §éc Gi¸o	(0/21)	0.0%
C«n L«n Ph¸i	(0/21)	0.0%
Minh gi¸o	(0/21)	0.0%
Thóy Yªn M«n	(0/21)	0.0%
Ngoµi thµnh	(0/21)	0.0%
Thèng kª kÕt thóc, thêi gian:2019.09.28 18:00:42


===========================================================
Ph©n bè tr­êng ph¸i ®¼ng cÊp
	V« m«n ph¸i  	ThiÕu L©m ch­a b¸i s­	ThiÕu L©m tôc gia  	ThiÕu L©m thiÒn t¨ng  	ThiÕu L©m vâ t¨ng  	§­êng M«n ch­a b¸i s­	§­êng M«n phæ th«ng  	Nga My ch­a b¸i s­	Nga My xuÊt gia  	Nga My tôc gia  	C¸i Bang ch­a b¸i s­	C¸i Bang TÜnh y  	C¸i Bang ¤ Y  	Vâ §ang ch­a b¸i s­	Vâ §ang ®¹o gia  	Vâ §ang tôc gia  	D­¬ng M«n ch­a b¸i s­	D­¬ng M«n th­¬ng Kþ  	D­¬ng M«n Cung Kþ  	Ngò §éc      	HiÖp §éc  	Tµ §éc  	C«n L«n ch­a b¸i s­	C«n L«n Thiªn S­  	Minh Gi¸o ch­a b¸i s­	Minh Gi¸o Th¸nh ChiÕn  	Minh Gi¸o TrËn Binh  	Minh Gi¸o HuyÕt Nh©n  	Thóy Yªn ch­a b¸i s­	Thóy Yªn Vò Tiªn  	Thóy Yªn Linh N÷  
 1	[21]	[0]	[0]	[0]	[0]	[0]	[0]	[0]	[0]	[0]	[0]	[0]	[0]	[0]	[0]	[0]	[0]	[0]	[0]	[0]	[0]	[0]	[0]	[0]	[0]	[0]	[0]	[0]	[0]	[0]	[0]
Total: 21


Ph©n bè ®¨ng nhËp
	V« m«n ph¸i  	ThiÕu L©m ch­a b¸i s­	ThiÕu L©m tôc gia  	ThiÕu L©m thiÒn t¨ng  	ThiÕu L©m vâ t¨ng  	§­êng M«n ch­a b¸i s­	§­êng M«n phæ th«ng  	Nga My ch­a b¸i s­	Nga My xuÊt gia  	Nga My tôc gia  	C¸i Bang ch­a b¸i s­	C¸i Bang TÜnh y  	C¸i Bang ¤ Y  	Vâ §ang ch­a b¸i s­	Vâ §ang ®¹o gia  	Vâ §ang tôc gia  	D­¬ng M«n ch­a b¸i s­	D­¬ng M«n th­¬ng Kþ  	D­¬ng M«n Cung Kþ  	Ngò §éc      	HiÖp §éc  	Tµ §éc  	C«n L«n ch­a b¸i s­	C«n L«n Thiªn S­  	Minh Gi¸o ch­a b¸i s­	Minh Gi¸o Th¸nh ChiÕn  	Minh Gi¸o TrËn Binh  	Minh Gi¸o HuyÕt Nh©n  	Thóy Yªn ch­a b¸i s­	Thóy Yªn Vò Tiªn  	Thóy Yªn Linh N÷  
Total: 0


Ph©n bè ®¨ng nhËp lÇn ®Çu
	V« m«n ph¸i  	ThiÕu L©m ch­a b¸i s­	ThiÕu L©m tôc gia  	ThiÕu L©m thiÒn t¨ng  	ThiÕu L©m vâ t¨ng  	§­êng M«n ch­a b¸i s­	§­êng M«n phæ th«ng  	Nga My ch­a b¸i s­	Nga My xuÊt gia  	Nga My tôc gia  	C¸i Bang ch­a b¸i s­	C¸i Bang TÜnh y  	C¸i Bang ¤ Y  	Vâ §ang ch­a b¸i s­	Vâ §ang ®¹o gia  	Vâ §ang tôc gia  	D­¬ng M«n ch­a b¸i s­	D­¬ng M«n th­¬ng Kþ  	D­¬ng M«n Cung Kþ  	Ngò §éc      	HiÖp §éc  	Tµ §éc  	C«n L«n ch­a b¸i s­	C«n L«n Thiªn S­  	Minh Gi¸o ch­a b¸i s­	Minh Gi¸o Th¸nh ChiÕn  	Minh Gi¸o TrËn Binh  	Minh Gi¸o HuyÕt Nh©n  	Thóy Yªn ch­a b¸i s­	Thóy Yªn Vò Tiªn  	Thóy Yªn Linh N÷  
Total: 0


Ph©n bè nh©n vËt ®óng 1 th¸ng kh«ng ®¨ng nhËp trß ch¬i.
	V« m«n ph¸i  	ThiÕu L©m ch­a b¸i s­	ThiÕu L©m tôc gia  	ThiÕu L©m thiÒn t¨ng  	ThiÕu L©m vâ t¨ng  	§­êng M«n ch­a b¸i s­	§­êng M«n phæ th«ng  	Nga My ch­a b¸i s­	Nga My xuÊt gia  	Nga My tôc gia  	C¸i Bang ch­a b¸i s­	C¸i Bang TÜnh y  	C¸i Bang ¤ Y  	Vâ §ang ch­a b¸i s­	Vâ §ang ®¹o gia  	Vâ §ang tôc gia  	D­¬ng M«n ch­a b¸i s­	D­¬ng M«n th­¬ng Kþ  	D­¬ng M«n Cung Kþ  	Ngò §éc      	HiÖp §éc  	Tµ §éc  	C«n L«n ch­a b¸i s­	C«n L«n Thiªn S­  	Minh Gi¸o ch­a b¸i s­	Minh Gi¸o Th¸nh ChiÕn  	Minh Gi¸o TrËn Binh  	Minh Gi¸o HuyÕt Nh©n  	Thóy Yªn ch­a b¸i s­	Thóy Yªn Vò Tiªn  	Thóy Yªn Linh N÷  
Total: 0


Ph©n bè nh©n vËt tõ 1 tuÇn ®Õn 1 th¸ng kh«ng ®¨ng nhËp trß ch¬i.
	V« m«n ph¸i  	ThiÕu L©m ch­a b¸i s­	ThiÕu L©m tôc gia  	ThiÕu L©m thiÒn t¨ng  	ThiÕu L©m vâ t¨ng  	§­êng M«n ch­a b¸i s­	§­êng M«n phæ th«ng  	Nga My ch­a b¸i s­	Nga My xuÊt gia  	Nga My tôc gia  	C¸i Bang ch­a b¸i s­	C¸i Bang TÜnh y  	C¸i Bang ¤ Y  	Vâ §ang ch­a b¸i s­	Vâ §ang ®¹o gia  	Vâ §ang tôc gia  	D­¬ng M«n ch­a b¸i s­	D­¬ng M«n th­¬ng Kþ  	D­¬ng M«n Cung Kþ  	Ngò §éc      	HiÖp §éc  	Tµ §éc  	C«n L«n ch­a b¸i s­	C«n L«n Thiªn S­  	Minh Gi¸o ch­a b¸i s­	Minh Gi¸o Th¸nh ChiÕn  	Minh Gi¸o TrËn Binh  	Minh Gi¸o HuyÕt Nh©n  	Thóy Yªn ch­a b¸i s­	Thóy Yªn Vò Tiªn  	Thóy Yªn Linh N÷  
Total: 0


Ph©n bè nh©n vËt ®óng 1 tuÇn kh«ng ®¨ng nhËp trß ch¬i.
	V« m«n ph¸i  	ThiÕu L©m ch­a b¸i s­	ThiÕu L©m tôc gia  	ThiÕu L©m thiÒn t¨ng  	ThiÕu L©m vâ t¨ng  	§­êng M«n ch­a b¸i s­	§­êng M«n phæ th«ng  	Nga My ch­a b¸i s­	Nga My xuÊt gia  	Nga My tôc gia  	C¸i Bang ch­a b¸i s­	C¸i Bang TÜnh y  	C¸i Bang ¤ Y  	Vâ §ang ch­a b¸i s­	Vâ §ang ®¹o gia  	Vâ §ang tôc gia  	D­¬ng M«n ch­a b¸i s­	D­¬ng M«n th­¬ng Kþ  	D­¬ng M«n Cung Kþ  	Ngò §éc      	HiÖp §éc  	Tµ §éc  	C«n L«n ch­a b¸i s­	C«n L«n Thiªn S­  	Minh Gi¸o ch­a b¸i s­	Minh Gi¸o Th¸nh ChiÕn  	Minh Gi¸o TrËn Binh  	Minh Gi¸o HuyÕt Nh©n  	Thóy Yªn ch­a b¸i s­	Thóy Yªn Vò Tiªn  	Thóy Yªn Linh N÷  
Total: 0


Ph©n bè nh©n vËt 1 th¸ng trë lªn kh«ng ®¨ng nhËp trß ch¬i.
	V« m«n ph¸i  	ThiÕu L©m ch­a b¸i s­	ThiÕu L©m tôc gia  	ThiÕu L©m thiÒn t¨ng  	ThiÕu L©m vâ t¨ng  	§­êng M«n ch­a b¸i s­	§­êng M«n phæ th«ng  	Nga My ch­a b¸i s­	Nga My xuÊt gia  	Nga My tôc gia  	C¸i Bang ch­a b¸i s­	C¸i Bang TÜnh y  	C¸i Bang ¤ Y  	Vâ §ang ch­a b¸i s­	Vâ §ang ®¹o gia  	Vâ §ang tôc gia  	D­¬ng M«n ch­a b¸i s­	D­¬ng M«n th­¬ng Kþ  	D­¬ng M«n Cung Kþ  	Ngò §éc      	HiÖp §éc  	Tµ §éc  	C«n L«n ch­a b¸i s­	C«n L«n Thiªn S­  	Minh Gi¸o ch­a b¸i s­	Minh Gi¸o Th¸nh ChiÕn  	Minh Gi¸o TrËn Binh  	Minh Gi¸o HuyÕt Nh©n  	Thóy Yªn ch­a b¸i s­	Thóy Yªn Vò Tiªn  	Thóy Yªn Linh N÷  
Total: 0




==============
Faction level and money statdata (top 10)=====
ThiÕu L©m-Thø h¹ng phó hé 10
1		0
2		0
3		0
4		0
5		0
6		0
7		0
8		0
9		0
10		0
-------------------------------------------------
Vâ §ang-Thø h¹ng phó hé 10
1		0
2		0
3		0
4		0
5		0
6		0
7		0
8		0
9		0
10		0
-------------------------------------------------
Nga My-Thø h¹ng phó hé 10
1		0
2		0
3		0
4		0
5		0
6		0
7		0
8		0
9		0
10		0
-------------------------------------------------
C¸i Bang-Thø h¹ng phó hé 10
1		0
2		0
3		0
4		0
5		0
6		0
7		0
8		0
9		0
10		0
-------------------------------------------------
§­êng M«n-Thø h¹ng phó hé 10
1		0
2		0
3		0
4		0
5		0
6		0
7		0
8		0
9		0
10		0
-------------------------------------------------
Thiªn Ba Phñ-Thø h¹ng phó hé 10
1		0
2		0
3		0
4		0
5		0
6		0
7		0
8		0
9		0
10		0
-------------------------------------------------
Ngò §éc Gi¸o-Thø h¹ng phó hé 10
1		0
2		0
3		0
4		0
5		0
6		0
7		0
8		0
9		0
10		0
-------------------------------------------------
C«n L«n Ph¸i-Thø h¹ng phó hé 10
1		0
2		0
3		0
4		0
5		0
6		0
7		0
8		0
9		0
10		0
-------------------------------------------------
Minh gi¸o-Thø h¹ng phó hé 10
1		0
2		0
3		0
4		0
5		0
6		0
7		0
8		0
9		0
10		0
-------------------------------------------------
Thóy Yªn M«n-Thø h¹ng phó hé 10
1		0
2		0
3		0
4		0
5		0
6		0
7		0
8		0
9		0
10		0
-------------------------------------------------
ThiÕu L©m-Thø h¹ng ®¼ng cÊp 10
1:		0	0
2:		0	0
3:		0	0
4:		0	0
5:		0	0
6:		0	0
7:		0	0
8:		0	0
9:		0	0
10:		0	0
-------------------------------------------------
Vâ §ang-Thø h¹ng ®¼ng cÊp 10
1:		0	0
2:		0	0
3:		0	0
4:		0	0
5:		0	0
6:		0	0
7:		0	0
8:		0	0
9:		0	0
10:		0	0
-------------------------------------------------
Nga My-Thø h¹ng ®¼ng cÊp 10
1:		0	0
2:		0	0
3:		0	0
4:		0	0
5:		0	0
6:		0	0
7:		0	0
8:		0	0
9:		0	0
10:		0	0
-------------------------------------------------
C¸i Bang-Thø h¹ng ®¼ng cÊp 10
1:		0	0
2:		0	0
3:		0	0
4:		0	0
5:		0	0
6:		0	0
7:		0	0
8:		0	0
9:		0	0
10:		0	0
-------------------------------------------------
§­êng M«n-Thø h¹ng ®¼ng cÊp 10
1:		0	0
2:		0	0
3:		0	0
4:		0	0
5:		0	0
6:		0	0
7:		0	0
8:		0	0
9:		0	0
10:		0	0
-------------------------------------------------
Thiªn Ba Phñ-Thø h¹ng ®¼ng cÊp 10
1:		0	0
2:		0	0
3:		0	0
4:		0	0
5:		0	0
6:		0	0
7:		0	0
8:		0	0
9:		0	0
10:		0	0
-------------------------------------------------
Ngò §éc Gi¸o-Thø h¹ng ®¼ng cÊp 10
1:		0	0
2:		0	0
3:		0	0
4:		0	0
5:		0	0
6:		0	0
7:		0	0
8:		0	0
9:		0	0
10:		0	0
-------------------------------------------------
C«n L«n Ph¸i-Thø h¹ng ®¼ng cÊp 10
1:		0	0
2:		0	0
3:		0	0
4:		0	0
5:		0	0
6:		0	0
7:		0	0
8:		0	0
9:		0	0
10:		0	0
-------------------------------------------------
Minh gi¸o-Thø h¹ng ®¼ng cÊp 10
1:		0	0
2:		0	0
3:		0	0
4:		0	0
5:		0	0
6:		0	0
7:		0	0
8:		0	0
9:		0	0
10:		0	0
-------------------------------------------------
Thóy Yªn M«n-Thø h¹ng ®¼ng cÊp 10
1:		0	0
2:		0	0
3:		0	0
4:		0	0
5:		0	0
6:		0	0
7:		0	0
8:		0	0
9:		0	0
10:		0	0
-------------------------------------------------


==============
Faction level and money stat data end=====
