ChangeLogFile: FirstWrite=1, CurrentLine=0/65536 LastTime=1900-1-0 0:0:0
20200208-004700<INFO :0xf743b700>: [verify_up2date]...
20200208-004700<INFO :0xf743b700>: >Current lang is [gb18030]
20200208-004700<INFO :0xf743b700>: >Welcome to use [verify_up2date](version: 2.3.4 [2018-02-25]) tool. 
20200208-004700<INFO :0xf743b700>: >Time duration: 7.900235ms 
20200208-004700<INFO :0xf743b700>: >
20200208-004700<INFO :0xf743b700>: >Finish, my exit code is: 0
20200208-004700<INFO :0xf743b700>: |shell cmd result is 0
20200208-004700<INFO :0xf743b700>: ExecShellCmd [./verify_up2date -op=vef -d="/home/server/gw/Relay" ] ret=0
20200208-004700<INFO :0xf743b700>: [verify_up2date] ok
20200208-004700<INFO :0xf743b700>: [Relay][Version:Nov 14 2014 15:55:12] Begin to start ... ...
20200208-004700<INFO :0xf743b700>: [KG_Relay] Set log level ... ... KGLOG_UPTO(KGLOG_DEBUG)
20200208-004700<INFO :0xf743b700>: [KG_Relay] Loading relay.ini
20200208-004700<INFO :0xf743b700>: Run without GMC!
20200208-004700<INFO :0xf743b700>: [KGD] Mysql info: client[5.1.69] host[Localhost via UNIX socket] server[5.5.64-MariaDB]
20200208-004700<DEBUG:0xf743b700>: [KGD] Success connect to localhost:3306, character set switch to latin1
20200208-004700<INFO :0xf743b700>: [KGD] Mysql info: client[5.1.69] host[Localhost via UNIX socket] server[5.5.64-MariaDB]
20200208-004700<DEBUG:0xf743b700>: [KGD] KGD_PROCESS_ERROR(nRetCode, KGD_ERROR_NOT_SUPPORT), at line 1467 in (0x0x8d62ba0)->_LoadTable()
20200208-004700<DEBUG:0xf743b700>: [KGD] (0x0x8d62ba0)->_LoadTable("fightteam")
20200208-004700<DEBUG:0xf743b700>: [KGD] KGD_PROCESS_ERROR(nRetCode, KGD_ERROR_NOT_SUPPORT), at line 1467 in (0x0x8d62ba0)->_LoadTable()
20200208-004700<DEBUG:0xf743b700>: [KGD] (0x0x8d62ba0)->_LoadTable("playerfightteam")
20200208-004700<DEBUG:0xf743b700>: [KGD] Success connect to localhost:3306, character set switch to latin1
20200208-004700<INFO :0xf743b700>: [KGD] Mysql info: client[5.1.69] host[Localhost via UNIX socket] server[5.5.64-MariaDB]
20200208-004700<DEBUG:0xf743b700>: [KGD] KGD_PROCESS_ERROR(nRetCode, KGD_ERROR_NOT_SUPPORT), at line 1467 in (0x0x8d915d8)->_LoadTable()
20200208-004700<DEBUG:0xf743b700>: [KGD] (0x0x8d915d8)->_LoadTable("fightteam")
20200208-004700<DEBUG:0xf743b700>: [KGD] KGD_PROCESS_ERROR(nRetCode, KGD_ERROR_NOT_SUPPORT), at line 1467 in (0x0x8d915d8)->_LoadTable()
20200208-004700<DEBUG:0xf743b700>: [KGD] (0x0x8d915d8)->_LoadTable("playerfightteam")
20200208-004700<DEBUG:0xf743b700>: [KGD] Success connect to localhost:3306, character set switch to latin1
20200208-004700<INFO :0xf67ffb40>: [KGD] Mysql info: client[5.1.69] host[Localhost via UNIX socket] server[5.5.64-MariaDB]
20200208-004700<DEBUG:0xf67ffb40>: [KGD] KGD_PROCESS_ERROR(nRetCode, KGD_ERROR_NOT_SUPPORT), at line 1467 in (0x0xf5e00470)->_LoadTable()
20200208-004700<DEBUG:0xf67ffb40>: [KGD] (0x0xf5e00470)->_LoadTable("fightteam")
20200208-004700<DEBUG:0xf67ffb40>: [KGD] KGD_PROCESS_ERROR(nRetCode, KGD_ERROR_NOT_SUPPORT), at line 1467 in (0x0xf5e00470)->_LoadTable()
20200208-004700<DEBUG:0xf67ffb40>: [KGD] (0x0xf5e00470)->_LoadTable("playerfightteam")
20200208-004700<DEBUG:0xf67ffb40>: [KGD] Success connect to localhost:3306, character set switch to latin1
20200208-004700<INFO :0xf743b700>: [KGD] Mysql info: client[5.1.69] host[Localhost via UNIX socket] server[5.5.64-MariaDB]
20200208-004700<INFO :0xf7109b40>: [KGD] Mysql info: client[5.1.69] host[Localhost via UNIX socket] server[5.5.64-MariaDB]
20200208-004700<DEBUG:0xf7109b40>: [KGD] KGD_PROCESS_ERROR(nRetCode, KGD_ERROR_NOT_SUPPORT), at line 1467 in (0x0xf6800470)->_LoadTable()
20200208-004700<DEBUG:0xf7109b40>: [KGD] (0x0xf6800470)->_LoadTable("fightteam")
20200208-004700<DEBUG:0xf743b700>: [KGD] KGD_PROCESS_ERROR(nRetCode, KGD_ERROR_NOT_SUPPORT), at line 1467 in (0x0x8d901c8)->_LoadTable()
20200208-004700<DEBUG:0xf743b700>: [KGD] (0x0x8d901c8)->_LoadTable("fightteam")
20200208-004700<DEBUG:0xf7109b40>: [KGD] KGD_PROCESS_ERROR(nRetCode, KGD_ERROR_NOT_SUPPORT), at line 1467 in (0x0xf6800470)->_LoadTable()
20200208-004700<DEBUG:0xf7109b40>: [KGD] (0x0xf6800470)->_LoadTable("playerfightteam")
20200208-004700<DEBUG:0xf743b700>: [KGD] KGD_PROCESS_ERROR(nRetCode, KGD_ERROR_NOT_SUPPORT), at line 1467 in (0x0x8d901c8)->_LoadTable()
20200208-004700<DEBUG:0xf743b700>: [KGD] (0x0x8d901c8)->_LoadTable("playerfightteam")
20200208-004700<DEBUG:0xf7109b40>: [KGD] Success connect to localhost:3306, character set switch to latin1
20200208-004700<DEBUG:0xf743b700>: [KGD] Success connect to localhost:3306, character set switch to latin1
20200208-004700<INFO :0xf743b700>: [KGD] Mysql info: client[5.1.69] host[Localhost via UNIX socket] server[5.5.64-MariaDB]
20200208-004700<INFO :0xf5dffb40>: [KGD] Mysql info: client[5.1.69] host[Localhost via UNIX socket] server[5.5.64-MariaDB]
20200208-004700<DEBUG:0xf743b700>: [KGD] KGD_PROCESS_ERROR(nRetCode, KGD_ERROR_NOT_SUPPORT), at line 1467 in (0x0x8da4788)->_LoadTable()
20200208-004700<DEBUG:0xf743b700>: [KGD] (0x0x8da4788)->_LoadTable("fightteam")
20200208-004700<DEBUG:0xf743b700>: [KGD] KGD_PROCESS_ERROR(nRetCode, KGD_ERROR_NOT_SUPPORT), at line 1467 in (0x0x8da4788)->_LoadTable()
20200208-004700<DEBUG:0xf743b700>: [KGD] (0x0x8da4788)->_LoadTable("playerfightteam")
20200208-004700<DEBUG:0xf5dffb40>: [KGD] KGD_PROCESS_ERROR(nRetCode, KGD_ERROR_NOT_SUPPORT), at line 1467 in (0x0xf5400470)->_LoadTable()
20200208-004700<DEBUG:0xf5dffb40>: [KGD] (0x0xf5400470)->_LoadTable("fightteam")
20200208-004700<DEBUG:0xf743b700>: [KGD] Success connect to localhost:3306, character set switch to latin1
20200208-004700<DEBUG:0xf5dffb40>: [KGD] KGD_PROCESS_ERROR(nRetCode, KGD_ERROR_NOT_SUPPORT), at line 1467 in (0x0xf5400470)->_LoadTable()
20200208-004700<DEBUG:0xf5dffb40>: [KGD] (0x0xf5400470)->_LoadTable("playerfightteam")
20200208-004700<DEBUG:0xf5dffb40>: [KGD] Success connect to localhost:3306, character set switch to latin1
20200208-004700<INFO :0xf53ffb40>: [KGD] Mysql info: client[5.1.69] host[Localhost via UNIX socket] server[5.5.64-MariaDB]
20200208-004700<DEBUG:0xf53ffb40>: [KGD] KGD_PROCESS_ERROR(nRetCode, KGD_ERROR_NOT_SUPPORT), at line 1467 in (0x0xf4a00470)->_LoadTable()
20200208-004700<DEBUG:0xf53ffb40>: [KGD] (0x0xf4a00470)->_LoadTable("fightteam")
20200208-004700<DEBUG:0xf53ffb40>: [KGD] KGD_PROCESS_ERROR(nRetCode, KGD_ERROR_NOT_SUPPORT), at line 1467 in (0x0xf4a00470)->_LoadTable()
20200208-004700<DEBUG:0xf53ffb40>: [KGD] (0x0xf4a00470)->_LoadTable("playerfightteam")
20200208-004700<DEBUG:0xf53ffb40>: [KGD] Success connect to localhost:3306, character set switch to latin1
20200208-004700<INFO :0xf743b700>: [KGD] Mysql info: client[5.1.69] host[Localhost via UNIX socket] server[5.5.64-MariaDB]
20200208-004700<DEBUG:0xf743b700>: [KGD] KGD_PROCESS_ERROR(nRetCode, KGD_ERROR_NOT_SUPPORT), at line 1467 in (0x0x8dc77a8)->_LoadTable()
20200208-004700<DEBUG:0xf743b700>: [KGD] (0x0x8dc77a8)->_LoadTable("fightteam")
20200208-004700<DEBUG:0xf743b700>: [KGD] KGD_PROCESS_ERROR(nRetCode, KGD_ERROR_NOT_SUPPORT), at line 1467 in (0x0x8dc77a8)->_LoadTable()
20200208-004700<DEBUG:0xf743b700>: [KGD] (0x0x8dc77a8)->_LoadTable("playerfightteam")
20200208-004700<DEBUG:0xf743b700>: [KGD] Success connect to localhost:3306, character set switch to latin1
20200208-004700<INFO :0xf743b700>: [KGD] Mysql info: client[5.1.69] host[Localhost via UNIX socket] server[5.5.64-MariaDB]
20200208-004700<DEBUG:0xf743b700>: [KGD] KGD_PROCESS_ERROR(nRetCode, KGD_ERROR_NOT_SUPPORT), at line 1467 in (0x0x8ded858)->_LoadTable()
20200208-004700<DEBUG:0xf743b700>: [KGD] (0x0x8ded858)->_LoadTable("fightteam")
20200208-004700<DEBUG:0xf743b700>: [KGD] KGD_PROCESS_ERROR(nRetCode, KGD_ERROR_NOT_SUPPORT), at line 1467 in (0x0x8ded858)->_LoadTable()
20200208-004700<DEBUG:0xf743b700>: [KGD] (0x0x8ded858)->_LoadTable("playerfightteam")
20200208-004700<DEBUG:0xf743b700>: [KGD] Success connect to localhost:3306, character set switch to latin1
20200208-004700<INFO :0xf49ffb40>: [KGD] Mysql info: client[5.1.69] host[Localhost via UNIX socket] server[5.5.64-MariaDB]
20200208-004700<DEBUG:0xf49ffb40>: [KGD] KGD_PROCESS_ERROR(nRetCode, KGD_ERROR_NOT_SUPPORT), at line 1467 in (0x0xf4000470)->_LoadTable()
20200208-004700<DEBUG:0xf49ffb40>: [KGD] (0x0xf4000470)->_LoadTable("fightteam")
20200208-004700<DEBUG:0xf49ffb40>: [KGD] KGD_PROCESS_ERROR(nRetCode, KGD_ERROR_NOT_SUPPORT), at line 1467 in (0x0xf4000470)->_LoadTable()
20200208-004700<DEBUG:0xf49ffb40>: [KGD] (0x0xf4000470)->_LoadTable("playerfightteam")
20200208-004700<DEBUG:0xf49ffb40>: [KGD] Success connect to localhost:3306, character set switch to latin1
20200208-004700<INFO :0xf743b700>: [KGD] Mysql info: client[5.1.69] host[Localhost via UNIX socket] server[5.5.64-MariaDB]
20200208-004700<DEBUG:0xf743b700>: [KGD] KGD_PROCESS_ERROR(nRetCode, KGD_ERROR_NOT_SUPPORT), at line 1467 in (0x0x8facae8)->_LoadTable()
20200208-004700<DEBUG:0xf743b700>: [KGD] (0x0x8facae8)->_LoadTable("fightteam")
20200208-004700<DEBUG:0xf743b700>: [KGD] KGD_PROCESS_ERROR(nRetCode, KGD_ERROR_NOT_SUPPORT), at line 1467 in (0x0x8facae8)->_LoadTable()
20200208-004700<DEBUG:0xf743b700>: [KGD] (0x0x8facae8)->_LoadTable("playerfightteam")
20200208-004700<DEBUG:0xf743b700>: [KGD] Success connect to localhost:3306, character set switch to latin1
20200208-004700<INFO :0xf743b700>: [MySQLDatabase] Connecting to `127.0.0.1`, database `jx2ib_database`...
20200208-004700<INFO :0xf743b700>: [MySQLDatabase] Connecting to `127.0.0.1`, database `jx2ib_database`...
20200208-004700<INFO :0xf743b700>: [RuntimeStat] ServerName=SONGLONG_GW FlushIntervalSec=300
20200208-004700<INFO :0xf743b700>: set runtime statistic result path is [runtime_stat_result/2020_02_08/stat_result_ksg_2020_02_08_@SONGLONG_GW.txt]
20200208-004700<DEBUG:0xf743b700>: [Tong_Operation] Update Tong Competition List Start...
20200208-004700<DEBUG:0xf743b700>: [Tong_Operation] Update Tong Competition List Step1.
20200208-004700<DEBUG:0xf743b700>: [Tong_Operation] Update Tong Competition List Step2.
20200208-004700<DEBUG:0xf743b700>: [Tong_Operation] Update Tong Competition List Step3.
20200208-004700<DEBUG:0xf743b700>: [Tong_Operation] Update Tong Competition List Finished.
20200208-004700<WARN :0xf743b700>: [RuntimeDataStatRelay] FlushStat: File=runtime_stat_result/2020_02_08/stat_result_ksg_2020_02_08_@SONGLONG_GW.txt Count=363
20200208-004700<WARN :0xf743b700>: [RuntimeDataStatRelay] FlushStat: File=runtime_stat_result/2020_02_08/stat_result_vng_2020-02-08_@SONGLONG_GW.txt Count=1
20200208-004713<INFO :0xf743b700>: New connection from 127.0.0.1:47748, index = 0
20200208-004713<DEBUG:0xf743b700>: Send log info to gs(100007f) when connect ret=1
20200208-004713<INFO :0xf743b700>: New connection from 127.0.0.1:2761, index = 0
20200208-004713<INFO :0xf743b700>: New connection from 127.0.0.1:65202, index = 0
20200208-004713<INFO :0xf743b700>: [verify_up2date] GetUp2dateVersion: code=8DA68FCD
20200208-004713<ERROR:0xf743b700>: [KG_RelayTongGameSvr] [Error Protocol] [Protocol=52]
20200208-004713<DEBUG:0xf743b700>: KGLOG_PROCESS_ERROR(false) at line 83 in ProcessMessage
20200208-004713<ERROR:0xf743b700>: [KG_RelayTongGameSvr] [Error Protocol] [Protocol=52]
20200208-004713<DEBUG:0xf743b700>: KGLOG_PROCESS_ERROR(false) at line 83 in ProcessMessage
20200208-004713<ERROR:0xf743b700>: [KG_RelayTongGameSvr] [Error Protocol] [Protocol=52]
20200208-004713<DEBUG:0xf743b700>: KGLOG_PROCESS_ERROR(false) at line 83 in ProcessMessage
20200208-004713<INFO :0xf743b700>: Proc0_GameSvrLogin
20200208-004713<INFO :0xf743b700>: [MAP_INDEX_INFO] Notify map count 290 for gs: 0100007F
20200208-004715<WARN :0xf743b700>: Router NOT connected
20200208-004803<DEBUG:0xf743b700>: [RelationMgr] SomeoneLogin("taothunha")
20200208-004803<DEBUG:0xf743b700>: [RelationMgr] SomeoneLoad("taothunha")
20200208-004803<DEBUG:0xf743b700>: [Relation Database] Load "taothunha"
20200208-004803<WARN :0xf743b700>: Router NOT connected
20200208-004844<DEBUG:0xf743b700>: [RelationMgr] SomeoneLogout("taothunha")
20200208-004850<DEBUG:0xf743b700>: [RelationMgr] SomeoneLogin("taothunha")
20200208-004850<WARN :0xf743b700>: Router NOT connected
20200208-005040<DEBUG:0xf743b700>: [RelationMgr] SomeoneLogout("taothunha")
20200208-005047<DEBUG:0xf743b700>: [RelationMgr] SomeoneLogin("taothunha")
20200208-005047<WARN :0xf743b700>: Router NOT connected
20200208-005133<DEBUG:0xf743b700>: [RelationMgr] SomeoneLogout("taothunha")
20200208-005200<WARN :0xf743b700>: [RuntimeDataStatRelay] FlushStat: File=runtime_stat_result/2020_02_08/stat_result_ksg_2020_02_08_@SONGLONG_GW.txt Count=365
20200208-005200<WARN :0xf743b700>: [RuntimeDataStatRelay] FlushStat: File=runtime_stat_result/2020_02_08/stat_result_vng_2020-02-08_@SONGLONG_GW.txt Count=1
20200208-005301<DEBUG:0xf743b700>: [RelationMgr] SomeoneLogin("taomuonthu")
20200208-005301<DEBUG:0xf743b700>: [RelationMgr] SomeoneLoad("taomuonthu")
20200208-005301<DEBUG:0xf743b700>: [Relation Database] Load "taomuonthu"
20200208-005301<WARN :0xf743b700>: Router NOT connected
20200208-005316<DEBUG:0xf743b700>: [RelationMgr] SomeoneLogout("taomuonthu")
20200208-005332<DEBUG:0xf743b700>: [RelationMgr] SomeoneLogin("taothunha")
20200208-005332<WARN :0xf743b700>: Router NOT connected
20200208-005338<DEBUG:0xf743b700>: [RelationMgr] SomeoneLogout("taothunha")
20200208-005545<DEBUG:0xf743b700>: [RelationMgr] SomeoneLogin("asdasd")
20200208-005545<DEBUG:0xf743b700>: [RelationMgr] SomeoneLoad("asdasd")
20200208-005545<DEBUG:0xf743b700>: [Relation Database] Load "asdasd"
20200208-005545<WARN :0xf743b700>: Router NOT connected
20200208-005604<DEBUG:0xf743b700>: [RelationMgr] SomeoneLogout("asdasd")
20200208-005612<DEBUG:0xf743b700>: [RelationMgr] SomeoneLogin("asdasd")
20200208-005612<WARN :0xf743b700>: Router NOT connected
20200208-010200<WARN :0xf743b700>: [RuntimeDataStatRelay] FlushStat: File=runtime_stat_result/2020_02_08/stat_result_ksg_2020_02_08_@SONGLONG_GW.txt Count=367
20200208-010200<WARN :0xf743b700>: [RuntimeDataStatRelay] FlushStat: File=runtime_stat_result/2020_02_08/stat_result_vng_2020-02-08_@SONGLONG_GW.txt Count=1
20200208-010700<WARN :0xf743b700>: [RuntimeDataStatRelay] FlushStat: File=runtime_stat_result/2020_02_08/stat_result_ksg_2020_02_08_@SONGLONG_GW.txt Count=367
20200208-010700<WARN :0xf743b700>: [RuntimeDataStatRelay] FlushStat: File=runtime_stat_result/2020_02_08/stat_result_vng_2020-02-08_@SONGLONG_GW.txt Count=1
20200208-010702<DEBUG:0xf743b700>: [RelationMgr] SomeoneLogout("asdasd")
20200208-010714<DEBUG:0xf743b700>: [RelationMgr] SomeoneLogin("sdasdasd")
20200208-010714<DEBUG:0xf743b700>: [RelationMgr] SomeoneLoad("sdasdasd")
20200208-010714<DEBUG:0xf743b700>: [Relation Database] Load "sdasdasd"
20200208-010714<WARN :0xf743b700>: Router NOT connected
20200208-010718<DEBUG:0xf743b700>: [RelationMgr] SomeoneLogout("sdasdasd")
20200208-010725<DEBUG:0xf743b700>: [RelationMgr] SomeoneLogin("sdasdasd")
20200208-010725<WARN :0xf743b700>: Router NOT connected
20200208-010911<DEBUG:0xf743b700>: [RelationMgr] SomeoneLogout("sdasdasd")
20200208-012825<DEBUG:0xf743b700>: [RelationMgr] SomeoneLogin("thieulam")
20200208-012825<DEBUG:0xf743b700>: [RelationMgr] SomeoneLoad("thieulam")
20200208-012825<DEBUG:0xf743b700>: [Relation Database] Load "thieulam"
20200208-012825<WARN :0xf743b700>: Router NOT connected
20200208-012846<DEBUG:0xf743b700>: [RelationMgr] SomeoneLogout("thieulam")
20200208-012852<DEBUG:0xf743b700>: [RelationMgr] SomeoneLogin("thieulam")
20200208-012852<WARN :0xf743b700>: Router NOT connected
20200208-013200<WARN :0xf743b700>: [RuntimeDataStatRelay] FlushStat: File=runtime_stat_result/2020_02_08/stat_result_ksg_2020_02_08_@SONGLONG_GW.txt Count=367
20200208-013200<WARN :0xf743b700>: [RuntimeDataStatRelay] FlushStat: File=runtime_stat_result/2020_02_08/stat_result_vng_2020-02-08_@SONGLONG_GW.txt Count=1
20200208-013700<WARN :0xf743b700>: [RuntimeDataStatRelay] FlushStat: File=runtime_stat_result/2020_02_08/stat_result_ksg_2020_02_08_@SONGLONG_GW.txt Count=369
20200208-013700<WARN :0xf743b700>: [RuntimeDataStatRelay] FlushStat: File=runtime_stat_result/2020_02_08/stat_result_vng_2020-02-08_@SONGLONG_GW.txt Count=1
20200208-015242<INFO :0xf743b700>: [Relay] Get quit signal!
20200208-015242<INFO :0xf743b700>: Relay stopping!
