20200208-022258	INFO	[vËt phÈm lªn tay ng­êi ch¬i] [Tµi kho¶n : thu1] [Nh©n vËt: aqqqqqq][Tªn vËt phÈm:S­ §å ThiÕp]
20200208-022258	INFO	[vËt phÈm lªn tay ng­êi ch¬i] [Tµi kho¶n : thu1] [Nh©n vËt: aqqqqqq][Tªn vËt phÈm:CÈm Nang §¹i Sù KiÖn]
20200208-022258	INFO	[vËt phÈm lªn tay ng­êi ch¬i] [Tµi kho¶n : thu1] [Nh©n vËt: aqqqqqq][Tªn vËt phÈm:NguyÖt L­îng Thè luy]
20200208-022258	INFO	[vËt phÈm lªn tay ng­êi ch¬i] [Tµi kho¶n : thu1] [Nh©n vËt: aqqqqqq][Tªn vËt phÈm:TiÕu ng¹o giang hå l]
20200208-022258	INFO	[vËt phÈm lªn tay ng­êi ch¬i] [Tµi kho¶n : thu1] [Nh©n vËt: aqqqqqq][Tªn vËt phÈm:GM Item]
20200208-022259	INFO	[vËt phÈm lªn tay ng­êi ch¬i] [Tµi kho¶n : thu1] [Nh©n vËt: aqqqqqq][Tªn vËt phÈm:Tñ ¸o Thiªn BiÕn TiÕ]
20200208-022308	INFO	[vËt phÈm lªn tay ng­êi ch¬i] [Tµi kho¶n : thu1] [Nh©n vËt: aqqqqqq][Tªn vËt phÈm:GM Item]
20200208-022311	INFO	[vËt phÈm lªn tay ng­êi ch¬i] [Tµi kho¶n : thu1] [Nh©n vËt: aqqqqqq][Tªn vËt phÈm:Phiªu Vò]
20200208-022311	INFO	[vËt phÈm lªn tay ng­êi ch¬i] [Tµi kho¶n : thu1] [Nh©n vËt: aqqqqqq][Tªn vËt phÈm:ChiÕn ThÇn hoµn]
20200208-022311	INFO	[vËt phÈm lªn tay ng­êi ch¬i] [Tµi kho¶n : thu1] [Nh©n vËt: aqqqqqq][Tªn vËt phÈm:ThÇn hµnh b¶o ®iÓn]
20200208-022311	INFO	[vËt phÈm lªn tay ng­êi ch¬i] [Tµi kho¶n : thu1] [Nh©n vËt: aqqqqqq][Tªn vËt phÈm:Kú L©n hoµn]
20200208-022311	INFO	[vËt phÈm lªn tay ng­êi ch¬i] [Tµi kho¶n : thu1] [Nh©n vËt: aqqqqqq][Tªn vËt phÈm:Phông HuyÕt hoµn]
20200208-022328	ERR!	[playerattr abnormal][Account: thu1][RoleName: aqqqqqq][Level: 99][Attr: 4,4,2,5,5 - 1 (1004)][Task: 0]
20200208-022328	INFO	[vËt phÈm lªn tay ng­êi ch¬i] [Tµi kho¶n : thu1] [Nh©n vËt: aqqqqqq][Tªn vËt phÈm:CÈm Nang §¹i Sù KiÖn]
20200208-022328	INFO	[vËt phÈm lªn tay ng­êi ch¬i] [Tµi kho¶n : thu1] [Nh©n vËt: aqqqqqq][Tªn vËt phÈm:NguyÖt L­îng Thè luy]
20200208-022328	INFO	[vËt phÈm lªn tay ng­êi ch¬i] [Tµi kho¶n : thu1] [Nh©n vËt: aqqqqqq][Tªn vËt phÈm:TiÕu ng¹o giang hå l]
20200208-022328	INFO	[vËt phÈm lªn tay ng­êi ch¬i] [Tµi kho¶n : thu1] [Nh©n vËt: aqqqqqq][Tªn vËt phÈm:Bøc th­ thÇn bİ]
20200208-022336	INFO	[vËt phÈm lªn tay ng­êi ch¬i] [Tµi kho¶n : thu1] [Nh©n vËt: aqqqqqq][Tªn vËt phÈm:Hoan L¨ng Ngoa]
20200208-022336	INFO	[vËt phÈm lªn tay ng­êi ch¬i] [Tµi kho¶n : thu1] [Nh©n vËt: aqqqqqq][Tªn vËt phÈm:Hoan L¨ng Ch­¬ng]
20200208-022336	INFO	[vËt phÈm lªn tay ng­êi ch¬i] [Tµi kho¶n : thu1] [Nh©n vËt: aqqqqqq][Tªn vËt phÈm:Hoan L¨ng Phi Phong]
20200208-022336	INFO	[vËt phÈm lªn tay ng­êi ch¬i] [Tµi kho¶n : thu1] [Nh©n vËt: aqqqqqq][Tªn vËt phÈm:§»ng Giao Ngoa]
20200208-022336	INFO	[vËt phÈm lªn tay ng­êi ch¬i] [Tµi kho¶n : thu1] [Nh©n vËt: aqqqqqq][Tªn vËt phÈm:§»ng Giao Ch­¬ng]
20200208-022336	INFO	[vËt phÈm lªn tay ng­êi ch¬i] [Tµi kho¶n : thu1] [Nh©n vËt: aqqqqqq][Tªn vËt phÈm:§»ng Giao Phi Phong]
20200208-022336	INFO	[vËt phÈm lªn tay ng­êi ch¬i] [Tµi kho¶n : thu1] [Nh©n vËt: aqqqqqq][Tªn vËt phÈm:Khëi Ph­îng Ngoa]
20200208-022336	INFO	[vËt phÈm lªn tay ng­êi ch¬i] [Tµi kho¶n : thu1] [Nh©n vËt: aqqqqqq][Tªn vËt phÈm:Khëi Ph­îng Ch­¬ng]
20200208-022336	INFO	[vËt phÈm lªn tay ng­êi ch¬i] [Tµi kho¶n : thu1] [Nh©n vËt: aqqqqqq][Tªn vËt phÈm:Khëi Ph­îng Phi Phon]
20200208-022350	INFO	[vËt phÈm lªn tay ng­êi ch¬i] [Tµi kho¶n : thu1] [Nh©n vËt: aqqqqqq][Tªn vËt phÈm:L©n S­]
20200208-022350	INFO	[vËt phÈm lªn tay ng­êi ch¬i] [Tµi kho¶n : thu1] [Nh©n vËt: aqqqqqq][Tªn vËt phÈm:Cæ D­¬ng Thó  B¶o B¶]
20200208-022350	INFO	[vËt phÈm lªn tay ng­êi ch¬i] [Tµi kho¶n : thu1] [Nh©n vËt: aqqqqqq][Tªn vËt phÈm:Hång Mao Ng­u B¶o B¶]
20200208-022350	INFO	[vËt phÈm lªn tay ng­êi ch¬i] [Tµi kho¶n : thu1] [Nh©n vËt: aqqqqqq][Tªn vËt phÈm:B¹ch Hæ B¶o B¶o]
20200208-022350	INFO	[vËt phÈm lªn tay ng­êi ch¬i] [Tµi kho¶n : thu1] [Nh©n vËt: aqqqqqq][Tªn vËt phÈm:H¾c Hæ B¶o B¶o]
20200208-022350	INFO	[vËt phÈm lªn tay ng­êi ch¬i] [Tµi kho¶n : thu1] [Nh©n vËt: aqqqqqq][Tªn vËt phÈm:B¸o Vµng B¶o B¶o]
20200208-022350	INFO	[vËt phÈm lªn tay ng­êi ch¬i] [Tµi kho¶n : thu1] [Nh©n vËt: aqqqqqq][Tªn vËt phÈm:Thá b«ng]
20200208-022350	INFO	[vËt phÈm lªn tay ng­êi ch¬i] [Tµi kho¶n : thu1] [Nh©n vËt: aqqqqqq][Tªn vËt phÈm:Xe TuÇn Léc mµu ®á]
20200208-022350	INFO	[vËt phÈm lªn tay ng­êi ch¬i] [Tµi kho¶n : thu1] [Nh©n vËt: aqqqqqq][Tªn vËt phÈm:ThÇn Thó TŞch Tµ]
20200208-022350	INFO	[vËt phÈm lªn tay ng­êi ch¬i] [Tµi kho¶n : thu1] [Nh©n vËt: aqqqqqq][Tªn vËt phÈm:ThiÕu D­¬ng ThÊt Tin]
20200208-022350	INFO	[vËt phÈm lªn tay ng­êi ch¬i] [Tµi kho¶n : thu1] [Nh©n vËt: aqqqqqq][Tªn vËt phÈm:V¨n Sö ThÊt Qu©n KiÕ]
20200208-022350	INFO	[vËt phÈm lªn tay ng­êi ch¬i] [Tµi kho¶n : thu1] [Nh©n vËt: aqqqqqq][Tªn vËt phÈm:C«n H­ Ngäc Dao KiÕm]
20200208-022350	INFO	[vËt phÈm lªn tay ng­êi ch¬i] [Tµi kho¶n : thu1] [Nh©n vËt: aqqqqqq][Tªn vËt phÈm:Tiªn Du KiÕm]
20200208-022350	INFO	[vËt phÈm lªn tay ng­êi ch¬i] [Tµi kho¶n : thu1] [Nh©n vËt: aqqqqqq][Tªn vËt phÈm:Th¸i Thanh V« TrÇn K]
20200208-022350	INFO	[vËt phÈm lªn tay ng­êi ch¬i] [Tµi kho¶n : thu1] [Nh©n vËt: aqqqqqq][Tªn vËt phÈm:Tö Ngäc Tr­êng Phong]
20200208-022401	INFO	[vËt phÈm lªn tay ng­êi ch¬i] [Tµi kho¶n : thu1] [Nh©n vËt: aqqqqqq][Tªn vËt phÈm:¢m D­¬ng Ên]
20200208-022401	INFO	[vËt phÈm lªn tay ng­êi ch¬i] [Tµi kho¶n : thu1] [Nh©n vËt: aqqqqqq][Tªn vËt phÈm:Nha Cöu]
20200208-022401	INFO	[vËt phÈm lªn tay ng­êi ch¬i] [Tµi kho¶n : thu1] [Nh©n vËt: aqqqqqq][Tªn vËt phÈm:ThÇn Ch©m]
20200208-022401	INFO	[vËt phÈm lªn tay ng­êi ch¬i] [Tµi kho¶n : thu1] [Nh©n vËt: aqqqqqq][Tªn vËt phÈm:Kh«ng cã]
20200208-022401	INFO	[vËt phÈm lªn tay ng­êi ch¬i] [Tµi kho¶n : thu1] [Nh©n vËt: aqqqqqq][Tªn vËt phÈm:NghŞch L©n]
20200208-022401	INFO	[vËt phÈm lªn tay ng­êi ch¬i] [Tµi kho¶n : thu1] [Nh©n vËt: aqqqqqq][Tªn vËt phÈm:Kh« Méc Long Ng©m]
20200208-022401	INFO	[vËt phÈm lªn tay ng­êi ch¬i] [Tµi kho¶n : thu1] [Nh©n vËt: aqqqqqq][Tªn vËt phÈm:Th¸i H­]
20200208-022401	INFO	[vËt phÈm lªn tay ng­êi ch¬i] [Tµi kho¶n : thu1] [Nh©n vËt: aqqqqqq][Tªn vËt phÈm:D­îc S­ tr­îng]
20200208-022401	INFO	[vËt phÈm lªn tay ng­êi ch¬i] [Tµi kho¶n : thu1] [Nh©n vËt: aqqqqqq][Tªn vËt phÈm:Th­¬ng N«]
20200208-022401	INFO	[vËt phÈm lªn tay ng­êi ch¬i] [Tµi kho¶n : thu1] [Nh©n vËt: aqqqqqq][Tªn vËt phÈm:BÊt X¹ Chi X¹]
20200208-022401	INFO	[vËt phÈm lªn tay ng­êi ch¬i] [Tµi kho¶n : thu1] [Nh©n vËt: aqqqqqq][Tªn vËt phÈm:Thanh Long]
20200208-022401	INFO	[vËt phÈm lªn tay ng­êi ch¬i] [Tµi kho¶n : thu1] [Nh©n vËt: aqqqqqq][Tªn vËt phÈm:Thiªn T«n]
20200208-022525	INFO	[vËt phÈm lªn tay ng­êi ch¬i] [Tµi kho¶n : thu1] [Nh©n vËt: aqqqqqq][Tªn vËt phÈm:GM Item]
20200208-022535	INFO	[vËt phÈm lªn tay ng­êi ch¬i] [Tµi kho¶n : thu1] [Nh©n vËt: aqqqqqq][Tªn vËt phÈm:TiÒm Long Tóc DiÖt C]
20200208-022535	INFO	[vËt phÈm lªn tay ng­êi ch¬i] [Tµi kho¶n : thu1] [Nh©n vËt: aqqqqqq][Tªn vËt phÈm:TiÒm Long TŞch DiÖt ]
20200208-022535	INFO	[vËt phÈm lªn tay ng­êi ch¬i] [Tµi kho¶n : thu1] [Nh©n vËt: aqqqqqq][Tªn vËt phÈm:L¨ng Ba Vi Bé toµn t]
20200208-022535	INFO	[vËt phÈm lªn tay ng­êi ch¬i] [Tµi kho¶n : thu1] [Nh©n vËt: aqqqqqq][Tªn vËt phÈm:MËt TŞch Tiªu Dao]
20200208-022605	INFO	[vËt phÈm lªn tay ng­êi ch¬i] [Tµi kho¶n : thu1] [Nh©n vËt: aqqqqqq][Tªn vËt phÈm:ThÊt B¶o ChiÕu quyÕt]
20200208-022605	INFO	[vËt phÈm lªn tay ng­êi ch¬i] [Tµi kho¶n : thu1] [Nh©n vËt: aqqqqqq][Tªn vËt phÈm:La H¸n QuyÒn quyÕt]
20200208-022605	INFO	[vËt phÈm lªn tay ng­êi ch¬i] [Tµi kho¶n : thu1] [Nh©n vËt: aqqqqqq][Tªn vËt phÈm:Ca DiÖp Thèi quyÕt]
20200208-022605	INFO	[vËt phÈm lªn tay ng­êi ch¬i] [Tµi kho¶n : thu1] [Nh©n vËt: aqqqqqq][Tªn vËt phÈm:HuÖ Nh·n quyÕt]
20200208-022605	INFO	[vËt phÈm lªn tay ng­êi ch¬i] [Tµi kho¶n : thu1] [Nh©n vËt: aqqqqqq][Tªn vËt phÈm:Vi §µ quyÕt]
20200208-022605	INFO	[vËt phÈm lªn tay ng­êi ch¬i] [Tµi kho¶n : thu1] [Nh©n vËt: aqqqqqq][Tªn vËt phÈm:V¨n V©n quyÕt]
20200208-022605	INFO	[vËt phÈm lªn tay ng­êi ch¬i] [Tµi kho¶n : thu1] [Nh©n vËt: aqqqqqq][Tªn vËt phÈm:La H¸n TrËn quyÕt]
20200208-022605	INFO	[vËt phÈm lªn tay ng­êi ch¬i] [Tµi kho¶n : thu1] [Nh©n vËt: aqqqqqq][Tªn vËt phÈm:§¹i Tu Di Ch­ëng]
20200208-022605	INFO	[vËt phÈm lªn tay ng­êi ch¬i] [Tµi kho¶n : thu1] [Nh©n vËt: aqqqqqq][Tªn vËt phÈm:V« ¶nh quyÕt]
20200208-022605	INFO	[vËt phÈm lªn tay ng­êi ch¬i] [Tµi kho¶n : thu1] [Nh©n vËt: aqqqqqq][Tªn vËt phÈm:Long Tr¶o Thñ quyÕt]
20200208-022619	INFO	[vËt phÈm lªn tay ng­êi ch¬i] [Tµi kho¶n : thu1] [Nh©n vËt: aqqqqqq][Tªn vËt phÈm:L©n S­]
20200208-022619	INFO	[vËt phÈm lªn tay ng­êi ch¬i] [Tµi kho¶n : thu1] [Nh©n vËt: aqqqqqq][Tªn vËt phÈm:Cæ D­¬ng Thó  B¶o B¶]
20200208-022619	INFO	[vËt phÈm lªn tay ng­êi ch¬i] [Tµi kho¶n : thu1] [Nh©n vËt: aqqqqqq][Tªn vËt phÈm:Hång Mao Ng­u B¶o B¶]
20200208-022619	INFO	[vËt phÈm lªn tay ng­êi ch¬i] [Tµi kho¶n : thu1] [Nh©n vËt: aqqqqqq][Tªn vËt phÈm:B¹ch Hæ B¶o B¶o]
20200208-022619	INFO	[vËt phÈm lªn tay ng­êi ch¬i] [Tµi kho¶n : thu1] [Nh©n vËt: aqqqqqq][Tªn vËt phÈm:H¾c Hæ B¶o B¶o]
20200208-022619	INFO	[vËt phÈm lªn tay ng­êi ch¬i] [Tµi kho¶n : thu1] [Nh©n vËt: aqqqqqq][Tªn vËt phÈm:B¸o Vµng B¶o B¶o]
20200208-022619	INFO	[vËt phÈm lªn tay ng­êi ch¬i] [Tµi kho¶n : thu1] [Nh©n vËt: aqqqqqq][Tªn vËt phÈm:Thá b«ng]
20200208-022619	INFO	[vËt phÈm lªn tay ng­êi ch¬i] [Tµi kho¶n : thu1] [Nh©n vËt: aqqqqqq][Tªn vËt phÈm:Xe TuÇn Léc mµu ®á]
20200208-022619	INFO	[vËt phÈm lªn tay ng­êi ch¬i] [Tµi kho¶n : thu1] [Nh©n vËt: aqqqqqq][Tªn vËt phÈm:ThÇn Thó TŞch Tµ]
20200208-022619	INFO	[vËt phÈm lªn tay ng­êi ch¬i] [Tµi kho¶n : thu1] [Nh©n vËt: aqqqqqq][Tªn vËt phÈm:ThiÕu D­¬ng ThÊt Tin]
20200208-022619	INFO	[vËt phÈm lªn tay ng­êi ch¬i] [Tµi kho¶n : thu1] [Nh©n vËt: aqqqqqq][Tªn vËt phÈm:V¨n Sö ThÊt Qu©n KiÕ]
20200208-022619	INFO	[vËt phÈm lªn tay ng­êi ch¬i] [Tµi kho¶n : thu1] [Nh©n vËt: aqqqqqq][Tªn vËt phÈm:C«n H­ Ngäc Dao KiÕm]
20200208-022619	INFO	[vËt phÈm lªn tay ng­êi ch¬i] [Tµi kho¶n : thu1] [Nh©n vËt: aqqqqqq][Tªn vËt phÈm:Tiªn Du KiÕm]
20200208-022619	INFO	[vËt phÈm lªn tay ng­êi ch¬i] [Tµi kho¶n : thu1] [Nh©n vËt: aqqqqqq][Tªn vËt phÈm:Th¸i Thanh V« TrÇn K]
20200208-022619	INFO	[vËt phÈm lªn tay ng­êi ch¬i] [Tµi kho¶n : thu1] [Nh©n vËt: aqqqqqq][Tªn vËt phÈm:Tö Ngäc Tr­êng Phong]
20200208-022717	INFO	[vËt phÈm lªn tay ng­êi ch¬i] [Tµi kho¶n : thu1] [Nh©n vËt: aqqqqqq][Tªn vËt phÈm:GM Item]
20200208-022757	INFO	[vËt phÈm lªn tay ng­êi ch¬i] [Tµi kho¶n : thu1] [Nh©n vËt: aqqqqqq][Tªn vËt phÈm:Tèng_Uy Hæ Nguyªn So]
20200208-022805	INFO	[vËt phÈm lªn tay ng­êi ch¬i] [Tµi kho¶n : thu1] [Nh©n vËt: aqqqqqq][Tªn vËt phÈm:Tèng_Uy Hæ Nguyªn So]
20200208-022810	INFO	[vËt phÈm lªn tay ng­êi ch¬i] [Tµi kho¶n : thu1] [Nh©n vËt: aqqqqqq][Tªn vËt phÈm:Tèng_Uy Hæ Nguyªn So]
20200208-022907	INFO	[vËt phÈm lªn tay ng­êi ch¬i] [Tµi kho¶n : thu1] [Nh©n vËt: aqqqqqq][Tªn vËt phÈm:Tèng_Uy Hæ Nguyªn So]
20200208-022958	INFO	[vËt phÈm lªn tay ng­êi ch¬i] [Tµi kho¶n : thu1] [Nh©n vËt: aqqqqqq][Tªn vËt phÈm:Thİch TuyÕt ¤ Truy ]
