ChangeLogFile: FirstWrite=1, CurrentLine=0/65536 LastTime=1900-1-0 0:0:0
20200122-231843<INFO :0xf741b700>: [verify_up2date]...
20200122-231843<INFO :0xf741b700>: >Current lang is [gb18030]
20200122-231843<INFO :0xf741b700>: >Welcome to use [verify_up2date](version: 2.3.4 [2018-02-25]) tool. 
20200122-231843<INFO :0xf741b700>: >Time duration: 10.002901ms 
20200122-231843<INFO :0xf741b700>: >
20200122-231843<INFO :0xf741b700>: >Finish, my exit code is: 0
20200122-231843<INFO :0xf741b700>: |shell cmd result is 0
20200122-231843<INFO :0xf741b700>: ExecShellCmd [./verify_up2date -op=vef -d="/home/server/gw/Relay" ] ret=0
20200122-231843<INFO :0xf741b700>: [verify_up2date] ok
20200122-231843<INFO :0xf741b700>: [Relay][Version:Nov 14 2014 15:55:12] Begin to start ... ...
20200122-231843<INFO :0xf741b700>: [KG_Relay] Set log level ... ... KGLOG_UPTO(KGLOG_DEBUG)
20200122-231843<INFO :0xf741b700>: [KG_Relay] Loading relay.ini
20200122-231843<INFO :0xf741b700>: Run without GMC!
20200122-231843<INFO :0xf741b700>: [KGD] Mysql info: client[5.1.69] host[Localhost via UNIX socket] server[5.5.64-MariaDB]
20200122-231843<DEBUG:0xf741b700>: [KGD] Success connect to localhost:3306, character set switch to latin1
20200122-231843<INFO :0xf741b700>: [KGD] Mysql info: client[5.1.69] host[Localhost via UNIX socket] server[5.5.64-MariaDB]
20200122-231843<DEBUG:0xf741b700>: [KGD] KGD_PROCESS_ERROR(nRetCode, KGD_ERROR_NOT_SUPPORT), at line 1467 in (0x0x96efba0)->_LoadTable()
20200122-231843<DEBUG:0xf741b700>: [KGD] (0x0x96efba0)->_LoadTable("fightteam")
20200122-231843<DEBUG:0xf741b700>: [KGD] KGD_PROCESS_ERROR(nRetCode, KGD_ERROR_NOT_SUPPORT), at line 1467 in (0x0x96efba0)->_LoadTable()
20200122-231843<DEBUG:0xf741b700>: [KGD] (0x0x96efba0)->_LoadTable("playerfightteam")
20200122-231843<DEBUG:0xf741b700>: [KGD] Success connect to localhost:3306, character set switch to latin1
20200122-231843<INFO :0xf741b700>: [KGD] Mysql info: client[5.1.69] host[Localhost via UNIX socket] server[5.5.64-MariaDB]
20200122-231843<INFO :0xf70e9b40>: [KGD] Mysql info: client[5.1.69] host[Localhost via UNIX socket] server[5.5.64-MariaDB]
20200122-231843<DEBUG:0xf741b700>: [KGD] KGD_PROCESS_ERROR(nRetCode, KGD_ERROR_NOT_SUPPORT), at line 1467 in (0x0x971e5d8)->_LoadTable()
20200122-231843<DEBUG:0xf741b700>: [KGD] (0x0x971e5d8)->_LoadTable("fightteam")
20200122-231843<DEBUG:0xf70e9b40>: [KGD] KGD_PROCESS_ERROR(nRetCode, KGD_ERROR_NOT_SUPPORT), at line 1467 in (0x0xf6700470)->_LoadTable()
20200122-231843<DEBUG:0xf70e9b40>: [KGD] (0x0xf6700470)->_LoadTable("fightteam")
20200122-231843<DEBUG:0xf741b700>: [KGD] KGD_PROCESS_ERROR(nRetCode, KGD_ERROR_NOT_SUPPORT), at line 1467 in (0x0x971e5d8)->_LoadTable()
20200122-231843<DEBUG:0xf741b700>: [KGD] (0x0x971e5d8)->_LoadTable("playerfightteam")
20200122-231843<DEBUG:0xf70e9b40>: [KGD] KGD_PROCESS_ERROR(nRetCode, KGD_ERROR_NOT_SUPPORT), at line 1467 in (0x0xf6700470)->_LoadTable()
20200122-231843<DEBUG:0xf70e9b40>: [KGD] (0x0xf6700470)->_LoadTable("playerfightteam")
20200122-231843<DEBUG:0xf741b700>: [KGD] Success connect to localhost:3306, character set switch to latin1
20200122-231843<DEBUG:0xf70e9b40>: [KGD] Success connect to localhost:3306, character set switch to latin1
20200122-231843<INFO :0xf66ffb40>: [KGD] Mysql info: client[5.1.69] host[Localhost via UNIX socket] server[5.5.64-MariaDB]
20200122-231843<INFO :0xf741b700>: [KGD] Mysql info: client[5.1.69] host[Localhost via UNIX socket] server[5.5.64-MariaDB]
20200122-231843<DEBUG:0xf66ffb40>: [KGD] KGD_PROCESS_ERROR(nRetCode, KGD_ERROR_NOT_SUPPORT), at line 1467 in (0x0xf5d00470)->_LoadTable()
20200122-231843<DEBUG:0xf66ffb40>: [KGD] (0x0xf5d00470)->_LoadTable("fightteam")
20200122-231843<DEBUG:0xf66ffb40>: [KGD] KGD_PROCESS_ERROR(nRetCode, KGD_ERROR_NOT_SUPPORT), at line 1467 in (0x0xf5d00470)->_LoadTable()
20200122-231843<DEBUG:0xf66ffb40>: [KGD] (0x0xf5d00470)->_LoadTable("playerfightteam")
20200122-231843<DEBUG:0xf741b700>: [KGD] KGD_PROCESS_ERROR(nRetCode, KGD_ERROR_NOT_SUPPORT), at line 1467 in (0x0x971d1c8)->_LoadTable()
20200122-231843<DEBUG:0xf741b700>: [KGD] (0x0x971d1c8)->_LoadTable("fightteam")
20200122-231843<DEBUG:0xf66ffb40>: [KGD] Success connect to localhost:3306, character set switch to latin1
20200122-231843<DEBUG:0xf741b700>: [KGD] KGD_PROCESS_ERROR(nRetCode, KGD_ERROR_NOT_SUPPORT), at line 1467 in (0x0x971d1c8)->_LoadTable()
20200122-231843<DEBUG:0xf741b700>: [KGD] (0x0x971d1c8)->_LoadTable("playerfightteam")
20200122-231843<DEBUG:0xf741b700>: [KGD] Success connect to localhost:3306, character set switch to latin1
20200122-231843<INFO :0xf5cffb40>: [KGD] Mysql info: client[5.1.69] host[Localhost via UNIX socket] server[5.5.64-MariaDB]
20200122-231843<INFO :0xf741b700>: [KGD] Mysql info: client[5.1.69] host[Localhost via UNIX socket] server[5.5.64-MariaDB]
20200122-231843<DEBUG:0xf5cffb40>: [KGD] KGD_PROCESS_ERROR(nRetCode, KGD_ERROR_NOT_SUPPORT), at line 1467 in (0x0xf5300470)->_LoadTable()
20200122-231843<DEBUG:0xf5cffb40>: [KGD] (0x0xf5300470)->_LoadTable("fightteam")
20200122-231843<DEBUG:0xf741b700>: [KGD] KGD_PROCESS_ERROR(nRetCode, KGD_ERROR_NOT_SUPPORT), at line 1467 in (0x0x9731788)->_LoadTable()
20200122-231843<DEBUG:0xf741b700>: [KGD] (0x0x9731788)->_LoadTable("fightteam")
20200122-231843<DEBUG:0xf5cffb40>: [KGD] KGD_PROCESS_ERROR(nRetCode, KGD_ERROR_NOT_SUPPORT), at line 1467 in (0x0xf5300470)->_LoadTable()
20200122-231843<DEBUG:0xf5cffb40>: [KGD] (0x0xf5300470)->_LoadTable("playerfightteam")
20200122-231843<DEBUG:0xf741b700>: [KGD] KGD_PROCESS_ERROR(nRetCode, KGD_ERROR_NOT_SUPPORT), at line 1467 in (0x0x9731788)->_LoadTable()
20200122-231843<DEBUG:0xf741b700>: [KGD] (0x0x9731788)->_LoadTable("playerfightteam")
20200122-231843<DEBUG:0xf5cffb40>: [KGD] Success connect to localhost:3306, character set switch to latin1
20200122-231843<DEBUG:0xf741b700>: [KGD] Success connect to localhost:3306, character set switch to latin1
20200122-231843<INFO :0xf52ffb40>: [KGD] Mysql info: client[5.1.69] host[Localhost via UNIX socket] server[5.5.64-MariaDB]
20200122-231843<DEBUG:0xf52ffb40>: [KGD] KGD_PROCESS_ERROR(nRetCode, KGD_ERROR_NOT_SUPPORT), at line 1467 in (0x0x973ceb0)->_LoadTable()
20200122-231843<DEBUG:0xf52ffb40>: [KGD] (0x0x973ceb0)->_LoadTable("fightteam")
20200122-231843<DEBUG:0xf52ffb40>: [KGD] KGD_PROCESS_ERROR(nRetCode, KGD_ERROR_NOT_SUPPORT), at line 1467 in (0x0x973ceb0)->_LoadTable()
20200122-231843<DEBUG:0xf52ffb40>: [KGD] (0x0x973ceb0)->_LoadTable("playerfightteam")
20200122-231843<DEBUG:0xf52ffb40>: [KGD] Success connect to localhost:3306, character set switch to latin1
20200122-231843<INFO :0xf741b700>: [KGD] Mysql info: client[5.1.69] host[Localhost via UNIX socket] server[5.5.64-MariaDB]
20200122-231843<DEBUG:0xf741b700>: [KGD] KGD_PROCESS_ERROR(nRetCode, KGD_ERROR_NOT_SUPPORT), at line 1467 in (0x0x9756a68)->_LoadTable()
20200122-231843<DEBUG:0xf741b700>: [KGD] (0x0x9756a68)->_LoadTable("fightteam")
20200122-231843<DEBUG:0xf741b700>: [KGD] KGD_PROCESS_ERROR(nRetCode, KGD_ERROR_NOT_SUPPORT), at line 1467 in (0x0x9756a68)->_LoadTable()
20200122-231843<DEBUG:0xf741b700>: [KGD] (0x0x9756a68)->_LoadTable("playerfightteam")
20200122-231843<DEBUG:0xf741b700>: [KGD] Success connect to localhost:3306, character set switch to latin1
20200122-231843<INFO :0xf741b700>: [KGD] Mysql info: client[5.1.69] host[Localhost via UNIX socket] server[5.5.64-MariaDB]
20200122-231843<DEBUG:0xf741b700>: [KGD] KGD_PROCESS_ERROR(nRetCode, KGD_ERROR_NOT_SUPPORT), at line 1467 in (0x0x9781ea0)->_LoadTable()
20200122-231843<DEBUG:0xf741b700>: [KGD] (0x0x9781ea0)->_LoadTable("fightteam")
20200122-231843<DEBUG:0xf741b700>: [KGD] KGD_PROCESS_ERROR(nRetCode, KGD_ERROR_NOT_SUPPORT), at line 1467 in (0x0x9781ea0)->_LoadTable()
20200122-231843<DEBUG:0xf741b700>: [KGD] (0x0x9781ea0)->_LoadTable("playerfightteam")
20200122-231843<DEBUG:0xf741b700>: [KGD] Success connect to localhost:3306, character set switch to latin1
20200122-231843<INFO :0xf4afeb40>: [KGD] Mysql info: client[5.1.69] host[Localhost via UNIX socket] server[5.5.64-MariaDB]
20200122-231843<DEBUG:0xf4afeb40>: [KGD] KGD_PROCESS_ERROR(nRetCode, KGD_ERROR_NOT_SUPPORT), at line 1467 in (0x0xf5307ac0)->_LoadTable()
20200122-231843<DEBUG:0xf4afeb40>: [KGD] (0x0xf5307ac0)->_LoadTable("fightteam")
20200122-231843<DEBUG:0xf4afeb40>: [KGD] KGD_PROCESS_ERROR(nRetCode, KGD_ERROR_NOT_SUPPORT), at line 1467 in (0x0xf5307ac0)->_LoadTable()
20200122-231843<DEBUG:0xf4afeb40>: [KGD] (0x0xf5307ac0)->_LoadTable("playerfightteam")
20200122-231843<DEBUG:0xf4afeb40>: [KGD] Success connect to localhost:3306, character set switch to latin1
20200122-231843<INFO :0xf741b700>: [KGD] Mysql info: client[5.1.69] host[Localhost via UNIX socket] server[5.5.64-MariaDB]
20200122-231843<DEBUG:0xf741b700>: [KGD] KGD_PROCESS_ERROR(nRetCode, KGD_ERROR_NOT_SUPPORT), at line 1467 in (0x0x9941158)->_LoadTable()
20200122-231843<DEBUG:0xf741b700>: [KGD] (0x0x9941158)->_LoadTable("fightteam")
20200122-231843<DEBUG:0xf741b700>: [KGD] KGD_PROCESS_ERROR(nRetCode, KGD_ERROR_NOT_SUPPORT), at line 1467 in (0x0x9941158)->_LoadTable()
20200122-231843<DEBUG:0xf741b700>: [KGD] (0x0x9941158)->_LoadTable("playerfightteam")
20200122-231843<DEBUG:0xf741b700>: [KGD] Success connect to localhost:3306, character set switch to latin1
20200122-231843<INFO :0xf741b700>: [MySQLDatabase] Connecting to `127.0.0.1`, database `jx2ib_database`...
20200122-231843<INFO :0xf741b700>: [MySQLDatabase] Connecting to `127.0.0.1`, database `jx2ib_database`...
20200122-231843<INFO :0xf741b700>: [RuntimeStat] ServerName=SONGLONG_GW FlushIntervalSec=300
20200122-231843<INFO :0xf741b700>: set runtime statistic result path is [runtime_stat_result/2020_01_22/stat_result_ksg_2020_01_22_@SONGLONG_GW.txt]
20200122-231843<WARN :0xf741b700>: [RuntimeDataStatRelay] FlushStat: File=runtime_stat_result/2020_01_22/stat_result_ksg_2020_01_22_@SONGLONG_GW.txt Count=363
20200122-231843<WARN :0xf741b700>: [RuntimeDataStatRelay] FlushStat: File=runtime_stat_result/2020_01_22/stat_result_vng_2020-01-22_@SONGLONG_GW.txt Count=1
20200122-231901<INFO :0xf741b700>: New connection from 127.0.0.1:23002, index = 0
20200122-231901<DEBUG:0xf741b700>: Send log info to gs(100007f) when connect ret=1
20200122-231901<INFO :0xf741b700>: New connection from 127.0.0.1:35201, index = 0
20200122-231901<INFO :0xf741b700>: New connection from 127.0.0.1:15751, index = 0
20200122-231901<INFO :0xf741b700>: [verify_up2date] GetUp2dateVersion: code=8DA68FCD
20200122-231901<ERROR:0xf741b700>: [KG_RelayTongGameSvr] [Error Protocol] [Protocol=52]
20200122-231901<DEBUG:0xf741b700>: KGLOG_PROCESS_ERROR(false) at line 83 in ProcessMessage
20200122-231901<ERROR:0xf741b700>: [KG_RelayTongGameSvr] [Error Protocol] [Protocol=52]
20200122-231901<DEBUG:0xf741b700>: KGLOG_PROCESS_ERROR(false) at line 83 in ProcessMessage
20200122-231901<ERROR:0xf741b700>: [KG_RelayTongGameSvr] [Error Protocol] [Protocol=52]
20200122-231901<DEBUG:0xf741b700>: KGLOG_PROCESS_ERROR(false) at line 83 in ProcessMessage
20200122-231901<INFO :0xf741b700>: Proc0_GameSvrLogin
20200122-231901<INFO :0xf741b700>: [MAP_INDEX_INFO] Notify map count 276 for gs: 0100007F
20200122-231903<WARN :0xf741b700>: Router NOT connected
20200122-232012<DEBUG:0xf741b700>: [RelationMgr] SomeoneLogin("ioNaruto")
20200122-232012<DEBUG:0xf741b700>: [RelationMgr] SomeoneLoad("ioNaruto")
20200122-232012<DEBUG:0xf741b700>: [Relation Database] Load "ioNaruto"
20200122-232012<WARN :0xf741b700>: Router NOT connected
20200122-232048<DEBUG:0xf741b700>: [RelationMgr] SomeoneLogout("ioNaruto")
20200122-232055<DEBUG:0xf741b700>: [RelationMgr] SomeoneLogin("ioNaruto")
20200122-232055<WARN :0xf741b700>: Router NOT connected
20200122-232343<WARN :0xf741b700>: [RuntimeDataStatRelay] FlushStat: File=runtime_stat_result/2020_01_22/stat_result_ksg_2020_01_22_@SONGLONG_GW.txt Count=367
20200122-232343<WARN :0xf741b700>: [RuntimeDataStatRelay] FlushStat: File=runtime_stat_result/2020_01_22/stat_result_vng_2020-01-22_@SONGLONG_GW.txt Count=1
20200122-232843<WARN :0xf741b700>: [RuntimeDataStatRelay] FlushStat: File=runtime_stat_result/2020_01_22/stat_result_ksg_2020_01_22_@SONGLONG_GW.txt Count=368
20200122-232843<WARN :0xf741b700>: [RuntimeDataStatRelay] FlushStat: File=runtime_stat_result/2020_01_22/stat_result_vng_2020-01-22_@SONGLONG_GW.txt Count=1
20200122-234343<WARN :0xf741b700>: [RuntimeDataStatRelay] FlushStat: File=runtime_stat_result/2020_01_22/stat_result_ksg_2020_01_22_@SONGLONG_GW.txt Count=370
20200122-234343<WARN :0xf741b700>: [RuntimeDataStatRelay] FlushStat: File=runtime_stat_result/2020_01_22/stat_result_vng_2020-01-22_@SONGLONG_GW.txt Count=1
