ChangeLogFile: FirstWrite=1, CurrentLine=0/65535 LastTime=1900-1-0 0:0:0
20240624-223227<INFO :0xf738d700>: [GameSvr][Version:Nov 14 2014 15:55:00] begin start up...
20240624-223227<INFO :0xf738d700>: Succeeded in loading version.ini. Lower Version:341 Upper Version:345
20240624-223227<INFO :0xf738d700>: [verify_up2date]...
20240624-223227<INFO :0xf738d700>: >Current lang is [gb18030]
20240624-223227<INFO :0xf738d700>: >Welcome to use [verify_up2date](version: 2.3.4 [2018-02-25]) tool. 
20240624-223227<INFO :0xf738d700>: >Time duration: 13.219448ms 
20240624-223227<INFO :0xf738d700>: >
20240624-223227<INFO :0xf738d700>: >Finish, my exit code is: 0
20240624-223227<INFO :0xf738d700>: |shell cmd result is 0
20240624-223227<INFO :0xf738d700>: ExecShellCmd [./verify_up2date -op=vef -d="/home/server/gs" ] ret=0
20240624-223227<INFO :0xf738d700>: [verify_up2date] ok
20240624-223227<INFO :0xf738d700>: This ServerIP : 127.0.0.1 : 192.168.1.8
20240624-223227<INFO :0xf738d700>: [GameServer Type] RealmType=0, IsMatchRealm=0
20240624-223227<INFO :0xf738d700>: IS_KINGSOFT_INNER_VERSION=0|0
20240624-223227<INFO :0xf738d700>: IS_EXP_SVR=0|0
20240624-223227<ERROR:0xf738d700>: SetSpecialSwitch(Index=3,bOpen=1,AccessCode=1024232298) ok, result=1
20240624-223227<INFO :0xf738d700>: [GameServer] ServerCount=1, ServerIndex=1
20240624-223227<INFO :0xf738d700>: [GlovalVariable] gblvarDefaultCriticalHitRate=5
20240624-223227<INFO :0xf738d700>: [GlovalVariable] gblvarMinCriticalHitRate=0
20240624-223227<INFO :0xf738d700>: [GlovalVariable] gblvarMaxCriticalHitRate=50
20240624-223227<INFO :0xf738d700>: [GlovalVariable] gblvarDefaultCriticalHitDamageAddPct=10
20240624-223227<INFO :0xf738d700>: [GlovalVariable] gblvarMinCriticalHitDamageAddPct=0
20240624-223227<INFO :0xf738d700>: [GlovalVariable] gblvarMaxCriticalHitDamageAddPct=300
20240624-223227<INFO :0xf738d700>: [GlovalVariable] gblvarPlayerDogeParaA=5
20240624-223227<INFO :0xf738d700>: [GlovalVariable] gblvarPlayerDogeParaB=5
20240624-223227<INFO :0xf738d700>: [GlovalVariable] gblvarMinHitRatePlayer=75
20240624-223227<INFO :0xf738d700>: [GlovalVariable] gblvarMaxHitRatePlayer=100
20240624-223227<INFO :0xf738d700>: [GlovalVariable] gblvarNpcDogeParaA=10
20240624-223227<INFO :0xf738d700>: [GlovalVariable] gblvarNpcDogeParaB=10
20240624-223227<INFO :0xf738d700>: [GlovalVariable] gblvarMinHitRateNpc=50
20240624-223227<INFO :0xf738d700>: [GlovalVariable] gblvarMaxHitRateNpc=100
20240624-223227<INFO :0xf738d700>: [GlovalVariable] gblvarTransLife2DogePara=10000
20240624-223227<INFO :0xf738d700>: [GlovalVariable] gblvarLevel2DogePara=1000
20240624-223227<INFO :0xf738d700>: [GlovalVariable] gblvarStrength2DogePara=100
20240624-223227<INFO :0xf738d700>: [GlovalVariable] gblvarDesterity2DogePara=100
20240624-223227<INFO :0xf738d700>: [GlovalVariable] gblvarEnergy2DogePara=100
20240624-223227<INFO :0xf738d700>: [GlovalVariable] gblvarVitality2DogePara=100
20240624-223227<INFO :0xf738d700>: [GlovalVariable] gblvarObserve2DogePara=100
20240624-223227<INFO :0xf738d700>: [GlovalVariable] gblvarTransLife2HitPara=8500
20240624-223227<INFO :0xf738d700>: [GlovalVariable] gblvarLevel2HitPara=850
20240624-223227<INFO :0xf738d700>: [GlovalVariable] gblvarStrength2HitPara=85
20240624-223227<INFO :0xf738d700>: [GlovalVariable] gblvarDesterity2HitPara=85
20240624-223227<INFO :0xf738d700>: [GlovalVariable] gblvarEnergy2HitPara=85
20240624-223227<INFO :0xf738d700>: [GlovalVariable] gblvarVitality2HitPara=85
20240624-223227<INFO :0xf738d700>: [GlovalVariable] gblvarObserve2HitPara=85
20240624-223227<INFO :0xf738d700>: [CustomAward] 49 lines loaded from [\settings\item\custom_award\custom_award_group.txt]
20240624-223227<INFO :0xf738d700>: [CustomAward] 558 lines loaded from \settings\item\custom_award\custom_award_list.txt
20240624-223227<INFO :0xf738d700>: [CustomAward] 5 lines loaded from \settings\item\custom_award\custom_consume_list.txt
20240624-223227<INFO :0xf738d700>: [CustomAward] total AwardId=558/563/65534
20240624-223227<INFO :0xf738d700>: [CustomAward] RandSeed = 4011434396
20240624-223229<ERROR:0xf738d700>: Skill	Unexpected Skill ID 1261 at row SkillSet22, section SkillStateMutex of file \settings\skill\skill_mutex.ini!
20240624-223229<ERROR:0xf738d700>: Skill	Unexpected Skill ID 1202 at row SkillSet20, section SkillCDShare of file \settings\skill\skill_mutex.ini!
20240624-223229<INFO :0xf738d700>: Loading All Scripts....................
20240624-223230<WARN :0xf738d700>: ****PreOpen [3/1365] packed script file (\settings\static_script\missions\cangjianshanzhuang\mission.lua) fail, file maybe in out pack directory****
20240624-223230<WARN :0xf738d700>: ****PreOpen [5/1365] packed script file (\settings\static_script\vip_feedback_system\ib_consumme_level.lua) fail, file maybe in out pack directory****
20240624-223230<WARN :0xf738d700>: ****PreOpen [11/1365] packed script file (\settings\static_script\missions\hunduantongtianding\trap\trap3.lua) fail, file maybe in out pack directory****
20240624-223230<WARN :0xf738d700>: ****PreOpen [12/1365] packed script file (\settings\static_script\missions\hunduantongtianding\head.lua) fail, file maybe in out pack directory****
20240624-223230<WARN :0xf738d700>: ****PreOpen [14/1365] packed script file (\settings\static_script\online\olympic\oly_define.lua) fail, file maybe in out pack directory****
20240624-223230<WARN :0xf738d700>: ****PreOpen [16/1365] packed script file (\settings\static_script\meridian\meridian_level_update_4.lua) fail, file maybe in out pack directory****
20240624-223230<WARN :0xf738d700>: ****PreOpen [21/1365] packed script file (\settings\static_script\meridian\meridian_level_update_3.lua) fail, file maybe in out pack directory****
20240624-223230<WARN :0xf738d700>: ****PreOpen [29/1365] packed script file (\settings\static_script\lib\item_define.lua) fail, file maybe in out pack directory****
20240624-223230<WARN :0xf738d700>: ****PreOpen [33/1365] packed script file (\settings\static_script\kf_newbattles\battle_medicine_item.lua) fail, file maybe in out pack directory****
20240624-223230<WARN :0xf738d700>: ****PreOpen [36/1365] packed script file (\settings\static_script\missions\hunduantongtianding\trap\trap2.lua) fail, file maybe in out pack directory****
20240624-223230<WARN :0xf738d700>: ****PreOpen [40/1365] packed script file (\settings\static_script\kf_newbattles\emplacementbattle\shaqi_box.lua) fail, file maybe in out pack directory****
20240624-223230<WARN :0xf738d700>: ****PreOpen [42/1365] packed script file (\settings\static_script\kf_newbattles\resourcebattle\resourcebattle_head.lua) fail, file maybe in out pack directory****
20240624-223230<WARN :0xf738d700>: ****PreOpen [43/1365] packed script file (\settings\static_script\exchg_server\exchange_server_npc.lua) fail, file maybe in out pack directory****
20240624-223230<WARN :0xf738d700>: ****PreOpen [45/1365] packed script file (\settings\static_script\kf_newbattles\mainbattle\soldier_npc.lua) fail, file maybe in out pack directory****
20240624-223230<WARN :0xf738d700>: ****PreOpen [47/1365] packed script file (\settings\static_script\meridian\meridian_level_update_2.lua) fail, file maybe in out pack directory****
20240624-223230<WARN :0xf738d700>: ****PreOpen [51/1365] packed script file (\settings\static_script\missions\hunduantongtianding\trap\trap1.lua) fail, file maybe in out pack directory****
20240624-223230<WARN :0xf738d700>: ****PreOpen [65/1365] packed script file (\settings\static_script\global\regular_clear_task_byapp.lua) fail, file maybe in out pack directory****
20240624-223230<WARN :0xf738d700>: ****PreOpen [68/1365] packed script file (\settings\static_script\kf_newbattles\mainbattle_primary\mainbattle_head.lua) fail, file maybe in out pack directory****
20240624-223230<WARN :0xf738d700>: ****PreOpen [70/1365] packed script file (\settings\static_script\meridian\meridian_level_update_1.lua) fail, file maybe in out pack directory****
20240624-223230<WARN :0xf738d700>: ****PreOpen [75/1365] packed script file (\settings\static_script\kf_newbattles\mainbattle\refugee_receive_npc.lua) fail, file maybe in out pack directory****
20240624-223230<WARN :0xf738d700>: ****PreOpen [88/1365] packed script file (\settings\static_script\kf_newbattles\villagebattle\targetnpc_npc.lua) fail, file maybe in out pack directory****
20240624-223230<WARN :0xf738d700>: ****PreOpen [97/1365] packed script file (\settings\static_script\missions\hunduantongtianding\trap\trap6.lua) fail, file maybe in out pack directory****
20240624-223230<WARN :0xf738d700>: ****PreOpen [99/1365] packed script file (\settings\static_script\missions\cangjianshanzhuang\jt_npc.lua) fail, file maybe in out pack directory****
20240624-223230<WARN :0xf738d700>: ****PreOpen [111/1365] packed script file (\settings\static_script\misc\observer\observer_ksg_reg.lua) fail, file maybe in out pack directory****
20240624-223230<WARN :0xf738d700>: ****PreOpen [112/1365] packed script file (\settings\static_script\kf_newbattles\sign_up_primary_npc.lua) fail, file maybe in out pack directory****
20240624-223230<WARN :0xf738d700>: ****PreOpen [113/1365] packed script file (\settings\static_script\meridian\meridian_level_update_6.lua) fail, file maybe in out pack directory****
20240624-223230<WARN :0xf738d700>: ****PreOpen [114/1365] packed script file (\settings\static_script\kf_newbattles\emplacementbattle\position.lua) fail, file maybe in out pack directory****
20240624-223230<WARN :0xf738d700>: ****PreOpen [118/1365] packed script file (\settings\static_script\kf_newbattles\mainbattle\mission\mission_head.lua) fail, file maybe in out pack directory****
20240624-223230<WARN :0xf738d700>: ****PreOpen [119/1365] packed script file (\settings\static_script\missions\hunduantongtianding\trap\trap5.lua) fail, file maybe in out pack directory****
20240624-223230<WARN :0xf738d700>: ****PreOpen [122/1365] packed script file (\settings\static_script\kf_newbattles\mainbattle\anti_cheat\npc_monster.lua) fail, file maybe in out pack directory****
20240624-223230<WARN :0xf738d700>: ****PreOpen [123/1365] packed script file (\settings\static_script\kf_newbattles\battleaward.lua) fail, file maybe in out pack directory****
20240624-223230<WARN :0xf738d700>: ****PreOpen [125/1365] packed script file (\settings\static_script\kf_newbattles\resourcebattle\resource_npc.lua) fail, file maybe in out pack directory****
20240624-223230<WARN :0xf738d700>: ****PreOpen [126/1365] packed script file (\settings\static_script\missions\hunduantongtianding\trap\trap4.lua) fail, file maybe in out pack directory****
20240624-223230<WARN :0xf738d700>: ****PreOpen [128/1365] packed script file (\settings\static_script\kf_newbattles\mainbattle\trap_front.lua) fail, file maybe in out pack directory****
20240624-223230<WARN :0xf738d700>: ****PreOpen [145/1365] packed script file (\settings\static_script\meridian\meridian_level_update_5.lua) fail, file maybe in out pack directory****
20240624-223230<WARN :0xf738d700>: ****PreOpen [166/1365] packed script file (\settings\static_script\vip_feedback_system\yinjuan_api.lua) fail, file maybe in out pack directory****
20240624-223230<WARN :0xf738d700>: ****PreOpen [174/1365] packed script file (\settings\static_script\kf_newbattles\resourcebattle\quartermaster_npc.lua) fail, file maybe in out pack directory****
20240624-223230<WARN :0xf738d700>: ****PreOpen [182/1365] packed script file (\settings\static_script\exchg_server\exchange_paycoin_head.lua) fail, file maybe in out pack directory****
20240624-223230<WARN :0xf738d700>: ****PreOpen [183/1365] packed script file (\settings\static_script\kf_newbattles\resourcebattle\cateran_louluo_death.lua) fail, file maybe in out pack directory****
20240624-223230<WARN :0xf738d700>: ****PreOpen [194/1365] packed script file (\settings\static_script\kf_newbattles\emplacementbattle\trap.lua) fail, file maybe in out pack directory****
20240624-223230<WARN :0xf738d700>: ****PreOpen [195/1365] packed script file (\settings\static_script\online\olympic\oly_award_table.lua) fail, file maybe in out pack directory****
20240624-223230<WARN :0xf738d700>: ****PreOpen [205/1365] packed script file (\settings\static_script\kf_newbattles\villagebattle\knowmandeath.lua) fail, file maybe in out pack directory****
20240624-223230<WARN :0xf738d700>: ****PreOpen [213/1365] packed script file (\settings\static_script\exchg_server\exchange_server_func.lua) fail, file maybe in out pack directory****
20240624-223230<WARN :0xf738d700>: ****PreOpen [239/1365] packed script file (\settings\static_script\kf_newbattles\battlestatistic.lua) fail, file maybe in out pack directory****
20240624-223230<WARN :0xf738d700>: ****PreOpen [241/1365] packed script file (\settings\static_script\kf_newbattles\mainbattle_primary\box_death.lua) fail, file maybe in out pack directory****
20240624-223230<WARN :0xf738d700>: ****PreOpen [250/1365] packed script file (\settings\static_script\kf_newbattles\emplacementbattle\emplacement_death.lua) fail, file maybe in out pack directory****
20240624-223230<WARN :0xf738d700>: ****PreOpen [251/1365] packed script file (\settings\static_script\kf_newbattles\liao_primary_npc.lua) fail, file maybe in out pack directory****
20240624-223230<WARN :0xf738d700>: ****PreOpen [259/1365] packed script file (\settings\static_script\global\tonginfo_task.lua) fail, file maybe in out pack directory****
20240624-223230<WARN :0xf738d700>: ****PreOpen [263/1365] packed script file (\settings\static_script\kf_newbattles\mainbattle_primary\trigger.lua) fail, file maybe in out pack directory****
20240624-223230<WARN :0xf738d700>: ****PreOpen [274/1365] packed script file (\settings\static_script\global\everyday_do.lua) fail, file maybe in out pack directory****
20240624-223230<WARN :0xf738d700>: ****PreOpen [284/1365] packed script file (\settings\static_script\kf_newbattles\emplacementbattle\boss_death.lua) fail, file maybe in out pack directory****
20240624-223230<WARN :0xf738d700>: ****PreOpen [285/1365] packed script file (\settings\static_script\meridian\meridian_title.lua) fail, file maybe in out pack directory****
20240624-223230<WARN :0xf738d700>: ****PreOpen [320/1365] packed script file (\settings\static_script\missions\base\tmission.lua) fail, file maybe in out pack directory****
20240624-223230<WARN :0xf738d700>: ****PreOpen [323/1365] packed script file (\settings\static_script\kf_newbattles\mainbattle_primary\npc_death.lua) fail, file maybe in out pack directory****
20240624-223230<WARN :0xf738d700>: ****PreOpen [335/1365] packed script file (\settings\static_script\kf_newbattles\resourcebattle\hoe_item.lua) fail, file maybe in out pack directory****
20240624-223230<WARN :0xf738d700>: ****PreOpen [347/1365] packed script file (\settings\static_script\kf_newbattles\mainbattle_primary\position.lua) fail, file maybe in out pack directory****
20240624-223230<WARN :0xf738d700>: ****PreOpen [348/1365] packed script file (\settings\static_script\missions\base\missionaward_equip_tbl.lua) fail, file maybe in out pack directory****
20240624-223230<WARN :0xf738d700>: ****PreOpen [349/1365] packed script file (\settings\static_script\kf_newbattles\battleactivity_head.lua) fail, file maybe in out pack directory****
20240624-223230<WARN :0xf738d700>: ****PreOpen [354/1365] packed script file (\settings\static_script\gem\imp_item_gem_box.lua) fail, file maybe in out pack directory****
20240624-223230<WARN :0xf738d700>: ****PreOpen [359/1365] packed script file (\settings\static_script\missions\cangjianshanzhuang\box_jingli.lua) fail, file maybe in out pack directory****
20240624-223230<WARN :0xf738d700>: ****PreOpen [360/1365] packed script file (\settings\static_script\kf_newbattles\functions.lua) fail, file maybe in out pack directory****
20240624-223230<WARN :0xf738d700>: ****PreOpen [362/1365] packed script file (\settings\static_script\missions\cangjianshanzhuang\mission_award.lua) fail, file maybe in out pack directory****
20240624-223230<WARN :0xf738d700>: ****PreOpen [369/1365] packed script file (\settings\static_script\kf_newbattles\resourcebattle\position.lua) fail, file maybe in out pack directory****
20240624-223230<WARN :0xf738d700>: ****PreOpen [374/1365] packed script file (\settings\static_script\kf_newbattles\mainbattle\anti_cheat\npc_jiaoguan.lua) fail, file maybe in out pack directory****
20240624-223230<WARN :0xf738d700>: ****PreOpen [390/1365] packed script file (\settings\static_script\kf_newbattles\emplacementbattle\maingeneral_npc.lua) fail, file maybe in out pack directory****
20240624-223230<WARN :0xf738d700>: ****PreOpen [393/1365] packed script file (\settings\static_script\missions\cangjianshanzhuang\npc\box_tong3.lua) fail, file maybe in out pack directory****
20240624-223230<WARN :0xf738d700>: ****PreOpen [400/1365] packed script file (\settings\static_script\kf_newbattles\villagebattle\villagebattle_head.lua) fail, file maybe in out pack directory****
20240624-223230<WARN :0xf738d700>: ****PreOpen [401/1365] packed script file (\settings\static_script\kf_newbattles\emplacementbattle\emplacementbattle_head.lua) fail, file maybe in out pack directory****
20240624-223230<WARN :0xf738d700>: ****PreOpen [402/1365] packed script file (\settings\static_script\kf_newbattles\villagebattle\header_npc.lua) fail, file maybe in out pack directory****
20240624-223230<WARN :0xf738d700>: ****PreOpen [412/1365] packed script file (\settings\static_script\gem\imp_npc_gem.lua) fail, file maybe in out pack directory****
20240624-223230<WARN :0xf738d700>: ****PreOpen [438/1365] packed script file (\settings\static_script\kf_newbattles\resourcebattle\cateran_header_npc.lua) fail, file maybe in out pack directory****
20240624-223230<WARN :0xf738d700>: ****PreOpen [450/1365] packed script file (\settings\static_script\kf_newbattles\trigger.lua) fail, file maybe in out pack directory****
20240624-223230<WARN :0xf738d700>: ****PreOpen [459/1365] packed script file (\settings\static_script\kf_newbattles\battle_equipment_item.lua) fail, file maybe in out pack directory****
20240624-223230<WARN :0xf738d700>: ****PreOpen [467/1365] packed script file (\settings\static_script\kf_newbattles\mainbattle\druggist_npc.lua) fail, file maybe in out pack directory****
20240624-223230<WARN :0xf738d700>: ****PreOpen [472/1365] packed script file (\settings\static_script\kf_newbattles\resourcebattle\trap.lua) fail, file maybe in out pack directory****
20240624-223230<WARN :0xf738d700>: ****PreOpen [478/1365] packed script file (\settings\static_script\kf_newbattles\resourcebattle\drum_item.lua) fail, file maybe in out pack directory****
20240624-223230<WARN :0xf738d700>: ****PreOpen [482/1365] packed script file (\settings\static_script\kf_newbattles\mainbattle\anti_cheat\player_cheat_op.lua) fail, file maybe in out pack directory****
20240624-223230<WARN :0xf738d700>: ****PreOpen [492/1365] packed script file (\settings\static_script\kf_newbattles\battle_book_item.lua) fail, file maybe in out pack directory****
20240624-223230<WARN :0xf738d700>: ****PreOpen [494/1365] packed script file (\settings\static_script\lib\floyd.lua) fail, file maybe in out pack directory****
20240624-223230<WARN :0xf738d700>: ****PreOpen [495/1365] packed script file (\settings\static_script\cheat\gm_item_tifuzhiyin.lua) fail, file maybe in out pack directory****
20240624-223230<WARN :0xf738d700>: ****PreOpen [503/1365] packed script file (\settings\static_script\meridian\meridian_level_update_condition.lua) fail, file maybe in out pack directory****
20240624-223230<WARN :0xf738d700>: ****PreOpen [521/1365] packed script file (\settings\static_script\missions\cangjianshanzhuang\runtime_data_stat.lua) fail, file maybe in out pack directory****
20240624-223230<WARN :0xf738d700>: ****PreOpen [523/1365] packed script file (\settings\static_script\kf_newbattles\resourcebattle\refugee_npc.lua) fail, file maybe in out pack directory****
20240624-223230<WARN :0xf738d700>: ****PreOpen [527/1365] packed script file (\settings\static_script\server_script.lua) fail, file maybe in out pack directory****
20240624-223230<WARN :0xf738d700>: ****PreOpen [529/1365] packed script file (\settings\static_script\meridian\item_meridian_restore.lua) fail, file maybe in out pack directory****
20240624-223230<WARN :0xf738d700>: ****PreOpen [541/1365] packed script file (\settings\static_script\kf_newbattles\quartermaster_npc.lua) fail, file maybe in out pack directory****
20240624-223230<WARN :0xf738d700>: ****PreOpen [543/1365] packed script file (\settings\static_script\kf_newbattles\mainbattle\mission\timer.lua) fail, file maybe in out pack directory****
20240624-223230<WARN :0xf738d700>: ****PreOpen [544/1365] packed script file (\settings\static_script\kf_newbattles\resourcebattle\maingeneral_npc.lua) fail, file maybe in out pack directory****
20240624-223230<WARN :0xf738d700>: ****PreOpen [545/1365] packed script file (\settings\static_script\kf_newbattles\villagebattle\mission\mission.lua) fail, file maybe in out pack directory****
20240624-223230<WARN :0xf738d700>: ****PreOpen [547/1365] packed script file (\settings\static_script\kf_newbattles\villagebattle\maingeneral_npc.lua) fail, file maybe in out pack directory****
20240624-223230<WARN :0xf738d700>: ****PreOpen [562/1365] packed script file (\settings\static_script\missions\hunduantongtianding\player_death.lua) fail, file maybe in out pack directory****
20240624-223230<WARN :0xf738d700>: ****PreOpen [571/1365] packed script file (\settings\static_script\kf_newbattles\mainbattle_primary\playerdeath.lua) fail, file maybe in out pack directory****
20240624-223230<WARN :0xf738d700>: ****PreOpen [574/1365] packed script file (\settings\static_script\kf_newbattles\emplacementbattle\mission\timer.lua) fail, file maybe in out pack directory****
20240624-223230<WARN :0xf738d700>: ****PreOpen [575/1365] packed script file (\settings\static_script\kf_newbattles\mainbattle\playerdeath.lua) fail, file maybe in out pack directory****
20240624-223230<WARN :0xf738d700>: ****PreOpen [579/1365] packed script file (\settings\static_script\vip_feedback_system\vfs_define.lua) fail, file maybe in out pack directory****
20240624-223230<WARN :0xf738d700>: ****PreOpen [588/1365] packed script file (\settings\static_script\kf_newbattles\resourcebattle\playerdeath.lua) fail, file maybe in out pack directory****
20240624-223230<WARN :0xf738d700>: ****PreOpen [593/1365] packed script file (\settings\static_script\online\qianhe_tower\qht_define.lua) fail, file maybe in out pack directory****
20240624-223230<WARN :0xf738d700>: ****PreOpen [598/1365] packed script file (\settings\static_script\kf_newbattles\mainbattle_primary\mission\injure_timer.lua) fail, file maybe in out pack directory****
20240624-223230<WARN :0xf738d700>: ****PreOpen [603/1365] packed script file (\settings\static_script\missions\cangjianshanzhuang\npc\box_tong2.lua) fail, file maybe in out pack directory****
20240624-223230<WARN :0xf738d700>: ****PreOpen [608/1365] packed script file (\settings\static_script\missions\cangjianshanzhuang\npc\box_tong1.lua) fail, file maybe in out pack directory****
20240624-223230<WARN :0xf738d700>: ****PreOpen [617/1365] packed script file (\settings\static_script\kf_newbattles\resourcebattle\flag_item.lua) fail, file maybe in out pack directory****
20240624-223230<WARN :0xf738d700>: ****PreOpen [626/1365] packed script file (\settings\static_script\missions\hunduantongtianding\runtime_data_stat.lua) fail, file maybe in out pack directory****
20240624-223230<WARN :0xf738d700>: ****PreOpen [628/1365] packed script file (\settings\static_script\kf_newbattles\resourcebattle\mission\timer.lua) fail, file maybe in out pack directory****
20240624-223230<WARN :0xf738d700>: ****PreOpen [634/1365] packed script file (\settings\static_script\kf_newbattles\mainbattle_primary\mission\mission_head.lua) fail, file maybe in out pack directory****
20240624-223230<WARN :0xf738d700>: ****PreOpen [641/1365] packed script file (\settings\static_script\meridian\meridian_level_update.lua) fail, file maybe in out pack directory****
20240624-223230<WARN :0xf738d700>: ****PreOpen [644/1365] packed script file (\settings\static_script\meridian\item_silingguiyuandan.lua) fail, file maybe in out pack directory****
20240624-223230<WARN :0xf738d700>: ****PreOpen [648/1365] packed script file (\settings\static_script\misc\missionaward.lua) fail, file maybe in out pack directory****
20240624-223230<WARN :0xf738d700>: ****PreOpen [662/1365] packed script file (\settings\static_script\kf_newbattles\mainbattle\maingeneral_npc.lua) fail, file maybe in out pack directory****
20240624-223230<WARN :0xf738d700>: ****PreOpen [663/1365] packed script file (\settings\static_script\meridian\item_peiyuandan.lua) fail, file maybe in out pack directory****
20240624-223230<WARN :0xf738d700>: ****PreOpen [667/1365] packed script file (\settings\static_script\kf_newbattles\emplacementbattle\mission\mission_head.lua) fail, file maybe in out pack directory****
20240624-223230<WARN :0xf738d700>: ****PreOpen [669/1365] packed script file (\settings\static_script\global\regular_clear_task.lua) fail, file maybe in out pack directory****
20240624-223230<WARN :0xf738d700>: ****PreOpen [681/1365] packed script file (\settings\static_script\meridian\item_xichendan_imp.lua) fail, file maybe in out pack directory****
20240624-223230<WARN :0xf738d700>: ****PreOpen [686/1365] packed script file (\settings\static_script\kf_newbattles\emplacementbattle\soldier_npc.lua) fail, file maybe in out pack directory****
20240624-223230<WARN :0xf738d700>: ****PreOpen [697/1365] packed script file (\settings\static_script\kf_newbattles\villagebattle\mission\mission_head.lua) fail, file maybe in out pack directory****
20240624-223230<WARN :0xf738d700>: ****PreOpen [702/1365] packed script file (\settings\static_script\kf_newbattles\villagebattle\targetnpcdeath.lua) fail, file maybe in out pack directory****
20240624-223230<WARN :0xf738d700>: ****PreOpen [713/1365] packed script file (\settings\static_script\kf_newbattles\mainbattle\trap_royal_road.lua) fail, file maybe in out pack directory****
20240624-223230<WARN :0xf738d700>: ****PreOpen [714/1365] packed script file (\settings\static_script\kf_newbattles\emplacementbattle\mission\mission.lua) fail, file maybe in out pack directory****
20240624-223230<WARN :0xf738d700>: ****PreOpen [720/1365] packed script file (\settings\static_script\misc\autocleaner\autocleaner_head.lua) fail, file maybe in out pack directory****
20240624-223230<WARN :0xf738d700>: ****PreOpen [739/1365] packed script file (\settings\static_script\kf_newbattles\mainbattle_primary\trap_royal_road.lua) fail, file maybe in out pack directory****
20240624-223230<WARN :0xf738d700>: ****PreOpen [743/1365] packed script file (\settings\static_script\kf_newbattles\mainbattle\anti_cheat\npc_caiji.lua) fail, file maybe in out pack directory****
20240624-223230<WARN :0xf738d700>: ****PreOpen [746/1365] packed script file (\settings\static_script\kf_newbattles\villagebattle\trap.lua) fail, file maybe in out pack directory****
20240624-223230<WARN :0xf738d700>: ****PreOpen [751/1365] packed script file (\settings\static_script\kf_newbattles\villagebattle\mission\timer.lua) fail, file maybe in out pack directory****
20240624-223230<WARN :0xf738d700>: ****PreOpen [754/1365] packed script file (\settings\static_script\lib\teamfunctions.lua) fail, file maybe in out pack directory****
20240624-223230<WARN :0xf738d700>: ****PreOpen [770/1365] packed script file (\settings\static_script\kf_newbattles\resourcebattle\soldier_npc.lua) fail, file maybe in out pack directory****
20240624-223230<WARN :0xf738d700>: ****PreOpen [781/1365] packed script file (\settings\static_script\kf_newbattles\box_effect_head.lua) fail, file maybe in out pack directory****
20240624-223230<WARN :0xf738d700>: ****PreOpen [782/1365] packed script file (\settings\static_script\kf_newbattles\emplacementbattle\playerdeath.lua) fail, file maybe in out pack directory****
20240624-223230<WARN :0xf738d700>: ****PreOpen [794/1365] packed script file (\settings\static_script\meridian\npc_meridian_level_update.lua) fail, file maybe in out pack directory****
20240624-223230<WARN :0xf738d700>: ****PreOpen [806/1365] packed script file (\settings\static_script\missions\hunduantongtianding\mission.lua) fail, file maybe in out pack directory****
20240624-223230<WARN :0xf738d700>: ****PreOpen [809/1365] packed script file (\settings\static_script\kf_newbattles\mainbattle\refugee_talk_npc.lua) fail, file maybe in out pack directory****
20240624-223230<WARN :0xf738d700>: ****PreOpen [815/1365] packed script file (\settings\static_script\runtime_data_stat\runtime_game_data_stat.lua) fail, file maybe in out pack directory****
20240624-223230<WARN :0xf738d700>: ****PreOpen [816/1365] packed script file (\settings\static_script\missions\base\missionbase.lua) fail, file maybe in out pack directory****
20240624-223230<WARN :0xf738d700>: ****PreOpen [820/1365] packed script file (\settings\static_script\exchg_server\exchgsvr_player_login.lua) fail, file maybe in out pack directory****
20240624-223230<WARN :0xf738d700>: ****PreOpen [827/1365] packed script file (\settings\static_script\kf_newbattles\resourcebattle\mission\mission_head.lua) fail, file maybe in out pack directory****
20240624-223230<WARN :0xf738d700>: ****PreOpen [831/1365] packed script file (\settings\static_script\vip_feedback_system\vfs_item_drug.lua) fail, file maybe in out pack directory****
20240624-223230<WARN :0xf738d700>: ****PreOpen [833/1365] packed script file (\settings\static_script\missions\base\runtime_data_stat.lua) fail, file maybe in out pack directory****
20240624-223230<WARN :0xf738d700>: ****PreOpen [834/1365] packed script file (\settings\static_script\kf_newbattles\mainbattle_primary\mission\timer.lua) fail, file maybe in out pack directory****
20240624-223230<WARN :0xf738d700>: ****PreOpen [841/1365] packed script file (\settings\static_script\kf_newbattles\mainbattle\assistant_hirer_npc.lua) fail, file maybe in out pack directory****
20240624-223230<WARN :0xf738d700>: ****PreOpen [842/1365] packed script file (\settings\static_script\kf_newbattles\mainbattle_primary\maingeneral_npc.lua) fail, file maybe in out pack directory****
20240624-223230<WARN :0xf738d700>: ****PreOpen [846/1365] packed script file (\settings\static_script\item\item_jungongzhang_exchg_imp.lua) fail, file maybe in out pack directory****
20240624-223230<WARN :0xf738d700>: ****PreOpen [902/1365] packed script file (\settings\static_script\kf_newbattles\battle_equipment_jungong_or_junxian.lua) fail, file maybe in out pack directory****
20240624-223230<WARN :0xf738d700>: ****PreOpen [909/1365] packed script file (\settings\static_script\kf_newbattles\villagebattle\playerdeath.lua) fail, file maybe in out pack directory****
20240624-223230<WARN :0xf738d700>: ****PreOpen [912/1365] packed script file (\settings\static_script\missions\hunduantongtianding\item\item_smatianmensuipian.lua) fail, file maybe in out pack directory****
20240624-223230<WARN :0xf738d700>: ****PreOpen [928/1365] packed script file (\settings\static_script\kf_newbattles\systemtimemessage\sub_battle_signup.lua) fail, file maybe in out pack directory****
20240624-223230<WARN :0xf738d700>: ****PreOpen [934/1365] packed script file (\settings\static_script\online\general_award_group.lua) fail, file maybe in out pack directory****
20240624-223230<WARN :0xf738d700>: ****PreOpen [935/1365] packed script file (\settings\static_script\kf_newbattles\resourcebattle\mission\mission.lua) fail, file maybe in out pack directory****
20240624-223230<WARN :0xf738d700>: ****PreOpen [943/1365] packed script file (\settings\static_script\missions\base\mission_head.lua) fail, file maybe in out pack directory****
20240624-223230<WARN :0xf738d700>: ****PreOpen [945/1365] packed script file (\settings\static_script\vip_feedback_system\vfs_main.lua) fail, file maybe in out pack directory****
20240624-223230<WARN :0xf738d700>: ****PreOpen [946/1365] packed script file (\settings\static_script\missions\cangjianshanzhuang\wrx_npc.lua) fail, file maybe in out pack directory****
20240624-223230<WARN :0xf738d700>: ****PreOpen [949/1365] packed script file (\settings\static_script\meridian\meridian_zhenqi_transmission.lua) fail, file maybe in out pack directory****
20240624-223230<WARN :0xf738d700>: ****PreOpen [955/1365] packed script file (\settings\static_script\kf_newbattles\resourcebattle\angryvillager_death.lua) fail, file maybe in out pack directory****
20240624-223230<WARN :0xf738d700>: ****PreOpen [963/1365] packed script file (\settings\static_script\missions\base\phasebase.lua) fail, file maybe in out pack directory****
20240624-223230<WARN :0xf738d700>: ****PreOpen [964/1365] packed script file (\settings\static_script\kf_newbattles\emplacementbattle\npc_death.lua) fail, file maybe in out pack directory****
20240624-223230<WARN :0xf738d700>: ****PreOpen [969/1365] packed script file (\settings\static_script\kf_newbattles\mainbattle\anti_cheat\palyer_cheat_detect.lua) fail, file maybe in out pack directory****
20240624-223230<WARN :0xf738d700>: ****PreOpen [975/1365] packed script file (\settings\static_script\kf_newbattles\resourcebattle\environmentalist_death.lua) fail, file maybe in out pack directory****
20240624-223230<WARN :0xf738d700>: ****PreOpen [976/1365] packed script file (\settings\static_script\missions\base\tstage.lua) fail, file maybe in out pack directory****
20240624-223230<WARN :0xf738d700>: ****PreOpen [981/1365] packed script file (\settings\static_script\missions\cangjianshanzhuang\npc\box_tong.lua) fail, file maybe in out pack directory****
20240624-223230<WARN :0xf738d700>: ****PreOpen [983/1365] packed script file (\settings\static_script\global\merit.lua) fail, file maybe in out pack directory****
20240624-223230<WARN :0xf738d700>: ****PreOpen [991/1365] packed script file (\settings\static_script\kf_newbattles\mainbattle\trigger.lua) fail, file maybe in out pack directory****
20240624-223230<WARN :0xf738d700>: ****PreOpen [994/1365] packed script file (\settings\static_script\missions\hunduantongtianding\ttd_award.lua) fail, file maybe in out pack directory****
20240624-223230<WARN :0xf738d700>: ****PreOpen [999/1365] packed script file (\settings\static_script\kf_newbattles\battle_equipment_jungong.lua) fail, file maybe in out pack directory****
20240624-223230<WARN :0xf738d700>: ****PreOpen [1011/1365] packed script file (\settings\static_script\kf_newbattles\mainbattle\box_death.lua) fail, file maybe in out pack directory****
20240624-223230<WARN :0xf738d700>: ****PreOpen [1017/1365] packed script file (\settings\static_script\missions\hunduantongtianding\qrs_npc.lua) fail, file maybe in out pack directory****
20240624-223230<WARN :0xf738d700>: ****PreOpen [1020/1365] packed script file (\settings\static_script\kf_newbattles\mainbattle\mission\mission.lua) fail, file maybe in out pack directory****
20240624-223230<WARN :0xf738d700>: ****PreOpen [1045/1365] packed script file (\settings\static_script\meridian\meridian_payer_login.lua) fail, file maybe in out pack directory****
20240624-223230<WARN :0xf738d700>: ****PreOpen [1046/1365] packed script file (\settings\static_script\misc\missionaward_head.lua) fail, file maybe in out pack directory****
20240624-223230<WARN :0xf738d700>: ****PreOpen [1064/1365] packed script file (\settings\static_script\lib\tag.lua) fail, file maybe in out pack directory****
20240624-223230<WARN :0xf738d700>: ****PreOpen [1074/1365] packed script file (\settings\static_script\kf_newbattles\mainbattle_primary\soldier_npc.lua) fail, file maybe in out pack directory****
20240624-223230<WARN :0xf738d700>: ****PreOpen [1086/1365] packed script file (\settings\static_script\kf_newbattles\villagebattle\armyguide_npc.lua) fail, file maybe in out pack directory****
20240624-223230<WARN :0xf738d700>: ****PreOpen [1087/1365] packed script file (\settings\static_script\kf_newbattles\resourcebattle\cateran_death.lua) fail, file maybe in out pack directory****
20240624-223230<WARN :0xf738d700>: ****PreOpen [1099/1365] packed script file (\settings\static_script\kf_newbattles\mainbattle_primary\refugee_receive_npc.lua) fail, file maybe in out pack directory****
20240624-223230<WARN :0xf738d700>: ****PreOpen [1103/1365] packed script file (\settings\static_script\meridian\vet_jihuo_wuzun.lua) fail, file maybe in out pack directory****
20240624-223230<WARN :0xf738d700>: ****PreOpen [1113/1365] packed script file (\settings\static_script\missions\base\mission_award_base.lua) fail, file maybe in out pack directory****
20240624-223230<WARN :0xf738d700>: ****PreOpen [1114/1365] packed script file (\settings\static_script\online\qianhe_tower\qht_award_table.lua) fail, file maybe in out pack directory****
20240624-223230<WARN :0xf738d700>: ****PreOpen [1132/1365] packed script file (\settings\static_script\misc\autocleaner\autocleaner.lua) fail, file maybe in out pack directory****
20240624-223230<WARN :0xf738d700>: ****PreOpen [1140/1365] packed script file (\settings\static_script\missions\hunduantongtianding\item\item_bigtianmensuipian.lua) fail, file maybe in out pack directory****
20240624-223230<WARN :0xf738d700>: ****PreOpen [1147/1365] packed script file (\settings\static_script\kf_newbattles\sign_up_npc_kf.lua) fail, file maybe in out pack directory****
20240624-223230<WARN :0xf738d700>: ****PreOpen [1150/1365] packed script file (\settings\static_script\missions\base\tphase.lua) fail, file maybe in out pack directory****
20240624-223230<WARN :0xf738d700>: ****PreOpen [1154/1365] packed script file (\settings\static_script\lib\itemfunctions.lua) fail, file maybe in out pack directory****
20240624-223230<WARN :0xf738d700>: ****PreOpen [1160/1365] packed script file (\settings\static_script\missions\hunduantongtianding\entrynpc.lua) fail, file maybe in out pack directory****
20240624-223230<WARN :0xf738d700>: ****PreOpen [1165/1365] packed script file (\settings\static_script\kf_newbattles\emplacementbattle\mission\injure_timer.lua) fail, file maybe in out pack directory****
20240624-223230<WARN :0xf738d700>: ****PreOpen [1167/1365] packed script file (\settings\static_script\kf_newbattles\resourcebattle\mission\sp_timer.lua) fail, file maybe in out pack directory****
20240624-223230<WARN :0xf738d700>: ****PreOpen [1170/1365] packed script file (\settings\static_script\kf_newbattles\battlepoint_head.lua) fail, file maybe in out pack directory****
20240624-223230<WARN :0xf738d700>: ****PreOpen [1178/1365] packed script file (\settings\static_script\global\weekly_do.lua) fail, file maybe in out pack directory****
20240624-223230<WARN :0xf738d700>: ****PreOpen [1187/1365] packed script file (\settings\static_script\missions\mission_task\ttd_wjz_task.lua) fail, file maybe in out pack directory****
20240624-223230<WARN :0xf738d700>: ****PreOpen [1191/1365] packed script file (\settings\static_script\kf_newbattles\mainbattle\mainbattle_head.lua) fail, file maybe in out pack directory****
20240624-223230<WARN :0xf738d700>: ****PreOpen [1192/1365] packed script file (\settings\static_script\kf_newbattles\mainbattle\npc_death.lua) fail, file maybe in out pack directory****
20240624-223230<WARN :0xf738d700>: ****PreOpen [1202/1365] packed script file (\settings\static_script\kf_newbattles\villagebattle\soldier_npc.lua) fail, file maybe in out pack directory****
20240624-223230<WARN :0xf738d700>: ****PreOpen [1218/1365] packed script file (\settings\static_script\kf_newbattles\systemtimemessage\main_battle_signup.lua) fail, file maybe in out pack directory****
20240624-223230<WARN :0xf738d700>: ****PreOpen [1227/1365] packed script file (\settings\static_script\vip_feedback_system\vfs_item_sdrug.lua) fail, file maybe in out pack directory****
20240624-223230<WARN :0xf738d700>: ****PreOpen [1228/1365] packed script file (\settings\static_script\missions\hunduantongtianding\trap\trap8.lua) fail, file maybe in out pack directory****
20240624-223230<WARN :0xf738d700>: ****PreOpen [1233/1365] packed script file (\settings\static_script\kf_newbattles\mainbattle\trap_mid.lua) fail, file maybe in out pack directory****
20240624-223230<WARN :0xf738d700>: ****PreOpen [1237/1365] packed script file (\settings\static_script\missions\hunduantongtianding\trap\trap7.lua) fail, file maybe in out pack directory****
20240624-223230<WARN :0xf738d700>: ****PreOpen [1245/1365] packed script file (\settings\static_script\kf_newbattles\mainbattle\mission\injure_timer.lua) fail, file maybe in out pack directory****
20240624-223230<WARN :0xf738d700>: ****PreOpen [1252/1365] packed script file (\settings\static_script\kf_newbattles\emplacementbattle\box_death.lua) fail, file maybe in out pack directory****
20240624-223230<WARN :0xf738d700>: ****PreOpen [1254/1365] packed script file (\settings\static_script\global\daily_award_limit_api.lua) fail, file maybe in out pack directory****
20240624-223230<WARN :0xf738d700>: ****PreOpen [1257/1365] packed script file (\settings\static_script\kf_newbattles\mainbattle\trap_back.lua) fail, file maybe in out pack directory****
20240624-223230<WARN :0xf738d700>: ****PreOpen [1259/1365] packed script file (\settings\static_script\kf_newbattles\mainbattle_primary\mission\mission.lua) fail, file maybe in out pack directory****
20240624-223230<WARN :0xf738d700>: ****PreOpen [1272/1365] packed script file (\settings\static_script\global\bit_task_support.lua) fail, file maybe in out pack directory****
20240624-223230<WARN :0xf738d700>: ****PreOpen [1276/1365] packed script file (\settings\static_script\missions\hunduantongtianding\wrd_npc.lua) fail, file maybe in out pack directory****
20240624-223230<WARN :0xf738d700>: ****PreOpen [1278/1365] packed script file (\settings\static_script\missions\hunduantongtianding\item\item_tianmensuipian.lua) fail, file maybe in out pack directory****
20240624-223230<WARN :0xf738d700>: ****PreOpen [1302/1365] packed script file (\settings\static_script\missions\cangjianshanzhuang\head.lua) fail, file maybe in out pack directory****
20240624-223230<WARN :0xf738d700>: ****PreOpen [1304/1365] packed script file (\settings\static_script\kf_newbattles\head.lua) fail, file maybe in out pack directory****
20240624-223230<WARN :0xf738d700>: ****PreOpen [1306/1365] packed script file (\settings\static_script\meridian\item_julingwan.lua) fail, file maybe in out pack directory****
20240624-223230<WARN :0xf738d700>: ****PreOpen [1307/1365] packed script file (\settings\static_script\missions\cangjianshanzhuang\npc\box_yin.lua) fail, file maybe in out pack directory****
20240624-223230<WARN :0xf738d700>: ****PreOpen [1315/1365] packed script file (\settings\static_script\misc\data_state\state.lua) fail, file maybe in out pack directory****
20240624-223230<WARN :0xf738d700>: ****PreOpen [1331/1365] packed script file (\settings\static_script\kf_newbattles\sign_up_npc.lua) fail, file maybe in out pack directory****
20240624-223230<WARN :0xf738d700>: ****PreOpen [1333/1365] packed script file (\settings\static_script\kf_newbattles\song_primary_npc.lua) fail, file maybe in out pack directory****
20240624-223230<WARN :0xf738d700>: ****PreOpen [1339/1365] packed script file (\settings\static_script\missions\cangjianshanzhuang\entrynpc.lua) fail, file maybe in out pack directory****
20240624-223230<WARN :0xf738d700>: ****PreOpen [1342/1365] packed script file (\settings\static_script\kf_newbattles\mainbattle\position.lua) fail, file maybe in out pack directory****
20240624-223230<WARN :0xf738d700>: ****PreOpen [1344/1365] packed script file (\settings\static_script\kf_newbattles\villagebattle\position.lua) fail, file maybe in out pack directory****
20240624-223230<WARN :0xf738d700>: ****PreOpen [1354/1365] packed script file (\settings\static_script\lib\val2str.lua) fail, file maybe in out pack directory****
20240624-223230<WARN :0xf738d700>: ****PreOpen [1355/1365] packed script file (\settings\static_script\item\item_gutianmenbaoxiang.lua) fail, file maybe in out pack directory****
20240624-223230<WARN :0xf738d700>: ****PreOpen [1356/1365] packed script file (\settings\static_script\missions\hunduantongtianding\trap\trap_head.lua) fail, file maybe in out pack directory****
20240624-223230<WARN :0xf738d700>: ****PreOpen [1359/1365] packed script file (\settings\static_script\kf_newbattles\mainbattle_primary\refugee_talk_npc.lua) fail, file maybe in out pack directory****
20240624-223230<INFO :0xf738d700>: All Scripts Have Been Loaded! ScriptCount = 8273
20240624-223233<ERROR:0xf738d700>: [LoadRandomNpc] [\maps\世界地图\琅琊洞府.ini] open failed!!!
20240624-223235<INFO :0xf738d700>: 290/400 map(s) has been loaded.
20240624-223235<ERROR:0xf738d700>: SetSpecialSwitch(Index=1,bOpen=0,AccessCode=1157247768) ok, result=0
20240624-223235<ERROR:0xf738d700>: SetSpecialSwitch(Index=2,bOpen=0,AccessCode=3238223681) ok, result=0
20240624-223235<WARN :0xf738d700>: [Load] Invalid template: template ID=472328933l,
20240624-223235<WARN :0xf738d700>: load  npc template [0] fail
20240624-223235<INFO :0xf738d700>: [SystimeTask] load 103/103 systemtimetasks from {\settings\systemtimetask.txt}
20240624-223237<INFO :0xf738d700>: [LoadEnhanceCfg] equip_recycle_enhance.txt line:24 enhance level:0 repeat!
20240624-223237<INFO :0xf738d700>: [LoadEnhanceCfg] equip_recycle_enhance.txt line:25 enhance level:1 repeat!
20240624-223237<INFO :0xf738d700>: [LoadEnhanceCfg] equip_recycle_enhance.txt line:26 enhance level:2 repeat!
20240624-223237<INFO :0xf738d700>: [LoadEnhanceCfg] equip_recycle_enhance.txt line:27 enhance level:3 repeat!
20240624-223237<INFO :0xf738d700>: [LoadEnhanceCfg] equip_recycle_enhance.txt line:28 enhance level:4 repeat!
20240624-223237<INFO :0xf738d700>: [LoadEnhanceCfg] equip_recycle_enhance.txt line:29 enhance level:5 repeat!
20240624-223237<INFO :0xf738d700>: [LoadEnhanceCfg] equip_recycle_enhance.txt line:30 enhance level:6 repeat!
20240624-223237<INFO :0xf738d700>: [LoadEnhanceCfg] equip_recycle_enhance.txt line:31 enhance level:7 repeat!
20240624-223237<INFO :0xf738d700>: [LoadEnhanceCfg] equip_recycle_enhance.txt line:32 enhance level:8 repeat!
20240624-223237<INFO :0xf738d700>: [LoadEnhanceCfg] equip_recycle_enhance.txt line:33 enhance level:9 repeat!
20240624-223237<INFO :0xf738d700>: [LoadEnhanceCfg] equip_recycle_enhance.txt line:34 enhance level:10 repeat!
20240624-223237<INFO :0xf738d700>: [LoadEnhanceCfg] equip_recycle_enhance.txt line:35 enhance level:11 repeat!
20240624-223237<INFO :0xf738d700>: [LoadEnhanceCfg] equip_recycle_enhance.txt line:36 enhance level:12 repeat!
20240624-223237<INFO :0xf738d700>: [LoadEnhanceCfg] equip_recycle_enhance.txt line:37 enhance level:13 repeat!
20240624-223237<INFO :0xf738d700>: [LoadEnhanceCfg] equip_recycle_enhance.txt line:38 enhance level:14 repeat!
20240624-223237<INFO :0xf738d700>: [LoadEnhanceCfg] equip_recycle_enhance.txt line:39 enhance level:15 repeat!
20240624-223237<INFO :0xf738d700>: start to connect Database, IP: 127.0.0.1 - Port: 5001 ... ok!
20240624-223237<INFO :0xf738d700>: start to connect RelayHost, IP: 127.0.0.1 - Port: 5003 ... ok!
20240624-223237<INFO :0xf738d700>: start to connect RelayChat, IP: 127.0.0.1 - Port: 5004 ... ok!
20240624-223237<INFO :0xf738d700>: start to connect RelayTong, IP: 127.0.0.1 - Port: 5005 ... ok!
20240624-223237<INFO :0xf738d700>: start to connect Gateway, IP: 127.0.0.1 - Port: 5633 ... ok!
20240624-223237<INFO :0xf738d700>: [verify_up2date] send Goddess|Relay|Router version request...
20240624-223237<INFO :0xf738d700>: [GameSvr] start up OK----------.
20240624-223237<DEBUG:0xf738d700>: [net dbg] [SendNetMsgToTransfer] frame=0 send=1/39|1 avg=0 
20240624-223237<DEBUG:0xf738d700>: [net dbg] [TransferMessageProcess] [frame -1] total process 0/0=0 trans message
20240624-223237<INFO :0xf738d700>: Start init log database.
20240624-223237<INFO :0xf738d700>: Init log database end.
20240624-223237<INFO :0xf738d700>: [verify_up2date] VerifyUp2dateVersion: Server=Relay code=8DA68FCD need=8DA68FCD result=1
20240624-223237<INFO :0xf738d700>: Recv Bishop time sync(2024-6-24 22:32:37)
20240624-223237<INFO :0xf738d700>: [verify_up2date] send Bishop version request...
20240624-223237<INFO :0xf738d700>: [verify_up2date] VerifyUp2dateVersion: Server=Goddess code=8DA68FCD need=8DA68FCD result=1
20240624-223237<DEBUG:0xf738d700>: [net dbg] [SendNetMsgToTransfer] frame=1 send=1/38|2 avg=0 
20240624-223237<INFO :0xf738d700>: [SOSever::Breathe] MsgLoop:-887 ,MainLoop:7, TotalMsgLoop:-786, Elapse:7 CurBreathCost:4294966416 BreathCount:2
20240624-223237<DEBUG:0xf738d700>: [net dbg] [SendNetMsgToTransfer] frame=2 send=1/37|3 avg=0 
20240624-223237<INFO :0xf738d700>: [verify_up2date] VerifyUp2dateVersion: Server=Bishop code=DCA253A9 need=DCA253A9 result=1
20240624-223237<DEBUG:0xf738d700>: [net dbg] [SendNetMsgToTransfer] frame=3 send=1/36|4 avg=0 
20240624-223237<DEBUG:0xf738d700>: [net dbg] [TransferMessageProcess] [frame 0] total process 305/3=101 trans message
20240624-223237<DEBUG:0xf738d700>: [net dbg] [SendNetMsgToTransfer] frame=4 send=1/35|5 avg=0 
20240624-223237<DEBUG:0xf738d700>: [net dbg] [TransferMessageProcess] [frame 3] total process 365/4=91 trans message
20240624-223237<DEBUG:0xf738d700>: [NormalSmallPackPorcess] Received packet MAP_INDEX_INFO from relay
20240624-223237<INFO :0xf738d700>: Received map index notification from relay (290 maps)
20240624-223237<DEBUG:0xf738d700>: [net dbg] [SendNetMsgToTransfer] frame=5 send=1/34|6 avg=0 
20240624-223237<DEBUG:0xf738d700>: [net dbg] [TransferMessageProcess] [frame 4] total process 2291/8=458 trans message
20240624-223237<DEBUG:0xf738d700>: [net dbg] [SendNetMsgToTransfer] frame=6 send=1/33|7 avg=0 
20240624-223237<DEBUG:0xf738d700>: [net dbg] [TransferMessageProcess] [frame 5] total process 2351/9=391 trans message
20240624-223237<DEBUG:0xf738d700>: [net dbg] [SendNetMsgToTransfer] frame=7 send=1/32|8 avg=0 
20240624-223237<DEBUG:0xf738d700>: [net dbg] [TransferMessageProcess] [frame 6] total process 2411/10=344 trans message
20240624-223237<DEBUG:0xf738d700>: [net dbg] [SendNetMsgToTransfer] frame=8 send=1/31|9 avg=0 
20240624-223237<DEBUG:0xf738d700>: [net dbg] [SendNetMsgToTransfer] frame=9 send=1/30|10 avg=0 
20240624-223237<DEBUG:0xf738d700>: [net dbg] [TransferMessageProcess] [frame 7] total process 2531/12=281 trans message
20240624-223237<DEBUG:0xf738d700>: [net dbg] [SendNetMsgToTransfer] frame=10 send=1/29|11 avg=0 
20240624-223237<DEBUG:0xf738d700>: [net dbg] [TransferMessageProcess] [frame 9] total process 2591/13=259 trans message
20240624-223237<DEBUG:0xf738d700>: [net dbg] [SendNetMsgToTransfer] frame=11 send=1/28|12 avg=0 
20240624-223237<DEBUG:0xf738d700>: [net dbg] [TransferMessageProcess] [frame 10] total process 2651/14=241 trans message
20240624-223237<DEBUG:0xf738d700>: [net dbg] [SendNetMsgToTransfer] frame=12 send=1/27|13 avg=0 
20240624-223237<DEBUG:0xf738d700>: [net dbg] [SendNetMsgToTransfer] frame=13 send=1/26|14 avg=0 
20240624-223237<DEBUG:0xf738d700>: [net dbg] [TransferMessageProcess] [frame 11] total process 2771/16=213 trans message
20240624-223237<DEBUG:0xf738d700>: [net dbg] [SendNetMsgToTransfer] frame=14 send=1/25|15 avg=0 
20240624-223237<DEBUG:0xf738d700>: [net dbg] [SendNetMsgToTransfer] frame=15 send=1/24|16 avg=0 
20240624-223237<DEBUG:0xf738d700>: [net dbg] [TransferMessageProcess] [frame 13] total process 2949/18=196 trans message
20240624-223237<DEBUG:0xf738d700>: [net dbg] [SendNetMsgToTransfer] frame=16 send=1/23|17 avg=0 
20240624-223237<DEBUG:0xf738d700>: [net dbg] [TransferMessageProcess] [frame 15] total process 3009/19=188 trans message
20240624-223237<DEBUG:0xf738d700>: [net dbg] [SendNetMsgToTransfer] frame=17 send=1/22|18 avg=0 
20240624-223237<DEBUG:0xf738d700>: [net dbg] [TransferMessageProcess] [frame 16] total process 3069/20=180 trans message
20240624-223237<DEBUG:0xf738d700>: [net dbg] [SendNetMsgToTransfer] frame=18 send=1/21|19 avg=0 
20240624-223237<DEBUG:0xf738d700>: [net dbg] [SendNetMsgToTransfer] frame=19 send=1/20|20 avg=0 
20240624-223237<DEBUG:0xf738d700>: [net dbg] [TransferMessageProcess] [frame 17] total process 3247/22=170 trans message
20240624-223238<DEBUG:0xf738d700>: [net dbg] [SendNetMsgToTransfer] frame=20 send=1/19|21 avg=0 
20240624-223238<DEBUG:0xf738d700>: [net dbg] [SendNetMsgToTransfer] frame=21 send=1/18|22 avg=0 
20240624-223238<DEBUG:0xf738d700>: [net dbg] [TransferMessageProcess] [frame 19] total process 3437/24=163 trans message
20240624-223238<DEBUG:0xf738d700>: [net dbg] [SendNetMsgToTransfer] frame=22 send=1/17|23 avg=0 
20240624-223238<DEBUG:0xf738d700>: [net dbg] [SendNetMsgToTransfer] frame=23 send=1/16|24 avg=0 
20240624-223238<DEBUG:0xf738d700>: [net dbg] [TransferMessageProcess] [frame 21] total process 3675/27=159 trans message
20240624-223238<DEBUG:0xf738d700>: [net dbg] [SendNetMsgToTransfer] frame=24 send=1/15|25 avg=0 
20240624-223238<DEBUG:0xf738d700>: [net dbg] [TransferMessageProcess] [frame 23] total process 3793/28=158 trans message
20240624-223238<DEBUG:0xf738d700>: [net dbg] [SendNetMsgToTransfer] frame=25 send=1/14|26 avg=0 
20240624-223238<DEBUG:0xf738d700>: [net dbg] [TransferMessageProcess] [frame 24] total process 3853/29=154 trans message
20240624-223238<DEBUG:0xf738d700>: [net dbg] [SendNetMsgToTransfer] frame=26 send=1/13|27 avg=0 
20240624-223238<DEBUG:0xf738d700>: [net dbg] [TransferMessageProcess] [frame 25] total process 3913/30=150 trans message
20240624-223238<DEBUG:0xf738d700>: [net dbg] [SendNetMsgToTransfer] frame=27 send=1/12|28 avg=0 
20240624-223238<DEBUG:0xf738d700>: [net dbg] [SendNetMsgToTransfer] frame=28 send=1/11|29 avg=0 
20240624-223238<DEBUG:0xf738d700>: [net dbg] [TransferMessageProcess] [frame 26] total process 4033/32=144 trans message
20240624-223238<DEBUG:0xf738d700>: [net dbg] [SendNetMsgToTransfer] frame=29 send=1/10|30 avg=0 
20240624-223238<DEBUG:0xf738d700>: [net dbg] [TransferMessageProcess] [frame 28] total process 4093/33=141 trans message
20240624-223238<DEBUG:0xf738d700>: [net dbg] [SendNetMsgToTransfer] frame=30 send=1/9|31 avg=0 
20240624-223238<DEBUG:0xf738d700>: [net dbg] [TransferMessageProcess] [frame 29] total process 4211/34=140 trans message
20240624-223238<DEBUG:0xf738d700>: [net dbg] [SendNetMsgToTransfer] frame=31 send=1/8|32 avg=0 
20240624-223238<DEBUG:0xf738d700>: [net dbg] [SendNetMsgToTransfer] frame=32 send=1/7|33 avg=0 
20240624-223238<DEBUG:0xf738d700>: [net dbg] [TransferMessageProcess] [frame 30] total process 4331/36=135 trans message
20240624-223238<DEBUG:0xf738d700>: [net dbg] [SendNetMsgToTransfer] frame=33 send=1/6|34 avg=0 
20240624-223238<DEBUG:0xf738d700>: [net dbg] [TransferMessageProcess] [frame 32] total process 4391/37=133 trans message
20240624-223238<DEBUG:0xf738d700>: [net dbg] [SendNetMsgToTransfer] frame=34 send=1/5|35 avg=0 
20240624-223238<DEBUG:0xf738d700>: [net dbg] [TransferMessageProcess] [frame 33] total process 4497/38=132 trans message
20240624-223238<DEBUG:0xf738d700>: [net dbg] [SendNetMsgToTransfer] frame=35 send=1/4|36 avg=0 
20240624-223238<DEBUG:0xf738d700>: [net dbg] [SendNetMsgToTransfer] frame=36 send=1/3|37 avg=0 
20240624-223238<DEBUG:0xf738d700>: [net dbg] [TransferMessageProcess] [frame 34] total process 4619/40=128 trans message
20240624-223238<DEBUG:0xf738d700>: [net dbg] [SendNetMsgToTransfer] frame=37 send=1/2|38 avg=0 
20240624-223238<DEBUG:0xf738d700>: [net dbg] [TransferMessageProcess] [frame 36] total process 4871/43=131 trans message
20240624-223239<DEBUG:0xf738d700>: [net dbg] [SendNetMsgToTransfer] frame=38 send=1/1|39 avg=0 
20240624-223239<DEBUG:0xf738d700>: [net dbg] [SendNetMsgToTransfer] frame=39 send=1/0|40 avg=0 
20240624-223239<DEBUG:0xf738d700>: [net dbg] [TransferMessageProcess] [frame 37] total process 4932/44=126 trans message
20240624-223239<DEBUG:0xf738d700>: [net dbg] [TransferMessageProcess] [frame 39] total process 4993/45=92 trans message
20240624-223240<DEBUG:0xf738d700>: [net dbg] [TransferMessageProcess] [frame 54] total process 5123/46=71 trans message
20240624-223241<DEBUG:0xf738d700>: [net dbg] [TransferMessageProcess] [frame 72] total process 5253/47=58 trans message
20240624-223242<INFO :0xf738d700>: [Gateway Kick] Can't find account kan
20240624-223242<DEBUG:0xf738d700>: [net dbg] [TransferMessageProcess] [frame 90] total process 5383/48=49 trans message
20240624-223243<DEBUG:0xf738d700>: [net dbg] [TransferMessageProcess] [frame 108] total process 5513/49=43 trans message
20240624-223244<DEBUG:0xf738d700>: [net dbg] [TransferMessageProcess] [frame 126] total process 5643/50=39 trans message
20240624-223245<INFO :0xf738d700>: [LOGIN/OUT] G2B_ROLE_LOGIN_PERMIT permit acc:kan role:Jx2iiTieuKan.
20240624-223245<INFO :0xf738d700>: [LOGIN/OUT] connection created ln:0 from 192.168.1.13.
20240624-223245<INFO :0xf738d700>: Found player[1] kan(Jx2iiTieuKan) is logging in system!Ip:192.168.1.13 mac:0050-56C0-0008
20240624-223245<INFO :0xf738d700>: [CheckCRC] LoadPlayerBaseInfo(kan, Jx2iiTieuKan) dwCRC=22613662 len=4231
20240624-223245<INFO :0xf738d700>: [PlayerItem] acc=kan, @svr=0/10000000
20240624-223245<INFO :0xf738d700>: [PlayerItem] load=21/21 acc=kan @svr=21/10000000
20240624-223245<INFO :0xf738d700>: PlayerName = Jx2iiTieuKan, sucess load itemlock head data; 72, 72
20240624-223245<INFO :0xf738d700>: PlayerName = Jx2iiTieuKan, 0, 0, 0, 0
20240624-223245<ERROR:0xf738d700>: [Weapon Effect Error]Weapon effect save data of player Jx2iiTieuKan is INVALID.
20240624-223245<INFO :0xf738d700>: [LOGIN/OUT] C2G_ROLE_LOGIN success, idx:1, ln:0, acc:kan, role:Jx2iiTieuKan lv:99
20240624-223246<WARN :0xf738d700>: *********[/script/global/verify_equip.lua]Include script file  {\script\newbattles\battle_equipment_item.lua}{/home/server/gs/script/newbattles/battle_equipment_item.lua} error[3]
20240624-223246<DEBUG:0xf738d700>: [net dbg] [SendNetMsgToTransfer] frame=165 send=1/14|1 avg=0 
20240624-223246<DEBUG:0xf738d700>: [net dbg] [TransferMessageProcess] [frame 144] total process 5773/51=34 trans message
20240624-223246<DEBUG:0xf738d700>: [net dbg] [SendNetMsgToTransfer] frame=166 send=1/13|2 avg=0 
20240624-223246<DEBUG:0xf738d700>: [net dbg] [SendNetMsgToTransfer] frame=167 send=1/12|3 avg=0 
20240624-223246<DEBUG:0xf738d700>: [net dbg] [SendNetMsgToTransfer] frame=168 send=1/11|4 avg=0 
20240624-223246<DEBUG:0xf738d700>: [net dbg] [SendNetMsgToTransfer] frame=169 send=1/10|5 avg=0 
20240624-223246<DEBUG:0xf738d700>: [net dbg] [SendNetMsgToTransfer] frame=170 send=1/9|6 avg=0 
20240624-223246<DEBUG:0xf738d700>: [net dbg] [SendNetMsgToTransfer] frame=171 send=1/8|7 avg=0 
20240624-223246<DEBUG:0xf738d700>: [net dbg] [SendNetMsgToTransfer] frame=172 send=1/7|8 avg=0 
20240624-223246<DEBUG:0xf738d700>: [net dbg] [SendNetMsgToTransfer] frame=173 send=1/6|9 avg=0 
20240624-223246<DEBUG:0xf738d700>: [net dbg] [SendNetMsgToTransfer] frame=174 send=1/5|10 avg=0 
20240624-223246<DEBUG:0xf738d700>: [net dbg] [SendNetMsgToTransfer] frame=175 send=1/4|11 avg=0 
20240624-223246<DEBUG:0xf738d700>: [net dbg] [SendNetMsgToTransfer] frame=176 send=1/3|12 avg=0 
20240624-223246<DEBUG:0xf738d700>: [net dbg] [SendNetMsgToTransfer] frame=177 send=1/2|13 avg=0 
20240624-223246<DEBUG:0xf738d700>: [net dbg] [SendNetMsgToTransfer] frame=178 send=1/1|14 avg=0 
20240624-223246<DEBUG:0xf738d700>: [net dbg] [TransferMessageProcess] [frame 165] total process 5903/52=33 trans message
20240624-223246<DEBUG:0xf738d700>: [net dbg] [SendNetMsgToTransfer] frame=179 send=1/14|15 avg=0 
20240624-223246<DEBUG:0xf738d700>: [net dbg] [TransferMessageProcess] [frame 178] total process 6757/66=37 trans message
20240624-223249<ERROR:0xf738d700>: ****tagGLOBAL_FUNCTIONS::ExecuteScript2:Cannot find script[921890935][OnUse]****
20240624-223305<ERROR:0xf738d700>: gs ping bishop[result=1], CurFrame[520] LastFrame[159] NewFrame[520]
20240624-223305<INFO :0xf738d700>: [BiShopPing] Ping return at 88933.
20240624-223315<ERROR:0xf738d700>: Recv data error, shutdown(linkindex:0)
20240624-223315<INFO :0xf738d700>: [LOGIN/OUT] Connection[0] lost, idx:1, acc:kan, role:Jx2iiTieuKan, GameStatus:PlayerPlaying, ExchangeStatus:ExchangeBegin, LastPingTime:[2024-06-24 22:33:13]
20240624-223315<INFO :0xf738d700>: PlayerName = Jx2iiTieuKan, KItemLockMgr::SaveData, 0, 0, 0
20240624-223315<INFO :0xf738d700>: [CheckCRC] UpdateDBPlayerInfo(kan, Jx2iiTieuKan) dwCRC=EC1CDF90 dwDataLen=4231
20240624-223315<INFO :0xf738d700>: [SavePlayerData] send save request to goddess bUnLock=1, acc:kan, role:Jx2iiTieuKan
20240624-223315<INFO :0xf738d700>: [LOGIN/OUT] G2B_ROLE_LOGOUT idx:1, acc:kan, role:Jx2iiTieuKan
20240624-223315<INFO :0xf738d700>: acc:kan leave game!
20240624-223315<INFO :0xf738d700>: Remove player object . acc kan, role Jx2iiTieuKan
20240624-223316<INFO :0xf738d700>: [Gateway Kick] Can't find account kan
20240624-223321<INFO :0xf738d700>: [LOGIN/OUT] G2B_ROLE_LOGIN_PERMIT permit acc:kan role:Jx2iiTieuKan.
20240624-223322<INFO :0xf738d700>: [LOGIN/OUT] connection created ln:0 from 192.168.1.13.
20240624-223322<INFO :0xf738d700>: Found player[1] kan(Jx2iiTieuKan) is logging in system!Ip:192.168.1.13 mac:0050-56C0-0008
20240624-223322<INFO :0xf738d700>: [CheckCRC] LoadPlayerBaseInfo(kan, Jx2iiTieuKan) dwCRC=EC1CDF90 len=4231
20240624-223322<INFO :0xf738d700>: [PlayerItem] acc=kan, @svr=0/10000000
20240624-223322<INFO :0xf738d700>: [PlayerItem] load=21/21 acc=kan @svr=21/10000000
20240624-223322<INFO :0xf738d700>: PlayerName = Jx2iiTieuKan, sucess load itemlock head data; 72, 72
20240624-223322<INFO :0xf738d700>: PlayerName = Jx2iiTieuKan, 0, 0, 0, 0
20240624-223322<ERROR:0xf738d700>: [Weapon Effect Error]Weapon effect save data of player Jx2iiTieuKan is INVALID.
20240624-223322<INFO :0xf738d700>: [LOGIN/OUT] C2G_ROLE_LOGIN success, idx:1, ln:0, acc:kan, role:Jx2iiTieuKan lv:99
20240624-223333<WARN :0xf738d700>: # GameLogicSpeed : 17 fps.(abnormal!!!)
20240624-223342<ERROR:0xf738d700>: gs ping bishop[result=1], CurFrame[1181] LastFrame[820] NewFrame[1181]
20240624-223342<INFO :0xf738d700>: [BiShopPing] Ping return at 125313.
20240624-223352<INFO :0xf738d700>: gs ping goddess[result=1], CurFrame[1362] LastFrame[821] NewFrame[1362]
20240624-223352<INFO :0xf738d700>: receieve goddess ping reply, goddess time = 134772
20240624-223402<ERROR:0xf738d700>: gs ping bishop[result=1], CurFrame[1542] LastFrame[1181] NewFrame[1542]
20240624-223402<INFO :0xf738d700>: [BiShopPing] Ping return at 144810.
20240624-223419<WARN :0xf738d700>: *********[/script/newbattles/battle_equipment_jungong_or_junxian.lua]Include script file  {\script\newbattles\battle_equipment_item.lua}{/home/server/gs/script/newbattles/battle_equipment_item.lua} error[3]
20240624-223422<INFO :0xf738d700>: gs ping goddess[result=1], CurFrame[1903] LastFrame[1362] NewFrame[1903]
20240624-223422<ERROR:0xf738d700>: gs ping bishop[result=1], CurFrame[1903] LastFrame[1542] NewFrame[1903]
20240624-223422<INFO :0xf738d700>: receieve goddess ping reply, goddess time = 164825
20240624-223422<INFO :0xf738d700>: [BiShopPing] Ping return at 164869.
20240624-223428<ERROR:0xf738d700>: Recv data error, shutdown(linkindex:0)
20240624-223428<INFO :0xf738d700>: [LOGIN/OUT] Connection[0] lost, idx:1, acc:kan, role:Jx2iiTieuKan, GameStatus:PlayerPlaying, ExchangeStatus:ExchangeBegin, LastPingTime:[2024-06-24 22:34:27]
20240624-223428<INFO :0xf738d700>: PlayerName = Jx2iiTieuKan, KItemLockMgr::SaveData, 0, 0, 0
20240624-223428<INFO :0xf738d700>: [CheckCRC] UpdateDBPlayerInfo(kan, Jx2iiTieuKan) dwCRC=9312AFB1 dwDataLen=4727
20240624-223428<INFO :0xf738d700>: [SavePlayerData] send save request to goddess bUnLock=1, acc:kan, role:Jx2iiTieuKan
20240624-223428<INFO :0xf738d700>: [LOGIN/OUT] G2B_ROLE_LOGOUT idx:1, acc:kan, role:Jx2iiTieuKan
20240624-223428<INFO :0xf738d700>: acc:kan leave game!
20240624-223428<INFO :0xf738d700>: Remove player object . acc kan, role Jx2iiTieuKan
20240624-223429<INFO :0xf738d700>: [Gateway Kick] Can't find account kan
20240624-223430<WARN :0xf738d700>: # GameLogicSpeed : 17 fps.(abnormal!!!)
20240624-223433<INFO :0xf738d700>: [LOGIN/OUT] G2B_ROLE_LOGIN_PERMIT permit acc:kan role:Jx2iiTieuKan.
20240624-223435<INFO :0xf738d700>: [LOGIN/OUT] connection created ln:0 from 192.168.1.13.
20240624-223435<INFO :0xf738d700>: Found player[1] kan(Jx2iiTieuKan) is logging in system!Ip:192.168.1.13 mac:0050-56C0-0008
20240624-223435<INFO :0xf738d700>: [CheckCRC] LoadPlayerBaseInfo(kan, Jx2iiTieuKan) dwCRC=9312AFB1 len=4727
20240624-223435<INFO :0xf738d700>: [PlayerItem] acc=kan, @svr=0/10000000
20240624-223435<INFO :0xf738d700>: [PlayerItem] load=29/29 acc=kan @svr=29/10000000
20240624-223435<INFO :0xf738d700>: PlayerName = Jx2iiTieuKan, sucess load itemlock head data; 72, 72
20240624-223435<INFO :0xf738d700>: PlayerName = Jx2iiTieuKan, 0, 0, 0, 0
20240624-223435<ERROR:0xf738d700>: [Weapon Effect Error]Weapon effect save data of player Jx2iiTieuKan is INVALID.
20240624-223435<INFO :0xf738d700>: [LOGIN/OUT] C2G_ROLE_LOGIN success, idx:1, ln:0, acc:kan, role:Jx2iiTieuKan lv:99
20240624-223455<ERROR:0xf738d700>: gs ping bishop[result=1], CurFrame[2487] LastFrame[2126] NewFrame[2487]
20240624-223455<INFO :0xf738d700>: [BiShopPing] Ping return at 197287.
20240624-223505<INFO :0xf738d700>: gs ping goddess[result=1], CurFrame[2668] LastFrame[2127] NewFrame[2668]
20240624-223505<INFO :0xf738d700>: receieve goddess ping reply, goddess time = 207320
20240624-223513<WARN :0xf738d700>: # GameLogicSpeed : 17 fps.(abnormal!!!)
20240624-223515<ERROR:0xf738d700>: gs ping bishop[result=1], CurFrame[2848] LastFrame[2487] NewFrame[2848]
20240624-223515<INFO :0xf738d700>: [BiShopPing] Ping return at 217351.
20240624-223535<INFO :0xf738d700>: gs ping goddess[result=1], CurFrame[3209] LastFrame[2668] NewFrame[3209]
20240624-223535<ERROR:0xf738d700>: gs ping bishop[result=1], CurFrame[3209] LastFrame[2848] NewFrame[3209]
20240624-223535<INFO :0xf738d700>: receieve goddess ping reply, goddess time = 237371
20240624-223535<INFO :0xf738d700>: [BiShopPing] Ping return at 237375.
20240624-223536<INFO :0xf738d700>: [Frame debug] Frame 3240
20240624-223555<ERROR:0xf738d700>: gs ping bishop[result=1], CurFrame[3570] LastFrame[3209] NewFrame[3570]
20240624-223555<INFO :0xf738d700>: [BiShopPing] Ping return at 257431.
20240624-223556<WARN :0xf738d700>: # GameLogicSpeed : 17 fps.(abnormal!!!)
20240624-223605<INFO :0xf738d700>: gs ping goddess[result=1], CurFrame[3750] LastFrame[3209] NewFrame[3750]
20240624-223605<INFO :0xf738d700>: receieve goddess ping reply, goddess time = 267409
20240624-223610<WARN :0xf738d700>: # GameLogicSpeed : 17 fps.(abnormal!!!)
20240624-223615<ERROR:0xf738d700>: gs ping bishop[result=1], CurFrame[3931] LastFrame[3570] NewFrame[3931]
20240624-223615<INFO :0xf738d700>: [BiShopPing] Ping return at 277472.
20240624-223622<WARN :0xf738d700>: g_GetScript find unpreloaded file [\script\中原一区\汴京府东\npc\汴京府东野兔.lua]
20240624-223635<INFO :0xf738d700>: gs ping goddess[result=1], CurFrame[4291] LastFrame[3750] NewFrame[4291]
20240624-223635<INFO :0xf738d700>: receieve goddess ping reply, goddess time = 297444
20240624-223635<ERROR:0xf738d700>: gs ping bishop[result=1], CurFrame[4292] LastFrame[3931] NewFrame[4292]
20240624-223635<INFO :0xf738d700>: [BiShopPing] Ping return at 297526.
20240624-223652<WARN :0xf738d700>: # GameLogicSpeed : 17 fps.(abnormal!!!)
20240624-223655<ERROR:0xf738d700>: gs ping bishop[result=1], CurFrame[4653] LastFrame[4292] NewFrame[4653]
20240624-223655<INFO :0xf738d700>: [BiShopPing] Ping return at 317567.
20240624-223701<WARN :0xf738d700>: g_GetScript find unpreloaded file [\script\中原一区\汴京府东\npc\汴京府东灰兔.lua]
20240624-223705<INFO :0xf738d700>: gs ping goddess[result=1], CurFrame[4832] LastFrame[4291] NewFrame[4832]
20240624-223705<INFO :0xf738d700>: receieve goddess ping reply, goddess time = 327474
20240624-223707<WARN :0xf738d700>: # GameLogicSpeed : 17 fps.(abnormal!!!)
20240624-223715<ERROR:0xf738d700>: gs ping bishop[result=1], CurFrame[5014] LastFrame[4653] NewFrame[5014]
20240624-223715<INFO :0xf738d700>: [BiShopPing] Ping return at 337589.
20240624-223735<INFO :0xf738d700>: gs ping goddess[result=1], CurFrame[5373] LastFrame[4832] NewFrame[5373]
20240624-223735<INFO :0xf738d700>: receieve goddess ping reply, goddess time = 357463
20240624-223735<ERROR:0xf738d700>: gs ping bishop[result=1], CurFrame[5375] LastFrame[5014] NewFrame[5375]
20240624-223735<INFO :0xf738d700>: [BiShopPing] Ping return at 357607.
20240624-223749<WARN :0xf738d700>: # GameLogicSpeed : 17 fps.(abnormal!!!)
20240624-223755<ERROR:0xf738d700>: gs ping bishop[result=1], CurFrame[5736] LastFrame[5375] NewFrame[5736]
20240624-223755<INFO :0xf738d700>: [BiShopPing] Ping return at 377628.
20240624-223805<INFO :0xf738d700>: gs ping goddess[result=1], CurFrame[5914] LastFrame[5373] NewFrame[5914]
20240624-223805<INFO :0xf738d700>: receieve goddess ping reply, goddess time = 387477
20240624-223815<ERROR:0xf738d700>: gs ping bishop[result=1], CurFrame[6097] LastFrame[5736] NewFrame[6097]
20240624-223815<INFO :0xf738d700>: [BiShopPing] Ping return at 397650.
20240624-223835<INFO :0xf738d700>: gs ping goddess[result=1], CurFrame[6455] LastFrame[5914] NewFrame[6455]
20240624-223835<INFO :0xf738d700>: receieve goddess ping reply, goddess time = 417537
20240624-223835<ERROR:0xf738d700>: gs ping bishop[result=1], CurFrame[6458] LastFrame[6097] NewFrame[6458]
20240624-223835<INFO :0xf738d700>: [BiShopPing] Ping return at 417718.
20240624-223836<INFO :0xf738d700>: [Frame debug] Frame 6480
20240624-223855<ERROR:0xf738d700>: gs ping bishop[result=1], CurFrame[6819] LastFrame[6458] NewFrame[6819]
20240624-223855<INFO :0xf738d700>: [BiShopPing] Ping return at 437788.
20240624-223905<INFO :0xf738d700>: gs ping goddess[result=1], CurFrame[6996] LastFrame[6455] NewFrame[6996]
20240624-223905<INFO :0xf738d700>: receieve goddess ping reply, goddess time = 447761
20240624-223915<ERROR:0xf738d700>: gs ping bishop[result=1], CurFrame[7180] LastFrame[6819] NewFrame[7180]
20240624-223915<INFO :0xf738d700>: [BiShopPing] Ping return at 457985.
20240624-223935<INFO :0xf738d700>: gs ping goddess[result=1], CurFrame[7537] LastFrame[6996] NewFrame[7537]
20240624-223935<INFO :0xf738d700>: receieve goddess ping reply, goddess time = 477825
20240624-223935<ERROR:0xf738d700>: gs ping bishop[result=1], CurFrame[7541] LastFrame[7180] NewFrame[7541]
20240624-223935<INFO :0xf738d700>: [BiShopPing] Ping return at 478057.
20240624-223943<WARN :0xf738d700>: # GameLogicSpeed : 17 fps.(abnormal!!!)
20240624-223955<ERROR:0xf738d700>: gs ping bishop[result=1], CurFrame[7902] LastFrame[7541] NewFrame[7902]
20240624-223955<INFO :0xf738d700>: [BiShopPing] Ping return at 498125.
20240624-224005<INFO :0xf738d700>: gs ping goddess[result=1], CurFrame[8078] LastFrame[7537] NewFrame[8078]
20240624-224005<INFO :0xf738d700>: receieve goddess ping reply, goddess time = 507878
20240624-224015<ERROR:0xf738d700>: gs ping bishop[result=1], CurFrame[8263] LastFrame[7902] NewFrame[8263]
20240624-224015<INFO :0xf738d700>: [BiShopPing] Ping return at 518164.
20240624-224026<WARN :0xf738d700>: # GameLogicSpeed : 17 fps.(abnormal!!!)
20240624-224035<INFO :0xf738d700>: gs ping goddess[result=1], CurFrame[8619] LastFrame[8078] NewFrame[8619]
20240624-224035<INFO :0xf738d700>: receieve goddess ping reply, goddess time = 537930
20240624-224036<ERROR:0xf738d700>: gs ping bishop[result=1], CurFrame[8624] LastFrame[8263] NewFrame[8624]
20240624-224036<INFO :0xf738d700>: [BiShopPing] Ping return at 538236.
20240624-224054<WARN :0xf738d700>: # GameLogicSpeed : 17 fps.(abnormal!!!)
20240624-224056<ERROR:0xf738d700>: gs ping bishop[result=1], CurFrame[8985] LastFrame[8624] NewFrame[8985]
20240624-224056<INFO :0xf738d700>: [BiShopPing] Ping return at 558298.
20240624-224105<INFO :0xf738d700>: gs ping goddess[result=1], CurFrame[9160] LastFrame[8619] NewFrame[9160]
20240624-224105<INFO :0xf738d700>: receieve goddess ping reply, goddess time = 567984
20240624-224116<ERROR:0xf738d700>: gs ping bishop[result=1], CurFrame[9346] LastFrame[8985] NewFrame[9346]
20240624-224116<INFO :0xf738d700>: [BiShopPing] Ping return at 578332.
20240624-224135<INFO :0xf738d700>: gs ping goddess[result=1], CurFrame[9701] LastFrame[9160] NewFrame[9701]
20240624-224135<INFO :0xf738d700>: receieve goddess ping reply, goddess time = 598045
20240624-224136<ERROR:0xf738d700>: gs ping bishop[result=1], CurFrame[9707] LastFrame[9346] NewFrame[9707]
20240624-224136<INFO :0xf738d700>: [BiShopPing] Ping return at 598380.
20240624-224136<INFO :0xf738d700>: [Frame debug] Frame 9720
20240624-224151<WARN :0xf738d700>: # GameLogicSpeed : 17 fps.(abnormal!!!)
20240624-224156<ERROR:0xf738d700>: gs ping bishop[result=1], CurFrame[10068] LastFrame[9707] NewFrame[10068]
20240624-224156<INFO :0xf738d700>: [BiShopPing] Ping return at 618449.
20240624-224205<INFO :0xf738d700>: gs ping goddess[result=1], CurFrame[10242] LastFrame[9701] NewFrame[10242]
20240624-224205<INFO :0xf738d700>: receieve goddess ping reply, goddess time = 628093
20240624-224216<ERROR:0xf738d700>: gs ping bishop[result=1], CurFrame[10429] LastFrame[10068] NewFrame[10429]
20240624-224216<INFO :0xf738d700>: [BiShopPing] Ping return at 638518.
20240624-224220<WARN :0xf738d700>: # GameLogicSpeed : 17 fps.(abnormal!!!)
20240624-224224<ERROR:0xf738d700>: [Script] [4042852611, 1800]{/script/online_activites/treasure_box/trigger.lua}remove a none copy map dialog npc[100:Tuyn Chu].[28832:Thng nhn Ty Vc].
20240624-224224<ERROR:0xf738d700>: [Script] [4042852611, 1500]{/script/online_activites/treasure_box/trigger.lua}remove a none copy map dialog npc[510:Dc Vng ng].[28833:Dc Nhn Tho].
20240624-224224<ERROR:0xf738d700>: [Script] [4042852611, 1500]{/script/online_activites/treasure_box/trigger.lua}remove a none copy map dialog npc[510:Dc Vng ng].[28834:Dc Nhn Tho].
20240624-224224<ERROR:0xf738d700>: [Script] [4042852611, 1500]{/script/online_activites/treasure_box/trigger.lua}remove a none copy map dialog npc[510:Dc Vng ng].[28835:Dc Nhn Tho].
20240624-224224<ERROR:0xf738d700>: [Script] [4042852611, 1500]{/script/online_activites/treasure_box/trigger.lua}remove a none copy map dialog npc[510:Dc Vng ng].[28836:Dc Nhn Tho].
20240624-224224<ERROR:0xf738d700>: [Script] [4042852611, 1500]{/script/online_activites/treasure_box/trigger.lua}remove a none copy map dialog npc[510:Dc Vng ng].[28837:Dc Nhn Tho].
20240624-224224<ERROR:0xf738d700>: [Script] [4042852611, 1500]{/script/online_activites/treasure_box/trigger.lua}remove a none copy map dialog npc[510:Dc Vng ng].[28838:Dc Nhn Tho].
20240624-224224<ERROR:0xf738d700>: [Script] [4042852611, 1500]{/script/online_activites/treasure_box/trigger.lua}remove a none copy map dialog npc[510:Dc Vng ng].[28839:Dc Nhn Tho].
20240624-224224<ERROR:0xf738d700>: [Script] [4042852611, 1500]{/script/online_activites/treasure_box/trigger.lua}remove a none copy map dialog npc[510:Dc Vng ng].[28840:Dc Nhn Tho].
20240624-224224<ERROR:0xf738d700>: [Script] [4042852611, 1500]{/script/online_activites/treasure_box/trigger.lua}remove a none copy map dialog npc[510:Dc Vng ng].[28841:Dc Nhn Tho].
20240624-224224<ERROR:0xf738d700>: [Script] [4042852611, 1500]{/script/online_activites/treasure_box/trigger.lua}remove a none copy map dialog npc[510:Dc Vng ng].[28842:Dc Nhn Tho].
20240624-224224<ERROR:0xf738d700>: [Script] [4042852611, 1500]{/script/online_activites/treasure_box/trigger.lua}remove a none copy map dialog npc[510:Dc Vng ng].[28843:Dc Nhn Tho].
20240624-224224<ERROR:0xf738d700>: [Script] [4042852611, 1500]{/script/online_activites/treasure_box/trigger.lua}remove a none copy map dialog npc[510:Dc Vng ng].[28844:Dc Nhn Tho].
20240624-224224<ERROR:0xf738d700>: [Script] [4042852611, 1500]{/script/online_activites/treasure_box/trigger.lua}remove a none copy map dialog npc[510:Dc Vng ng].[28845:Dc Nhn Tho].
20240624-224224<ERROR:0xf738d700>: [Script] [4042852611, 1500]{/script/online_activites/treasure_box/trigger.lua}remove a none copy map dialog npc[510:Dc Vng ng].[28846:Dc Nhn Tho].
20240624-224224<ERROR:0xf738d700>: [Script] [4042852611, 1500]{/script/online_activites/treasure_box/trigger.lua}remove a none copy map dialog npc[510:Dc Vng ng].[28847:Dc Nhn Tho].
20240624-224224<ERROR:0xf738d700>: [Script] [4042852611, 1500]{/script/online_activites/treasure_box/trigger.lua}remove a none copy map dialog npc[510:Dc Vng ng].[28848:Dc Nhn Tho].
20240624-224224<ERROR:0xf738d700>: [Script] [4042852611, 1500]{/script/online_activites/treasure_box/trigger.lua}remove a none copy map dialog npc[510:Dc Vng ng].[28849:Dc Nhn Tho].
20240624-224224<ERROR:0xf738d700>: [Script] [4042852611, 1500]{/script/online_activites/treasure_box/trigger.lua}remove a none copy map dialog npc[510:Dc Vng ng].[28850:Dc Nhn Tho].
20240624-224224<ERROR:0xf738d700>: [Script] [4042852611, 1500]{/script/online_activites/treasure_box/trigger.lua}remove a none copy map dialog npc[510:Dc Vng ng].[28851:Dc Nhn Tho].
20240624-224224<ERROR:0xf738d700>: [Script] [4042852611, 1500]{/script/online_activites/treasure_box/trigger.lua}remove a none copy map dialog npc[510:Dc Vng ng].[28852:Dc Nhn Tho].
20240624-224224<ERROR:0xf738d700>: [Script] [4042852611, 1500]{/script/online_activites/treasure_box/trigger.lua}remove a none copy map dialog npc[510:Dc Vng ng].[28853:Dc Nhn Tho].
20240624-224224<ERROR:0xf738d700>: [Script] [4042852611, 1500]{/script/online_activites/treasure_box/trigger.lua}remove a none copy map dialog npc[510:Dc Vng ng].[28854:Dc Nhn Tho].
20240624-224224<ERROR:0xf738d700>: [Script] [4042852611, 1500]{/script/online_activites/treasure_box/trigger.lua}remove a none copy map dialog npc[510:Dc Vng ng].[28855:Dc Nhn Tho].
20240624-224224<ERROR:0xf738d700>: [Script] [4042852611, 1500]{/script/online_activites/treasure_box/trigger.lua}remove a none copy map dialog npc[510:Dc Vng ng].[28856:Dc Nhn Tho].
20240624-224224<ERROR:0xf738d700>: [Script] [4042852611, 1500]{/script/online_activites/treasure_box/trigger.lua}remove a none copy map dialog npc[510:Dc Vng ng].[28857:Dc Nhn Tho].
20240624-224224<ERROR:0xf738d700>: [Script] [4042852611, 1500]{/script/online_activites/treasure_box/trigger.lua}remove a none copy map dialog npc[510:Dc Vng ng].[28858:Dc Nhn Tho].
20240624-224224<ERROR:0xf738d700>: [Script] [4042852611, 1500]{/script/online_activites/treasure_box/trigger.lua}remove a none copy map dialog npc[510:Dc Vng ng].[28859:Dc Nhn Tho].
20240624-224224<ERROR:0xf738d700>: [Script] [4042852611, 1500]{/script/online_activites/treasure_box/trigger.lua}remove a none copy map dialog npc[510:Dc Vng ng].[28860:Dc Nhn Tho].
20240624-224224<ERROR:0xf738d700>: [Script] [4042852611, 1500]{/script/online_activites/treasure_box/trigger.lua}remove a none copy map dialog npc[510:Dc Vng ng].[28861:Dc Nhn Tho].
20240624-224224<ERROR:0xf738d700>: [Script] [4042852611, 1500]{/script/online_activites/treasure_box/trigger.lua}remove a none copy map dialog npc[510:Dc Vng ng].[28862:Dc Nhn Tho].
20240624-224224<ERROR:0xf738d700>: [Script] [4042852611, 1500]{/script/online_activites/treasure_box/trigger.lua}remove a none copy map dialog npc[510:Dc Vng ng].[28863:Dc Nhn Tho].
20240624-224224<ERROR:0xf738d700>: [Script] [4042852611, 1500]{/script/online_activites/treasure_box/trigger.lua}remove a none copy map dialog npc[510:Dc Vng ng].[28864:Dc Nhn Tho].
20240624-224224<ERROR:0xf738d700>: [Script] [4042852611, 1500]{/script/online_activites/treasure_box/trigger.lua}remove a none copy map dialog npc[510:Dc Vng ng].[28865:Dc Nhn Tho].
20240624-224224<ERROR:0xf738d700>: [Script] [4042852611, 1500]{/script/online_activites/treasure_box/trigger.lua}remove a none copy map dialog npc[510:Dc Vng ng].[28866:Dc Nhn Tho].
20240624-224224<ERROR:0xf738d700>: [Script] [4042852611, 1500]{/script/online_activites/treasure_box/trigger.lua}remove a none copy map dialog npc[510:Dc Vng ng].[28867:Dc Nhn Tho].
20240624-224224<ERROR:0xf738d700>: [Script] [4042852611, 1500]{/script/online_activites/treasure_box/trigger.lua}remove a none copy map dialog npc[506:M cung sa mc].[28868:Tch Dng cn].
20240624-224224<ERROR:0xf738d700>: [Script] [4042852611, 1500]{/script/online_activites/treasure_box/trigger.lua}remove a none copy map dialog npc[506:M cung sa mc].[28869:Tch Dng cn].
20240624-224224<ERROR:0xf738d700>: [Script] [4042852611, 1500]{/script/online_activites/treasure_box/trigger.lua}remove a none copy map dialog npc[506:M cung sa mc].[28870:Tch Dng cn].
20240624-224224<ERROR:0xf738d700>: [Script] [4042852611, 1500]{/script/online_activites/treasure_box/trigger.lua}remove a none copy map dialog npc[506:M cung sa mc].[28871:Tch Dng cn].
20240624-224224<ERROR:0xf738d700>: [Script] [4042852611, 1500]{/script/online_activites/treasure_box/trigger.lua}remove a none copy map dialog npc[506:M cung sa mc].[28872:Tch Dng cn].
20240624-224224<ERROR:0xf738d700>: [Script] [4042852611, 1500]{/script/online_activites/treasure_box/trigger.lua}remove a none copy map dialog npc[506:M cung sa mc].[28873:Tch Dng cn].
20240624-224224<ERROR:0xf738d700>: [Script] [4042852611, 1500]{/script/online_activites/treasure_box/trigger.lua}remove a none copy map dialog npc[506:M cung sa mc].[28874:Tch Dng cn].
20240624-224224<ERROR:0xf738d700>: [Script] [4042852611, 1500]{/script/online_activites/treasure_box/trigger.lua}remove a none copy map dialog npc[506:M cung sa mc].[28875:Tch Dng cn].
20240624-224224<ERROR:0xf738d700>: [Script] [4042852611, 1500]{/script/online_activites/treasure_box/trigger.lua}remove a none copy map dialog npc[506:M cung sa mc].[28876:Tch Dng cn].
20240624-224224<ERROR:0xf738d700>: [Script] [4042852611, 1500]{/script/online_activites/treasure_box/trigger.lua}remove a none copy map dialog npc[506:M cung sa mc].[28877:Tch Dng cn].
20240624-224224<ERROR:0xf738d700>: [Script] [4042852611, 1500]{/script/online_activites/treasure_box/trigger.lua}remove a none copy map dialog npc[506:M cung sa mc].[28878:Tch Dng cn].
20240624-224224<ERROR:0xf738d700>: [Script] [4042852611, 1500]{/script/online_activites/treasure_box/trigger.lua}remove a none copy map dialog npc[506:M cung sa mc].[28879:Tch Dng cn].
20240624-224224<ERROR:0xf738d700>: [Script] [4042852611, 1500]{/script/online_activites/treasure_box/trigger.lua}remove a none copy map dialog npc[506:M cung sa mc].[28880:Tch Dng cn].
20240624-224224<ERROR:0xf738d700>: [Script] [4042852611, 1500]{/script/online_activites/treasure_box/trigger.lua}remove a none copy map dialog npc[506:M cung sa mc].[28881:Tch Dng cn].
20240624-224224<ERROR:0xf738d700>: [Script] [4042852611, 1500]{/script/online_activites/treasure_box/trigger.lua}remove a none copy map dialog npc[506:M cung sa mc].[28882:Tch Dng cn].
20240624-224224<ERROR:0xf738d700>: [Script] [4042852611, 1500]{/script/online_activites/treasure_box/trigger.lua}remove a none copy map dialog npc[506:M cung sa mc].[28883:Tch Dng cn].
20240624-224224<ERROR:0xf738d700>: [Script] [4042852611, 1500]{/script/online_activites/treasure_box/trigger.lua}remove a none copy map dialog npc[506:M cung sa mc].[28884:Tch Dng cn].
20240624-224224<ERROR:0xf738d700>: [Script] [4042852611, 1500]{/script/online_activites/treasure_box/trigger.lua}remove a none copy map dialog npc[506:M cung sa mc].[28885:Tch Dng cn].
20240624-224224<ERROR:0xf738d700>: [Script] [4042852611, 1500]{/script/online_activites/treasure_box/trigger.lua}remove a none copy map dialog npc[506:M cung sa mc].[28886:Tch Dng cn].
20240624-224224<ERROR:0xf738d700>: [Script] [4042852611, 1500]{/script/online_activites/treasure_box/trigger.lua}remove a none copy map dialog npc[506:M cung sa mc].[28887:Tch Dng cn].
20240624-224224<ERROR:0xf738d700>: [Script] [4042852611, 1500]{/script/online_activites/treasure_box/trigger.lua}remove a none copy map dialog npc[506:M cung sa mc].[28888:Tch Dng cn].
20240624-224224<ERROR:0xf738d700>: [Script] [4042852611, 1500]{/script/online_activites/treasure_box/trigger.lua}remove a none copy map dialog npc[506:M cung sa mc].[28889:Tch Dng cn].
20240624-224224<ERROR:0xf738d700>: [Script] [4042852611, 1500]{/script/online_activites/treasure_box/trigger.lua}remove a none copy map dialog npc[506:M cung sa mc].[28890:Tch Dng cn].
20240624-224224<ERROR:0xf738d700>: [Script] [4042852611, 1500]{/script/online_activites/treasure_box/trigger.lua}remove a none copy map dialog npc[506:M cung sa mc].[28891:Tch Dng cn].
20240624-224224<ERROR:0xf738d700>: [Script] [4042852611, 1500]{/script/online_activites/treasure_box/trigger.lua}remove a none copy map dialog npc[506:M cung sa mc].[28892:Tch Dng cn].
20240624-224224<ERROR:0xf738d700>: [Script] [4042852611, 1500]{/script/online_activites/treasure_box/trigger.lua}remove a none copy map dialog npc[506:M cung sa mc].[28893:Tch Dng cn].
20240624-224224<ERROR:0xf738d700>: [Script] [4042852611, 1500]{/script/online_activites/treasure_box/trigger.lua}remove a none copy map dialog npc[506:M cung sa mc].[28894:Tch Dng cn].
20240624-224224<ERROR:0xf738d700>: [Script] [4042852611, 1500]{/script/online_activites/treasure_box/trigger.lua}remove a none copy map dialog npc[506:M cung sa mc].[28895:Tch Dng cn].
20240624-224224<ERROR:0xf738d700>: [Script] [4042852611, 1500]{/script/online_activites/treasure_box/trigger.lua}remove a none copy map dialog npc[506:M cung sa mc].[28896:Tch Dng cn].
20240624-224224<ERROR:0xf738d700>: [Script] [4042852611, 1500]{/script/online_activites/treasure_box/trigger.lua}remove a none copy map dialog npc[506:M cung sa mc].[28897:Tch Dng cn].
20240624-224224<ERROR:0xf738d700>: [Script] [4042852611, 1500]{/script/online_activites/treasure_box/trigger.lua}remove a none copy map dialog npc[506:M cung sa mc].[28898:Tch Dng cn].
20240624-224224<ERROR:0xf738d700>: [Script] [4042852611, 1500]{/script/online_activites/treasure_box/trigger.lua}remove a none copy map dialog npc[506:M cung sa mc].[28899:Tch Dng cn].
20240624-224224<ERROR:0xf738d700>: [Script] [4042852611, 1500]{/script/online_activites/treasure_box/trigger.lua}remove a none copy map dialog npc[506:M cung sa mc].[28900:Tch Dng cn].
20240624-224224<ERROR:0xf738d700>: [Script] [4042852611, 1500]{/script/online_activites/treasure_box/trigger.lua}remove a none copy map dialog npc[506:M cung sa mc].[28901:Tch Dng cn].
20240624-224224<ERROR:0xf738d700>: [Script] [4042852611, 1500]{/script/online_activites/treasure_box/trigger.lua}remove a none copy map dialog npc[506:M cung sa mc].[28902:Tch Dng cn].
20240624-224224<ERROR:0xf738d700>: [Script] [4042852611, 1500]{/script/online_activites/treasure_box/trigger.lua}remove a none copy map dialog npc[506:M cung sa mc].[28903:Tch Dng cn].
20240624-224224<ERROR:0xf738d700>: [Script] [4042852611, 1500]{/script/online_activites/treasure_box/trigger.lua}remove a none copy map dialog npc[506:M cung sa mc].[28904:Tch Dng cn].
20240624-224224<ERROR:0xf738d700>: [Script] [4042852611, 1500]{/script/online_activites/treasure_box/trigger.lua}remove a none copy map dialog npc[506:M cung sa mc].[28905:Tch Dng cn].
20240624-224224<ERROR:0xf738d700>: [Script] [4042852611, 1500]{/script/online_activites/treasure_box/trigger.lua}remove a none copy map dialog npc[506:M cung sa mc].[28906:Tch Dng cn].
20240624-224224<ERROR:0xf738d700>: [Script] [4042852611, 1500]{/script/online_activites/treasure_box/trigger.lua}remove a none copy map dialog npc[506:M cung sa mc].[28907:Tch Dng cn].
20240624-224224<ERROR:0xf738d700>: [Script] [4042852611, 1500]{/script/online_activites/treasure_box/trigger.lua}remove a none copy map dialog npc[506:M cung sa mc].[28908:Tch Dng cn].
20240624-224224<ERROR:0xf738d700>: [Script] [4042852611, 1500]{/script/online_activites/treasure_box/trigger.lua}remove a none copy map dialog npc[506:M cung sa mc].[28909:Tch Dng cn].
20240624-224224<ERROR:0xf738d700>: [Script] [4042852611, 1500]{/script/online_activites/treasure_box/trigger.lua}remove a none copy map dialog npc[506:M cung sa mc].[28910:Tch Dng cn].
20240624-224224<ERROR:0xf738d700>: [Script] [4042852611, 1500]{/script/online_activites/treasure_box/trigger.lua}remove a none copy map dialog npc[506:M cung sa mc].[28911:Tch Dng cn].
20240624-224224<ERROR:0xf738d700>: [Script] [4042852611, 1500]{/script/online_activites/treasure_box/trigger.lua}remove a none copy map dialog npc[506:M cung sa mc].[28912:Tch Dng cn].
20240624-224224<ERROR:0xf738d700>: [Script] [4042852611, 1500]{/script/online_activites/treasure_box/trigger.lua}remove a none copy map dialog npc[506:M cung sa mc].[28913:Tch Dng cn].
20240624-224224<ERROR:0xf738d700>: [Script] [4042852611, 1500]{/script/online_activites/treasure_box/trigger.lua}remove a none copy map dialog npc[506:M cung sa mc].[28914:Tch Dng cn].
20240624-224224<ERROR:0xf738d700>: [Script] [4042852611, 1500]{/script/online_activites/treasure_box/trigger.lua}remove a none copy map dialog npc[506:M cung sa mc].[28915:Tch Dng cn].
20240624-224224<ERROR:0xf738d700>: [Script] [4042852611, 1500]{/script/online_activites/treasure_box/trigger.lua}remove a none copy map dialog npc[506:M cung sa mc].[28916:Tch Dng cn].
20240624-224224<ERROR:0xf738d700>: [Script] [4042852611, 1500]{/script/online_activites/treasure_box/trigger.lua}remove a none copy map dialog npc[506:M cung sa mc].[28917:Tch Dng cn].
20240624-224235<INFO :0xf738d700>: gs ping goddess[result=1], CurFrame[10783] LastFrame[10242] NewFrame[10783]
20240624-224235<INFO :0xf738d700>: receieve goddess ping reply, goddess time = 658153
20240624-224236<ERROR:0xf738d700>: gs ping bishop[result=1], CurFrame[10790] LastFrame[10429] NewFrame[10790]
20240624-224236<INFO :0xf738d700>: [BiShopPing] Ping return at 658564.
20240624-224256<ERROR:0xf738d700>: gs ping bishop[result=1], CurFrame[11151] LastFrame[10790] NewFrame[11151]
20240624-224256<INFO :0xf738d700>: [BiShopPing] Ping return at 678597.
20240624-224306<INFO :0xf738d700>: gs ping goddess[result=1], CurFrame[11324] LastFrame[10783] NewFrame[11324]
20240624-224306<INFO :0xf738d700>: receieve goddess ping reply, goddess time = 688210
20240624-224316<ERROR:0xf738d700>: gs ping bishop[result=1], CurFrame[11512] LastFrame[11151] NewFrame[11512]
20240624-224316<INFO :0xf738d700>: [BiShopPing] Ping return at 698663.
20240624-224336<INFO :0xf738d700>: gs ping goddess[result=1], CurFrame[11865] LastFrame[11324] NewFrame[11865]
20240624-224336<INFO :0xf738d700>: receieve goddess ping reply, goddess time = 718266
20240624-224336<ERROR:0xf738d700>: gs ping bishop[result=1], CurFrame[11873] LastFrame[11512] NewFrame[11873]
20240624-224336<INFO :0xf738d700>: [BiShopPing] Ping return at 718747.
