ChangeLogFile: FirstWrite=1, CurrentLine=0/65536 LastTime=1900-1-0 0:0:0
20240707-123901<INFO :0xf73dc700>: [KG_Goddess] Loading KG_Goddess.ini
20240707-123901<INFO :0xf73dc700>: [verify_up2date]...
20240707-123901<INFO :0xf73dc700>: >Current lang is [gb18030]
20240707-123901<INFO :0xf73dc700>: >Welcome to use [verify_up2date](version: 2.3.4 [2018-02-25]) tool. 
20240707-123901<INFO :0xf73dc700>: >Time duration: 11.178968ms 
20240707-123901<INFO :0xf73dc700>: >
20240707-123901<INFO :0xf73dc700>: >Finish, my exit code is: 0
20240707-123901<INFO :0xf73dc700>: |shell cmd result is 0
20240707-123901<INFO :0xf73dc700>: ExecShellCmd [./verify_up2date -op=vef -d="." ] ret=0
20240707-123901<INFO :0xf73dc700>: [verify_up2date] ok
20240707-123901<INFO :0xf73dc700>: [Goddess][Version:Aug 22 2014 15:43:09] Begin to start ... ...
20240707-123901<INFO :0xf73dc700>: [KG_Goddess] Set log level ... ... KGLOG_UPTO(KGLOG_DEBUG)
20240707-123901<INFO :0xf73dc700>: [KG_Goddess] Loaded KG_Angel, version 2.5
20240707-123901<INFO :0xf73dc700>: [KG_Goddess] Initializing role database ...
20240707-123901<INFO :0xf73dc700>: [KGD] Mysql info: client[5.1.69] host[Localhost via UNIX socket] server[5.5.65-MariaDB]
20240707-123901<DEBUG:0xf73dc700>: [KGD] Success connect to localhost:3306, character set switch to latin1
20240707-123901<DEBUG:0xf73dc700>: [KGD] KGD_PROCESS_ERROR(nRetCode, KGD_ERROR_NOT_SUPPORT), at line 1467 in (0x0x92a8fd0)->_LoadTable()
20240707-123901<DEBUG:0xf73dc700>: [KGD] (0x0x92a8fd0)->_LoadTable("fightteam")
20240707-123901<DEBUG:0xf73dc700>: [KGD] KGD_PROCESS_ERROR(nRetCode, KGD_ERROR_NOT_SUPPORT), at line 1467 in (0x0x92a8fd0)->_LoadTable()
20240707-123901<DEBUG:0xf73dc700>: [KGD] (0x0x92a8fd0)->_LoadTable("playerfightteam")
20240707-123901<INFO :0xf73dc700>: [KG_Goddess] Initializing role statistic ...
20240707-123901<INFO :0xf73dc700>: load Top10_KG_RoleStatistic.dat when init: size=10792
20240707-123901<INFO :0xf73dc700>: [RoleStatistic] listen 127.0.0.1 : 6001 result=1
20240707-123901<INFO :0xf73dc700>: [RoleStatistic] Listening at 127.0.0.1:6001
20240707-123901<INFO :0xf73dc700>: [KG_Goddess] Initializing server manager ...
20240707-123901<INFO :0xf73dc700>: [ServerManager] Listening at 127.0.0.1:5001
20240707-123901<INFO :0xf73dc700>: [KG_Goddess] Started successful
20240707-123911<INFO :0xf6880b40>: [ServerManager] RemoteServer from (127.0.0.1:49157) connect ok
20240707-123911<INFO :0xf6880b40>: [ServerManager] Accept from (127.0.0.1:49157) SocketStream = 0xf5f00528
20240707-123911<INFO :0xf6880b40>: [[Group 1 Server 00]] Server 0 created ok!
20240707-123911<INFO :0xf5effb40>: [Group 1 Server 00] Started, service for 127.0.0.1:49157
20240707-123911<INFO :0xf5effb40>: [KGD] Mysql info: client[5.1.69] host[Localhost via UNIX socket] server[5.5.65-MariaDB]
20240707-123911<DEBUG:0xf5effb40>: [KGD] KGD_PROCESS_ERROR(nRetCode, KGD_ERROR_NOT_SUPPORT), at line 1467 in (0x0xf5500470)->_LoadTable()
20240707-123911<DEBUG:0xf5effb40>: [KGD] (0x0xf5500470)->_LoadTable("fightteam")
20240707-123911<DEBUG:0xf5effb40>: [KGD] KGD_PROCESS_ERROR(nRetCode, KGD_ERROR_NOT_SUPPORT), at line 1467 in (0x0xf5500470)->_LoadTable()
20240707-123911<DEBUG:0xf5effb40>: [KGD] (0x0xf5500470)->_LoadTable("playerfightteam")
20240707-123911<DEBUG:0xf5effb40>: [KGD] Success connect to localhost:3306, character set switch to latin1
