ChangeLogFile: FirstWrite=1, CurrentLine=0/65536 LastTime=1900-1-0 0:0:0
20200208-235901<INFO :0xf73e0700>: [verify_up2date]...
20200208-235901<INFO :0xf73e0700>: >Current lang is [gb18030]
20200208-235901<INFO :0xf73e0700>: >Welcome to use [verify_up2date](version: 2.3.4 [2018-02-25]) tool. 
20200208-235901<INFO :0xf73e0700>: >Time duration: 8.055952ms 
20200208-235901<INFO :0xf73e0700>: >
20200208-235901<INFO :0xf73e0700>: >Finish, my exit code is: 0
20200208-235901<INFO :0xf73e0700>: |shell cmd result is 0
20200208-235901<INFO :0xf73e0700>: ExecShellCmd [./verify_up2date -op=vef -d="/home/server/gw/Relay" ] ret=0
20200208-235901<INFO :0xf73e0700>: [verify_up2date] ok
20200208-235901<INFO :0xf73e0700>: [Relay][Version:Nov 14 2014 15:55:12] Begin to start ... ...
20200208-235901<INFO :0xf73e0700>: [KG_Relay] Set log level ... ... KGLOG_UPTO(KGLOG_DEBUG)
20200208-235901<INFO :0xf73e0700>: [KG_Relay] Loading relay.ini
20200208-235901<INFO :0xf73e0700>: Run without GMC!
20200208-235901<INFO :0xf73e0700>: [KGD] Mysql info: client[5.1.69] host[Localhost via UNIX socket] server[5.5.64-MariaDB]
20200208-235901<DEBUG:0xf73e0700>: [KGD] Success connect to localhost:3306, character set switch to latin1
20200208-235901<INFO :0xf73e0700>: [KGD] Mysql info: client[5.1.69] host[Localhost via UNIX socket] server[5.5.64-MariaDB]
20200208-235901<DEBUG:0xf73e0700>: [KGD] KGD_PROCESS_ERROR(nRetCode, KGD_ERROR_NOT_SUPPORT), at line 1467 in (0x0x9d68ba0)->_LoadTable()
20200208-235901<DEBUG:0xf73e0700>: [KGD] (0x0x9d68ba0)->_LoadTable("fightteam")
20200208-235901<DEBUG:0xf73e0700>: [KGD] KGD_PROCESS_ERROR(nRetCode, KGD_ERROR_NOT_SUPPORT), at line 1467 in (0x0x9d68ba0)->_LoadTable()
20200208-235901<DEBUG:0xf73e0700>: [KGD] (0x0x9d68ba0)->_LoadTable("playerfightteam")
20200208-235901<DEBUG:0xf73e0700>: [KGD] Success connect to localhost:3306, character set switch to latin1
20200208-235901<INFO :0xf73e0700>: [KGD] Mysql info: client[5.1.69] host[Localhost via UNIX socket] server[5.5.64-MariaDB]
20200208-235901<INFO :0xf70aeb40>: [KGD] Mysql info: client[5.1.69] host[Localhost via UNIX socket] server[5.5.64-MariaDB]
20200208-235901<DEBUG:0xf73e0700>: [KGD] KGD_PROCESS_ERROR(nRetCode, KGD_ERROR_NOT_SUPPORT), at line 1467 in (0x0x9d975d8)->_LoadTable()
20200208-235901<DEBUG:0xf73e0700>: [KGD] (0x0x9d975d8)->_LoadTable("fightteam")
20200208-235901<DEBUG:0xf70aeb40>: [KGD] KGD_PROCESS_ERROR(nRetCode, KGD_ERROR_NOT_SUPPORT), at line 1467 in (0x0xf6700470)->_LoadTable()
20200208-235901<DEBUG:0xf70aeb40>: [KGD] (0x0xf6700470)->_LoadTable("fightteam")
20200208-235901<DEBUG:0xf73e0700>: [KGD] KGD_PROCESS_ERROR(nRetCode, KGD_ERROR_NOT_SUPPORT), at line 1467 in (0x0x9d975d8)->_LoadTable()
20200208-235901<DEBUG:0xf73e0700>: [KGD] (0x0x9d975d8)->_LoadTable("playerfightteam")
20200208-235901<DEBUG:0xf70aeb40>: [KGD] KGD_PROCESS_ERROR(nRetCode, KGD_ERROR_NOT_SUPPORT), at line 1467 in (0x0xf6700470)->_LoadTable()
20200208-235901<DEBUG:0xf70aeb40>: [KGD] (0x0xf6700470)->_LoadTable("playerfightteam")
20200208-235901<DEBUG:0xf73e0700>: [KGD] Success connect to localhost:3306, character set switch to latin1
20200208-235901<DEBUG:0xf70aeb40>: [KGD] Success connect to localhost:3306, character set switch to latin1
20200208-235901<INFO :0xf66ffb40>: [KGD] Mysql info: client[5.1.69] host[Localhost via UNIX socket] server[5.5.64-MariaDB]
20200208-235901<INFO :0xf73e0700>: [KGD] Mysql info: client[5.1.69] host[Localhost via UNIX socket] server[5.5.64-MariaDB]
20200208-235901<DEBUG:0xf66ffb40>: [KGD] KGD_PROCESS_ERROR(nRetCode, KGD_ERROR_NOT_SUPPORT), at line 1467 in (0x0xf5d00470)->_LoadTable()
20200208-235901<DEBUG:0xf66ffb40>: [KGD] (0x0xf5d00470)->_LoadTable("fightteam")
20200208-235901<DEBUG:0xf73e0700>: [KGD] KGD_PROCESS_ERROR(nRetCode, KGD_ERROR_NOT_SUPPORT), at line 1467 in (0x0x9d961c8)->_LoadTable()
20200208-235901<DEBUG:0xf73e0700>: [KGD] (0x0x9d961c8)->_LoadTable("fightteam")
20200208-235901<DEBUG:0xf66ffb40>: [KGD] KGD_PROCESS_ERROR(nRetCode, KGD_ERROR_NOT_SUPPORT), at line 1467 in (0x0xf5d00470)->_LoadTable()
20200208-235901<DEBUG:0xf66ffb40>: [KGD] (0x0xf5d00470)->_LoadTable("playerfightteam")
20200208-235901<DEBUG:0xf73e0700>: [KGD] KGD_PROCESS_ERROR(nRetCode, KGD_ERROR_NOT_SUPPORT), at line 1467 in (0x0x9d961c8)->_LoadTable()
20200208-235901<DEBUG:0xf73e0700>: [KGD] (0x0x9d961c8)->_LoadTable("playerfightteam")
20200208-235901<DEBUG:0xf66ffb40>: [KGD] Success connect to localhost:3306, character set switch to latin1
20200208-235901<DEBUG:0xf73e0700>: [KGD] Success connect to localhost:3306, character set switch to latin1
20200208-235901<INFO :0xf5cffb40>: [KGD] Mysql info: client[5.1.69] host[Localhost via UNIX socket] server[5.5.64-MariaDB]
20200208-235901<DEBUG:0xf5cffb40>: [KGD] KGD_PROCESS_ERROR(nRetCode, KGD_ERROR_NOT_SUPPORT), at line 1467 in (0x0xf5300470)->_LoadTable()
20200208-235901<DEBUG:0xf5cffb40>: [KGD] (0x0xf5300470)->_LoadTable("fightteam")
20200208-235901<DEBUG:0xf5cffb40>: [KGD] KGD_PROCESS_ERROR(nRetCode, KGD_ERROR_NOT_SUPPORT), at line 1467 in (0x0xf5300470)->_LoadTable()
20200208-235901<DEBUG:0xf5cffb40>: [KGD] (0x0xf5300470)->_LoadTable("playerfightteam")
20200208-235901<DEBUG:0xf5cffb40>: [KGD] Success connect to localhost:3306, character set switch to latin1
20200208-235901<INFO :0xf73e0700>: [KGD] Mysql info: client[5.1.69] host[Localhost via UNIX socket] server[5.5.64-MariaDB]
20200208-235901<DEBUG:0xf73e0700>: [KGD] KGD_PROCESS_ERROR(nRetCode, KGD_ERROR_NOT_SUPPORT), at line 1467 in (0x0x9daa788)->_LoadTable()
20200208-235901<DEBUG:0xf73e0700>: [KGD] (0x0x9daa788)->_LoadTable("fightteam")
20200208-235901<DEBUG:0xf73e0700>: [KGD] KGD_PROCESS_ERROR(nRetCode, KGD_ERROR_NOT_SUPPORT), at line 1467 in (0x0x9daa788)->_LoadTable()
20200208-235901<DEBUG:0xf73e0700>: [KGD] (0x0x9daa788)->_LoadTable("playerfightteam")
20200208-235901<DEBUG:0xf73e0700>: [KGD] Success connect to localhost:3306, character set switch to latin1
20200208-235901<INFO :0xf52ffb40>: [KGD] Mysql info: client[5.1.69] host[Localhost via UNIX socket] server[5.5.64-MariaDB]
20200208-235901<DEBUG:0xf52ffb40>: [KGD] KGD_PROCESS_ERROR(nRetCode, KGD_ERROR_NOT_SUPPORT), at line 1467 in (0x0xf4900470)->_LoadTable()
20200208-235901<DEBUG:0xf52ffb40>: [KGD] (0x0xf4900470)->_LoadTable("fightteam")
20200208-235901<DEBUG:0xf52ffb40>: [KGD] KGD_PROCESS_ERROR(nRetCode, KGD_ERROR_NOT_SUPPORT), at line 1467 in (0x0xf4900470)->_LoadTable()
20200208-235901<DEBUG:0xf52ffb40>: [KGD] (0x0xf4900470)->_LoadTable("playerfightteam")
20200208-235901<DEBUG:0xf52ffb40>: [KGD] Success connect to localhost:3306, character set switch to latin1
20200208-235901<INFO :0xf73e0700>: [KGD] Mysql info: client[5.1.69] host[Localhost via UNIX socket] server[5.5.64-MariaDB]
20200208-235901<DEBUG:0xf73e0700>: [KGD] KGD_PROCESS_ERROR(nRetCode, KGD_ERROR_NOT_SUPPORT), at line 1467 in (0x0x9dcd7a8)->_LoadTable()
20200208-235901<DEBUG:0xf73e0700>: [KGD] (0x0x9dcd7a8)->_LoadTable("fightteam")
20200208-235901<DEBUG:0xf73e0700>: [KGD] KGD_PROCESS_ERROR(nRetCode, KGD_ERROR_NOT_SUPPORT), at line 1467 in (0x0x9dcd7a8)->_LoadTable()
20200208-235901<DEBUG:0xf73e0700>: [KGD] (0x0x9dcd7a8)->_LoadTable("playerfightteam")
20200208-235901<DEBUG:0xf73e0700>: [KGD] Success connect to localhost:3306, character set switch to latin1
20200208-235901<INFO :0xf73e0700>: [KGD] Mysql info: client[5.1.69] host[Localhost via UNIX socket] server[5.5.64-MariaDB]
20200208-235901<DEBUG:0xf73e0700>: [KGD] KGD_PROCESS_ERROR(nRetCode, KGD_ERROR_NOT_SUPPORT), at line 1467 in (0x0x9df3858)->_LoadTable()
20200208-235901<DEBUG:0xf73e0700>: [KGD] (0x0x9df3858)->_LoadTable("fightteam")
20200208-235901<DEBUG:0xf73e0700>: [KGD] KGD_PROCESS_ERROR(nRetCode, KGD_ERROR_NOT_SUPPORT), at line 1467 in (0x0x9df3858)->_LoadTable()
20200208-235901<DEBUG:0xf73e0700>: [KGD] (0x0x9df3858)->_LoadTable("playerfightteam")
20200208-235901<DEBUG:0xf73e0700>: [KGD] Success connect to localhost:3306, character set switch to latin1
20200208-235901<INFO :0xf48ffb40>: [KGD] Mysql info: client[5.1.69] host[Localhost via UNIX socket] server[5.5.64-MariaDB]
20200208-235901<DEBUG:0xf48ffb40>: [KGD] KGD_PROCESS_ERROR(nRetCode, KGD_ERROR_NOT_SUPPORT), at line 1467 in (0x0xf3f00470)->_LoadTable()
20200208-235901<DEBUG:0xf48ffb40>: [KGD] (0x0xf3f00470)->_LoadTable("fightteam")
20200208-235901<DEBUG:0xf48ffb40>: [KGD] KGD_PROCESS_ERROR(nRetCode, KGD_ERROR_NOT_SUPPORT), at line 1467 in (0x0xf3f00470)->_LoadTable()
20200208-235901<DEBUG:0xf48ffb40>: [KGD] (0x0xf3f00470)->_LoadTable("playerfightteam")
20200208-235901<DEBUG:0xf48ffb40>: [KGD] Success connect to localhost:3306, character set switch to latin1
20200208-235901<INFO :0xf73e0700>: [KGD] Mysql info: client[5.1.69] host[Localhost via UNIX socket] server[5.5.64-MariaDB]
20200208-235901<DEBUG:0xf73e0700>: [KGD] KGD_PROCESS_ERROR(nRetCode, KGD_ERROR_NOT_SUPPORT), at line 1467 in (0x0x9fb2ae8)->_LoadTable()
20200208-235901<DEBUG:0xf73e0700>: [KGD] (0x0x9fb2ae8)->_LoadTable("fightteam")
20200208-235901<DEBUG:0xf73e0700>: [KGD] KGD_PROCESS_ERROR(nRetCode, KGD_ERROR_NOT_SUPPORT), at line 1467 in (0x0x9fb2ae8)->_LoadTable()
20200208-235901<DEBUG:0xf73e0700>: [KGD] (0x0x9fb2ae8)->_LoadTable("playerfightteam")
20200208-235901<DEBUG:0xf73e0700>: [KGD] Success connect to localhost:3306, character set switch to latin1
20200208-235901<INFO :0xf73e0700>: [MySQLDatabase] Connecting to `127.0.0.1`, database `jx2ib_database`...
20200208-235901<INFO :0xf73e0700>: [MySQLDatabase] Connecting to `127.0.0.1`, database `jx2ib_database`...
20200208-235901<INFO :0xf73e0700>: [RuntimeStat] ServerName=SONGLONG_GW FlushIntervalSec=300
20200208-235901<INFO :0xf73e0700>: set runtime statistic result path is [runtime_stat_result/2020_02_08/stat_result_ksg_2020_02_08_@SONGLONG_GW.txt]
20200208-235901<WARN :0xf73e0700>: [RuntimeDataStatRelay] FlushStat: File=runtime_stat_result/2020_02_08/stat_result_ksg_2020_02_08_@SONGLONG_GW.txt Count=369
20200208-235901<WARN :0xf73e0700>: [RuntimeDataStatRelay] FlushStat: File=runtime_stat_result/2020_02_08/stat_result_vng_2020-02-08_@SONGLONG_GW.txt Count=1
20200208-235910<INFO :0xf73e0700>: New connection from 127.0.0.1:44715, index = 0
20200208-235910<DEBUG:0xf73e0700>: Send log info to gs(100007f) when connect ret=1
20200208-235910<INFO :0xf73e0700>: New connection from 127.0.0.1:39049, index = 0
20200208-235911<INFO :0xf73e0700>: New connection from 127.0.0.1:28802, index = 0
20200208-235911<INFO :0xf73e0700>: [verify_up2date] GetUp2dateVersion: code=8DA68FCD
20200208-235911<ERROR:0xf73e0700>: [KG_RelayTongGameSvr] [Error Protocol] [Protocol=52]
20200208-235911<DEBUG:0xf73e0700>: KGLOG_PROCESS_ERROR(false) at line 83 in ProcessMessage
20200208-235911<ERROR:0xf73e0700>: [KG_RelayTongGameSvr] [Error Protocol] [Protocol=52]
20200208-235911<DEBUG:0xf73e0700>: KGLOG_PROCESS_ERROR(false) at line 83 in ProcessMessage
20200208-235911<ERROR:0xf73e0700>: [KG_RelayTongGameSvr] [Error Protocol] [Protocol=52]
20200208-235911<DEBUG:0xf73e0700>: KGLOG_PROCESS_ERROR(false) at line 83 in ProcessMessage
20200208-235911<INFO :0xf73e0700>: Proc0_GameSvrLogin
20200208-235911<INFO :0xf73e0700>: [MAP_INDEX_INFO] Notify map count 290 for gs: 0100007F
20200208-235913<WARN :0xf73e0700>: Router NOT connected
20200208-235938<DEBUG:0xf73e0700>: [RelationMgr] SomeoneLogin("ioNaruto")
20200208-235938<DEBUG:0xf73e0700>: [RelationMgr] SomeoneLoad("ioNaruto")
20200208-235938<DEBUG:0xf73e0700>: [Relation Database] Load "ioNaruto"
20200208-235938<WARN :0xf73e0700>: Router NOT connected
