ChangeLogFile: FirstWrite=1, CurrentLine=0/65536 LastTime=1900-1-0 0:0:0
20200208-022203<INFO :0xf7401700>: [verify_up2date]...
20200208-022203<INFO :0xf7401700>: >Current lang is [gb18030]
20200208-022203<INFO :0xf7401700>: >Welcome to use [verify_up2date](version: 2.3.4 [2018-02-25]) tool. 
20200208-022203<INFO :0xf7401700>: >Time duration: 6.723209ms 
20200208-022203<INFO :0xf7401700>: >
20200208-022203<INFO :0xf7401700>: >Finish, my exit code is: 0
20200208-022203<INFO :0xf7401700>: |shell cmd result is 0
20200208-022203<INFO :0xf7401700>: ExecShellCmd [./verify_up2date -op=vef -d="/home/server/gw/Relay" ] ret=0
20200208-022203<INFO :0xf7401700>: [verify_up2date] ok
20200208-022203<INFO :0xf7401700>: [Relay][Version:Nov 14 2014 15:55:12] Begin to start ... ...
20200208-022203<INFO :0xf7401700>: [KG_Relay] Set log level ... ... KGLOG_UPTO(KGLOG_DEBUG)
20200208-022203<INFO :0xf7401700>: [KG_Relay] Loading relay.ini
20200208-022203<INFO :0xf7401700>: Run without GMC!
20200208-022203<INFO :0xf7401700>: [KGD] Mysql info: client[5.1.69] host[Localhost via UNIX socket] server[5.5.64-MariaDB]
20200208-022203<DEBUG:0xf7401700>: [KGD] Success connect to localhost:3306, character set switch to latin1
20200208-022203<INFO :0xf7401700>: [KGD] Mysql info: client[5.1.69] host[Localhost via UNIX socket] server[5.5.64-MariaDB]
20200208-022203<DEBUG:0xf7401700>: [KGD] KGD_PROCESS_ERROR(nRetCode, KGD_ERROR_NOT_SUPPORT), at line 1467 in (0x0x875dba0)->_LoadTable()
20200208-022203<DEBUG:0xf7401700>: [KGD] (0x0x875dba0)->_LoadTable("fightteam")
20200208-022203<DEBUG:0xf7401700>: [KGD] KGD_PROCESS_ERROR(nRetCode, KGD_ERROR_NOT_SUPPORT), at line 1467 in (0x0x875dba0)->_LoadTable()
20200208-022203<DEBUG:0xf7401700>: [KGD] (0x0x875dba0)->_LoadTable("playerfightteam")
20200208-022203<DEBUG:0xf7401700>: [KGD] Success connect to localhost:3306, character set switch to latin1
20200208-022203<INFO :0xf7401700>: [KGD] Mysql info: client[5.1.69] host[Localhost via UNIX socket] server[5.5.64-MariaDB]
20200208-022203<INFO :0xf70cfb40>: [KGD] Mysql info: client[5.1.69] host[Localhost via UNIX socket] server[5.5.64-MariaDB]
20200208-022203<DEBUG:0xf70cfb40>: [KGD] KGD_PROCESS_ERROR(nRetCode, KGD_ERROR_NOT_SUPPORT), at line 1467 in (0x0xf6700470)->_LoadTable()
20200208-022203<DEBUG:0xf70cfb40>: [KGD] (0x0xf6700470)->_LoadTable("fightteam")
20200208-022203<DEBUG:0xf70cfb40>: [KGD] KGD_PROCESS_ERROR(nRetCode, KGD_ERROR_NOT_SUPPORT), at line 1467 in (0x0xf6700470)->_LoadTable()
20200208-022203<DEBUG:0xf70cfb40>: [KGD] (0x0xf6700470)->_LoadTable("playerfightteam")
20200208-022203<DEBUG:0xf70cfb40>: [KGD] Success connect to localhost:3306, character set switch to latin1
20200208-022203<DEBUG:0xf7401700>: [KGD] KGD_PROCESS_ERROR(nRetCode, KGD_ERROR_NOT_SUPPORT), at line 1467 in (0x0x878c5d8)->_LoadTable()
20200208-022203<DEBUG:0xf7401700>: [KGD] (0x0x878c5d8)->_LoadTable("fightteam")
20200208-022203<DEBUG:0xf7401700>: [KGD] KGD_PROCESS_ERROR(nRetCode, KGD_ERROR_NOT_SUPPORT), at line 1467 in (0x0x878c5d8)->_LoadTable()
20200208-022203<DEBUG:0xf7401700>: [KGD] (0x0x878c5d8)->_LoadTable("playerfightteam")
20200208-022203<DEBUG:0xf7401700>: [KGD] Success connect to localhost:3306, character set switch to latin1
20200208-022203<INFO :0xf66ffb40>: [KGD] Mysql info: client[5.1.69] host[Localhost via UNIX socket] server[5.5.64-MariaDB]
20200208-022203<INFO :0xf7401700>: [KGD] Mysql info: client[5.1.69] host[Localhost via UNIX socket] server[5.5.64-MariaDB]
20200208-022203<DEBUG:0xf66ffb40>: [KGD] KGD_PROCESS_ERROR(nRetCode, KGD_ERROR_NOT_SUPPORT), at line 1467 in (0x0xf5d00470)->_LoadTable()
20200208-022203<DEBUG:0xf66ffb40>: [KGD] (0x0xf5d00470)->_LoadTable("fightteam")
20200208-022203<DEBUG:0xf66ffb40>: [KGD] KGD_PROCESS_ERROR(nRetCode, KGD_ERROR_NOT_SUPPORT), at line 1467 in (0x0xf5d00470)->_LoadTable()
20200208-022203<DEBUG:0xf66ffb40>: [KGD] (0x0xf5d00470)->_LoadTable("playerfightteam")
20200208-022203<DEBUG:0xf66ffb40>: [KGD] Success connect to localhost:3306, character set switch to latin1
20200208-022203<DEBUG:0xf7401700>: [KGD] KGD_PROCESS_ERROR(nRetCode, KGD_ERROR_NOT_SUPPORT), at line 1467 in (0x0x878b1c8)->_LoadTable()
20200208-022203<DEBUG:0xf7401700>: [KGD] (0x0x878b1c8)->_LoadTable("fightteam")
20200208-022203<DEBUG:0xf7401700>: [KGD] KGD_PROCESS_ERROR(nRetCode, KGD_ERROR_NOT_SUPPORT), at line 1467 in (0x0x878b1c8)->_LoadTable()
20200208-022203<DEBUG:0xf7401700>: [KGD] (0x0x878b1c8)->_LoadTable("playerfightteam")
20200208-022203<DEBUG:0xf7401700>: [KGD] Success connect to localhost:3306, character set switch to latin1
20200208-022203<INFO :0xf7401700>: [KGD] Mysql info: client[5.1.69] host[Localhost via UNIX socket] server[5.5.64-MariaDB]
20200208-022203<INFO :0xf5cffb40>: [KGD] Mysql info: client[5.1.69] host[Localhost via UNIX socket] server[5.5.64-MariaDB]
20200208-022203<DEBUG:0xf7401700>: [KGD] KGD_PROCESS_ERROR(nRetCode, KGD_ERROR_NOT_SUPPORT), at line 1467 in (0x0x879f788)->_LoadTable()
20200208-022203<DEBUG:0xf7401700>: [KGD] (0x0x879f788)->_LoadTable("fightteam")
20200208-022203<DEBUG:0xf5cffb40>: [KGD] KGD_PROCESS_ERROR(nRetCode, KGD_ERROR_NOT_SUPPORT), at line 1467 in (0x0xf5300470)->_LoadTable()
20200208-022203<DEBUG:0xf5cffb40>: [KGD] (0x0xf5300470)->_LoadTable("fightteam")
20200208-022203<DEBUG:0xf7401700>: [KGD] KGD_PROCESS_ERROR(nRetCode, KGD_ERROR_NOT_SUPPORT), at line 1467 in (0x0x879f788)->_LoadTable()
20200208-022203<DEBUG:0xf7401700>: [KGD] (0x0x879f788)->_LoadTable("playerfightteam")
20200208-022203<DEBUG:0xf5cffb40>: [KGD] KGD_PROCESS_ERROR(nRetCode, KGD_ERROR_NOT_SUPPORT), at line 1467 in (0x0xf5300470)->_LoadTable()
20200208-022203<DEBUG:0xf5cffb40>: [KGD] (0x0xf5300470)->_LoadTable("playerfightteam")
20200208-022203<DEBUG:0xf7401700>: [KGD] Success connect to localhost:3306, character set switch to latin1
20200208-022203<DEBUG:0xf5cffb40>: [KGD] Success connect to localhost:3306, character set switch to latin1
20200208-022203<INFO :0xf52ffb40>: [KGD] Mysql info: client[5.1.69] host[Localhost via UNIX socket] server[5.5.64-MariaDB]
20200208-022203<DEBUG:0xf52ffb40>: [KGD] KGD_PROCESS_ERROR(nRetCode, KGD_ERROR_NOT_SUPPORT), at line 1467 in (0x0xf4900470)->_LoadTable()
20200208-022203<DEBUG:0xf52ffb40>: [KGD] (0x0xf4900470)->_LoadTable("fightteam")
20200208-022203<DEBUG:0xf52ffb40>: [KGD] KGD_PROCESS_ERROR(nRetCode, KGD_ERROR_NOT_SUPPORT), at line 1467 in (0x0xf4900470)->_LoadTable()
20200208-022203<DEBUG:0xf52ffb40>: [KGD] (0x0xf4900470)->_LoadTable("playerfightteam")
20200208-022203<DEBUG:0xf52ffb40>: [KGD] Success connect to localhost:3306, character set switch to latin1
20200208-022203<INFO :0xf7401700>: [KGD] Mysql info: client[5.1.69] host[Localhost via UNIX socket] server[5.5.64-MariaDB]
20200208-022203<DEBUG:0xf7401700>: [KGD] KGD_PROCESS_ERROR(nRetCode, KGD_ERROR_NOT_SUPPORT), at line 1467 in (0x0x87c27a8)->_LoadTable()
20200208-022203<DEBUG:0xf7401700>: [KGD] (0x0x87c27a8)->_LoadTable("fightteam")
20200208-022203<DEBUG:0xf7401700>: [KGD] KGD_PROCESS_ERROR(nRetCode, KGD_ERROR_NOT_SUPPORT), at line 1467 in (0x0x87c27a8)->_LoadTable()
20200208-022203<DEBUG:0xf7401700>: [KGD] (0x0x87c27a8)->_LoadTable("playerfightteam")
20200208-022203<DEBUG:0xf7401700>: [KGD] Success connect to localhost:3306, character set switch to latin1
20200208-022203<INFO :0xf7401700>: [KGD] Mysql info: client[5.1.69] host[Localhost via UNIX socket] server[5.5.64-MariaDB]
20200208-022203<DEBUG:0xf7401700>: [KGD] KGD_PROCESS_ERROR(nRetCode, KGD_ERROR_NOT_SUPPORT), at line 1467 in (0x0x87e8858)->_LoadTable()
20200208-022203<DEBUG:0xf7401700>: [KGD] (0x0x87e8858)->_LoadTable("fightteam")
20200208-022203<DEBUG:0xf7401700>: [KGD] KGD_PROCESS_ERROR(nRetCode, KGD_ERROR_NOT_SUPPORT), at line 1467 in (0x0x87e8858)->_LoadTable()
20200208-022203<DEBUG:0xf7401700>: [KGD] (0x0x87e8858)->_LoadTable("playerfightteam")
20200208-022203<DEBUG:0xf7401700>: [KGD] Success connect to localhost:3306, character set switch to latin1
20200208-022203<INFO :0xf48ffb40>: [KGD] Mysql info: client[5.1.69] host[Localhost via UNIX socket] server[5.5.64-MariaDB]
20200208-022203<DEBUG:0xf48ffb40>: [KGD] KGD_PROCESS_ERROR(nRetCode, KGD_ERROR_NOT_SUPPORT), at line 1467 in (0x0xf3f00470)->_LoadTable()
20200208-022203<DEBUG:0xf48ffb40>: [KGD] (0x0xf3f00470)->_LoadTable("fightteam")
20200208-022203<DEBUG:0xf48ffb40>: [KGD] KGD_PROCESS_ERROR(nRetCode, KGD_ERROR_NOT_SUPPORT), at line 1467 in (0x0xf3f00470)->_LoadTable()
20200208-022203<DEBUG:0xf48ffb40>: [KGD] (0x0xf3f00470)->_LoadTable("playerfightteam")
20200208-022203<DEBUG:0xf48ffb40>: [KGD] Success connect to localhost:3306, character set switch to latin1
20200208-022203<INFO :0xf7401700>: [KGD] Mysql info: client[5.1.69] host[Localhost via UNIX socket] server[5.5.64-MariaDB]
20200208-022203<DEBUG:0xf7401700>: [KGD] KGD_PROCESS_ERROR(nRetCode, KGD_ERROR_NOT_SUPPORT), at line 1467 in (0x0x89a7ae8)->_LoadTable()
20200208-022203<DEBUG:0xf7401700>: [KGD] (0x0x89a7ae8)->_LoadTable("fightteam")
20200208-022203<DEBUG:0xf7401700>: [KGD] KGD_PROCESS_ERROR(nRetCode, KGD_ERROR_NOT_SUPPORT), at line 1467 in (0x0x89a7ae8)->_LoadTable()
20200208-022203<DEBUG:0xf7401700>: [KGD] (0x0x89a7ae8)->_LoadTable("playerfightteam")
20200208-022203<DEBUG:0xf7401700>: [KGD] Success connect to localhost:3306, character set switch to latin1
20200208-022203<INFO :0xf7401700>: [MySQLDatabase] Connecting to `127.0.0.1`, database `jx2ib_database`...
20200208-022203<INFO :0xf7401700>: [MySQLDatabase] Connecting to `127.0.0.1`, database `jx2ib_database`...
20200208-022203<INFO :0xf7401700>: [RuntimeStat] ServerName=SONGLONG_GW FlushIntervalSec=300
20200208-022203<INFO :0xf7401700>: set runtime statistic result path is [runtime_stat_result/2020_02_08/stat_result_ksg_2020_02_08_@SONGLONG_GW.txt]
20200208-022203<WARN :0xf7401700>: [RuntimeDataStatRelay] FlushStat: File=runtime_stat_result/2020_02_08/stat_result_ksg_2020_02_08_@SONGLONG_GW.txt Count=369
20200208-022203<WARN :0xf7401700>: [RuntimeDataStatRelay] FlushStat: File=runtime_stat_result/2020_02_08/stat_result_vng_2020-02-08_@SONGLONG_GW.txt Count=1
20200208-022213<INFO :0xf7401700>: New connection from 127.0.0.1:59364, index = 0
20200208-022213<DEBUG:0xf7401700>: Send log info to gs(100007f) when connect ret=1
20200208-022213<INFO :0xf7401700>: New connection from 127.0.0.1:16099, index = 0
20200208-022213<INFO :0xf7401700>: New connection from 127.0.0.1:27343, index = 0
20200208-022213<INFO :0xf7401700>: [verify_up2date] GetUp2dateVersion: code=8DA68FCD
20200208-022213<ERROR:0xf7401700>: [KG_RelayTongGameSvr] [Error Protocol] [Protocol=52]
20200208-022213<DEBUG:0xf7401700>: KGLOG_PROCESS_ERROR(false) at line 83 in ProcessMessage
20200208-022213<ERROR:0xf7401700>: [KG_RelayTongGameSvr] [Error Protocol] [Protocol=52]
20200208-022213<DEBUG:0xf7401700>: KGLOG_PROCESS_ERROR(false) at line 83 in ProcessMessage
20200208-022213<ERROR:0xf7401700>: [KG_RelayTongGameSvr] [Error Protocol] [Protocol=52]
20200208-022213<DEBUG:0xf7401700>: KGLOG_PROCESS_ERROR(false) at line 83 in ProcessMessage
20200208-022213<INFO :0xf7401700>: Proc0_GameSvrLogin
20200208-022213<INFO :0xf7401700>: [MAP_INDEX_INFO] Notify map count 290 for gs: 0100007F
20200208-022215<WARN :0xf7401700>: Router NOT connected
20200208-022258<DEBUG:0xf7401700>: [RelationMgr] SomeoneLogin("aqqqqqq")
20200208-022258<DEBUG:0xf7401700>: [RelationMgr] SomeoneLoad("aqqqqqq")
20200208-022258<DEBUG:0xf7401700>: [Relation Database] Load "aqqqqqq"
20200208-022258<WARN :0xf7401700>: Router NOT connected
20200208-022320<DEBUG:0xf7401700>: [RelationMgr] SomeoneLogout("aqqqqqq")
20200208-022328<DEBUG:0xf7401700>: [RelationMgr] SomeoneLogin("aqqqqqq")
20200208-022328<WARN :0xf7401700>: Router NOT connected
20200208-022703<WARN :0xf7401700>: [RuntimeDataStatRelay] FlushStat: File=runtime_stat_result/2020_02_08/stat_result_ksg_2020_02_08_@SONGLONG_GW.txt Count=369
20200208-022703<WARN :0xf7401700>: [RuntimeDataStatRelay] FlushStat: File=runtime_stat_result/2020_02_08/stat_result_vng_2020-02-08_@SONGLONG_GW.txt Count=1
20200208-023203<WARN :0xf7401700>: [RuntimeDataStatRelay] FlushStat: File=runtime_stat_result/2020_02_08/stat_result_ksg_2020_02_08_@SONGLONG_GW.txt Count=369
20200208-023203<WARN :0xf7401700>: [RuntimeDataStatRelay] FlushStat: File=runtime_stat_result/2020_02_08/stat_result_vng_2020-02-08_@SONGLONG_GW.txt Count=1
20200208-024041<DEBUG:0xf7401700>: [RelationMgr] SomeoneLogout("aqqqqqq")
20200208-235837<INFO :0xf7401700>: Connection lost: 1(127.0.0.1, 1)
20200208-235837<DEBUG:0xf7401700>: gs(100007f) crashed
20200208-235837<INFO :0xf7401700>: Connection lost: 1(127.0.0.1, 1)
20200208-235837<INFO :0xf7401700>: Connection lost: 1(127.0.0.1, 1)
