ChangeLogFile: FirstWrite=1, CurrentLine=0/65536 LastTime=1900-1-0 0:0:0
20200105-092855<INFO :0xf7392700>: [verify_up2date]...
20200105-092855<INFO :0xf7392700>: >Current lang is [gb18030]
20200105-092855<INFO :0xf7392700>: >Welcome to use [verify_up2date](version: 2.3.4 [2018-02-25]) tool. 
20200105-092855<INFO :0xf7392700>: >Time duration: 19.818074ms 
20200105-092855<INFO :0xf7392700>: >
20200105-092855<INFO :0xf7392700>: >Finish, my exit code is: 0
20200105-092855<INFO :0xf7392700>: |shell cmd result is 0
20200105-092855<INFO :0xf7392700>: ExecShellCmd [./verify_up2date -op=vef -d="/home/server/gw/Relay" ] ret=0
20200105-092855<INFO :0xf7392700>: [verify_up2date] ok
20200105-092855<INFO :0xf7392700>: [Relay][Version:Nov 14 2014 15:55:12] Begin to start ... ...
20200105-092855<INFO :0xf7392700>: [KG_Relay] Set log level ... ... KGLOG_UPTO(KGLOG_DEBUG)
20200105-092855<INFO :0xf7392700>: [KG_Relay] Loading relay.ini
20200105-092855<INFO :0xf7392700>: Run without GMC!
20200105-092855<INFO :0xf7392700>: [KGD] Mysql info: client[5.1.69] host[Localhost via UNIX socket] server[5.5.64-MariaDB]
20200105-092855<DEBUG:0xf7392700>: [KGD] Success connect to localhost:3306, character set switch to latin1
20200105-092855<INFO :0xf7392700>: [KGD] Mysql info: client[5.1.69] host[Localhost via UNIX socket] server[5.5.64-MariaDB]
20200105-092855<DEBUG:0xf7392700>: [KGD] KGD_PROCESS_ERROR(nRetCode, KGD_ERROR_NOT_SUPPORT), at line 1467 in (0x0x8d1db18)->_LoadTable()
20200105-092855<DEBUG:0xf7392700>: [KGD] (0x0x8d1db18)->_LoadTable("fightteam")
20200105-092855<DEBUG:0xf7392700>: [KGD] KGD_PROCESS_ERROR(nRetCode, KGD_ERROR_NOT_SUPPORT), at line 1467 in (0x0x8d1db18)->_LoadTable()
20200105-092855<DEBUG:0xf7392700>: [KGD] (0x0x8d1db18)->_LoadTable("playerfightteam")
20200105-092855<DEBUG:0xf7392700>: [KGD] Success connect to localhost:3306, character set switch to latin1
20200105-092855<INFO :0xf7392700>: [KGD] Mysql info: client[5.1.69] host[Localhost via UNIX socket] server[5.5.64-MariaDB]
20200105-092855<DEBUG:0xf7392700>: [KGD] KGD_PROCESS_ERROR(nRetCode, KGD_ERROR_NOT_SUPPORT), at line 1467 in (0x0x8d4c550)->_LoadTable()
20200105-092855<DEBUG:0xf7392700>: [KGD] (0x0x8d4c550)->_LoadTable("fightteam")
20200105-092855<DEBUG:0xf7392700>: [KGD] KGD_PROCESS_ERROR(nRetCode, KGD_ERROR_NOT_SUPPORT), at line 1467 in (0x0x8d4c550)->_LoadTable()
20200105-092855<DEBUG:0xf7392700>: [KGD] (0x0x8d4c550)->_LoadTable("playerfightteam")
20200105-092855<DEBUG:0xf7392700>: [KGD] Success connect to localhost:3306, character set switch to latin1
20200105-092855<INFO :0xf66ffb40>: [KGD] Mysql info: client[5.1.69] host[Localhost via UNIX socket] server[5.5.64-MariaDB]
20200105-092855<DEBUG:0xf66ffb40>: [KGD] KGD_PROCESS_ERROR(nRetCode, KGD_ERROR_NOT_SUPPORT), at line 1467 in (0x0xf5d00470)->_LoadTable()
20200105-092855<DEBUG:0xf66ffb40>: [KGD] (0x0xf5d00470)->_LoadTable("fightteam")
20200105-092855<DEBUG:0xf66ffb40>: [KGD] KGD_PROCESS_ERROR(nRetCode, KGD_ERROR_NOT_SUPPORT), at line 1467 in (0x0xf5d00470)->_LoadTable()
20200105-092855<DEBUG:0xf66ffb40>: [KGD] (0x0xf5d00470)->_LoadTable("playerfightteam")
20200105-092855<DEBUG:0xf66ffb40>: [KGD] Success connect to localhost:3306, character set switch to latin1
20200105-092855<INFO :0xf7392700>: [KGD] Mysql info: client[5.1.69] host[Localhost via UNIX socket] server[5.5.64-MariaDB]
20200105-092855<DEBUG:0xf7392700>: [KGD] KGD_PROCESS_ERROR(nRetCode, KGD_ERROR_NOT_SUPPORT), at line 1467 in (0x0x8d4b140)->_LoadTable()
20200105-092855<DEBUG:0xf7392700>: [KGD] (0x0x8d4b140)->_LoadTable("fightteam")
20200105-092855<DEBUG:0xf7392700>: [KGD] KGD_PROCESS_ERROR(nRetCode, KGD_ERROR_NOT_SUPPORT), at line 1467 in (0x0x8d4b140)->_LoadTable()
20200105-092855<DEBUG:0xf7392700>: [KGD] (0x0x8d4b140)->_LoadTable("playerfightteam")
20200105-092855<DEBUG:0xf7392700>: [KGD] Success connect to localhost:3306, character set switch to latin1
20200105-092855<INFO :0xf5cffb40>: [KGD] Mysql info: client[5.1.69] host[Localhost via UNIX socket] server[5.5.64-MariaDB]
20200105-092855<DEBUG:0xf5cffb40>: [KGD] KGD_PROCESS_ERROR(nRetCode, KGD_ERROR_NOT_SUPPORT), at line 1467 in (0x0xf5300470)->_LoadTable()
20200105-092855<DEBUG:0xf5cffb40>: [KGD] (0x0xf5300470)->_LoadTable("fightteam")
20200105-092855<DEBUG:0xf5cffb40>: [KGD] KGD_PROCESS_ERROR(nRetCode, KGD_ERROR_NOT_SUPPORT), at line 1467 in (0x0xf5300470)->_LoadTable()
20200105-092855<DEBUG:0xf5cffb40>: [KGD] (0x0xf5300470)->_LoadTable("playerfightteam")
20200105-092855<DEBUG:0xf5cffb40>: [KGD] Success connect to localhost:3306, character set switch to latin1
20200105-092855<INFO :0xf7392700>: [KGD] Mysql info: client[5.1.69] host[Localhost via UNIX socket] server[5.5.64-MariaDB]
20200105-092855<DEBUG:0xf7392700>: [KGD] KGD_PROCESS_ERROR(nRetCode, KGD_ERROR_NOT_SUPPORT), at line 1467 in (0x0x8d5f700)->_LoadTable()
20200105-092855<DEBUG:0xf7392700>: [KGD] (0x0x8d5f700)->_LoadTable("fightteam")
20200105-092855<DEBUG:0xf7392700>: [KGD] KGD_PROCESS_ERROR(nRetCode, KGD_ERROR_NOT_SUPPORT), at line 1467 in (0x0x8d5f700)->_LoadTable()
20200105-092855<DEBUG:0xf7392700>: [KGD] (0x0x8d5f700)->_LoadTable("playerfightteam")
20200105-092855<DEBUG:0xf7392700>: [KGD] Success connect to localhost:3306, character set switch to latin1
20200105-092855<INFO :0xf7060b40>: [KGD] Mysql info: client[5.1.69] host[Localhost via UNIX socket] server[5.5.64-MariaDB]
20200105-092855<DEBUG:0xf7060b40>: [KGD] KGD_PROCESS_ERROR(nRetCode, KGD_ERROR_NOT_SUPPORT), at line 1467 in (0x0xf6700470)->_LoadTable()
20200105-092855<DEBUG:0xf7060b40>: [KGD] (0x0xf6700470)->_LoadTable("fightteam")
20200105-092855<DEBUG:0xf7060b40>: [KGD] KGD_PROCESS_ERROR(nRetCode, KGD_ERROR_NOT_SUPPORT), at line 1467 in (0x0xf6700470)->_LoadTable()
20200105-092855<DEBUG:0xf7060b40>: [KGD] (0x0xf6700470)->_LoadTable("playerfightteam")
20200105-092855<DEBUG:0xf7060b40>: [KGD] Success connect to localhost:3306, character set switch to latin1
20200105-092855<INFO :0xf52ffb40>: [KGD] Mysql info: client[5.1.69] host[Localhost via UNIX socket] server[5.5.64-MariaDB]
20200105-092855<INFO :0xf7392700>: [KGD] Mysql info: client[5.1.69] host[Localhost via UNIX socket] server[5.5.64-MariaDB]
20200105-092855<DEBUG:0xf7392700>: [KGD] KGD_PROCESS_ERROR(nRetCode, KGD_ERROR_NOT_SUPPORT), at line 1467 in (0x0x8d88cc8)->_LoadTable()
20200105-092855<DEBUG:0xf7392700>: [KGD] (0x0x8d88cc8)->_LoadTable("fightteam")
20200105-092855<DEBUG:0xf7392700>: [KGD] KGD_PROCESS_ERROR(nRetCode, KGD_ERROR_NOT_SUPPORT), at line 1467 in (0x0x8d88cc8)->_LoadTable()
20200105-092855<DEBUG:0xf7392700>: [KGD] (0x0x8d88cc8)->_LoadTable("playerfightteam")
20200105-092855<DEBUG:0xf7392700>: [KGD] Success connect to localhost:3306, character set switch to latin1
20200105-092855<DEBUG:0xf52ffb40>: [KGD] KGD_PROCESS_ERROR(nRetCode, KGD_ERROR_NOT_SUPPORT), at line 1467 in (0x0x8d77150)->_LoadTable()
20200105-092855<DEBUG:0xf52ffb40>: [KGD] (0x0x8d77150)->_LoadTable("fightteam")
20200105-092855<DEBUG:0xf52ffb40>: [KGD] KGD_PROCESS_ERROR(nRetCode, KGD_ERROR_NOT_SUPPORT), at line 1467 in (0x0x8d77150)->_LoadTable()
20200105-092855<DEBUG:0xf52ffb40>: [KGD] (0x0x8d77150)->_LoadTable("playerfightteam")
20200105-092855<DEBUG:0xf52ffb40>: [KGD] Success connect to localhost:3306, character set switch to latin1
20200105-092855<INFO :0xf7392700>: [KGD] Mysql info: client[5.1.69] host[Localhost via UNIX socket] server[5.5.64-MariaDB]
20200105-092855<DEBUG:0xf7392700>: [KGD] KGD_PROCESS_ERROR(nRetCode, KGD_ERROR_NOT_SUPPORT), at line 1467 in (0x0x8dafe30)->_LoadTable()
20200105-092855<DEBUG:0xf7392700>: [KGD] (0x0x8dafe30)->_LoadTable("fightteam")
20200105-092855<DEBUG:0xf7392700>: [KGD] KGD_PROCESS_ERROR(nRetCode, KGD_ERROR_NOT_SUPPORT), at line 1467 in (0x0x8dafe30)->_LoadTable()
20200105-092855<DEBUG:0xf7392700>: [KGD] (0x0x8dafe30)->_LoadTable("playerfightteam")
20200105-092855<DEBUG:0xf7392700>: [KGD] Success connect to localhost:3306, character set switch to latin1
20200105-092855<INFO :0xf4afeb40>: [KGD] Mysql info: client[5.1.69] host[Localhost via UNIX socket] server[5.5.64-MariaDB]
20200105-092855<DEBUG:0xf4afeb40>: [KGD] KGD_PROCESS_ERROR(nRetCode, KGD_ERROR_NOT_SUPPORT), at line 1467 in (0x0xf5307ac0)->_LoadTable()
20200105-092855<DEBUG:0xf4afeb40>: [KGD] (0x0xf5307ac0)->_LoadTable("fightteam")
20200105-092855<DEBUG:0xf4afeb40>: [KGD] KGD_PROCESS_ERROR(nRetCode, KGD_ERROR_NOT_SUPPORT), at line 1467 in (0x0xf5307ac0)->_LoadTable()
20200105-092855<DEBUG:0xf4afeb40>: [KGD] (0x0xf5307ac0)->_LoadTable("playerfightteam")
20200105-092855<DEBUG:0xf4afeb40>: [KGD] Success connect to localhost:3306, character set switch to latin1
20200105-092855<INFO :0xf7392700>: [KGD] Mysql info: client[5.1.69] host[Localhost via UNIX socket] server[5.5.64-MariaDB]
20200105-092855<DEBUG:0xf7392700>: [KGD] KGD_PROCESS_ERROR(nRetCode, KGD_ERROR_NOT_SUPPORT), at line 1467 in (0x0x8f52fa0)->_LoadTable()
20200105-092855<DEBUG:0xf7392700>: [KGD] (0x0x8f52fa0)->_LoadTable("fightteam")
20200105-092855<DEBUG:0xf7392700>: [KGD] KGD_PROCESS_ERROR(nRetCode, KGD_ERROR_NOT_SUPPORT), at line 1467 in (0x0x8f52fa0)->_LoadTable()
20200105-092855<DEBUG:0xf7392700>: [KGD] (0x0x8f52fa0)->_LoadTable("playerfightteam")
20200105-092855<DEBUG:0xf7392700>: [KGD] Success connect to localhost:3306, character set switch to latin1
20200105-092855<INFO :0xf7392700>: [MySQLDatabase] Connecting to `127.0.0.1`, database `jx2ib_database`...
20200105-092855<INFO :0xf7392700>: [MySQLDatabase] Connecting to `127.0.0.1`, database `jx2ib_database`...
20200105-092855<INFO :0xf7392700>: [RuntimeStat] ServerName=SONGLONG_GW FlushIntervalSec=300
20200105-092855<INFO :0xf7392700>: set runtime statistic result path is [runtime_stat_result/2020_01_05/stat_result_ksg_2020_01_05_@SONGLONG_GW.txt]
20200105-092855<WARN :0xf7392700>: [RuntimeDataStatRelay] FlushStat: File=runtime_stat_result/2020_01_05/stat_result_ksg_2020_01_05_@SONGLONG_GW.txt Count=365
20200105-092855<WARN :0xf7392700>: [RuntimeDataStatRelay] FlushStat: File=runtime_stat_result/2020_01_05/stat_result_vng_2020-01-05_@SONGLONG_GW.txt Count=1
20200105-092904<INFO :0xf7392700>: New connection from 127.0.0.1:49050, index = 0
20200105-092904<DEBUG:0xf7392700>: Send log info to gs(100007f) when connect ret=1
20200105-092904<INFO :0xf7392700>: New connection from 127.0.0.1:3205, index = 0
20200105-092904<INFO :0xf7392700>: New connection from 127.0.0.1:39357, index = 0
20200105-092904<INFO :0xf7392700>: [verify_up2date] GetUp2dateVersion: code=8DA68FCD
20200105-092904<ERROR:0xf7392700>: [KG_RelayTongGameSvr] [Error Protocol] [Protocol=52]
20200105-092904<DEBUG:0xf7392700>: KGLOG_PROCESS_ERROR(false) at line 83 in ProcessMessage
20200105-092904<ERROR:0xf7392700>: [KG_RelayTongGameSvr] [Error Protocol] [Protocol=52]
20200105-092904<DEBUG:0xf7392700>: KGLOG_PROCESS_ERROR(false) at line 83 in ProcessMessage
20200105-092904<ERROR:0xf7392700>: [KG_RelayTongGameSvr] [Error Protocol] [Protocol=52]
20200105-092904<DEBUG:0xf7392700>: KGLOG_PROCESS_ERROR(false) at line 83 in ProcessMessage
20200105-092904<INFO :0xf7392700>: Proc0_GameSvrLogin
20200105-092904<INFO :0xf7392700>: [MAP_INDEX_INFO] Notify map count 246 for gs: 0100007F
20200105-092906<WARN :0xf7392700>: Router NOT connected
20200105-093047<DEBUG:0xf7392700>: [RelationMgr] SomeoneLogin("demooooooooo")
20200105-093047<DEBUG:0xf7392700>: [RelationMgr] SomeoneLoad("demooooooooo")
20200105-093047<DEBUG:0xf7392700>: [Relation Database] Load "demooooooooo"
20200105-093047<WARN :0xf7392700>: Router NOT connected
20200105-093307<DEBUG:0xf7392700>: [RelationMgr] SomeoneLogout("demooooooooo")
20200105-093337<DEBUG:0xf7392700>: [RelationMgr] SomeoneLogin("asdasdasdasd")
20200105-093337<DEBUG:0xf7392700>: [RelationMgr] SomeoneLoad("asdasdasdasd")
20200105-093337<DEBUG:0xf7392700>: [Relation Database] Load "asdasdasdasd"
20200105-093337<WARN :0xf7392700>: Router NOT connected
20200105-093355<WARN :0xf7392700>: [RuntimeDataStatRelay] FlushStat: File=runtime_stat_result/2020_01_05/stat_result_ksg_2020_01_05_@SONGLONG_GW.txt Count=367
20200105-093355<WARN :0xf7392700>: [RuntimeDataStatRelay] FlushStat: File=runtime_stat_result/2020_01_05/stat_result_vng_2020-01-05_@SONGLONG_GW.txt Count=1
20200105-093743<DEBUG:0xf7392700>: [RelationMgr] SomeoneLogout("asdasdasdasd")
20200105-093909<INFO :0xf7392700>: Connection lost: 1(127.0.0.1, 1)
20200105-093909<DEBUG:0xf7392700>: gs(100007f) crashed
20200105-093909<INFO :0xf7392700>: Connection lost: 1(127.0.0.1, 1)
20200105-093909<INFO :0xf7392700>: Connection lost: 1(127.0.0.1, 1)
20200105-093911<INFO :0xf7392700>: [Relay] Get quit signal!
20200105-093911<INFO :0xf7392700>: Relay stopping!
