ChangeLogFile: FirstWrite=1, CurrentLine=0/65536 LastTime=1900-1-0 0:0:0
20200105-231637<INFO :0xf7452700>: [verify_up2date]...
20200105-231637<INFO :0xf7452700>: >Current lang is [gb18030]
20200105-231637<INFO :0xf7452700>: >Welcome to use [verify_up2date](version: 2.3.4 [2018-02-25]) tool. 
20200105-231637<INFO :0xf7452700>: >Time duration: 9.970594ms 
20200105-231637<INFO :0xf7452700>: >
20200105-231637<INFO :0xf7452700>: >Finish, my exit code is: 0
20200105-231637<INFO :0xf7452700>: |shell cmd result is 0
20200105-231637<INFO :0xf7452700>: ExecShellCmd [./verify_up2date -op=vef -d="/home/server/gw/Relay" ] ret=0
20200105-231637<INFO :0xf7452700>: [verify_up2date] ok
20200105-231637<INFO :0xf7452700>: [Relay][Version:Nov 14 2014 15:55:12] Begin to start ... ...
20200105-231637<INFO :0xf7452700>: [KG_Relay] Set log level ... ... KGLOG_UPTO(KGLOG_DEBUG)
20200105-231637<INFO :0xf7452700>: [KG_Relay] Loading relay.ini
20200105-231637<INFO :0xf7452700>: Run without GMC!
20200105-231637<INFO :0xf7452700>: [KGD] Mysql info: client[5.1.69] host[Localhost via UNIX socket] server[5.5.64-MariaDB]
20200105-231637<DEBUG:0xf7452700>: [KGD] Success connect to localhost:3306, character set switch to latin1
20200105-231637<INFO :0xf7452700>: [KGD] Mysql info: client[5.1.69] host[Localhost via UNIX socket] server[5.5.64-MariaDB]
20200105-231637<DEBUG:0xf7452700>: [KGD] KGD_PROCESS_ERROR(nRetCode, KGD_ERROR_NOT_SUPPORT), at line 1467 in (0x0xa096b18)->_LoadTable()
20200105-231637<DEBUG:0xf7452700>: [KGD] (0x0xa096b18)->_LoadTable("fightteam")
20200105-231637<DEBUG:0xf7452700>: [KGD] KGD_PROCESS_ERROR(nRetCode, KGD_ERROR_NOT_SUPPORT), at line 1467 in (0x0xa096b18)->_LoadTable()
20200105-231637<DEBUG:0xf7452700>: [KGD] (0x0xa096b18)->_LoadTable("playerfightteam")
20200105-231637<DEBUG:0xf7452700>: [KGD] Success connect to localhost:3306, character set switch to latin1
20200105-231637<INFO :0xf7120b40>: [KGD] Mysql info: client[5.1.69] host[Localhost via UNIX socket] server[5.5.64-MariaDB]
20200105-231637<DEBUG:0xf7120b40>: [KGD] KGD_PROCESS_ERROR(nRetCode, KGD_ERROR_NOT_SUPPORT), at line 1467 in (0x0xf6800470)->_LoadTable()
20200105-231637<DEBUG:0xf7120b40>: [KGD] (0x0xf6800470)->_LoadTable("fightteam")
20200105-231637<DEBUG:0xf7120b40>: [KGD] KGD_PROCESS_ERROR(nRetCode, KGD_ERROR_NOT_SUPPORT), at line 1467 in (0x0xf6800470)->_LoadTable()
20200105-231637<DEBUG:0xf7120b40>: [KGD] (0x0xf6800470)->_LoadTable("playerfightteam")
20200105-231637<DEBUG:0xf7120b40>: [KGD] Success connect to localhost:3306, character set switch to latin1
20200105-231637<INFO :0xf7452700>: [KGD] Mysql info: client[5.1.69] host[Localhost via UNIX socket] server[5.5.64-MariaDB]
20200105-231637<DEBUG:0xf7452700>: [KGD] KGD_PROCESS_ERROR(nRetCode, KGD_ERROR_NOT_SUPPORT), at line 1467 in (0x0xa0c5550)->_LoadTable()
20200105-231637<DEBUG:0xf7452700>: [KGD] (0x0xa0c5550)->_LoadTable("fightteam")
20200105-231637<DEBUG:0xf7452700>: [KGD] KGD_PROCESS_ERROR(nRetCode, KGD_ERROR_NOT_SUPPORT), at line 1467 in (0x0xa0c5550)->_LoadTable()
20200105-231637<DEBUG:0xf7452700>: [KGD] (0x0xa0c5550)->_LoadTable("playerfightteam")
20200105-231637<DEBUG:0xf7452700>: [KGD] Success connect to localhost:3306, character set switch to latin1
20200105-231637<INFO :0xf67ffb40>: [KGD] Mysql info: client[5.1.69] host[Localhost via UNIX socket] server[5.5.64-MariaDB]
20200105-231637<DEBUG:0xf67ffb40>: [KGD] KGD_PROCESS_ERROR(nRetCode, KGD_ERROR_NOT_SUPPORT), at line 1467 in (0x0xf5e00470)->_LoadTable()
20200105-231637<DEBUG:0xf67ffb40>: [KGD] (0x0xf5e00470)->_LoadTable("fightteam")
20200105-231637<DEBUG:0xf67ffb40>: [KGD] KGD_PROCESS_ERROR(nRetCode, KGD_ERROR_NOT_SUPPORT), at line 1467 in (0x0xf5e00470)->_LoadTable()
20200105-231637<DEBUG:0xf67ffb40>: [KGD] (0x0xf5e00470)->_LoadTable("playerfightteam")
20200105-231637<DEBUG:0xf67ffb40>: [KGD] Success connect to localhost:3306, character set switch to latin1
20200105-231637<INFO :0xf7452700>: [KGD] Mysql info: client[5.1.69] host[Localhost via UNIX socket] server[5.5.64-MariaDB]
20200105-231637<DEBUG:0xf7452700>: [KGD] KGD_PROCESS_ERROR(nRetCode, KGD_ERROR_NOT_SUPPORT), at line 1467 in (0x0xa0c4140)->_LoadTable()
20200105-231637<DEBUG:0xf7452700>: [KGD] (0x0xa0c4140)->_LoadTable("fightteam")
20200105-231637<DEBUG:0xf7452700>: [KGD] KGD_PROCESS_ERROR(nRetCode, KGD_ERROR_NOT_SUPPORT), at line 1467 in (0x0xa0c4140)->_LoadTable()
20200105-231637<DEBUG:0xf7452700>: [KGD] (0x0xa0c4140)->_LoadTable("playerfightteam")
20200105-231637<DEBUG:0xf7452700>: [KGD] Success connect to localhost:3306, character set switch to latin1
20200105-231637<INFO :0xf5dffb40>: [KGD] Mysql info: client[5.1.69] host[Localhost via UNIX socket] server[5.5.64-MariaDB]
20200105-231637<DEBUG:0xf5dffb40>: [KGD] KGD_PROCESS_ERROR(nRetCode, KGD_ERROR_NOT_SUPPORT), at line 1467 in (0x0xf5400470)->_LoadTable()
20200105-231637<DEBUG:0xf5dffb40>: [KGD] (0x0xf5400470)->_LoadTable("fightteam")
20200105-231637<DEBUG:0xf5dffb40>: [KGD] KGD_PROCESS_ERROR(nRetCode, KGD_ERROR_NOT_SUPPORT), at line 1467 in (0x0xf5400470)->_LoadTable()
20200105-231637<DEBUG:0xf5dffb40>: [KGD] (0x0xf5400470)->_LoadTable("playerfightteam")
20200105-231637<DEBUG:0xf5dffb40>: [KGD] Success connect to localhost:3306, character set switch to latin1
20200105-231637<INFO :0xf7452700>: [KGD] Mysql info: client[5.1.69] host[Localhost via UNIX socket] server[5.5.64-MariaDB]
20200105-231637<DEBUG:0xf7452700>: [KGD] KGD_PROCESS_ERROR(nRetCode, KGD_ERROR_NOT_SUPPORT), at line 1467 in (0x0xa0d8700)->_LoadTable()
20200105-231637<DEBUG:0xf7452700>: [KGD] (0x0xa0d8700)->_LoadTable("fightteam")
20200105-231637<DEBUG:0xf7452700>: [KGD] KGD_PROCESS_ERROR(nRetCode, KGD_ERROR_NOT_SUPPORT), at line 1467 in (0x0xa0d8700)->_LoadTable()
20200105-231637<DEBUG:0xf7452700>: [KGD] (0x0xa0d8700)->_LoadTable("playerfightteam")
20200105-231637<DEBUG:0xf7452700>: [KGD] Success connect to localhost:3306, character set switch to latin1
20200105-231637<INFO :0xf53ffb40>: [KGD] Mysql info: client[5.1.69] host[Localhost via UNIX socket] server[5.5.64-MariaDB]
20200105-231637<DEBUG:0xf53ffb40>: [KGD] KGD_PROCESS_ERROR(nRetCode, KGD_ERROR_NOT_SUPPORT), at line 1467 in (0x0xa0e3e28)->_LoadTable()
20200105-231637<DEBUG:0xf53ffb40>: [KGD] (0x0xa0e3e28)->_LoadTable("fightteam")
20200105-231637<DEBUG:0xf53ffb40>: [KGD] KGD_PROCESS_ERROR(nRetCode, KGD_ERROR_NOT_SUPPORT), at line 1467 in (0x0xa0e3e28)->_LoadTable()
20200105-231637<DEBUG:0xf53ffb40>: [KGD] (0x0xa0e3e28)->_LoadTable("playerfightteam")
20200105-231637<DEBUG:0xf53ffb40>: [KGD] Success connect to localhost:3306, character set switch to latin1
20200105-231637<INFO :0xf7452700>: [KGD] Mysql info: client[5.1.69] host[Localhost via UNIX socket] server[5.5.64-MariaDB]
20200105-231637<DEBUG:0xf7452700>: [KGD] KGD_PROCESS_ERROR(nRetCode, KGD_ERROR_NOT_SUPPORT), at line 1467 in (0x0xa102eb8)->_LoadTable()
20200105-231637<DEBUG:0xf7452700>: [KGD] (0x0xa102eb8)->_LoadTable("fightteam")
20200105-231637<DEBUG:0xf7452700>: [KGD] KGD_PROCESS_ERROR(nRetCode, KGD_ERROR_NOT_SUPPORT), at line 1467 in (0x0xa102eb8)->_LoadTable()
20200105-231637<DEBUG:0xf7452700>: [KGD] (0x0xa102eb8)->_LoadTable("playerfightteam")
20200105-231637<DEBUG:0xf7452700>: [KGD] Success connect to localhost:3306, character set switch to latin1
20200105-231637<INFO :0xf7452700>: [KGD] Mysql info: client[5.1.69] host[Localhost via UNIX socket] server[5.5.64-MariaDB]
20200105-231637<DEBUG:0xf7452700>: [KGD] KGD_PROCESS_ERROR(nRetCode, KGD_ERROR_NOT_SUPPORT), at line 1467 in (0x0xa128e18)->_LoadTable()
20200105-231637<DEBUG:0xf7452700>: [KGD] (0x0xa128e18)->_LoadTable("fightteam")
20200105-231637<DEBUG:0xf7452700>: [KGD] KGD_PROCESS_ERROR(nRetCode, KGD_ERROR_NOT_SUPPORT), at line 1467 in (0x0xa128e18)->_LoadTable()
20200105-231637<DEBUG:0xf7452700>: [KGD] (0x0xa128e18)->_LoadTable("playerfightteam")
20200105-231637<DEBUG:0xf7452700>: [KGD] Success connect to localhost:3306, character set switch to latin1
20200105-231637<INFO :0xf4bfeb40>: [KGD] Mysql info: client[5.1.69] host[Localhost via UNIX socket] server[5.5.64-MariaDB]
20200105-231637<DEBUG:0xf4bfeb40>: [KGD] KGD_PROCESS_ERROR(nRetCode, KGD_ERROR_NOT_SUPPORT), at line 1467 in (0x0xf5407ac0)->_LoadTable()
20200105-231637<DEBUG:0xf4bfeb40>: [KGD] (0x0xf5407ac0)->_LoadTable("fightteam")
20200105-231637<DEBUG:0xf4bfeb40>: [KGD] KGD_PROCESS_ERROR(nRetCode, KGD_ERROR_NOT_SUPPORT), at line 1467 in (0x0xf5407ac0)->_LoadTable()
20200105-231637<DEBUG:0xf4bfeb40>: [KGD] (0x0xf5407ac0)->_LoadTable("playerfightteam")
20200105-231637<DEBUG:0xf4bfeb40>: [KGD] Success connect to localhost:3306, character set switch to latin1
20200105-231637<INFO :0xf7452700>: [KGD] Mysql info: client[5.1.69] host[Localhost via UNIX socket] server[5.5.64-MariaDB]
20200105-231637<DEBUG:0xf7452700>: [KGD] KGD_PROCESS_ERROR(nRetCode, KGD_ERROR_NOT_SUPPORT), at line 1467 in (0x0xa2cbf58)->_LoadTable()
20200105-231637<DEBUG:0xf7452700>: [KGD] (0x0xa2cbf58)->_LoadTable("fightteam")
20200105-231637<DEBUG:0xf7452700>: [KGD] KGD_PROCESS_ERROR(nRetCode, KGD_ERROR_NOT_SUPPORT), at line 1467 in (0x0xa2cbf58)->_LoadTable()
20200105-231637<DEBUG:0xf7452700>: [KGD] (0x0xa2cbf58)->_LoadTable("playerfightteam")
20200105-231637<DEBUG:0xf7452700>: [KGD] Success connect to localhost:3306, character set switch to latin1
20200105-231637<INFO :0xf7452700>: [MySQLDatabase] Connecting to `127.0.0.1`, database `jx2ib_database`...
20200105-231637<INFO :0xf7452700>: [MySQLDatabase] Connecting to `127.0.0.1`, database `jx2ib_database`...
20200105-231637<INFO :0xf7452700>: [RuntimeStat] ServerName=SONGLONG_GW FlushIntervalSec=300
20200105-231637<INFO :0xf7452700>: set runtime statistic result path is [runtime_stat_result/2020_01_05/stat_result_ksg_2020_01_05_@SONGLONG_GW.txt]
20200105-231637<WARN :0xf7452700>: [RuntimeDataStatRelay] FlushStat: File=runtime_stat_result/2020_01_05/stat_result_ksg_2020_01_05_@SONGLONG_GW.txt Count=367
20200105-231637<WARN :0xf7452700>: [RuntimeDataStatRelay] FlushStat: File=runtime_stat_result/2020_01_05/stat_result_vng_2020-01-05_@SONGLONG_GW.txt Count=1
20200105-231645<INFO :0xf7452700>: New connection from 127.0.0.1:12677, index = 0
20200105-231645<DEBUG:0xf7452700>: Send log info to gs(100007f) when connect ret=1
20200105-231645<INFO :0xf7452700>: New connection from 127.0.0.1:57550, index = 0
20200105-231645<INFO :0xf7452700>: New connection from 127.0.0.1:59575, index = 0
20200105-231645<INFO :0xf7452700>: [verify_up2date] GetUp2dateVersion: code=8DA68FCD
20200105-231645<ERROR:0xf7452700>: [KG_RelayTongGameSvr] [Error Protocol] [Protocol=52]
20200105-231645<DEBUG:0xf7452700>: KGLOG_PROCESS_ERROR(false) at line 83 in ProcessMessage
20200105-231645<ERROR:0xf7452700>: [KG_RelayTongGameSvr] [Error Protocol] [Protocol=52]
20200105-231645<DEBUG:0xf7452700>: KGLOG_PROCESS_ERROR(false) at line 83 in ProcessMessage
20200105-231645<ERROR:0xf7452700>: [KG_RelayTongGameSvr] [Error Protocol] [Protocol=52]
20200105-231645<DEBUG:0xf7452700>: KGLOG_PROCESS_ERROR(false) at line 83 in ProcessMessage
20200105-231645<INFO :0xf7452700>: Proc0_GameSvrLogin
20200105-231645<INFO :0xf7452700>: [MAP_INDEX_INFO] Notify map count 276 for gs: 0100007F
20200105-231647<WARN :0xf7452700>: Router NOT connected
20200105-231742<DEBUG:0xf7452700>: [RelationMgr] SomeoneLogin("demooooooooo")
20200105-231742<DEBUG:0xf7452700>: [RelationMgr] SomeoneLoad("demooooooooo")
20200105-231742<DEBUG:0xf7452700>: [Relation Database] Load "demooooooooo"
20200105-231742<WARN :0xf7452700>: Router NOT connected
20200105-231848<DEBUG:0xf7452700>: [RelationMgr] SomeoneLogin("DemoDemo")
20200105-231848<DEBUG:0xf7452700>: [RelationMgr] SomeoneLoad("DemoDemo")
20200105-231848<DEBUG:0xf7452700>: [Relation Database] Load "DemoDemo"
20200105-231848<WARN :0xf7452700>: Router NOT connected
20200105-232041<INFO :0xf7452700>: [Tong Creation] Tong Thuong Create started.
20200105-232041<INFO :0xf7452700>: [Tong Creation] Tong Thuong Create end successful.
20200105-232137<WARN :0xf7452700>: [RuntimeDataStatRelay] FlushStat: File=runtime_stat_result/2020_01_05/stat_result_ksg_2020_01_05_@SONGLONG_GW.txt Count=367
20200105-232137<WARN :0xf7452700>: [RuntimeDataStatRelay] FlushStat: File=runtime_stat_result/2020_01_05/stat_result_vng_2020-01-05_@SONGLONG_GW.txt Count=1
20200105-232330<DEBUG:0xf7452700>: [RelationMgr] SomeoneLogout("DemoDemo")
20200105-232333<DEBUG:0xf7452700>: [RelationMgr] SomeoneLogout("demooooooooo")
20200105-232336<INFO :0xf7452700>: Connection lost: 1(127.0.0.1, 1)
20200105-232336<DEBUG:0xf7452700>: gs(100007f) crashed
20200105-232336<INFO :0xf7452700>: Connection lost: 1(127.0.0.1, 1)
20200105-232336<INFO :0xf7452700>: Connection lost: 1(127.0.0.1, 1)
20200105-232338<INFO :0xf7452700>: [Relay] Get quit signal!
20200105-232338<INFO :0xf7452700>: Relay stopping!
