20141107-001403	INFO	[vt phm ln tay ngi chi] [Ti khon : 1] [Nhn vt: o0oYUKIo0o][Tn vt phm:Linh  Gii (tri)]
20141107-001403	INFO	[vt phm ln tay ngi chi] [Ti khon : 1] [Nhn vt: o0oYUKIo0o][Tn vt phm:Linh  Gii (phi)]
20141107-001403	INFO	[vt phm ln tay ngi chi] [Ti khon : 1] [Nhn vt: o0oYUKIo0o][Tn vt phm:Linh  Kim]
20141107-001403	INFO	[vt phm ln tay ngi chi] [Ti khon : 1] [Nhn vt: o0oYUKIo0o][Tn vt phm:Linh  Trang (thn]
20141107-001403	INFO	[vt phm ln tay ngi chi] [Ti khon : 1] [Nhn vt: o0oYUKIo0o][Tn vt phm:Linh  Trang (ngoi]
20141107-001403	INFO	[vt phm ln tay ngi chi] [Ti khon : 1] [Nhn vt: o0oYUKIo0o][Tn vt phm:Linh  Trang (ni)]
20141107-001403	INFO	[vt phm ln tay ngi chi] [Ti khon : 1] [Nhn vt: o0oYUKIo0o][Tn vt phm:Linh  Y]
20141107-001403	INFO	[vt phm ln tay ngi chi] [Ti khon : 1] [Nhn vt: o0oYUKIo0o][Tn vt phm:Linh  Mo]
20141107-001458	INFO	[vt phm ln tay ngi chi] [Ti khon : 1] [Nhn vt: o0oYUKIo0o][Tn vt phm:Trng Hi Du Hip]
20141107-001458	INFO	[vt phm ln tay ngi chi] [Ti khon : 1] [Nhn vt: o0oYUKIo0o][Tn vt phm:Huy Chng Du Hip]
20141107-001458	INFO	[vt phm ln tay ngi chi] [Ti khon : 1] [Nhn vt: o0oYUKIo0o][Tn vt phm:o Chong Du Hip]
20141107-001458	INFO	[vt phm ln tay ngi chi] [Ti khon : 1] [Nhn vt: o0oYUKIo0o][Tn vt phm:Chin Hi Thit Huy]
20141107-001458	INFO	[vt phm ln tay ngi chi] [Ti khon : 1] [Nhn vt: o0oYUKIo0o][Tn vt phm:Huy Chng Thit Huy]
20141107-001458	INFO	[vt phm ln tay ngi chi] [Ti khon : 1] [Nhn vt: o0oYUKIo0o][Tn vt phm:o Chong Thit Huy]
20141107-001458	INFO	[vt phm ln tay ngi chi] [Ti khon : 1] [Nhn vt: o0oYUKIo0o][Tn vt phm:o Hi Vn Du]
20141107-001458	INFO	[vt phm ln tay ngi chi] [Ti khon : 1] [Nhn vt: o0oYUKIo0o][Tn vt phm:Huy Chng Vn Du]
20141107-001458	INFO	[vt phm ln tay ngi chi] [Ti khon : 1] [Nhn vt: o0oYUKIo0o][Tn vt phm:o Chong Vn Du]
20141107-001821	INFO	[vt phm ln tay ngi chi] [Ti khon : 1] [Nhn vt: o0oYUKIo0o][Tn vt phm:Thin Kiu Lnh]
20141107-001826	INFO	[vt phm ln tay ngi chi] [Ti khon : 1] [Nhn vt: o0oYUKIo0o][Tn vt phm:X Li Kim n]
20141107-001845	INFO	[vt phm ln tay ngi chi] [Ti khon : 1] [Nhn vt: o0oYUKIo0o][Tn vt phm:Nh  Kim nh Chn ]
20141107-001845	INFO	[vt phm ln tay ngi chi] [Ti khon : 1] [Nhn vt: o0oYUKIo0o][Tn vt phm:Nh  Kim nh Mt T]
20141107-001845	INFO	[vt phm ln tay ngi chi] [Ti khon : 1] [Nhn vt: o0oYUKIo0o][Tn vt phm:Lng Ba Vi B ton t]
20141107-001922	INFO	[vt phm ln tay ngi chi] [Ti khon : 1] [Nhn vt: o0oYUKIo0o][Tn vt phm:Quan m Quyt]
20141107-001922	INFO	[vt phm ln tay ngi chi] [Ti khon : 1] [Nhn vt: o0oYUKIo0o][Tn vt phm:Nga My Pht quyt]
20141107-001922	INFO	[vt phm ln tay ngi chi] [Ti khon : 1] [Nhn vt: o0oYUKIo0o][Tn vt phm:Ngc N Kim quyt]
20141107-001922	INFO	[vt phm ln tay ngi chi] [Ti khon : 1] [Nhn vt: o0oYUKIo0o][Tn vt phm: Nguyn Quyt]
20141107-001922	INFO	[vt phm ln tay ngi chi] [Ti khon : 1] [Nhn vt: o0oYUKIo0o][Tn vt phm:Pht Ph quyt]
20141107-001922	INFO	[vt phm ln tay ngi chi] [Ti khon : 1] [Nhn vt: o0oYUKIo0o][Tn vt phm:Lin Hoa quyt]
20141107-001922	INFO	[vt phm ln tay ngi chi] [Ti khon : 1] [Nhn vt: o0oYUKIo0o][Tn vt phm:Thanh Phn quyt]
20141107-001922	INFO	[vt phm ln tay ngi chi] [Ti khon : 1] [Nhn vt: o0oYUKIo0o][Tn vt phm:Lu Thy yu quyt]
20141107-001922	INFO	[vt phm ln tay ngi chi] [Ti khon : 1] [Nhn vt: o0oYUKIo0o][Tn vt phm:Ph T quyt]
20141107-001922	INFO	[vt phm ln tay ngi chi] [Ti khon : 1] [Nhn vt: o0oYUKIo0o][Tn vt phm:Bt Dit quyt]
20141107-001922	INFO	[vt phm ln tay ngi chi] [Ti khon : 1] [Nhn vt: o0oYUKIo0o][Tn vt phm:Pht Chin quyt]
20141107-001922	INFO	[vt phm ln tay ngi chi] [Ti khon : 1] [Nhn vt: o0oYUKIo0o][Tn vt phm:Pht m quyt]
20141107-001922	INFO	[vt phm ln tay ngi chi] [Ti khon : 1] [Nhn vt: o0oYUKIo0o][Tn vt phm:i Bi quyt]
20141107-002053	INFO	[vt phm ln tay ngi chi] [Ti khon : 1] [Nhn vt: o0oYUKIo0o][Tn vt phm:Pho chin thng ]
20141107-002214	INFO	[vt phm ln tay ngi chi] [Ti khon : 1] [Nhn vt: o0oYUKIo0o][Tn vt phm:Kinh Mch ng Nhn]
20141107-002302	INFO	[vt phm ln tay ngi chi] [Ti khon : 1] [Nhn vt: o0oYUKIo0o][Tn vt phm:HuytTrchThch Lv1]
20141107-002302	INFO	[vt phm ln tay ngi chi] [Ti khon : 1] [Nhn vt: o0oYUKIo0o][Tn vt phm:NguytBchThch Lv1]
20141107-002302	INFO	[vt phm ln tay ngi chi] [Ti khon : 1] [Nhn vt: o0oYUKIo0o][Tn vt phm:H Phch Thch Cp 1]
20141107-002302	INFO	[vt phm ln tay ngi chi] [Ti khon : 1] [Nhn vt: o0oYUKIo0o][Tn vt phm:Hc Diu Thch Cp 1]
20141107-002311	INFO	[vt phm ln tay ngi chi] [Ti khon : 1] [Nhn vt: o0oYUKIo0o][Tn vt phm:Linh Th n cp 1]
20141107-002654	INFO	[vt phm ln tay ngi chi] [Ti khon : 1] [Nhn vt: o0oYUKIo0o][Tn vt phm:V Thng]
20141107-002722	INFO	[vt phm ln tay ngi chi] [Ti khon : 1] [Nhn vt: o0oYUKIo0o][Tn vt phm:Tn Th Hng Nang]
