ChangeLogFile: FirstWrite=1, CurrentLine=0/65536 LastTime=1900-1-0 0:0:0
20200125-191713<INFO :0xf7428700>: [verify_up2date]...
20200125-191713<INFO :0xf7428700>: >Current lang is [gb18030]
20200125-191713<INFO :0xf7428700>: >Welcome to use [verify_up2date](version: 2.3.4 [2018-02-25]) tool. 
20200125-191713<INFO :0xf7428700>: >Time duration: 7.287868ms 
20200125-191713<INFO :0xf7428700>: >
20200125-191713<INFO :0xf7428700>: >Finish, my exit code is: 0
20200125-191713<INFO :0xf7428700>: |shell cmd result is 0
20200125-191713<INFO :0xf7428700>: ExecShellCmd [./verify_up2date -op=vef -d="/home/server/gw/Relay" ] ret=0
20200125-191713<INFO :0xf7428700>: [verify_up2date] ok
20200125-191713<INFO :0xf7428700>: [Relay][Version:Nov 14 2014 15:55:12] Begin to start ... ...
20200125-191713<INFO :0xf7428700>: [KG_Relay] Set log level ... ... KGLOG_UPTO(KGLOG_DEBUG)
20200125-191713<INFO :0xf7428700>: [KG_Relay] Loading relay.ini
20200125-191713<INFO :0xf7428700>: Run without GMC!
20200125-191713<INFO :0xf7428700>: [KGD] Mysql info: client[5.1.69] host[Localhost via UNIX socket] server[5.5.64-MariaDB]
20200125-191713<DEBUG:0xf7428700>: [KGD] Success connect to localhost:3306, character set switch to latin1
20200125-191713<INFO :0xf7428700>: [KGD] Mysql info: client[5.1.69] host[Localhost via UNIX socket] server[5.5.64-MariaDB]
20200125-191713<DEBUG:0xf7428700>: [KGD] KGD_PROCESS_ERROR(nRetCode, KGD_ERROR_NOT_SUPPORT), at line 1467 in (0x0x8bebba0)->_LoadTable()
20200125-191713<DEBUG:0xf7428700>: [KGD] (0x0x8bebba0)->_LoadTable("fightteam")
20200125-191713<DEBUG:0xf7428700>: [KGD] KGD_PROCESS_ERROR(nRetCode, KGD_ERROR_NOT_SUPPORT), at line 1467 in (0x0x8bebba0)->_LoadTable()
20200125-191713<DEBUG:0xf7428700>: [KGD] (0x0x8bebba0)->_LoadTable("playerfightteam")
20200125-191713<DEBUG:0xf7428700>: [KGD] Success connect to localhost:3306, character set switch to latin1
20200125-191713<INFO :0xf70f6b40>: [KGD] Mysql info: client[5.1.69] host[Localhost via UNIX socket] server[5.5.64-MariaDB]
20200125-191713<INFO :0xf7428700>: [KGD] Mysql info: client[5.1.69] host[Localhost via UNIX socket] server[5.5.64-MariaDB]
20200125-191713<DEBUG:0xf70f6b40>: [KGD] KGD_PROCESS_ERROR(nRetCode, KGD_ERROR_NOT_SUPPORT), at line 1467 in (0x0xf6700470)->_LoadTable()
20200125-191713<DEBUG:0xf70f6b40>: [KGD] (0x0xf6700470)->_LoadTable("fightteam")
20200125-191713<DEBUG:0xf7428700>: [KGD] KGD_PROCESS_ERROR(nRetCode, KGD_ERROR_NOT_SUPPORT), at line 1467 in (0x0x8c1a5d8)->_LoadTable()
20200125-191713<DEBUG:0xf7428700>: [KGD] (0x0x8c1a5d8)->_LoadTable("fightteam")
20200125-191713<DEBUG:0xf7428700>: [KGD] KGD_PROCESS_ERROR(nRetCode, KGD_ERROR_NOT_SUPPORT), at line 1467 in (0x0x8c1a5d8)->_LoadTable()
20200125-191713<DEBUG:0xf70f6b40>: [KGD] KGD_PROCESS_ERROR(nRetCode, KGD_ERROR_NOT_SUPPORT), at line 1467 in (0x0xf6700470)->_LoadTable()
20200125-191713<DEBUG:0xf7428700>: [KGD] (0x0x8c1a5d8)->_LoadTable("playerfightteam")
20200125-191713<DEBUG:0xf70f6b40>: [KGD] (0x0xf6700470)->_LoadTable("playerfightteam")
20200125-191713<DEBUG:0xf70f6b40>: [KGD] Success connect to localhost:3306, character set switch to latin1
20200125-191713<DEBUG:0xf7428700>: [KGD] Success connect to localhost:3306, character set switch to latin1
20200125-191713<INFO :0xf66ffb40>: [KGD] Mysql info: client[5.1.69] host[Localhost via UNIX socket] server[5.5.64-MariaDB]
20200125-191713<INFO :0xf7428700>: [KGD] Mysql info: client[5.1.69] host[Localhost via UNIX socket] server[5.5.64-MariaDB]
20200125-191713<DEBUG:0xf66ffb40>: [KGD] KGD_PROCESS_ERROR(nRetCode, KGD_ERROR_NOT_SUPPORT), at line 1467 in (0x0xf5d00470)->_LoadTable()
20200125-191713<DEBUG:0xf66ffb40>: [KGD] (0x0xf5d00470)->_LoadTable("fightteam")
20200125-191713<DEBUG:0xf66ffb40>: [KGD] KGD_PROCESS_ERROR(nRetCode, KGD_ERROR_NOT_SUPPORT), at line 1467 in (0x0xf5d00470)->_LoadTable()
20200125-191713<DEBUG:0xf66ffb40>: [KGD] (0x0xf5d00470)->_LoadTable("playerfightteam")
20200125-191713<DEBUG:0xf7428700>: [KGD] KGD_PROCESS_ERROR(nRetCode, KGD_ERROR_NOT_SUPPORT), at line 1467 in (0x0x8c191c8)->_LoadTable()
20200125-191713<DEBUG:0xf7428700>: [KGD] (0x0x8c191c8)->_LoadTable("fightteam")
20200125-191713<DEBUG:0xf7428700>: [KGD] KGD_PROCESS_ERROR(nRetCode, KGD_ERROR_NOT_SUPPORT), at line 1467 in (0x0x8c191c8)->_LoadTable()
20200125-191713<DEBUG:0xf7428700>: [KGD] (0x0x8c191c8)->_LoadTable("playerfightteam")
20200125-191713<DEBUG:0xf66ffb40>: [KGD] Success connect to localhost:3306, character set switch to latin1
20200125-191713<DEBUG:0xf7428700>: [KGD] Success connect to localhost:3306, character set switch to latin1
20200125-191713<INFO :0xf5cffb40>: [KGD] Mysql info: client[5.1.69] host[Localhost via UNIX socket] server[5.5.64-MariaDB]
20200125-191713<INFO :0xf7428700>: [KGD] Mysql info: client[5.1.69] host[Localhost via UNIX socket] server[5.5.64-MariaDB]
20200125-191713<DEBUG:0xf7428700>: [KGD] KGD_PROCESS_ERROR(nRetCode, KGD_ERROR_NOT_SUPPORT), at line 1467 in (0x0x8c2d788)->_LoadTable()
20200125-191713<DEBUG:0xf7428700>: [KGD] (0x0x8c2d788)->_LoadTable("fightteam")
20200125-191713<DEBUG:0xf5cffb40>: [KGD] KGD_PROCESS_ERROR(nRetCode, KGD_ERROR_NOT_SUPPORT), at line 1467 in (0x0xf5300470)->_LoadTable()
20200125-191713<DEBUG:0xf5cffb40>: [KGD] (0x0xf5300470)->_LoadTable("fightteam")
20200125-191713<DEBUG:0xf7428700>: [KGD] KGD_PROCESS_ERROR(nRetCode, KGD_ERROR_NOT_SUPPORT), at line 1467 in (0x0x8c2d788)->_LoadTable()
20200125-191713<DEBUG:0xf7428700>: [KGD] (0x0x8c2d788)->_LoadTable("playerfightteam")
20200125-191713<DEBUG:0xf5cffb40>: [KGD] KGD_PROCESS_ERROR(nRetCode, KGD_ERROR_NOT_SUPPORT), at line 1467 in (0x0xf5300470)->_LoadTable()
20200125-191713<DEBUG:0xf5cffb40>: [KGD] (0x0xf5300470)->_LoadTable("playerfightteam")
20200125-191713<DEBUG:0xf7428700>: [KGD] Success connect to localhost:3306, character set switch to latin1
20200125-191713<DEBUG:0xf5cffb40>: [KGD] Success connect to localhost:3306, character set switch to latin1
20200125-191713<INFO :0xf52ffb40>: [KGD] Mysql info: client[5.1.69] host[Localhost via UNIX socket] server[5.5.64-MariaDB]
20200125-191713<DEBUG:0xf52ffb40>: [KGD] KGD_PROCESS_ERROR(nRetCode, KGD_ERROR_NOT_SUPPORT), at line 1467 in (0x0xf4900470)->_LoadTable()
20200125-191713<DEBUG:0xf52ffb40>: [KGD] (0x0xf4900470)->_LoadTable("fightteam")
20200125-191713<DEBUG:0xf52ffb40>: [KGD] KGD_PROCESS_ERROR(nRetCode, KGD_ERROR_NOT_SUPPORT), at line 1467 in (0x0xf4900470)->_LoadTable()
20200125-191713<DEBUG:0xf52ffb40>: [KGD] (0x0xf4900470)->_LoadTable("playerfightteam")
20200125-191713<DEBUG:0xf52ffb40>: [KGD] Success connect to localhost:3306, character set switch to latin1
20200125-191713<INFO :0xf7428700>: [KGD] Mysql info: client[5.1.69] host[Localhost via UNIX socket] server[5.5.64-MariaDB]
20200125-191713<DEBUG:0xf7428700>: [KGD] KGD_PROCESS_ERROR(nRetCode, KGD_ERROR_NOT_SUPPORT), at line 1467 in (0x0x8c507a8)->_LoadTable()
20200125-191713<DEBUG:0xf7428700>: [KGD] (0x0x8c507a8)->_LoadTable("fightteam")
20200125-191713<DEBUG:0xf7428700>: [KGD] KGD_PROCESS_ERROR(nRetCode, KGD_ERROR_NOT_SUPPORT), at line 1467 in (0x0x8c507a8)->_LoadTable()
20200125-191713<DEBUG:0xf7428700>: [KGD] (0x0x8c507a8)->_LoadTable("playerfightteam")
20200125-191713<DEBUG:0xf7428700>: [KGD] Success connect to localhost:3306, character set switch to latin1
20200125-191713<INFO :0xf7428700>: [KGD] Mysql info: client[5.1.69] host[Localhost via UNIX socket] server[5.5.64-MariaDB]
20200125-191713<DEBUG:0xf7428700>: [KGD] KGD_PROCESS_ERROR(nRetCode, KGD_ERROR_NOT_SUPPORT), at line 1467 in (0x0x8c76858)->_LoadTable()
20200125-191713<DEBUG:0xf7428700>: [KGD] (0x0x8c76858)->_LoadTable("fightteam")
20200125-191713<DEBUG:0xf7428700>: [KGD] KGD_PROCESS_ERROR(nRetCode, KGD_ERROR_NOT_SUPPORT), at line 1467 in (0x0x8c76858)->_LoadTable()
20200125-191713<DEBUG:0xf7428700>: [KGD] (0x0x8c76858)->_LoadTable("playerfightteam")
20200125-191713<DEBUG:0xf7428700>: [KGD] Success connect to localhost:3306, character set switch to latin1
20200125-191713<INFO :0xf48ffb40>: [KGD] Mysql info: client[5.1.69] host[Localhost via UNIX socket] server[5.5.64-MariaDB]
20200125-191713<DEBUG:0xf48ffb40>: [KGD] KGD_PROCESS_ERROR(nRetCode, KGD_ERROR_NOT_SUPPORT), at line 1467 in (0x0xf3f00470)->_LoadTable()
20200125-191713<DEBUG:0xf48ffb40>: [KGD] (0x0xf3f00470)->_LoadTable("fightteam")
20200125-191713<DEBUG:0xf48ffb40>: [KGD] KGD_PROCESS_ERROR(nRetCode, KGD_ERROR_NOT_SUPPORT), at line 1467 in (0x0xf3f00470)->_LoadTable()
20200125-191713<DEBUG:0xf48ffb40>: [KGD] (0x0xf3f00470)->_LoadTable("playerfightteam")
20200125-191713<DEBUG:0xf48ffb40>: [KGD] Success connect to localhost:3306, character set switch to latin1
20200125-191714<INFO :0xf7428700>: [KGD] Mysql info: client[5.1.69] host[Localhost via UNIX socket] server[5.5.64-MariaDB]
20200125-191714<DEBUG:0xf7428700>: [KGD] KGD_PROCESS_ERROR(nRetCode, KGD_ERROR_NOT_SUPPORT), at line 1467 in (0x0x8e35ab8)->_LoadTable()
20200125-191714<DEBUG:0xf7428700>: [KGD] (0x0x8e35ab8)->_LoadTable("fightteam")
20200125-191714<DEBUG:0xf7428700>: [KGD] KGD_PROCESS_ERROR(nRetCode, KGD_ERROR_NOT_SUPPORT), at line 1467 in (0x0x8e35ab8)->_LoadTable()
20200125-191714<DEBUG:0xf7428700>: [KGD] (0x0x8e35ab8)->_LoadTable("playerfightteam")
20200125-191714<DEBUG:0xf7428700>: [KGD] Success connect to localhost:3306, character set switch to latin1
20200125-191714<INFO :0xf7428700>: [MySQLDatabase] Connecting to `127.0.0.1`, database `jx2ib_database`...
20200125-191714<INFO :0xf7428700>: [MySQLDatabase] Connecting to `127.0.0.1`, database `jx2ib_database`...
20200125-191714<INFO :0xf7428700>: [RuntimeStat] ServerName=SONGLONG_GW FlushIntervalSec=300
20200125-191714<INFO :0xf7428700>: set runtime statistic result path is [runtime_stat_result/2020_01_25/stat_result_ksg_2020_01_25_@SONGLONG_GW.txt]
20200125-191714<WARN :0xf7428700>: [RuntimeDataStatRelay] FlushStat: File=runtime_stat_result/2020_01_25/stat_result_ksg_2020_01_25_@SONGLONG_GW.txt Count=364
20200125-191714<WARN :0xf7428700>: [RuntimeDataStatRelay] FlushStat: File=runtime_stat_result/2020_01_25/stat_result_vng_2020-01-25_@SONGLONG_GW.txt Count=1
20200125-191733<INFO :0xf7428700>: New connection from 127.0.0.1:65490, index = 0
20200125-191733<DEBUG:0xf7428700>: Send log info to gs(100007f) when connect ret=1
20200125-191733<INFO :0xf7428700>: New connection from 127.0.0.1:37546, index = 0
20200125-191733<INFO :0xf7428700>: New connection from 127.0.0.1:47813, index = 0
20200125-191733<INFO :0xf7428700>: [verify_up2date] GetUp2dateVersion: code=8DA68FCD
20200125-191733<ERROR:0xf7428700>: [KG_RelayTongGameSvr] [Error Protocol] [Protocol=52]
20200125-191733<DEBUG:0xf7428700>: KGLOG_PROCESS_ERROR(false) at line 83 in ProcessMessage
20200125-191733<ERROR:0xf7428700>: [KG_RelayTongGameSvr] [Error Protocol] [Protocol=52]
20200125-191733<DEBUG:0xf7428700>: KGLOG_PROCESS_ERROR(false) at line 83 in ProcessMessage
20200125-191733<ERROR:0xf7428700>: [KG_RelayTongGameSvr] [Error Protocol] [Protocol=52]
20200125-191733<DEBUG:0xf7428700>: KGLOG_PROCESS_ERROR(false) at line 83 in ProcessMessage
20200125-191733<INFO :0xf7428700>: Proc0_GameSvrLogin
20200125-191733<INFO :0xf7428700>: [MAP_INDEX_INFO] Notify map count 276 for gs: 0100007F
20200125-191735<WARN :0xf7428700>: Router NOT connected
20200125-193256<INFO :0xf7428700>: [Relay] Get quit signal!
20200125-193256<INFO :0xf7428700>: Relay stopping!
