20200122-231853	Key	Action	Acc1	Role1	Lv1	Tong1	Num1	Map1	PosX	PosY	Acc2	Role2	Lv2	Tong2	Num2	Map2	Pos2X	Pos2Y	ItemName	ItemG	ItemD	IitemP	ItemDur	ItemSeed	GenTime	Socket1	Socket2	Socket3	EnhanceTimes	Place	X	Y
20200122-232012	large_str	AddItem[/script/global/playerloginin.lua|main]			0		2471460818	0	0	0			0		0	0	0	0		0	0	0	0	0		0	0	0	0	-1	-1	-1
20200122-232012	ItemAdd	2471460818	an	ioNaruto	1		1	100	1445	2802			0		0	0	0	0	S­ §å ThiÕp	2	1	587	1	1871077159	2020-01-22 23:20:12	1073676288	1073676288	1073676288	0	-1	-1	-1
20200122-232012	ItemAdd	2471460818	an	ioNaruto	1		1	100	1445	2802			0		0	0	0	0	CÈm Nang §¹i Sù KiÖn	2	1	30045	1	122112841	2020-01-22 23:20:12	1073676288	1073676288	1073676288	0	-1	-1	-1
20200122-232012	ItemAdd	2471460818	an	ioNaruto	1		1	100	1445	2802			0		0	0	0	0	NguyÖt L­îng Thè luy	2	0	1043	1	-168605161	2020-01-22 23:20:12	1073676288	1073676288	1073676288	0	-1	-1	-1
20200122-232012	ItemAdd	2471460818	an	ioNaruto	1		1	100	1445	2802			0		0	0	0	0	TiÕu ng¹o giang hå l	2	1	30240	1	1452525860	2020-01-22 23:20:12	1073676288	1073676288	1073676288	0	-1	-1	-1
20200122-232012	large_str	AddItem[/script/misc/observer/observer.lua|NoFunc]			0		207423358	0	0	0			0		0	0	0	0		0	0	0	0	0		0	0	0	0	-1	-1	-1
20200122-232012	ItemAdd	207423358	an	ioNaruto	1		1	100	1445	2802			0		0	0	0	0	GM Item	2	1	30644	1	-1638908690	2020-01-22 23:20:12	1073676288	1073676288	1073676288	0	-1	-1	-1
20200122-232012	large_str	AddItem[/script/global/playerloginin.lua|_never_show_login_message]			0		1866858960	0	0	0			0		0	0	0	0		0	0	0	0	0		0	0	0	0	-1	-1	-1
20200122-232012	ItemAdd	1866858960	an	ioNaruto	1		1	100	1445	2802			0		0	0	0	0	Tñ ¸o Thiªn BiÕn TiÕ	2	1	30494	1	561633543	2020-01-22 23:20:12	1073676288	1073676288	1073676288	0	-1	-1	-1
20200122-232040	large_str	AddItem[/settings/static_script/cheat/gm_item_tifuzhiyin.lua|Get_VPNV1]			0		2455127033	0	0	0			0		0	0	0	0		0	0	0	0	0		0	0	0	0	-1	-1	-1
20200122-232040	ItemAdd	2455127033	an	ioNaruto	799		666	100	1445	2807			0		0	0	0	0	T©y B¾c Väng	1	1	19	666	1681373790	2020-01-22 23:20:40	1073676288	1073676288	1073676288	0	-1	-1	-1
20200122-232040	ItemAdd	2455127033	an	ioNaruto	799		999	100	1445	2807			0		0	0	0	0	B¸nh Bét vµng	1	1	15	999	-190486729	2020-01-22 23:20:40	1073676288	1073676288	1073676288	0	-1	-1	-1
20200122-232040	ItemAdd	2455127033	an	ioNaruto	799		999	100	1445	2807			0		0	0	0	0	B¸nh Bét vµng	1	1	15	999	-476207932	2020-01-22 23:20:40	1073676288	1073676288	1073676288	0	-1	-1	-1
20200122-232040	ItemAdd	2455127033	an	ioNaruto	799		1	100	1445	2807			0		0	0	0	0	B¸nh Bét vµng	1	1	15	1	-1386418802	2020-01-22 23:20:40	1073676288	1073676288	1073676288	0	-1	-1	-1
20200122-232040	ItemAdd	2455127033	an	ioNaruto	799		666	100	1445	2807			0		0	0	0	0	Minh NguyÖt D¹	1	1	17	666	69835380	2020-01-22 23:20:40	1073676288	1073676288	1073676288	0	-1	-1	-1
20200122-232040	ItemAdd	2455127033	an	ioNaruto	799		999	100	1445	2807			0		0	0	0	0	Thiªn th¹ch	2	2	8	999	486552766	2020-01-22 23:20:40	1073676288	1073676288	1073676288	0	-1	-1	-1
20200122-232040	ItemAdd	2455127033	an	ioNaruto	799		999	100	1445	2807			0		0	0	0	0	Thiªn th¹ch	2	2	8	999	-994502377	2020-01-22 23:20:40	1073676288	1073676288	1073676288	0	-1	-1	-1
20200122-232040	ItemAdd	2455127033	an	ioNaruto	799		999	100	1445	2807			0		0	0	0	0	Thiªn th¹ch	2	2	8	999	-1971059676	2020-01-22 23:20:40	1073676288	1073676288	1073676288	0	-1	-1	-1
20200122-232040	ItemAdd	2455127033	an	ioNaruto	799		999	100	1445	2807			0		0	0	0	0	Thiªn th¹ch	2	2	8	999	732205038	2020-01-22 23:20:40	1073676288	1073676288	1073676288	0	-1	-1	-1
20200122-232040	ItemAdd	2455127033	an	ioNaruto	799		3	100	1445	2807			0		0	0	0	0	Thiªn th¹ch	2	2	8	3	-313399289	2020-01-22 23:20:40	1073676288	1073676288	1073676288	0	-1	-1	-1
20200122-232040	ItemAdd	2455127033	an	ioNaruto	799		999	100	1445	2807			0		0	0	0	0	M¶nh Thiªn th¹ch	2	2	7	999	-15925474	2020-01-22 23:20:40	1073676288	1073676288	1073676288	0	-1	-1	-1
20200122-232040	ItemAdd	2455127033	an	ioNaruto	799		999	100	1445	2807			0		0	0	0	0	M¶nh Thiªn th¹ch	2	2	7	999	482415160	2020-01-22 23:20:40	1073676288	1073676288	1073676288	0	-1	-1	-1
20200122-232040	ItemAdd	2455127033	an	ioNaruto	799		999	100	1445	2807			0		0	0	0	0	M¶nh Thiªn th¹ch	2	2	7	999	1544950229	2020-01-22 23:20:40	1073676288	1073676288	1073676288	0	-1	-1	-1
20200122-232040	ItemAdd	2455127033	an	ioNaruto	799		999	100	1445	2807			0		0	0	0	0	M¶nh Thiªn th¹ch	2	2	7	999	2107199546	2020-01-22 23:20:40	1073676288	1073676288	1073676288	0	-1	-1	-1
20200122-232040	ItemAdd	2455127033	an	ioNaruto	799		3	100	1445	2807			0		0	0	0	0	M¶nh Thiªn th¹ch	2	2	7	3	-1101530828	2020-01-22 23:20:40	1073676288	1073676288	1073676288	0	-1	-1	-1
20200122-232055	ItemAdd	2471460818	an	ioNaruto	799		1	100	1445	2807			0		0	0	0	0	Bøc th­ thÇn bÝ	2	0	30052	1	-872899747	2020-01-22 23:20:55	1073676288	1073676288	1073676288	0	-1	-1	-1
20200122-232114	large_str	AddItem[/settings/static_script/cheat/gm_item_tifuzhiyin.lua|Process_SanJianTao]			0		1740571182	0	0	0			0		0	0	0	0		0	0	0	0	0		0	0	0	0	-1	-1	-1
20200122-232114	ItemAdd	1740571182	an	ioNaruto	799		1	100	1452	2816			0		0	0	0	0	Hoan L¨ng Ngoa	0	154	32	100	-1857120609	2020-01-22 23:21:14	0	0	0	15	-1	-1	-1
20200122-232114	ItemAdd	1740571182	an	ioNaruto	799		1	100	1452	2816			0		0	0	0	0	Hoan L¨ng Ch­¬ng	0	153	32	100	-1036607924	2020-01-22 23:21:14	0	0	0	15	-1	-1	-1
20200122-232114	ItemAdd	1740571182	an	ioNaruto	799		1	100	1452	2816			0		0	0	0	0	Hoan L¨ng Phi Phong	0	152	32	100	-1927523779	2020-01-22 23:21:14	0	0	0	15	-1	-1	-1
20200122-232114	ItemAdd	1740571182	an	ioNaruto	799		1	100	1452	2816			0		0	0	0	0	§»ng Giao Ngoa	0	154	33	100	1859533166	2020-01-22 23:21:14	0	0	0	15	-1	-1	-1
20200122-232114	ItemAdd	1740571182	an	ioNaruto	799		1	100	1452	2816			0		0	0	0	0	§»ng Giao Ch­¬ng	0	153	33	100	-1115983993	2020-01-22 23:21:14	0	0	0	15	-1	-1	-1
20200122-232114	ItemAdd	1740571182	an	ioNaruto	799		1	100	1452	2816			0		0	0	0	0	§»ng Giao Phi Phong	0	152	33	100	452875749	2020-01-22 23:21:14	0	0	0	15	-1	-1	-1
20200122-232114	ItemAdd	1740571182	an	ioNaruto	799		1	100	1452	2816			0		0	0	0	0	Khëi Ph­îng Ngoa	0	154	34	100	1887306359	2020-01-22 23:21:14	0	0	0	15	-1	-1	-1
20200122-232114	ItemAdd	1740571182	an	ioNaruto	799		1	100	1452	2816			0		0	0	0	0	Khëi Ph­îng Ch­¬ng	0	153	34	100	-214180523	2020-01-22 23:21:14	0	0	0	15	-1	-1	-1
20200122-232114	ItemAdd	1740571182	an	ioNaruto	799		1	100	1452	2816			0		0	0	0	0	Khëi Ph­îng Phi Phon	0	152	34	100	708852071	2020-01-22 23:21:14	0	0	0	15	-1	-1	-1
20200122-232123	ItemConsume	ClearItemInPos	an	ioNaruto	799		1	100	1452	2816			0		0	0	0	0	S­ §å ThiÕp	2	1	587	1	1871077159	2020-01-22 23:20:12	1073676288	1073676288	1073676288	0	2	0	0
20200122-232123	ItemConsume	ClearItemInPos	an	ioNaruto	799		1	100	1452	2816			0		0	0	0	0	CÈm Nang §¹i Sù KiÖn	2	1	30045	1	122112841	2020-01-22 23:20:12	1073676288	1073676288	1073676288	0	2	1	0
20200122-232123	ItemConsume	ClearItemInPos	an	ioNaruto	799		1	100	1452	2816			0		0	0	0	0	NguyÖt L­îng Thè luy	2	0	1043	1	-168605161	2020-01-22 23:20:12	1073676288	1073676288	1073676288	0	2	2	0
20200122-232123	ItemConsume	ClearItemInPos	an	ioNaruto	799		1	100	1452	2816			0		0	0	0	0	TiÕu ng¹o giang hå l	2	1	30240	1	1452525860	2020-01-22 23:20:12	1073676288	1073676288	1073676288	0	2	3	0
20200122-232123	ItemConsume	ClearItemInPos	an	ioNaruto	799		1	100	1452	2816			0		0	0	0	0	GM Item	2	1	30644	1	-1638908690	2020-01-22 23:20:12	1073676288	1073676288	1073676288	0	2	4	0
20200122-232123	ItemConsume	ClearItemInPos	an	ioNaruto	799		1	100	1452	2816			0		0	0	0	0	Tñ ¸o Thiªn BiÕn TiÕ	2	1	30494	1	561633543	2020-01-22 23:20:12	1073676288	1073676288	1073676288	0	2	0	1
20200122-232123	ItemConsume	ClearItemInPos	an	ioNaruto	799		666	100	1452	2816			0		0	0	0	0	T©y B¾c Väng	1	1	19	666	1681373790	2020-01-22 23:20:40	1073676288	1073676288	1073676288	0	2	1	1
20200122-232123	ItemConsume	ClearItemInPos	an	ioNaruto	799		999	100	1452	2816			0		0	0	0	0	B¸nh Bét vµng	1	1	15	999	-190486729	2020-01-22 23:20:40	1073676288	1073676288	1073676288	0	2	2	1
20200122-232123	ItemConsume	ClearItemInPos	an	ioNaruto	799		999	100	1452	2816			0		0	0	0	0	B¸nh Bét vµng	1	1	15	999	-476207932	2020-01-22 23:20:40	1073676288	1073676288	1073676288	0	2	3	1
20200122-232123	ItemConsume	ClearItemInPos	an	ioNaruto	799		1	100	1452	2816			0		0	0	0	0	B¸nh Bét vµng	1	1	15	1	-1386418802	2020-01-22 23:20:40	1073676288	1073676288	1073676288	0	2	4	1
20200122-232123	ItemConsume	ClearItemInPos	an	ioNaruto	799		666	100	1452	2816			0		0	0	0	0	Minh NguyÖt D¹	1	1	17	666	69835380	2020-01-22 23:20:40	1073676288	1073676288	1073676288	0	2	0	2
20200122-232123	ItemConsume	ClearItemInPos	an	ioNaruto	799		999	100	1452	2816			0		0	0	0	0	Thiªn th¹ch	2	2	8	999	486552766	2020-01-22 23:20:40	1073676288	1073676288	1073676288	0	2	1	2
20200122-232123	ItemConsume	ClearItemInPos	an	ioNaruto	799		999	100	1452	2816			0		0	0	0	0	Thiªn th¹ch	2	2	8	999	-994502377	2020-01-22 23:20:40	1073676288	1073676288	1073676288	0	2	2	2
20200122-232123	ItemConsume	ClearItemInPos	an	ioNaruto	799		999	100	1452	2816			0		0	0	0	0	Thiªn th¹ch	2	2	8	999	-1971059676	2020-01-22 23:20:40	1073676288	1073676288	1073676288	0	2	3	2
20200122-232123	ItemConsume	ClearItemInPos	an	ioNaruto	799		999	100	1452	2816			0		0	0	0	0	Thiªn th¹ch	2	2	8	999	732205038	2020-01-22 23:20:40	1073676288	1073676288	1073676288	0	2	4	2
20200122-232123	ItemConsume	ClearItemInPos	an	ioNaruto	799		3	100	1452	2816			0		0	0	0	0	Thiªn th¹ch	2	2	8	3	-313399289	2020-01-22 23:20:40	1073676288	1073676288	1073676288	0	2	0	3
20200122-232123	ItemConsume	ClearItemInPos	an	ioNaruto	799		999	100	1452	2816			0		0	0	0	0	M¶nh Thiªn th¹ch	2	2	7	999	-15925474	2020-01-22 23:20:40	1073676288	1073676288	1073676288	0	2	1	3
20200122-232123	ItemConsume	ClearItemInPos	an	ioNaruto	799		999	100	1452	2816			0		0	0	0	0	M¶nh Thiªn th¹ch	2	2	7	999	482415160	2020-01-22 23:20:40	1073676288	1073676288	1073676288	0	2	2	3
20200122-232123	ItemConsume	ClearItemInPos	an	ioNaruto	799		999	100	1452	2816			0		0	0	0	0	M¶nh Thiªn th¹ch	2	2	7	999	1544950229	2020-01-22 23:20:40	1073676288	1073676288	1073676288	0	2	3	3
20200122-232123	ItemConsume	ClearItemInPos	an	ioNaruto	799		999	100	1452	2816			0		0	0	0	0	M¶nh Thiªn th¹ch	2	2	7	999	2107199546	2020-01-22 23:20:40	1073676288	1073676288	1073676288	0	2	4	3
20200122-232123	ItemConsume	ClearItemInPos	an	ioNaruto	799		3	100	1452	2816			0		0	0	0	0	M¶nh Thiªn th¹ch	2	2	7	3	-1101530828	2020-01-22 23:20:40	1073676288	1073676288	1073676288	0	2	0	4
20200122-232123	ItemConsume	ClearItemInPos	an	ioNaruto	799		1	100	1452	2816			0		0	0	0	0	Bøc th­ thÇn bÝ	2	0	30052	1	-872899747	2020-01-22 23:20:55	1073676288	1073676288	1073676288	0	2	1	4
20200122-232123	ItemConsume	ClearItemInPos	an	ioNaruto	799		1	100	1452	2816			0		0	0	0	0	Hoan L¨ng Ngoa	0	154	32	100	-1857120609	2020-01-22 23:21:14	0	0	0	15	2	2	4
20200122-232123	ItemConsume	ClearItemInPos	an	ioNaruto	799		1	100	1452	2816			0		0	0	0	0	Hoan L¨ng Ch­¬ng	0	153	32	100	-1036607924	2020-01-22 23:21:14	0	0	0	15	2	3	4
20200122-232123	ItemConsume	ClearItemInPos	an	ioNaruto	799		1	100	1452	2816			0		0	0	0	0	Hoan L¨ng Phi Phong	0	152	32	100	-1927523779	2020-01-22 23:21:14	0	0	0	15	2	4	4
20200122-232123	ItemConsume	ClearItemInPos	an	ioNaruto	799		1	100	1452	2816			0		0	0	0	0	§»ng Giao Ngoa	0	154	33	100	1859533166	2020-01-22 23:21:14	0	0	0	15	2	0	5
20200122-232123	ItemConsume	ClearItemInPos	an	ioNaruto	799		1	100	1452	2816			0		0	0	0	0	§»ng Giao Ch­¬ng	0	153	33	100	-1115983993	2020-01-22 23:21:14	0	0	0	15	2	1	5
20200122-232123	ItemConsume	ClearItemInPos	an	ioNaruto	799		1	100	1452	2816			0		0	0	0	0	§»ng Giao Phi Phong	0	152	33	100	452875749	2020-01-22 23:21:14	0	0	0	15	2	2	5
20200122-232123	ItemConsume	ClearItemInPos	an	ioNaruto	799		1	100	1452	2816			0		0	0	0	0	Khëi Ph­îng Ngoa	0	154	34	100	1887306359	2020-01-22 23:21:14	0	0	0	15	2	3	5
20200122-232123	ItemConsume	ClearItemInPos	an	ioNaruto	799		1	100	1452	2816			0		0	0	0	0	Khëi Ph­îng Ch­¬ng	0	153	34	100	-214180523	2020-01-22 23:21:14	0	0	0	15	2	4	5
20200122-232123	ItemConsume	ClearItemInPos	an	ioNaruto	799		1	100	1452	2816			0		0	0	0	0	Khëi Ph­îng Phi Phon	0	152	34	100	708852071	2020-01-22 23:21:14	0	0	0	15	2	0	6
20200122-232123	large_str	AddItem[/settings/static_script/cheat/gm_item_tifuzhiyin.lua|ClearBagAllItem]			0		1216436836	0	0	0			0		0	0	0	0		0	0	0	0	0		0	0	0	0	-1	-1	-1
20200122-232123	ItemAdd	1216436836	an	ioNaruto	799		1	100	1452	2816			0		0	0	0	0	GM Item	2	1	30644	1	1599612809	2020-01-22 23:21:23	1073676288	1073676288	1073676288	0	-1	-1	-1
20200122-232126	large_str	AddItem[/settings/static_script/cheat/gm_item_tifuzhiyin.lua|Get_An]			0		3320923906	0	0	0			0		0	0	0	0		0	0	0	0	0		0	0	0	0	-1	-1	-1
20200122-232126	ItemAdd	3320923906	an	ioNaruto	799		1	100	1452	2816			0		0	0	0	0	Long tö Ên	2	0	30002	1	-458893846	2020-01-22 23:21:26	1073676288	1073676288	1073676288	0	-1	-1	-1
20200122-232126	ItemAdd	3320923906	an	ioNaruto	799		1	100	1452	2816			0		0	0	0	0	Phông tö Ên	2	0	30005	1	-1960480894	2020-01-22 23:21:26	1073676288	1073676288	1073676288	0	-1	-1	-1
20200122-232126	ItemAdd	3320923906	an	ioNaruto	799		1	100	1452	2816			0		0	0	0	0	Hæ tö Ên	2	0	30003	1	453481003	2020-01-22 23:21:26	1073676288	1073676288	1073676288	0	-1	-1	-1
20200122-232126	ItemAdd	3320923906	an	ioNaruto	799		1	100	1452	2816			0		0	0	0	0	¦ng tö Ên	2	0	30006	1	130900333	2020-01-22 23:21:26	1073676288	1073676288	1073676288	0	-1	-1	-1
20200122-232126	ItemAdd	3320923906	an	ioNaruto	799		1	100	1452	2816			0		0	0	0	0	Vâ l©m thËp nhÞ sø	2	0	30001	1	1395936606	2020-01-22 23:21:26	1073676288	1073676288	1073676288	0	-1	-1	-1
20200122-232155	large_str	AddItem[/settings/static_script/cheat/gm_item_tifuzhiyin.lua|Get_YaoYang_10]			0		2651465231	0	0	0			0		0	0	0	0		0	0	0	0	0		0	0	0	0	-1	-1	-1
20200122-232155	ItemAdd	2651465231	an	ioNaruto	799		1	100	1452	2816			0		0	0	0	0	DiÖu D­¬ng Thiªn Cun	0	102	3190	100	-850281910	2020-01-22 23:21:55	42286952	55248927	55189639	0	-1	-1	-1
20200122-232155	ItemAdd	2651465231	an	ioNaruto	799		1	100	1452	2816			0		0	0	0	0	DiÖu D­¬ng Thiªn Cun	0	102	3191	100	1188115091	2020-01-22 23:21:55	42481705	55249170	55190863	0	-1	-1	-1
20200122-232155	ItemAdd	2651465231	an	ioNaruto	799		1	100	1452	2816			0		0	0	0	0	DiÖu D­¬ng Thiªn Cun	0	102	3192	100	810411088	2020-01-22 23:21:55	42613160	55250908	55191461	0	-1	-1	-1
20200122-232155	ItemAdd	2651465231	an	ioNaruto	799		1	100	1452	2816			0		0	0	0	0	DiÖu D­¬ng Thiªn Cun	0	102	3193	100	1413638033	2020-01-22 23:21:55	42547230	55250332	55190897	0	-1	-1	-1
20200122-232155	ItemAdd	2651465231	an	ioNaruto	799		1	100	1452	2816			0		0	0	0	0	DiÖu D­¬ng Thiªn Cun	0	102	3194	100	-1118662234	2020-01-22 23:21:55	42416728	55249206	55189763	0	-1	-1	-1
20200122-232155	ItemAdd	2651465231	an	ioNaruto	799		1	100	1452	2816			0		0	0	0	0	DiÖu D­¬ng-§é KiÕp T	0	100	3130	250	1598058015	2020-01-22 23:21:55	852109745	55909441	42614745	15	-1	-1	-1
20200122-232155	ItemAdd	2651465231	an	ioNaruto	799		1	100	1452	2816			0		0	0	0	0	DiÖu D­¬ng-§é KiÕp T	0	101	3130	200	-1597215796	2020-01-22 23:21:55	852174976	852630878	42417704	15	-1	-1	-1
20200122-232155	ItemAdd	2651465231	an	ioNaruto	799		1	100	1452	2816			0		0	0	0	0	DiÖu D­¬ng-§é KiÕp T	0	103	3130	200	-49558083	2020-01-22 23:21:55	18097229	852495320	42483531	15	-1	-1	-1
20200122-232155	ItemAdd	2651465231	an	ioNaruto	799		1	100	1452	2816			0		0	0	0	0	DiÖu D­¬ng-§é KiÕp T	0	0	8993	300	-1875267518	2020-01-22 23:21:55	55320911	42613188	55450024	15	-1	-1	-1
20200122-232403	ItemThrowAway	Player.ThrowAwayItem	an	ioNaruto	799		1	100	1376	2916			0		0	0	0	0	HiÖp ThiÕu kiÕm	0	2	14	70	0	1970-01-01 08:00:00	0	0	0	0	-1	-1	-1
20200122-232407	large_str	Pay[/settings/static_script/cheat/gm_item_tifuzhiyin.lua|Get_Money]			0		2936920919	0	0	0			0		0	0	0	0		0	0	0	0	0		0	0	0	0	-1	-1	-1
20200122-232407	MoneyEarn	2936920919	an	ioNaruto	799		50000000	100	1372	2921			0		0	0	0	0		0	0	0	0	0		0	0	0	0	-1	-1	-1
20200122-232414	ItemAdd	1740571182	an	ioNaruto	799		1	100	1372	2921			0		0	0	0	0	Hoan L¨ng Ngoa	0	154	32	100	-135541086	2020-01-22 23:24:14	0	0	0	15	-1	-1	-1
20200122-232414	ItemAdd	1740571182	an	ioNaruto	799		1	100	1372	2921			0		0	0	0	0	Hoan L¨ng Ch­¬ng	0	153	32	100	-778669080	2020-01-22 23:24:14	0	0	0	15	-1	-1	-1
20200122-232414	ItemAdd	1740571182	an	ioNaruto	799		1	100	1372	2921			0		0	0	0	0	Hoan L¨ng Phi Phong	0	152	32	100	1769789650	2020-01-22 23:24:14	0	0	0	15	-1	-1	-1
20200122-232414	ItemAdd	1740571182	an	ioNaruto	799		1	100	1372	2921			0		0	0	0	0	§»ng Giao Ngoa	0	154	33	100	-1831353925	2020-01-22 23:24:14	0	0	0	15	-1	-1	-1
20200122-232414	ItemAdd	1740571182	an	ioNaruto	799		1	100	1372	2921			0		0	0	0	0	§»ng Giao Ch­¬ng	0	153	33	100	1278862308	2020-01-22 23:24:14	0	0	0	15	-1	-1	-1
20200122-232414	ItemAdd	1740571182	an	ioNaruto	799		1	100	1372	2921			0		0	0	0	0	§»ng Giao Phi Phong	0	152	33	100	-2123027407	2020-01-22 23:24:14	0	0	0	15	-1	-1	-1
20200122-232414	ItemAdd	1740571182	an	ioNaruto	799		1	100	1372	2921			0		0	0	0	0	Khëi Ph­îng Ngoa	0	154	34	100	-1675094593	2020-01-22 23:24:14	0	0	0	15	-1	-1	-1
20200122-232414	ItemAdd	1740571182	an	ioNaruto	799		1	100	1372	2921			0		0	0	0	0	Khëi Ph­îng Ch­¬ng	0	153	34	100	-190392159	2020-01-22 23:24:14	0	0	0	15	-1	-1	-1
20200122-232414	ItemAdd	1740571182	an	ioNaruto	799		1	100	1372	2921			0		0	0	0	0	Khëi Ph­îng Phi Phon	0	152	34	100	-458022893	2020-01-22 23:24:14	0	0	0	15	-1	-1	-1
20200122-232545	ItemConsume	ClearItemInPos	an	ioNaruto	799		1	100	1566	2832			0		0	0	0	0	GM Item	2	1	30644	1	1599612809	2020-01-22 23:21:23	1073676288	1073676288	1073676288	0	2	0	0
20200122-232545	ItemConsume	ClearItemInPos	an	ioNaruto	799		1	100	1566	2832			0		0	0	0	0	Long tö Ên	2	0	30002	1	-458893846	2020-01-22 23:21:26	1073676288	1073676288	1073676288	0	2	1	0
20200122-232545	ItemConsume	ClearItemInPos	an	ioNaruto	799		1	100	1566	2832			0		0	0	0	0	Phông tö Ên	2	0	30005	1	-1960480894	2020-01-22 23:21:26	1073676288	1073676288	1073676288	0	2	2	0
20200122-232545	ItemConsume	ClearItemInPos	an	ioNaruto	799		1	100	1566	2832			0		0	0	0	0	Hæ tö Ên	2	0	30003	1	453481003	2020-01-22 23:21:26	1073676288	1073676288	1073676288	0	2	3	0
20200122-232545	ItemConsume	ClearItemInPos	an	ioNaruto	799		1	100	1566	2832			0		0	0	0	0	¦ng tö Ên	2	0	30006	1	130900333	2020-01-22 23:21:26	1073676288	1073676288	1073676288	0	2	4	0
20200122-232545	ItemConsume	ClearItemInPos	an	ioNaruto	799		1	100	1566	2832			0		0	0	0	0	Vâ l©m thËp nhÞ sø	2	0	30001	1	1395936606	2020-01-22 23:21:26	1073676288	1073676288	1073676288	0	2	0	1
20200122-232545	ItemConsume	ClearItemInPos	an	ioNaruto	799		1	100	1566	2832			0		0	0	0	0	DiÖu D­¬ng Thiªn Cun	0	102	3190	100	-850281910	2020-01-22 23:21:55	42286952	55248927	55189639	0	2	1	1
20200122-232545	ItemConsume	ClearItemInPos	an	ioNaruto	799		1	100	1566	2832			0		0	0	0	0	DiÖu D­¬ng Thiªn Cun	0	102	3191	100	1188115091	2020-01-22 23:21:55	42481705	55249170	55190863	0	2	2	1
20200122-232545	ItemConsume	ClearItemInPos	an	ioNaruto	799		1	100	1566	2832			0		0	0	0	0	Hoan L¨ng Ngoa	0	154	32	100	-135541086	2020-01-22 23:24:14	0	0	0	15	2	3	1
20200122-232545	ItemConsume	ClearItemInPos	an	ioNaruto	799		1	100	1566	2832			0		0	0	0	0	DiÖu D­¬ng Thiªn Cun	0	102	3193	100	1413638033	2020-01-22 23:21:55	42547230	55250332	55190897	0	2	4	1
20200122-232545	ItemConsume	ClearItemInPos	an	ioNaruto	799		1	100	1566	2832			0		0	0	0	0	Hoan L¨ng Ch­¬ng	0	153	32	100	-778669080	2020-01-22 23:24:14	0	0	0	15	2	0	2
20200122-232545	ItemConsume	ClearItemInPos	an	ioNaruto	799		1	100	1566	2832			0		0	0	0	0	Hoan L¨ng Phi Phong	0	152	32	100	1769789650	2020-01-22 23:24:14	0	0	0	15	2	1	2
20200122-232545	ItemConsume	ClearItemInPos	an	ioNaruto	799		1	100	1566	2832			0		0	0	0	0	§»ng Giao Ngoa	0	154	33	100	-1831353925	2020-01-22 23:24:14	0	0	0	15	2	2	2
20200122-232545	ItemConsume	ClearItemInPos	an	ioNaruto	799		1	100	1566	2832			0		0	0	0	0	§»ng Giao Ch­¬ng	0	153	33	100	1278862308	2020-01-22 23:24:14	0	0	0	15	2	3	2
20200122-232545	ItemConsume	ClearItemInPos	an	ioNaruto	799		1	100	1566	2832			0		0	0	0	0	§»ng Giao Phi Phong	0	152	33	100	-2123027407	2020-01-22 23:24:14	0	0	0	15	2	4	2
20200122-232545	ItemAdd	1216436836	an	ioNaruto	799		1	100	1566	2832			0		0	0	0	0	GM Item	2	1	30644	1	-280835915	2020-01-22 23:25:45	1073676288	1073676288	1073676288	0	-1	-1	-1
20200122-232622	large_str	AddItem[/settings/static_script/cheat/gm_item_tifuzhiyin.lua|getJingMaiTongRen]			0		1640752519	0	0	0			0		0	0	0	0		0	0	0	0	0		0	0	0	0	-1	-1	-1
20200122-232622	ItemAdd	1640752519	an	ioNaruto	799		100	100	1566	2832			0		0	0	0	0	Kinh M¹ch §ång Nh©n	2	1	30730	100	-315766841	2020-01-22 23:26:22	1073676288	1073676288	1073676288	0	-1	-1	-1
20200122-232627	ItemAdd	1640752519	an	ioNaruto	799		100	100	1566	2832			0		0	0	0	0	Kinh M¹ch §ång Nh©n	2	1	30730	100	-1216623468	2020-01-22 23:26:27	1073676288	1073676288	1073676288	0	-1	-1	-1
20200122-232637	ItemAdd	1640752519	an	ioNaruto	799		100	100	1566	2832			0		0	0	0	0	Kinh M¹ch §ång Nh©n	2	1	30730	100	-1267418075	2020-01-22 23:26:37	1073676288	1073676288	1073676288	0	-1	-1	-1
20200122-232706	ItemConsume	ExpendIdx	an	ioNaruto	799		3	100	1565	2844			0		0	0	0	0	Kinh M¹ch §ång Nh©n	2	1	30730	97	-315766841	2020-01-22 23:26:22	1073676288	1073676288	1073676288	0	2	1	0
20200122-232706	custom_award	CustomAward.CostOne	an	ioNaruto	799		3	100	1565	2844			0		1503	0	0	0	Kinh M¹ch §ång Nh©n	2	1	30730	3	1503	1970-01-01 08:00:00	0	0	0	0	-1	-1	-1
20200122-232712	ItemConsume	ExpendIdx	an	ioNaruto	799		3	100	1565	2844			0		0	0	0	0	Kinh M¹ch §ång Nh©n	2	1	30730	94	-315766841	2020-01-22 23:26:22	1073676288	1073676288	1073676288	0	2	1	0
20200122-232712	custom_award	CustomAward.CostOne	an	ioNaruto	799		3	100	1565	2844			0		1503	0	0	0	Kinh M¹ch §ång Nh©n	2	1	30730	3	1503	1970-01-01 08:00:00	0	0	0	0	-1	-1	-1
20200122-232717	ItemConsume	ExpendIdx	an	ioNaruto	799		3	100	1565	2844			0		0	0	0	0	Kinh M¹ch §ång Nh©n	2	1	30730	91	-315766841	2020-01-22 23:26:22	1073676288	1073676288	1073676288	0	2	1	0
20200122-232717	custom_award	CustomAward.CostOne	an	ioNaruto	799		3	100	1565	2844			0		1503	0	0	0	Kinh M¹ch §ång Nh©n	2	1	30730	3	1503	1970-01-01 08:00:00	0	0	0	0	-1	-1	-1
20200122-232721	ItemConsume	ExpendIdx	an	ioNaruto	799		3	100	1565	2844			0		0	0	0	0	Kinh M¹ch §ång Nh©n	2	1	30730	88	-315766841	2020-01-22 23:26:22	1073676288	1073676288	1073676288	0	2	1	0
20200122-232721	custom_award	CustomAward.CostOne	an	ioNaruto	799		3	100	1565	2844			0		1503	0	0	0	Kinh M¹ch §ång Nh©n	2	1	30730	3	1503	1970-01-01 08:00:00	0	0	0	0	-1	-1	-1
20200122-232727	ItemConsume	ExpendIdx	an	ioNaruto	799		3	100	1565	2844			0		0	0	0	0	Kinh M¹ch §ång Nh©n	2	1	30730	85	-315766841	2020-01-22 23:26:22	1073676288	1073676288	1073676288	0	2	1	0
20200122-232727	custom_award	CustomAward.CostOne	an	ioNaruto	799		3	100	1565	2844			0		1503	0	0	0	Kinh M¹ch §ång Nh©n	2	1	30730	3	1503	1970-01-01 08:00:00	0	0	0	0	-1	-1	-1
20200122-232732	ItemConsume	ExpendIdx	an	ioNaruto	799		3	100	1565	2844			0		0	0	0	0	Kinh M¹ch §ång Nh©n	2	1	30730	82	-315766841	2020-01-22 23:26:22	1073676288	1073676288	1073676288	0	2	1	0
20200122-232732	custom_award	CustomAward.CostOne	an	ioNaruto	799		3	100	1565	2844			0		1503	0	0	0	Kinh M¹ch §ång Nh©n	2	1	30730	3	1503	1970-01-01 08:00:00	0	0	0	0	-1	-1	-1
20200122-232737	ItemConsume	ExpendIdx	an	ioNaruto	799		3	100	1565	2844			0		0	0	0	0	Kinh M¹ch §ång Nh©n	2	1	30730	79	-315766841	2020-01-22 23:26:22	1073676288	1073676288	1073676288	0	2	1	0
20200122-232737	custom_award	CustomAward.CostOne	an	ioNaruto	799		3	100	1565	2844			0		1503	0	0	0	Kinh M¹ch §ång Nh©n	2	1	30730	3	1503	1970-01-01 08:00:00	0	0	0	0	-1	-1	-1
20200122-232743	ItemConsume	ExpendIdx	an	ioNaruto	799		3	100	1565	2844			0		0	0	0	0	Kinh M¹ch §ång Nh©n	2	1	30730	76	-315766841	2020-01-22 23:26:22	1073676288	1073676288	1073676288	0	2	1	0
20200122-232743	custom_award	CustomAward.CostOne	an	ioNaruto	799		3	100	1565	2844			0		1503	0	0	0	Kinh M¹ch §ång Nh©n	2	1	30730	3	1503	1970-01-01 08:00:00	0	0	0	0	-1	-1	-1
20200122-232749	ItemConsume	ExpendIdx	an	ioNaruto	799		3	100	1565	2844			0		0	0	0	0	Kinh M¹ch §ång Nh©n	2	1	30730	73	-315766841	2020-01-22 23:26:22	1073676288	1073676288	1073676288	0	2	1	0
20200122-232749	custom_award	CustomAward.CostOne	an	ioNaruto	799		3	100	1565	2844			0		1503	0	0	0	Kinh M¹ch §ång Nh©n	2	1	30730	3	1503	1970-01-01 08:00:00	0	0	0	0	-1	-1	-1
20200122-232753	ItemConsume	ExpendIdx	an	ioNaruto	799		3	100	1565	2844			0		0	0	0	0	Kinh M¹ch §ång Nh©n	2	1	30730	70	-315766841	2020-01-22 23:26:22	1073676288	1073676288	1073676288	0	2	1	0
20200122-232753	custom_award	CustomAward.CostOne	an	ioNaruto	799		3	100	1565	2844			0		1503	0	0	0	Kinh M¹ch §ång Nh©n	2	1	30730	3	1503	1970-01-01 08:00:00	0	0	0	0	-1	-1	-1
20200122-232800	ItemConsume	ExpendIdx	an	ioNaruto	799		3	100	1565	2844			0		0	0	0	0	Kinh M¹ch §ång Nh©n	2	1	30730	67	-315766841	2020-01-22 23:26:22	1073676288	1073676288	1073676288	0	2	1	0
20200122-232800	custom_award	CustomAward.CostOne	an	ioNaruto	799		3	100	1565	2844			0		1503	0	0	0	Kinh M¹ch §ång Nh©n	2	1	30730	3	1503	1970-01-01 08:00:00	0	0	0	0	-1	-1	-1
20200122-232804	ItemConsume	ExpendIdx	an	ioNaruto	799		3	100	1565	2844			0		0	0	0	0	Kinh M¹ch §ång Nh©n	2	1	30730	64	-315766841	2020-01-22 23:26:22	1073676288	1073676288	1073676288	0	2	1	0
20200122-232804	custom_award	CustomAward.CostOne	an	ioNaruto	799		3	100	1565	2844			0		1503	0	0	0	Kinh M¹ch §ång Nh©n	2	1	30730	3	1503	1970-01-01 08:00:00	0	0	0	0	-1	-1	-1
20200122-232810	ItemConsume	ExpendIdx	an	ioNaruto	799		3	100	1565	2844			0		0	0	0	0	Kinh M¹ch §ång Nh©n	2	1	30730	61	-315766841	2020-01-22 23:26:22	1073676288	1073676288	1073676288	0	2	1	0
20200122-232810	custom_award	CustomAward.CostOne	an	ioNaruto	799		3	100	1565	2844			0		1503	0	0	0	Kinh M¹ch §ång Nh©n	2	1	30730	3	1503	1970-01-01 08:00:00	0	0	0	0	-1	-1	-1
20200122-232815	ItemConsume	ExpendIdx	an	ioNaruto	799		3	100	1565	2844			0		0	0	0	0	Kinh M¹ch §ång Nh©n	2	1	30730	58	-315766841	2020-01-22 23:26:22	1073676288	1073676288	1073676288	0	2	1	0
20200122-232815	custom_award	CustomAward.CostOne	an	ioNaruto	799		3	100	1565	2844			0		1503	0	0	0	Kinh M¹ch §ång Nh©n	2	1	30730	3	1503	1970-01-01 08:00:00	0	0	0	0	-1	-1	-1
20200122-232820	ItemConsume	ExpendIdx	an	ioNaruto	799		3	100	1565	2844			0		0	0	0	0	Kinh M¹ch §ång Nh©n	2	1	30730	55	-315766841	2020-01-22 23:26:22	1073676288	1073676288	1073676288	0	2	1	0
20200122-232820	custom_award	CustomAward.CostOne	an	ioNaruto	799		3	100	1565	2844			0		1503	0	0	0	Kinh M¹ch §ång Nh©n	2	1	30730	3	1503	1970-01-01 08:00:00	0	0	0	0	-1	-1	-1
20200122-232825	ItemConsume	ExpendIdx	an	ioNaruto	799		3	100	1565	2844			0		0	0	0	0	Kinh M¹ch §ång Nh©n	2	1	30730	52	-315766841	2020-01-22 23:26:22	1073676288	1073676288	1073676288	0	2	1	0
20200122-232825	custom_award	CustomAward.CostOne	an	ioNaruto	799		3	100	1565	2844			0		1503	0	0	0	Kinh M¹ch §ång Nh©n	2	1	30730	3	1503	1970-01-01 08:00:00	0	0	0	0	-1	-1	-1
20200122-232830	ItemConsume	ExpendIdx	an	ioNaruto	799		3	100	1565	2844			0		0	0	0	0	Kinh M¹ch §ång Nh©n	2	1	30730	49	-315766841	2020-01-22 23:26:22	1073676288	1073676288	1073676288	0	2	1	0
20200122-232830	custom_award	CustomAward.CostOne	an	ioNaruto	799		3	100	1565	2844			0		1503	0	0	0	Kinh M¹ch §ång Nh©n	2	1	30730	3	1503	1970-01-01 08:00:00	0	0	0	0	-1	-1	-1
20200122-232836	ItemConsume	ExpendIdx	an	ioNaruto	799		3	100	1565	2844			0		0	0	0	0	Kinh M¹ch §ång Nh©n	2	1	30730	46	-315766841	2020-01-22 23:26:22	1073676288	1073676288	1073676288	0	2	1	0
20200122-232836	custom_award	CustomAward.CostOne	an	ioNaruto	799		3	100	1565	2844			0		1503	0	0	0	Kinh M¹ch §ång Nh©n	2	1	30730	3	1503	1970-01-01 08:00:00	0	0	0	0	-1	-1	-1
20200122-232842	ItemConsume	ExpendIdx	an	ioNaruto	799		3	100	1565	2844			0		0	0	0	0	Kinh M¹ch §ång Nh©n	2	1	30730	43	-315766841	2020-01-22 23:26:22	1073676288	1073676288	1073676288	0	2	1	0
20200122-232842	custom_award	CustomAward.CostOne	an	ioNaruto	799		3	100	1565	2844			0		1503	0	0	0	Kinh M¹ch §ång Nh©n	2	1	30730	3	1503	1970-01-01 08:00:00	0	0	0	0	-1	-1	-1
20200122-232846	ItemConsume	ExpendIdx	an	ioNaruto	799		3	100	1565	2844			0		0	0	0	0	Kinh M¹ch §ång Nh©n	2	1	30730	40	-315766841	2020-01-22 23:26:22	1073676288	1073676288	1073676288	0	2	1	0
20200122-232846	custom_award	CustomAward.CostOne	an	ioNaruto	799		3	100	1565	2844			0		1503	0	0	0	Kinh M¹ch §ång Nh©n	2	1	30730	3	1503	1970-01-01 08:00:00	0	0	0	0	-1	-1	-1
20200122-232851	ItemConsume	ExpendIdx	an	ioNaruto	799		3	100	1565	2844			0		0	0	0	0	Kinh M¹ch §ång Nh©n	2	1	30730	37	-315766841	2020-01-22 23:26:22	1073676288	1073676288	1073676288	0	2	1	0
20200122-232851	custom_award	CustomAward.CostOne	an	ioNaruto	799		3	100	1565	2844			0		1503	0	0	0	Kinh M¹ch §ång Nh©n	2	1	30730	3	1503	1970-01-01 08:00:00	0	0	0	0	-1	-1	-1
20200122-232856	ItemConsume	ExpendIdx	an	ioNaruto	799		3	100	1565	2844			0		0	0	0	0	Kinh M¹ch §ång Nh©n	2	1	30730	34	-315766841	2020-01-22 23:26:22	1073676288	1073676288	1073676288	0	2	1	0
20200122-232856	custom_award	CustomAward.CostOne	an	ioNaruto	799		3	100	1565	2844			0		1503	0	0	0	Kinh M¹ch §ång Nh©n	2	1	30730	3	1503	1970-01-01 08:00:00	0	0	0	0	-1	-1	-1
20200122-232902	ItemConsume	ExpendIdx	an	ioNaruto	799		3	100	1565	2844			0		0	0	0	0	Kinh M¹ch §ång Nh©n	2	1	30730	31	-315766841	2020-01-22 23:26:22	1073676288	1073676288	1073676288	0	2	1	0
20200122-232902	custom_award	CustomAward.CostOne	an	ioNaruto	799		3	100	1565	2844			0		1503	0	0	0	Kinh M¹ch §ång Nh©n	2	1	30730	3	1503	1970-01-01 08:00:00	0	0	0	0	-1	-1	-1
20200122-232907	ItemConsume	ExpendIdx	an	ioNaruto	799		3	100	1565	2844			0		0	0	0	0	Kinh M¹ch §ång Nh©n	2	1	30730	28	-315766841	2020-01-22 23:26:22	1073676288	1073676288	1073676288	0	2	1	0
20200122-232907	custom_award	CustomAward.CostOne	an	ioNaruto	799		3	100	1565	2844			0		1503	0	0	0	Kinh M¹ch §ång Nh©n	2	1	30730	3	1503	1970-01-01 08:00:00	0	0	0	0	-1	-1	-1
20200122-232921	ItemAdd	1640752519	an	ioNaruto	799		100	100	1565	2844			0		0	0	0	0	Kinh M¹ch §ång Nh©n	2	1	30730	100	498435411	2020-01-22 23:29:21	1073676288	1073676288	1073676288	0	-1	-1	-1
20200122-232928	ItemConsume	ExpendIdx	an	ioNaruto	799		3	100	1565	2844			0		0	0	0	0	Kinh M¹ch §ång Nh©n	2	1	30730	97	-315766841	2020-01-22 23:26:22	1073676288	1073676288	1073676288	0	2	1	0
20200122-232928	custom_award	CustomAward.CostOne	an	ioNaruto	799		3	100	1565	2844			0		1503	0	0	0	Kinh M¹ch §ång Nh©n	2	1	30730	3	1503	1970-01-01 08:00:00	0	0	0	0	-1	-1	-1
20200122-232935	ItemConsume	ExpendIdx	an	ioNaruto	799		3	100	1565	2844			0		0	0	0	0	Kinh M¹ch §ång Nh©n	2	1	30730	94	-315766841	2020-01-22 23:26:22	1073676288	1073676288	1073676288	0	2	1	0
20200122-232935	custom_award	CustomAward.CostOne	an	ioNaruto	799		3	100	1565	2844			0		1503	0	0	0	Kinh M¹ch §ång Nh©n	2	1	30730	3	1503	1970-01-01 08:00:00	0	0	0	0	-1	-1	-1
20200122-232940	ItemConsume	ExpendIdx	an	ioNaruto	799		3	100	1565	2844			0		0	0	0	0	Kinh M¹ch §ång Nh©n	2	1	30730	91	-315766841	2020-01-22 23:26:22	1073676288	1073676288	1073676288	0	2	1	0
20200122-232940	custom_award	CustomAward.CostOne	an	ioNaruto	799		3	100	1565	2844			0		1503	0	0	0	Kinh M¹ch §ång Nh©n	2	1	30730	3	1503	1970-01-01 08:00:00	0	0	0	0	-1	-1	-1
20200122-232944	ItemConsume	ExpendIdx	an	ioNaruto	799		3	100	1565	2844			0		0	0	0	0	Kinh M¹ch §ång Nh©n	2	1	30730	88	-315766841	2020-01-22 23:26:22	1073676288	1073676288	1073676288	0	2	1	0
20200122-232944	custom_award	CustomAward.CostOne	an	ioNaruto	799		3	100	1565	2844			0		1503	0	0	0	Kinh M¹ch §ång Nh©n	2	1	30730	3	1503	1970-01-01 08:00:00	0	0	0	0	-1	-1	-1
20200122-232952	ItemConsume	ExpendIdx	an	ioNaruto	799		3	100	1565	2844			0		0	0	0	0	Kinh M¹ch §ång Nh©n	2	1	30730	85	-315766841	2020-01-22 23:26:22	1073676288	1073676288	1073676288	0	2	1	0
20200122-232952	custom_award	CustomAward.CostOne	an	ioNaruto	799		3	100	1565	2844			0		1503	0	0	0	Kinh M¹ch §ång Nh©n	2	1	30730	3	1503	1970-01-01 08:00:00	0	0	0	0	-1	-1	-1
20200122-232956	ItemConsume	ExpendIdx	an	ioNaruto	799		3	100	1565	2844			0		0	0	0	0	Kinh M¹ch §ång Nh©n	2	1	30730	82	-315766841	2020-01-22 23:26:22	1073676288	1073676288	1073676288	0	2	1	0
20200122-232956	custom_award	CustomAward.CostOne	an	ioNaruto	799		3	100	1565	2844			0		1503	0	0	0	Kinh M¹ch §ång Nh©n	2	1	30730	3	1503	1970-01-01 08:00:00	0	0	0	0	-1	-1	-1
20200122-233002	ItemConsume	ExpendIdx	an	ioNaruto	799		3	100	1565	2844			0		0	0	0	0	Kinh M¹ch §ång Nh©n	2	1	30730	79	-315766841	2020-01-22 23:26:22	1073676288	1073676288	1073676288	0	2	1	0
20200122-233002	custom_award	CustomAward.CostOne	an	ioNaruto	799		3	100	1565	2844			0		1503	0	0	0	Kinh M¹ch §ång Nh©n	2	1	30730	3	1503	1970-01-01 08:00:00	0	0	0	0	-1	-1	-1
20200122-233006	ItemConsume	ExpendIdx	an	ioNaruto	799		3	100	1565	2844			0		0	0	0	0	Kinh M¹ch §ång Nh©n	2	1	30730	76	-315766841	2020-01-22 23:26:22	1073676288	1073676288	1073676288	0	2	1	0
20200122-233006	custom_award	CustomAward.CostOne	an	ioNaruto	799		3	100	1565	2844			0		1503	0	0	0	Kinh M¹ch §ång Nh©n	2	1	30730	3	1503	1970-01-01 08:00:00	0	0	0	0	-1	-1	-1
20200122-233011	ItemConsume	ExpendIdx	an	ioNaruto	799		3	100	1565	2844			0		0	0	0	0	Kinh M¹ch §ång Nh©n	2	1	30730	73	-315766841	2020-01-22 23:26:22	1073676288	1073676288	1073676288	0	2	1	0
20200122-233011	custom_award	CustomAward.CostOne	an	ioNaruto	799		3	100	1565	2844			0		1503	0	0	0	Kinh M¹ch §ång Nh©n	2	1	30730	3	1503	1970-01-01 08:00:00	0	0	0	0	-1	-1	-1
20200122-233016	ItemConsume	ExpendIdx	an	ioNaruto	799		3	100	1565	2844			0		0	0	0	0	Kinh M¹ch §ång Nh©n	2	1	30730	70	-315766841	2020-01-22 23:26:22	1073676288	1073676288	1073676288	0	2	1	0
20200122-233016	custom_award	CustomAward.CostOne	an	ioNaruto	799		3	100	1565	2844			0		1503	0	0	0	Kinh M¹ch §ång Nh©n	2	1	30730	3	1503	1970-01-01 08:00:00	0	0	0	0	-1	-1	-1
20200122-233021	ItemConsume	ExpendIdx	an	ioNaruto	799		3	100	1565	2844			0		0	0	0	0	Kinh M¹ch §ång Nh©n	2	1	30730	67	-315766841	2020-01-22 23:26:22	1073676288	1073676288	1073676288	0	2	1	0
20200122-233021	custom_award	CustomAward.CostOne	an	ioNaruto	799		3	100	1565	2844			0		1503	0	0	0	Kinh M¹ch §ång Nh©n	2	1	30730	3	1503	1970-01-01 08:00:00	0	0	0	0	-1	-1	-1
20200122-233026	ItemConsume	ExpendIdx	an	ioNaruto	799		3	100	1565	2844			0		0	0	0	0	Kinh M¹ch §ång Nh©n	2	1	30730	64	-315766841	2020-01-22 23:26:22	1073676288	1073676288	1073676288	0	2	1	0
20200122-233026	custom_award	CustomAward.CostOne	an	ioNaruto	799		3	100	1565	2844			0		1503	0	0	0	Kinh M¹ch §ång Nh©n	2	1	30730	3	1503	1970-01-01 08:00:00	0	0	0	0	-1	-1	-1
20200122-233031	ItemConsume	ExpendIdx	an	ioNaruto	799		3	100	1565	2844			0		0	0	0	0	Kinh M¹ch §ång Nh©n	2	1	30730	61	-315766841	2020-01-22 23:26:22	1073676288	1073676288	1073676288	0	2	1	0
20200122-233031	custom_award	CustomAward.CostOne	an	ioNaruto	799		3	100	1565	2844			0		1503	0	0	0	Kinh M¹ch §ång Nh©n	2	1	30730	3	1503	1970-01-01 08:00:00	0	0	0	0	-1	-1	-1
20200122-233041	ItemConsume	ExpendIdx	an	ioNaruto	799		3	100	1565	2844			0		0	0	0	0	Kinh M¹ch §ång Nh©n	2	1	30730	58	-315766841	2020-01-22 23:26:22	1073676288	1073676288	1073676288	0	2	1	0
20200122-233041	custom_award	CustomAward.CostOne	an	ioNaruto	799		3	100	1565	2844			0		1503	0	0	0	Kinh M¹ch §ång Nh©n	2	1	30730	3	1503	1970-01-01 08:00:00	0	0	0	0	-1	-1	-1
20200122-233052	ItemConsume	ExpendIdx	an	ioNaruto	799		3	100	1565	2844			0		0	0	0	0	Kinh M¹ch §ång Nh©n	2	1	30730	55	-315766841	2020-01-22 23:26:22	1073676288	1073676288	1073676288	0	2	1	0
20200122-233052	custom_award	CustomAward.CostOne	an	ioNaruto	799		3	100	1565	2844			0		1503	0	0	0	Kinh M¹ch §ång Nh©n	2	1	30730	3	1503	1970-01-01 08:00:00	0	0	0	0	-1	-1	-1
20200122-233057	ItemConsume	ExpendIdx	an	ioNaruto	799		3	100	1565	2844			0		0	0	0	0	Kinh M¹ch §ång Nh©n	2	1	30730	52	-315766841	2020-01-22 23:26:22	1073676288	1073676288	1073676288	0	2	1	0
20200122-233057	custom_award	CustomAward.CostOne	an	ioNaruto	799		3	100	1565	2844			0		1503	0	0	0	Kinh M¹ch §ång Nh©n	2	1	30730	3	1503	1970-01-01 08:00:00	0	0	0	0	-1	-1	-1
20200122-233102	ItemConsume	ExpendIdx	an	ioNaruto	799		3	100	1565	2844			0		0	0	0	0	Kinh M¹ch §ång Nh©n	2	1	30730	49	-315766841	2020-01-22 23:26:22	1073676288	1073676288	1073676288	0	2	1	0
20200122-233102	custom_award	CustomAward.CostOne	an	ioNaruto	799		3	100	1565	2844			0		1503	0	0	0	Kinh M¹ch §ång Nh©n	2	1	30730	3	1503	1970-01-01 08:00:00	0	0	0	0	-1	-1	-1
20200122-233106	ItemConsume	ExpendIdx	an	ioNaruto	799		3	100	1565	2844			0		0	0	0	0	Kinh M¹ch §ång Nh©n	2	1	30730	46	-315766841	2020-01-22 23:26:22	1073676288	1073676288	1073676288	0	2	1	0
20200122-233106	custom_award	CustomAward.CostOne	an	ioNaruto	799		3	100	1565	2844			0		1503	0	0	0	Kinh M¹ch §ång Nh©n	2	1	30730	3	1503	1970-01-01 08:00:00	0	0	0	0	-1	-1	-1
20200122-233112	ItemConsume	ExpendIdx	an	ioNaruto	799		3	100	1565	2844			0		0	0	0	0	Kinh M¹ch §ång Nh©n	2	1	30730	43	-315766841	2020-01-22 23:26:22	1073676288	1073676288	1073676288	0	2	1	0
20200122-233112	custom_award	CustomAward.CostOne	an	ioNaruto	799		3	100	1565	2844			0		1503	0	0	0	Kinh M¹ch §ång Nh©n	2	1	30730	3	1503	1970-01-01 08:00:00	0	0	0	0	-1	-1	-1
20200122-233116	ItemConsume	ExpendIdx	an	ioNaruto	799		3	100	1565	2844			0		0	0	0	0	Kinh M¹ch §ång Nh©n	2	1	30730	40	-315766841	2020-01-22 23:26:22	1073676288	1073676288	1073676288	0	2	1	0
20200122-233116	custom_award	CustomAward.CostOne	an	ioNaruto	799		3	100	1565	2844			0		1503	0	0	0	Kinh M¹ch §ång Nh©n	2	1	30730	3	1503	1970-01-01 08:00:00	0	0	0	0	-1	-1	-1
20200122-233121	ItemConsume	ExpendIdx	an	ioNaruto	799		3	100	1565	2844			0		0	0	0	0	Kinh M¹ch §ång Nh©n	2	1	30730	37	-315766841	2020-01-22 23:26:22	1073676288	1073676288	1073676288	0	2	1	0
20200122-233121	custom_award	CustomAward.CostOne	an	ioNaruto	799		3	100	1565	2844			0		1503	0	0	0	Kinh M¹ch §ång Nh©n	2	1	30730	3	1503	1970-01-01 08:00:00	0	0	0	0	-1	-1	-1
20200122-233126	ItemConsume	ExpendIdx	an	ioNaruto	799		3	100	1565	2844			0		0	0	0	0	Kinh M¹ch §ång Nh©n	2	1	30730	34	-315766841	2020-01-22 23:26:22	1073676288	1073676288	1073676288	0	2	1	0
20200122-233126	custom_award	CustomAward.CostOne	an	ioNaruto	799		3	100	1565	2844			0		1503	0	0	0	Kinh M¹ch §ång Nh©n	2	1	30730	3	1503	1970-01-01 08:00:00	0	0	0	0	-1	-1	-1
20200122-233132	ItemConsume	ExpendIdx	an	ioNaruto	799		3	100	1565	2844			0		0	0	0	0	Kinh M¹ch §ång Nh©n	2	1	30730	31	-315766841	2020-01-22 23:26:22	1073676288	1073676288	1073676288	0	2	1	0
20200122-233132	custom_award	CustomAward.CostOne	an	ioNaruto	799		3	100	1565	2844			0		1503	0	0	0	Kinh M¹ch §ång Nh©n	2	1	30730	3	1503	1970-01-01 08:00:00	0	0	0	0	-1	-1	-1
20200122-233138	ItemConsume	ExpendIdx	an	ioNaruto	799		3	100	1565	2844			0		0	0	0	0	Kinh M¹ch §ång Nh©n	2	1	30730	28	-315766841	2020-01-22 23:26:22	1073676288	1073676288	1073676288	0	2	1	0
20200122-233138	custom_award	CustomAward.CostOne	an	ioNaruto	799		3	100	1565	2844			0		1503	0	0	0	Kinh M¹ch §ång Nh©n	2	1	30730	3	1503	1970-01-01 08:00:00	0	0	0	0	-1	-1	-1
20200122-233145	ItemConsume	ExpendIdx	an	ioNaruto	799		3	100	1565	2844			0		0	0	0	0	Kinh M¹ch §ång Nh©n	2	1	30730	25	-315766841	2020-01-22 23:26:22	1073676288	1073676288	1073676288	0	2	1	0
20200122-233145	custom_award	CustomAward.CostOne	an	ioNaruto	799		3	100	1565	2844			0		1503	0	0	0	Kinh M¹ch §ång Nh©n	2	1	30730	3	1503	1970-01-01 08:00:00	0	0	0	0	-1	-1	-1
20200122-233150	ItemConsume	ExpendIdx	an	ioNaruto	799		3	100	1565	2844			0		0	0	0	0	Kinh M¹ch §ång Nh©n	2	1	30730	22	-315766841	2020-01-22 23:26:22	1073676288	1073676288	1073676288	0	2	1	0
20200122-233150	custom_award	CustomAward.CostOne	an	ioNaruto	799		3	100	1565	2844			0		1503	0	0	0	Kinh M¹ch §ång Nh©n	2	1	30730	3	1503	1970-01-01 08:00:00	0	0	0	0	-1	-1	-1
20200122-233155	ItemConsume	ExpendIdx	an	ioNaruto	799		3	100	1565	2844			0		0	0	0	0	Kinh M¹ch §ång Nh©n	2	1	30730	19	-315766841	2020-01-22 23:26:22	1073676288	1073676288	1073676288	0	2	1	0
20200122-233155	custom_award	CustomAward.CostOne	an	ioNaruto	799		3	100	1565	2844			0		1503	0	0	0	Kinh M¹ch §ång Nh©n	2	1	30730	3	1503	1970-01-01 08:00:00	0	0	0	0	-1	-1	-1
20200122-233201	ItemConsume	ExpendIdx	an	ioNaruto	799		3	100	1565	2844			0		0	0	0	0	Kinh M¹ch §ång Nh©n	2	1	30730	16	-315766841	2020-01-22 23:26:22	1073676288	1073676288	1073676288	0	2	1	0
20200122-233201	custom_award	CustomAward.CostOne	an	ioNaruto	799		3	100	1565	2844			0		1503	0	0	0	Kinh M¹ch §ång Nh©n	2	1	30730	3	1503	1970-01-01 08:00:00	0	0	0	0	-1	-1	-1
20200122-233206	ItemConsume	ExpendIdx	an	ioNaruto	799		3	100	1565	2844			0		0	0	0	0	Kinh M¹ch §ång Nh©n	2	1	30730	13	-315766841	2020-01-22 23:26:22	1073676288	1073676288	1073676288	0	2	1	0
20200122-233206	custom_award	CustomAward.CostOne	an	ioNaruto	799		3	100	1565	2844			0		1503	0	0	0	Kinh M¹ch §ång Nh©n	2	1	30730	3	1503	1970-01-01 08:00:00	0	0	0	0	-1	-1	-1
20200122-233210	ItemConsume	ExpendIdx	an	ioNaruto	799		3	100	1565	2844			0		0	0	0	0	Kinh M¹ch §ång Nh©n	2	1	30730	10	-315766841	2020-01-22 23:26:22	1073676288	1073676288	1073676288	0	2	1	0
20200122-233210	custom_award	CustomAward.CostOne	an	ioNaruto	799		3	100	1565	2844			0		1503	0	0	0	Kinh M¹ch §ång Nh©n	2	1	30730	3	1503	1970-01-01 08:00:00	0	0	0	0	-1	-1	-1
20200122-233217	ItemConsume	ExpendIdx	an	ioNaruto	799		3	100	1565	2844			0		0	0	0	0	Kinh M¹ch §ång Nh©n	2	1	30730	7	-315766841	2020-01-22 23:26:22	1073676288	1073676288	1073676288	0	2	1	0
20200122-233217	custom_award	CustomAward.CostOne	an	ioNaruto	799		3	100	1565	2844			0		1503	0	0	0	Kinh M¹ch §ång Nh©n	2	1	30730	3	1503	1970-01-01 08:00:00	0	0	0	0	-1	-1	-1
20200122-233226	ItemConsume	ExpendIdx	an	ioNaruto	799		3	100	1565	2844			0		0	0	0	0	Kinh M¹ch §ång Nh©n	2	1	30730	4	-315766841	2020-01-22 23:26:22	1073676288	1073676288	1073676288	0	2	1	0
20200122-233226	custom_award	CustomAward.CostOne	an	ioNaruto	799		3	100	1565	2844			0		1503	0	0	0	Kinh M¹ch §ång Nh©n	2	1	30730	3	1503	1970-01-01 08:00:00	0	0	0	0	-1	-1	-1
20200122-233259	ItemConsume	ExpendIdx	an	ioNaruto	799		3	100	1565	2844			0		0	0	0	0	Kinh M¹ch §ång Nh©n	2	1	30730	1	-315766841	2020-01-22 23:26:22	1073676288	1073676288	1073676288	0	2	1	0
20200122-233259	custom_award	CustomAward.CostOne	an	ioNaruto	799		3	100	1565	2844			0		1503	0	0	0	Kinh M¹ch §ång Nh©n	2	1	30730	3	1503	1970-01-01 08:00:00	0	0	0	0	-1	-1	-1
20200122-233305	ItemConsume	ExpendIdx	an	ioNaruto	799		1	100	1565	2844			0		0	0	0	0	Kinh M¹ch §ång Nh©n	2	1	30730	1	-315766841	2020-01-22 23:26:22	1073676288	1073676288	1073676288	0	2	1	0
20200122-233305	ItemConsume	ExpendIdx	an	ioNaruto	799		2	100	1565	2844			0		0	0	0	0	Kinh M¹ch §ång Nh©n	2	1	30730	26	498435411	2020-01-22 23:29:21	1073676288	1073676288	1073676288	0	2	4	0
20200122-233305	custom_award	CustomAward.CostOne	an	ioNaruto	799		3	100	1565	2844			0		1503	0	0	0	Kinh M¹ch §ång Nh©n	2	1	30730	3	1503	1970-01-01 08:00:00	0	0	0	0	-1	-1	-1
20200122-233309	ItemConsume	ExpendIdx	an	ioNaruto	799		3	100	1565	2844			0		0	0	0	0	Kinh M¹ch §ång Nh©n	2	1	30730	23	498435411	2020-01-22 23:29:21	1073676288	1073676288	1073676288	0	2	4	0
20200122-233309	custom_award	CustomAward.CostOne	an	ioNaruto	799		3	100	1565	2844			0		1503	0	0	0	Kinh M¹ch §ång Nh©n	2	1	30730	3	1503	1970-01-01 08:00:00	0	0	0	0	-1	-1	-1
20200122-233313	ItemConsume	ExpendIdx	an	ioNaruto	799		3	100	1565	2844			0		0	0	0	0	Kinh M¹ch §ång Nh©n	2	1	30730	20	498435411	2020-01-22 23:29:21	1073676288	1073676288	1073676288	0	2	4	0
20200122-233313	custom_award	CustomAward.CostOne	an	ioNaruto	799		3	100	1565	2844			0		1503	0	0	0	Kinh M¹ch §ång Nh©n	2	1	30730	3	1503	1970-01-01 08:00:00	0	0	0	0	-1	-1	-1
20200122-233318	ItemConsume	ExpendIdx	an	ioNaruto	799		3	100	1565	2844			0		0	0	0	0	Kinh M¹ch §ång Nh©n	2	1	30730	17	498435411	2020-01-22 23:29:21	1073676288	1073676288	1073676288	0	2	4	0
20200122-233318	custom_award	CustomAward.CostOne	an	ioNaruto	799		3	100	1565	2844			0		1503	0	0	0	Kinh M¹ch §ång Nh©n	2	1	30730	3	1503	1970-01-01 08:00:00	0	0	0	0	-1	-1	-1
20200122-233323	ItemConsume	ExpendIdx	an	ioNaruto	799		3	100	1565	2844			0		0	0	0	0	Kinh M¹ch §ång Nh©n	2	1	30730	14	498435411	2020-01-22 23:29:21	1073676288	1073676288	1073676288	0	2	4	0
20200122-233323	custom_award	CustomAward.CostOne	an	ioNaruto	799		3	100	1565	2844			0		1503	0	0	0	Kinh M¹ch §ång Nh©n	2	1	30730	3	1503	1970-01-01 08:00:00	0	0	0	0	-1	-1	-1
20200122-233328	ItemConsume	ExpendIdx	an	ioNaruto	799		3	100	1565	2844			0		0	0	0	0	Kinh M¹ch §ång Nh©n	2	1	30730	11	498435411	2020-01-22 23:29:21	1073676288	1073676288	1073676288	0	2	4	0
20200122-233328	custom_award	CustomAward.CostOne	an	ioNaruto	799		3	100	1565	2844			0		1503	0	0	0	Kinh M¹ch §ång Nh©n	2	1	30730	3	1503	1970-01-01 08:00:00	0	0	0	0	-1	-1	-1
20200122-233346	ItemConsume	ExpendIdx	an	ioNaruto	799		3	100	1565	2844			0		0	0	0	0	Kinh M¹ch §ång Nh©n	2	1	30730	8	498435411	2020-01-22 23:29:21	1073676288	1073676288	1073676288	0	2	4	0
20200122-233346	custom_award	CustomAward.CostOne	an	ioNaruto	799		3	100	1565	2844			0		1503	0	0	0	Kinh M¹ch §ång Nh©n	2	1	30730	3	1503	1970-01-01 08:00:00	0	0	0	0	-1	-1	-1
20200122-233515	ItemConsume	ExpendIdx	an	ioNaruto	799		3	100	1565	2844			0		0	0	0	0	Kinh M¹ch §ång Nh©n	2	1	30730	5	498435411	2020-01-22 23:29:21	1073676288	1073676288	1073676288	0	2	4	0
20200122-233515	custom_award	CustomAward.CostOne	an	ioNaruto	799		3	100	1565	2844			0		1503	0	0	0	Kinh M¹ch §ång Nh©n	2	1	30730	3	1503	1970-01-01 08:00:00	0	0	0	0	-1	-1	-1
20200122-233520	ItemConsume	ExpendIdx	an	ioNaruto	799		3	100	1565	2844			0		0	0	0	0	Kinh M¹ch §ång Nh©n	2	1	30730	2	498435411	2020-01-22 23:29:21	1073676288	1073676288	1073676288	0	2	4	0
20200122-233520	custom_award	CustomAward.CostOne	an	ioNaruto	799		3	100	1565	2844			0		1503	0	0	0	Kinh M¹ch §ång Nh©n	2	1	30730	3	1503	1970-01-01 08:00:00	0	0	0	0	-1	-1	-1
20200122-233525	ItemConsume	ExpendIdx	an	ioNaruto	799		2	100	1565	2844			0		0	0	0	0	Kinh M¹ch §ång Nh©n	2	1	30730	2	498435411	2020-01-22 23:29:21	1073676288	1073676288	1073676288	0	2	4	0
20200122-233525	ItemConsume	ExpendIdx	an	ioNaruto	799		1	100	1565	2844			0		0	0	0	0	Kinh M¹ch §ång Nh©n	2	1	30730	99	-1267418075	2020-01-22 23:26:37	1073676288	1073676288	1073676288	0	2	3	0
20200122-233525	custom_award	CustomAward.CostOne	an	ioNaruto	799		3	100	1565	2844			0		1503	0	0	0	Kinh M¹ch §ång Nh©n	2	1	30730	3	1503	1970-01-01 08:00:00	0	0	0	0	-1	-1	-1
20200122-233537	ItemConsume	ExpendIdx	an	ioNaruto	799		3	100	1565	2844			0		0	0	0	0	Kinh M¹ch §ång Nh©n	2	1	30730	96	-1267418075	2020-01-22 23:26:37	1073676288	1073676288	1073676288	0	2	3	0
20200122-233537	custom_award	CustomAward.CostOne	an	ioNaruto	799		3	100	1565	2844			0		1503	0	0	0	Kinh M¹ch §ång Nh©n	2	1	30730	3	1503	1970-01-01 08:00:00	0	0	0	0	-1	-1	-1
20200122-233542	ItemConsume	ExpendIdx	an	ioNaruto	799		3	100	1565	2844			0		0	0	0	0	Kinh M¹ch §ång Nh©n	2	1	30730	93	-1267418075	2020-01-22 23:26:37	1073676288	1073676288	1073676288	0	2	3	0
20200122-233542	custom_award	CustomAward.CostOne	an	ioNaruto	799		3	100	1565	2844			0		1503	0	0	0	Kinh M¹ch §ång Nh©n	2	1	30730	3	1503	1970-01-01 08:00:00	0	0	0	0	-1	-1	-1
20200122-233548	ItemConsume	ExpendIdx	an	ioNaruto	799		3	100	1565	2844			0		0	0	0	0	Kinh M¹ch §ång Nh©n	2	1	30730	90	-1267418075	2020-01-22 23:26:37	1073676288	1073676288	1073676288	0	2	3	0
20200122-233548	custom_award	CustomAward.CostOne	an	ioNaruto	799		3	100	1565	2844			0		1503	0	0	0	Kinh M¹ch §ång Nh©n	2	1	30730	3	1503	1970-01-01 08:00:00	0	0	0	0	-1	-1	-1
20200122-233653	ItemConsume	ExpendIdx	an	ioNaruto	799		3	100	1565	2844			0		0	0	0	0	Kinh M¹ch §ång Nh©n	2	1	30730	87	-1267418075	2020-01-22 23:26:37	1073676288	1073676288	1073676288	0	2	3	0
20200122-233653	custom_award	CustomAward.CostOne	an	ioNaruto	799		3	100	1565	2844			0		1503	0	0	0	Kinh M¹ch §ång Nh©n	2	1	30730	3	1503	1970-01-01 08:00:00	0	0	0	0	-1	-1	-1
20200122-233658	ItemConsume	ExpendIdx	an	ioNaruto	799		3	100	1565	2844			0		0	0	0	0	Kinh M¹ch §ång Nh©n	2	1	30730	84	-1267418075	2020-01-22 23:26:37	1073676288	1073676288	1073676288	0	2	3	0
20200122-233658	custom_award	CustomAward.CostOne	an	ioNaruto	799		3	100	1565	2844			0		1503	0	0	0	Kinh M¹ch §ång Nh©n	2	1	30730	3	1503	1970-01-01 08:00:00	0	0	0	0	-1	-1	-1
20200122-233702	ItemConsume	ExpendIdx	an	ioNaruto	799		3	100	1565	2844			0		0	0	0	0	Kinh M¹ch §ång Nh©n	2	1	30730	81	-1267418075	2020-01-22 23:26:37	1073676288	1073676288	1073676288	0	2	3	0
20200122-233702	custom_award	CustomAward.CostOne	an	ioNaruto	799		3	100	1565	2844			0		1503	0	0	0	Kinh M¹ch §ång Nh©n	2	1	30730	3	1503	1970-01-01 08:00:00	0	0	0	0	-1	-1	-1
20200122-233706	ItemConsume	ExpendIdx	an	ioNaruto	799		3	100	1565	2844			0		0	0	0	0	Kinh M¹ch §ång Nh©n	2	1	30730	78	-1267418075	2020-01-22 23:26:37	1073676288	1073676288	1073676288	0	2	3	0
20200122-233706	custom_award	CustomAward.CostOne	an	ioNaruto	799		3	100	1565	2844			0		1503	0	0	0	Kinh M¹ch §ång Nh©n	2	1	30730	3	1503	1970-01-01 08:00:00	0	0	0	0	-1	-1	-1
20200122-233710	ItemConsume	ExpendIdx	an	ioNaruto	799		3	100	1565	2844			0		0	0	0	0	Kinh M¹ch §ång Nh©n	2	1	30730	75	-1267418075	2020-01-22 23:26:37	1073676288	1073676288	1073676288	0	2	3	0
20200122-233710	custom_award	CustomAward.CostOne	an	ioNaruto	799		3	100	1565	2844			0		1503	0	0	0	Kinh M¹ch §ång Nh©n	2	1	30730	3	1503	1970-01-01 08:00:00	0	0	0	0	-1	-1	-1
20200122-233727	ItemConsume	ExpendIdx	an	ioNaruto	799		3	100	1565	2844			0		0	0	0	0	Kinh M¹ch §ång Nh©n	2	1	30730	72	-1267418075	2020-01-22 23:26:37	1073676288	1073676288	1073676288	0	2	3	0
20200122-233727	custom_award	CustomAward.CostOne	an	ioNaruto	799		3	100	1565	2844			0		1503	0	0	0	Kinh M¹ch §ång Nh©n	2	1	30730	3	1503	1970-01-01 08:00:00	0	0	0	0	-1	-1	-1
20200122-233733	ItemConsume	ExpendIdx	an	ioNaruto	799		3	100	1565	2844			0		0	0	0	0	Kinh M¹ch §ång Nh©n	2	1	30730	69	-1267418075	2020-01-22 23:26:37	1073676288	1073676288	1073676288	0	2	3	0
20200122-233733	custom_award	CustomAward.CostOne	an	ioNaruto	799		3	100	1565	2844			0		1503	0	0	0	Kinh M¹ch §ång Nh©n	2	1	30730	3	1503	1970-01-01 08:00:00	0	0	0	0	-1	-1	-1
20200122-233739	ItemConsume	ExpendIdx	an	ioNaruto	799		3	100	1565	2844			0		0	0	0	0	Kinh M¹ch §ång Nh©n	2	1	30730	66	-1267418075	2020-01-22 23:26:37	1073676288	1073676288	1073676288	0	2	3	0
20200122-233739	custom_award	CustomAward.CostOne	an	ioNaruto	799		3	100	1565	2844			0		1503	0	0	0	Kinh M¹ch §ång Nh©n	2	1	30730	3	1503	1970-01-01 08:00:00	0	0	0	0	-1	-1	-1
20200122-233744	ItemConsume	ExpendIdx	an	ioNaruto	799		3	100	1565	2844			0		0	0	0	0	Kinh M¹ch §ång Nh©n	2	1	30730	63	-1267418075	2020-01-22 23:26:37	1073676288	1073676288	1073676288	0	2	3	0
20200122-233744	custom_award	CustomAward.CostOne	an	ioNaruto	799		3	100	1565	2844			0		1503	0	0	0	Kinh M¹ch §ång Nh©n	2	1	30730	3	1503	1970-01-01 08:00:00	0	0	0	0	-1	-1	-1
20200122-233748	ItemConsume	ExpendIdx	an	ioNaruto	799		3	100	1565	2844			0		0	0	0	0	Kinh M¹ch §ång Nh©n	2	1	30730	60	-1267418075	2020-01-22 23:26:37	1073676288	1073676288	1073676288	0	2	3	0
20200122-233748	custom_award	CustomAward.CostOne	an	ioNaruto	799		3	100	1565	2844			0		1503	0	0	0	Kinh M¹ch §ång Nh©n	2	1	30730	3	1503	1970-01-01 08:00:00	0	0	0	0	-1	-1	-1
20200122-233813	ItemConsume	ExpendIdx	an	ioNaruto	799		3	100	1565	2844			0		0	0	0	0	Kinh M¹ch §ång Nh©n	2	1	30730	57	-1267418075	2020-01-22 23:26:37	1073676288	1073676288	1073676288	0	2	3	0
20200122-233813	custom_award	CustomAward.CostOne	an	ioNaruto	799		3	100	1565	2844			0		1503	0	0	0	Kinh M¹ch §ång Nh©n	2	1	30730	3	1503	1970-01-01 08:00:00	0	0	0	0	-1	-1	-1
20200122-233818	ItemConsume	ExpendIdx	an	ioNaruto	799		3	100	1565	2844			0		0	0	0	0	Kinh M¹ch §ång Nh©n	2	1	30730	54	-1267418075	2020-01-22 23:26:37	1073676288	1073676288	1073676288	0	2	3	0
20200122-233818	custom_award	CustomAward.CostOne	an	ioNaruto	799		3	100	1565	2844			0		1503	0	0	0	Kinh M¹ch §ång Nh©n	2	1	30730	3	1503	1970-01-01 08:00:00	0	0	0	0	-1	-1	-1
20200122-233822	ItemConsume	ExpendIdx	an	ioNaruto	799		3	100	1565	2844			0		0	0	0	0	Kinh M¹ch §ång Nh©n	2	1	30730	51	-1267418075	2020-01-22 23:26:37	1073676288	1073676288	1073676288	0	2	3	0
20200122-233822	custom_award	CustomAward.CostOne	an	ioNaruto	799		3	100	1565	2844			0		1503	0	0	0	Kinh M¹ch §ång Nh©n	2	1	30730	3	1503	1970-01-01 08:00:00	0	0	0	0	-1	-1	-1
20200122-233831	ItemConsume	ExpendIdx	an	ioNaruto	799		3	100	1565	2844			0		0	0	0	0	Kinh M¹ch §ång Nh©n	2	1	30730	48	-1267418075	2020-01-22 23:26:37	1073676288	1073676288	1073676288	0	2	3	0
20200122-233831	custom_award	CustomAward.CostOne	an	ioNaruto	799		3	100	1565	2844			0		1503	0	0	0	Kinh M¹ch §ång Nh©n	2	1	30730	3	1503	1970-01-01 08:00:00	0	0	0	0	-1	-1	-1
20200122-233838	ItemConsume	ExpendIdx	an	ioNaruto	799		3	100	1565	2844			0		0	0	0	0	Kinh M¹ch §ång Nh©n	2	1	30730	45	-1267418075	2020-01-22 23:26:37	1073676288	1073676288	1073676288	0	2	3	0
20200122-233838	custom_award	CustomAward.CostOne	an	ioNaruto	799		3	100	1565	2844			0		1503	0	0	0	Kinh M¹ch §ång Nh©n	2	1	30730	3	1503	1970-01-01 08:00:00	0	0	0	0	-1	-1	-1
20200122-233904	large_str	AddItem[/settings/static_script/cheat/gm_item_tifuzhiyin.lua|Get_Book_ZhenJuan]			0		4087633934	0	0	0			0		0	0	0	0		0	0	0	0	0		0	0	0	0	-1	-1	-1
20200122-233904	ItemAdd	4087633934	an	ioNaruto	799		1	100	1563	2837			0		0	0	0	0	TiÒm Long Tóc DiÖt C	0	107	205	0	-903421837	2020-01-22 23:39:04	117507072	134939651	132097	0	-1	-1	-1
20200122-233904	ItemAdd	4087633934	an	ioNaruto	799		1	100	1563	2837			0		0	0	0	0	TiÒm Long Tóc DiÖt C	0	107	205	0	-419309127	2020-01-22 23:39:04	184615680	101188356	131585	0	-1	-1	-1
20200122-233904	ItemAdd	4087633934	an	ioNaruto	799		1	100	1563	2837			0		0	0	0	0	TiÒm Long Tóc DiÖt C	0	107	205	0	-1050909425	2020-01-22 23:39:04	134284288	151388931	131585	0	-1	-1	-1
20200122-233904	ItemAdd	4087633934	an	ioNaruto	799		1	100	1563	2837			0		0	0	0	0	TiÒm Long Tóc DiÖt C	0	107	205	0	2118936565	2020-01-22 23:39:04	100729600	151585539	131329	0	-1	-1	-1
20200122-233904	ItemAdd	4087633934	an	ioNaruto	799		1	100	1563	2837			0		0	0	0	0	TiÒm Long Tóc DiÖt C	0	107	205	0	377695211	2020-01-22 23:39:04	151061248	151585795	131585	0	-1	-1	-1
20200122-233904	ItemAdd	4087633934	an	ioNaruto	799		1	100	1563	2837			0		0	0	0	0	TiÒm Long TÞch DiÖt 	0	107	167	0	-1002193295	2020-01-22 23:39:04	151061248	67699204	132353	0	-1	-1	-1
20200122-233904	ItemAdd	4087633934	an	ioNaruto	799		1	100	1563	2837			0		0	0	0	0	TiÒm Long TÞch DiÖt 	0	107	167	0	-1305849593	2020-01-22 23:39:04	151061504	50987523	131073	0	-1	-1	-1
20200122-233904	ItemAdd	4087633934	an	ioNaruto	799		1	100	1563	2837			0		0	0	0	0	TiÒm Long TÞch DiÖt 	0	107	167	0	2107414829	2020-01-22 23:39:04	167838464	67699204	131841	0	-1	-1	-1
20200122-233904	ItemAdd	4087633934	an	ioNaruto	799		1	100	1563	2837			0		0	0	0	0	TiÒm Long TÞch DiÖt 	0	107	167	0	1643851875	2020-01-22 23:39:04	151061504	50790915	131841	0	-1	-1	-1
20200122-233904	ItemAdd	4087633934	an	ioNaruto	799		1	100	1563	2837			0		0	0	0	0	TiÒm Long TÞch DiÖt 	0	107	167	0	-1444154327	2020-01-22 23:39:04	117506816	84476420	131329	0	-1	-1	-1
20200122-233904	ItemAdd	4087633934	an	ioNaruto	799		1	100	1563	2837			0		0	0	0	0	L¨ng Ba Vi Bé toµn t	0	112	158	0	1649763839	2020-01-22 23:39:04	0	0	10240	0	-1	-1	-1
20200122-234043	ItemConsume	ExpendIdx	an	ioNaruto	799		3	100	1571	2827			0		0	0	0	0	Kinh M¹ch §ång Nh©n	2	1	30730	42	-1267418075	2020-01-22 23:26:37	1073676288	1073676288	1073676288	0	2	3	0
20200122-234043	custom_award	CustomAward.CostOne	an	ioNaruto	799		3	100	1571	2827			0		1503	0	0	0	Kinh M¹ch §ång Nh©n	2	1	30730	3	1503	1970-01-01 08:00:00	0	0	0	0	-1	-1	-1
20200122-234051	ItemConsume	ExpendIdx	an	ioNaruto	799		3	100	1571	2827			0		0	0	0	0	Kinh M¹ch §ång Nh©n	2	1	30730	39	-1267418075	2020-01-22 23:26:37	1073676288	1073676288	1073676288	0	2	3	0
20200122-234051	custom_award	CustomAward.CostOne	an	ioNaruto	799		3	100	1571	2827			0		1503	0	0	0	Kinh M¹ch §ång Nh©n	2	1	30730	3	1503	1970-01-01 08:00:00	0	0	0	0	-1	-1	-1
20200122-234057	ItemConsume	ExpendIdx	an	ioNaruto	799		3	100	1571	2827			0		0	0	0	0	Kinh M¹ch §ång Nh©n	2	1	30730	36	-1267418075	2020-01-22 23:26:37	1073676288	1073676288	1073676288	0	2	3	0
20200122-234057	custom_award	CustomAward.CostOne	an	ioNaruto	799		3	100	1571	2827			0		1503	0	0	0	Kinh M¹ch §ång Nh©n	2	1	30730	3	1503	1970-01-01 08:00:00	0	0	0	0	-1	-1	-1
20200122-234115	ItemConsume	ExpendIdx	an	ioNaruto	799		3	100	1571	2827			0		0	0	0	0	Kinh M¹ch §ång Nh©n	2	1	30730	33	-1267418075	2020-01-22 23:26:37	1073676288	1073676288	1073676288	0	2	3	0
20200122-234115	custom_award	CustomAward.CostOne	an	ioNaruto	799		3	100	1571	2827			0		1503	0	0	0	Kinh M¹ch §ång Nh©n	2	1	30730	3	1503	1970-01-01 08:00:00	0	0	0	0	-1	-1	-1
20200122-234119	ItemConsume	ExpendIdx	an	ioNaruto	799		3	100	1571	2827			0		0	0	0	0	Kinh M¹ch §ång Nh©n	2	1	30730	30	-1267418075	2020-01-22 23:26:37	1073676288	1073676288	1073676288	0	2	3	0
20200122-234119	custom_award	CustomAward.CostOne	an	ioNaruto	799		3	100	1571	2827			0		1503	0	0	0	Kinh M¹ch §ång Nh©n	2	1	30730	3	1503	1970-01-01 08:00:00	0	0	0	0	-1	-1	-1
20200122-234129	ItemConsume	ExpendIdx	an	ioNaruto	799		3	100	1571	2827			0		0	0	0	0	Kinh M¹ch §ång Nh©n	2	1	30730	27	-1267418075	2020-01-22 23:26:37	1073676288	1073676288	1073676288	0	2	3	0
20200122-234129	custom_award	CustomAward.CostOne	an	ioNaruto	799		3	100	1571	2827			0		1503	0	0	0	Kinh M¹ch §ång Nh©n	2	1	30730	3	1503	1970-01-01 08:00:00	0	0	0	0	-1	-1	-1
20200122-234134	ItemConsume	ExpendIdx	an	ioNaruto	799		3	100	1571	2827			0		0	0	0	0	Kinh M¹ch §ång Nh©n	2	1	30730	24	-1267418075	2020-01-22 23:26:37	1073676288	1073676288	1073676288	0	2	3	0
20200122-234134	custom_award	CustomAward.CostOne	an	ioNaruto	799		3	100	1571	2827			0		1503	0	0	0	Kinh M¹ch §ång Nh©n	2	1	30730	3	1503	1970-01-01 08:00:00	0	0	0	0	-1	-1	-1
20200122-234218	ItemConsume	ExpendIdx	an	ioNaruto	799		3	100	1571	2827			0		0	0	0	0	Kinh M¹ch §ång Nh©n	2	1	30730	21	-1267418075	2020-01-22 23:26:37	1073676288	1073676288	1073676288	0	2	3	0
20200122-234218	custom_award	CustomAward.CostOne	an	ioNaruto	799		3	100	1571	2827			0		1503	0	0	0	Kinh M¹ch §ång Nh©n	2	1	30730	3	1503	1970-01-01 08:00:00	0	0	0	0	-1	-1	-1
20200122-234225	ItemConsume	ExpendIdx	an	ioNaruto	799		3	100	1571	2827			0		0	0	0	0	Kinh M¹ch §ång Nh©n	2	1	30730	18	-1267418075	2020-01-22 23:26:37	1073676288	1073676288	1073676288	0	2	3	0
20200122-234225	custom_award	CustomAward.CostOne	an	ioNaruto	799		3	100	1571	2827			0		1503	0	0	0	Kinh M¹ch §ång Nh©n	2	1	30730	3	1503	1970-01-01 08:00:00	0	0	0	0	-1	-1	-1
20200122-234230	ItemConsume	ExpendIdx	an	ioNaruto	799		3	100	1571	2827			0		0	0	0	0	Kinh M¹ch §ång Nh©n	2	1	30730	15	-1267418075	2020-01-22 23:26:37	1073676288	1073676288	1073676288	0	2	3	0
20200122-234230	custom_award	CustomAward.CostOne	an	ioNaruto	799		3	100	1571	2827			0		1503	0	0	0	Kinh M¹ch §ång Nh©n	2	1	30730	3	1503	1970-01-01 08:00:00	0	0	0	0	-1	-1	-1
20200122-234237	ItemConsume	ExpendIdx	an	ioNaruto	799		3	100	1571	2827			0		0	0	0	0	Kinh M¹ch §ång Nh©n	2	1	30730	12	-1267418075	2020-01-22 23:26:37	1073676288	1073676288	1073676288	0	2	3	0
20200122-234237	custom_award	CustomAward.CostOne	an	ioNaruto	799		3	100	1571	2827			0		1503	0	0	0	Kinh M¹ch §ång Nh©n	2	1	30730	3	1503	1970-01-01 08:00:00	0	0	0	0	-1	-1	-1
20200122-234254	ItemConsume	ExpendIdx	an	ioNaruto	799		3	100	1571	2827			0		0	0	0	0	Kinh M¹ch §ång Nh©n	2	1	30730	9	-1267418075	2020-01-22 23:26:37	1073676288	1073676288	1073676288	0	2	3	0
20200122-234254	custom_award	CustomAward.CostOne	an	ioNaruto	799		3	100	1571	2827			0		1503	0	0	0	Kinh M¹ch §ång Nh©n	2	1	30730	3	1503	1970-01-01 08:00:00	0	0	0	0	-1	-1	-1
20200122-234317	ItemConsume	ExpendIdx	an	ioNaruto	799		3	100	1571	2827			0		0	0	0	0	Kinh M¹ch §ång Nh©n	2	1	30730	6	-1267418075	2020-01-22 23:26:37	1073676288	1073676288	1073676288	0	2	3	0
20200122-234317	custom_award	CustomAward.CostOne	an	ioNaruto	799		3	100	1571	2827			0		1503	0	0	0	Kinh M¹ch §ång Nh©n	2	1	30730	3	1503	1970-01-01 08:00:00	0	0	0	0	-1	-1	-1
20200122-234324	ItemConsume	ExpendIdx	an	ioNaruto	799		3	100	1571	2827			0		0	0	0	0	Kinh M¹ch §ång Nh©n	2	1	30730	3	-1267418075	2020-01-22 23:26:37	1073676288	1073676288	1073676288	0	2	3	0
20200122-234324	custom_award	CustomAward.CostOne	an	ioNaruto	799		3	100	1571	2827			0		1503	0	0	0	Kinh M¹ch §ång Nh©n	2	1	30730	3	1503	1970-01-01 08:00:00	0	0	0	0	-1	-1	-1
20200122-234344	ItemConsume	ExpendIdx	an	ioNaruto	799		3	100	1571	2827			0		0	0	0	0	Kinh M¹ch §ång Nh©n	2	1	30730	3	-1267418075	2020-01-22 23:26:37	1073676288	1073676288	1073676288	0	2	3	0
20200122-234344	custom_award	CustomAward.CostOne	an	ioNaruto	799		3	100	1571	2827			0		1503	0	0	0	Kinh M¹ch §ång Nh©n	2	1	30730	3	1503	1970-01-01 08:00:00	0	0	0	0	-1	-1	-1
20200122-234349	ItemConsume	ExpendIdx	an	ioNaruto	799		3	100	1571	2827			0		0	0	0	0	Kinh M¹ch §ång Nh©n	2	1	30730	97	-1216623468	2020-01-22 23:26:27	1073676288	1073676288	1073676288	0	2	2	0
20200122-234349	custom_award	CustomAward.CostOne	an	ioNaruto	799		3	100	1571	2827			0		1503	0	0	0	Kinh M¹ch §ång Nh©n	2	1	30730	3	1503	1970-01-01 08:00:00	0	0	0	0	-1	-1	-1
20200122-234353	ItemConsume	ExpendIdx	an	ioNaruto	799		3	100	1571	2827			0		0	0	0	0	Kinh M¹ch §ång Nh©n	2	1	30730	94	-1216623468	2020-01-22 23:26:27	1073676288	1073676288	1073676288	0	2	2	0
20200122-234353	custom_award	CustomAward.CostOne	an	ioNaruto	799		3	100	1571	2827			0		1503	0	0	0	Kinh M¹ch §ång Nh©n	2	1	30730	3	1503	1970-01-01 08:00:00	0	0	0	0	-1	-1	-1
20200122-234358	ItemConsume	ExpendIdx	an	ioNaruto	799		3	100	1571	2827			0		0	0	0	0	Kinh M¹ch §ång Nh©n	2	1	30730	91	-1216623468	2020-01-22 23:26:27	1073676288	1073676288	1073676288	0	2	2	0
20200122-234358	custom_award	CustomAward.CostOne	an	ioNaruto	799		3	100	1571	2827			0		1503	0	0	0	Kinh M¹ch §ång Nh©n	2	1	30730	3	1503	1970-01-01 08:00:00	0	0	0	0	-1	-1	-1
20200122-234403	ItemConsume	ExpendIdx	an	ioNaruto	799		3	100	1571	2827			0		0	0	0	0	Kinh M¹ch §ång Nh©n	2	1	30730	88	-1216623468	2020-01-22 23:26:27	1073676288	1073676288	1073676288	0	2	2	0
20200122-234403	custom_award	CustomAward.CostOne	an	ioNaruto	799		3	100	1571	2827			0		1503	0	0	0	Kinh M¹ch §ång Nh©n	2	1	30730	3	1503	1970-01-01 08:00:00	0	0	0	0	-1	-1	-1
20200122-234409	ItemConsume	ExpendIdx	an	ioNaruto	799		3	100	1571	2827			0		0	0	0	0	Kinh M¹ch §ång Nh©n	2	1	30730	85	-1216623468	2020-01-22 23:26:27	1073676288	1073676288	1073676288	0	2	2	0
20200122-234409	custom_award	CustomAward.CostOne	an	ioNaruto	799		3	100	1571	2827			0		1503	0	0	0	Kinh M¹ch §ång Nh©n	2	1	30730	3	1503	1970-01-01 08:00:00	0	0	0	0	-1	-1	-1
20200122-234423	ItemConsume	ExpendIdx	an	ioNaruto	799		3	100	1571	2827			0		0	0	0	0	Kinh M¹ch §ång Nh©n	2	1	30730	82	-1216623468	2020-01-22 23:26:27	1073676288	1073676288	1073676288	0	2	2	0
20200122-234423	custom_award	CustomAward.CostOne	an	ioNaruto	799		3	100	1571	2827			0		1503	0	0	0	Kinh M¹ch §ång Nh©n	2	1	30730	3	1503	1970-01-01 08:00:00	0	0	0	0	-1	-1	-1
20200122-234922	ItemAdd	AddItem[NoScript|NoFunc]	an	ioNaruto	799		1	100	1424	2998			0		0	0	0	0	ThÊt TÞch-ngo¹i tran	0	108	30029	120	1166211739	2020-01-22 23:49:22	1930631168	1080440832	2048	0	-1	-1	-1
20200122-234940	ItemAdd	AddItem[NoScript|NoFunc]	an	ioNaruto	799		1	100	1424	2998			0		0	0	0	0	ThÊt TÞch-ngo¹i tran	0	109	30029	120	-1703326512	2020-01-22 23:49:40	1096165376	1096421376	1080440832	0	-1	-1	-1
20200122-235025	ItemAdd	AddItem[NoScript|NoFunc]	an	ioNaruto	799		1	100	1424	2998			0		0	0	0	0	Tiªu Dao Qu¸n (n©u)	0	108	472	100	-1112495028	2020-01-22 23:50:25	1096165376	1096421376	1080440832	0	-1	-1	-1
20200122-235035	ItemAdd	AddItem[NoScript|NoFunc]	an	ioNaruto	799		1	100	1424	2998			0		0	0	0	0	T­¬ng D­¬ng ®Çu kh«i	0	108	473	100	1313518137	2020-01-22 23:50:35	1096165376	1096421376	1080440832	0	-1	-1	-1
20200122-235048	ItemAdd	AddItem[NoScript|NoFunc]	an	ioNaruto	799		1	100	1427	3001			0		0	0	0	0	Tiªu Dao Th­êng (®en	0	109	473	300	668807056	2020-01-22 23:50:48	1096165376	1096421376	1080440832	0	-1	-1	-1
20200122-235118	ItemAdd	AddItem[NoScript|NoFunc]	an	ioNaruto	799		1	100	1427	3001			0		0	0	0	0	Tiªu Dao Th­êng (n©u	0	109	472	100	2040946942	2020-01-22 23:51:18	1096165376	1096421376	1080440832	0	-1	-1	-1
20200122-235155	ItemAdd	AddItem[NoScript|NoFunc]	an	ioNaruto	799		1	100	1427	3001			0		0	0	0	0	Tiªu Dao Th­êng (lôc	0	109	466	100	-1889353710	2020-01-22 23:51:55	1096165376	1096421376	1080440832	0	-1	-1	-1
20200122-235205	ItemAdd	AddItem[NoScript|NoFunc]	an	ioNaruto	799		1	100	1427	3001			0		0	0	0	0	Tiªu Dao Th­êng (n©u	0	109	467	100	-1328735312	2020-01-22 23:52:05	1096165376	1096421376	1080440832	0	-1	-1	-1
20200122-235225	ItemAdd	AddItem[NoScript|NoFunc]	an	ioNaruto	799		1	100	1427	3001			0		0	0	0	0	Tiªu Dao Th­êng (lôc	0	109	465	100	-1753217530	2020-01-22 23:52:25	1096165376	1096421376	1080440832	0	-1	-1	-1
20200122-235234	ItemAdd	AddItem[NoScript|NoFunc]	an	ioNaruto	799		1	100	1427	3001			0		0	0	0	0	Tiªu Dao Th­êng (lôc	0	109	464	100	-758134309	2020-01-22 23:52:34	1096165376	1096421376	1080440832	0	-1	-1	-1
20200122-235306	ItemAdd	AddItem[NoScript|NoFunc]	an	ioNaruto	799		1	100	1427	3001			0		0	0	0	0	Thµnh §« ®Çu kh«i ng	0	108	481	100	-1016604847	2020-01-22 23:53:06	1096165376	1096421376	1080440832	0	-1	-1	-1
20200122-235315	ItemAdd	AddItem[NoScript|NoFunc]	an	ioNaruto	799		1	100	1427	3001			0		0	0	0	0	Tiªu Dao Th­êng (n©u	0	109	481	300	-835724308	2020-01-22 23:53:15	1096165376	1096421376	1080440832	0	-1	-1	-1
20200122-235328	ItemAdd	AddItem[NoScript|NoFunc]	an	ioNaruto	799		1	100	1427	3001			0		0	0	0	0	Thµnh §« ®Çu kh«i ng	0	108	481	100	-1764861273	2020-01-22 23:53:28	1096165376	1096421376	1080440832	0	-1	-1	-1
20200122-235346	ItemAdd	AddItem[NoScript|NoFunc]	an	ioNaruto	799		1	100	1427	3001			0		0	0	0	0		0	107	481	0	23152460	2020-01-22 23:53:46	0	0	0	0	-1	-1	-1
20200122-235354	ItemAdd	AddItem[NoScript|NoFunc]	an	ioNaruto	799		1	100	1427	3001			0		0	0	0	0		0	110	481	0	1729621821	2020-01-22 23:53:54	1096165376	1096421376	1080440832	0	-1	-1	-1
20200122-235541	ItemAdd	AddItem[NoScript|NoFunc]	an	ioNaruto	799		1	100	1427	3001			0		0	0	0	0	Thµnh §« Th­îng y ng	0	109	491	100	1497376197	2020-01-22 23:55:41	1096165376	1096421376	1080440832	0	-1	-1	-1
